[createLobby] timeout waiting for #lobby visibility: page.waitForFunction: Timeout 10000ms exceeded.
[joinLobby] timeout waiting for #lobby visibility: page.waitForFunction: Timeout 10000ms exceeded.
{
  "url": "http://localhost:5174/",
  "ok": true,
  "ticketFile": "/home/matt/workspace/.autogame-worktrees/debug-tooling-time-scale-control-slow-mo-pause-behind-allow-stm5/tickets/debug-tooling-time-scale-control-slow-mo-pause-behind-allow-stm5/ticket.md",
  "capturePlanSource": "fallback",
  "capturePlanValid": true,
  "capturePlanAttempts": [],
  "capturePlanSummary": "Deterministic full-flow smoke capture: auth, lobby create/join, ready transition, movement, dodge/key-item with post-dodge cooldown probe.",
  "scenarios": [],
  "screenshots": [
    {
      "file": "01-initial.png",
      "player": "A",
      "description": "Both players in squad lobby."
    },
    {
      "file": "02-after-w.png",
      "player": "A",
      "description": "Gameplay after holding W."
    },
    {
      "file": "03-after-d.png",
      "player": "A",
      "description": "Gameplay after holding D."
    },
    {
      "file": "04-after-dodge.png",
      "player": "A",
      "description": "Gameplay after dodge roll with cooldown HUD."
    }
  ],
  "probes": [
    {
      "player": "A",
      "description": "After readying all players and entering gameplay.",
      "data": {
        "harnessState": {
          "debugScenario": null,
          "debugScenarioAllowed": true,
          "debugScenarioResult": null,
          "debugGodmodeResult": null,
          "debugTimeScale": 1,
          "debugTimeScaleResult": null,
          "debugTimeScaleAllowed": false,
          "objective": {
            "type": "defeat_enemies",
            "totalEnemies": 6,
            "activeEnemyCount": 2,
            "defeatedEnemies": 0,
            "label": "Initiate Vault: Sweep annex holding pens in scripted waves and breach the deeper vault wing."
          },
          "encounter": null,
          "bossEncounter": null,
          "runObjectiveComplete": false,
          "lastRunSummary": null,
          "sortieCompleteOverlayVisible": false,
          "myId": "2cefe259-28f0-4595-a930-b49e57f56dab",
          "selectedDeck": [
            "4e00641c-7d43-4866-8b78-dcf0af3c8ceb",
            "36a9318c-e011-444d-a781-06c6133399cb",
            "a5534ee7-26cd-4e63-bb57-78d1abffc05c",
            "bb68a373-f11b-4df9-8706-b990685f1ce2",
            "33001cf9-9e6c-4249-8280-72035f81a107",
            "0397c933-e450-4f0b-aaa3-1668b42989f7",
            "ba0276d4-2d29-45ee-9a59-f5863fc4abf2",
            "e3a7eaf3-c6a0-47e9-9f1b-26eb6e91a024",
            "7e6f7bb4-6656-4385-9e03-d3fd75bd91a1",
            "96e6cc7c-3ca8-48e9-b2e1-0b88f6ff904e",
            "266631ba-8478-427f-87a4-2a3283cc5029",
            "77e74dad-59b3-4862-9e7c-35418e1cfbbf"
          ],
          "phase": "playing",
          "runStatus": "playing",
          "suspendedRunSummary": null,
          "extracted": false,
          "telepipe": null,
          "layout": {
            "profile": "crowded",
            "seed": 352369970,
            "roomCount": 10,
            "startRoom": {
              "x": -9,
              "z": 27,
              "role": "start"
            }
          },
          "connectionState": "connected",
          "sceneInitialized": true,
          "hasCanvas": true,
          "lobbyVisible": false,
          "lobbyMenuDismissed": true,
          "characterBoothOpen": false,
          "deckEditorVisible": false,
          "runId": "0c001799-54f4-465a-95c4-d786d36a4042",
          "resumeBtnUsable": false,
          "abandonRunBtnUsable": false,
          "cardHandVisible": true,
          "status": "Latency: 0ms",
          "hpText": "80/100",
          "msText": "49/99",
          "currencyText": "Money 0",
          "currency": 0,
          "player": {
            "hp": 80,
            "magicStones": 49.84500000000043,
            "currency": 0,
            "debugGodmode": false,
            "dead": false,
            "x": -9,
            "y": 0.5,
            "z": 27,
            "equippedKeyItemId": "dodge_roll",
            "keyItemCooldownRemaining": 0,
            "cardUseState": null,
            "cardWindupUntil": 0,
            "cardWindupCardId": null,
            "slowedUntil": 0,
            "burningUntil": 0,
            "slowActive": false,
            "burnActive": false
          },
          "windupFlashing": false,
          "keyItemIndicatorOnCooldown": false,
          "keyItemIndicatorText": "",
          "players": 2,
          "squadmates": [
            {
              "id": "6cbbd36b-4a1c-4ed6-a9f0-8b1326533a84",
              "x": -6,
              "z": 27
            }
          ],
          "enemies": 2,
          "enemyHp": [
            {
              "id": "ee2ed7f7-4266-4a42-8bc2-d578f72ec981",
              "hp": 100,
              "maxHp": 100,
              "type": "grunt",
              "spawnedBy": null,
              "x": -9,
              "z": 27,
              "slowedUntil": 0,
              "burningUntil": 0,
              "frozenUntil": 0,
              "slowActive": false,
              "burnActive": false
            },
            {
              "id": "580b4fad-0e6e-44ed-86ec-307489a61161",
              "hp": 100,
              "maxHp": 100,
              "type": "grunt",
              "spawnedBy": null,
              "x": -8.866656090365723,
              "z": 28.069192429538816,
              "slowedUntil": 0,
              "burningUntil": 0,
              "frozenUntil": 0,
              "slowActive": false,
              "burnActive": false
            }
          ],
          "minions": [],
          "hand": [
            {
              "id": "battle_familiar",
              "name": "Signal Familiar",
              "type": "spell",
              "remainingCharges": 1,
              "charges": 1,
              "activeMinionId": null,
              "burnMaxTtl": null,
              "burnLabel": "1/1",
              "creatureBurning": false,
              "isEvolved": false
            },
            {
              "id": "battle_familiar",
              "name": "Signal Familiar",
              "type": "spell",
              "remainingCharges": 1,
              "charges": 1,
              "activeMinionId": null,
              "burnMaxTtl": null,
              "burnLabel": "1/1",
              "creatureBurning": false,
              "isEvolved": false
            },
            null,
            {
              "id": "flame_blade",
              "name": "Solar Edge",
              "type": "weapon",
              "remainingCharges": 2,
              "charges": 2,
              "activeMinionId": null,
              "burnMaxTtl": null,
              "burnLabel": "2/2",
              "creatureBurning": false,
              "isEvolved": false
            },
            {
              "id": "iron_sword",
              "name": "Rust-Forged Saber",
              "type": "weapon",
              "remainingCharges": 5,
              "charges": 5,
              "activeMinionId": null,
              "burnMaxTtl": null,
              "burnLabel": "5/5",
              "creatureBurning": false,
              "isEvolved": false
            },
            null
          ],
          "inventory": [
            {
              "instanceId": "4e00641c-7d43-4866-8b78-dcf0af3c8ceb",
              "cardId": "iron_sword",
              "grind": 0
            },
            {
              "instanceId": "36a9318c-e011-444d-a781-06c6133399cb",
              "cardId": "flame_blade",
              "grind": 0
            },
            {
              "instanceId": "a5534ee7-26cd-4e63-bb57-78d1abffc05c",
              "cardId": "battle_familiar",
              "grind": 0
            },
            {
              "instanceId": "bb68a373-f11b-4df9-8706-b990685f1ce2",
              "cardId": "dungeon_drake",
              "grind": 0
            },
            {
              "instanceId": "33001cf9-9e6c-4249-8280-72035f81a107",
              "cardId": "iron_sword",
              "grind": 0
            },
            {
              "instanceId": "0397c933-e450-4f0b-aaa3-1668b42989f7",
              "cardId": "iron_sword",
              "grind": 0
            },
            {
              "instanceId": "ba0276d4-2d29-45ee-9a59-f5863fc4abf2",
              "cardId": "iron_sword",
              "grind": 0
            },
            {
              "instanceId": "e3a7eaf3-c6a0-47e9-9f1b-26eb6e91a024",
              "cardId": "battle_familiar",
              "grind": 0
            },
            {
              "instanceId": "7e6f7bb4-6656-4385-9e03-d3fd75bd91a1",
              "cardId": "battle_familiar",
              "grind": 0
            },
            {
              "instanceId": "96e6cc7c-3ca8-48e9-b2e1-0b88f6ff904e",
              "cardId": "flame_blade",
              "grind": 0
            },
            {
              "instanceId": "266631ba-8478-427f-87a4-2a3283cc5029",
              "cardId": "flame_blade",
              "grind": 0
            },
            {
              "instanceId": "77e74dad-59b3-4862-9e7c-35418e1cfbbf",
              "cardId": "dungeon_drake",
              "grind": 0
            }
          ],
          "lastEvolutionResult": null
        },
        "keyItemIndicatorOnCooldown": false,
        "keyItemIndicatorText": "\n        \n        Dodge Roll\n        E\n        \n      ",
        "keyItemCooldownRemaining": 0,
        "status": "Latency: 0ms",
        "hasCanvas": true,
        "canvasCount": 2,
        "lobbyVisible": false,
        "cardHandVisible": true,
        "title": "Void Grimoire",
        "bodyText": "👤\nLv\n🔊\n⚙\n2C\nLV\n1\nHP\n80/100\nMS\n49/99\nDeck: 8/12\n⟡ 5\n✦ 1\n🐉 2\n✨ 0\nMoney 0\nLatency: 0ms\nDodge Roll\nE\nInitiate Vault\nPurged 0 / 6 hostiles\n01\nRewa: Rewa on channel. Move with WASD, close on the opening grunts, and strike with your melee weapon to start the sweep.\nClick to attack · press 1–6 to cast cards\n1\n✦\nSignal Familiar\n50 MS\n1/1\n2\n✦\nSignal Familiar\n50 MS\n1/1\n4\n⚔\nSolar Edge\n650ms wind-up\n2/2\n5\n⚔\nRust-Forged Saber\n5/5\nRewa: Rewa on channel. Move with WASD, close on the opening grunts, and strike with your melee weapon to start the sweep.\nANNEX LIAISON KADE\nEntry annex is live. Close with WASD and strike with your melee weapon — two grunts block the bulkhead."
      }
    },
    {
      "player": "A",
      "description": "After dodge roll — cooldown HUD should be active.",
      "data": {
        "harnessState": {
          "debugScenario": null,
          "debugScenarioAllowed": true,
          "debugScenarioResult": null,
          "debugGodmodeResult": null,
          "debugTimeScale": 1,
          "debugTimeScaleResult": null,
          "debugTimeScaleAllowed": false,
          "objective": {
            "type": "defeat_enemies",
            "totalEnemies": 6,
            "activeEnemyCount": 2,
            "defeatedEnemies": 0,
            "label": "Initiate Vault: Sweep annex holding pens in scripted waves and breach the deeper vault wing."
          },
          "encounter": null,
          "bossEncounter": null,
          "runObjectiveComplete": false,
          "lastRunSummary": null,
          "sortieCompleteOverlayVisible": false,
          "myId": "2cefe259-28f0-4595-a930-b49e57f56dab",
          "selectedDeck": [
            "4e00641c-7d43-4866-8b78-dcf0af3c8ceb",
            "36a9318c-e011-444d-a781-06c6133399cb",
            "a5534ee7-26cd-4e63-bb57-78d1abffc05c",
            "bb68a373-f11b-4df9-8706-b990685f1ce2",
            "33001cf9-9e6c-4249-8280-72035f81a107",
            "0397c933-e450-4f0b-aaa3-1668b42989f7",
            "ba0276d4-2d29-45ee-9a59-f5863fc4abf2",
            "e3a7eaf3-c6a0-47e9-9f1b-26eb6e91a024",
            "7e6f7bb4-6656-4385-9e03-d3fd75bd91a1",
            "96e6cc7c-3ca8-48e9-b2e1-0b88f6ff904e",
            "266631ba-8478-427f-87a4-2a3283cc5029",
            "77e74dad-59b3-4862-9e7c-35418e1cfbbf"
          ],
          "phase": "playing",
          "runStatus": "playing",
          "suspendedRunSummary": null,
          "extracted": false,
          "telepipe": null,
          "layout": {
            "profile": "crowded",
            "seed": 352369970,
            "roomCount": 10,
            "startRoom": {
              "x": -9,
              "z": 27,
              "role": "start"
            }
          },
          "connectionState": "connected",
          "sceneInitialized": true,
          "hasCanvas": true,
          "lobbyVisible": false,
          "lobbyMenuDismissed": true,
          "characterBoothOpen": false,
          "deckEditorVisible": false,
          "runId": "0c001799-54f4-465a-95c4-d786d36a4042",
          "resumeBtnUsable": false,
          "abandonRunBtnUsable": false,
          "cardHandVisible": true,
          "status": "Latency: 1ms",
          "hpText": "60/100",
          "msText": "50/99",
          "currencyText": "Money 0",
          "currency": 0,
          "player": {
            "hp": 60,
            "magicStones": 50.380000000000706,
            "currency": 0,
            "debugGodmode": false,
            "dead": false,
            "x": -7.65,
            "y": 0.5,
            "z": 19,
            "equippedKeyItemId": "dodge_roll",
            "keyItemCooldownRemaining": 347,
            "cardUseState": null,
            "cardWindupUntil": 0,
            "cardWindupCardId": null,
            "slowedUntil": 0,
            "burningUntil": 0,
            "slowActive": false,
            "burnActive": false
          },
          "windupFlashing": false,
          "keyItemIndicatorOnCooldown": true,
          "keyItemIndicatorText": "0.3",
          "players": 2,
          "squadmates": [
            {
              "id": "6cbbd36b-4a1c-4ed6-a9f0-8b1326533a84",
              "x": -6,
              "z": 27
            }
          ],
          "enemies": 2,
          "enemyHp": [
            {
              "id": "ee2ed7f7-4266-4a42-8bc2-d578f72ec981",
              "hp": 100,
              "maxHp": 100,
              "type": "grunt",
              "spawnedBy": null,
              "x": -9,
              "z": 27,
              "slowedUntil": 0,
              "burningUntil": 0,
              "frozenUntil": 0,
              "slowActive": false,
              "burnActive": false
            },
            {
              "id": "580b4fad-0e6e-44ed-86ec-307489a61161",
              "hp": 100,
              "maxHp": 100,
              "type": "grunt",
              "spawnedBy": null,
              "x": -8.866656090365723,
              "z": 28.069192429538816,
              "slowedUntil": 0,
              "burningUntil": 0,
              "frozenUntil": 0,
              "slowActive": false,
              "burnActive": false
            }
          ],
          "minions": [],
          "hand": [
            {
              "id": "battle_familiar",
              "name": "Signal Familiar",
              "type": "spell",
              "remainingCharges": 1,
              "charges": 1,
              "activeMinionId": null,
              "burnMaxTtl": null,
              "burnLabel": "1/1",
              "creatureBurning": false,
              "isEvolved": false
            },
            {
              "id": "battle_familiar",
              "name": "Signal Familiar",
              "type": "spell",
              "remainingCharges": 1,
              "charges": 1,
              "activeMinionId": null,
              "burnMaxTtl": null,
              "burnLabel": "1/1",
              "creatureBurning": false,
              "isEvolved": false
            },
            {
              "id": "iron_sword",
              "name": "Rust-Forged Saber",
              "type": "weapon",
              "remainingCharges": 5,
              "charges": 5,
              "activeMinionId": null,
              "burnMaxTtl": null,
              "burnLabel": "5/5",
              "creatureBurning": false,
              "isEvolved": false
            },
            {
              "id": "flame_blade",
              "name": "Solar Edge",
              "type": "weapon",
              "remainingCharges": 2,
              "charges": 2,
              "activeMinionId": null,
              "burnMaxTtl": null,
              "burnLabel": "2/2",
              "creatureBurning": false,
              "isEvolved": false
            },
            {
              "id": "iron_sword",
              "name": "Rust-Forged Saber",
              "type": "weapon",
              "remainingCharges": 5,
              "charges": 5,
              "activeMinionId": null,
              "burnMaxTtl": null,
              "burnLabel": "5/5",
              "creatureBurning": false,
              "isEvolved": false
            },
            null
          ],
          "inventory": [
            {
              "instanceId": "4e00641c-7d43-4866-8b78-dcf0af3c8ceb",
              "cardId": "iron_sword",
              "grind": 0
            },
            {
              "instanceId": "36a9318c-e011-444d-a781-06c6133399cb",
              "cardId": "flame_blade",
              "grind": 0
            },
            {
              "instanceId": "a5534ee7-26cd-4e63-bb57-78d1abffc05c",
              "cardId": "battle_familiar",
              "grind": 0
            },
            {
              "instanceId": "bb68a373-f11b-4df9-8706-b990685f1ce2",
              "cardId": "dungeon_drake",
              "grind": 0
            },
            {
              "instanceId": "33001cf9-9e6c-4249-8280-72035f81a107",
              "cardId": "iron_sword",
              "grind": 0
            },
            {
              "instanceId": "0397c933-e450-4f0b-aaa3-1668b42989f7",
              "cardId": "iron_sword",
              "grind": 0
            },
            {
              "instanceId": "ba0276d4-2d29-45ee-9a59-f5863fc4abf2",
              "cardId": "iron_sword",
              "grind": 0
            },
            {
              "instanceId": "e3a7eaf3-c6a0-47e9-9f1b-26eb6e91a024",
              "cardId": "battle_familiar",
              "grind": 0
            },
            {
              "instanceId": "7e6f7bb4-6656-4385-9e03-d3fd75bd91a1",
              "cardId": "battle_familiar",
              "grind": 0
            },
            {
              "instanceId": "96e6cc7c-3ca8-48e9-b2e1-0b88f6ff904e",
              "cardId": "flame_blade",
              "grind": 0
            },
            {
              "instanceId": "266631ba-8478-427f-87a4-2a3283cc5029",
              "cardId": "flame_blade",
              "grind": 0
            },
            {
              "instanceId": "77e74dad-59b3-4862-9e7c-35418e1cfbbf",
              "cardId": "dungeon_drake",
              "grind": 0
            }
          ],
          "lastEvolutionResult": null
        },
        "keyItemIndicatorOnCooldown": true,
        "keyItemIndicatorText": "\n        \n        Dodge Roll\n        E\n        0.3\n      ",
        "keyItemCooldownRemaining": 347,
        "status": "Latency: 1ms",
        "hasCanvas": true,
        "canvasCount": 2,
        "lobbyVisible": false,
        "cardHandVisible": true,
        "title": "Void Grimoire",
        "bodyText": "👤\nLv\n🔊\n⚙\n2C\nLV\n1\nHP\n60/100\nMS\n50/99\nDeck: 7/12\n⟡ 4\n✦ 1\n🐉 2\n✨ 0\nMoney 0\nLatency: 1ms\nDodge Roll\nE\n0.3\nInitiate Vault\nPurged 0 / 6 hostiles\n01\nRewa: Rewa on channel. Move with WASD, close on the opening grunts, and strike with your melee weapon to start the sweep.\nClick to attack · press 1–6 to cast cards\n1\n✦\nSignal Familiar\n50 MS\n1/1\n2\n✦\nSignal Familiar\n50 MS\n1/1\n3\n⚔\nRust-Forged Saber\n5/5\n4\n⚔\nSolar Edge\n650ms wind-up\n2/2\n5\n⚔\nRust-Forged Saber\n5/5"
      }
    },
    {
      "player": "A",
      "description": "Final capture probe.",
      "data": {
        "harnessState": {
          "debugScenario": null,
          "debugScenarioAllowed": true,
          "debugScenarioResult": null,
          "debugGodmodeResult": null,
          "debugTimeScale": 1,
          "debugTimeScaleResult": null,
          "debugTimeScaleAllowed": false,
          "objective": {
            "type": "defeat_enemies",
            "totalEnemies": 6,
            "activeEnemyCount": 2,
            "defeatedEnemies": 0,
            "label": "Initiate Vault: Sweep annex holding pens in scripted waves and breach the deeper vault wing."
          },
          "encounter": null,
          "bossEncounter": null,
          "runObjectiveComplete": false,
          "lastRunSummary": null,
          "sortieCompleteOverlayVisible": false,
          "myId": "2cefe259-28f0-4595-a930-b49e57f56dab",
          "selectedDeck": [
            "4e00641c-7d43-4866-8b78-dcf0af3c8ceb",
            "36a9318c-e011-444d-a781-06c6133399cb",
            "a5534ee7-26cd-4e63-bb57-78d1abffc05c",
            "bb68a373-f11b-4df9-8706-b990685f1ce2",
            "33001cf9-9e6c-4249-8280-72035f81a107",
            "0397c933-e450-4f0b-aaa3-1668b42989f7",
            "ba0276d4-2d29-45ee-9a59-f5863fc4abf2",
            "e3a7eaf3-c6a0-47e9-9f1b-26eb6e91a024",
            "7e6f7bb4-6656-4385-9e03-d3fd75bd91a1",
            "96e6cc7c-3ca8-48e9-b2e1-0b88f6ff904e",
            "266631ba-8478-427f-87a4-2a3283cc5029",
            "77e74dad-59b3-4862-9e7c-35418e1cfbbf"
          ],
          "phase": "playing",
          "runStatus": "playing",
          "suspendedRunSummary": null,
          "extracted": false,
          "telepipe": null,
          "layout": {
            "profile": "crowded",
            "seed": 352369970,
            "roomCount": 10,
            "startRoom": {
              "x": -9,
              "z": 27,
              "role": "start"
            }
          },
          "connectionState": "connected",
          "sceneInitialized": true,
          "hasCanvas": true,
          "lobbyVisible": false,
          "lobbyMenuDismissed": true,
          "characterBoothOpen": false,
          "deckEditorVisible": false,
          "runId": "0c001799-54f4-465a-95c4-d786d36a4042",
          "resumeBtnUsable": false,
          "abandonRunBtnUsable": false,
          "cardHandVisible": true,
          "status": "Latency: 1ms",
          "hpText": "60/100",
          "msText": "50/99",
          "currencyText": "Money 0",
          "currency": 0,
          "player": {
            "hp": 60,
            "magicStones": 50.435000000000734,
            "currency": 0,
            "debugGodmode": false,
            "dead": false,
            "x": -7.65,
            "y": 0.5,
            "z": 19,
            "equippedKeyItemId": "dodge_roll",
            "keyItemCooldownRemaining": 0,
            "cardUseState": null,
            "cardWindupUntil": 0,
            "cardWindupCardId": null,
            "slowedUntil": 0,
            "burningUntil": 0,
            "slowActive": false,
            "burnActive": false
          },
          "windupFlashing": false,
          "keyItemIndicatorOnCooldown": false,
          "keyItemIndicatorText": "",
          "players": 2,
          "squadmates": [
            {
              "id": "6cbbd36b-4a1c-4ed6-a9f0-8b1326533a84",
              "x": -6,
              "z": 27
            }
          ],
          "enemies": 2,
          "enemyHp": [
            {
              "id": "ee2ed7f7-4266-4a42-8bc2-d578f72ec981",
              "hp": 100,
              "maxHp": 100,
              "type": "grunt",
              "spawnedBy": null,
              "x": -9,
              "z": 27,
              "slowedUntil": 0,
              "burningUntil": 0,
              "frozenUntil": 0,
              "slowActive": false,
              "burnActive": false
            },
            {
              "id": "580b4fad-0e6e-44ed-86ec-307489a61161",
              "hp": 100,
              "maxHp": 100,
              "type": "grunt",
              "spawnedBy": null,
              "x": -8.866656090365723,
              "z": 28.069192429538816,
              "slowedUntil": 0,
              "burningUntil": 0,
              "frozenUntil": 0,
              "slowActive": false,
              "burnActive": false
            }
          ],
          "minions": [],
          "hand": [
            {
              "id": "battle_familiar",
              "name": "Signal Familiar",
              "type": "spell",
              "remainingCharges": 1,
              "charges": 1,
              "activeMinionId": null,
              "burnMaxTtl": null,
              "burnLabel": "1/1",
              "creatureBurning": false,
              "isEvolved": false
            },
            {
              "id": "battle_familiar",
              "name": "Signal Familiar",
              "type": "spell",
              "remainingCharges": 1,
              "charges": 1,
              "activeMinionId": null,
              "burnMaxTtl": null,
              "burnLabel": "1/1",
              "creatureBurning": false,
              "isEvolved": false
            },
            {
              "id": "iron_sword",
              "name": "Rust-Forged Saber",
              "type": "weapon",
              "remainingCharges": 5,
              "charges": 5,
              "activeMinionId": null,
              "burnMaxTtl": null,
              "burnLabel": "5/5",
              "creatureBurning": false,
              "isEvolved": false
            },
            {
              "id": "flame_blade",
              "name": "Solar Edge",
              "type": "weapon",
              "remainingCharges": 2,
              "charges": 2,
              "activeMinionId": null,
              "burnMaxTtl": null,
              "burnLabel": "2/2",
              "creatureBurning": false,
              "isEvolved": false
            },
            {
              "id": "iron_sword",
              "name": "Rust-Forged Saber",
              "type": "weapon",
              "remainingCharges": 5,
              "charges": 5,
              "activeMinionId": null,
              "burnMaxTtl": null,
              "burnLabel": "5/5",
              "creatureBurning": false,
              "isEvolved": false
            },
            null
          ],
          "inventory": [
            {
              "instanceId": "4e00641c-7d43-4866-8b78-dcf0af3c8ceb",
              "cardId": "iron_sword",
              "grind": 0
            },
            {
              "instanceId": "36a9318c-e011-444d-a781-06c6133399cb",
              "cardId": "flame_blade",
              "grind": 0
            },
            {
              "instanceId": "a5534ee7-26cd-4e63-bb57-78d1abffc05c",
              "cardId": "battle_familiar",
              "grind": 0
            },
            {
              "instanceId": "bb68a373-f11b-4df9-8706-b990685f1ce2",
              "cardId": "dungeon_drake",
              "grind": 0
            },
            {
              "instanceId": "33001cf9-9e6c-4249-8280-72035f81a107",
              "cardId": "iron_sword",
              "grind": 0
            },
            {
              "instanceId": "0397c933-e450-4f0b-aaa3-1668b42989f7",
              "cardId": "iron_sword",
              "grind": 0
            },
            {
              "instanceId": "ba0276d4-2d29-45ee-9a59-f5863fc4abf2",
              "cardId": "iron_sword",
              "grind": 0
            },
            {
              "instanceId": "e3a7eaf3-c6a0-47e9-9f1b-26eb6e91a024",
              "cardId": "battle_familiar",
              "grind": 0
            },
            {
              "instanceId": "7e6f7bb4-6656-4385-9e03-d3fd75bd91a1",
              "cardId": "battle_familiar",
              "grind": 0
            },
            {
              "instanceId": "96e6cc7c-3ca8-48e9-b2e1-0b88f6ff904e",
              "cardId": "flame_blade",
              "grind": 0
            },
            {
              "instanceId": "266631ba-8478-427f-87a4-2a3283cc5029",
              "cardId": "flame_blade",
              "grind": 0
            },
            {
              "instanceId": "77e74dad-59b3-4862-9e7c-35418e1cfbbf",
              "cardId": "dungeon_drake",
              "grind": 0
            }
          ],
          "lastEvolutionResult": null
        },
        "keyItemIndicatorOnCooldown": false,
        "keyItemIndicatorText": "\n        \n        Dodge Roll\n        E\n        \n      ",
        "keyItemCooldownRemaining": 0,
        "status": "Latency: 1ms",
        "hasCanvas": true,
        "canvasCount": 2,
        "lobbyVisible": false,
        "cardHandVisible": true,
        "title": "Void Grimoire",
        "bodyText": "👤\nLv\n🔊\n⚙\n2C\nLV\n1\nHP\n60/100\nMS\n50/99\nDeck: 7/12\n⟡ 4\n✦ 1\n🐉 2\n✨ 0\nMoney 0\nLatency: 1ms\nDodge Roll\nE\nInitiate Vault\nPurged 0 / 6 hostiles\n01\nRewa: Rewa on channel. Move with WASD, close on the opening grunts, and strike with your melee weapon to start the sweep.\nClick to attack · press 1–6 to cast cards\n1\n✦\nSignal Familiar\n50 MS\n1/1\n2\n✦\nSignal Familiar\n50 MS\n1/1\n3\n⚔\nRust-Forged Saber\n5/5\n4\n⚔\nSolar Edge\n650ms wind-up\n2/2\n5\n⚔\nRust-Forged Saber\n5/5"
      }
    }
  ],
  "pageerrors": []
}
