[createLobby] timeout waiting for #lobby visibility: page.waitForFunction: Timeout 10000ms exceeded.
[joinLobby] timeout waiting for #lobby visibility: page.waitForFunction: Timeout 10000ms exceeded.
{
  "url": "http://localhost:5178/",
  "ok": true,
  "ticketFile": "/home/matt/workspace/.autogame-worktrees/client-renderhand-rebuilds-slot-innerhtml-on-every-state-upd-oqdr/tickets/client-renderhand-rebuilds-slot-innerhtml-on-every-state-upd-oqdr/ticket.md",
  "capturePlanSource": "fallback",
  "capturePlanValid": true,
  "capturePlanAttempts": [],
  "capturePlanSummary": "Deterministic full-flow smoke capture: auth, lobby create/join, ready transition, movement, dodge/key-item with post-dodge cooldown probe.",
  "scenarios": [],
  "screenshots": [
    {
      "file": "01-initial.png",
      "player": "A",
      "description": "Both players in squad lobby."
    },
    {
      "file": "02-after-w.png",
      "player": "A",
      "description": "Gameplay after holding W."
    },
    {
      "file": "03-after-d.png",
      "player": "A",
      "description": "Gameplay after holding D."
    },
    {
      "file": "04-after-dodge.png",
      "player": "A",
      "description": "Gameplay after dodge roll with cooldown HUD."
    }
  ],
  "probes": [
    {
      "player": "A",
      "description": "After readying all players and entering gameplay.",
      "data": {
        "harnessState": {
          "debugScenario": null,
          "debugScenarioAllowed": true,
          "debugScenarioResult": null,
          "debugGodmodeResult": null,
          "objective": {
            "type": "defeat_enemies",
            "totalEnemies": 6,
            "activeEnemyCount": 2,
            "defeatedEnemies": 0,
            "label": "Initiate Vault: Sweep annex holding pens in scripted waves and breach the deeper vault wing."
          },
          "encounter": null,
          "bossEncounter": null,
          "runObjectiveComplete": false,
          "lastRunSummary": null,
          "sortieCompleteOverlayVisible": false,
          "myId": "1a376b61-4829-409d-8cf2-fbc4b1f8272b",
          "selectedDeck": [
            "9fa11683-623d-49c7-8117-74687f438333",
            "b163251b-ebc9-4115-96ca-c91f9fea5a0d",
            "bf26ca15-f376-4a8f-9375-4d6f3b129233",
            "7f90a2d8-b9d4-483b-a360-2ed22308beba",
            "6aa98559-c4d4-4cb7-bbd2-01026a2114fe",
            "0e03727e-fc56-4b74-8516-179131cd5dfa",
            "9526e95b-7b88-4eed-ae18-6b527b38cad1",
            "cb5c294e-2890-47c9-b9b2-14d4766b3f10",
            "be12b504-2c11-4252-a39f-73f5fb12aed2",
            "b8adcc1d-6f1d-4355-9062-0bea35678d0f",
            "47849c23-ac5f-4281-86c7-caab48a3a90d",
            "065747ad-4672-4811-838b-963013ef19d6"
          ],
          "phase": "playing",
          "runStatus": "playing",
          "suspendedRunSummary": null,
          "extracted": false,
          "telepipe": null,
          "layout": {
            "profile": "crowded",
            "seed": 352369970,
            "roomCount": 10,
            "startRoom": {
              "x": -9,
              "z": 27,
              "role": "start"
            }
          },
          "connectionState": "connected",
          "sceneInitialized": true,
          "hasCanvas": true,
          "lobbyVisible": false,
          "lobbyMenuDismissed": true,
          "characterBoothOpen": false,
          "deckEditorVisible": false,
          "runId": "a831cfce-edec-4562-bbf8-95f92d20eb02",
          "resumeBtnUsable": false,
          "abandonRunBtnUsable": false,
          "cardHandVisible": true,
          "status": "Latency: 1ms",
          "hpText": "40/100",
          "msText": "50/99",
          "currencyText": "Money 0",
          "currency": 0,
          "player": {
            "hp": 40,
            "magicStones": 50.60000000000082,
            "currency": 0,
            "debugGodmode": false,
            "dead": false,
            "x": -9,
            "y": 0.5,
            "z": 27,
            "equippedKeyItemId": "dodge_roll",
            "keyItemCooldownRemaining": 0,
            "cardUseState": null,
            "cardWindupUntil": 0,
            "cardWindupCardId": null,
            "slowedUntil": 0,
            "burningUntil": 0,
            "slowActive": false,
            "burnActive": false
          },
          "windupFlashing": false,
          "keyItemIndicatorOnCooldown": false,
          "keyItemIndicatorText": "",
          "players": 2,
          "squadmates": [
            {
              "id": "9df9ba20-ac62-434f-b9e6-809123740376",
              "x": -6,
              "z": 27
            }
          ],
          "enemies": 2,
          "enemyHp": [
            {
              "id": "fc7274ed-8329-4124-9688-a40cb243626f",
              "hp": 100,
              "maxHp": 100,
              "type": "grunt",
              "spawnedBy": null,
              "x": -9,
              "z": 27,
              "slowedUntil": 0,
              "burningUntil": 0,
              "frozenUntil": 0,
              "slowActive": false,
              "burnActive": false
            },
            {
              "id": "955577f3-8331-42eb-bf51-58760f4ad3d7",
              "hp": 100,
              "maxHp": 100,
              "type": "grunt",
              "spawnedBy": null,
              "x": -8.866656090365723,
              "z": 28.069192429538816,
              "slowedUntil": 0,
              "burningUntil": 0,
              "frozenUntil": 0,
              "slowActive": false,
              "burnActive": false
            }
          ],
          "minions": [],
          "hand": [
            {
              "id": "battle_familiar",
              "name": "Signal Familiar",
              "type": "spell",
              "remainingCharges": 1,
              "charges": 1,
              "activeMinionId": null,
              "burnMaxTtl": null,
              "burnLabel": "1/1",
              "creatureBurning": false,
              "isEvolved": false
            },
            {
              "id": "flame_blade",
              "name": "Solar Edge",
              "type": "weapon",
              "remainingCharges": 2,
              "charges": 2,
              "activeMinionId": null,
              "burnMaxTtl": null,
              "burnLabel": "2/2",
              "creatureBurning": false,
              "isEvolved": false
            },
            null,
            {
              "id": "iron_sword",
              "name": "Rust-Forged Saber",
              "type": "weapon",
              "remainingCharges": 5,
              "charges": 5,
              "activeMinionId": null,
              "burnMaxTtl": null,
              "burnLabel": "5/5",
              "creatureBurning": false,
              "isEvolved": false
            },
            {
              "id": "dungeon_drake",
              "name": "Vault Wyrm",
              "type": "creature",
              "remainingCharges": 1,
              "charges": 1,
              "activeMinionId": null,
              "burnMaxTtl": null,
              "burnLabel": "1/1",
              "creatureBurning": false,
              "isEvolved": false,
              "specialEffect": "burning_breath"
            },
            null
          ],
          "inventory": [
            {
              "instanceId": "9fa11683-623d-49c7-8117-74687f438333",
              "cardId": "iron_sword",
              "grind": 0
            },
            {
              "instanceId": "b163251b-ebc9-4115-96ca-c91f9fea5a0d",
              "cardId": "flame_blade",
              "grind": 0
            },
            {
              "instanceId": "bf26ca15-f376-4a8f-9375-4d6f3b129233",
              "cardId": "battle_familiar",
              "grind": 0
            },
            {
              "instanceId": "7f90a2d8-b9d4-483b-a360-2ed22308beba",
              "cardId": "dungeon_drake",
              "grind": 0
            },
            {
              "instanceId": "6aa98559-c4d4-4cb7-bbd2-01026a2114fe",
              "cardId": "iron_sword",
              "grind": 0
            },
            {
              "instanceId": "0e03727e-fc56-4b74-8516-179131cd5dfa",
              "cardId": "iron_sword",
              "grind": 0
            },
            {
              "instanceId": "9526e95b-7b88-4eed-ae18-6b527b38cad1",
              "cardId": "iron_sword",
              "grind": 0
            },
            {
              "instanceId": "cb5c294e-2890-47c9-b9b2-14d4766b3f10",
              "cardId": "battle_familiar",
              "grind": 0
            },
            {
              "instanceId": "be12b504-2c11-4252-a39f-73f5fb12aed2",
              "cardId": "battle_familiar",
              "grind": 0
            },
            {
              "instanceId": "b8adcc1d-6f1d-4355-9062-0bea35678d0f",
              "cardId": "flame_blade",
              "grind": 0
            },
            {
              "instanceId": "47849c23-ac5f-4281-86c7-caab48a3a90d",
              "cardId": "flame_blade",
              "grind": 0
            },
            {
              "instanceId": "065747ad-4672-4811-838b-963013ef19d6",
              "cardId": "dungeon_drake",
              "grind": 0
            }
          ],
          "lastEvolutionResult": null
        },
        "keyItemIndicatorOnCooldown": false,
        "keyItemIndicatorText": "\n        \n        Dodge Roll\n        E\n        \n      ",
        "keyItemCooldownRemaining": 0,
        "status": "Latency: 1ms",
        "hasCanvas": true,
        "canvasCount": 2,
        "lobbyVisible": false,
        "cardHandVisible": true,
        "title": "Void Grimoire",
        "bodyText": "👤\nLv\n🔊\n⚙\n1A\nLV\n1\nHP\n40/100\nMS\n50/99\nDeck: 8/12\n⟡ 5\n✦ 2\n🐉 1\n✨ 0\nMoney 0\nLatency: 1ms\nDodge Roll\nE\nInitiate Vault\nPurged 0 / 6 hostiles\n01\nRewa: Rewa on channel. Move with WASD, close on the opening grunts, and strike with your melee weapon to start the sweep.\nClick to attack · press 1–6 to cast cards\n1\n✦\nSignal Familiar\n50 MS\n1/1\n2\n⚔\nSolar Edge\n650ms wind-up\n2/2\n4\n⚔\nRust-Forged Saber\n5/5\n5\n🐉\nVault Wyrm\nBURNING BREATH\n600ms wind-up\n1/1\nRewa: Rewa on channel. Move with WASD, close on the opening grunts, and strike with your melee weapon to start the sweep.\nANNEX LIAISON KADE\nEntry annex is live. Close with WASD and strike with your melee weapon — two grunts block the bulkhead."
      }
    },
    {
      "player": "A",
      "description": "After dodge roll — cooldown HUD should be active.",
      "data": {
        "harnessState": {
          "debugScenario": null,
          "debugScenarioAllowed": true,
          "debugScenarioResult": null,
          "debugGodmodeResult": null,
          "objective": {
            "type": "defeat_enemies",
            "totalEnemies": 6,
            "activeEnemyCount": 2,
            "defeatedEnemies": 0,
            "label": "Initiate Vault: Sweep annex holding pens in scripted waves and breach the deeper vault wing."
          },
          "encounter": null,
          "bossEncounter": null,
          "runObjectiveComplete": false,
          "lastRunSummary": null,
          "sortieCompleteOverlayVisible": false,
          "myId": "1a376b61-4829-409d-8cf2-fbc4b1f8272b",
          "selectedDeck": [
            "9fa11683-623d-49c7-8117-74687f438333",
            "b163251b-ebc9-4115-96ca-c91f9fea5a0d",
            "bf26ca15-f376-4a8f-9375-4d6f3b129233",
            "7f90a2d8-b9d4-483b-a360-2ed22308beba",
            "6aa98559-c4d4-4cb7-bbd2-01026a2114fe",
            "0e03727e-fc56-4b74-8516-179131cd5dfa",
            "9526e95b-7b88-4eed-ae18-6b527b38cad1",
            "cb5c294e-2890-47c9-b9b2-14d4766b3f10",
            "be12b504-2c11-4252-a39f-73f5fb12aed2",
            "b8adcc1d-6f1d-4355-9062-0bea35678d0f",
            "47849c23-ac5f-4281-86c7-caab48a3a90d",
            "065747ad-4672-4811-838b-963013ef19d6"
          ],
          "phase": "playing",
          "runStatus": "playing",
          "suspendedRunSummary": null,
          "extracted": false,
          "telepipe": null,
          "layout": {
            "profile": "crowded",
            "seed": 352369970,
            "roomCount": 10,
            "startRoom": {
              "x": -9,
              "z": 27,
              "role": "start"
            }
          },
          "connectionState": "connected",
          "sceneInitialized": true,
          "hasCanvas": true,
          "lobbyVisible": false,
          "lobbyMenuDismissed": true,
          "characterBoothOpen": false,
          "deckEditorVisible": false,
          "runId": "a831cfce-edec-4562-bbf8-95f92d20eb02",
          "resumeBtnUsable": false,
          "abandonRunBtnUsable": false,
          "cardHandVisible": true,
          "status": "Latency: 1ms",
          "hpText": "20/100",
          "msText": "51/99",
          "currencyText": "Money 0",
          "currency": 0,
          "player": {
            "hp": 20,
            "magicStones": 51.11500000000108,
            "currency": 0,
            "debugGodmode": false,
            "dead": false,
            "x": -7.65,
            "y": 0.5,
            "z": 19,
            "equippedKeyItemId": "dodge_roll",
            "keyItemCooldownRemaining": 376,
            "cardUseState": null,
            "cardWindupUntil": 0,
            "cardWindupCardId": null,
            "slowedUntil": 0,
            "burningUntil": 0,
            "slowActive": false,
            "burnActive": false
          },
          "windupFlashing": false,
          "keyItemIndicatorOnCooldown": true,
          "keyItemIndicatorText": "0.4",
          "players": 2,
          "squadmates": [
            {
              "id": "9df9ba20-ac62-434f-b9e6-809123740376",
              "x": -6,
              "z": 27
            }
          ],
          "enemies": 2,
          "enemyHp": [
            {
              "id": "fc7274ed-8329-4124-9688-a40cb243626f",
              "hp": 100,
              "maxHp": 100,
              "type": "grunt",
              "spawnedBy": null,
              "x": -8.373899825075597,
              "z": 22.896745615906738,
              "slowedUntil": 0,
              "burningUntil": 0,
              "frozenUntil": 0,
              "slowActive": false,
              "burnActive": false
            },
            {
              "id": "955577f3-8331-42eb-bf51-58760f4ad3d7",
              "hp": 100,
              "maxHp": 100,
              "type": "grunt",
              "spawnedBy": null,
              "x": -8.212104401471365,
              "z": 22.91290679787957,
              "slowedUntil": 0,
              "burningUntil": 0,
              "frozenUntil": 0,
              "slowActive": false,
              "burnActive": false
            }
          ],
          "minions": [],
          "hand": [
            {
              "id": "battle_familiar",
              "name": "Signal Familiar",
              "type": "spell",
              "remainingCharges": 1,
              "charges": 1,
              "activeMinionId": null,
              "burnMaxTtl": null,
              "burnLabel": "1/1",
              "creatureBurning": false,
              "isEvolved": false
            },
            {
              "id": "flame_blade",
              "name": "Solar Edge",
              "type": "weapon",
              "remainingCharges": 2,
              "charges": 2,
              "activeMinionId": null,
              "burnMaxTtl": null,
              "burnLabel": "2/2",
              "creatureBurning": false,
              "isEvolved": false
            },
            {
              "id": "iron_sword",
              "name": "Rust-Forged Saber",
              "type": "weapon",
              "remainingCharges": 5,
              "charges": 5,
              "activeMinionId": null,
              "burnMaxTtl": null,
              "burnLabel": "5/5",
              "creatureBurning": false,
              "isEvolved": false
            },
            {
              "id": "iron_sword",
              "name": "Rust-Forged Saber",
              "type": "weapon",
              "remainingCharges": 5,
              "charges": 5,
              "activeMinionId": null,
              "burnMaxTtl": null,
              "burnLabel": "5/5",
              "creatureBurning": false,
              "isEvolved": false
            },
            {
              "id": "dungeon_drake",
              "name": "Vault Wyrm",
              "type": "creature",
              "remainingCharges": 1,
              "charges": 1,
              "activeMinionId": null,
              "burnMaxTtl": null,
              "burnLabel": "1/1",
              "creatureBurning": false,
              "isEvolved": false,
              "specialEffect": "burning_breath"
            },
            null
          ],
          "inventory": [
            {
              "instanceId": "9fa11683-623d-49c7-8117-74687f438333",
              "cardId": "iron_sword",
              "grind": 0
            },
            {
              "instanceId": "b163251b-ebc9-4115-96ca-c91f9fea5a0d",
              "cardId": "flame_blade",
              "grind": 0
            },
            {
              "instanceId": "bf26ca15-f376-4a8f-9375-4d6f3b129233",
              "cardId": "battle_familiar",
              "grind": 0
            },
            {
              "instanceId": "7f90a2d8-b9d4-483b-a360-2ed22308beba",
              "cardId": "dungeon_drake",
              "grind": 0
            },
            {
              "instanceId": "6aa98559-c4d4-4cb7-bbd2-01026a2114fe",
              "cardId": "iron_sword",
              "grind": 0
            },
            {
              "instanceId": "0e03727e-fc56-4b74-8516-179131cd5dfa",
              "cardId": "iron_sword",
              "grind": 0
            },
            {
              "instanceId": "9526e95b-7b88-4eed-ae18-6b527b38cad1",
              "cardId": "iron_sword",
              "grind": 0
            },
            {
              "instanceId": "cb5c294e-2890-47c9-b9b2-14d4766b3f10",
              "cardId": "battle_familiar",
              "grind": 0
            },
            {
              "instanceId": "be12b504-2c11-4252-a39f-73f5fb12aed2",
              "cardId": "battle_familiar",
              "grind": 0
            },
            {
              "instanceId": "b8adcc1d-6f1d-4355-9062-0bea35678d0f",
              "cardId": "flame_blade",
              "grind": 0
            },
            {
              "instanceId": "47849c23-ac5f-4281-86c7-caab48a3a90d",
              "cardId": "flame_blade",
              "grind": 0
            },
            {
              "instanceId": "065747ad-4672-4811-838b-963013ef19d6",
              "cardId": "dungeon_drake",
              "grind": 0
            }
          ],
          "lastEvolutionResult": null
        },
        "keyItemIndicatorOnCooldown": true,
        "keyItemIndicatorText": "\n        \n        Dodge Roll\n        E\n        0.4\n      ",
        "keyItemCooldownRemaining": 376,
        "status": "Latency: 1ms",
        "hasCanvas": true,
        "canvasCount": 2,
        "lobbyVisible": false,
        "cardHandVisible": true,
        "title": "Void Grimoire",
        "bodyText": "👤\nLv\n🔊\n⚙\n1A\nLV\n1\nHP\n20/100\nMS\n51/99\nDeck: 7/12\n⟡ 4\n✦ 2\n🐉 1\n✨ 0\nMoney 0\nLatency: 1ms\nDodge Roll\nE\n0.4\nInitiate Vault\nPurged 0 / 6 hostiles\n01\nRewa: Rewa on channel. Move with WASD, close on the opening grunts, and strike with your melee weapon to start the sweep.\nClick to attack · press 1–6 to cast cards\n1\n✦\nSignal Familiar\n50 MS\n1/1\n2\n⚔\nSolar Edge\n650ms wind-up\n2/2\n3\n⚔\nRust-Forged Saber\n5/5\n4\n⚔\nRust-Forged Saber\n5/5\n5\n🐉\nVault Wyrm\nBURNING BREATH\n600ms wind-up\n1/1"
      }
    },
    {
      "player": "A",
      "description": "Final capture probe.",
      "data": {
        "harnessState": {
          "debugScenario": null,
          "debugScenarioAllowed": true,
          "debugScenarioResult": null,
          "debugGodmodeResult": null,
          "objective": {
            "type": "defeat_enemies",
            "totalEnemies": 6,
            "activeEnemyCount": 2,
            "defeatedEnemies": 0,
            "label": "Initiate Vault: Sweep annex holding pens in scripted waves and breach the deeper vault wing."
          },
          "encounter": null,
          "bossEncounter": null,
          "runObjectiveComplete": false,
          "lastRunSummary": null,
          "sortieCompleteOverlayVisible": false,
          "myId": "1a376b61-4829-409d-8cf2-fbc4b1f8272b",
          "selectedDeck": [
            "9fa11683-623d-49c7-8117-74687f438333",
            "b163251b-ebc9-4115-96ca-c91f9fea5a0d",
            "bf26ca15-f376-4a8f-9375-4d6f3b129233",
            "7f90a2d8-b9d4-483b-a360-2ed22308beba",
            "6aa98559-c4d4-4cb7-bbd2-01026a2114fe",
            "0e03727e-fc56-4b74-8516-179131cd5dfa",
            "9526e95b-7b88-4eed-ae18-6b527b38cad1",
            "cb5c294e-2890-47c9-b9b2-14d4766b3f10",
            "be12b504-2c11-4252-a39f-73f5fb12aed2",
            "b8adcc1d-6f1d-4355-9062-0bea35678d0f",
            "47849c23-ac5f-4281-86c7-caab48a3a90d",
            "065747ad-4672-4811-838b-963013ef19d6"
          ],
          "phase": "playing",
          "runStatus": "playing",
          "suspendedRunSummary": null,
          "extracted": false,
          "telepipe": null,
          "layout": {
            "profile": "crowded",
            "seed": 352369970,
            "roomCount": 10,
            "startRoom": {
              "x": -9,
              "z": 27,
              "role": "start"
            }
          },
          "connectionState": "connected",
          "sceneInitialized": true,
          "hasCanvas": true,
          "lobbyVisible": false,
          "lobbyMenuDismissed": true,
          "characterBoothOpen": false,
          "deckEditorVisible": false,
          "runId": "a831cfce-edec-4562-bbf8-95f92d20eb02",
          "resumeBtnUsable": false,
          "abandonRunBtnUsable": false,
          "cardHandVisible": true,
          "status": "Latency: 1ms",
          "hpText": "20/100",
          "msText": "51/99",
          "currencyText": "Money 0",
          "currency": 0,
          "player": {
            "hp": 20,
            "magicStones": 51.16500000000111,
            "currency": 0,
            "debugGodmode": false,
            "dead": false,
            "x": -7.65,
            "y": 0.5,
            "z": 19,
            "equippedKeyItemId": "dodge_roll",
            "keyItemCooldownRemaining": 0,
            "cardUseState": null,
            "cardWindupUntil": 0,
            "cardWindupCardId": null,
            "slowedUntil": 0,
            "burningUntil": 0,
            "slowActive": false,
            "burnActive": false
          },
          "windupFlashing": false,
          "keyItemIndicatorOnCooldown": false,
          "keyItemIndicatorText": "",
          "players": 2,
          "squadmates": [
            {
              "id": "9df9ba20-ac62-434f-b9e6-809123740376",
              "x": -6,
              "z": 27
            }
          ],
          "enemies": 2,
          "enemyHp": [
            {
              "id": "fc7274ed-8329-4124-9688-a40cb243626f",
              "hp": 100,
              "maxHp": 100,
              "type": "grunt",
              "spawnedBy": null,
              "x": -8.373899825075597,
              "z": 22.896745615906738,
              "slowedUntil": 0,
              "burningUntil": 0,
              "frozenUntil": 0,
              "slowActive": false,
              "burnActive": false
            },
            {
              "id": "955577f3-8331-42eb-bf51-58760f4ad3d7",
              "hp": 100,
              "maxHp": 100,
              "type": "grunt",
              "spawnedBy": null,
              "x": -8.212104401471365,
              "z": 22.91290679787957,
              "slowedUntil": 0,
              "burningUntil": 0,
              "frozenUntil": 0,
              "slowActive": false,
              "burnActive": false
            }
          ],
          "minions": [],
          "hand": [
            {
              "id": "battle_familiar",
              "name": "Signal Familiar",
              "type": "spell",
              "remainingCharges": 1,
              "charges": 1,
              "activeMinionId": null,
              "burnMaxTtl": null,
              "burnLabel": "1/1",
              "creatureBurning": false,
              "isEvolved": false
            },
            {
              "id": "flame_blade",
              "name": "Solar Edge",
              "type": "weapon",
              "remainingCharges": 2,
              "charges": 2,
              "activeMinionId": null,
              "burnMaxTtl": null,
              "burnLabel": "2/2",
              "creatureBurning": false,
              "isEvolved": false
            },
            {
              "id": "iron_sword",
              "name": "Rust-Forged Saber",
              "type": "weapon",
              "remainingCharges": 5,
              "charges": 5,
              "activeMinionId": null,
              "burnMaxTtl": null,
              "burnLabel": "5/5",
              "creatureBurning": false,
              "isEvolved": false
            },
            {
              "id": "iron_sword",
              "name": "Rust-Forged Saber",
              "type": "weapon",
              "remainingCharges": 5,
              "charges": 5,
              "activeMinionId": null,
              "burnMaxTtl": null,
              "burnLabel": "5/5",
              "creatureBurning": false,
              "isEvolved": false
            },
            {
              "id": "dungeon_drake",
              "name": "Vault Wyrm",
              "type": "creature",
              "remainingCharges": 1,
              "charges": 1,
              "activeMinionId": null,
              "burnMaxTtl": null,
              "burnLabel": "1/1",
              "creatureBurning": false,
              "isEvolved": false,
              "specialEffect": "burning_breath"
            },
            null
          ],
          "inventory": [
            {
              "instanceId": "9fa11683-623d-49c7-8117-74687f438333",
              "cardId": "iron_sword",
              "grind": 0
            },
            {
              "instanceId": "b163251b-ebc9-4115-96ca-c91f9fea5a0d",
              "cardId": "flame_blade",
              "grind": 0
            },
            {
              "instanceId": "bf26ca15-f376-4a8f-9375-4d6f3b129233",
              "cardId": "battle_familiar",
              "grind": 0
            },
            {
              "instanceId": "7f90a2d8-b9d4-483b-a360-2ed22308beba",
              "cardId": "dungeon_drake",
              "grind": 0
            },
            {
              "instanceId": "6aa98559-c4d4-4cb7-bbd2-01026a2114fe",
              "cardId": "iron_sword",
              "grind": 0
            },
            {
              "instanceId": "0e03727e-fc56-4b74-8516-179131cd5dfa",
              "cardId": "iron_sword",
              "grind": 0
            },
            {
              "instanceId": "9526e95b-7b88-4eed-ae18-6b527b38cad1",
              "cardId": "iron_sword",
              "grind": 0
            },
            {
              "instanceId": "cb5c294e-2890-47c9-b9b2-14d4766b3f10",
              "cardId": "battle_familiar",
              "grind": 0
            },
            {
              "instanceId": "be12b504-2c11-4252-a39f-73f5fb12aed2",
              "cardId": "battle_familiar",
              "grind": 0
            },
            {
              "instanceId": "b8adcc1d-6f1d-4355-9062-0bea35678d0f",
              "cardId": "flame_blade",
              "grind": 0
            },
            {
              "instanceId": "47849c23-ac5f-4281-86c7-caab48a3a90d",
              "cardId": "flame_blade",
              "grind": 0
            },
            {
              "instanceId": "065747ad-4672-4811-838b-963013ef19d6",
              "cardId": "dungeon_drake",
              "grind": 0
            }
          ],
          "lastEvolutionResult": null
        },
        "keyItemIndicatorOnCooldown": false,
        "keyItemIndicatorText": "\n        \n        Dodge Roll\n        E\n        \n      ",
        "keyItemCooldownRemaining": 0,
        "status": "Latency: 1ms",
        "hasCanvas": true,
        "canvasCount": 2,
        "lobbyVisible": false,
        "cardHandVisible": true,
        "title": "Void Grimoire",
        "bodyText": "👤\nLv\n🔊\n⚙\n1A\nLV\n1\nHP\n20/100\nMS\n51/99\nDeck: 7/12\n⟡ 4\n✦ 2\n🐉 1\n✨ 0\nMoney 0\nLatency: 1ms\nDodge Roll\nE\nInitiate Vault\nPurged 0 / 6 hostiles\n01\nRewa: Rewa on channel. Move with WASD, close on the opening grunts, and strike with your melee weapon to start the sweep.\nClick to attack · press 1–6 to cast cards\n1\n✦\nSignal Familiar\n50 MS\n1/1\n2\n⚔\nSolar Edge\n650ms wind-up\n2/2\n3\n⚔\nRust-Forged Saber\n5/5\n4\n⚔\nRust-Forged Saber\n5/5\n5\n🐉\nVault Wyrm\nBURNING BREATH\n600ms wind-up\n1/1"
      }
    }
  ],
  "pageerrors": []
}
