{
  "url": "http://localhost:5173/",
  "ok": true,
  "ticketFile": "/home/matt/workspace/.autogame-worktrees/268-scaling-thread-lobby-state-explicitly/tickets/268-scaling-thread-lobby-state-explicitly/ticket.md",
  "capturePlanSource": "fallback",
  "capturePlanValid": true,
  "capturePlanAttempts": [],
  "capturePlanSummary": "Deterministic full-flow smoke capture: auth, lobby create/join, ready transition, movement, dodge/key-item with post-dodge cooldown probe.",
  "scenarios": [],
  "screenshots": [
    {
      "file": "01-initial.png",
      "player": "A",
      "description": "Both players in squad lobby."
    },
    {
      "file": "02-after-w.png",
      "player": "A",
      "description": "Gameplay after holding W."
    },
    {
      "file": "03-after-d.png",
      "player": "A",
      "description": "Gameplay after holding D."
    },
    {
      "file": "04-after-dodge.png",
      "player": "A",
      "description": "Gameplay after dodge roll with cooldown HUD."
    }
  ],
  "probes": [
    {
      "player": "A",
      "description": "After readying all players and entering gameplay.",
      "data": {
        "harnessState": {
          "debugScenario": null,
          "debugScenarioAllowed": true,
          "debugScenarioResult": null,
          "objective": {
            "type": "defeat_enemies",
            "totalEnemies": 5,
            "defeatedEnemies": 0,
            "label": "Initiate Vault: Purge hostiles from the derelict annex sector."
          },
          "runObjectiveComplete": false,
          "lastRunSummary": null,
          "myId": "dc21af95-9bfb-45a7-bd64-5688aad0c670",
          "selectedDeck": [
            "852e0e6d-e601-4803-a23d-c2db1024d3f9",
            "e6c05a3b-e87b-4b79-9ba5-5f4022c859d6",
            "11e6d09f-56b6-454b-8631-ff217017bcec",
            "61ac7268-ddeb-44d0-9baf-1e0f79e5c4c5",
            "497e02bf-bb26-44dc-b3e6-c84fca7b483f",
            "1c76a909-e046-4277-a352-b3720ed258ea",
            "8d17fba6-db0b-46c8-a670-153057e3603c",
            "cd65ee57-d31c-4f9d-a795-4c4e5418ccca",
            "17a269bb-2fe0-4a28-b915-3bce5a63555d",
            "f47f0c2f-abfa-4cb9-abff-d040610ee4b9",
            "dbfab3eb-50ad-4071-b51b-80241ea2ff67",
            "9d03bdea-c831-4f59-983e-41ee6b2e7058"
          ],
          "phase": "playing",
          "runStatus": "playing",
          "extracted": false,
          "suspendedRunSummary": null,
          "telepipe": null,
          "layout": {
            "profile": "crowded",
            "seed": 1335602341,
            "roomCount": 10,
            "startRoom": {
              "x": -9,
              "z": 9,
              "role": "start"
            }
          },
          "connectionState": "connected",
          "sceneInitialized": true,
          "hasCanvas": true,
          "lobbyVisible": false,
          "cardHandVisible": true,
          "status": "Latency: 1ms",
          "hpText": "100/100",
          "msText": "49/99",
          "currencyText": "Money 0",
          "player": {
            "hp": 100,
            "magicStones": 49.09500000000005,
            "debugScenario": null,
            "dead": false,
            "x": -9,
            "z": 9,
            "equippedKeyItemId": "dodge_roll",
            "keyItemCooldownRemaining": 0
          },
          "keyItemIndicatorOnCooldown": false,
          "keyItemIndicatorText": "",
          "players": 2,
          "enemies": 5,
          "enemyHp": [
            {
              "id": "85f7bf76-9bdc-4ff2-b5f7-41981157e514",
              "hp": 40,
              "maxHp": 40,
              "type": "skirmisher",
              "spawnedBy": null
            },
            {
              "id": "383b9404-b1b1-4703-9f4c-66ebb47f9c49",
              "hp": 40,
              "maxHp": 40,
              "type": "skirmisher",
              "spawnedBy": null
            },
            {
              "id": "0249d363-d51b-4ddf-a582-0017696017f4",
              "hp": 100,
              "maxHp": 100,
              "type": "grunt",
              "spawnedBy": null
            },
            {
              "id": "6aa7e889-45bd-4ec3-a037-5f584b4a5020",
              "hp": 300,
              "maxHp": 300,
              "type": "miniboss",
              "spawnedBy": null
            },
            {
              "id": "0008dd48-9d6a-4221-936f-975767c40877",
              "hp": 120,
              "maxHp": 120,
              "type": "spawner",
              "spawnedBy": null
            }
          ],
          "minions": [],
          "hand": [
            {
              "id": "flame_blade",
              "name": "Solar Edge",
              "type": "weapon",
              "remainingCharges": 3,
              "charges": 3,
              "activeMinionId": null,
              "burnMaxTtl": null,
              "burnLabel": "3/3",
              "creatureBurning": false,
              "isEvolved": false
            },
            {
              "id": "iron_sword",
              "name": "Rust-Forged Saber",
              "type": "weapon",
              "remainingCharges": 5,
              "charges": 5,
              "activeMinionId": null,
              "burnMaxTtl": null,
              "burnLabel": "5/5",
              "creatureBurning": false,
              "isEvolved": false
            },
            null,
            {
              "id": "battle_familiar",
              "name": "Signal Familiar",
              "type": "spell",
              "remainingCharges": 1,
              "charges": 1,
              "activeMinionId": null,
              "burnMaxTtl": null,
              "burnLabel": "1/1",
              "creatureBurning": false,
              "isEvolved": false
            },
            {
              "id": "battle_familiar",
              "name": "Signal Familiar",
              "type": "spell",
              "remainingCharges": 1,
              "charges": 1,
              "activeMinionId": null,
              "burnMaxTtl": null,
              "burnLabel": "1/1",
              "creatureBurning": false,
              "isEvolved": false
            },
            null
          ],
          "inventory": [
            {
              "instanceId": "852e0e6d-e601-4803-a23d-c2db1024d3f9",
              "cardId": "iron_sword",
              "grind": 0
            },
            {
              "instanceId": "e6c05a3b-e87b-4b79-9ba5-5f4022c859d6",
              "cardId": "flame_blade",
              "grind": 0
            },
            {
              "instanceId": "11e6d09f-56b6-454b-8631-ff217017bcec",
              "cardId": "battle_familiar",
              "grind": 0
            },
            {
              "instanceId": "61ac7268-ddeb-44d0-9baf-1e0f79e5c4c5",
              "cardId": "dungeon_drake",
              "grind": 0
            },
            {
              "instanceId": "497e02bf-bb26-44dc-b3e6-c84fca7b483f",
              "cardId": "iron_sword",
              "grind": 0
            },
            {
              "instanceId": "1c76a909-e046-4277-a352-b3720ed258ea",
              "cardId": "iron_sword",
              "grind": 0
            },
            {
              "instanceId": "8d17fba6-db0b-46c8-a670-153057e3603c",
              "cardId": "iron_sword",
              "grind": 0
            },
            {
              "instanceId": "cd65ee57-d31c-4f9d-a795-4c4e5418ccca",
              "cardId": "battle_familiar",
              "grind": 0
            },
            {
              "instanceId": "17a269bb-2fe0-4a28-b915-3bce5a63555d",
              "cardId": "battle_familiar",
              "grind": 0
            },
            {
              "instanceId": "f47f0c2f-abfa-4cb9-abff-d040610ee4b9",
              "cardId": "flame_blade",
              "grind": 0
            },
            {
              "instanceId": "dbfab3eb-50ad-4071-b51b-80241ea2ff67",
              "cardId": "flame_blade",
              "grind": 0
            },
            {
              "instanceId": "9d03bdea-c831-4f59-983e-41ee6b2e7058",
              "cardId": "dungeon_drake",
              "grind": 0
            }
          ],
          "lastEvolutionResult": null
        },
        "keyItemIndicatorOnCooldown": false,
        "keyItemIndicatorText": "",
        "keyItemCooldownRemaining": 0,
        "status": "Latency: 1ms",
        "hasCanvas": true,
        "canvasCount": 2,
        "lobbyVisible": false,
        "cardHandVisible": true,
        "title": "Void Grimoire",
        "bodyText": "👤\nLv\n🔊\n⚙\nDC\nLV\n1\nHP\n100/100\nMS\n49/99\nDeck: 8/12\n⟡ 5\n✦ 1\n🐉 2\n✨ 0\nMoney 0\nLatency: 1ms\nInitiate Vault: Purge hostiles from the derelict annex sector.\nPurged 0 / 5 hostiles\nClick to attack · press 1–6 to cast cards\n1\n⚔\nSolar Edge\n3/3\n2\n⚔\nRust-Forged Saber\n5/5\n4\n✦\nSignal Familiar\n50 MS\n1/1\n5\n✦\nSignal Familiar\n50 MS\n1/1"
      }
    },
    {
      "player": "A",
      "description": "After dodge roll — cooldown HUD should be active.",
      "data": {
        "harnessState": {
          "debugScenario": null,
          "debugScenarioAllowed": true,
          "debugScenarioResult": null,
          "objective": {
            "type": "defeat_enemies",
            "totalEnemies": 5,
            "defeatedEnemies": 0,
            "label": "Initiate Vault: Purge hostiles from the derelict annex sector."
          },
          "runObjectiveComplete": false,
          "lastRunSummary": null,
          "myId": "dc21af95-9bfb-45a7-bd64-5688aad0c670",
          "selectedDeck": [
            "852e0e6d-e601-4803-a23d-c2db1024d3f9",
            "e6c05a3b-e87b-4b79-9ba5-5f4022c859d6",
            "11e6d09f-56b6-454b-8631-ff217017bcec",
            "61ac7268-ddeb-44d0-9baf-1e0f79e5c4c5",
            "497e02bf-bb26-44dc-b3e6-c84fca7b483f",
            "1c76a909-e046-4277-a352-b3720ed258ea",
            "8d17fba6-db0b-46c8-a670-153057e3603c",
            "cd65ee57-d31c-4f9d-a795-4c4e5418ccca",
            "17a269bb-2fe0-4a28-b915-3bce5a63555d",
            "f47f0c2f-abfa-4cb9-abff-d040610ee4b9",
            "dbfab3eb-50ad-4071-b51b-80241ea2ff67",
            "9d03bdea-c831-4f59-983e-41ee6b2e7058"
          ],
          "phase": "playing",
          "runStatus": "playing",
          "extracted": false,
          "suspendedRunSummary": null,
          "telepipe": null,
          "layout": {
            "profile": "crowded",
            "seed": 1335602341,
            "roomCount": 10,
            "startRoom": {
              "x": -9,
              "z": 9,
              "role": "start"
            }
          },
          "connectionState": "connected",
          "sceneInitialized": true,
          "hasCanvas": true,
          "lobbyVisible": false,
          "cardHandVisible": true,
          "status": "Latency: 0ms",
          "hpText": "94/100",
          "msText": "49/99",
          "currencyText": "Money 0",
          "player": {
            "hp": 94,
            "magicStones": 49.615000000000315,
            "debugScenario": null,
            "dead": false,
            "x": -10.9,
            "z": -10.799999999999994,
            "equippedKeyItemId": "dodge_roll",
            "keyItemCooldownRemaining": 616
          },
          "keyItemIndicatorOnCooldown": true,
          "keyItemIndicatorText": "0.6",
          "players": 2,
          "enemies": 6,
          "enemyHp": [
            {
              "id": "85f7bf76-9bdc-4ff2-b5f7-41981157e514",
              "hp": 40,
              "maxHp": 40,
              "type": "skirmisher",
              "spawnedBy": null
            },
            {
              "id": "383b9404-b1b1-4703-9f4c-66ebb47f9c49",
              "hp": 40,
              "maxHp": 40,
              "type": "skirmisher",
              "spawnedBy": null
            },
            {
              "id": "0249d363-d51b-4ddf-a582-0017696017f4",
              "hp": 100,
              "maxHp": 100,
              "type": "grunt",
              "spawnedBy": null
            },
            {
              "id": "6aa7e889-45bd-4ec3-a037-5f584b4a5020",
              "hp": 300,
              "maxHp": 300,
              "type": "miniboss",
              "spawnedBy": null
            },
            {
              "id": "0008dd48-9d6a-4221-936f-975767c40877",
              "hp": 120,
              "maxHp": 120,
              "type": "spawner",
              "spawnedBy": null
            },
            {
              "id": "bb21d2e3-bafe-45b8-91a7-51c33db7c849",
              "hp": 40,
              "maxHp": 40,
              "type": "skirmisher",
              "spawnedBy": "0008dd48-9d6a-4221-936f-975767c40877"
            }
          ],
          "minions": [],
          "hand": [
            {
              "id": "flame_blade",
              "name": "Solar Edge",
              "type": "weapon",
              "remainingCharges": 3,
              "charges": 3,
              "activeMinionId": null,
              "burnMaxTtl": null,
              "burnLabel": "3/3",
              "creatureBurning": false,
              "isEvolved": false
            },
            {
              "id": "iron_sword",
              "name": "Rust-Forged Saber",
              "type": "weapon",
              "remainingCharges": 5,
              "charges": 5,
              "activeMinionId": null,
              "burnMaxTtl": null,
              "burnLabel": "5/5",
              "creatureBurning": false,
              "isEvolved": false
            },
            {
              "id": "iron_sword",
              "name": "Rust-Forged Saber",
              "type": "weapon",
              "remainingCharges": 5,
              "charges": 5,
              "activeMinionId": null,
              "burnMaxTtl": null,
              "burnLabel": "5/5",
              "creatureBurning": false,
              "isEvolved": false
            },
            {
              "id": "battle_familiar",
              "name": "Signal Familiar",
              "type": "spell",
              "remainingCharges": 1,
              "charges": 1,
              "activeMinionId": null,
              "burnMaxTtl": null,
              "burnLabel": "1/1",
              "creatureBurning": false,
              "isEvolved": false
            },
            {
              "id": "battle_familiar",
              "name": "Signal Familiar",
              "type": "spell",
              "remainingCharges": 1,
              "charges": 1,
              "activeMinionId": null,
              "burnMaxTtl": null,
              "burnLabel": "1/1",
              "creatureBurning": false,
              "isEvolved": false
            },
            null
          ],
          "inventory": [
            {
              "instanceId": "852e0e6d-e601-4803-a23d-c2db1024d3f9",
              "cardId": "iron_sword",
              "grind": 0
            },
            {
              "instanceId": "e6c05a3b-e87b-4b79-9ba5-5f4022c859d6",
              "cardId": "flame_blade",
              "grind": 0
            },
            {
              "instanceId": "11e6d09f-56b6-454b-8631-ff217017bcec",
              "cardId": "battle_familiar",
              "grind": 0
            },
            {
              "instanceId": "61ac7268-ddeb-44d0-9baf-1e0f79e5c4c5",
              "cardId": "dungeon_drake",
              "grind": 0
            },
            {
              "instanceId": "497e02bf-bb26-44dc-b3e6-c84fca7b483f",
              "cardId": "iron_sword",
              "grind": 0
            },
            {
              "instanceId": "1c76a909-e046-4277-a352-b3720ed258ea",
              "cardId": "iron_sword",
              "grind": 0
            },
            {
              "instanceId": "8d17fba6-db0b-46c8-a670-153057e3603c",
              "cardId": "iron_sword",
              "grind": 0
            },
            {
              "instanceId": "cd65ee57-d31c-4f9d-a795-4c4e5418ccca",
              "cardId": "battle_familiar",
              "grind": 0
            },
            {
              "instanceId": "17a269bb-2fe0-4a28-b915-3bce5a63555d",
              "cardId": "battle_familiar",
              "grind": 0
            },
            {
              "instanceId": "f47f0c2f-abfa-4cb9-abff-d040610ee4b9",
              "cardId": "flame_blade",
              "grind": 0
            },
            {
              "instanceId": "dbfab3eb-50ad-4071-b51b-80241ea2ff67",
              "cardId": "flame_blade",
              "grind": 0
            },
            {
              "instanceId": "9d03bdea-c831-4f59-983e-41ee6b2e7058",
              "cardId": "dungeon_drake",
              "grind": 0
            }
          ],
          "lastEvolutionResult": null
        },
        "keyItemIndicatorOnCooldown": true,
        "keyItemIndicatorText": "0.6",
        "keyItemCooldownRemaining": 616,
        "status": "Latency: 0ms",
        "hasCanvas": true,
        "canvasCount": 2,
        "lobbyVisible": false,
        "cardHandVisible": true,
        "title": "Void Grimoire",
        "bodyText": "👤\nLv\n🔊\n⚙\nDC\nLV\n1\nHP\n94/100\nMS\n49/99\nDeck: 7/12\n⟡ 4\n✦ 1\n🐉 2\n✨ 0\nMoney 0\nLatency: 0ms\n0.6\nInitiate Vault: Purge hostiles from the derelict annex sector.\nPurged 0 / 5 hostiles\nClick to attack · press 1–6 to cast cards\n1\n⚔\nSolar Edge\n3/3\n2\n⚔\nRust-Forged Saber\n5/5\n3\n⚔\nRust-Forged Saber\n5/5\n4\n✦\nSignal Familiar\n50 MS\n1/1\n5\n✦\nSignal Familiar\n50 MS\n1/1"
      }
    },
    {
      "player": "A",
      "description": "Final capture probe.",
      "data": {
        "harnessState": {
          "debugScenario": null,
          "debugScenarioAllowed": true,
          "debugScenarioResult": null,
          "objective": {
            "type": "defeat_enemies",
            "totalEnemies": 5,
            "defeatedEnemies": 0,
            "label": "Initiate Vault: Purge hostiles from the derelict annex sector."
          },
          "runObjectiveComplete": false,
          "lastRunSummary": null,
          "myId": "dc21af95-9bfb-45a7-bd64-5688aad0c670",
          "selectedDeck": [
            "852e0e6d-e601-4803-a23d-c2db1024d3f9",
            "e6c05a3b-e87b-4b79-9ba5-5f4022c859d6",
            "11e6d09f-56b6-454b-8631-ff217017bcec",
            "61ac7268-ddeb-44d0-9baf-1e0f79e5c4c5",
            "497e02bf-bb26-44dc-b3e6-c84fca7b483f",
            "1c76a909-e046-4277-a352-b3720ed258ea",
            "8d17fba6-db0b-46c8-a670-153057e3603c",
            "cd65ee57-d31c-4f9d-a795-4c4e5418ccca",
            "17a269bb-2fe0-4a28-b915-3bce5a63555d",
            "f47f0c2f-abfa-4cb9-abff-d040610ee4b9",
            "dbfab3eb-50ad-4071-b51b-80241ea2ff67",
            "9d03bdea-c831-4f59-983e-41ee6b2e7058"
          ],
          "phase": "playing",
          "runStatus": "playing",
          "extracted": false,
          "suspendedRunSummary": null,
          "telepipe": null,
          "layout": {
            "profile": "crowded",
            "seed": 1335602341,
            "roomCount": 10,
            "startRoom": {
              "x": -9,
              "z": 9,
              "role": "start"
            }
          },
          "connectionState": "connected",
          "sceneInitialized": true,
          "hasCanvas": true,
          "lobbyVisible": false,
          "cardHandVisible": true,
          "status": "Latency: 0ms",
          "hpText": "94/100",
          "msText": "49/99",
          "currencyText": "Money 0",
          "player": {
            "hp": 94,
            "magicStones": 49.675000000000345,
            "debugScenario": null,
            "dead": false,
            "x": -10.9,
            "z": -10.799999999999994,
            "equippedKeyItemId": "dodge_roll",
            "keyItemCooldownRemaining": 12
          },
          "keyItemIndicatorOnCooldown": true,
          "keyItemIndicatorText": "0.0",
          "players": 2,
          "enemies": 6,
          "enemyHp": [
            {
              "id": "85f7bf76-9bdc-4ff2-b5f7-41981157e514",
              "hp": 40,
              "maxHp": 40,
              "type": "skirmisher",
              "spawnedBy": null
            },
            {
              "id": "383b9404-b1b1-4703-9f4c-66ebb47f9c49",
              "hp": 40,
              "maxHp": 40,
              "type": "skirmisher",
              "spawnedBy": null
            },
            {
              "id": "0249d363-d51b-4ddf-a582-0017696017f4",
              "hp": 100,
              "maxHp": 100,
              "type": "grunt",
              "spawnedBy": null
            },
            {
              "id": "6aa7e889-45bd-4ec3-a037-5f584b4a5020",
              "hp": 300,
              "maxHp": 300,
              "type": "miniboss",
              "spawnedBy": null
            },
            {
              "id": "0008dd48-9d6a-4221-936f-975767c40877",
              "hp": 120,
              "maxHp": 120,
              "type": "spawner",
              "spawnedBy": null
            },
            {
              "id": "bb21d2e3-bafe-45b8-91a7-51c33db7c849",
              "hp": 40,
              "maxHp": 40,
              "type": "skirmisher",
              "spawnedBy": "0008dd48-9d6a-4221-936f-975767c40877"
            }
          ],
          "minions": [],
          "hand": [
            {
              "id": "flame_blade",
              "name": "Solar Edge",
              "type": "weapon",
              "remainingCharges": 3,
              "charges": 3,
              "activeMinionId": null,
              "burnMaxTtl": null,
              "burnLabel": "3/3",
              "creatureBurning": false,
              "isEvolved": false
            },
            {
              "id": "iron_sword",
              "name": "Rust-Forged Saber",
              "type": "weapon",
              "remainingCharges": 5,
              "charges": 5,
              "activeMinionId": null,
              "burnMaxTtl": null,
              "burnLabel": "5/5",
              "creatureBurning": false,
              "isEvolved": false
            },
            {
              "id": "iron_sword",
              "name": "Rust-Forged Saber",
              "type": "weapon",
              "remainingCharges": 5,
              "charges": 5,
              "activeMinionId": null,
              "burnMaxTtl": null,
              "burnLabel": "5/5",
              "creatureBurning": false,
              "isEvolved": false
            },
            {
              "id": "battle_familiar",
              "name": "Signal Familiar",
              "type": "spell",
              "remainingCharges": 1,
              "charges": 1,
              "activeMinionId": null,
              "burnMaxTtl": null,
              "burnLabel": "1/1",
              "creatureBurning": false,
              "isEvolved": false
            },
            {
              "id": "battle_familiar",
              "name": "Signal Familiar",
              "type": "spell",
              "remainingCharges": 1,
              "charges": 1,
              "activeMinionId": null,
              "burnMaxTtl": null,
              "burnLabel": "1/1",
              "creatureBurning": false,
              "isEvolved": false
            },
            null
          ],
          "inventory": [
            {
              "instanceId": "852e0e6d-e601-4803-a23d-c2db1024d3f9",
              "cardId": "iron_sword",
              "grind": 0
            },
            {
              "instanceId": "e6c05a3b-e87b-4b79-9ba5-5f4022c859d6",
              "cardId": "flame_blade",
              "grind": 0
            },
            {
              "instanceId": "11e6d09f-56b6-454b-8631-ff217017bcec",
              "cardId": "battle_familiar",
              "grind": 0
            },
            {
              "instanceId": "61ac7268-ddeb-44d0-9baf-1e0f79e5c4c5",
              "cardId": "dungeon_drake",
              "grind": 0
            },
            {
              "instanceId": "497e02bf-bb26-44dc-b3e6-c84fca7b483f",
              "cardId": "iron_sword",
              "grind": 0
            },
            {
              "instanceId": "1c76a909-e046-4277-a352-b3720ed258ea",
              "cardId": "iron_sword",
              "grind": 0
            },
            {
              "instanceId": "8d17fba6-db0b-46c8-a670-153057e3603c",
              "cardId": "iron_sword",
              "grind": 0
            },
            {
              "instanceId": "cd65ee57-d31c-4f9d-a795-4c4e5418ccca",
              "cardId": "battle_familiar",
              "grind": 0
            },
            {
              "instanceId": "17a269bb-2fe0-4a28-b915-3bce5a63555d",
              "cardId": "battle_familiar",
              "grind": 0
            },
            {
              "instanceId": "f47f0c2f-abfa-4cb9-abff-d040610ee4b9",
              "cardId": "flame_blade",
              "grind": 0
            },
            {
              "instanceId": "dbfab3eb-50ad-4071-b51b-80241ea2ff67",
              "cardId": "flame_blade",
              "grind": 0
            },
            {
              "instanceId": "9d03bdea-c831-4f59-983e-41ee6b2e7058",
              "cardId": "dungeon_drake",
              "grind": 0
            }
          ],
          "lastEvolutionResult": null
        },
        "keyItemIndicatorOnCooldown": true,
        "keyItemIndicatorText": "0.0",
        "keyItemCooldownRemaining": 12,
        "status": "Latency: 0ms",
        "hasCanvas": true,
        "canvasCount": 2,
        "lobbyVisible": false,
        "cardHandVisible": true,
        "title": "Void Grimoire",
        "bodyText": "👤\nLv\n🔊\n⚙\nDC\nLV\n1\nHP\n94/100\nMS\n49/99\nDeck: 7/12\n⟡ 4\n✦ 1\n🐉 2\n✨ 0\nMoney 0\nLatency: 0ms\n0.0\nInitiate Vault: Purge hostiles from the derelict annex sector.\nPurged 0 / 5 hostiles\nClick to attack · press 1–6 to cast cards\n1\n⚔\nSolar Edge\n3/3\n2\n⚔\nRust-Forged Saber\n5/5\n3\n⚔\nRust-Forged Saber\n5/5\n4\n✦\nSignal Familiar\n50 MS\n1/1\n5\n✦\nSignal Familiar\n50 MS\n1/1"
      }
    }
  ],
  "pageerrors": []
}
