[createLobby] timeout waiting for #lobby visibility: page.waitForFunction: Timeout 10000ms exceeded.
[joinLobby] timeout waiting for #lobby visibility: page.waitForFunction: Timeout 10000ms exceeded.
{
  "url": "http://localhost:5176/",
  "ok": true,
  "ticketFile": "/home/matt/workspace/.autogame-worktrees/client-consolidate-gamepad-polling-to-one-snapshot-per-frame-w3lf/tickets/client-consolidate-gamepad-polling-to-one-snapshot-per-frame-w3lf/ticket.md",
  "capturePlanSource": "fallback",
  "capturePlanValid": true,
  "capturePlanAttempts": [],
  "capturePlanSummary": "Deterministic full-flow smoke capture: auth, lobby create/join, ready transition, movement, dodge/key-item with post-dodge cooldown probe.",
  "scenarios": [],
  "screenshots": [
    {
      "file": "01-initial.png",
      "player": "A",
      "description": "Both players in squad lobby."
    },
    {
      "file": "02-after-w.png",
      "player": "A",
      "description": "Gameplay after holding W."
    },
    {
      "file": "03-after-d.png",
      "player": "A",
      "description": "Gameplay after holding D."
    },
    {
      "file": "04-after-dodge.png",
      "player": "A",
      "description": "Gameplay after dodge roll with cooldown HUD."
    }
  ],
  "probes": [
    {
      "player": "A",
      "description": "After readying all players and entering gameplay.",
      "data": {
        "harnessState": {
          "debugScenario": null,
          "debugScenarioAllowed": true,
          "debugScenarioResult": null,
          "debugGodmodeResult": null,
          "objective": {
            "type": "defeat_enemies",
            "totalEnemies": 6,
            "activeEnemyCount": 2,
            "defeatedEnemies": 0,
            "label": "Initiate Vault: Sweep annex holding pens in scripted waves and breach the deeper vault wing."
          },
          "encounter": null,
          "bossEncounter": null,
          "runObjectiveComplete": false,
          "lastRunSummary": null,
          "sortieCompleteOverlayVisible": false,
          "myId": "6a88d8c6-c4d6-4cf1-8b76-34c5fdeffb77",
          "selectedDeck": [
            "006d8238-1b9e-4aac-b5b1-3d0048b07b99",
            "d70f66b5-8e8c-43ab-afda-144d07566265",
            "f0a8122a-b4ac-49ed-9f1a-427ba6b80710",
            "8acf2609-e42b-47b2-8801-1494a5522c22",
            "a14fc4cb-6a0d-4c8b-bc61-3088bba7a394",
            "0427395e-1a1d-4179-b857-e54cc71b32c8",
            "cf5adbaf-d733-445b-bf45-de678a1376ab",
            "50f9b123-6be2-4680-a4ca-6dbf17eb2f64",
            "c2de0035-3291-4fae-a248-3aa650d01d66",
            "e10acc50-6af5-4d34-8d86-9143d8df5354",
            "5d7235a7-9c8d-4f72-8833-ace3d261f17c",
            "17db3e2b-8560-4cb1-ab1d-b8dd6f32894d"
          ],
          "phase": "playing",
          "runStatus": "playing",
          "suspendedRunSummary": null,
          "extracted": false,
          "telepipe": null,
          "layout": {
            "profile": "crowded",
            "seed": 352369970,
            "roomCount": 10,
            "startRoom": {
              "x": -9,
              "z": 27,
              "role": "start"
            }
          },
          "connectionState": "connected",
          "sceneInitialized": true,
          "hasCanvas": true,
          "lobbyVisible": false,
          "lobbyMenuDismissed": true,
          "characterBoothOpen": false,
          "deckEditorVisible": false,
          "runId": "f4707ba9-9f35-4af8-a799-42deea0bc1a4",
          "resumeBtnUsable": false,
          "abandonRunBtnUsable": false,
          "cardHandVisible": true,
          "status": "Latency: 1ms",
          "hpText": "60/100",
          "msText": "49/99",
          "currencyText": "Money 0",
          "currency": 0,
          "player": {
            "hp": 60,
            "magicStones": 49.87500000000045,
            "currency": 0,
            "debugGodmode": false,
            "dead": false,
            "x": -9,
            "y": 0.5,
            "z": 27,
            "equippedKeyItemId": "dodge_roll",
            "keyItemCooldownRemaining": 0,
            "cardUseState": null,
            "cardWindupUntil": 0,
            "cardWindupCardId": null,
            "slowedUntil": 0,
            "burningUntil": 0,
            "slowActive": false,
            "burnActive": false
          },
          "windupFlashing": false,
          "keyItemIndicatorOnCooldown": false,
          "keyItemIndicatorText": "",
          "players": 2,
          "squadmates": [
            {
              "id": "e968f764-65cb-4208-8f75-bfff4b868596",
              "x": -6,
              "z": 27
            }
          ],
          "enemies": 2,
          "enemyHp": [
            {
              "id": "fa13117a-5916-47ea-b13c-38f83678b44d",
              "hp": 100,
              "maxHp": 100,
              "type": "grunt",
              "spawnedBy": null,
              "x": -9,
              "z": 27,
              "slowedUntil": 0,
              "burningUntil": 0,
              "frozenUntil": 0,
              "slowActive": false,
              "burnActive": false
            },
            {
              "id": "15700a9e-a9e5-4127-9df1-6069ad1b5b3b",
              "hp": 100,
              "maxHp": 100,
              "type": "grunt",
              "spawnedBy": null,
              "x": -8.866656090365723,
              "z": 28.069192429538816,
              "slowedUntil": 0,
              "burningUntil": 0,
              "frozenUntil": 0,
              "slowActive": false,
              "burnActive": false
            }
          ],
          "minions": [],
          "hand": [
            {
              "id": "battle_familiar",
              "name": "Signal Familiar",
              "type": "spell",
              "remainingCharges": 1,
              "charges": 1,
              "activeMinionId": null,
              "burnMaxTtl": null,
              "burnLabel": "1/1",
              "creatureBurning": false,
              "isEvolved": false
            },
            {
              "id": "flame_blade",
              "name": "Solar Edge",
              "type": "weapon",
              "remainingCharges": 2,
              "charges": 2,
              "activeMinionId": null,
              "burnMaxTtl": null,
              "burnLabel": "2/2",
              "creatureBurning": false,
              "isEvolved": false
            },
            null,
            {
              "id": "dungeon_drake",
              "name": "Vault Wyrm",
              "type": "creature",
              "remainingCharges": 1,
              "charges": 1,
              "activeMinionId": null,
              "burnMaxTtl": null,
              "burnLabel": "1/1",
              "creatureBurning": false,
              "isEvolved": false,
              "specialEffect": "burning_breath"
            },
            {
              "id": "flame_blade",
              "name": "Solar Edge",
              "type": "weapon",
              "remainingCharges": 2,
              "charges": 2,
              "activeMinionId": null,
              "burnMaxTtl": null,
              "burnLabel": "2/2",
              "creatureBurning": false,
              "isEvolved": false
            },
            null
          ],
          "inventory": [
            {
              "instanceId": "006d8238-1b9e-4aac-b5b1-3d0048b07b99",
              "cardId": "iron_sword",
              "grind": 0
            },
            {
              "instanceId": "d70f66b5-8e8c-43ab-afda-144d07566265",
              "cardId": "flame_blade",
              "grind": 0
            },
            {
              "instanceId": "f0a8122a-b4ac-49ed-9f1a-427ba6b80710",
              "cardId": "battle_familiar",
              "grind": 0
            },
            {
              "instanceId": "8acf2609-e42b-47b2-8801-1494a5522c22",
              "cardId": "dungeon_drake",
              "grind": 0
            },
            {
              "instanceId": "a14fc4cb-6a0d-4c8b-bc61-3088bba7a394",
              "cardId": "iron_sword",
              "grind": 0
            },
            {
              "instanceId": "0427395e-1a1d-4179-b857-e54cc71b32c8",
              "cardId": "iron_sword",
              "grind": 0
            },
            {
              "instanceId": "cf5adbaf-d733-445b-bf45-de678a1376ab",
              "cardId": "iron_sword",
              "grind": 0
            },
            {
              "instanceId": "50f9b123-6be2-4680-a4ca-6dbf17eb2f64",
              "cardId": "battle_familiar",
              "grind": 0
            },
            {
              "instanceId": "c2de0035-3291-4fae-a248-3aa650d01d66",
              "cardId": "battle_familiar",
              "grind": 0
            },
            {
              "instanceId": "e10acc50-6af5-4d34-8d86-9143d8df5354",
              "cardId": "flame_blade",
              "grind": 0
            },
            {
              "instanceId": "5d7235a7-9c8d-4f72-8833-ace3d261f17c",
              "cardId": "flame_blade",
              "grind": 0
            },
            {
              "instanceId": "17db3e2b-8560-4cb1-ab1d-b8dd6f32894d",
              "cardId": "dungeon_drake",
              "grind": 0
            }
          ],
          "lastEvolutionResult": null
        },
        "keyItemIndicatorOnCooldown": false,
        "keyItemIndicatorText": "\n        \n        Dodge Roll\n        E\n        \n      ",
        "keyItemCooldownRemaining": 0,
        "status": "Latency: 1ms",
        "hasCanvas": true,
        "canvasCount": 2,
        "lobbyVisible": false,
        "cardHandVisible": true,
        "title": "Void Grimoire",
        "bodyText": "👤\nLv\n🔊\n⚙\n6A\nLV\n1\nHP\n60/100\nMS\n49/99\nDeck: 8/12\n⟡ 5\n✦ 2\n🐉 1\n✨ 0\nMoney 0\nLatency: 1ms\nDodge Roll\nE\nInitiate Vault\nPurged 0 / 6 hostiles\n01\nRewa: Rewa on channel. Move with WASD, close on the opening grunts, and strike with your melee weapon to start the sweep.\nClick to attack · press 1–6 to cast cards\n1\n✦\nSignal Familiar\n50 MS\n1/1\n2\n⚔\nSolar Edge\n650ms wind-up\n2/2\n4\n🐉\nVault Wyrm\nBURNING BREATH\n600ms wind-up\n1/1\n5\n⚔\nSolar Edge\n650ms wind-up\n2/2\nRewa: Rewa on channel. Move with WASD, close on the opening grunts, and strike with your melee weapon to start the sweep.\nANNEX LIAISON KADE\nEntry annex is live. Close with WASD and strike with your melee weapon — two grunts block the bulkhead."
      }
    },
    {
      "player": "A",
      "description": "After dodge roll — cooldown HUD should be active.",
      "data": {
        "harnessState": {
          "debugScenario": null,
          "debugScenarioAllowed": true,
          "debugScenarioResult": null,
          "debugGodmodeResult": null,
          "objective": {
            "type": "defeat_enemies",
            "totalEnemies": 6,
            "activeEnemyCount": 2,
            "defeatedEnemies": 0,
            "label": "Initiate Vault: Sweep annex holding pens in scripted waves and breach the deeper vault wing."
          },
          "encounter": null,
          "bossEncounter": null,
          "runObjectiveComplete": false,
          "lastRunSummary": null,
          "sortieCompleteOverlayVisible": false,
          "myId": "6a88d8c6-c4d6-4cf1-8b76-34c5fdeffb77",
          "selectedDeck": [
            "006d8238-1b9e-4aac-b5b1-3d0048b07b99",
            "d70f66b5-8e8c-43ab-afda-144d07566265",
            "f0a8122a-b4ac-49ed-9f1a-427ba6b80710",
            "8acf2609-e42b-47b2-8801-1494a5522c22",
            "a14fc4cb-6a0d-4c8b-bc61-3088bba7a394",
            "0427395e-1a1d-4179-b857-e54cc71b32c8",
            "cf5adbaf-d733-445b-bf45-de678a1376ab",
            "50f9b123-6be2-4680-a4ca-6dbf17eb2f64",
            "c2de0035-3291-4fae-a248-3aa650d01d66",
            "e10acc50-6af5-4d34-8d86-9143d8df5354",
            "5d7235a7-9c8d-4f72-8833-ace3d261f17c",
            "17db3e2b-8560-4cb1-ab1d-b8dd6f32894d"
          ],
          "phase": "playing",
          "runStatus": "playing",
          "suspendedRunSummary": null,
          "extracted": false,
          "telepipe": null,
          "layout": {
            "profile": "crowded",
            "seed": 352369970,
            "roomCount": 10,
            "startRoom": {
              "x": -9,
              "z": 27,
              "role": "start"
            }
          },
          "connectionState": "connected",
          "sceneInitialized": true,
          "hasCanvas": true,
          "lobbyVisible": false,
          "lobbyMenuDismissed": true,
          "characterBoothOpen": false,
          "deckEditorVisible": false,
          "runId": "f4707ba9-9f35-4af8-a799-42deea0bc1a4",
          "resumeBtnUsable": false,
          "abandonRunBtnUsable": false,
          "cardHandVisible": true,
          "status": "Latency: 1ms",
          "hpText": "60/100",
          "msText": "50/99",
          "currencyText": "Money 0",
          "currency": 0,
          "player": {
            "hp": 60,
            "magicStones": 50.400000000000716,
            "currency": 0,
            "debugGodmode": false,
            "dead": false,
            "x": -7.65,
            "y": 0.5,
            "z": 19,
            "equippedKeyItemId": "dodge_roll",
            "keyItemCooldownRemaining": 430,
            "cardUseState": null,
            "cardWindupUntil": 0,
            "cardWindupCardId": null,
            "slowedUntil": 0,
            "burningUntil": 0,
            "slowActive": false,
            "burnActive": false
          },
          "windupFlashing": false,
          "keyItemIndicatorOnCooldown": true,
          "keyItemIndicatorText": "0.4",
          "players": 2,
          "squadmates": [
            {
              "id": "e968f764-65cb-4208-8f75-bfff4b868596",
              "x": -6,
              "z": 27
            }
          ],
          "enemies": 2,
          "enemyHp": [
            {
              "id": "fa13117a-5916-47ea-b13c-38f83678b44d",
              "hp": 100,
              "maxHp": 100,
              "type": "grunt",
              "spawnedBy": null,
              "x": -8.850364763655705,
              "z": 27.010454474840333,
              "slowedUntil": 0,
              "burningUntil": 0,
              "frozenUntil": 0,
              "slowActive": false,
              "burnActive": false
            },
            {
              "id": "15700a9e-a9e5-4127-9df1-6069ad1b5b3b",
              "hp": 100,
              "maxHp": 100,
              "type": "grunt",
              "spawnedBy": null,
              "x": -8.71753415662586,
              "z": 28.08539887509865,
              "slowedUntil": 0,
              "burningUntil": 0,
              "frozenUntil": 0,
              "slowActive": false,
              "burnActive": false
            }
          ],
          "minions": [],
          "hand": [
            {
              "id": "battle_familiar",
              "name": "Signal Familiar",
              "type": "spell",
              "remainingCharges": 1,
              "charges": 1,
              "activeMinionId": null,
              "burnMaxTtl": null,
              "burnLabel": "1/1",
              "creatureBurning": false,
              "isEvolved": false
            },
            {
              "id": "flame_blade",
              "name": "Solar Edge",
              "type": "weapon",
              "remainingCharges": 2,
              "charges": 2,
              "activeMinionId": null,
              "burnMaxTtl": null,
              "burnLabel": "2/2",
              "creatureBurning": false,
              "isEvolved": false
            },
            {
              "id": "dungeon_drake",
              "name": "Vault Wyrm",
              "type": "creature",
              "remainingCharges": 1,
              "charges": 1,
              "activeMinionId": null,
              "burnMaxTtl": null,
              "burnLabel": "1/1",
              "creatureBurning": false,
              "isEvolved": false,
              "specialEffect": "burning_breath"
            },
            {
              "id": "dungeon_drake",
              "name": "Vault Wyrm",
              "type": "creature",
              "remainingCharges": 1,
              "charges": 1,
              "activeMinionId": null,
              "burnMaxTtl": null,
              "burnLabel": "1/1",
              "creatureBurning": false,
              "isEvolved": false,
              "specialEffect": "burning_breath"
            },
            {
              "id": "flame_blade",
              "name": "Solar Edge",
              "type": "weapon",
              "remainingCharges": 2,
              "charges": 2,
              "activeMinionId": null,
              "burnMaxTtl": null,
              "burnLabel": "2/2",
              "creatureBurning": false,
              "isEvolved": false
            },
            null
          ],
          "inventory": [
            {
              "instanceId": "006d8238-1b9e-4aac-b5b1-3d0048b07b99",
              "cardId": "iron_sword",
              "grind": 0
            },
            {
              "instanceId": "d70f66b5-8e8c-43ab-afda-144d07566265",
              "cardId": "flame_blade",
              "grind": 0
            },
            {
              "instanceId": "f0a8122a-b4ac-49ed-9f1a-427ba6b80710",
              "cardId": "battle_familiar",
              "grind": 0
            },
            {
              "instanceId": "8acf2609-e42b-47b2-8801-1494a5522c22",
              "cardId": "dungeon_drake",
              "grind": 0
            },
            {
              "instanceId": "a14fc4cb-6a0d-4c8b-bc61-3088bba7a394",
              "cardId": "iron_sword",
              "grind": 0
            },
            {
              "instanceId": "0427395e-1a1d-4179-b857-e54cc71b32c8",
              "cardId": "iron_sword",
              "grind": 0
            },
            {
              "instanceId": "cf5adbaf-d733-445b-bf45-de678a1376ab",
              "cardId": "iron_sword",
              "grind": 0
            },
            {
              "instanceId": "50f9b123-6be2-4680-a4ca-6dbf17eb2f64",
              "cardId": "battle_familiar",
              "grind": 0
            },
            {
              "instanceId": "c2de0035-3291-4fae-a248-3aa650d01d66",
              "cardId": "battle_familiar",
              "grind": 0
            },
            {
              "instanceId": "e10acc50-6af5-4d34-8d86-9143d8df5354",
              "cardId": "flame_blade",
              "grind": 0
            },
            {
              "instanceId": "5d7235a7-9c8d-4f72-8833-ace3d261f17c",
              "cardId": "flame_blade",
              "grind": 0
            },
            {
              "instanceId": "17db3e2b-8560-4cb1-ab1d-b8dd6f32894d",
              "cardId": "dungeon_drake",
              "grind": 0
            }
          ],
          "lastEvolutionResult": null
        },
        "keyItemIndicatorOnCooldown": true,
        "keyItemIndicatorText": "\n        \n        Dodge Roll\n        E\n        0.4\n      ",
        "keyItemCooldownRemaining": 430,
        "status": "Latency: 1ms",
        "hasCanvas": true,
        "canvasCount": 2,
        "lobbyVisible": false,
        "cardHandVisible": true,
        "title": "Void Grimoire",
        "bodyText": "👤\nLv\n🔊\n⚙\n6A\nLV\n1\nHP\n60/100\nMS\n50/99\nDeck: 7/12\n⟡ 5\n✦ 2\n🐉 0\n✨ 0\nMoney 0\nLatency: 1ms\nDodge Roll\nE\n0.4\nInitiate Vault\nPurged 0 / 6 hostiles\n01\nRewa: Rewa on channel. Move with WASD, close on the opening grunts, and strike with your melee weapon to start the sweep.\nClick to attack · press 1–6 to cast cards\n1\n✦\nSignal Familiar\n50 MS\n1/1\n2\n⚔\nSolar Edge\n650ms wind-up\n2/2\n3\n🐉\nVault Wyrm\nBURNING BREATH\n600ms wind-up\n1/1\n4\n🐉\nVault Wyrm\nBURNING BREATH\n600ms wind-up\n1/1\n5\n⚔\nSolar Edge\n650ms wind-up\n2/2"
      }
    },
    {
      "player": "A",
      "description": "Final capture probe.",
      "data": {
        "harnessState": {
          "debugScenario": null,
          "debugScenarioAllowed": true,
          "debugScenarioResult": null,
          "debugGodmodeResult": null,
          "objective": {
            "type": "defeat_enemies",
            "totalEnemies": 6,
            "activeEnemyCount": 2,
            "defeatedEnemies": 0,
            "label": "Initiate Vault: Sweep annex holding pens in scripted waves and breach the deeper vault wing."
          },
          "encounter": null,
          "bossEncounter": null,
          "runObjectiveComplete": false,
          "lastRunSummary": null,
          "sortieCompleteOverlayVisible": false,
          "myId": "6a88d8c6-c4d6-4cf1-8b76-34c5fdeffb77",
          "selectedDeck": [
            "006d8238-1b9e-4aac-b5b1-3d0048b07b99",
            "d70f66b5-8e8c-43ab-afda-144d07566265",
            "f0a8122a-b4ac-49ed-9f1a-427ba6b80710",
            "8acf2609-e42b-47b2-8801-1494a5522c22",
            "a14fc4cb-6a0d-4c8b-bc61-3088bba7a394",
            "0427395e-1a1d-4179-b857-e54cc71b32c8",
            "cf5adbaf-d733-445b-bf45-de678a1376ab",
            "50f9b123-6be2-4680-a4ca-6dbf17eb2f64",
            "c2de0035-3291-4fae-a248-3aa650d01d66",
            "e10acc50-6af5-4d34-8d86-9143d8df5354",
            "5d7235a7-9c8d-4f72-8833-ace3d261f17c",
            "17db3e2b-8560-4cb1-ab1d-b8dd6f32894d"
          ],
          "phase": "playing",
          "runStatus": "playing",
          "suspendedRunSummary": null,
          "extracted": false,
          "telepipe": null,
          "layout": {
            "profile": "crowded",
            "seed": 352369970,
            "roomCount": 10,
            "startRoom": {
              "x": -9,
              "z": 27,
              "role": "start"
            }
          },
          "connectionState": "connected",
          "sceneInitialized": true,
          "hasCanvas": true,
          "lobbyVisible": false,
          "lobbyMenuDismissed": true,
          "characterBoothOpen": false,
          "deckEditorVisible": false,
          "runId": "f4707ba9-9f35-4af8-a799-42deea0bc1a4",
          "resumeBtnUsable": false,
          "abandonRunBtnUsable": false,
          "cardHandVisible": true,
          "status": "Latency: 0ms",
          "hpText": "60/100",
          "msText": "50/99",
          "currencyText": "Money 0",
          "currency": 0,
          "player": {
            "hp": 60,
            "magicStones": 50.46500000000075,
            "currency": 0,
            "debugGodmode": false,
            "dead": false,
            "x": -7.65,
            "y": 0.5,
            "z": 19,
            "equippedKeyItemId": "dodge_roll",
            "keyItemCooldownRemaining": 0,
            "cardUseState": null,
            "cardWindupUntil": 0,
            "cardWindupCardId": null,
            "slowedUntil": 0,
            "burningUntil": 0,
            "slowActive": false,
            "burnActive": false
          },
          "windupFlashing": false,
          "keyItemIndicatorOnCooldown": false,
          "keyItemIndicatorText": "",
          "players": 2,
          "squadmates": [
            {
              "id": "e968f764-65cb-4208-8f75-bfff4b868596",
              "x": -6,
              "z": 27
            }
          ],
          "enemies": 2,
          "enemyHp": [
            {
              "id": "fa13117a-5916-47ea-b13c-38f83678b44d",
              "hp": 100,
              "maxHp": 100,
              "type": "grunt",
              "spawnedBy": null,
              "x": -8.201945406163759,
              "z": 27.055757199148445,
              "slowedUntil": 0,
              "burningUntil": 0,
              "frozenUntil": 0,
              "slowActive": false,
              "burnActive": false
            },
            {
              "id": "15700a9e-a9e5-4127-9df1-6069ad1b5b3b",
              "hp": 100,
              "maxHp": 100,
              "type": "grunt",
              "spawnedBy": null,
              "x": -8.071339110419785,
              "z": 28.155626805857935,
              "slowedUntil": 0,
              "burningUntil": 0,
              "frozenUntil": 0,
              "slowActive": false,
              "burnActive": false
            }
          ],
          "minions": [],
          "hand": [
            {
              "id": "battle_familiar",
              "name": "Signal Familiar",
              "type": "spell",
              "remainingCharges": 1,
              "charges": 1,
              "activeMinionId": null,
              "burnMaxTtl": null,
              "burnLabel": "1/1",
              "creatureBurning": false,
              "isEvolved": false
            },
            {
              "id": "flame_blade",
              "name": "Solar Edge",
              "type": "weapon",
              "remainingCharges": 2,
              "charges": 2,
              "activeMinionId": null,
              "burnMaxTtl": null,
              "burnLabel": "2/2",
              "creatureBurning": false,
              "isEvolved": false
            },
            {
              "id": "dungeon_drake",
              "name": "Vault Wyrm",
              "type": "creature",
              "remainingCharges": 1,
              "charges": 1,
              "activeMinionId": null,
              "burnMaxTtl": null,
              "burnLabel": "1/1",
              "creatureBurning": false,
              "isEvolved": false,
              "specialEffect": "burning_breath"
            },
            {
              "id": "dungeon_drake",
              "name": "Vault Wyrm",
              "type": "creature",
              "remainingCharges": 1,
              "charges": 1,
              "activeMinionId": null,
              "burnMaxTtl": null,
              "burnLabel": "1/1",
              "creatureBurning": false,
              "isEvolved": false,
              "specialEffect": "burning_breath"
            },
            {
              "id": "flame_blade",
              "name": "Solar Edge",
              "type": "weapon",
              "remainingCharges": 2,
              "charges": 2,
              "activeMinionId": null,
              "burnMaxTtl": null,
              "burnLabel": "2/2",
              "creatureBurning": false,
              "isEvolved": false
            },
            null
          ],
          "inventory": [
            {
              "instanceId": "006d8238-1b9e-4aac-b5b1-3d0048b07b99",
              "cardId": "iron_sword",
              "grind": 0
            },
            {
              "instanceId": "d70f66b5-8e8c-43ab-afda-144d07566265",
              "cardId": "flame_blade",
              "grind": 0
            },
            {
              "instanceId": "f0a8122a-b4ac-49ed-9f1a-427ba6b80710",
              "cardId": "battle_familiar",
              "grind": 0
            },
            {
              "instanceId": "8acf2609-e42b-47b2-8801-1494a5522c22",
              "cardId": "dungeon_drake",
              "grind": 0
            },
            {
              "instanceId": "a14fc4cb-6a0d-4c8b-bc61-3088bba7a394",
              "cardId": "iron_sword",
              "grind": 0
            },
            {
              "instanceId": "0427395e-1a1d-4179-b857-e54cc71b32c8",
              "cardId": "iron_sword",
              "grind": 0
            },
            {
              "instanceId": "cf5adbaf-d733-445b-bf45-de678a1376ab",
              "cardId": "iron_sword",
              "grind": 0
            },
            {
              "instanceId": "50f9b123-6be2-4680-a4ca-6dbf17eb2f64",
              "cardId": "battle_familiar",
              "grind": 0
            },
            {
              "instanceId": "c2de0035-3291-4fae-a248-3aa650d01d66",
              "cardId": "battle_familiar",
              "grind": 0
            },
            {
              "instanceId": "e10acc50-6af5-4d34-8d86-9143d8df5354",
              "cardId": "flame_blade",
              "grind": 0
            },
            {
              "instanceId": "5d7235a7-9c8d-4f72-8833-ace3d261f17c",
              "cardId": "flame_blade",
              "grind": 0
            },
            {
              "instanceId": "17db3e2b-8560-4cb1-ab1d-b8dd6f32894d",
              "cardId": "dungeon_drake",
              "grind": 0
            }
          ],
          "lastEvolutionResult": null
        },
        "keyItemIndicatorOnCooldown": false,
        "keyItemIndicatorText": "\n        \n        Dodge Roll\n        E\n        \n      ",
        "keyItemCooldownRemaining": 0,
        "status": "Latency: 0ms",
        "hasCanvas": true,
        "canvasCount": 2,
        "lobbyVisible": false,
        "cardHandVisible": true,
        "title": "Void Grimoire",
        "bodyText": "👤\nLv\n🔊\n⚙\n6A\nLV\n1\nHP\n60/100\nMS\n50/99\nDeck: 7/12\n⟡ 5\n✦ 2\n🐉 0\n✨ 0\nMoney 0\nLatency: 0ms\nDodge Roll\nE\nInitiate Vault\nPurged 0 / 6 hostiles\n01\nRewa: Rewa on channel. Move with WASD, close on the opening grunts, and strike with your melee weapon to start the sweep.\nClick to attack · press 1–6 to cast cards\n1\n✦\nSignal Familiar\n50 MS\n1/1\n2\n⚔\nSolar Edge\n650ms wind-up\n2/2\n3\n🐉\nVault Wyrm\nBURNING BREATH\n600ms wind-up\n1/1\n4\n🐉\nVault Wyrm\nBURNING BREATH\n600ms wind-up\n1/1\n5\n⚔\nSolar Edge\n650ms wind-up\n2/2"
      }
    }
  ],
  "pageerrors": []
}
