
 RUN  v3.2.4 /home/matt/workspace/autogame/game
      Coverage enabled with v8

stdout | server/test/card_sync.test.js
[server] Dungeon seed: 2062350771, rooms: 9
[server] Dungeon bounds: x [-39.0, 19.0], z [-39.0, 38.0]

stdout | server/test/server.test.js
[server] Dungeon seed: 191937079, rooms: 9
[server] Dungeon bounds: x [-39.0, 39.5], z [-39.5, 39.5]

 ✓ |server| server/test/card_sync.test.js (3 tests) 2ms
stdout | server/test/integration.test.js
[server] Dungeon seed: 2021660085, rooms: 9
[server] Dungeon bounds: x [-39.0, 19.5], z [-39.0, 39.0]

stdout | server/test/integration.test.js > Socket Integration — Connection Flow > client receives init event with id, state, layoutSeed, layout
Server listening on port 0

stdout | server/test/server.test.js > updateMinions() > spawns loot for dead enemies and removes them
[loot] spawned id=76f2d832-93cd-4e93-924b-252f0b431e97 value=11

stdout | server/test/server.test.js > spawnLoot(x, z) > creates loot with correct structure when it spawns
[loot] spawned id=97b77a66-8cdb-4b8c-a23c-94b0de4d90ca value=11

stdout | server/test/server.test.js > spawnLoot(x, z) > loot value is in range [5, 20)
[loot] spawned id=d1b86e3e-ac35-41af-b9c7-468cb447a8ba value=13

stdout | server/test/server.test.js > spawnLoot(x, z) > loot createdAt is a timestamp
[loot] spawned id=a627bab0-03cc-4175-a971-fc6ab27e93c0 value=11

stdout | server/test/server.test.js > cleanupStalePlayers > removes players inactive for STALE_THRESHOLD ms
Player disconnected due to inactivity: p1

stdout | server/test/server.test.js > cleanupStalePlayers > removes multiple stale players
Player disconnected due to inactivity: p1
Player disconnected due to inactivity: p2

stdout | server/test/integration.test.js > Socket Integration — Connection Flow > client receives init event with id, state, layoutSeed, layout
Player connected: c-NKFRg3TE-EkPdoAAAB

stdout | server/test/integration.test.js > Socket Integration — Connection Flow > client receives init event with id, state, layoutSeed, layout
Player disconnected: c-NKFRg3TE-EkPdoAAAB

stdout | server/test/integration.test.js > Socket Integration — Connection Flow > server registers the player in gameState.players
Server listening on port 0

stdout | server/test/integration.test.js > Socket Integration — Connection Flow > server registers the player in gameState.players
Player connected: -H45DtYXv5a4eIE2AAAD

stdout | server/test/integration.test.js > Socket Integration — Connection Flow > server registers the player in gameState.players
Player disconnected: -H45DtYXv5a4eIE2AAAD

stdout | server/test/integration.test.js > Socket Integration — Move Event > emits move and server broadcasts stateUpdate with new position
Server listening on port 0

stdout | server/test/integration.test.js > Socket Integration — Move Event > emits move and server broadcasts stateUpdate with new position
Player connected: J3PoycoLF24j2eLvAAAF

 ✓ |server| server/test/server.test.js (172 tests) 32ms
stdout | server/test/integration.test.js > Socket Integration — Move Event > emits move and server broadcasts stateUpdate with new position
Player disconnected: J3PoycoLF24j2eLvAAAF

stdout | server/test/integration.test.js > Socket Integration — Move Event > clamps position to dungeon bounds
Server listening on port 0

stdout | server/test/integration.test.js > Socket Integration — Move Event > clamps position to dungeon bounds
Player connected: 6wkDepC8r9ZM4N-oAAAH

stdout | server/test/integration.test.js > Socket Integration — Move Event > clamps position to dungeon bounds
Player disconnected: 6wkDepC8r9ZM4N-oAAAH

stdout | server/test/integration.test.js > Socket Integration — Move Event > dead player cannot move
Server listening on port 0

stdout | server/test/integration.test.js > Socket Integration — Move Event > dead player cannot move
Player connected: S59UdrrzNcxTt-dEAAAJ

stdout | server/test/integration.test.js > Socket Integration — Move Event > dead player cannot move
Player disconnected: S59UdrrzNcxTt-dEAAAJ

stdout | server/test/integration.test.js > Socket Integration — Move Event > applies MOVE_SPEED to normalized input with capped elapsed
Server listening on port 0

stdout | server/test/integration.test.js > Socket Integration — Move Event > applies MOVE_SPEED to normalized input with capped elapsed
Player connected: 5Cna6_Yga2l86mZDAAAL

stdout | server/test/integration.test.js > Socket Integration — Move Event > applies MOVE_SPEED to normalized input with capped elapsed
Player disconnected: 5Cna6_Yga2l86mZDAAAL

stdout | server/test/integration.test.js > Socket Integration — Invalid Move Rejection > rejects move with missing fields
Server listening on port 0

stdout | server/test/integration.test.js > Socket Integration — Invalid Move Rejection > rejects move with missing fields
Player connected: Uuy3vLJE82-Avj8FAAAN

stdout | server/test/integration.test.js > Socket Integration — Invalid Move Rejection > rejects move with missing fields
Player disconnected: Uuy3vLJE82-Avj8FAAAN

stdout | server/test/integration.test.js > Socket Integration — Invalid Move Rejection > rejects move with non-numeric fields
Server listening on port 0

stdout | server/test/integration.test.js > Socket Integration — Invalid Move Rejection > rejects move with non-numeric fields
Player connected: O6k3BsHAw78rNCDpAAAP

stdout | server/test/integration.test.js > Socket Integration — Invalid Move Rejection > rejects move with non-numeric fields
Player disconnected: O6k3BsHAw78rNCDpAAAP

stdout | server/test/integration.test.js > Socket Integration — Invalid Move Rejection > rejects move with null payload
Server listening on port 0

stdout | server/test/integration.test.js > Socket Integration — Invalid Move Rejection > rejects move with null payload
Player connected: kmSglLoDcZfhWF6aAAAR

stdout | server/test/integration.test.js > Socket Integration — Invalid Move Rejection > rejects move with null payload
Player disconnected: kmSglLoDcZfhWF6aAAAR

stdout | server/test/integration.test.js > Socket Integration — Invalid Move Rejection > rejects move with array payload
Server listening on port 0

stdout | server/test/integration.test.js > Socket Integration — Invalid Move Rejection > rejects move with array payload
Player connected: AUQmOJDuCmgbiVHKAAAT

stdout | server/test/integration.test.js > Socket Integration — Invalid Move Rejection > rejects move with array payload
Player disconnected: AUQmOJDuCmgbiVHKAAAT

stdout | server/test/integration.test.js > Socket Integration — Invalid Move Rejection > rejects move with NaN fields
Server listening on port 0

stdout | server/test/integration.test.js > Socket Integration — Invalid Move Rejection > rejects move with NaN fields
Player connected: dF8Fshy9X_-dlCm-AAAV

stdout | server/test/integration.test.js > Socket Integration — Invalid Move Rejection > rejects move with NaN fields
Player disconnected: dF8Fshy9X_-dlCm-AAAV

stdout | server/test/integration.test.js > Socket Integration — useCard Event > Weapon card > emits useCard, server processes cone attack and broadcasts cardUsed
Server listening on port 0

stdout | server/test/integration.test.js > Socket Integration — useCard Event > Weapon card > emits useCard, server processes cone attack and broadcasts cardUsed
Player connected: HCdfalIrBv72zD39AAAX

stdout | server/test/integration.test.js > Socket Integration — useCard Event > Weapon card > emits useCard, server processes cone attack and broadcasts cardUsed
Player disconnected: HCdfalIrBv72zD39AAAX

stdout | server/test/integration.test.js > Socket Integration — useCard Event > Summon card > emits useCard, server processes radial AoE and deducts magic stones
Server listening on port 0

stdout | server/test/integration.test.js > Socket Integration — useCard Event > Summon card > emits useCard, server processes radial AoE and deducts magic stones
Player connected: 1j8kxvPTHBHGe6zdAAAZ

 ✓ |client| client/test/main.test.js (71 tests) 361ms
stdout | server/test/integration.test.js > Socket Integration — useCard Event > Summon card > emits useCard, server processes radial AoE and deducts magic stones
Player disconnected: 1j8kxvPTHBHGe6zdAAAZ

stdout | server/test/integration.test.js > Socket Integration — useCard Event > Summon card > rejects summon when not enough magic stones
Server listening on port 0

stdout | server/test/integration.test.js > Socket Integration — useCard Event > Summon card > rejects summon when not enough magic stones
Player connected: 3rUMA5iADrr47kyVAAAb

stdout | server/test/integration.test.js > Socket Integration — useCard Event > Summon card > rejects summon when not enough magic stones
Player disconnected: 3rUMA5iADrr47kyVAAAb

stdout | server/test/integration.test.js > Socket Integration — useCard Event > Monster card > emits useCard, server spawns a minion in gameState.minions
Server listening on port 0

stdout | server/test/integration.test.js > Socket Integration — useCard Event > Monster card > emits useCard, server spawns a minion in gameState.minions
Player connected: 7DkIuoYp2Uw8sBzJAAAd

stdout | server/test/integration.test.js > Socket Integration — useCard Event > Monster card > emits useCard, server spawns a minion in gameState.minions
Player disconnected: 7DkIuoYp2Uw8sBzJAAAd

stdout | server/test/integration.test.js > Socket Integration — Heartbeat Event > client emits heartbeat, server responds with heartbeat_ack containing latency
Server listening on port 0

stdout | server/test/integration.test.js > Socket Integration — Heartbeat Event > client emits heartbeat, server responds with heartbeat_ack containing latency
Player connected: GSOGiDNCqcfZTQTEAAAf

stdout | server/test/integration.test.js > Socket Integration — Heartbeat Event > client emits heartbeat, server responds with heartbeat_ack containing latency
Player disconnected: GSOGiDNCqcfZTQTEAAAf

stdout | server/test/integration.test.js > Socket Integration — Heartbeat Event > rejects heartbeat with invalid payload
Server listening on port 0

stdout | server/test/integration.test.js > Socket Integration — Heartbeat Event > rejects heartbeat with invalid payload
Player connected: 8GUg-K3WwKtKokciAAAh

stderr | server/test/integration.test.js > Socket Integration — Heartbeat Event > rejects heartbeat with invalid payload
Rejected heartbeat from 8GUg-K3WwKtKokciAAAh: invalid payload

stdout | server/test/integration.test.js > Socket Integration — Heartbeat Event > rejects heartbeat with invalid payload
Player disconnected: 8GUg-K3WwKtKokciAAAh

stdout | server/test/integration.test.js > Socket Integration — Disconnect Event > removes player from gameState.players on disconnect
Server listening on port 0

stdout | server/test/integration.test.js > Socket Integration — Disconnect Event > removes player from gameState.players on disconnect
Player connected: 2FZvcf-6tK1IKs04AAAj

stdout | server/test/integration.test.js > Socket Integration — Disconnect Event > removes player from gameState.players on disconnect
Player disconnected: 2FZvcf-6tK1IKs04AAAj

stdout | server/test/integration.test.js > Socket Integration — Disconnect Event > cleans up owned minions on disconnect
Server listening on port 0

stdout | server/test/integration.test.js > Socket Integration — Disconnect Event > cleans up owned minions on disconnect
Player connected: CqEyX0zjqDSUXr6ZAAAl

stdout | server/test/integration.test.js > Socket Integration — Disconnect Event > cleans up owned minions on disconnect
Player disconnected: CqEyX0zjqDSUXr6ZAAAl

stdout | server/test/integration.test.js > Socket Integration — Last Player Disconnect Resets Run > resets gamePhase to lobby when last player disconnects during active run
Server listening on port 0

stdout | server/test/integration.test.js > Socket Integration — Last Player Disconnect Resets Run > resets gamePhase to lobby when last player disconnects during active run
Player connected: DjoNUrwoX5lZhzubAAAn

stdout | server/test/integration.test.js > Socket Integration — Last Player Disconnect Resets Run > resets gamePhase to lobby when last player disconnects during active run
Player disconnected: DjoNUrwoX5lZhzubAAAn

stdout | server/test/integration.test.js > Socket Integration — Last Player Disconnect Resets Run > clears gameState.run when last player disconnects
Server listening on port 0

stdout | server/test/integration.test.js > Socket Integration — Last Player Disconnect Resets Run > clears gameState.run when last player disconnects
Player connected: Uvx0Ht-E3_3lBW-wAAAp

stdout | server/test/integration.test.js > Socket Integration — Last Player Disconnect Resets Run > clears gameState.run when last player disconnects
Player disconnected: Uvx0Ht-E3_3lBW-wAAAp

stdout | server/test/integration.test.js > Socket Integration — Last Player Disconnect Resets Run > clears enemies, minions, and loot when last player disconnects
Server listening on port 0

stdout | server/test/integration.test.js > Socket Integration — Last Player Disconnect Resets Run > clears enemies, minions, and loot when last player disconnects
Player connected: e0IN67DZ6Vlzud4rAAAr

stdout | server/test/integration.test.js > Socket Integration — Last Player Disconnect Resets Run > clears enemies, minions, and loot when last player disconnects
Player disconnected: e0IN67DZ6Vlzud4rAAAr

stdout | server/test/integration.test.js > Socket Integration — Last Player Disconnect Resets Run > does not reset run when a second player remains connected
Server listening on port 0

stdout | server/test/integration.test.js > Socket Integration — Last Player Disconnect Resets Run > does not reset run when a second player remains connected
Player connected: Fc53XfIiXXyvJi6AAAAt

stdout | server/test/integration.test.js > Socket Integration — Last Player Disconnect Resets Run > does not reset run when a second player remains connected
Player connected: 5ez37-A1lMsymNiEAAAv

stdout | server/test/integration.test.js > Socket Integration — Last Player Disconnect Resets Run > does not reset run when a second player remains connected
Player disconnected: Fc53XfIiXXyvJi6AAAAt

stdout | server/test/integration.test.js > Socket Integration — Last Player Disconnect Resets Run > does not reset run when a second player remains connected
Player disconnected: 5ez37-A1lMsymNiEAAAv

stdout | server/test/integration.test.js > Socket Integration — Last Player Disconnect Resets Run > does not reset run when one of multiple players disconnects
Server listening on port 0

stdout | server/test/integration.test.js > Socket Integration — Last Player Disconnect Resets Run > does not reset run when one of multiple players disconnects
Player connected: J_DjZwvXG_sjydmAAAAx

stdout | server/test/integration.test.js > Socket Integration — Last Player Disconnect Resets Run > does not reset run when one of multiple players disconnects
Player connected: TfYzA_J0XaN0nvNiAAAz

stdout | server/test/integration.test.js > Socket Integration — Last Player Disconnect Resets Run > does not reset run when one of multiple players disconnects
Player disconnected: J_DjZwvXG_sjydmAAAAx

stdout | server/test/integration.test.js > Socket Integration — Last Player Disconnect Resets Run > does not reset run when one of multiple players disconnects
Player disconnected: TfYzA_J0XaN0nvNiAAAz

stdout | server/test/integration.test.js > Socket Integration — Last Player Disconnect Resets Run > resets to lobby when last player disconnects in terminal run state
Server listening on port 0

stdout | server/test/integration.test.js > Socket Integration — Last Player Disconnect Resets Run > resets to lobby when last player disconnects in terminal run state
Player connected: zgOAeJZnjoImvVjxAAA1

stdout | server/test/integration.test.js > Socket Integration — Last Player Disconnect Resets Run > resets to lobby when last player disconnects in terminal run state
Player disconnected: zgOAeJZnjoImvVjxAAA1

stdout | server/test/integration.test.js > Socket Integration — Last Player Disconnect Resets Run > new connection receives clean lobby init after last player disconnects
Server listening on port 0

stdout | server/test/integration.test.js > Socket Integration — Last Player Disconnect Resets Run > new connection receives clean lobby init after last player disconnects
Player connected: 5B03jlSKwMJ1Zmb7AAA3

stdout | server/test/integration.test.js > Socket Integration — Last Player Disconnect Resets Run > new connection receives clean lobby init after last player disconnects
Player disconnected: 5B03jlSKwMJ1Zmb7AAA3

stdout | server/test/integration.test.js > Socket Integration — Last Player Disconnect Resets Run > new connection receives clean lobby init after last player disconnects
Player connected: uWZyOnSSTmZk6duMAAA5

stdout | server/test/integration.test.js > Socket Integration — Last Player Disconnect Resets Run > new connection receives clean lobby init after last player disconnects
Player disconnected: uWZyOnSSTmZk6duMAAA5

stdout | server/test/integration.test.js > Socket Integration — Lobby / playerReady Flow > two players connect, both emit playerReady(true), both receive startGame
Server listening on port 0

stdout | server/test/integration.test.js > Socket Integration — Lobby / playerReady Flow > two players connect, both emit playerReady(true), both receive startGame
Player connected: b1wXZsZ19Ex6U13VAAA7

stdout | server/test/integration.test.js > Socket Integration — Lobby / playerReady Flow > two players connect, both emit playerReady(true), both receive startGame
Player connected: 4-G597UJA34gFLDCAAA9

stdout | server/test/integration.test.js > Socket Integration — Lobby / playerReady Flow > two players connect, both emit playerReady(true), both receive startGame
Player disconnected: b1wXZsZ19Ex6U13VAAA7

stdout | server/test/integration.test.js > Socket Integration — Lobby / playerReady Flow > two players connect, both emit playerReady(true), both receive startGame
Player disconnected: 4-G597UJA34gFLDCAAA9

stdout | server/test/integration.test.js > Socket Integration — Lobby / playerReady Flow > broadcasts lobbyUpdate on playerReady
Server listening on port 0

stdout | server/test/integration.test.js > Socket Integration — Lobby / playerReady Flow > broadcasts lobbyUpdate on playerReady
Player connected: -sy2q8Y4zcbf1XCKAAA_

stdout | server/test/integration.test.js > Socket Integration — Lobby / playerReady Flow > broadcasts lobbyUpdate on playerReady
Player connected: eupdPhBsaCnGIdAqAABB

stdout | server/test/integration.test.js > Socket Integration — Lobby / playerReady Flow > broadcasts lobbyUpdate on playerReady
Player disconnected: eupdPhBsaCnGIdAqAABB

stdout | server/test/integration.test.js > Socket Integration — Lobby / playerReady Flow > broadcasts lobbyUpdate on playerReady
Player disconnected: -sy2q8Y4zcbf1XCKAAA_

stdout | server/test/integration.test.js > dungeon run objective > both players receive state containing run object with correct initial values after game starts
Server listening on port 0

stdout | server/test/integration.test.js > dungeon run objective > both players receive state containing run object with correct initial values after game starts
Player connected: P4mdexgNdALGVcIqAABD

stdout | server/test/integration.test.js > dungeon run objective > both players receive state containing run object with correct initial values after game starts
Player connected: oyXFGb2CMpZlIs2BAABF

stdout | server/test/integration.test.js > dungeon run objective > both players receive state containing run object with correct initial values after game starts
Player disconnected: P4mdexgNdALGVcIqAABD

stdout | server/test/integration.test.js > dungeon run objective > both players receive state containing run object with correct initial values after game starts
Player disconnected: oyXFGb2CMpZlIs2BAABF

stdout | server/test/integration.test.js > dungeon run objective > killing an enemy through useCard advances run.objective.defeatedEnemies by 1
Server listening on port 0

stdout | server/test/integration.test.js > dungeon run objective > killing an enemy through useCard advances run.objective.defeatedEnemies by 1
Player connected: n_5SFz19OmWXi8yPAABH

stdout | server/test/integration.test.js > dungeon run objective > killing an enemy through useCard advances run.objective.defeatedEnemies by 1
Player connected: ipkBziiS4P_8BO-uAABJ

stdout | server/test/integration.test.js > dungeon run objective > killing an enemy through useCard advances run.objective.defeatedEnemies by 1
[loot] spawned id=652ef704-2a9f-43e6-a312-ecbe0a17a84d value=7

stdout | server/test/integration.test.js > dungeon run objective > killing an enemy through useCard advances run.objective.defeatedEnemies by 1
Player disconnected: n_5SFz19OmWXi8yPAABH

stdout | server/test/integration.test.js > dungeon run objective > killing an enemy through useCard advances run.objective.defeatedEnemies by 1
Player disconnected: ipkBziiS4P_8BO-uAABJ

stdout | server/test/integration.test.js > Run terminal state — integration > runComplete is emitted after the last enemy is defeated via a weapon card
Server listening on port 0

stdout | server/test/integration.test.js > Run terminal state — integration > runComplete is emitted after the last enemy is defeated via a weapon card
Player connected: uN5575JB64-i1XTIAABL

stdout | server/test/integration.test.js > Run terminal state — integration > runComplete is emitted after the last enemy is defeated via a weapon card
Player connected: YOfj7zE1VHydQFxSAABN

stdout | server/test/integration.test.js > Run terminal state — integration > runComplete is emitted after the last enemy is defeated via a weapon card
Player disconnected: uN5575JB64-i1XTIAABL

stdout | server/test/integration.test.js > Run terminal state — integration > runComplete is emitted after the last enemy is defeated via a weapon card
Player disconnected: YOfj7zE1VHydQFxSAABN

stdout | server/test/integration.test.js > Run terminal state — integration > runFailed is emitted when all connected players are dead during a run
Server listening on port 0

stdout | server/test/integration.test.js > Run terminal state — integration > runFailed is emitted when all connected players are dead during a run
Player connected: bYDEeh7ZbVzxqe02AABP

stdout | server/test/integration.test.js > Run terminal state — integration > runFailed is emitted when all connected players are dead during a run
Player connected: bQHnxayDR2bxGnRXAABR

stdout | server/test/integration.test.js > Run terminal state — integration > runFailed is emitted when all connected players are dead during a run
Player disconnected: bYDEeh7ZbVzxqe02AABP

stdout | server/test/integration.test.js > Run terminal state — integration > runFailed is emitted when all connected players are dead during a run
Player disconnected: bQHnxayDR2bxGnRXAABR

stdout | server/test/integration.test.js > Run terminal state — integration > returnToLobby resets gamePhase, clears run, empties enemies/minions/loot, and sets players to ready: false
Server listening on port 0

stdout | server/test/integration.test.js > Run terminal state — integration > returnToLobby resets gamePhase, clears run, empties enemies/minions/loot, and sets players to ready: false
Player connected: wgKHMRWz85COQM8PAABT

stdout | server/test/integration.test.js > Run terminal state — integration > returnToLobby resets gamePhase, clears run, empties enemies/minions/loot, and sets players to ready: false
Player connected: oGQOJG5rXOFHP3F4AABV

stdout | server/test/integration.test.js > Run terminal state — integration > returnToLobby resets gamePhase, clears run, empties enemies/minions/loot, and sets players to ready: false
Player disconnected: wgKHMRWz85COQM8PAABT

stdout | server/test/integration.test.js > Run terminal state — integration > returnToLobby resets gamePhase, clears run, empties enemies/minions/loot, and sets players to ready: false
Player disconnected: oGQOJG5rXOFHP3F4AABV

stdout | server/test/integration.test.js > Run terminal state — integration > after returnToLobby, players can ready up and start a second run with a fresh objective
Server listening on port 0

stdout | server/test/integration.test.js > Run terminal state — integration > after returnToLobby, players can ready up and start a second run with a fresh objective
Player connected: 62PGDOEl8iif52BeAABX

stdout | server/test/integration.test.js > Run terminal state — integration > after returnToLobby, players can ready up and start a second run with a fresh objective
Player connected: lgNuLEsIbLKGfe8PAABZ

stdout | server/test/integration.test.js > Run terminal state — integration > after returnToLobby, players can ready up and start a second run with a fresh objective
Player disconnected: 62PGDOEl8iif52BeAABX

stdout | server/test/integration.test.js > Run terminal state — integration > after returnToLobby, players can ready up and start a second run with a fresh objective
Player disconnected: lgNuLEsIbLKGfe8PAABZ

stdout | server/test/integration.test.js > Run terminal state — integration > ignores returnToLobby while the run is still playing
Server listening on port 0

stdout | server/test/integration.test.js > Run terminal state — integration > ignores returnToLobby while the run is still playing
Player connected: Or03OGb-n2WIv00IAABb

stdout | server/test/integration.test.js > Run terminal state — integration > ignores returnToLobby while the run is still playing
Player connected: O9yoA8u2ZqUpLbUDAABd

stdout | server/test/integration.test.js > Run terminal state — integration > ignores returnToLobby while the run is still playing
Player disconnected: Or03OGb-n2WIv00IAABb

stdout | server/test/integration.test.js > Run terminal state — integration > ignores returnToLobby while the run is still playing
Player disconnected: O9yoA8u2ZqUpLbUDAABd

stdout | server/test/integration.test.js > Run terminal state — integration > returnToLobby rejects request while run is still playing and emits runError to requesting socket
Server listening on port 0

stdout | server/test/integration.test.js > Run terminal state — integration > returnToLobby rejects request while run is still playing and emits runError to requesting socket
Player connected: 7Vpao-EDoxYV7EPcAABf

stdout | server/test/integration.test.js > Run terminal state — integration > returnToLobby rejects request while run is still playing and emits runError to requesting socket
Player connected: X0dhZUi_FuAOQkL_AABh

stdout | server/test/integration.test.js > Run terminal state — integration > returnToLobby rejects request while run is still playing and emits runError to requesting socket
Player disconnected: 7Vpao-EDoxYV7EPcAABf

stdout | server/test/integration.test.js > Run terminal state — integration > returnToLobby rejects request while run is still playing and emits runError to requesting socket
Player disconnected: X0dhZUi_FuAOQkL_AABh

stdout | server/test/integration.test.js > Rewards in run complete payload > runComplete payload contains per-player rewards with at least one card after a victory
Server listening on port 0

stdout | server/test/integration.test.js > Rewards in run complete payload > runComplete payload contains per-player rewards with at least one card after a victory
Player connected: A9is-p2FZ94NyqgkAABj

stdout | server/test/integration.test.js > Rewards in run complete payload > runComplete payload contains per-player rewards with at least one card after a victory
Player connected: cFbkGHKgxx74yLiTAABl

stdout | server/test/integration.test.js > Rewards in run complete payload > runComplete payload contains per-player rewards with at least one card after a victory
Player disconnected: A9is-p2FZ94NyqgkAABj

stdout | server/test/integration.test.js > Rewards in run complete payload > runComplete payload contains per-player rewards with at least one card after a victory
Player disconnected: cFbkGHKgxx74yLiTAABl

stdout | server/test/integration.test.js > Rewards in run complete payload > runFailed payload contains per-player rewards but no victory card
Server listening on port 0

stdout | server/test/integration.test.js > Rewards in run complete payload > runFailed payload contains per-player rewards but no victory card
Player connected: g0O3O96ZG3HNKNw-AABn

stdout | server/test/integration.test.js > Rewards in run complete payload > runFailed payload contains per-player rewards but no victory card
Player connected: 6x5Q7mI4x0aTNArJAABp

stdout | server/test/integration.test.js > Rewards in run complete payload > runFailed payload contains per-player rewards but no victory card
Player disconnected: g0O3O96ZG3HNKNw-AABn

stdout | server/test/integration.test.js > Rewards in run complete payload > runFailed payload contains per-player rewards but no victory card
Player disconnected: 6x5Q7mI4x0aTNArJAABp

stdout | server/test/integration.test.js > Rewards in run complete payload > currency picked up via lootPickup appears in player currency in the run summary
Server listening on port 0

stdout | server/test/integration.test.js > Rewards in run complete payload > currency picked up via lootPickup appears in player currency in the run summary
Player connected: 51D8-Cl9DpYWjJOSAABr

stdout | server/test/integration.test.js > Rewards in run complete payload > currency picked up via lootPickup appears in player currency in the run summary
Player connected: zom4UloFgvXy9VYhAABt

stdout | server/test/integration.test.js > Rewards in run complete payload > currency picked up via lootPickup appears in player currency in the run summary
[loot] picked up id=loot_test value=15 by 51D8-Cl9DpYWjJOSAABr (currency=15)

stdout | server/test/integration.test.js > Rewards in run complete payload > currency picked up via lootPickup appears in player currency in the run summary
Player disconnected: 51D8-Cl9DpYWjJOSAABr

stdout | server/test/integration.test.js > Rewards in run complete payload > currency picked up via lootPickup appears in player currency in the run summary
Player disconnected: zom4UloFgvXy9VYhAABt

stdout | server/test/integration.test.js > Reward state persistence across runs > after completing a run and returning to lobby, currency and ownedCards are preserved
Server listening on port 0

stdout | server/test/integration.test.js > Reward state persistence across runs > after completing a run and returning to lobby, currency and ownedCards are preserved
Player connected: xnWW8Maq-XdI4qihAABv

stdout | server/test/integration.test.js > Reward state persistence across runs > after completing a run and returning to lobby, currency and ownedCards are preserved
Player connected: cOiuBMDqQOM36o_rAABx

stdout | server/test/integration.test.js > Reward state persistence across runs > after completing a run and returning to lobby, currency and ownedCards are preserved
[loot] spawned id=c46e1dfc-853c-410a-921e-45779a25e460 value=20

stdout | server/test/integration.test.js > Reward state persistence across runs > after completing a run and returning to lobby, currency and ownedCards are preserved
Player disconnected: xnWW8Maq-XdI4qihAABv

stdout | server/test/integration.test.js > Reward state persistence across runs > after completing a run and returning to lobby, currency and ownedCards are preserved
Player disconnected: cOiuBMDqQOM36o_rAABx

stdout | server/test/integration.test.js > Reward state persistence across runs > starting a second run after returning to lobby uses the same currency and ownedCards from previous run
Server listening on port 0

stdout | server/test/integration.test.js > Reward state persistence across runs > starting a second run after returning to lobby uses the same currency and ownedCards from previous run
Player connected: NUm2sxbpj2HrzNLsAABz

stdout | server/test/integration.test.js > Reward state persistence across runs > starting a second run after returning to lobby uses the same currency and ownedCards from previous run
Player connected: W0ZZDvpCQjkQDMhwAAB1

stdout | server/test/integration.test.js > Reward state persistence across runs > starting a second run after returning to lobby uses the same currency and ownedCards from previous run
[loot] spawned id=680d550e-d906-4e33-a531-c854cafbf1a5 value=15

stdout | server/test/integration.test.js > Reward state persistence across runs > starting a second run after returning to lobby uses the same currency and ownedCards from previous run
Player disconnected: NUm2sxbpj2HrzNLsAABz

stdout | server/test/integration.test.js > Reward state persistence across runs > starting a second run after returning to lobby uses the same currency and ownedCards from previous run
Player disconnected: W0ZZDvpCQjkQDMhwAAB1

stdout | server/test/integration.test.js > Reward state persistence across runs > returnPlayersToLobby preserves ownedCards and runRewards
Server listening on port 0

stdout | server/test/integration.test.js > Reward state persistence across runs > returnPlayersToLobby preserves ownedCards and runRewards
Player connected: LLtxef1tObfFBa6mAAB3

stdout | server/test/integration.test.js > Reward state persistence across runs > returnPlayersToLobby preserves ownedCards and runRewards
Player connected: AbMPyx3O0KlJyCgLAAB5

stdout | server/test/integration.test.js > Reward state persistence across runs > returnPlayersToLobby preserves ownedCards and runRewards
Player disconnected: LLtxef1tObfFBa6mAAB3

stdout | server/test/integration.test.js > Reward state persistence across runs > returnPlayersToLobby preserves ownedCards and runRewards
Player disconnected: AbMPyx3O0KlJyCgLAAB5

stdout | server/test/integration.test.js > Deck edit handlers — deckAddCard / deckRemoveCard > player A adds a card and receives deckUpdate; player B deck is unchanged
Server listening on port 0

stdout | server/test/integration.test.js > Deck edit handlers — deckAddCard / deckRemoveCard > player A adds a card and receives deckUpdate; player B deck is unchanged
Player connected: _bxW1oL_OjBv1wSjAAB7

stdout | server/test/integration.test.js > Deck edit handlers — deckAddCard / deckRemoveCard > player A adds a card and receives deckUpdate; player B deck is unchanged
Player connected: BVm1houxwTxan2x1AAB9

stdout | server/test/integration.test.js > Deck edit handlers — deckAddCard / deckRemoveCard > player A adds a card and receives deckUpdate; player B deck is unchanged
Player disconnected: _bxW1oL_OjBv1wSjAAB7

stdout | server/test/integration.test.js > Deck edit handlers — deckAddCard / deckRemoveCard > player A adds a card and receives deckUpdate; player B deck is unchanged
Player disconnected: BVm1houxwTxan2x1AAB9

stdout | server/test/integration.test.js > Deck edit handlers — deckAddCard / deckRemoveCard > player removes a card from deck and receives deckUpdate
Server listening on port 0

stdout | server/test/integration.test.js > Deck edit handlers — deckAddCard / deckRemoveCard > player removes a card from deck and receives deckUpdate
Player connected: DnlL-NITZsm11MVgAAB_

stdout | server/test/integration.test.js > Deck edit handlers — deckAddCard / deckRemoveCard > player removes a card from deck and receives deckUpdate
Player connected: jKJwBI5FpqULD4OgAACB

stdout | server/test/integration.test.js > Deck edit handlers — deckAddCard / deckRemoveCard > player removes a card from deck and receives deckUpdate
Player disconnected: DnlL-NITZsm11MVgAAB_

stdout | server/test/integration.test.js > Deck edit handlers — deckAddCard / deckRemoveCard > player removes a card from deck and receives deckUpdate
Player disconnected: jKJwBI5FpqULD4OgAACB

stdout | server/test/integration.test.js > Deck edit handlers — deckAddCard / deckRemoveCard > deckAddCard during playing phase is silently ignored
Server listening on port 0

stdout | server/test/integration.test.js > Deck edit handlers — deckAddCard / deckRemoveCard > deckAddCard during playing phase is silently ignored
Player connected: vuchQ4K9SvWSx73qAACD

stdout | server/test/integration.test.js > Deck edit handlers — deckAddCard / deckRemoveCard > deckAddCard during playing phase is silently ignored
Player connected: C-vOkr2QZtvyfBDaAACF

stdout | server/test/integration.test.js > Deck edit handlers — deckAddCard / deckRemoveCard > deckAddCard during playing phase is silently ignored
Player disconnected: vuchQ4K9SvWSx73qAACD

stdout | server/test/integration.test.js > Deck edit handlers — deckAddCard / deckRemoveCard > deckAddCard during playing phase is silently ignored
Player disconnected: C-vOkr2QZtvyfBDaAACF

stdout | server/test/integration.test.js > Deck edit handlers — deckAddCard / deckRemoveCard > deckRemoveCard during playing phase is silently ignored
Server listening on port 0

stdout | server/test/integration.test.js > Deck edit handlers — deckAddCard / deckRemoveCard > deckRemoveCard during playing phase is silently ignored
Player connected: _C8UotZhNpfBRwTCAACH

stdout | server/test/integration.test.js > Deck edit handlers — deckAddCard / deckRemoveCard > deckRemoveCard during playing phase is silently ignored
Player connected: rDd8CB4JCU_YBQ9sAACJ

stdout | server/test/integration.test.js > Deck edit handlers — deckAddCard / deckRemoveCard > deckRemoveCard during playing phase is silently ignored
Player disconnected: _C8UotZhNpfBRwTCAACH

stdout | server/test/integration.test.js > Deck edit handlers — deckAddCard / deckRemoveCard > deckRemoveCard during playing phase is silently ignored
Player disconnected: rDd8CB4JCU_YBQ9sAACJ

stdout | server/test/integration.test.js > Deck edit handlers — deckAddCard / deckRemoveCard > adding unknown card emits deckError
Server listening on port 0

stdout | server/test/integration.test.js > Deck edit handlers — deckAddCard / deckRemoveCard > adding unknown card emits deckError
Player connected: bJ7diuxLgcQuAIZXAACL

stdout | server/test/integration.test.js > Deck edit handlers — deckAddCard / deckRemoveCard > adding unknown card emits deckError
Player connected: C7d6ISMWD5bpySvHAACN

stdout | server/test/integration.test.js > Deck edit handlers — deckAddCard / deckRemoveCard > adding unknown card emits deckError
Player disconnected: bJ7diuxLgcQuAIZXAACL

stdout | server/test/integration.test.js > Deck edit handlers — deckAddCard / deckRemoveCard > adding unknown card emits deckError
Player disconnected: C7d6ISMWD5bpySvHAACN

stdout | server/test/integration.test.js > Deck edit handlers — deckAddCard / deckRemoveCard > removing card not in deck emits deckError
Server listening on port 0

stdout | server/test/integration.test.js > Deck edit handlers — deckAddCard / deckRemoveCard > removing card not in deck emits deckError
Player connected: ZBPcvcVOeiqJ2PrfAACP

stdout | server/test/integration.test.js > Deck edit handlers — deckAddCard / deckRemoveCard > removing card not in deck emits deckError
Player connected: WEjYZLS6JMhGMIuhAACR

stdout | server/test/integration.test.js > Deck edit handlers — deckAddCard / deckRemoveCard > removing card not in deck emits deckError
Player disconnected: ZBPcvcVOeiqJ2PrfAACP

stdout | server/test/integration.test.js > Deck edit handlers — deckAddCard / deckRemoveCard > removing card not in deck emits deckError
Player disconnected: WEjYZLS6JMhGMIuhAACR

stdout | server/test/integration.test.js > Deck edit handlers — deckAddCard / deckRemoveCard > adding too many copies of a card emits deckError
Server listening on port 0

stdout | server/test/integration.test.js > Deck edit handlers — deckAddCard / deckRemoveCard > adding too many copies of a card emits deckError
Player connected: UqhVQCszIlczFk3UAACT

stdout | server/test/integration.test.js > Deck edit handlers — deckAddCard / deckRemoveCard > adding too many copies of a card emits deckError
Player connected: G4OiINX0CcZ5Chg3AACV

stdout | server/test/integration.test.js > Deck edit handlers — deckAddCard / deckRemoveCard > adding too many copies of a card emits deckError
Player disconnected: UqhVQCszIlczFk3UAACT

stdout | server/test/integration.test.js > Deck edit handlers — deckAddCard / deckRemoveCard > adding too many copies of a card emits deckError
Player disconnected: G4OiINX0CcZ5Chg3AACV

stdout | server/test/integration.test.js > Deck edit handlers — deckAddCard / deckRemoveCard > two players can edit decks independently without affecting each other
Server listening on port 0

stdout | server/test/integration.test.js > Deck edit handlers — deckAddCard / deckRemoveCard > two players can edit decks independently without affecting each other
Player connected: aM2iTvAzjkXykK3NAACX

stdout | server/test/integration.test.js > Deck edit handlers — deckAddCard / deckRemoveCard > two players can edit decks independently without affecting each other
Player connected: uOdj2zkYa8EtTig5AACZ

stdout | server/test/integration.test.js > Deck edit handlers — deckAddCard / deckRemoveCard > two players can edit decks independently without affecting each other
Player disconnected: aM2iTvAzjkXykK3NAACX

stdout | server/test/integration.test.js > Deck edit handlers — deckAddCard / deckRemoveCard > two players can edit decks independently without affecting each other
Player disconnected: uOdj2zkYa8EtTig5AACZ

stdout | server/test/integration.test.js > Server Ready Validation and Deck-to-Hand > client receives init event containing selectedDeck and ownedCards
Server listening on port 0

stdout | server/test/integration.test.js > Server Ready Validation and Deck-to-Hand > client receives init event containing selectedDeck and ownedCards
Player connected: ghm8JdyJfSv-C1InAACb

stdout | server/test/integration.test.js > Server Ready Validation and Deck-to-Hand > client receives init event containing selectedDeck and ownedCards
Player connected: r_Ngw80ssSvJQqSFAACd

stdout | server/test/integration.test.js > Server Ready Validation and Deck-to-Hand > client receives init event containing selectedDeck and ownedCards
Player connected: EL13sD6dAYxHl_6cAACf

stdout | server/test/integration.test.js > Server Ready Validation and Deck-to-Hand > client receives init event containing selectedDeck and ownedCards
Player disconnected: EL13sD6dAYxHl_6cAACf

stdout | server/test/integration.test.js > Server Ready Validation and Deck-to-Hand > client receives init event containing selectedDeck and ownedCards
Player disconnected: ghm8JdyJfSv-C1InAACb

stdout | server/test/integration.test.js > Server Ready Validation and Deck-to-Hand > client receives init event containing selectedDeck and ownedCards
Player disconnected: r_Ngw80ssSvJQqSFAACd

stdout | server/test/integration.test.js > Server Ready Validation and Deck-to-Hand > ready is rejected with deckError when deck is too small
Server listening on port 0

stdout | server/test/integration.test.js > Server Ready Validation and Deck-to-Hand > ready is rejected with deckError when deck is too small
Player connected: vEwiQ09ZhqXRcE7sAACh

stdout | server/test/integration.test.js > Server Ready Validation and Deck-to-Hand > ready is rejected with deckError when deck is too small
Player connected: SxkX2E0XJJNR8PUeAACj

stdout | server/test/integration.test.js > Server Ready Validation and Deck-to-Hand > ready is rejected with deckError when deck is too small
Player disconnected: vEwiQ09ZhqXRcE7sAACh

stdout | server/test/integration.test.js > Server Ready Validation and Deck-to-Hand > ready is rejected with deckError when deck is too small
Player disconnected: SxkX2E0XJJNR8PUeAACj

stdout | server/test/integration.test.js > Server Ready Validation and Deck-to-Hand > a valid selected deck populates player.deck when the run starts
Server listening on port 0

stdout | server/test/integration.test.js > Server Ready Validation and Deck-to-Hand > a valid selected deck populates player.deck when the run starts
Player connected: fKHUUAJw7TW7yqGrAACl

stdout | server/test/integration.test.js > Server Ready Validation and Deck-to-Hand > a valid selected deck populates player.deck when the run starts
Player connected: vIUFROppwDejH3f_AACn

stdout | server/test/integration.test.js > Server Ready Validation and Deck-to-Hand > a valid selected deck populates player.deck when the run starts
Player disconnected: fKHUUAJw7TW7yqGrAACl

stdout | server/test/integration.test.js > Server Ready Validation and Deck-to-Hand > a valid selected deck populates player.deck when the run starts
Player disconnected: vIUFROppwDejH3f_AACn

stdout | server/test/integration.test.js > Enemy telegraph integration > enemy enters windup before damaging player
Server listening on port 0

stdout | server/test/integration.test.js > Enemy telegraph integration > enemy enters windup before damaging player
Player connected: pKDnfwrMFGRm1pY_AACp

stdout | server/test/integration.test.js > Enemy telegraph integration > enemy enters windup before damaging player
Player disconnected: pKDnfwrMFGRm1pY_AACp

stdout | server/test/integration.test.js > Enemy telegraph integration > moving out of range avoids damage
Server listening on port 0

stdout | server/test/integration.test.js > Enemy telegraph integration > moving out of range avoids damage
Player connected: m15hZcuvo8N-weBgAACr

stdout | server/test/integration.test.js > Enemy telegraph integration > moving out of range avoids damage
Rejected move from m15hZcuvo8N-weBgAACr: swept collision from (-15.36, -15.36) to (-15.88, -15.88)

stdout | server/test/integration.test.js > Enemy telegraph integration > moving out of range avoids damage
Player disconnected: m15hZcuvo8N-weBgAACr

stdout | server/test/integration.test.js > Enemy telegraph integration > standing still near enemy results in damage after windup + strike
Server listening on port 0

stdout | server/test/integration.test.js > Enemy telegraph integration > standing still near enemy results in damage after windup + strike
Player connected: XVBJwir3HX4Z8LBLAACt

stdout | server/test/integration.test.js > Enemy telegraph integration > standing still near enemy results in damage after windup + strike
Player disconnected: XVBJwir3HX4Z8LBLAACt

stdout | server/test/integration.test.js > Dungeon layout consistency > two clients connect to the same server and both receive the same layoutSeed in their init payload
Server listening on port 0

stdout | server/test/integration.test.js > Dungeon layout consistency > two clients connect to the same server and both receive the same layoutSeed in their init payload
Player connected: oxPIIHnmp7HUffhmAACv

stdout | server/test/integration.test.js > Dungeon layout consistency > two clients connect to the same server and both receive the same layoutSeed in their init payload
Player connected: KTKaVtQUImjISsNEAACx

stdout | server/test/integration.test.js > Dungeon layout consistency > two clients connect to the same server and both receive the same layoutSeed in their init payload
Player disconnected: oxPIIHnmp7HUffhmAACv

stdout | server/test/integration.test.js > Dungeon layout consistency > two clients connect to the same server and both receive the same layoutSeed in their init payload
Player disconnected: KTKaVtQUImjISsNEAACx

stdout | server/test/integration.test.js > Dungeon layout consistency > two clients receive identical layout.rooms arrays (same count, same positions/sizes)
Server listening on port 0

stdout | server/test/integration.test.js > Dungeon layout consistency > two clients receive identical layout.rooms arrays (same count, same positions/sizes)
Player connected: NH4LnqU18u78qM79AACz

stdout | server/test/integration.test.js > Dungeon layout consistency > two clients receive identical layout.rooms arrays (same count, same positions/sizes)
Player connected: DSHX6eWeKHKOTOPuAAC1

stdout | server/test/integration.test.js > Dungeon layout consistency > two clients receive identical layout.rooms arrays (same count, same positions/sizes)
Player disconnected: NH4LnqU18u78qM79AACz

stdout | server/test/integration.test.js > Dungeon layout consistency > two clients receive identical layout.rooms arrays (same count, same positions/sizes)
Player disconnected: DSHX6eWeKHKOTOPuAAC1

stdout | server/test/integration.test.js > Dungeon layout consistency > stateUpdate payloads include layoutSeed matching the original init seed
Server listening on port 0

stdout | server/test/integration.test.js > Dungeon layout consistency > stateUpdate payloads include layoutSeed matching the original init seed
Player connected: zdlA71OvCfd6CqaLAAC3

stdout | server/test/integration.test.js > Dungeon layout consistency > stateUpdate payloads include layoutSeed matching the original init seed
Player disconnected: zdlA71OvCfd6CqaLAAC3

stdout | server/test/integration.test.js > Dungeon layout consistency > after resetGameState() a new layout with a different seed is generated
Server listening on port 0

stdout | server/test/integration.test.js > Dungeon layout consistency > after resetGameState() a new layout with a different seed is generated
Player connected: dwbKAjfxN-_j8a4XAAC5

stdout | server/test/integration.test.js > Dungeon layout consistency > after resetGameState() a new layout with a different seed is generated
Player disconnected: dwbKAjfxN-_j8a4XAAC5

stdout | server/test/integration.test.js > Dungeon layout consistency > after resetGameState() a new layout with a different seed is generated
Player connected: swRUwpiVtSesiknKAAC7

stdout | server/test/integration.test.js > Dungeon layout consistency > after resetGameState() a new layout with a different seed is generated
Player disconnected: swRUwpiVtSesiknKAAC7

stdout | server/test/integration.test.js > Dungeon layout consistency > clampToDungeon() prevents player movement beyond dungeon bounds
Server listening on port 0

stdout | server/test/integration.test.js > Dungeon layout consistency > clampToDungeon() prevents player movement beyond dungeon bounds
Player connected: F5o1SEftPZJnjA2zAAC9

stdout | server/test/integration.test.js > Dungeon layout consistency > clampToDungeon() prevents player movement beyond dungeon bounds
Player disconnected: F5o1SEftPZJnjA2zAAC9

stdout | server/test/integration.test.js > Loot pickup throttle — idempotency > emitting lootPickup twice for the same loot ID only credits currency once
Server listening on port 0

stdout | server/test/integration.test.js > Loot pickup throttle — idempotency > emitting lootPickup twice for the same loot ID only credits currency once
Player connected: jqlO9educ62naAgsAAC_

stdout | server/test/integration.test.js > Loot pickup throttle — idempotency > emitting lootPickup twice for the same loot ID only credits currency once
[loot] picked up id=loot_idempotent value=10 by jqlO9educ62naAgsAAC_ (currency=10)

stdout | server/test/integration.test.js > Loot pickup throttle — idempotency > emitting lootPickup twice for the same loot ID only credits currency once
Player disconnected: jqlO9educ62naAgsAAC_

stdout | server/test/integration.test.js > Loot pickup throttle — idempotency > emitting lootPickup for a non-existent loot ID is a no-op
Server listening on port 0

stdout | server/test/integration.test.js > Loot pickup throttle — idempotency > emitting lootPickup for a non-existent loot ID is a no-op
Player connected: VkSCyWaF5M5e1JkMAADB

stdout | server/test/integration.test.js > Loot pickup throttle — idempotency > emitting lootPickup for a non-existent loot ID is a no-op
Player disconnected: VkSCyWaF5M5e1JkMAADB

stdout | server/test/integration.test.js > Loot pickup — dead player exclusion > emitting lootPickup as a dead player leaves loot in gameState.loot and currency unchanged
Server listening on port 0

stdout | server/test/integration.test.js > Loot pickup — dead player exclusion > emitting lootPickup as a dead player leaves loot in gameState.loot and currency unchanged
Player connected: -c0xrp2IWTN7UvemAADD

stdout | server/test/integration.test.js > Loot pickup — dead player exclusion > emitting lootPickup as a dead player leaves loot in gameState.loot and currency unchanged
[loot] picked up id=loot_dead_test value=12 by -c0xrp2IWTN7UvemAADD (currency=12)

stdout | server/test/integration.test.js > Loot pickup — dead player exclusion > emitting lootPickup as a dead player leaves loot in gameState.loot and currency unchanged
Player disconnected: -c0xrp2IWTN7UvemAADD

stdout | server/test/integration.test.js > killing skirmisher via weapon card (integration) > player uses a weapon card to kill a skirmisher — hp goes to 0, enemy removed, defeatedEnemies incremented
Server listening on port 0

stdout | server/test/integration.test.js > killing skirmisher via weapon card (integration) > player uses a weapon card to kill a skirmisher — hp goes to 0, enemy removed, defeatedEnemies incremented
Player connected: BIjcFFws9aY06mIjAADF

stdout | server/test/integration.test.js > killing skirmisher via weapon card (integration) > player uses a weapon card to kill a skirmisher — hp goes to 0, enemy removed, defeatedEnemies incremented
[loot] spawned id=5acf828d-9995-4d65-9df5-2d6b43e6e167 value=9

stdout | server/test/integration.test.js > killing skirmisher via weapon card (integration) > player uses a weapon card to kill a skirmisher — hp goes to 0, enemy removed, defeatedEnemies incremented
Player disconnected: BIjcFFws9aY06mIjAADF

stdout | server/test/integration.test.js > killing miniboss via weapon card (integration) > player uses weapon cards to kill a miniboss — requires multiple hits, defeatedEnemies incremented
Server listening on port 0

stdout | server/test/integration.test.js > killing miniboss via weapon card (integration) > player uses weapon cards to kill a miniboss — requires multiple hits, defeatedEnemies incremented
Player connected: jzDAohIJLtOzX7ayAADH

stdout | server/test/integration.test.js > killing miniboss via weapon card (integration) > player uses weapon cards to kill a miniboss — requires multiple hits, defeatedEnemies incremented
[loot] spawned id=ce21b767-49aa-4c53-81dc-ebf10c4f675d value=9

stdout | server/test/integration.test.js > killing miniboss via weapon card (integration) > player uses weapon cards to kill a miniboss — requires multiple hits, defeatedEnemies incremented
Player disconnected: jzDAohIJLtOzX7ayAADH

stdout | server/test/integration.test.js > spawner spawns skirmishers (integration) > initial enemy list contains a spawner after entering playing phase
Server listening on port 0

stdout | server/test/integration.test.js > spawner spawns skirmishers (integration) > initial enemy list contains a spawner after entering playing phase
Player connected: Tw1pac-gEgz5hAc_AADJ

stdout | server/test/integration.test.js > spawner spawns skirmishers (integration) > initial enemy list contains a spawner after entering playing phase
Player disconnected: Tw1pac-gEgz5hAc_AADJ

stdout | server/test/integration.test.js > spawner spawns skirmishers (integration) > enemy count increases after advancing time past spawnIntervalMs
Server listening on port 0

stdout | server/test/integration.test.js > spawner spawns skirmishers (integration) > enemy count increases after advancing time past spawnIntervalMs
Player connected: 0_dDxeok2pvr-8WEAADL

stdout | server/test/integration.test.js > spawner spawns skirmishers (integration) > enemy count increases after advancing time past spawnIntervalMs
Player disconnected: 0_dDxeok2pvr-8WEAADL

stdout | server/test/integration.test.js > spawner spawns skirmishers (integration) > new enemy has type skirmisher and spawnedBy matching spawner id
Server listening on port 0

stdout | server/test/integration.test.js > spawner spawns skirmishers (integration) > new enemy has type skirmisher and spawnedBy matching spawner id
Player connected: glvqxH2D8dA665CiAADN

stdout | server/test/integration.test.js > spawner spawns skirmishers (integration) > new enemy has type skirmisher and spawnedBy matching spawner id
Player disconnected: glvqxH2D8dA665CiAADN

stdout | server/test/integration.test.js > spawner spawns skirmishers (integration) > no regression: grunt and miniboss enemies still present and unaffected
Server listening on port 0

stdout | server/test/integration.test.js > spawner spawns skirmishers (integration) > no regression: grunt and miniboss enemies still present and unaffected
Player connected: 7k1GV5I4GwhbPkvRAADP

stdout | server/test/integration.test.js > spawner spawns skirmishers (integration) > no regression: grunt and miniboss enemies still present and unaffected
Player disconnected: 7k1GV5I4GwhbPkvRAADP

stdout | server/test/integration.test.js > Swept collision — tunneling rejection > a move that tunnels through a wall is rejected
Server listening on port 0

stdout | server/test/integration.test.js > Swept collision — tunneling rejection > a move that tunnels through a wall is rejected
Player connected: 9j3vLeS2y2blo-G4AADR

stdout | server/test/integration.test.js > Swept collision — tunneling rejection > a move that tunnels through a wall is rejected
Player disconnected: 9j3vLeS2y2blo-G4AADR

stdout | server/test/integration.test.js > Card cooldown — COOLDOWN_MS > a second useCard on the same slot within COOLDOWN_MS is rejected with cardError
Server listening on port 0

stdout | server/test/integration.test.js > Card cooldown — COOLDOWN_MS > a second useCard on the same slot within COOLDOWN_MS is rejected with cardError
Player connected: R1cDsn5mFlkaPTnxAADT

stdout | server/test/integration.test.js > Card cooldown — COOLDOWN_MS > a second useCard on the same slot within COOLDOWN_MS is rejected with cardError
Player disconnected: R1cDsn5mFlkaPTnxAADT

stdout | server/test/integration.test.js > Card cooldown — COOLDOWN_MS > useCard on the same slot succeeds after COOLDOWN_MS has elapsed
Server listening on port 0

stdout | server/test/integration.test.js > Card cooldown — COOLDOWN_MS > useCard on the same slot succeeds after COOLDOWN_MS has elapsed
Player connected: vKzY2xqtTfIGyuWSAADV

stdout | server/test/integration.test.js > Card cooldown — COOLDOWN_MS > useCard on the same slot succeeds after COOLDOWN_MS has elapsed
Player disconnected: vKzY2xqtTfIGyuWSAADV

stdout | server/test/integration.test.js > Elapsed cap — MAX_ELAPSED_MS > simulating a large time gap caps movement to MAX_ELAPSED_MS
Server listening on port 0

stdout | server/test/integration.test.js > Elapsed cap — MAX_ELAPSED_MS > simulating a large time gap caps movement to MAX_ELAPSED_MS
Player connected: GVLWOljvKT5oE8wpAADX

stdout | server/test/integration.test.js > Elapsed cap — MAX_ELAPSED_MS > simulating a large time gap caps movement to MAX_ELAPSED_MS
Player disconnected: GVLWOljvKT5oE8wpAADX

stdout | server/test/integration.test.js > Hand reconciliation — remainingCharges via stateUpdate > server corrections to remainingCharges are reflected in the client stateUpdate payload
Server listening on port 0

stdout | server/test/integration.test.js > Hand reconciliation — remainingCharges via stateUpdate > server corrections to remainingCharges are reflected in the client stateUpdate payload
Player connected: fjAxGUfMhYXAScsFAADZ

stdout | server/test/integration.test.js > Hand reconciliation — remainingCharges via stateUpdate > server corrections to remainingCharges are reflected in the client stateUpdate payload
Player disconnected: fjAxGUfMhYXAScsFAADZ

stdout | server/test/integration.test.js > Debug scenarios — run objective stays in sync with enemy list > run.objective.totalEnemies matches the authoritative enemy list at scenario time for "summon-low-mana"
Server listening on port 0

stdout | server/test/integration.test.js > Debug scenarios — run objective stays in sync with enemy list > run.objective.totalEnemies matches the authoritative enemy list at scenario time for "summon-low-mana"
Player connected: 2xwp0ZInN2cgfswfAADb

stdout | server/test/integration.test.js > Debug scenarios — run objective stays in sync with enemy list > run.objective.totalEnemies matches the authoritative enemy list at scenario time for "summon-low-mana"
Player disconnected: 2xwp0ZInN2cgfswfAADb

stdout | server/test/integration.test.js > Debug scenarios — run objective stays in sync with enemy list > run.objective.totalEnemies matches the authoritative enemy list at scenario time for "summon-ready"
Server listening on port 0

stdout | server/test/integration.test.js > Debug scenarios — run objective stays in sync with enemy list > run.objective.totalEnemies matches the authoritative enemy list at scenario time for "summon-ready"
Player connected: IHdjaoph9W_QcJYSAADd

stdout | server/test/integration.test.js > Debug scenarios — run objective stays in sync with enemy list > run.objective.totalEnemies matches the authoritative enemy list at scenario time for "summon-ready"
Player disconnected: IHdjaoph9W_QcJYSAADd

stdout | server/test/integration.test.js > Debug scenarios — run objective stays in sync with enemy list > run.objective.totalEnemies matches the authoritative enemy list at scenario time for "combat-damaged-player"
Server listening on port 0

stdout | server/test/integration.test.js > Debug scenarios — run objective stays in sync with enemy list > run.objective.totalEnemies matches the authoritative enemy list at scenario time for "combat-damaged-player"
Player connected: mB_dJT5UxxDVtN0tAADf

stdout | server/test/integration.test.js > Debug scenarios — run objective stays in sync with enemy list > run.objective.totalEnemies matches the authoritative enemy list at scenario time for "combat-damaged-player"
Player disconnected: mB_dJT5UxxDVtN0tAADf

stdout | server/test/integration.test.js > Debug scenarios — run objective stays in sync with enemy list > run.objective.totalEnemies matches the authoritative enemy list at scenario time for "mixed-enemies"
Server listening on port 0

stdout | server/test/integration.test.js > Debug scenarios — run objective stays in sync with enemy list > run.objective.totalEnemies matches the authoritative enemy list at scenario time for "mixed-enemies"
Player connected: ajFdkUfmijcfoUaGAADh

stdout | server/test/integration.test.js > Debug scenarios — run objective stays in sync with enemy list > run.objective.totalEnemies matches the authoritative enemy list at scenario time for "mixed-enemies"
Player disconnected: ajFdkUfmijcfoUaGAADh

stdout | server/test/integration.test.js > Debug scenarios — run objective stays in sync with enemy list > run.objective.totalEnemies matches the authoritative enemy list at scenario time for "spawner-active"
Server listening on port 0

stdout | server/test/integration.test.js > Debug scenarios — run objective stays in sync with enemy list > run.objective.totalEnemies matches the authoritative enemy list at scenario time for "spawner-active"
Player connected: 0KJ83r1IrUs311vHAADj

stdout | server/test/integration.test.js > Debug scenarios — run objective stays in sync with enemy list > run.objective.totalEnemies matches the authoritative enemy list at scenario time for "spawner-active"
Player disconnected: 0KJ83r1IrUs311vHAADj

stdout | server/test/integration.test.js > Debug scenarios — run objective stays in sync with enemy list > "mixed-enemies" produces exactly 4 enemies of distinct types in the objective
Server listening on port 0

stdout | server/test/integration.test.js > Debug scenarios — run objective stays in sync with enemy list > "mixed-enemies" produces exactly 4 enemies of distinct types in the objective
Player connected: XDuahYgw2hjZGBGkAADl

stdout | server/test/integration.test.js > Debug scenarios — run objective stays in sync with enemy list > "mixed-enemies" produces exactly 4 enemies of distinct types in the objective
Player disconnected: XDuahYgw2hjZGBGkAADl

stdout | server/test/integration.test.js > Debug scenarios — run objective stays in sync with enemy list > "spawner-active" produces a single spawner that the objective accounts for
Server listening on port 0

stdout | server/test/integration.test.js > Debug scenarios — run objective stays in sync with enemy list > "spawner-active" produces a single spawner that the objective accounts for
Player connected: d-IvKc9HENo3CtZwAADn

stdout | server/test/integration.test.js > Debug scenarios — run objective stays in sync with enemy list > "spawner-active" produces a single spawner that the objective accounts for
Player disconnected: d-IvKc9HENo3CtZwAADn

 ✓ |server| server/test/integration.test.js (82 tests) 24234ms
   ✓ Socket Integration — Last Player Disconnect Resets Run > does not reset run when one of multiple players disconnects  5168ms
   ✓ Enemy telegraph integration > enemy enters windup before damaging player  1053ms
   ✓ Enemy telegraph integration > moving out of range avoids damage  1759ms
   ✓ Enemy telegraph integration > standing still near enemy results in damage after windup + strike  2556ms
   ✓ killing miniboss via weapon card (integration) > player uses weapon cards to kill a miniboss — requires multiple hits, defeatedEnemies incremented  2778ms
   ✓ spawner spawns skirmishers (integration) > no regression: grunt and miniboss enemies still present and unaffected  4555ms
   ✓ Card cooldown — COOLDOWN_MS > useCard on the same slot succeeds after COOLDOWN_MS has elapsed  957ms

 Test Files  4 passed (4)
      Tests  328 passed (328)
   Start at  00:15:30
   Duration  24.67s (transform 42ms, setup 11ms, collect 199ms, tests 24.63s, environment 187ms, prepare 209ms)

 % Coverage report from v8
---------------|---------|----------|---------|---------|-----------------------
File           | % Stmts | % Branch | % Funcs | % Lines | Uncovered Line #s     
---------------|---------|----------|---------|---------|-----------------------
All files      |   89.56 |    84.32 |    88.7 |   89.56 |                       
 client        |   58.36 |    81.81 |   33.33 |   58.36 |                       
  cards.js     |     100 |      100 |     100 |     100 |                       
  collision.js |    28.4 |      100 |       0 |    28.4 | 15-30,45-98           
  delta.js     |   78.57 |      100 |       0 |   78.57 | 12-14                 
  hand.js      |   54.46 |    66.66 |      40 |   54.46 | 23-38,47-64,78-102    
 server        |   96.35 |     84.4 |   98.11 |   96.35 |                       
  index.js     |   96.35 |     84.4 |   98.11 |   96.35 | ...689-1691,1777-1778 
---------------|---------|----------|---------|---------|-----------------------
