{
  "url": "http://localhost:5175/",
  "ok": true,
  "ticketFile": "/home/matt/workspace/.autogame-worktrees/137-world-sunken-canyon-stage/tickets/137-world-sunken-canyon-stage/ticket.md",
  "capturePlanSource": "fallback",
  "capturePlanValid": true,
  "capturePlanAttempts": [],
  "capturePlanSummary": "Deterministic full-flow smoke capture with sloped-dungeon fallback: auth, lobby, ready, movement, ramp screenshot.",
  "scenarios": [
    "sloped-dungeon"
  ],
  "screenshots": [
    {
      "file": "01-initial.png",
      "player": "A",
      "description": "Both players in squad lobby."
    },
    {
      "file": "02-after-w.png",
      "player": "A",
      "description": "Gameplay after holding W."
    },
    {
      "file": "03-after-d.png",
      "player": "A",
      "description": "Gameplay after holding D."
    },
    {
      "file": "04-sloped-ramp.png",
      "player": "A",
      "description": "Sloped dungeon room with ramp geometry visible after emitScenario sloped-dungeon."
    }
  ],
  "probes": [
    {
      "player": "A",
      "description": "After readying all players and entering gameplay.",
      "data": {
        "harnessState": {
          "debugScenario": null,
          "debugScenarioAllowed": true,
          "debugScenarioResult": null,
          "myId": "21c4cc96-2a1b-4d57-b0bd-02d31b46c7c5",
          "phase": "playing",
          "runStatus": "playing",
          "extracted": false,
          "suspendedRunSummary": null,
          "telepipe": null,
          "connectionState": "connected",
          "sceneInitialized": true,
          "hasCanvas": true,
          "lobbyVisible": false,
          "cardHandVisible": true,
          "status": "Latency: 1ms",
          "hpText": "100/100",
          "msText": "49/99",
          "currencyText": "Money 0",
          "player": {
            "hp": 100,
            "magicStones": 49.08000000000004,
            "debugScenario": null,
            "dead": false,
            "x": -9,
            "z": 9
          },
          "players": 2,
          "enemies": 5,
          "enemyHp": [
            {
              "id": "892a716f-dd94-460d-83a6-919dab544a6b",
              "hp": 40,
              "maxHp": 40
            },
            {
              "id": "cb817aac-7c79-4e79-aa13-9ee04720aea0",
              "hp": 40,
              "maxHp": 40
            },
            {
              "id": "8345f943-5444-4318-ac9d-154cb0af1fc4",
              "hp": 100,
              "maxHp": 100
            },
            {
              "id": "71ed15db-31cd-4a5d-bb1e-ac74057346e5",
              "hp": 300,
              "maxHp": 300
            },
            {
              "id": "38515690-fb23-4335-8d1e-bf646f94ec98",
              "hp": 120,
              "maxHp": 120
            }
          ],
          "minions": [],
          "hand": [
            {
              "id": "flame_blade",
              "name": "Solar Edge",
              "type": "weapon",
              "remainingCharges": 3,
              "charges": 3,
              "activeMinionId": null,
              "burnMaxTtl": null,
              "burnLabel": "3/3",
              "creatureBurning": false,
              "isEvolved": false
            },
            {
              "id": "battle_familiar",
              "name": "Signal Familiar",
              "type": "spell",
              "remainingCharges": 1,
              "charges": 1,
              "activeMinionId": null,
              "burnMaxTtl": null,
              "burnLabel": "1/1",
              "creatureBurning": false,
              "isEvolved": false
            },
            null,
            {
              "id": "iron_sword",
              "name": "Rust-Forged Saber",
              "type": "weapon",
              "remainingCharges": 5,
              "charges": 5,
              "activeMinionId": null,
              "burnMaxTtl": null,
              "burnLabel": "5/5",
              "creatureBurning": false,
              "isEvolved": false
            },
            {
              "id": "flame_blade",
              "name": "Solar Edge",
              "type": "weapon",
              "remainingCharges": 3,
              "charges": 3,
              "activeMinionId": null,
              "burnMaxTtl": null,
              "burnLabel": "3/3",
              "creatureBurning": false,
              "isEvolved": false
            },
            null
          ]
        },
        "status": "Latency: 1ms",
        "hasCanvas": true,
        "canvasCount": 1,
        "lobbyVisible": false,
        "cardHandVisible": true,
        "title": "Void Grimoire",
        "bodyText": "👤\nLv\n🔊\n⚙\n21\nLV\n1\nHP\n100/100\nMS\n49/99\nDeck: 8/12\n⟡ 4\n✦ 2\n🐉 2\n✨ 0\nMoney 0\nLatency: 1ms\nInitiate Vault: Purge hostiles from the derelict annex sector.\nPurged 0 / 5 hostiles\n1\n⚔\nSolar Edge\n3/3\n2\n✦\nSignal Familiar\n50 MS\n1/1\n4\n⚔\nRust-Forged Saber\n5/5\n5\n⚔\nSolar Edge\n3/3"
      }
    },
    {
      "player": "A",
      "description": "Final capture probe.",
      "data": {
        "harnessState": {
          "debugScenario": null,
          "debugScenarioAllowed": true,
          "debugScenarioResult": {
            "ok": true,
            "scenario": "sloped-dungeon"
          },
          "myId": "21c4cc96-2a1b-4d57-b0bd-02d31b46c7c5",
          "phase": "playing",
          "runStatus": "playing",
          "extracted": false,
          "suspendedRunSummary": null,
          "telepipe": null,
          "connectionState": "connected",
          "sceneInitialized": true,
          "hasCanvas": true,
          "lobbyVisible": false,
          "cardHandVisible": true,
          "status": "Latency: 0ms",
          "hpText": "100/100",
          "msText": "99/99",
          "currencyText": "Money 0",
          "player": {
            "hp": 100,
            "magicStones": 99,
            "debugScenario": "sloped-dungeon",
            "dead": false,
            "x": -9,
            "z": 9
          },
          "players": 2,
          "enemies": 7,
          "enemyHp": [
            {
              "id": "892a716f-dd94-460d-83a6-919dab544a6b",
              "hp": 40,
              "maxHp": 40
            },
            {
              "id": "cb817aac-7c79-4e79-aa13-9ee04720aea0",
              "hp": 40,
              "maxHp": 40
            },
            {
              "id": "8345f943-5444-4318-ac9d-154cb0af1fc4",
              "hp": 100,
              "maxHp": 100
            },
            {
              "id": "71ed15db-31cd-4a5d-bb1e-ac74057346e5",
              "hp": 300,
              "maxHp": 300
            },
            {
              "id": "38515690-fb23-4335-8d1e-bf646f94ec98",
              "hp": 120,
              "maxHp": 120
            },
            {
              "id": "2b75106b-6535-40d1-bde2-fb6dbb9a4bf9",
              "hp": 40,
              "maxHp": 40
            },
            {
              "id": "7a5b3b8a-9c4e-4886-85a1-66dae6984f6e",
              "hp": 100,
              "maxHp": 100
            }
          ],
          "minions": [],
          "hand": [
            {
              "id": "flame_blade",
              "name": "Solar Edge",
              "type": "weapon",
              "remainingCharges": 3,
              "charges": 3,
              "activeMinionId": null,
              "burnMaxTtl": null,
              "burnLabel": "3/3",
              "creatureBurning": false,
              "isEvolved": false
            },
            {
              "id": "battle_familiar",
              "name": "Signal Familiar",
              "type": "spell",
              "remainingCharges": 1,
              "charges": 1,
              "activeMinionId": null,
              "burnMaxTtl": null,
              "burnLabel": "1/1",
              "creatureBurning": false,
              "isEvolved": false
            },
            {
              "id": "iron_sword",
              "name": "Rust-Forged Saber",
              "type": "weapon",
              "remainingCharges": 5,
              "charges": 5,
              "activeMinionId": null,
              "burnMaxTtl": null,
              "burnLabel": "5/5",
              "creatureBurning": false,
              "isEvolved": false
            },
            {
              "id": "iron_sword",
              "name": "Rust-Forged Saber",
              "type": "weapon",
              "remainingCharges": 5,
              "charges": 5,
              "activeMinionId": null,
              "burnMaxTtl": null,
              "burnLabel": "5/5",
              "creatureBurning": false,
              "isEvolved": false
            },
            {
              "id": "flame_blade",
              "name": "Solar Edge",
              "type": "weapon",
              "remainingCharges": 3,
              "charges": 3,
              "activeMinionId": null,
              "burnMaxTtl": null,
              "burnLabel": "3/3",
              "creatureBurning": false,
              "isEvolved": false
            },
            null
          ]
        },
        "status": "Latency: 0ms",
        "hasCanvas": true,
        "canvasCount": 1,
        "lobbyVisible": false,
        "cardHandVisible": true,
        "title": "Void Grimoire",
        "bodyText": "👤\nLv\n🔊\n⚙\n21\nLV\n1\nHP\n100/100\nMS\n99/99\nDeck: 7/12\n⟡ 3\n✦ 2\n🐉 2\n✨ 0\nMoney 0\nLatency: 0ms\nInitiate Vault: Purge hostiles from the derelict annex sector.\nPurged 0 / 7 hostiles\n1\n⚔\nSolar Edge\n3/3\n2\n✦\nSignal Familiar\n50 MS\n1/1\n3\n⚔\nRust-Forged Saber\n5/5\n4\n⚔\nRust-Forged Saber\n5/5\n5\n⚔\nSolar Edge\n3/3"
      }
    }
  ],
  "pageerrors": []
}
