[joinLobby] timeout waiting for #lobby visibility: page.waitForFunction: Timeout 10000ms exceeded.
{
  "url": "http://localhost:5173/",
  "ok": true,
  "ticketFile": "/home/matt/workspace/.autogame-worktrees/server-enemies-acquire-players-through-walls-detection-radiu-1btc/tickets/server-enemies-acquire-players-through-walls-detection-radiu-1btc/ticket.md",
  "capturePlanSource": "fallback",
  "capturePlanValid": true,
  "capturePlanAttempts": [],
  "capturePlanSummary": "Deterministic full-flow smoke capture: auth, lobby create/join, ready transition, movement, dodge/key-item with post-dodge cooldown probe.",
  "scenarios": [],
  "screenshots": [
    {
      "file": "01-initial.png",
      "player": "A",
      "description": "Both players in squad lobby."
    },
    {
      "file": "02-after-w.png",
      "player": "A",
      "description": "Gameplay after holding W."
    },
    {
      "file": "03-after-d.png",
      "player": "A",
      "description": "Gameplay after holding D."
    },
    {
      "file": "04-after-dodge.png",
      "player": "A",
      "description": "Gameplay after dodge roll with cooldown HUD."
    }
  ],
  "probes": [
    {
      "player": "A",
      "description": "After readying all players and entering gameplay.",
      "data": {
        "harnessState": {
          "debugScenario": null,
          "debugScenarioAllowed": true,
          "debugScenarioResult": null,
          "debugGodmodeResult": null,
          "objective": {
            "type": "defeat_enemies",
            "totalEnemies": 6,
            "activeEnemyCount": 2,
            "defeatedEnemies": 0,
            "label": "Initiate Vault: Sweep annex holding pens in scripted waves and breach the deeper vault wing."
          },
          "encounter": null,
          "bossEncounter": null,
          "runObjectiveComplete": false,
          "lastRunSummary": null,
          "sortieCompleteOverlayVisible": false,
          "myId": "56b3469c-9b1d-41ce-a835-865096abfb49",
          "selectedDeck": [
            "b0c9abf4-8bb6-4db3-8807-f5f19a7b8fe0",
            "19eaceeb-a459-4297-9b24-a6b35fb6ea3c",
            "5bd9437c-016a-4593-b980-c22fdeaa5fc0",
            "2a212952-c245-4166-94b5-c66dad069f2d",
            "66ed83ec-886f-47d9-a593-64d1db8bc187",
            "1075c32f-b2dd-4694-8811-5ba09c76d612",
            "ea6eedb5-522a-40aa-82c7-9569e1634566",
            "2c4a4f7c-d5c9-41cb-9345-c0a98cfd3cb2",
            "4bb691b1-2726-4f46-8b78-5e8f4ac520c0",
            "d8e2ef5a-1221-477e-a143-136b4b06d851",
            "caa30530-685a-445e-bb8a-f892ac458b50",
            "4581ea53-4a92-4378-9e4e-323fc462213f"
          ],
          "phase": "playing",
          "runStatus": "playing",
          "suspendedRunSummary": null,
          "extracted": false,
          "telepipe": null,
          "layout": {
            "profile": "crowded",
            "seed": 352369970,
            "roomCount": 10,
            "startRoom": {
              "x": -9,
              "z": 27,
              "role": "start"
            }
          },
          "connectionState": "connected",
          "sceneInitialized": true,
          "hasCanvas": true,
          "lobbyVisible": false,
          "lobbyMenuDismissed": false,
          "characterBoothOpen": false,
          "deckEditorVisible": false,
          "runId": "9d444057-b7f4-44de-b405-3da53dbdaade",
          "resumeBtnUsable": false,
          "abandonRunBtnUsable": false,
          "cardHandVisible": true,
          "status": "Latency: 1ms",
          "hpText": "60/100",
          "msText": "49/99",
          "currencyText": "Money 0",
          "currency": 0,
          "player": {
            "hp": 60,
            "magicStones": 49.84000000000043,
            "currency": 0,
            "debugGodmode": false,
            "dead": false,
            "x": -9,
            "y": 0.5,
            "z": 27,
            "equippedKeyItemId": "dodge_roll",
            "keyItemCooldownRemaining": 0,
            "cardUseState": null,
            "cardWindupUntil": 0,
            "cardWindupCardId": null,
            "slowedUntil": 0,
            "burningUntil": 0,
            "slowActive": false,
            "burnActive": false
          },
          "windupFlashing": false,
          "keyItemIndicatorOnCooldown": false,
          "keyItemIndicatorText": "",
          "players": 2,
          "squadmates": [
            {
              "id": "18e01a06-a1b0-4349-b5f4-33a102d64f8e",
              "x": -6,
              "z": 27
            }
          ],
          "enemies": 2,
          "enemyHp": [
            {
              "id": "914ec9d2-0b54-4e7c-9ced-bc987fde71db",
              "hp": 100,
              "maxHp": 100,
              "type": "grunt",
              "spawnedBy": null,
              "x": -9,
              "z": 27,
              "slowedUntil": 0,
              "burningUntil": 0,
              "frozenUntil": 0,
              "slowActive": false,
              "burnActive": false
            },
            {
              "id": "e2fae36a-6c7d-4aa2-bae7-0cef3de411c6",
              "hp": 100,
              "maxHp": 100,
              "type": "grunt",
              "spawnedBy": null,
              "x": -8.866656090365723,
              "z": 28.069192429538816,
              "slowedUntil": 0,
              "burningUntil": 0,
              "frozenUntil": 0,
              "slowActive": false,
              "burnActive": false
            }
          ],
          "minions": [],
          "hand": [
            {
              "id": "dungeon_drake",
              "name": "Vault Wyrm",
              "type": "creature",
              "remainingCharges": 1,
              "charges": 1,
              "activeMinionId": null,
              "burnMaxTtl": null,
              "burnLabel": "1/1",
              "creatureBurning": false,
              "isEvolved": false,
              "specialEffect": "burning_breath"
            },
            {
              "id": "flame_blade",
              "name": "Solar Edge",
              "type": "weapon",
              "remainingCharges": 2,
              "charges": 2,
              "activeMinionId": null,
              "burnMaxTtl": null,
              "burnLabel": "2/2",
              "creatureBurning": false,
              "isEvolved": false
            },
            null,
            {
              "id": "flame_blade",
              "name": "Solar Edge",
              "type": "weapon",
              "remainingCharges": 2,
              "charges": 2,
              "activeMinionId": null,
              "burnMaxTtl": null,
              "burnLabel": "2/2",
              "creatureBurning": false,
              "isEvolved": false
            },
            {
              "id": "iron_sword",
              "name": "Rust-Forged Saber",
              "type": "weapon",
              "remainingCharges": 5,
              "charges": 5,
              "activeMinionId": null,
              "burnMaxTtl": null,
              "burnLabel": "5/5",
              "creatureBurning": false,
              "isEvolved": false
            },
            null
          ],
          "inventory": [
            {
              "instanceId": "b0c9abf4-8bb6-4db3-8807-f5f19a7b8fe0",
              "cardId": "iron_sword",
              "grind": 0
            },
            {
              "instanceId": "19eaceeb-a459-4297-9b24-a6b35fb6ea3c",
              "cardId": "flame_blade",
              "grind": 0
            },
            {
              "instanceId": "5bd9437c-016a-4593-b980-c22fdeaa5fc0",
              "cardId": "battle_familiar",
              "grind": 0
            },
            {
              "instanceId": "2a212952-c245-4166-94b5-c66dad069f2d",
              "cardId": "dungeon_drake",
              "grind": 0
            },
            {
              "instanceId": "66ed83ec-886f-47d9-a593-64d1db8bc187",
              "cardId": "iron_sword",
              "grind": 0
            },
            {
              "instanceId": "1075c32f-b2dd-4694-8811-5ba09c76d612",
              "cardId": "iron_sword",
              "grind": 0
            },
            {
              "instanceId": "ea6eedb5-522a-40aa-82c7-9569e1634566",
              "cardId": "iron_sword",
              "grind": 0
            },
            {
              "instanceId": "2c4a4f7c-d5c9-41cb-9345-c0a98cfd3cb2",
              "cardId": "battle_familiar",
              "grind": 0
            },
            {
              "instanceId": "4bb691b1-2726-4f46-8b78-5e8f4ac520c0",
              "cardId": "battle_familiar",
              "grind": 0
            },
            {
              "instanceId": "d8e2ef5a-1221-477e-a143-136b4b06d851",
              "cardId": "flame_blade",
              "grind": 0
            },
            {
              "instanceId": "caa30530-685a-445e-bb8a-f892ac458b50",
              "cardId": "flame_blade",
              "grind": 0
            },
            {
              "instanceId": "4581ea53-4a92-4378-9e4e-323fc462213f",
              "cardId": "dungeon_drake",
              "grind": 0
            }
          ],
          "lastEvolutionResult": null
        },
        "keyItemIndicatorOnCooldown": false,
        "keyItemIndicatorText": "",
        "keyItemCooldownRemaining": 0,
        "status": "Latency: 1ms",
        "hasCanvas": true,
        "canvasCount": 2,
        "lobbyVisible": false,
        "cardHandVisible": true,
        "title": "Void Grimoire",
        "bodyText": "👤\nLv\n🔊\n⚙\n56\nLV\n1\nHP\n60/100\nMS\n49/99\nDeck: 8/12\n⟡ 4\n✦ 3\n🐉 1\n✨ 0\nMoney 0\nLatency: 1ms\nInitiate Vault\nPurged 0 / 6 hostiles\n01\nRewa: Rewa here. Radio check — sweep the annex and report when the sector is clear.\nClick to attack · press 1–6 to cast cards\n1\n🐉\nVault Wyrm\nBURNING BREATH\n600ms wind-up\n1/1\n2\n⚔\nSolar Edge\n650ms wind-up\n2/2\n4\n⚔\nSolar Edge\n650ms wind-up\n2/2\n5\n⚔\nRust-Forged Saber\n5/5\nRewa: Rewa here. Radio check — sweep the annex and report when the sector is clear.\nANNEX LIAISON KADE\nContract accepted. Sweep the annex — I will mark your progress on the channel."
      }
    },
    {
      "player": "A",
      "description": "After dodge roll — cooldown HUD should be active.",
      "data": {
        "harnessState": {
          "debugScenario": null,
          "debugScenarioAllowed": true,
          "debugScenarioResult": null,
          "debugGodmodeResult": null,
          "objective": {
            "type": "defeat_enemies",
            "totalEnemies": 6,
            "activeEnemyCount": 2,
            "defeatedEnemies": 0,
            "label": "Initiate Vault: Sweep annex holding pens in scripted waves and breach the deeper vault wing."
          },
          "encounter": null,
          "bossEncounter": null,
          "runObjectiveComplete": false,
          "lastRunSummary": null,
          "sortieCompleteOverlayVisible": false,
          "myId": "56b3469c-9b1d-41ce-a835-865096abfb49",
          "selectedDeck": [
            "b0c9abf4-8bb6-4db3-8807-f5f19a7b8fe0",
            "19eaceeb-a459-4297-9b24-a6b35fb6ea3c",
            "5bd9437c-016a-4593-b980-c22fdeaa5fc0",
            "2a212952-c245-4166-94b5-c66dad069f2d",
            "66ed83ec-886f-47d9-a593-64d1db8bc187",
            "1075c32f-b2dd-4694-8811-5ba09c76d612",
            "ea6eedb5-522a-40aa-82c7-9569e1634566",
            "2c4a4f7c-d5c9-41cb-9345-c0a98cfd3cb2",
            "4bb691b1-2726-4f46-8b78-5e8f4ac520c0",
            "d8e2ef5a-1221-477e-a143-136b4b06d851",
            "caa30530-685a-445e-bb8a-f892ac458b50",
            "4581ea53-4a92-4378-9e4e-323fc462213f"
          ],
          "phase": "playing",
          "runStatus": "playing",
          "suspendedRunSummary": null,
          "extracted": false,
          "telepipe": null,
          "layout": {
            "profile": "crowded",
            "seed": 352369970,
            "roomCount": 10,
            "startRoom": {
              "x": -9,
              "z": 27,
              "role": "start"
            }
          },
          "connectionState": "connected",
          "sceneInitialized": true,
          "hasCanvas": true,
          "lobbyVisible": false,
          "lobbyMenuDismissed": false,
          "characterBoothOpen": false,
          "deckEditorVisible": false,
          "runId": "9d444057-b7f4-44de-b405-3da53dbdaade",
          "resumeBtnUsable": false,
          "abandonRunBtnUsable": false,
          "cardHandVisible": true,
          "status": "Latency: 0ms",
          "hpText": "60/100",
          "msText": "50/99",
          "currencyText": "Money 0",
          "currency": 0,
          "player": {
            "hp": 60,
            "magicStones": 50.34500000000069,
            "currency": 0,
            "debugGodmode": false,
            "dead": false,
            "x": -7.65,
            "y": 0.5,
            "z": 19,
            "equippedKeyItemId": "dodge_roll",
            "keyItemCooldownRemaining": 385,
            "cardUseState": null,
            "cardWindupUntil": 0,
            "cardWindupCardId": null,
            "slowedUntil": 0,
            "burningUntil": 0,
            "slowActive": false,
            "burnActive": false
          },
          "windupFlashing": false,
          "keyItemIndicatorOnCooldown": true,
          "keyItemIndicatorText": "0.4",
          "players": 2,
          "squadmates": [
            {
              "id": "18e01a06-a1b0-4349-b5f4-33a102d64f8e",
              "x": -6,
              "z": 27
            }
          ],
          "enemies": 2,
          "enemyHp": [
            {
              "id": "914ec9d2-0b54-4e7c-9ced-bc987fde71db",
              "hp": 100,
              "maxHp": 100,
              "type": "grunt",
              "spawnedBy": null,
              "x": -9,
              "z": 27,
              "slowedUntil": 0,
              "burningUntil": 0,
              "frozenUntil": 0,
              "slowActive": false,
              "burnActive": false
            },
            {
              "id": "e2fae36a-6c7d-4aa2-bae7-0cef3de411c6",
              "hp": 100,
              "maxHp": 100,
              "type": "grunt",
              "spawnedBy": null,
              "x": -8.866656090365723,
              "z": 28.069192429538816,
              "slowedUntil": 0,
              "burningUntil": 0,
              "frozenUntil": 0,
              "slowActive": false,
              "burnActive": false
            }
          ],
          "minions": [],
          "hand": [
            {
              "id": "dungeon_drake",
              "name": "Vault Wyrm",
              "type": "creature",
              "remainingCharges": 1,
              "charges": 1,
              "activeMinionId": null,
              "burnMaxTtl": null,
              "burnLabel": "1/1",
              "creatureBurning": false,
              "isEvolved": false,
              "specialEffect": "burning_breath"
            },
            {
              "id": "flame_blade",
              "name": "Solar Edge",
              "type": "weapon",
              "remainingCharges": 2,
              "charges": 2,
              "activeMinionId": null,
              "burnMaxTtl": null,
              "burnLabel": "2/2",
              "creatureBurning": false,
              "isEvolved": false
            },
            {
              "id": "battle_familiar",
              "name": "Signal Familiar",
              "type": "spell",
              "remainingCharges": 1,
              "charges": 1,
              "activeMinionId": null,
              "burnMaxTtl": null,
              "burnLabel": "1/1",
              "creatureBurning": false,
              "isEvolved": false
            },
            {
              "id": "flame_blade",
              "name": "Solar Edge",
              "type": "weapon",
              "remainingCharges": 2,
              "charges": 2,
              "activeMinionId": null,
              "burnMaxTtl": null,
              "burnLabel": "2/2",
              "creatureBurning": false,
              "isEvolved": false
            },
            {
              "id": "iron_sword",
              "name": "Rust-Forged Saber",
              "type": "weapon",
              "remainingCharges": 5,
              "charges": 5,
              "activeMinionId": null,
              "burnMaxTtl": null,
              "burnLabel": "5/5",
              "creatureBurning": false,
              "isEvolved": false
            },
            null
          ],
          "inventory": [
            {
              "instanceId": "b0c9abf4-8bb6-4db3-8807-f5f19a7b8fe0",
              "cardId": "iron_sword",
              "grind": 0
            },
            {
              "instanceId": "19eaceeb-a459-4297-9b24-a6b35fb6ea3c",
              "cardId": "flame_blade",
              "grind": 0
            },
            {
              "instanceId": "5bd9437c-016a-4593-b980-c22fdeaa5fc0",
              "cardId": "battle_familiar",
              "grind": 0
            },
            {
              "instanceId": "2a212952-c245-4166-94b5-c66dad069f2d",
              "cardId": "dungeon_drake",
              "grind": 0
            },
            {
              "instanceId": "66ed83ec-886f-47d9-a593-64d1db8bc187",
              "cardId": "iron_sword",
              "grind": 0
            },
            {
              "instanceId": "1075c32f-b2dd-4694-8811-5ba09c76d612",
              "cardId": "iron_sword",
              "grind": 0
            },
            {
              "instanceId": "ea6eedb5-522a-40aa-82c7-9569e1634566",
              "cardId": "iron_sword",
              "grind": 0
            },
            {
              "instanceId": "2c4a4f7c-d5c9-41cb-9345-c0a98cfd3cb2",
              "cardId": "battle_familiar",
              "grind": 0
            },
            {
              "instanceId": "4bb691b1-2726-4f46-8b78-5e8f4ac520c0",
              "cardId": "battle_familiar",
              "grind": 0
            },
            {
              "instanceId": "d8e2ef5a-1221-477e-a143-136b4b06d851",
              "cardId": "flame_blade",
              "grind": 0
            },
            {
              "instanceId": "caa30530-685a-445e-bb8a-f892ac458b50",
              "cardId": "flame_blade",
              "grind": 0
            },
            {
              "instanceId": "4581ea53-4a92-4378-9e4e-323fc462213f",
              "cardId": "dungeon_drake",
              "grind": 0
            }
          ],
          "lastEvolutionResult": null
        },
        "keyItemIndicatorOnCooldown": true,
        "keyItemIndicatorText": "0.4",
        "keyItemCooldownRemaining": 385,
        "status": "Latency: 0ms",
        "hasCanvas": true,
        "canvasCount": 2,
        "lobbyVisible": false,
        "cardHandVisible": true,
        "title": "Void Grimoire",
        "bodyText": "👤\nLv\n🔊\n⚙\n56\nLV\n1\nHP\n60/100\nMS\n50/99\nDeck: 7/12\n⟡ 4\n✦ 2\n🐉 1\n✨ 0\nMoney 0\nLatency: 0ms\n0.4\nInitiate Vault\nPurged 0 / 6 hostiles\n01\nRewa: Rewa here. Radio check — sweep the annex and report when the sector is clear.\nClick to attack · press 1–6 to cast cards\n1\n🐉\nVault Wyrm\nBURNING BREATH\n600ms wind-up\n1/1\n2\n⚔\nSolar Edge\n650ms wind-up\n2/2\n3\n✦\nSignal Familiar\n50 MS\n1/1\n4\n⚔\nSolar Edge\n650ms wind-up\n2/2\n5\n⚔\nRust-Forged Saber\n5/5"
      }
    },
    {
      "player": "A",
      "description": "Final capture probe.",
      "data": {
        "harnessState": {
          "debugScenario": null,
          "debugScenarioAllowed": true,
          "debugScenarioResult": null,
          "debugGodmodeResult": null,
          "objective": {
            "type": "defeat_enemies",
            "totalEnemies": 6,
            "activeEnemyCount": 2,
            "defeatedEnemies": 0,
            "label": "Initiate Vault: Sweep annex holding pens in scripted waves and breach the deeper vault wing."
          },
          "encounter": null,
          "bossEncounter": null,
          "runObjectiveComplete": false,
          "lastRunSummary": null,
          "sortieCompleteOverlayVisible": false,
          "myId": "56b3469c-9b1d-41ce-a835-865096abfb49",
          "selectedDeck": [
            "b0c9abf4-8bb6-4db3-8807-f5f19a7b8fe0",
            "19eaceeb-a459-4297-9b24-a6b35fb6ea3c",
            "5bd9437c-016a-4593-b980-c22fdeaa5fc0",
            "2a212952-c245-4166-94b5-c66dad069f2d",
            "66ed83ec-886f-47d9-a593-64d1db8bc187",
            "1075c32f-b2dd-4694-8811-5ba09c76d612",
            "ea6eedb5-522a-40aa-82c7-9569e1634566",
            "2c4a4f7c-d5c9-41cb-9345-c0a98cfd3cb2",
            "4bb691b1-2726-4f46-8b78-5e8f4ac520c0",
            "d8e2ef5a-1221-477e-a143-136b4b06d851",
            "caa30530-685a-445e-bb8a-f892ac458b50",
            "4581ea53-4a92-4378-9e4e-323fc462213f"
          ],
          "phase": "playing",
          "runStatus": "playing",
          "suspendedRunSummary": null,
          "extracted": false,
          "telepipe": null,
          "layout": {
            "profile": "crowded",
            "seed": 352369970,
            "roomCount": 10,
            "startRoom": {
              "x": -9,
              "z": 27,
              "role": "start"
            }
          },
          "connectionState": "connected",
          "sceneInitialized": true,
          "hasCanvas": true,
          "lobbyVisible": false,
          "lobbyMenuDismissed": false,
          "characterBoothOpen": false,
          "deckEditorVisible": false,
          "runId": "9d444057-b7f4-44de-b405-3da53dbdaade",
          "resumeBtnUsable": false,
          "abandonRunBtnUsable": false,
          "cardHandVisible": true,
          "status": "Latency: 0ms",
          "hpText": "60/100",
          "msText": "50/99",
          "currencyText": "Money 0",
          "currency": 0,
          "player": {
            "hp": 60,
            "magicStones": 50.380000000000706,
            "currency": 0,
            "debugGodmode": false,
            "dead": false,
            "x": -7.65,
            "y": 0.5,
            "z": 19,
            "equippedKeyItemId": "dodge_roll",
            "keyItemCooldownRemaining": 29,
            "cardUseState": null,
            "cardWindupUntil": 0,
            "cardWindupCardId": null,
            "slowedUntil": 0,
            "burningUntil": 0,
            "slowActive": false,
            "burnActive": false
          },
          "windupFlashing": false,
          "keyItemIndicatorOnCooldown": true,
          "keyItemIndicatorText": "0.0",
          "players": 2,
          "squadmates": [
            {
              "id": "18e01a06-a1b0-4349-b5f4-33a102d64f8e",
              "x": -6,
              "z": 27
            }
          ],
          "enemies": 2,
          "enemyHp": [
            {
              "id": "914ec9d2-0b54-4e7c-9ced-bc987fde71db",
              "hp": 100,
              "maxHp": 100,
              "type": "grunt",
              "spawnedBy": null,
              "x": -8.753341198243133,
              "z": 27.040736169626836,
              "slowedUntil": 0,
              "burningUntil": 0,
              "frozenUntil": 0,
              "slowActive": false,
              "burnActive": false
            },
            {
              "id": "e2fae36a-6c7d-4aa2-bae7-0cef3de411c6",
              "hp": 100,
              "maxHp": 100,
              "type": "grunt",
              "spawnedBy": null,
              "x": -8.618108040530192,
              "z": 28.042287654443,
              "slowedUntil": 0,
              "burningUntil": 0,
              "frozenUntil": 0,
              "slowActive": false,
              "burnActive": false
            }
          ],
          "minions": [],
          "hand": [
            {
              "id": "dungeon_drake",
              "name": "Vault Wyrm",
              "type": "creature",
              "remainingCharges": 1,
              "charges": 1,
              "activeMinionId": null,
              "burnMaxTtl": null,
              "burnLabel": "1/1",
              "creatureBurning": false,
              "isEvolved": false,
              "specialEffect": "burning_breath"
            },
            {
              "id": "flame_blade",
              "name": "Solar Edge",
              "type": "weapon",
              "remainingCharges": 2,
              "charges": 2,
              "activeMinionId": null,
              "burnMaxTtl": null,
              "burnLabel": "2/2",
              "creatureBurning": false,
              "isEvolved": false
            },
            {
              "id": "battle_familiar",
              "name": "Signal Familiar",
              "type": "spell",
              "remainingCharges": 1,
              "charges": 1,
              "activeMinionId": null,
              "burnMaxTtl": null,
              "burnLabel": "1/1",
              "creatureBurning": false,
              "isEvolved": false
            },
            {
              "id": "flame_blade",
              "name": "Solar Edge",
              "type": "weapon",
              "remainingCharges": 2,
              "charges": 2,
              "activeMinionId": null,
              "burnMaxTtl": null,
              "burnLabel": "2/2",
              "creatureBurning": false,
              "isEvolved": false
            },
            {
              "id": "iron_sword",
              "name": "Rust-Forged Saber",
              "type": "weapon",
              "remainingCharges": 5,
              "charges": 5,
              "activeMinionId": null,
              "burnMaxTtl": null,
              "burnLabel": "5/5",
              "creatureBurning": false,
              "isEvolved": false
            },
            null
          ],
          "inventory": [
            {
              "instanceId": "b0c9abf4-8bb6-4db3-8807-f5f19a7b8fe0",
              "cardId": "iron_sword",
              "grind": 0
            },
            {
              "instanceId": "19eaceeb-a459-4297-9b24-a6b35fb6ea3c",
              "cardId": "flame_blade",
              "grind": 0
            },
            {
              "instanceId": "5bd9437c-016a-4593-b980-c22fdeaa5fc0",
              "cardId": "battle_familiar",
              "grind": 0
            },
            {
              "instanceId": "2a212952-c245-4166-94b5-c66dad069f2d",
              "cardId": "dungeon_drake",
              "grind": 0
            },
            {
              "instanceId": "66ed83ec-886f-47d9-a593-64d1db8bc187",
              "cardId": "iron_sword",
              "grind": 0
            },
            {
              "instanceId": "1075c32f-b2dd-4694-8811-5ba09c76d612",
              "cardId": "iron_sword",
              "grind": 0
            },
            {
              "instanceId": "ea6eedb5-522a-40aa-82c7-9569e1634566",
              "cardId": "iron_sword",
              "grind": 0
            },
            {
              "instanceId": "2c4a4f7c-d5c9-41cb-9345-c0a98cfd3cb2",
              "cardId": "battle_familiar",
              "grind": 0
            },
            {
              "instanceId": "4bb691b1-2726-4f46-8b78-5e8f4ac520c0",
              "cardId": "battle_familiar",
              "grind": 0
            },
            {
              "instanceId": "d8e2ef5a-1221-477e-a143-136b4b06d851",
              "cardId": "flame_blade",
              "grind": 0
            },
            {
              "instanceId": "caa30530-685a-445e-bb8a-f892ac458b50",
              "cardId": "flame_blade",
              "grind": 0
            },
            {
              "instanceId": "4581ea53-4a92-4378-9e4e-323fc462213f",
              "cardId": "dungeon_drake",
              "grind": 0
            }
          ],
          "lastEvolutionResult": null
        },
        "keyItemIndicatorOnCooldown": true,
        "keyItemIndicatorText": "0.0",
        "keyItemCooldownRemaining": 29,
        "status": "Latency: 0ms",
        "hasCanvas": true,
        "canvasCount": 2,
        "lobbyVisible": false,
        "cardHandVisible": true,
        "title": "Void Grimoire",
        "bodyText": "👤\nLv\n🔊\n⚙\n56\nLV\n1\nHP\n60/100\nMS\n50/99\nDeck: 7/12\n⟡ 4\n✦ 2\n🐉 1\n✨ 0\nMoney 0\nLatency: 0ms\n0.0\nInitiate Vault\nPurged 0 / 6 hostiles\n01\nRewa: Rewa here. Radio check — sweep the annex and report when the sector is clear.\nClick to attack · press 1–6 to cast cards\n1\n🐉\nVault Wyrm\nBURNING BREATH\n600ms wind-up\n1/1\n2\n⚔\nSolar Edge\n650ms wind-up\n2/2\n3\n✦\nSignal Familiar\n50 MS\n1/1\n4\n⚔\nSolar Edge\n650ms wind-up\n2/2\n5\n⚔\nRust-Forged Saber\n5/5"
      }
    }
  ],
  "pageerrors": []
}
