[createLobby] timeout waiting for #lobby visibility: page.waitForFunction: Timeout 10000ms exceeded.
[joinLobby] timeout waiting for #lobby visibility: page.waitForFunction: Timeout 10000ms exceeded.
{
  "url": "http://localhost:5174/",
  "ok": true,
  "ticketFile": "/home/matt/workspace/.autogame-worktrees/hud-no-status-effect-indicators-for-ember-burn-glacial-slow-gwrd/tickets/hud-no-status-effect-indicators-for-ember-burn-glacial-slow-gwrd/ticket.md",
  "capturePlanSource": "fallback",
  "capturePlanValid": true,
  "capturePlanAttempts": [],
  "capturePlanSummary": "Deterministic full-flow smoke capture: auth, lobby create/join, ready transition, movement, dodge/key-item with post-dodge cooldown probe.",
  "scenarios": [],
  "screenshots": [
    {
      "file": "01-initial.png",
      "player": "A",
      "description": "Both players in squad lobby."
    },
    {
      "file": "02-after-w.png",
      "player": "A",
      "description": "Gameplay after holding W."
    },
    {
      "file": "03-after-d.png",
      "player": "A",
      "description": "Gameplay after holding D."
    },
    {
      "file": "04-after-dodge.png",
      "player": "A",
      "description": "Gameplay after dodge roll with cooldown HUD."
    }
  ],
  "probes": [
    {
      "player": "A",
      "description": "After readying all players and entering gameplay.",
      "data": {
        "harnessState": {
          "debugScenario": null,
          "debugScenarioAllowed": true,
          "debugScenarioResult": null,
          "debugGodmodeResult": null,
          "debugTimeScale": 1,
          "debugTimeScaleResult": null,
          "debugTimeScaleAllowed": false,
          "objective": {
            "type": "defeat_enemies",
            "totalEnemies": 6,
            "activeEnemyCount": 2,
            "defeatedEnemies": 0,
            "label": "Initiate Vault: Sweep annex holding pens in scripted waves and breach the deeper vault wing."
          },
          "encounter": null,
          "bossEncounter": null,
          "runObjectiveComplete": false,
          "lastRunSummary": null,
          "sortieCompleteOverlayVisible": false,
          "myId": "a0349faf-3de7-4ed9-a6eb-baf465f531f4",
          "selectedDeck": [
            "f4e59645-8223-43fe-adde-8445e01b01f9",
            "df5ec826-5d60-4bf7-9286-26791cf5039e",
            "307ac061-0872-42f5-bc4c-5ca78f78fc8e",
            "1cdd18aa-0cf6-4072-8cd0-5de01f35eefd",
            "541bdf66-ddf5-4a25-9aaa-fd79cc81b52b",
            "044b2e30-ab65-4115-bc37-56c1689fda26",
            "24bb23d1-26a5-428c-a718-d9bd8f697dc9",
            "57739daf-26c9-446b-ae6f-a8dac4e36e59",
            "5206ac3d-eade-4a9f-aa09-d38aef4838b8",
            "7a2c689c-6169-4159-9a7d-94e4ca477612",
            "5b12bf0a-7777-4fb1-9d3c-caab4ea69be3",
            "12538f95-2e03-4131-853c-9b49afc89dc9"
          ],
          "phase": "playing",
          "runStatus": "playing",
          "suspendedRunSummary": null,
          "extracted": false,
          "telepipe": null,
          "layout": {
            "profile": "crowded",
            "seed": 352369970,
            "roomCount": 10,
            "startRoom": {
              "x": -9,
              "z": 27,
              "role": "start"
            }
          },
          "connectionState": "connected",
          "sceneInitialized": true,
          "hasCanvas": true,
          "lobbyVisible": false,
          "lobbyMenuDismissed": true,
          "characterBoothOpen": false,
          "deckEditorVisible": false,
          "runId": "a66e338a-3ad1-4eb2-a265-6ccb3d633e58",
          "resumeBtnUsable": false,
          "abandonRunBtnUsable": false,
          "cardHandVisible": true,
          "status": "Latency: 1ms",
          "hpText": "100/100",
          "msText": "49/99",
          "currencyText": "Money 0",
          "currency": 0,
          "player": {
            "hp": 100,
            "magicStones": 49.08000000000004,
            "currency": 0,
            "debugGodmode": false,
            "dead": false,
            "x": -9,
            "y": 0.5,
            "z": 27,
            "equippedKeyItemId": "dodge_roll",
            "keyItemCooldownRemaining": 0,
            "cardUseState": null,
            "cardWindupUntil": 0,
            "cardWindupCardId": null,
            "slowedUntil": 0,
            "burningUntil": 0,
            "slowActive": false,
            "burnActive": false
          },
          "windupFlashing": false,
          "keyItemIndicatorOnCooldown": false,
          "keyItemIndicatorText": "",
          "players": 2,
          "squadmates": [
            {
              "id": "b09ea722-bb5e-41aa-82ce-cebd959b2ab1",
              "x": -6,
              "z": 27
            }
          ],
          "enemies": 2,
          "enemyHp": [
            {
              "id": "da36ac03-0cbf-4e25-a014-0818cb6e718b",
              "hp": 100,
              "maxHp": 100,
              "type": "grunt",
              "spawnedBy": null,
              "x": -9,
              "z": 27,
              "slowedUntil": 0,
              "burningUntil": 0,
              "frozenUntil": 0,
              "slowActive": false,
              "burnActive": false
            },
            {
              "id": "dd6eab88-82ec-4fb8-87b7-4ffcdc13df18",
              "hp": 100,
              "maxHp": 100,
              "type": "grunt",
              "spawnedBy": null,
              "x": -8.866656090365723,
              "z": 28.069192429538816,
              "slowedUntil": 0,
              "burningUntil": 0,
              "frozenUntil": 0,
              "slowActive": false,
              "burnActive": false
            }
          ],
          "minions": [],
          "hand": [
            {
              "id": "battle_familiar",
              "name": "Signal Familiar",
              "type": "spell",
              "remainingCharges": 1,
              "charges": 1,
              "activeMinionId": null,
              "burnMaxTtl": null,
              "burnLabel": "1/1",
              "creatureBurning": false,
              "isEvolved": false
            },
            {
              "id": "iron_sword",
              "name": "Rust-Forged Saber",
              "type": "weapon",
              "remainingCharges": 5,
              "charges": 5,
              "activeMinionId": null,
              "burnMaxTtl": null,
              "burnLabel": "5/5",
              "creatureBurning": false,
              "isEvolved": false
            },
            null,
            {
              "id": "iron_sword",
              "name": "Rust-Forged Saber",
              "type": "weapon",
              "remainingCharges": 5,
              "charges": 5,
              "activeMinionId": null,
              "burnMaxTtl": null,
              "burnLabel": "5/5",
              "creatureBurning": false,
              "isEvolved": false
            },
            {
              "id": "flame_blade",
              "name": "Solar Edge",
              "type": "weapon",
              "remainingCharges": 2,
              "charges": 2,
              "activeMinionId": null,
              "burnMaxTtl": null,
              "burnLabel": "2/2",
              "creatureBurning": false,
              "isEvolved": false
            },
            null
          ],
          "inventory": [
            {
              "instanceId": "f4e59645-8223-43fe-adde-8445e01b01f9",
              "cardId": "iron_sword",
              "grind": 0
            },
            {
              "instanceId": "df5ec826-5d60-4bf7-9286-26791cf5039e",
              "cardId": "flame_blade",
              "grind": 0
            },
            {
              "instanceId": "307ac061-0872-42f5-bc4c-5ca78f78fc8e",
              "cardId": "battle_familiar",
              "grind": 0
            },
            {
              "instanceId": "1cdd18aa-0cf6-4072-8cd0-5de01f35eefd",
              "cardId": "dungeon_drake",
              "grind": 0
            },
            {
              "instanceId": "541bdf66-ddf5-4a25-9aaa-fd79cc81b52b",
              "cardId": "iron_sword",
              "grind": 0
            },
            {
              "instanceId": "044b2e30-ab65-4115-bc37-56c1689fda26",
              "cardId": "iron_sword",
              "grind": 0
            },
            {
              "instanceId": "24bb23d1-26a5-428c-a718-d9bd8f697dc9",
              "cardId": "iron_sword",
              "grind": 0
            },
            {
              "instanceId": "57739daf-26c9-446b-ae6f-a8dac4e36e59",
              "cardId": "battle_familiar",
              "grind": 0
            },
            {
              "instanceId": "5206ac3d-eade-4a9f-aa09-d38aef4838b8",
              "cardId": "battle_familiar",
              "grind": 0
            },
            {
              "instanceId": "7a2c689c-6169-4159-9a7d-94e4ca477612",
              "cardId": "flame_blade",
              "grind": 0
            },
            {
              "instanceId": "5b12bf0a-7777-4fb1-9d3c-caab4ea69be3",
              "cardId": "flame_blade",
              "grind": 0
            },
            {
              "instanceId": "12538f95-2e03-4131-853c-9b49afc89dc9",
              "cardId": "dungeon_drake",
              "grind": 0
            }
          ],
          "lastEvolutionResult": null
        },
        "keyItemIndicatorOnCooldown": false,
        "keyItemIndicatorText": "\n        \n        Dodge Roll\n        E\n        \n      ",
        "keyItemCooldownRemaining": 0,
        "status": "Latency: 1ms",
        "hasCanvas": true,
        "canvasCount": 2,
        "lobbyVisible": false,
        "cardHandVisible": true,
        "title": "Void Grimoire",
        "bodyText": "👤\nLv\n🔊\n⚙\nPL\nLV\n1\nHP\n100/100\nMS\n49/99\nDeck: 8/12\n⟡ 4\n✦ 2\n🐉 2\n✨ 0\nMoney 0\nLatency: 1ms\nDodge Roll\nE\nInitiate Vault\nPurged 0 / 6 hostiles\n01\nRewa: Rewa on channel. Move with WASD, close on the opening grunts, and strike with your melee weapon to start the sweep.\nClick to attack · press 1–6 to cast cards · E for key item\n1\n✦\nSignal Familiar\n50 MS\n1/1\n2\n⚔\nRust-Forged Saber\n5/5\n4\n⚔\nRust-Forged Saber\n5/5\n5\n⚔\nSolar Edge\n650ms wind-up\n2/2\nRewa: Rewa on channel. Move with WASD, close on the opening grunts, and strike with your melee weapon to start the sweep.\nANNEX LIAISON KADE\nEntry annex is live. Close with WASD and strike with your melee weapon — two grunts block the bulkhead."
      }
    },
    {
      "player": "A",
      "description": "After dodge roll — cooldown HUD should be active.",
      "data": {
        "harnessState": {
          "debugScenario": null,
          "debugScenarioAllowed": true,
          "debugScenarioResult": null,
          "debugGodmodeResult": null,
          "debugTimeScale": 1,
          "debugTimeScaleResult": null,
          "debugTimeScaleAllowed": false,
          "objective": {
            "type": "defeat_enemies",
            "totalEnemies": 6,
            "activeEnemyCount": 2,
            "defeatedEnemies": 0,
            "label": "Initiate Vault: Sweep annex holding pens in scripted waves and breach the deeper vault wing."
          },
          "encounter": null,
          "bossEncounter": null,
          "runObjectiveComplete": false,
          "lastRunSummary": null,
          "sortieCompleteOverlayVisible": false,
          "myId": "a0349faf-3de7-4ed9-a6eb-baf465f531f4",
          "selectedDeck": [
            "f4e59645-8223-43fe-adde-8445e01b01f9",
            "df5ec826-5d60-4bf7-9286-26791cf5039e",
            "307ac061-0872-42f5-bc4c-5ca78f78fc8e",
            "1cdd18aa-0cf6-4072-8cd0-5de01f35eefd",
            "541bdf66-ddf5-4a25-9aaa-fd79cc81b52b",
            "044b2e30-ab65-4115-bc37-56c1689fda26",
            "24bb23d1-26a5-428c-a718-d9bd8f697dc9",
            "57739daf-26c9-446b-ae6f-a8dac4e36e59",
            "5206ac3d-eade-4a9f-aa09-d38aef4838b8",
            "7a2c689c-6169-4159-9a7d-94e4ca477612",
            "5b12bf0a-7777-4fb1-9d3c-caab4ea69be3",
            "12538f95-2e03-4131-853c-9b49afc89dc9"
          ],
          "phase": "playing",
          "runStatus": "playing",
          "suspendedRunSummary": null,
          "extracted": false,
          "telepipe": null,
          "layout": {
            "profile": "crowded",
            "seed": 352369970,
            "roomCount": 10,
            "startRoom": {
              "x": -9,
              "z": 27,
              "role": "start"
            }
          },
          "connectionState": "connected",
          "sceneInitialized": true,
          "hasCanvas": true,
          "lobbyVisible": false,
          "lobbyMenuDismissed": true,
          "characterBoothOpen": false,
          "deckEditorVisible": false,
          "runId": "a66e338a-3ad1-4eb2-a265-6ccb3d633e58",
          "resumeBtnUsable": false,
          "abandonRunBtnUsable": false,
          "cardHandVisible": true,
          "status": "Latency: 1ms",
          "hpText": "80/100",
          "msText": "49/99",
          "currencyText": "Money 0",
          "currency": 0,
          "player": {
            "hp": 80,
            "magicStones": 49.60000000000031,
            "currency": 0,
            "debugGodmode": false,
            "dead": false,
            "x": -7.65,
            "y": 0.5,
            "z": 19,
            "equippedKeyItemId": "dodge_roll",
            "keyItemCooldownRemaining": 359,
            "cardUseState": null,
            "cardWindupUntil": 0,
            "cardWindupCardId": null,
            "slowedUntil": 0,
            "burningUntil": 0,
            "slowActive": false,
            "burnActive": false
          },
          "windupFlashing": false,
          "keyItemIndicatorOnCooldown": true,
          "keyItemIndicatorText": "0.4",
          "players": 2,
          "squadmates": [
            {
              "id": "b09ea722-bb5e-41aa-82ce-cebd959b2ab1",
              "x": -6,
              "z": 27
            }
          ],
          "enemies": 2,
          "enemyHp": [
            {
              "id": "da36ac03-0cbf-4e25-a014-0818cb6e718b",
              "hp": 100,
              "maxHp": 100,
              "type": "grunt",
              "spawnedBy": null,
              "x": -9,
              "z": 27,
              "slowedUntil": 0,
              "burningUntil": 0,
              "frozenUntil": 0,
              "slowActive": false,
              "burnActive": false
            },
            {
              "id": "dd6eab88-82ec-4fb8-87b7-4ffcdc13df18",
              "hp": 100,
              "maxHp": 100,
              "type": "grunt",
              "spawnedBy": null,
              "x": -8.866656090365723,
              "z": 28.069192429538816,
              "slowedUntil": 0,
              "burningUntil": 0,
              "frozenUntil": 0,
              "slowActive": false,
              "burnActive": false
            }
          ],
          "minions": [],
          "hand": [
            {
              "id": "battle_familiar",
              "name": "Signal Familiar",
              "type": "spell",
              "remainingCharges": 1,
              "charges": 1,
              "activeMinionId": null,
              "burnMaxTtl": null,
              "burnLabel": "1/1",
              "creatureBurning": false,
              "isEvolved": false
            },
            {
              "id": "iron_sword",
              "name": "Rust-Forged Saber",
              "type": "weapon",
              "remainingCharges": 5,
              "charges": 5,
              "activeMinionId": null,
              "burnMaxTtl": null,
              "burnLabel": "5/5",
              "creatureBurning": false,
              "isEvolved": false
            },
            {
              "id": "iron_sword",
              "name": "Rust-Forged Saber",
              "type": "weapon",
              "remainingCharges": 5,
              "charges": 5,
              "activeMinionId": null,
              "burnMaxTtl": null,
              "burnLabel": "5/5",
              "creatureBurning": false,
              "isEvolved": false
            },
            {
              "id": "iron_sword",
              "name": "Rust-Forged Saber",
              "type": "weapon",
              "remainingCharges": 5,
              "charges": 5,
              "activeMinionId": null,
              "burnMaxTtl": null,
              "burnLabel": "5/5",
              "creatureBurning": false,
              "isEvolved": false
            },
            {
              "id": "flame_blade",
              "name": "Solar Edge",
              "type": "weapon",
              "remainingCharges": 2,
              "charges": 2,
              "activeMinionId": null,
              "burnMaxTtl": null,
              "burnLabel": "2/2",
              "creatureBurning": false,
              "isEvolved": false
            },
            null
          ],
          "inventory": [
            {
              "instanceId": "f4e59645-8223-43fe-adde-8445e01b01f9",
              "cardId": "iron_sword",
              "grind": 0
            },
            {
              "instanceId": "df5ec826-5d60-4bf7-9286-26791cf5039e",
              "cardId": "flame_blade",
              "grind": 0
            },
            {
              "instanceId": "307ac061-0872-42f5-bc4c-5ca78f78fc8e",
              "cardId": "battle_familiar",
              "grind": 0
            },
            {
              "instanceId": "1cdd18aa-0cf6-4072-8cd0-5de01f35eefd",
              "cardId": "dungeon_drake",
              "grind": 0
            },
            {
              "instanceId": "541bdf66-ddf5-4a25-9aaa-fd79cc81b52b",
              "cardId": "iron_sword",
              "grind": 0
            },
            {
              "instanceId": "044b2e30-ab65-4115-bc37-56c1689fda26",
              "cardId": "iron_sword",
              "grind": 0
            },
            {
              "instanceId": "24bb23d1-26a5-428c-a718-d9bd8f697dc9",
              "cardId": "iron_sword",
              "grind": 0
            },
            {
              "instanceId": "57739daf-26c9-446b-ae6f-a8dac4e36e59",
              "cardId": "battle_familiar",
              "grind": 0
            },
            {
              "instanceId": "5206ac3d-eade-4a9f-aa09-d38aef4838b8",
              "cardId": "battle_familiar",
              "grind": 0
            },
            {
              "instanceId": "7a2c689c-6169-4159-9a7d-94e4ca477612",
              "cardId": "flame_blade",
              "grind": 0
            },
            {
              "instanceId": "5b12bf0a-7777-4fb1-9d3c-caab4ea69be3",
              "cardId": "flame_blade",
              "grind": 0
            },
            {
              "instanceId": "12538f95-2e03-4131-853c-9b49afc89dc9",
              "cardId": "dungeon_drake",
              "grind": 0
            }
          ],
          "lastEvolutionResult": null
        },
        "keyItemIndicatorOnCooldown": true,
        "keyItemIndicatorText": "\n        \n        Dodge Roll\n        E\n        0.4\n      ",
        "keyItemCooldownRemaining": 359,
        "status": "Latency: 1ms",
        "hasCanvas": true,
        "canvasCount": 2,
        "lobbyVisible": false,
        "cardHandVisible": true,
        "title": "Void Grimoire",
        "bodyText": "👤\nLv\n🔊\n⚙\nPL\nLV\n1\nHP\n80/100\nMS\n49/99\nDeck: 7/12\n⟡ 3\n✦ 2\n🐉 2\n✨ 0\nMoney 0\nLatency: 1ms\nDodge Roll\nE\n0.4\nInitiate Vault\nPurged 0 / 6 hostiles\n01\nRewa: Rewa on channel. Move with WASD, close on the opening grunts, and strike with your melee weapon to start the sweep.\nClick to attack · press 1–6 to cast cards · E for key item\n1\n✦\nSignal Familiar\n50 MS\n1/1\n2\n⚔\nRust-Forged Saber\n5/5\n3\n⚔\nRust-Forged Saber\n5/5\n4\n⚔\nRust-Forged Saber\n5/5\n5\n⚔\nSolar Edge\n650ms wind-up\n2/2"
      }
    },
    {
      "player": "A",
      "description": "Final capture probe.",
      "data": {
        "harnessState": {
          "debugScenario": null,
          "debugScenarioAllowed": true,
          "debugScenarioResult": null,
          "debugGodmodeResult": null,
          "debugTimeScale": 1,
          "debugTimeScaleResult": null,
          "debugTimeScaleAllowed": false,
          "objective": {
            "type": "defeat_enemies",
            "totalEnemies": 6,
            "activeEnemyCount": 2,
            "defeatedEnemies": 0,
            "label": "Initiate Vault: Sweep annex holding pens in scripted waves and breach the deeper vault wing."
          },
          "encounter": null,
          "bossEncounter": null,
          "runObjectiveComplete": false,
          "lastRunSummary": null,
          "sortieCompleteOverlayVisible": false,
          "myId": "a0349faf-3de7-4ed9-a6eb-baf465f531f4",
          "selectedDeck": [
            "f4e59645-8223-43fe-adde-8445e01b01f9",
            "df5ec826-5d60-4bf7-9286-26791cf5039e",
            "307ac061-0872-42f5-bc4c-5ca78f78fc8e",
            "1cdd18aa-0cf6-4072-8cd0-5de01f35eefd",
            "541bdf66-ddf5-4a25-9aaa-fd79cc81b52b",
            "044b2e30-ab65-4115-bc37-56c1689fda26",
            "24bb23d1-26a5-428c-a718-d9bd8f697dc9",
            "57739daf-26c9-446b-ae6f-a8dac4e36e59",
            "5206ac3d-eade-4a9f-aa09-d38aef4838b8",
            "7a2c689c-6169-4159-9a7d-94e4ca477612",
            "5b12bf0a-7777-4fb1-9d3c-caab4ea69be3",
            "12538f95-2e03-4131-853c-9b49afc89dc9"
          ],
          "phase": "playing",
          "runStatus": "playing",
          "suspendedRunSummary": null,
          "extracted": false,
          "telepipe": null,
          "layout": {
            "profile": "crowded",
            "seed": 352369970,
            "roomCount": 10,
            "startRoom": {
              "x": -9,
              "z": 27,
              "role": "start"
            }
          },
          "connectionState": "connected",
          "sceneInitialized": true,
          "hasCanvas": true,
          "lobbyVisible": false,
          "lobbyMenuDismissed": true,
          "characterBoothOpen": false,
          "deckEditorVisible": false,
          "runId": "a66e338a-3ad1-4eb2-a265-6ccb3d633e58",
          "resumeBtnUsable": false,
          "abandonRunBtnUsable": false,
          "cardHandVisible": true,
          "status": "Latency: 1ms",
          "hpText": "80/100",
          "msText": "49/99",
          "currencyText": "Money 0",
          "currency": 0,
          "player": {
            "hp": 80,
            "magicStones": 49.64000000000033,
            "currency": 0,
            "debugGodmode": false,
            "dead": false,
            "x": -7.65,
            "y": 0.5,
            "z": 19,
            "equippedKeyItemId": "dodge_roll",
            "keyItemCooldownRemaining": 0,
            "cardUseState": null,
            "cardWindupUntil": 0,
            "cardWindupCardId": null,
            "slowedUntil": 0,
            "burningUntil": 0,
            "slowActive": false,
            "burnActive": false
          },
          "windupFlashing": false,
          "keyItemIndicatorOnCooldown": false,
          "keyItemIndicatorText": "",
          "players": 2,
          "squadmates": [
            {
              "id": "b09ea722-bb5e-41aa-82ce-cebd959b2ab1",
              "x": -6,
              "z": 27
            }
          ],
          "enemies": 2,
          "enemyHp": [
            {
              "id": "da36ac03-0cbf-4e25-a014-0818cb6e718b",
              "hp": 100,
              "maxHp": 100,
              "type": "grunt",
              "spawnedBy": null,
              "x": -9,
              "z": 27,
              "slowedUntil": 0,
              "burningUntil": 0,
              "frozenUntil": 0,
              "slowActive": false,
              "burnActive": false
            },
            {
              "id": "dd6eab88-82ec-4fb8-87b7-4ffcdc13df18",
              "hp": 100,
              "maxHp": 100,
              "type": "grunt",
              "spawnedBy": null,
              "x": -8.866656090365723,
              "z": 28.069192429538816,
              "slowedUntil": 0,
              "burningUntil": 0,
              "frozenUntil": 0,
              "slowActive": false,
              "burnActive": false
            }
          ],
          "minions": [],
          "hand": [
            {
              "id": "battle_familiar",
              "name": "Signal Familiar",
              "type": "spell",
              "remainingCharges": 1,
              "charges": 1,
              "activeMinionId": null,
              "burnMaxTtl": null,
              "burnLabel": "1/1",
              "creatureBurning": false,
              "isEvolved": false
            },
            {
              "id": "iron_sword",
              "name": "Rust-Forged Saber",
              "type": "weapon",
              "remainingCharges": 5,
              "charges": 5,
              "activeMinionId": null,
              "burnMaxTtl": null,
              "burnLabel": "5/5",
              "creatureBurning": false,
              "isEvolved": false
            },
            {
              "id": "iron_sword",
              "name": "Rust-Forged Saber",
              "type": "weapon",
              "remainingCharges": 5,
              "charges": 5,
              "activeMinionId": null,
              "burnMaxTtl": null,
              "burnLabel": "5/5",
              "creatureBurning": false,
              "isEvolved": false
            },
            {
              "id": "iron_sword",
              "name": "Rust-Forged Saber",
              "type": "weapon",
              "remainingCharges": 5,
              "charges": 5,
              "activeMinionId": null,
              "burnMaxTtl": null,
              "burnLabel": "5/5",
              "creatureBurning": false,
              "isEvolved": false
            },
            {
              "id": "flame_blade",
              "name": "Solar Edge",
              "type": "weapon",
              "remainingCharges": 2,
              "charges": 2,
              "activeMinionId": null,
              "burnMaxTtl": null,
              "burnLabel": "2/2",
              "creatureBurning": false,
              "isEvolved": false
            },
            null
          ],
          "inventory": [
            {
              "instanceId": "f4e59645-8223-43fe-adde-8445e01b01f9",
              "cardId": "iron_sword",
              "grind": 0
            },
            {
              "instanceId": "df5ec826-5d60-4bf7-9286-26791cf5039e",
              "cardId": "flame_blade",
              "grind": 0
            },
            {
              "instanceId": "307ac061-0872-42f5-bc4c-5ca78f78fc8e",
              "cardId": "battle_familiar",
              "grind": 0
            },
            {
              "instanceId": "1cdd18aa-0cf6-4072-8cd0-5de01f35eefd",
              "cardId": "dungeon_drake",
              "grind": 0
            },
            {
              "instanceId": "541bdf66-ddf5-4a25-9aaa-fd79cc81b52b",
              "cardId": "iron_sword",
              "grind": 0
            },
            {
              "instanceId": "044b2e30-ab65-4115-bc37-56c1689fda26",
              "cardId": "iron_sword",
              "grind": 0
            },
            {
              "instanceId": "24bb23d1-26a5-428c-a718-d9bd8f697dc9",
              "cardId": "iron_sword",
              "grind": 0
            },
            {
              "instanceId": "57739daf-26c9-446b-ae6f-a8dac4e36e59",
              "cardId": "battle_familiar",
              "grind": 0
            },
            {
              "instanceId": "5206ac3d-eade-4a9f-aa09-d38aef4838b8",
              "cardId": "battle_familiar",
              "grind": 0
            },
            {
              "instanceId": "7a2c689c-6169-4159-9a7d-94e4ca477612",
              "cardId": "flame_blade",
              "grind": 0
            },
            {
              "instanceId": "5b12bf0a-7777-4fb1-9d3c-caab4ea69be3",
              "cardId": "flame_blade",
              "grind": 0
            },
            {
              "instanceId": "12538f95-2e03-4131-853c-9b49afc89dc9",
              "cardId": "dungeon_drake",
              "grind": 0
            }
          ],
          "lastEvolutionResult": null
        },
        "keyItemIndicatorOnCooldown": false,
        "keyItemIndicatorText": "\n        \n        Dodge Roll\n        E\n        \n      ",
        "keyItemCooldownRemaining": 0,
        "status": "Latency: 1ms",
        "hasCanvas": true,
        "canvasCount": 2,
        "lobbyVisible": false,
        "cardHandVisible": true,
        "title": "Void Grimoire",
        "bodyText": "👤\nLv\n🔊\n⚙\nPL\nLV\n1\nHP\n80/100\nMS\n49/99\nDeck: 7/12\n⟡ 3\n✦ 2\n🐉 2\n✨ 0\nMoney 0\nLatency: 1ms\nDodge Roll\nE\nInitiate Vault\nPurged 0 / 6 hostiles\n01\nRewa: Rewa on channel. Move with WASD, close on the opening grunts, and strike with your melee weapon to start the sweep.\nClick to attack · press 1–6 to cast cards · E for key item\n1\n✦\nSignal Familiar\n50 MS\n1/1\n2\n⚔\nRust-Forged Saber\n5/5\n3\n⚔\nRust-Forged Saber\n5/5\n4\n⚔\nRust-Forged Saber\n5/5\n5\n⚔\nSolar Edge\n650ms wind-up\n2/2"
      }
    }
  ],
  "pageerrors": []
}
