[createLobby] timeout waiting for #lobby visibility: page.waitForFunction: Timeout 10000ms exceeded.
[joinLobby] timeout waiting for #lobby visibility: page.waitForFunction: Timeout 10000ms exceeded.
{
  "url": "http://localhost:5178/",
  "ok": true,
  "ticketFile": "/home/matt/workspace/.autogame-worktrees/client-on-screen-control-hints-never-mention-the-key-item-bi-e0sw/tickets/client-on-screen-control-hints-never-mention-the-key-item-bi-e0sw/ticket.md",
  "capturePlanSource": "fallback",
  "capturePlanValid": true,
  "capturePlanAttempts": [],
  "capturePlanSummary": "Deterministic full-flow smoke capture: auth, lobby create/join, ready transition, movement, dodge/key-item with post-dodge cooldown probe.",
  "scenarios": [],
  "screenshots": [
    {
      "file": "01-initial.png",
      "player": "A",
      "description": "Both players in squad lobby."
    },
    {
      "file": "02-after-w.png",
      "player": "A",
      "description": "Gameplay after holding W."
    },
    {
      "file": "03-after-d.png",
      "player": "A",
      "description": "Gameplay after holding D."
    },
    {
      "file": "04-after-dodge.png",
      "player": "A",
      "description": "Gameplay after dodge roll with cooldown HUD."
    }
  ],
  "probes": [
    {
      "player": "A",
      "description": "After readying all players and entering gameplay.",
      "data": {
        "harnessState": {
          "debugScenario": null,
          "debugScenarioAllowed": true,
          "debugScenarioResult": null,
          "debugGodmodeResult": null,
          "debugTimeScale": 1,
          "debugTimeScaleResult": null,
          "debugTimeScaleAllowed": false,
          "objective": {
            "type": "defeat_enemies",
            "totalEnemies": 6,
            "activeEnemyCount": 2,
            "defeatedEnemies": 0,
            "label": "Initiate Vault: Sweep annex holding pens in scripted waves and breach the deeper vault wing."
          },
          "encounter": null,
          "bossEncounter": null,
          "runObjectiveComplete": false,
          "lastRunSummary": null,
          "sortieCompleteOverlayVisible": false,
          "myId": "18a456bf-396d-4ce7-8267-29892f5178c9",
          "selectedDeck": [
            "a5e19d0b-21d1-4ede-b8bd-8f246aa069b5",
            "838c6bd2-acd7-4f57-9d13-f9442014b3bf",
            "776ee55d-bb35-45a4-a03b-6c29682a8db7",
            "4d704b71-eefe-4550-a680-00618642a17c",
            "c9cf2d25-55c8-4c02-a938-4da1899dcf2e",
            "d303e3e0-2884-469f-bca5-94ebd128dda4",
            "2b6bf6bb-996c-420a-962e-56cd1f717df1",
            "8dddac1b-f398-47d3-b6ac-817cf9413b4e",
            "2a415495-281e-4a61-9fbc-24325aad6958",
            "20c9227d-7534-4f9c-b03b-b50e77e5670d",
            "0eaafe4a-be9e-4718-9db1-802e6f996713",
            "d60e20f2-274e-4a07-b715-35b1f418d52e"
          ],
          "phase": "playing",
          "runStatus": "playing",
          "suspendedRunSummary": null,
          "extracted": false,
          "telepipe": null,
          "layout": {
            "profile": "crowded",
            "seed": 352369970,
            "roomCount": 10,
            "startRoom": {
              "x": -9,
              "z": 27,
              "role": "start"
            }
          },
          "connectionState": "connected",
          "sceneInitialized": true,
          "hasCanvas": true,
          "lobbyVisible": false,
          "lobbyMenuDismissed": true,
          "characterBoothOpen": false,
          "deckEditorVisible": false,
          "runId": "8b62c129-9d62-4a46-ab47-5ace433b83b7",
          "resumeBtnUsable": false,
          "abandonRunBtnUsable": false,
          "cardHandVisible": true,
          "status": "Latency: 0ms",
          "hpText": "80/100",
          "msText": "49/99",
          "currencyText": "Money 0",
          "currency": 0,
          "player": {
            "hp": 80,
            "magicStones": 49.88500000000045,
            "currency": 0,
            "debugGodmode": false,
            "dead": false,
            "x": -9,
            "y": 0.5,
            "z": 27,
            "equippedKeyItemId": "dodge_roll",
            "keyItemCooldownRemaining": 0,
            "cardUseState": null,
            "cardWindupUntil": 0,
            "cardWindupCardId": null,
            "slowedUntil": 0,
            "burningUntil": 0,
            "slowActive": false,
            "burnActive": false
          },
          "windupFlashing": false,
          "keyItemIndicatorOnCooldown": false,
          "keyItemIndicatorText": "",
          "players": 2,
          "squadmates": [
            {
              "id": "725ad194-00f4-4ed9-a45f-f591a6a1eb06",
              "x": -6,
              "z": 27
            }
          ],
          "enemies": 2,
          "enemyHp": [
            {
              "id": "acb3762c-0511-4421-8b2a-551de92759a5",
              "hp": 100,
              "maxHp": 100,
              "type": "grunt",
              "spawnedBy": null,
              "x": -9,
              "z": 27,
              "slowedUntil": 0,
              "burningUntil": 0,
              "frozenUntil": 0,
              "slowActive": false,
              "burnActive": false
            },
            {
              "id": "288a5752-f006-4821-9761-3ba0c722c339",
              "hp": 100,
              "maxHp": 100,
              "type": "grunt",
              "spawnedBy": null,
              "x": -8.866656090365723,
              "z": 28.069192429538816,
              "slowedUntil": 0,
              "burningUntil": 0,
              "frozenUntil": 0,
              "slowActive": false,
              "burnActive": false
            }
          ],
          "minions": [],
          "hand": [
            {
              "id": "iron_sword",
              "name": "Rust-Forged Saber",
              "type": "weapon",
              "remainingCharges": 5,
              "charges": 5,
              "activeMinionId": null,
              "burnMaxTtl": null,
              "burnLabel": "5/5",
              "creatureBurning": false,
              "isEvolved": false
            },
            {
              "id": "battle_familiar",
              "name": "Signal Familiar",
              "type": "spell",
              "remainingCharges": 1,
              "charges": 1,
              "activeMinionId": null,
              "burnMaxTtl": null,
              "burnLabel": "1/1",
              "creatureBurning": false,
              "isEvolved": false
            },
            null,
            {
              "id": "flame_blade",
              "name": "Solar Edge",
              "type": "weapon",
              "remainingCharges": 2,
              "charges": 2,
              "activeMinionId": null,
              "burnMaxTtl": null,
              "burnLabel": "2/2",
              "creatureBurning": false,
              "isEvolved": false
            },
            {
              "id": "dungeon_drake",
              "name": "Vault Wyrm",
              "type": "creature",
              "remainingCharges": 1,
              "charges": 1,
              "activeMinionId": null,
              "burnMaxTtl": null,
              "burnLabel": "1/1",
              "creatureBurning": false,
              "isEvolved": false,
              "specialEffect": "burning_breath"
            },
            null
          ],
          "inventory": [
            {
              "instanceId": "a5e19d0b-21d1-4ede-b8bd-8f246aa069b5",
              "cardId": "iron_sword",
              "grind": 0
            },
            {
              "instanceId": "838c6bd2-acd7-4f57-9d13-f9442014b3bf",
              "cardId": "flame_blade",
              "grind": 0
            },
            {
              "instanceId": "776ee55d-bb35-45a4-a03b-6c29682a8db7",
              "cardId": "battle_familiar",
              "grind": 0
            },
            {
              "instanceId": "4d704b71-eefe-4550-a680-00618642a17c",
              "cardId": "dungeon_drake",
              "grind": 0
            },
            {
              "instanceId": "c9cf2d25-55c8-4c02-a938-4da1899dcf2e",
              "cardId": "iron_sword",
              "grind": 0
            },
            {
              "instanceId": "d303e3e0-2884-469f-bca5-94ebd128dda4",
              "cardId": "iron_sword",
              "grind": 0
            },
            {
              "instanceId": "2b6bf6bb-996c-420a-962e-56cd1f717df1",
              "cardId": "iron_sword",
              "grind": 0
            },
            {
              "instanceId": "8dddac1b-f398-47d3-b6ac-817cf9413b4e",
              "cardId": "battle_familiar",
              "grind": 0
            },
            {
              "instanceId": "2a415495-281e-4a61-9fbc-24325aad6958",
              "cardId": "battle_familiar",
              "grind": 0
            },
            {
              "instanceId": "20c9227d-7534-4f9c-b03b-b50e77e5670d",
              "cardId": "flame_blade",
              "grind": 0
            },
            {
              "instanceId": "0eaafe4a-be9e-4718-9db1-802e6f996713",
              "cardId": "flame_blade",
              "grind": 0
            },
            {
              "instanceId": "d60e20f2-274e-4a07-b715-35b1f418d52e",
              "cardId": "dungeon_drake",
              "grind": 0
            }
          ],
          "lastEvolutionResult": null
        },
        "keyItemIndicatorOnCooldown": false,
        "keyItemIndicatorText": "\n        \n        Dodge Roll\n        E\n        \n      ",
        "keyItemCooldownRemaining": 0,
        "status": "Latency: 0ms",
        "hasCanvas": true,
        "canvasCount": 2,
        "lobbyVisible": false,
        "cardHandVisible": true,
        "title": "Void Grimoire",
        "bodyText": "👤\nLv\n🔊\n⚙\n18\nLV\n1\nHP\n80/100\nMS\n49/99\nDeck: 8/12\n⟡ 5\n✦ 2\n🐉 1\n✨ 0\nMoney 0\nLatency: 0ms\nDodge Roll\nE\nInitiate Vault\nPurged 0 / 6 hostiles\n01\nRewa: Rewa on channel. Move with WASD, close on the opening grunts, and strike with your melee weapon to start the sweep.\nClick to attack · press 1–6 to cast cards · E for key item\n1\n⚔\nRust-Forged Saber\n5/5\n2\n✦\nSignal Familiar\n50 MS\n1/1\n4\n⚔\nSolar Edge\n650ms wind-up\n2/2\n5\n🐉\nVault Wyrm\nBURNING BREATH\n600ms wind-up\n1/1\nRewa: Rewa on channel. Move with WASD, close on the opening grunts, and strike with your melee weapon to start the sweep.\nANNEX LIAISON KADE\nEntry annex is live. Close with WASD and strike with your melee weapon — two grunts block the bulkhead."
      }
    },
    {
      "player": "A",
      "description": "After dodge roll — cooldown HUD should be active.",
      "data": {
        "harnessState": {
          "debugScenario": null,
          "debugScenarioAllowed": true,
          "debugScenarioResult": null,
          "debugGodmodeResult": null,
          "debugTimeScale": 1,
          "debugTimeScaleResult": null,
          "debugTimeScaleAllowed": false,
          "objective": {
            "type": "defeat_enemies",
            "totalEnemies": 6,
            "activeEnemyCount": 2,
            "defeatedEnemies": 0,
            "label": "Initiate Vault: Sweep annex holding pens in scripted waves and breach the deeper vault wing."
          },
          "encounter": null,
          "bossEncounter": null,
          "runObjectiveComplete": false,
          "lastRunSummary": null,
          "sortieCompleteOverlayVisible": false,
          "myId": "18a456bf-396d-4ce7-8267-29892f5178c9",
          "selectedDeck": [
            "a5e19d0b-21d1-4ede-b8bd-8f246aa069b5",
            "838c6bd2-acd7-4f57-9d13-f9442014b3bf",
            "776ee55d-bb35-45a4-a03b-6c29682a8db7",
            "4d704b71-eefe-4550-a680-00618642a17c",
            "c9cf2d25-55c8-4c02-a938-4da1899dcf2e",
            "d303e3e0-2884-469f-bca5-94ebd128dda4",
            "2b6bf6bb-996c-420a-962e-56cd1f717df1",
            "8dddac1b-f398-47d3-b6ac-817cf9413b4e",
            "2a415495-281e-4a61-9fbc-24325aad6958",
            "20c9227d-7534-4f9c-b03b-b50e77e5670d",
            "0eaafe4a-be9e-4718-9db1-802e6f996713",
            "d60e20f2-274e-4a07-b715-35b1f418d52e"
          ],
          "phase": "playing",
          "runStatus": "playing",
          "suspendedRunSummary": null,
          "extracted": false,
          "telepipe": null,
          "layout": {
            "profile": "crowded",
            "seed": 352369970,
            "roomCount": 10,
            "startRoom": {
              "x": -9,
              "z": 27,
              "role": "start"
            }
          },
          "connectionState": "connected",
          "sceneInitialized": true,
          "hasCanvas": true,
          "lobbyVisible": false,
          "lobbyMenuDismissed": true,
          "characterBoothOpen": false,
          "deckEditorVisible": false,
          "runId": "8b62c129-9d62-4a46-ab47-5ace433b83b7",
          "resumeBtnUsable": false,
          "abandonRunBtnUsable": false,
          "cardHandVisible": true,
          "status": "Latency: 0ms",
          "hpText": "60/100",
          "msText": "50/99",
          "currencyText": "Money 0",
          "currency": 0,
          "player": {
            "hp": 60,
            "magicStones": 50.41000000000072,
            "currency": 0,
            "debugGodmode": false,
            "dead": false,
            "x": -7.65,
            "y": 0.5,
            "z": 19,
            "equippedKeyItemId": "dodge_roll",
            "keyItemCooldownRemaining": 401,
            "cardUseState": null,
            "cardWindupUntil": 0,
            "cardWindupCardId": null,
            "slowedUntil": 0,
            "burningUntil": 0,
            "slowActive": false,
            "burnActive": false
          },
          "windupFlashing": false,
          "keyItemIndicatorOnCooldown": true,
          "keyItemIndicatorText": "0.4",
          "players": 2,
          "squadmates": [
            {
              "id": "725ad194-00f4-4ed9-a45f-f591a6a1eb06",
              "x": -6,
              "z": 27
            }
          ],
          "enemies": 2,
          "enemyHp": [
            {
              "id": "acb3762c-0511-4421-8b2a-551de92759a5",
              "hp": 100,
              "maxHp": 100,
              "type": "grunt",
              "spawnedBy": null,
              "x": -9,
              "z": 27,
              "slowedUntil": 0,
              "burningUntil": 0,
              "frozenUntil": 0,
              "slowActive": false,
              "burnActive": false
            },
            {
              "id": "288a5752-f006-4821-9761-3ba0c722c339",
              "hp": 100,
              "maxHp": 100,
              "type": "grunt",
              "spawnedBy": null,
              "x": -8.866656090365723,
              "z": 28.069192429538816,
              "slowedUntil": 0,
              "burningUntil": 0,
              "frozenUntil": 0,
              "slowActive": false,
              "burnActive": false
            }
          ],
          "minions": [],
          "hand": [
            {
              "id": "iron_sword",
              "name": "Rust-Forged Saber",
              "type": "weapon",
              "remainingCharges": 5,
              "charges": 5,
              "activeMinionId": null,
              "burnMaxTtl": null,
              "burnLabel": "5/5",
              "creatureBurning": false,
              "isEvolved": false
            },
            {
              "id": "battle_familiar",
              "name": "Signal Familiar",
              "type": "spell",
              "remainingCharges": 1,
              "charges": 1,
              "activeMinionId": null,
              "burnMaxTtl": null,
              "burnLabel": "1/1",
              "creatureBurning": false,
              "isEvolved": false
            },
            {
              "id": "iron_sword",
              "name": "Rust-Forged Saber",
              "type": "weapon",
              "remainingCharges": 5,
              "charges": 5,
              "activeMinionId": null,
              "burnMaxTtl": null,
              "burnLabel": "5/5",
              "creatureBurning": false,
              "isEvolved": false
            },
            {
              "id": "flame_blade",
              "name": "Solar Edge",
              "type": "weapon",
              "remainingCharges": 2,
              "charges": 2,
              "activeMinionId": null,
              "burnMaxTtl": null,
              "burnLabel": "2/2",
              "creatureBurning": false,
              "isEvolved": false
            },
            {
              "id": "dungeon_drake",
              "name": "Vault Wyrm",
              "type": "creature",
              "remainingCharges": 1,
              "charges": 1,
              "activeMinionId": null,
              "burnMaxTtl": null,
              "burnLabel": "1/1",
              "creatureBurning": false,
              "isEvolved": false,
              "specialEffect": "burning_breath"
            },
            null
          ],
          "inventory": [
            {
              "instanceId": "a5e19d0b-21d1-4ede-b8bd-8f246aa069b5",
              "cardId": "iron_sword",
              "grind": 0
            },
            {
              "instanceId": "838c6bd2-acd7-4f57-9d13-f9442014b3bf",
              "cardId": "flame_blade",
              "grind": 0
            },
            {
              "instanceId": "776ee55d-bb35-45a4-a03b-6c29682a8db7",
              "cardId": "battle_familiar",
              "grind": 0
            },
            {
              "instanceId": "4d704b71-eefe-4550-a680-00618642a17c",
              "cardId": "dungeon_drake",
              "grind": 0
            },
            {
              "instanceId": "c9cf2d25-55c8-4c02-a938-4da1899dcf2e",
              "cardId": "iron_sword",
              "grind": 0
            },
            {
              "instanceId": "d303e3e0-2884-469f-bca5-94ebd128dda4",
              "cardId": "iron_sword",
              "grind": 0
            },
            {
              "instanceId": "2b6bf6bb-996c-420a-962e-56cd1f717df1",
              "cardId": "iron_sword",
              "grind": 0
            },
            {
              "instanceId": "8dddac1b-f398-47d3-b6ac-817cf9413b4e",
              "cardId": "battle_familiar",
              "grind": 0
            },
            {
              "instanceId": "2a415495-281e-4a61-9fbc-24325aad6958",
              "cardId": "battle_familiar",
              "grind": 0
            },
            {
              "instanceId": "20c9227d-7534-4f9c-b03b-b50e77e5670d",
              "cardId": "flame_blade",
              "grind": 0
            },
            {
              "instanceId": "0eaafe4a-be9e-4718-9db1-802e6f996713",
              "cardId": "flame_blade",
              "grind": 0
            },
            {
              "instanceId": "d60e20f2-274e-4a07-b715-35b1f418d52e",
              "cardId": "dungeon_drake",
              "grind": 0
            }
          ],
          "lastEvolutionResult": null
        },
        "keyItemIndicatorOnCooldown": true,
        "keyItemIndicatorText": "\n        \n        Dodge Roll\n        E\n        0.4\n      ",
        "keyItemCooldownRemaining": 401,
        "status": "Latency: 0ms",
        "hasCanvas": true,
        "canvasCount": 2,
        "lobbyVisible": false,
        "cardHandVisible": true,
        "title": "Void Grimoire",
        "bodyText": "👤\nLv\n🔊\n⚙\n18\nLV\n1\nHP\n60/100\nMS\n50/99\nDeck: 7/12\n⟡ 4\n✦ 2\n🐉 1\n✨ 0\nMoney 0\nLatency: 0ms\nDodge Roll\nE\n0.4\nInitiate Vault\nPurged 0 / 6 hostiles\n01\nRewa: Rewa on channel. Move with WASD, close on the opening grunts, and strike with your melee weapon to start the sweep.\nClick to attack · press 1–6 to cast cards · E for key item\n1\n⚔\nRust-Forged Saber\n5/5\n2\n✦\nSignal Familiar\n50 MS\n1/1\n3\n⚔\nRust-Forged Saber\n5/5\n4\n⚔\nSolar Edge\n650ms wind-up\n2/2\n5\n🐉\nVault Wyrm\nBURNING BREATH\n600ms wind-up\n1/1"
      }
    },
    {
      "player": "A",
      "description": "Final capture probe.",
      "data": {
        "harnessState": {
          "debugScenario": null,
          "debugScenarioAllowed": true,
          "debugScenarioResult": null,
          "debugGodmodeResult": null,
          "debugTimeScale": 1,
          "debugTimeScaleResult": null,
          "debugTimeScaleAllowed": false,
          "objective": {
            "type": "defeat_enemies",
            "totalEnemies": 6,
            "activeEnemyCount": 2,
            "defeatedEnemies": 0,
            "label": "Initiate Vault: Sweep annex holding pens in scripted waves and breach the deeper vault wing."
          },
          "encounter": null,
          "bossEncounter": null,
          "runObjectiveComplete": false,
          "lastRunSummary": null,
          "sortieCompleteOverlayVisible": false,
          "myId": "18a456bf-396d-4ce7-8267-29892f5178c9",
          "selectedDeck": [
            "a5e19d0b-21d1-4ede-b8bd-8f246aa069b5",
            "838c6bd2-acd7-4f57-9d13-f9442014b3bf",
            "776ee55d-bb35-45a4-a03b-6c29682a8db7",
            "4d704b71-eefe-4550-a680-00618642a17c",
            "c9cf2d25-55c8-4c02-a938-4da1899dcf2e",
            "d303e3e0-2884-469f-bca5-94ebd128dda4",
            "2b6bf6bb-996c-420a-962e-56cd1f717df1",
            "8dddac1b-f398-47d3-b6ac-817cf9413b4e",
            "2a415495-281e-4a61-9fbc-24325aad6958",
            "20c9227d-7534-4f9c-b03b-b50e77e5670d",
            "0eaafe4a-be9e-4718-9db1-802e6f996713",
            "d60e20f2-274e-4a07-b715-35b1f418d52e"
          ],
          "phase": "playing",
          "runStatus": "playing",
          "suspendedRunSummary": null,
          "extracted": false,
          "telepipe": null,
          "layout": {
            "profile": "crowded",
            "seed": 352369970,
            "roomCount": 10,
            "startRoom": {
              "x": -9,
              "z": 27,
              "role": "start"
            }
          },
          "connectionState": "connected",
          "sceneInitialized": true,
          "hasCanvas": true,
          "lobbyVisible": false,
          "lobbyMenuDismissed": true,
          "characterBoothOpen": false,
          "deckEditorVisible": false,
          "runId": "8b62c129-9d62-4a46-ab47-5ace433b83b7",
          "resumeBtnUsable": false,
          "abandonRunBtnUsable": false,
          "cardHandVisible": true,
          "status": "Latency: 0ms",
          "hpText": "60/100",
          "msText": "50/99",
          "currencyText": "Money 0",
          "currency": 0,
          "player": {
            "hp": 60,
            "magicStones": 50.45000000000074,
            "currency": 0,
            "debugGodmode": false,
            "dead": false,
            "x": -7.65,
            "y": 0.5,
            "z": 19,
            "equippedKeyItemId": "dodge_roll",
            "keyItemCooldownRemaining": 0,
            "cardUseState": null,
            "cardWindupUntil": 0,
            "cardWindupCardId": null,
            "slowedUntil": 0,
            "burningUntil": 0,
            "slowActive": false,
            "burnActive": false
          },
          "windupFlashing": false,
          "keyItemIndicatorOnCooldown": false,
          "keyItemIndicatorText": "",
          "players": 2,
          "squadmates": [
            {
              "id": "725ad194-00f4-4ed9-a45f-f591a6a1eb06",
              "x": -6,
              "z": 27
            }
          ],
          "enemies": 2,
          "enemyHp": [
            {
              "id": "acb3762c-0511-4421-8b2a-551de92759a5",
              "hp": 100,
              "maxHp": 100,
              "type": "grunt",
              "spawnedBy": null,
              "x": -8.713881158814914,
              "z": 27.279528189488843,
              "slowedUntil": 0,
              "burningUntil": 0,
              "frozenUntil": 0,
              "slowActive": false,
              "burnActive": false
            },
            {
              "id": "288a5752-f006-4821-9761-3ba0c722c339",
              "hp": 100,
              "maxHp": 100,
              "type": "grunt",
              "spawnedBy": null,
              "x": -8.466753740848048,
              "z": 28.078030463836257,
              "slowedUntil": 0,
              "burningUntil": 0,
              "frozenUntil": 0,
              "slowActive": false,
              "burnActive": false
            }
          ],
          "minions": [],
          "hand": [
            {
              "id": "iron_sword",
              "name": "Rust-Forged Saber",
              "type": "weapon",
              "remainingCharges": 5,
              "charges": 5,
              "activeMinionId": null,
              "burnMaxTtl": null,
              "burnLabel": "5/5",
              "creatureBurning": false,
              "isEvolved": false
            },
            {
              "id": "battle_familiar",
              "name": "Signal Familiar",
              "type": "spell",
              "remainingCharges": 1,
              "charges": 1,
              "activeMinionId": null,
              "burnMaxTtl": null,
              "burnLabel": "1/1",
              "creatureBurning": false,
              "isEvolved": false
            },
            {
              "id": "iron_sword",
              "name": "Rust-Forged Saber",
              "type": "weapon",
              "remainingCharges": 5,
              "charges": 5,
              "activeMinionId": null,
              "burnMaxTtl": null,
              "burnLabel": "5/5",
              "creatureBurning": false,
              "isEvolved": false
            },
            {
              "id": "flame_blade",
              "name": "Solar Edge",
              "type": "weapon",
              "remainingCharges": 2,
              "charges": 2,
              "activeMinionId": null,
              "burnMaxTtl": null,
              "burnLabel": "2/2",
              "creatureBurning": false,
              "isEvolved": false
            },
            {
              "id": "dungeon_drake",
              "name": "Vault Wyrm",
              "type": "creature",
              "remainingCharges": 1,
              "charges": 1,
              "activeMinionId": null,
              "burnMaxTtl": null,
              "burnLabel": "1/1",
              "creatureBurning": false,
              "isEvolved": false,
              "specialEffect": "burning_breath"
            },
            null
          ],
          "inventory": [
            {
              "instanceId": "a5e19d0b-21d1-4ede-b8bd-8f246aa069b5",
              "cardId": "iron_sword",
              "grind": 0
            },
            {
              "instanceId": "838c6bd2-acd7-4f57-9d13-f9442014b3bf",
              "cardId": "flame_blade",
              "grind": 0
            },
            {
              "instanceId": "776ee55d-bb35-45a4-a03b-6c29682a8db7",
              "cardId": "battle_familiar",
              "grind": 0
            },
            {
              "instanceId": "4d704b71-eefe-4550-a680-00618642a17c",
              "cardId": "dungeon_drake",
              "grind": 0
            },
            {
              "instanceId": "c9cf2d25-55c8-4c02-a938-4da1899dcf2e",
              "cardId": "iron_sword",
              "grind": 0
            },
            {
              "instanceId": "d303e3e0-2884-469f-bca5-94ebd128dda4",
              "cardId": "iron_sword",
              "grind": 0
            },
            {
              "instanceId": "2b6bf6bb-996c-420a-962e-56cd1f717df1",
              "cardId": "iron_sword",
              "grind": 0
            },
            {
              "instanceId": "8dddac1b-f398-47d3-b6ac-817cf9413b4e",
              "cardId": "battle_familiar",
              "grind": 0
            },
            {
              "instanceId": "2a415495-281e-4a61-9fbc-24325aad6958",
              "cardId": "battle_familiar",
              "grind": 0
            },
            {
              "instanceId": "20c9227d-7534-4f9c-b03b-b50e77e5670d",
              "cardId": "flame_blade",
              "grind": 0
            },
            {
              "instanceId": "0eaafe4a-be9e-4718-9db1-802e6f996713",
              "cardId": "flame_blade",
              "grind": 0
            },
            {
              "instanceId": "d60e20f2-274e-4a07-b715-35b1f418d52e",
              "cardId": "dungeon_drake",
              "grind": 0
            }
          ],
          "lastEvolutionResult": null
        },
        "keyItemIndicatorOnCooldown": false,
        "keyItemIndicatorText": "\n        \n        Dodge Roll\n        E\n        \n      ",
        "keyItemCooldownRemaining": 0,
        "status": "Latency: 0ms",
        "hasCanvas": true,
        "canvasCount": 2,
        "lobbyVisible": false,
        "cardHandVisible": true,
        "title": "Void Grimoire",
        "bodyText": "👤\nLv\n🔊\n⚙\n18\nLV\n1\nHP\n60/100\nMS\n50/99\nDeck: 7/12\n⟡ 4\n✦ 2\n🐉 1\n✨ 0\nMoney 0\nLatency: 0ms\nDodge Roll\nE\nInitiate Vault\nPurged 0 / 6 hostiles\n01\nRewa: Rewa on channel. Move with WASD, close on the opening grunts, and strike with your melee weapon to start the sweep.\nClick to attack · press 1–6 to cast cards · E for key item\n1\n⚔\nRust-Forged Saber\n5/5\n2\n✦\nSignal Familiar\n50 MS\n1/1\n3\n⚔\nRust-Forged Saber\n5/5\n4\n⚔\nSolar Edge\n650ms wind-up\n2/2\n5\n🐉\nVault Wyrm\nBURNING BREATH\n600ms wind-up\n1/1"
      }
    }
  ],
  "pageerrors": []
}
