
 RUN  v3.2.4 /home/matt/workspace/.autogame-worktrees/148-cleanup-key-item-lobby-equip-ui/game
      Coverage enabled with v8

stdout | client/test/main.test.js > cardError handler — server hand rejection > shows a toast when the server rejects an unauthorized card use
[cardError] Card not in hand

stderr | client/test/main.test.js > createEnemyMesh() > creates a red cone for grunt (default) type
[renderer] failed to apply model "/models/grunt.glb" for "grunt": TypeError: Failed to parse URL from /models/grunt.glb
[90m    at new Request (node:internal/deps/undici/undici:9588:19)[39m
    at FileLoader.load [90m(file:///home/matt/workspace/.autogame-worktrees/148-cleanup-key-item-lobby-equip-ui/game/[39mnode_modules/[4m.pnpm[24m/three@0.184.0/node_modules/[4mthree[24m/build/three.core.js:44150:15[90m)[39m
[90m    ... 4 lines matching cause stack trace ...[39m
    at attachRegistryModel [90m(/home/matt/workspace/.autogame-worktrees/148-cleanup-key-item-lobby-equip-ui/game/[39mclient/renderer.js:357:11[90m)[39m
    at createEnemyMesh [90m(/home/matt/workspace/.autogame-worktrees/148-cleanup-key-item-lobby-equip-ui/game/[39mclient/renderer.js:1905:2[90m)[39m
    at [90m/home/matt/workspace/.autogame-worktrees/148-cleanup-key-item-lobby-equip-ui/game/[39mclient/test/main.test.js:2172:23
    at [90mfile:///home/matt/workspace/.autogame-worktrees/148-cleanup-key-item-lobby-equip-ui/game/[39mnode_modules/[4m.pnpm[24m/@vitest+runner@3.2.4/node_modules/[4m@vitest[24m/runner/dist/chunk-hooks.js:752:20 {
  [cause]: TypeError: Invalid URL: /models/grunt.glb
      at new URLImpl [90m(/home/matt/workspace/.autogame-worktrees/148-cleanup-key-item-lobby-equip-ui/game/[39mnode_modules/[4m.pnpm[24m/whatwg-url@14.2.0/node_modules/[4mwhatwg-url[24m/lib/URL-impl.js:20:13[90m)[39m
      at Object.exports.setup [90m(/home/matt/workspace/.autogame-worktrees/148-cleanup-key-item-lobby-equip-ui/game/[39mnode_modules/[4m.pnpm[24m/whatwg-url@14.2.0/node_modules/[4mwhatwg-url[24m/lib/URL.js:54:12[90m)[39m
      at new URL [90m(/home/matt/workspace/.autogame-worktrees/148-cleanup-key-item-lobby-equip-ui/game/[39mnode_modules/[4m.pnpm[24m/whatwg-url@14.2.0/node_modules/[4mwhatwg-url[24m/lib/URL.js:115:22[90m)[39m
  [90m    at new Request (node:internal/deps/undici/undici:9586:25)[39m
      at FileLoader.load [90m(file:///home/matt/workspace/.autogame-worktrees/148-cleanup-key-item-lobby-equip-ui/game/[39mnode_modules/[4m.pnpm[24m/three@0.184.0/node_modules/[4mthree[24m/build/three.core.js:44150:15[90m)[39m
      at GLTFLoader.load [90m(file:///home/matt/workspace/.autogame-worktrees/148-cleanup-key-item-lobby-equip-ui/game/[39mnode_modules/[4m.pnpm[24m/three@0.184.0/node_modules/[4mthree[24m/examples/jsm/loaders/GLTFLoader.js:319:10[90m)[39m
      at [90m/home/matt/workspace/.autogame-worktrees/148-cleanup-key-item-lobby-equip-ui/game/[39mclient/models.js:83:11
      at new Promise (<anonymous>)
      at loadModel [90m(/home/matt/workspace/.autogame-worktrees/148-cleanup-key-item-lobby-equip-ui/game/[39mclient/models.js:74:11[90m)[39m
      at attachRegistryModel [90m(/home/matt/workspace/.autogame-worktrees/148-cleanup-key-item-lobby-equip-ui/game/[39mclient/renderer.js:357:11[90m)[39m
}

stderr | client/test/main.test.js > createEnemyMesh() > creates an orange cone for skirmisher type
[renderer] failed to apply model "/models/skirmisher.glb" for "skirmisher": TypeError: Failed to parse URL from /models/skirmisher.glb
[90m    at new Request (node:internal/deps/undici/undici:9588:19)[39m
    at FileLoader.load [90m(file:///home/matt/workspace/.autogame-worktrees/148-cleanup-key-item-lobby-equip-ui/game/[39mnode_modules/[4m.pnpm[24m/three@0.184.0/node_modules/[4mthree[24m/build/three.core.js:44150:15[90m)[39m
[90m    ... 4 lines matching cause stack trace ...[39m
    at attachRegistryModel [90m(/home/matt/workspace/.autogame-worktrees/148-cleanup-key-item-lobby-equip-ui/game/[39mclient/renderer.js:357:11[90m)[39m
    at createEnemyMesh [90m(/home/matt/workspace/.autogame-worktrees/148-cleanup-key-item-lobby-equip-ui/game/[39mclient/renderer.js:1905:2[90m)[39m
    at [90m/home/matt/workspace/.autogame-worktrees/148-cleanup-key-item-lobby-equip-ui/game/[39mclient/test/main.test.js:2184:23
    at [90mfile:///home/matt/workspace/.autogame-worktrees/148-cleanup-key-item-lobby-equip-ui/game/[39mnode_modules/[4m.pnpm[24m/@vitest+runner@3.2.4/node_modules/[4m@vitest[24m/runner/dist/chunk-hooks.js:752:20 {
  [cause]: TypeError: Invalid URL: /models/skirmisher.glb
      at new URLImpl [90m(/home/matt/workspace/.autogame-worktrees/148-cleanup-key-item-lobby-equip-ui/game/[39mnode_modules/[4m.pnpm[24m/whatwg-url@14.2.0/node_modules/[4mwhatwg-url[24m/lib/URL-impl.js:20:13[90m)[39m
      at Object.exports.setup [90m(/home/matt/workspace/.autogame-worktrees/148-cleanup-key-item-lobby-equip-ui/game/[39mnode_modules/[4m.pnpm[24m/whatwg-url@14.2.0/node_modules/[4mwhatwg-url[24m/lib/URL.js:54:12[90m)[39m
      at new URL [90m(/home/matt/workspace/.autogame-worktrees/148-cleanup-key-item-lobby-equip-ui/game/[39mnode_modules/[4m.pnpm[24m/whatwg-url@14.2.0/node_modules/[4mwhatwg-url[24m/lib/URL.js:115:22[90m)[39m
  [90m    at new Request (node:internal/deps/undici/undici:9586:25)[39m
      at FileLoader.load [90m(file:///home/matt/workspace/.autogame-worktrees/148-cleanup-key-item-lobby-equip-ui/game/[39mnode_modules/[4m.pnpm[24m/three@0.184.0/node_modules/[4mthree[24m/build/three.core.js:44150:15[90m)[39m
      at GLTFLoader.load [90m(file:///home/matt/workspace/.autogame-worktrees/148-cleanup-key-item-lobby-equip-ui/game/[39mnode_modules/[4m.pnpm[24m/three@0.184.0/node_modules/[4mthree[24m/examples/jsm/loaders/GLTFLoader.js:319:10[90m)[39m
      at [90m/home/matt/workspace/.autogame-worktrees/148-cleanup-key-item-lobby-equip-ui/game/[39mclient/models.js:83:11
      at new Promise (<anonymous>)
      at loadModel [90m(/home/matt/workspace/.autogame-worktrees/148-cleanup-key-item-lobby-equip-ui/game/[39mclient/models.js:74:11[90m)[39m
      at attachRegistryModel [90m(/home/matt/workspace/.autogame-worktrees/148-cleanup-key-item-lobby-equip-ui/game/[39mclient/renderer.js:357:11[90m)[39m
}

stderr | client/test/main.test.js > createEnemyMesh() > creates a teal octahedron for spawner type
[renderer] failed to apply model "/models/spawner.glb" for "spawner": TypeError: Failed to parse URL from /models/spawner.glb
[90m    at new Request (node:internal/deps/undici/undici:9588:19)[39m
    at FileLoader.load [90m(file:///home/matt/workspace/.autogame-worktrees/148-cleanup-key-item-lobby-equip-ui/game/[39mnode_modules/[4m.pnpm[24m/three@0.184.0/node_modules/[4mthree[24m/build/three.core.js:44150:15[90m)[39m
[90m    ... 4 lines matching cause stack trace ...[39m
    at attachRegistryModel [90m(/home/matt/workspace/.autogame-worktrees/148-cleanup-key-item-lobby-equip-ui/game/[39mclient/renderer.js:357:11[90m)[39m
    at createEnemyMesh [90m(/home/matt/workspace/.autogame-worktrees/148-cleanup-key-item-lobby-equip-ui/game/[39mclient/renderer.js:1905:2[90m)[39m
    at [90m/home/matt/workspace/.autogame-worktrees/148-cleanup-key-item-lobby-equip-ui/game/[39mclient/test/main.test.js:2194:23
    at [90mfile:///home/matt/workspace/.autogame-worktrees/148-cleanup-key-item-lobby-equip-ui/game/[39mnode_modules/[4m.pnpm[24m/@vitest+runner@3.2.4/node_modules/[4m@vitest[24m/runner/dist/chunk-hooks.js:752:20 {
  [cause]: TypeError: Invalid URL: /models/spawner.glb
      at new URLImpl [90m(/home/matt/workspace/.autogame-worktrees/148-cleanup-key-item-lobby-equip-ui/game/[39mnode_modules/[4m.pnpm[24m/whatwg-url@14.2.0/node_modules/[4mwhatwg-url[24m/lib/URL-impl.js:20:13[90m)[39m
      at Object.exports.setup [90m(/home/matt/workspace/.autogame-worktrees/148-cleanup-key-item-lobby-equip-ui/game/[39mnode_modules/[4m.pnpm[24m/whatwg-url@14.2.0/node_modules/[4mwhatwg-url[24m/lib/URL.js:54:12[90m)[39m
      at new URL [90m(/home/matt/workspace/.autogame-worktrees/148-cleanup-key-item-lobby-equip-ui/game/[39mnode_modules/[4m.pnpm[24m/whatwg-url@14.2.0/node_modules/[4mwhatwg-url[24m/lib/URL.js:115:22[90m)[39m
  [90m    at new Request (node:internal/deps/undici/undici:9586:25)[39m
      at FileLoader.load [90m(file:///home/matt/workspace/.autogame-worktrees/148-cleanup-key-item-lobby-equip-ui/game/[39mnode_modules/[4m.pnpm[24m/three@0.184.0/node_modules/[4mthree[24m/build/three.core.js:44150:15[90m)[39m
      at GLTFLoader.load [90m(file:///home/matt/workspace/.autogame-worktrees/148-cleanup-key-item-lobby-equip-ui/game/[39mnode_modules/[4m.pnpm[24m/three@0.184.0/node_modules/[4mthree[24m/examples/jsm/loaders/GLTFLoader.js:319:10[90m)[39m
      at [90m/home/matt/workspace/.autogame-worktrees/148-cleanup-key-item-lobby-equip-ui/game/[39mclient/models.js:83:11
      at new Promise (<anonymous>)
      at loadModel [90m(/home/matt/workspace/.autogame-worktrees/148-cleanup-key-item-lobby-equip-ui/game/[39mclient/models.js:74:11[90m)[39m
      at attachRegistryModel [90m(/home/matt/workspace/.autogame-worktrees/148-cleanup-key-item-lobby-equip-ui/game/[39mclient/renderer.js:357:11[90m)[39m
}

stderr | client/test/main.test.js > createEnemyMesh() > creates a purple cone for miniboss type
[renderer] failed to apply model "/models/miniboss.glb" for "miniboss": TypeError: Failed to parse URL from /models/miniboss.glb
[90m    at new Request (node:internal/deps/undici/undici:9588:19)[39m
    at FileLoader.load [90m(file:///home/matt/workspace/.autogame-worktrees/148-cleanup-key-item-lobby-equip-ui/game/[39mnode_modules/[4m.pnpm[24m/three@0.184.0/node_modules/[4mthree[24m/build/three.core.js:44150:15[90m)[39m
[90m    ... 4 lines matching cause stack trace ...[39m
    at attachRegistryModel [90m(/home/matt/workspace/.autogame-worktrees/148-cleanup-key-item-lobby-equip-ui/game/[39mclient/renderer.js:357:11[90m)[39m
    at createEnemyMesh [90m(/home/matt/workspace/.autogame-worktrees/148-cleanup-key-item-lobby-equip-ui/game/[39mclient/renderer.js:1905:2[90m)[39m
    at [90m/home/matt/workspace/.autogame-worktrees/148-cleanup-key-item-lobby-equip-ui/game/[39mclient/test/main.test.js:2207:23
    at [90mfile:///home/matt/workspace/.autogame-worktrees/148-cleanup-key-item-lobby-equip-ui/game/[39mnode_modules/[4m.pnpm[24m/@vitest+runner@3.2.4/node_modules/[4m@vitest[24m/runner/dist/chunk-hooks.js:752:20 {
  [cause]: TypeError: Invalid URL: /models/miniboss.glb
      at new URLImpl [90m(/home/matt/workspace/.autogame-worktrees/148-cleanup-key-item-lobby-equip-ui/game/[39mnode_modules/[4m.pnpm[24m/whatwg-url@14.2.0/node_modules/[4mwhatwg-url[24m/lib/URL-impl.js:20:13[90m)[39m
      at Object.exports.setup [90m(/home/matt/workspace/.autogame-worktrees/148-cleanup-key-item-lobby-equip-ui/game/[39mnode_modules/[4m.pnpm[24m/whatwg-url@14.2.0/node_modules/[4mwhatwg-url[24m/lib/URL.js:54:12[90m)[39m
      at new URL [90m(/home/matt/workspace/.autogame-worktrees/148-cleanup-key-item-lobby-equip-ui/game/[39mnode_modules/[4m.pnpm[24m/whatwg-url@14.2.0/node_modules/[4mwhatwg-url[24m/lib/URL.js:115:22[90m)[39m
  [90m    at new Request (node:internal/deps/undici/undici:9586:25)[39m
      at FileLoader.load [90m(file:///home/matt/workspace/.autogame-worktrees/148-cleanup-key-item-lobby-equip-ui/game/[39mnode_modules/[4m.pnpm[24m/three@0.184.0/node_modules/[4mthree[24m/build/three.core.js:44150:15[90m)[39m
      at GLTFLoader.load [90m(file:///home/matt/workspace/.autogame-worktrees/148-cleanup-key-item-lobby-equip-ui/game/[39mnode_modules/[4m.pnpm[24m/three@0.184.0/node_modules/[4mthree[24m/examples/jsm/loaders/GLTFLoader.js:319:10[90m)[39m
      at [90m/home/matt/workspace/.autogame-worktrees/148-cleanup-key-item-lobby-equip-ui/game/[39mclient/models.js:83:11
      at new Promise (<anonymous>)
      at loadModel [90m(/home/matt/workspace/.autogame-worktrees/148-cleanup-key-item-lobby-equip-ui/game/[39mclient/models.js:74:11[90m)[39m
      at attachRegistryModel [90m(/home/matt/workspace/.autogame-worktrees/148-cleanup-key-item-lobby-equip-ui/game/[39mclient/renderer.js:357:11[90m)[39m
}

 ✓ |client| client/test/main.test.js (141 tests) 808ms

 Test Files  1 passed (1)
      Tests  141 passed (141)
   Start at  02:57:39
   Duration  1.72s (transform 90ms, setup 17ms, collect 44ms, tests 808ms, environment 201ms, prepare 48ms)

 % Coverage report from v8
--------------|---------|----------|---------|---------|------------------------
File          | % Stmts | % Branch | % Funcs | % Lines | Uncovered Line #s      
--------------|---------|----------|---------|---------|------------------------
All files     |   68.28 |    55.17 |   22.58 |   68.28 |                        
 cards.js     |    90.5 |    54.16 |   55.55 |    90.5 | ...471,480-494,588-605 
 collision.js |   20.81 |      100 |       0 |   20.81 | ...216,222-230,236-241 
 delta.js     |   78.57 |      100 |       0 |   78.57 | 12-14                  
 hand.js      |    42.5 |       60 |   15.38 |    42.5 | ...157,160-163,171-176 
--------------|---------|----------|---------|---------|------------------------
