[createLobby] timeout waiting for #lobby visibility: page.waitForFunction: Timeout 10000ms exceeded.
[joinLobby] timeout waiting for #lobby visibility: page.waitForFunction: Timeout 10000ms exceeded.
{
  "url": "http://localhost:5177/",
  "ok": true,
  "ticketFile": "/home/matt/workspace/.autogame-worktrees/server-index-js-broadcast-lookup-helpers-scan-every-connecte-d094/tickets/server-index-js-broadcast-lookup-helpers-scan-every-connecte-d094/ticket.md",
  "capturePlanSource": "fallback",
  "capturePlanValid": true,
  "capturePlanAttempts": [],
  "capturePlanSummary": "Deterministic full-flow smoke capture: auth, lobby create/join, ready transition, movement, dodge/key-item with post-dodge cooldown probe.",
  "scenarios": [],
  "screenshots": [
    {
      "file": "01-initial.png",
      "player": "A",
      "description": "Both players in squad lobby."
    },
    {
      "file": "02-after-w.png",
      "player": "A",
      "description": "Gameplay after holding W."
    },
    {
      "file": "03-after-d.png",
      "player": "A",
      "description": "Gameplay after holding D."
    },
    {
      "file": "04-after-dodge.png",
      "player": "A",
      "description": "Gameplay after dodge roll with cooldown HUD."
    }
  ],
  "probes": [
    {
      "player": "A",
      "description": "After readying all players and entering gameplay.",
      "data": {
        "harnessState": {
          "debugScenario": null,
          "debugScenarioAllowed": true,
          "debugScenarioResult": null,
          "debugGodmodeResult": null,
          "objective": {
            "type": "defeat_enemies",
            "totalEnemies": 6,
            "activeEnemyCount": 2,
            "defeatedEnemies": 0,
            "label": "Initiate Vault: Sweep annex holding pens in scripted waves and breach the deeper vault wing."
          },
          "encounter": null,
          "bossEncounter": null,
          "runObjectiveComplete": false,
          "lastRunSummary": null,
          "sortieCompleteOverlayVisible": false,
          "myId": "30fdc499-9b96-4b3d-8350-d6c9a7b20959",
          "selectedDeck": [
            "86cea6a4-42a4-407b-85a5-521e2a2cc87b",
            "b7e5a418-19af-49dd-a31f-ea7f12ca5b66",
            "ed3590e6-5bc7-418e-bde8-f5a512def53f",
            "e8d6c4f4-0a88-48c8-9b9c-7585ddb56db3",
            "8a246880-fbc2-4bae-ad3e-3768e98c5499",
            "7ae41e2a-fa6c-4b2f-a806-b22c2182c0cd",
            "d58ed44c-ac4f-4406-91b9-d3a4cbda5053",
            "a5295089-e994-43de-8dcc-bd455bce8704",
            "7a34f041-9a8e-4d7c-a626-aa65d68567b2",
            "3561fbed-41da-4999-9710-14c0dcc9579b",
            "1e0bc547-16a8-40db-8c36-d9ac74ae5a2f",
            "c49488e0-dc9d-4175-8a1d-a476f99e51ed"
          ],
          "phase": "playing",
          "runStatus": "playing",
          "suspendedRunSummary": null,
          "extracted": false,
          "telepipe": null,
          "layout": {
            "profile": "crowded",
            "seed": 352369970,
            "roomCount": 10,
            "startRoom": {
              "x": -9,
              "z": 27,
              "role": "start"
            }
          },
          "connectionState": "connected",
          "sceneInitialized": true,
          "hasCanvas": true,
          "lobbyVisible": false,
          "lobbyMenuDismissed": true,
          "characterBoothOpen": false,
          "deckEditorVisible": false,
          "runId": "8cb3c6e1-c623-44ac-829b-6ee2e81f67a4",
          "resumeBtnUsable": false,
          "abandonRunBtnUsable": false,
          "cardHandVisible": true,
          "status": "Latency: 1ms",
          "hpText": "40/100",
          "msText": "50/99",
          "currencyText": "Money 0",
          "currency": 0,
          "player": {
            "hp": 40,
            "magicStones": 50.240000000000634,
            "currency": 0,
            "debugGodmode": false,
            "dead": false,
            "x": -9,
            "y": 0.5,
            "z": 27,
            "equippedKeyItemId": "dodge_roll",
            "keyItemCooldownRemaining": 0,
            "cardUseState": null,
            "cardWindupUntil": 0,
            "cardWindupCardId": null,
            "slowedUntil": 0,
            "burningUntil": 0,
            "slowActive": false,
            "burnActive": false
          },
          "windupFlashing": false,
          "keyItemIndicatorOnCooldown": false,
          "keyItemIndicatorText": "",
          "players": 2,
          "squadmates": [
            {
              "id": "5bab549a-c343-464e-863e-df17d5ae96f0",
              "x": -6,
              "z": 27
            }
          ],
          "enemies": 2,
          "enemyHp": [
            {
              "id": "275a5d56-c882-4185-8807-bc7eb94d9f80",
              "hp": 100,
              "maxHp": 100,
              "type": "grunt",
              "spawnedBy": null,
              "x": -9,
              "z": 27,
              "slowedUntil": 0,
              "burningUntil": 0,
              "frozenUntil": 0,
              "slowActive": false,
              "burnActive": false
            },
            {
              "id": "5d7ae008-2f92-455c-ab23-f85180124a15",
              "hp": 100,
              "maxHp": 100,
              "type": "grunt",
              "spawnedBy": null,
              "x": -8.866656090365723,
              "z": 28.069192429538816,
              "slowedUntil": 0,
              "burningUntil": 0,
              "frozenUntil": 0,
              "slowActive": false,
              "burnActive": false
            }
          ],
          "minions": [],
          "hand": [
            {
              "id": "iron_sword",
              "name": "Rust-Forged Saber",
              "type": "weapon",
              "remainingCharges": 5,
              "charges": 5,
              "activeMinionId": null,
              "burnMaxTtl": null,
              "burnLabel": "5/5",
              "creatureBurning": false,
              "isEvolved": false
            },
            {
              "id": "flame_blade",
              "name": "Solar Edge",
              "type": "weapon",
              "remainingCharges": 2,
              "charges": 2,
              "activeMinionId": null,
              "burnMaxTtl": null,
              "burnLabel": "2/2",
              "creatureBurning": false,
              "isEvolved": false
            },
            null,
            {
              "id": "battle_familiar",
              "name": "Signal Familiar",
              "type": "spell",
              "remainingCharges": 1,
              "charges": 1,
              "activeMinionId": null,
              "burnMaxTtl": null,
              "burnLabel": "1/1",
              "creatureBurning": false,
              "isEvolved": false
            },
            {
              "id": "iron_sword",
              "name": "Rust-Forged Saber",
              "type": "weapon",
              "remainingCharges": 5,
              "charges": 5,
              "activeMinionId": null,
              "burnMaxTtl": null,
              "burnLabel": "5/5",
              "creatureBurning": false,
              "isEvolved": false
            },
            null
          ],
          "inventory": [
            {
              "instanceId": "86cea6a4-42a4-407b-85a5-521e2a2cc87b",
              "cardId": "iron_sword",
              "grind": 0
            },
            {
              "instanceId": "b7e5a418-19af-49dd-a31f-ea7f12ca5b66",
              "cardId": "flame_blade",
              "grind": 0
            },
            {
              "instanceId": "ed3590e6-5bc7-418e-bde8-f5a512def53f",
              "cardId": "battle_familiar",
              "grind": 0
            },
            {
              "instanceId": "e8d6c4f4-0a88-48c8-9b9c-7585ddb56db3",
              "cardId": "dungeon_drake",
              "grind": 0
            },
            {
              "instanceId": "8a246880-fbc2-4bae-ad3e-3768e98c5499",
              "cardId": "iron_sword",
              "grind": 0
            },
            {
              "instanceId": "7ae41e2a-fa6c-4b2f-a806-b22c2182c0cd",
              "cardId": "iron_sword",
              "grind": 0
            },
            {
              "instanceId": "d58ed44c-ac4f-4406-91b9-d3a4cbda5053",
              "cardId": "iron_sword",
              "grind": 0
            },
            {
              "instanceId": "a5295089-e994-43de-8dcc-bd455bce8704",
              "cardId": "battle_familiar",
              "grind": 0
            },
            {
              "instanceId": "7a34f041-9a8e-4d7c-a626-aa65d68567b2",
              "cardId": "battle_familiar",
              "grind": 0
            },
            {
              "instanceId": "3561fbed-41da-4999-9710-14c0dcc9579b",
              "cardId": "flame_blade",
              "grind": 0
            },
            {
              "instanceId": "1e0bc547-16a8-40db-8c36-d9ac74ae5a2f",
              "cardId": "flame_blade",
              "grind": 0
            },
            {
              "instanceId": "c49488e0-dc9d-4175-8a1d-a476f99e51ed",
              "cardId": "dungeon_drake",
              "grind": 0
            }
          ],
          "lastEvolutionResult": null
        },
        "keyItemIndicatorOnCooldown": false,
        "keyItemIndicatorText": "\n        \n        Dodge Roll\n        E\n        \n      ",
        "keyItemCooldownRemaining": 0,
        "status": "Latency: 1ms",
        "hasCanvas": true,
        "canvasCount": 2,
        "lobbyVisible": false,
        "cardHandVisible": true,
        "title": "Void Grimoire",
        "bodyText": "👤\nLv\n🔊\n⚙\n30\nLV\n1\nHP\n40/100\nMS\n50/99\nDeck: 8/12\n⟡ 4\n✦ 2\n🐉 2\n✨ 0\nMoney 0\nLatency: 1ms\nDodge Roll\nE\nInitiate Vault\nPurged 0 / 6 hostiles\n01\nRewa: Rewa on channel. Move with WASD, close on the opening grunts, and strike with your melee weapon to start the sweep.\nClick to attack · press 1–6 to cast cards\n1\n⚔\nRust-Forged Saber\n5/5\n2\n⚔\nSolar Edge\n650ms wind-up\n2/2\n4\n✦\nSignal Familiar\n50 MS\n1/1\n5\n⚔\nRust-Forged Saber\n5/5\nRewa: Rewa on channel. Move with WASD, close on the opening grunts, and strike with your melee weapon to start the sweep.\nANNEX LIAISON KADE\nEntry annex is live. Close with WASD and strike with your melee weapon — two grunts block the bulkhead."
      }
    },
    {
      "player": "A",
      "description": "After dodge roll — cooldown HUD should be active.",
      "data": {
        "harnessState": {
          "debugScenario": null,
          "debugScenarioAllowed": true,
          "debugScenarioResult": null,
          "debugGodmodeResult": null,
          "objective": {
            "type": "defeat_enemies",
            "totalEnemies": 6,
            "activeEnemyCount": 2,
            "defeatedEnemies": 0,
            "label": "Initiate Vault: Sweep annex holding pens in scripted waves and breach the deeper vault wing."
          },
          "encounter": null,
          "bossEncounter": null,
          "runObjectiveComplete": false,
          "lastRunSummary": null,
          "sortieCompleteOverlayVisible": false,
          "myId": "30fdc499-9b96-4b3d-8350-d6c9a7b20959",
          "selectedDeck": [
            "86cea6a4-42a4-407b-85a5-521e2a2cc87b",
            "b7e5a418-19af-49dd-a31f-ea7f12ca5b66",
            "ed3590e6-5bc7-418e-bde8-f5a512def53f",
            "e8d6c4f4-0a88-48c8-9b9c-7585ddb56db3",
            "8a246880-fbc2-4bae-ad3e-3768e98c5499",
            "7ae41e2a-fa6c-4b2f-a806-b22c2182c0cd",
            "d58ed44c-ac4f-4406-91b9-d3a4cbda5053",
            "a5295089-e994-43de-8dcc-bd455bce8704",
            "7a34f041-9a8e-4d7c-a626-aa65d68567b2",
            "3561fbed-41da-4999-9710-14c0dcc9579b",
            "1e0bc547-16a8-40db-8c36-d9ac74ae5a2f",
            "c49488e0-dc9d-4175-8a1d-a476f99e51ed"
          ],
          "phase": "playing",
          "runStatus": "playing",
          "suspendedRunSummary": null,
          "extracted": false,
          "telepipe": null,
          "layout": {
            "profile": "crowded",
            "seed": 352369970,
            "roomCount": 10,
            "startRoom": {
              "x": -9,
              "z": 27,
              "role": "start"
            }
          },
          "connectionState": "connected",
          "sceneInitialized": true,
          "hasCanvas": true,
          "lobbyVisible": false,
          "lobbyMenuDismissed": true,
          "characterBoothOpen": false,
          "deckEditorVisible": false,
          "runId": "8cb3c6e1-c623-44ac-829b-6ee2e81f67a4",
          "resumeBtnUsable": false,
          "abandonRunBtnUsable": false,
          "cardHandVisible": true,
          "status": "Latency: 1ms",
          "hpText": "40/100",
          "msText": "50/99",
          "currencyText": "Money 0",
          "currency": 0,
          "player": {
            "hp": 40,
            "magicStones": 50.72500000000088,
            "currency": 0,
            "debugGodmode": false,
            "dead": false,
            "x": -7.65,
            "y": 0.5,
            "z": 19,
            "equippedKeyItemId": "dodge_roll",
            "keyItemCooldownRemaining": 411,
            "cardUseState": null,
            "cardWindupUntil": 0,
            "cardWindupCardId": null,
            "slowedUntil": 0,
            "burningUntil": 0,
            "slowActive": false,
            "burnActive": false
          },
          "windupFlashing": false,
          "keyItemIndicatorOnCooldown": true,
          "keyItemIndicatorText": "0.4",
          "players": 2,
          "squadmates": [
            {
              "id": "5bab549a-c343-464e-863e-df17d5ae96f0",
              "x": -6,
              "z": 27
            }
          ],
          "enemies": 2,
          "enemyHp": [
            {
              "id": "275a5d56-c882-4185-8807-bc7eb94d9f80",
              "hp": 100,
              "maxHp": 100,
              "type": "grunt",
              "spawnedBy": null,
              "x": -8.28280368606038,
              "z": 23.164801310650283,
              "slowedUntil": 0,
              "burningUntil": 0,
              "frozenUntil": 0,
              "slowActive": false,
              "burnActive": false
            },
            {
              "id": "5d7ae008-2f92-455c-ab23-f85180124a15",
              "hp": 100,
              "maxHp": 100,
              "type": "grunt",
              "spawnedBy": null,
              "x": -7.169814846347236,
              "z": 28.172777141720907,
              "slowedUntil": 0,
              "burningUntil": 0,
              "frozenUntil": 0,
              "slowActive": false,
              "burnActive": false
            }
          ],
          "minions": [],
          "hand": [
            {
              "id": "iron_sword",
              "name": "Rust-Forged Saber",
              "type": "weapon",
              "remainingCharges": 5,
              "charges": 5,
              "activeMinionId": null,
              "burnMaxTtl": null,
              "burnLabel": "5/5",
              "creatureBurning": false,
              "isEvolved": false
            },
            {
              "id": "flame_blade",
              "name": "Solar Edge",
              "type": "weapon",
              "remainingCharges": 2,
              "charges": 2,
              "activeMinionId": null,
              "burnMaxTtl": null,
              "burnLabel": "2/2",
              "creatureBurning": false,
              "isEvolved": false
            },
            {
              "id": "dungeon_drake",
              "name": "Vault Wyrm",
              "type": "creature",
              "remainingCharges": 1,
              "charges": 1,
              "activeMinionId": null,
              "burnMaxTtl": null,
              "burnLabel": "1/1",
              "creatureBurning": false,
              "isEvolved": false,
              "specialEffect": "burning_breath"
            },
            {
              "id": "battle_familiar",
              "name": "Signal Familiar",
              "type": "spell",
              "remainingCharges": 1,
              "charges": 1,
              "activeMinionId": null,
              "burnMaxTtl": null,
              "burnLabel": "1/1",
              "creatureBurning": false,
              "isEvolved": false
            },
            {
              "id": "iron_sword",
              "name": "Rust-Forged Saber",
              "type": "weapon",
              "remainingCharges": 5,
              "charges": 5,
              "activeMinionId": null,
              "burnMaxTtl": null,
              "burnLabel": "5/5",
              "creatureBurning": false,
              "isEvolved": false
            },
            null
          ],
          "inventory": [
            {
              "instanceId": "86cea6a4-42a4-407b-85a5-521e2a2cc87b",
              "cardId": "iron_sword",
              "grind": 0
            },
            {
              "instanceId": "b7e5a418-19af-49dd-a31f-ea7f12ca5b66",
              "cardId": "flame_blade",
              "grind": 0
            },
            {
              "instanceId": "ed3590e6-5bc7-418e-bde8-f5a512def53f",
              "cardId": "battle_familiar",
              "grind": 0
            },
            {
              "instanceId": "e8d6c4f4-0a88-48c8-9b9c-7585ddb56db3",
              "cardId": "dungeon_drake",
              "grind": 0
            },
            {
              "instanceId": "8a246880-fbc2-4bae-ad3e-3768e98c5499",
              "cardId": "iron_sword",
              "grind": 0
            },
            {
              "instanceId": "7ae41e2a-fa6c-4b2f-a806-b22c2182c0cd",
              "cardId": "iron_sword",
              "grind": 0
            },
            {
              "instanceId": "d58ed44c-ac4f-4406-91b9-d3a4cbda5053",
              "cardId": "iron_sword",
              "grind": 0
            },
            {
              "instanceId": "a5295089-e994-43de-8dcc-bd455bce8704",
              "cardId": "battle_familiar",
              "grind": 0
            },
            {
              "instanceId": "7a34f041-9a8e-4d7c-a626-aa65d68567b2",
              "cardId": "battle_familiar",
              "grind": 0
            },
            {
              "instanceId": "3561fbed-41da-4999-9710-14c0dcc9579b",
              "cardId": "flame_blade",
              "grind": 0
            },
            {
              "instanceId": "1e0bc547-16a8-40db-8c36-d9ac74ae5a2f",
              "cardId": "flame_blade",
              "grind": 0
            },
            {
              "instanceId": "c49488e0-dc9d-4175-8a1d-a476f99e51ed",
              "cardId": "dungeon_drake",
              "grind": 0
            }
          ],
          "lastEvolutionResult": null
        },
        "keyItemIndicatorOnCooldown": true,
        "keyItemIndicatorText": "\n        \n        Dodge Roll\n        E\n        0.4\n      ",
        "keyItemCooldownRemaining": 411,
        "status": "Latency: 1ms",
        "hasCanvas": true,
        "canvasCount": 2,
        "lobbyVisible": false,
        "cardHandVisible": true,
        "title": "Void Grimoire",
        "bodyText": "👤\nLv\n🔊\n⚙\n30\nLV\n1\nHP\n40/100\nMS\n50/99\nDeck: 7/12\n⟡ 4\n✦ 2\n🐉 1\n✨ 0\nMoney 0\nLatency: 1ms\nDodge Roll\nE\n0.4\nInitiate Vault\nPurged 0 / 6 hostiles\n01\nRewa: Rewa on channel. Move with WASD, close on the opening grunts, and strike with your melee weapon to start the sweep.\nClick to attack · press 1–6 to cast cards\n1\n⚔\nRust-Forged Saber\n5/5\n2\n⚔\nSolar Edge\n650ms wind-up\n2/2\n3\n🐉\nVault Wyrm\nBURNING BREATH\n600ms wind-up\n1/1\n4\n✦\nSignal Familiar\n50 MS\n1/1\n5\n⚔\nRust-Forged Saber\n5/5"
      }
    },
    {
      "player": "A",
      "description": "Final capture probe.",
      "data": {
        "harnessState": {
          "debugScenario": null,
          "debugScenarioAllowed": true,
          "debugScenarioResult": null,
          "debugGodmodeResult": null,
          "objective": {
            "type": "defeat_enemies",
            "totalEnemies": 6,
            "activeEnemyCount": 2,
            "defeatedEnemies": 0,
            "label": "Initiate Vault: Sweep annex holding pens in scripted waves and breach the deeper vault wing."
          },
          "encounter": null,
          "bossEncounter": null,
          "runObjectiveComplete": false,
          "lastRunSummary": null,
          "sortieCompleteOverlayVisible": false,
          "myId": "30fdc499-9b96-4b3d-8350-d6c9a7b20959",
          "selectedDeck": [
            "86cea6a4-42a4-407b-85a5-521e2a2cc87b",
            "b7e5a418-19af-49dd-a31f-ea7f12ca5b66",
            "ed3590e6-5bc7-418e-bde8-f5a512def53f",
            "e8d6c4f4-0a88-48c8-9b9c-7585ddb56db3",
            "8a246880-fbc2-4bae-ad3e-3768e98c5499",
            "7ae41e2a-fa6c-4b2f-a806-b22c2182c0cd",
            "d58ed44c-ac4f-4406-91b9-d3a4cbda5053",
            "a5295089-e994-43de-8dcc-bd455bce8704",
            "7a34f041-9a8e-4d7c-a626-aa65d68567b2",
            "3561fbed-41da-4999-9710-14c0dcc9579b",
            "1e0bc547-16a8-40db-8c36-d9ac74ae5a2f",
            "c49488e0-dc9d-4175-8a1d-a476f99e51ed"
          ],
          "phase": "playing",
          "runStatus": "playing",
          "suspendedRunSummary": null,
          "extracted": false,
          "telepipe": null,
          "layout": {
            "profile": "crowded",
            "seed": 352369970,
            "roomCount": 10,
            "startRoom": {
              "x": -9,
              "z": 27,
              "role": "start"
            }
          },
          "connectionState": "connected",
          "sceneInitialized": true,
          "hasCanvas": true,
          "lobbyVisible": false,
          "lobbyMenuDismissed": true,
          "characterBoothOpen": false,
          "deckEditorVisible": false,
          "runId": "8cb3c6e1-c623-44ac-829b-6ee2e81f67a4",
          "resumeBtnUsable": false,
          "abandonRunBtnUsable": false,
          "cardHandVisible": true,
          "status": "Latency: 1ms",
          "hpText": "40/100",
          "msText": "50/99",
          "currencyText": "Money 0",
          "currency": 0,
          "player": {
            "hp": 40,
            "magicStones": 50.7600000000009,
            "currency": 0,
            "debugGodmode": false,
            "dead": false,
            "x": -7.65,
            "y": 0.5,
            "z": 19,
            "equippedKeyItemId": "dodge_roll",
            "keyItemCooldownRemaining": 60,
            "cardUseState": null,
            "cardWindupUntil": 0,
            "cardWindupCardId": null,
            "slowedUntil": 0,
            "burningUntil": 0,
            "slowActive": false,
            "burnActive": false
          },
          "windupFlashing": false,
          "keyItemIndicatorOnCooldown": true,
          "keyItemIndicatorText": "0.1",
          "players": 2,
          "squadmates": [
            {
              "id": "5bab549a-c343-464e-863e-df17d5ae96f0",
              "x": -6,
              "z": 27
            }
          ],
          "enemies": 2,
          "enemyHp": [
            {
              "id": "275a5d56-c882-4185-8807-bc7eb94d9f80",
              "hp": 100,
              "maxHp": 100,
              "type": "grunt",
              "spawnedBy": null,
              "x": -8.245249475037799,
              "z": 22.91763804227395,
              "slowedUntil": 0,
              "burningUntil": 0,
              "frozenUntil": 0,
              "slowActive": false,
              "burnActive": false
            },
            {
              "id": "5d7ae008-2f92-455c-ab23-f85180124a15",
              "hp": 100,
              "maxHp": 100,
              "type": "grunt",
              "spawnedBy": null,
              "x": -6.8204651784610775,
              "z": 28.19410340599369,
              "slowedUntil": 0,
              "burningUntil": 0,
              "frozenUntil": 0,
              "slowActive": false,
              "burnActive": false
            }
          ],
          "minions": [],
          "hand": [
            {
              "id": "iron_sword",
              "name": "Rust-Forged Saber",
              "type": "weapon",
              "remainingCharges": 5,
              "charges": 5,
              "activeMinionId": null,
              "burnMaxTtl": null,
              "burnLabel": "5/5",
              "creatureBurning": false,
              "isEvolved": false
            },
            {
              "id": "flame_blade",
              "name": "Solar Edge",
              "type": "weapon",
              "remainingCharges": 2,
              "charges": 2,
              "activeMinionId": null,
              "burnMaxTtl": null,
              "burnLabel": "2/2",
              "creatureBurning": false,
              "isEvolved": false
            },
            {
              "id": "dungeon_drake",
              "name": "Vault Wyrm",
              "type": "creature",
              "remainingCharges": 1,
              "charges": 1,
              "activeMinionId": null,
              "burnMaxTtl": null,
              "burnLabel": "1/1",
              "creatureBurning": false,
              "isEvolved": false,
              "specialEffect": "burning_breath"
            },
            {
              "id": "battle_familiar",
              "name": "Signal Familiar",
              "type": "spell",
              "remainingCharges": 1,
              "charges": 1,
              "activeMinionId": null,
              "burnMaxTtl": null,
              "burnLabel": "1/1",
              "creatureBurning": false,
              "isEvolved": false
            },
            {
              "id": "iron_sword",
              "name": "Rust-Forged Saber",
              "type": "weapon",
              "remainingCharges": 5,
              "charges": 5,
              "activeMinionId": null,
              "burnMaxTtl": null,
              "burnLabel": "5/5",
              "creatureBurning": false,
              "isEvolved": false
            },
            null
          ],
          "inventory": [
            {
              "instanceId": "86cea6a4-42a4-407b-85a5-521e2a2cc87b",
              "cardId": "iron_sword",
              "grind": 0
            },
            {
              "instanceId": "b7e5a418-19af-49dd-a31f-ea7f12ca5b66",
              "cardId": "flame_blade",
              "grind": 0
            },
            {
              "instanceId": "ed3590e6-5bc7-418e-bde8-f5a512def53f",
              "cardId": "battle_familiar",
              "grind": 0
            },
            {
              "instanceId": "e8d6c4f4-0a88-48c8-9b9c-7585ddb56db3",
              "cardId": "dungeon_drake",
              "grind": 0
            },
            {
              "instanceId": "8a246880-fbc2-4bae-ad3e-3768e98c5499",
              "cardId": "iron_sword",
              "grind": 0
            },
            {
              "instanceId": "7ae41e2a-fa6c-4b2f-a806-b22c2182c0cd",
              "cardId": "iron_sword",
              "grind": 0
            },
            {
              "instanceId": "d58ed44c-ac4f-4406-91b9-d3a4cbda5053",
              "cardId": "iron_sword",
              "grind": 0
            },
            {
              "instanceId": "a5295089-e994-43de-8dcc-bd455bce8704",
              "cardId": "battle_familiar",
              "grind": 0
            },
            {
              "instanceId": "7a34f041-9a8e-4d7c-a626-aa65d68567b2",
              "cardId": "battle_familiar",
              "grind": 0
            },
            {
              "instanceId": "3561fbed-41da-4999-9710-14c0dcc9579b",
              "cardId": "flame_blade",
              "grind": 0
            },
            {
              "instanceId": "1e0bc547-16a8-40db-8c36-d9ac74ae5a2f",
              "cardId": "flame_blade",
              "grind": 0
            },
            {
              "instanceId": "c49488e0-dc9d-4175-8a1d-a476f99e51ed",
              "cardId": "dungeon_drake",
              "grind": 0
            }
          ],
          "lastEvolutionResult": null
        },
        "keyItemIndicatorOnCooldown": true,
        "keyItemIndicatorText": "\n        \n        Dodge Roll\n        E\n        0.1\n      ",
        "keyItemCooldownRemaining": 60,
        "status": "Latency: 1ms",
        "hasCanvas": true,
        "canvasCount": 2,
        "lobbyVisible": false,
        "cardHandVisible": true,
        "title": "Void Grimoire",
        "bodyText": "👤\nLv\n🔊\n⚙\n30\nLV\n1\nHP\n40/100\nMS\n50/99\nDeck: 7/12\n⟡ 4\n✦ 2\n🐉 1\n✨ 0\nMoney 0\nLatency: 1ms\nDodge Roll\nE\n0.1\nInitiate Vault\nPurged 0 / 6 hostiles\n01\nRewa: Rewa on channel. Move with WASD, close on the opening grunts, and strike with your melee weapon to start the sweep.\nClick to attack · press 1–6 to cast cards\n1\n⚔\nRust-Forged Saber\n5/5\n2\n⚔\nSolar Edge\n650ms wind-up\n2/2\n3\n🐉\nVault Wyrm\nBURNING BREATH\n600ms wind-up\n1/1\n4\n✦\nSignal Familiar\n50 MS\n1/1\n5\n⚔\nRust-Forged Saber\n5/5"
      }
    }
  ],
  "pageerrors": []
}
