{
  "url": "http://localhost:5175/",
  "ok": true,
  "ticketFile": "/home/matt/workspace/.autogame-worktrees/240-paid-appearance-change/tickets/240-paid-appearance-change/ticket.md",
  "capturePlanSource": "fallback",
  "capturePlanValid": true,
  "capturePlanAttempts": [],
  "capturePlanSummary": "Deterministic full-flow smoke capture: auth, lobby create/join, ready transition, movement, dodge/key-item with post-dodge cooldown probe.",
  "scenarios": [],
  "screenshots": [
    {
      "file": "01-initial.png",
      "player": "A",
      "description": "Both players in squad lobby."
    },
    {
      "file": "02-after-w.png",
      "player": "A",
      "description": "Gameplay after holding W."
    },
    {
      "file": "03-after-d.png",
      "player": "A",
      "description": "Gameplay after holding D."
    },
    {
      "file": "04-after-dodge.png",
      "player": "A",
      "description": "Gameplay after dodge roll with cooldown HUD."
    }
  ],
  "probes": [
    {
      "player": "A",
      "description": "After readying all players and entering gameplay.",
      "data": {
        "harnessState": {
          "debugScenario": null,
          "debugScenarioAllowed": true,
          "debugScenarioResult": null,
          "objective": {
            "type": "defeat_enemies",
            "totalEnemies": 5,
            "defeatedEnemies": 0,
            "label": "Initiate Vault: Purge hostiles from the derelict annex sector."
          },
          "runObjectiveComplete": false,
          "lastRunSummary": null,
          "myId": "176321a3-9847-4310-a51e-d26cd26e4a48",
          "selectedDeck": [
            "c0a55839-f962-476e-b15e-da0d19b6a112",
            "0f749a86-1cba-4263-a55e-d18d82839f02",
            "1e7c6740-92ed-4073-a878-02c875ba15c3",
            "71e2a641-a88b-4863-992e-6799a91f8315",
            "1f16e5d6-a64d-4045-8fb3-ae7e73daca15",
            "607c06ee-eba1-4ef7-a9bf-33b3d742f579",
            "dc035962-a378-48a3-9606-24cb3cad463b",
            "c35911e4-0b8b-4df8-a335-0b520f273936",
            "c4299612-2945-4802-9ed5-a1e92cc55e29",
            "0fd40c0f-cb8a-417b-b9b4-3378150553c2",
            "b16ec832-e901-4621-b95e-6da3a342ec31",
            "52ffafc7-8355-487b-afa8-7f14b7ed163a"
          ],
          "phase": "playing",
          "runStatus": "playing",
          "extracted": false,
          "suspendedRunSummary": null,
          "telepipe": null,
          "layout": {
            "profile": "crowded",
            "seed": 352369970,
            "roomCount": 10,
            "startRoom": {
              "x": -9,
              "z": 27,
              "role": "start"
            }
          },
          "connectionState": "connected",
          "sceneInitialized": true,
          "hasCanvas": true,
          "lobbyVisible": false,
          "cardHandVisible": true,
          "status": "Latency: 0ms",
          "hpText": "100/100",
          "msText": "49/99",
          "currencyText": "Money 0",
          "player": {
            "hp": 100,
            "magicStones": 49.105000000000054,
            "dead": false,
            "x": -9,
            "z": 27,
            "equippedKeyItemId": "dodge_roll",
            "keyItemCooldownRemaining": 0
          },
          "keyItemIndicatorOnCooldown": false,
          "keyItemIndicatorText": "",
          "players": 2,
          "enemies": 5,
          "enemyHp": [
            {
              "id": "dfbdddbc-fe85-4297-885d-c476253f27fe",
              "hp": 40,
              "maxHp": 40,
              "type": "skirmisher",
              "spawnedBy": null
            },
            {
              "id": "2bd04e1f-4c43-493c-b4ca-213a9d393ca7",
              "hp": 40,
              "maxHp": 40,
              "type": "skirmisher",
              "spawnedBy": null
            },
            {
              "id": "6ba838b6-5871-49c0-acaa-89f0c61927c6",
              "hp": 40,
              "maxHp": 40,
              "type": "skirmisher",
              "spawnedBy": null
            },
            {
              "id": "18769827-6520-467b-bf78-e5f8aa0a1d92",
              "hp": 100,
              "maxHp": 100,
              "type": "grunt",
              "spawnedBy": null
            },
            {
              "id": "b786e291-62c1-4896-ac09-9981ab3d5e4e",
              "hp": 100,
              "maxHp": 100,
              "type": "grunt",
              "spawnedBy": null
            }
          ],
          "minions": [],
          "hand": [
            {
              "id": "iron_sword",
              "name": "Rust-Forged Saber",
              "type": "weapon",
              "remainingCharges": 5,
              "charges": 5,
              "activeMinionId": null,
              "burnMaxTtl": null,
              "burnLabel": "5/5",
              "creatureBurning": false,
              "isEvolved": false
            },
            {
              "id": "battle_familiar",
              "name": "Signal Familiar",
              "type": "spell",
              "remainingCharges": 1,
              "charges": 1,
              "activeMinionId": null,
              "burnMaxTtl": null,
              "burnLabel": "1/1",
              "creatureBurning": false,
              "isEvolved": false
            },
            null,
            {
              "id": "battle_familiar",
              "name": "Signal Familiar",
              "type": "spell",
              "remainingCharges": 1,
              "charges": 1,
              "activeMinionId": null,
              "burnMaxTtl": null,
              "burnLabel": "1/1",
              "creatureBurning": false,
              "isEvolved": false
            },
            {
              "id": "flame_blade",
              "name": "Solar Edge",
              "type": "weapon",
              "remainingCharges": 3,
              "charges": 3,
              "activeMinionId": null,
              "burnMaxTtl": null,
              "burnLabel": "3/3",
              "creatureBurning": false,
              "isEvolved": false
            },
            null
          ],
          "inventory": [
            {
              "instanceId": "c0a55839-f962-476e-b15e-da0d19b6a112",
              "cardId": "iron_sword",
              "grind": 0
            },
            {
              "instanceId": "0f749a86-1cba-4263-a55e-d18d82839f02",
              "cardId": "flame_blade",
              "grind": 0
            },
            {
              "instanceId": "1e7c6740-92ed-4073-a878-02c875ba15c3",
              "cardId": "battle_familiar",
              "grind": 0
            },
            {
              "instanceId": "71e2a641-a88b-4863-992e-6799a91f8315",
              "cardId": "dungeon_drake",
              "grind": 0
            },
            {
              "instanceId": "1f16e5d6-a64d-4045-8fb3-ae7e73daca15",
              "cardId": "iron_sword",
              "grind": 0
            },
            {
              "instanceId": "607c06ee-eba1-4ef7-a9bf-33b3d742f579",
              "cardId": "iron_sword",
              "grind": 0
            },
            {
              "instanceId": "dc035962-a378-48a3-9606-24cb3cad463b",
              "cardId": "iron_sword",
              "grind": 0
            },
            {
              "instanceId": "c35911e4-0b8b-4df8-a335-0b520f273936",
              "cardId": "battle_familiar",
              "grind": 0
            },
            {
              "instanceId": "c4299612-2945-4802-9ed5-a1e92cc55e29",
              "cardId": "battle_familiar",
              "grind": 0
            },
            {
              "instanceId": "0fd40c0f-cb8a-417b-b9b4-3378150553c2",
              "cardId": "flame_blade",
              "grind": 0
            },
            {
              "instanceId": "b16ec832-e901-4621-b95e-6da3a342ec31",
              "cardId": "flame_blade",
              "grind": 0
            },
            {
              "instanceId": "52ffafc7-8355-487b-afa8-7f14b7ed163a",
              "cardId": "dungeon_drake",
              "grind": 0
            }
          ],
          "lastEvolutionResult": null
        },
        "keyItemIndicatorOnCooldown": false,
        "keyItemIndicatorText": "",
        "keyItemCooldownRemaining": 0,
        "status": "Latency: 0ms",
        "hasCanvas": true,
        "canvasCount": 3,
        "lobbyVisible": false,
        "cardHandVisible": true,
        "title": "Void Grimoire",
        "bodyText": "👤\nLv\n🔊\n⚙\n17\nLV\n1\nHP\n100/100\nMS\n49/99\nDeck: 0/0\n⟡ 0\n✦ 0\n🐉 0\n✨ 0\nMoney 0\nLatency: 0ms\nInitiate Vault\nPurged 0 / 5 hostiles\nClick to attack · press 1–6 to cast cards\n1\n⚔\nRust-Forged Saber\n5/5\n2\n✦\nSignal Familiar\n50 MS\n1/1\n4\n✦\nSignal Familiar\n50 MS\n1/1\n5\n⚔\nSolar Edge\n3/3"
      }
    },
    {
      "player": "A",
      "description": "After dodge roll — cooldown HUD should be active.",
      "data": {
        "harnessState": {
          "debugScenario": null,
          "debugScenarioAllowed": true,
          "debugScenarioResult": null,
          "objective": {
            "type": "defeat_enemies",
            "totalEnemies": 5,
            "defeatedEnemies": 0,
            "label": "Initiate Vault: Purge hostiles from the derelict annex sector."
          },
          "runObjectiveComplete": false,
          "lastRunSummary": null,
          "myId": "176321a3-9847-4310-a51e-d26cd26e4a48",
          "selectedDeck": [
            "c0a55839-f962-476e-b15e-da0d19b6a112",
            "0f749a86-1cba-4263-a55e-d18d82839f02",
            "1e7c6740-92ed-4073-a878-02c875ba15c3",
            "71e2a641-a88b-4863-992e-6799a91f8315",
            "1f16e5d6-a64d-4045-8fb3-ae7e73daca15",
            "607c06ee-eba1-4ef7-a9bf-33b3d742f579",
            "dc035962-a378-48a3-9606-24cb3cad463b",
            "c35911e4-0b8b-4df8-a335-0b520f273936",
            "c4299612-2945-4802-9ed5-a1e92cc55e29",
            "0fd40c0f-cb8a-417b-b9b4-3378150553c2",
            "b16ec832-e901-4621-b95e-6da3a342ec31",
            "52ffafc7-8355-487b-afa8-7f14b7ed163a"
          ],
          "phase": "playing",
          "runStatus": "playing",
          "extracted": false,
          "suspendedRunSummary": null,
          "telepipe": null,
          "layout": {
            "profile": "crowded",
            "seed": 352369970,
            "roomCount": 10,
            "startRoom": {
              "x": -9,
              "z": 27,
              "role": "start"
            }
          },
          "connectionState": "connected",
          "sceneInitialized": true,
          "hasCanvas": true,
          "lobbyVisible": false,
          "cardHandVisible": true,
          "status": "Latency: 1ms",
          "hpText": "82/100",
          "msText": "49/99",
          "currencyText": "Money 0",
          "player": {
            "hp": 82,
            "magicStones": 49.62000000000032,
            "dead": false,
            "x": -10.4,
            "z": 7.19999999999998,
            "equippedKeyItemId": "dodge_roll",
            "keyItemCooldownRemaining": 416
          },
          "keyItemIndicatorOnCooldown": true,
          "keyItemIndicatorText": "0.4",
          "players": 2,
          "enemies": 5,
          "enemyHp": [
            {
              "id": "dfbdddbc-fe85-4297-885d-c476253f27fe",
              "hp": 40,
              "maxHp": 40,
              "type": "skirmisher",
              "spawnedBy": null
            },
            {
              "id": "2bd04e1f-4c43-493c-b4ca-213a9d393ca7",
              "hp": 40,
              "maxHp": 40,
              "type": "skirmisher",
              "spawnedBy": null
            },
            {
              "id": "6ba838b6-5871-49c0-acaa-89f0c61927c6",
              "hp": 40,
              "maxHp": 40,
              "type": "skirmisher",
              "spawnedBy": null
            },
            {
              "id": "18769827-6520-467b-bf78-e5f8aa0a1d92",
              "hp": 100,
              "maxHp": 100,
              "type": "grunt",
              "spawnedBy": null
            },
            {
              "id": "b786e291-62c1-4896-ac09-9981ab3d5e4e",
              "hp": 100,
              "maxHp": 100,
              "type": "grunt",
              "spawnedBy": null
            }
          ],
          "minions": [],
          "hand": [
            {
              "id": "iron_sword",
              "name": "Rust-Forged Saber",
              "type": "weapon",
              "remainingCharges": 5,
              "charges": 5,
              "activeMinionId": null,
              "burnMaxTtl": null,
              "burnLabel": "5/5",
              "creatureBurning": false,
              "isEvolved": false
            },
            {
              "id": "battle_familiar",
              "name": "Signal Familiar",
              "type": "spell",
              "remainingCharges": 1,
              "charges": 1,
              "activeMinionId": null,
              "burnMaxTtl": null,
              "burnLabel": "1/1",
              "creatureBurning": false,
              "isEvolved": false
            },
            {
              "id": "iron_sword",
              "name": "Rust-Forged Saber",
              "type": "weapon",
              "remainingCharges": 5,
              "charges": 5,
              "activeMinionId": null,
              "burnMaxTtl": null,
              "burnLabel": "5/5",
              "creatureBurning": false,
              "isEvolved": false
            },
            {
              "id": "battle_familiar",
              "name": "Signal Familiar",
              "type": "spell",
              "remainingCharges": 1,
              "charges": 1,
              "activeMinionId": null,
              "burnMaxTtl": null,
              "burnLabel": "1/1",
              "creatureBurning": false,
              "isEvolved": false
            },
            {
              "id": "flame_blade",
              "name": "Solar Edge",
              "type": "weapon",
              "remainingCharges": 3,
              "charges": 3,
              "activeMinionId": null,
              "burnMaxTtl": null,
              "burnLabel": "3/3",
              "creatureBurning": false,
              "isEvolved": false
            },
            null
          ],
          "inventory": [
            {
              "instanceId": "c0a55839-f962-476e-b15e-da0d19b6a112",
              "cardId": "iron_sword",
              "grind": 0
            },
            {
              "instanceId": "0f749a86-1cba-4263-a55e-d18d82839f02",
              "cardId": "flame_blade",
              "grind": 0
            },
            {
              "instanceId": "1e7c6740-92ed-4073-a878-02c875ba15c3",
              "cardId": "battle_familiar",
              "grind": 0
            },
            {
              "instanceId": "71e2a641-a88b-4863-992e-6799a91f8315",
              "cardId": "dungeon_drake",
              "grind": 0
            },
            {
              "instanceId": "1f16e5d6-a64d-4045-8fb3-ae7e73daca15",
              "cardId": "iron_sword",
              "grind": 0
            },
            {
              "instanceId": "607c06ee-eba1-4ef7-a9bf-33b3d742f579",
              "cardId": "iron_sword",
              "grind": 0
            },
            {
              "instanceId": "dc035962-a378-48a3-9606-24cb3cad463b",
              "cardId": "iron_sword",
              "grind": 0
            },
            {
              "instanceId": "c35911e4-0b8b-4df8-a335-0b520f273936",
              "cardId": "battle_familiar",
              "grind": 0
            },
            {
              "instanceId": "c4299612-2945-4802-9ed5-a1e92cc55e29",
              "cardId": "battle_familiar",
              "grind": 0
            },
            {
              "instanceId": "0fd40c0f-cb8a-417b-b9b4-3378150553c2",
              "cardId": "flame_blade",
              "grind": 0
            },
            {
              "instanceId": "b16ec832-e901-4621-b95e-6da3a342ec31",
              "cardId": "flame_blade",
              "grind": 0
            },
            {
              "instanceId": "52ffafc7-8355-487b-afa8-7f14b7ed163a",
              "cardId": "dungeon_drake",
              "grind": 0
            }
          ],
          "lastEvolutionResult": null
        },
        "keyItemIndicatorOnCooldown": true,
        "keyItemIndicatorText": "0.4",
        "keyItemCooldownRemaining": 416,
        "status": "Latency: 1ms",
        "hasCanvas": true,
        "canvasCount": 3,
        "lobbyVisible": false,
        "cardHandVisible": true,
        "title": "Void Grimoire",
        "bodyText": "👤\nLv\n🔊\n⚙\n17\nLV\n1\nHP\n82/100\nMS\n49/99\nDeck: 0/0\n⟡ 0\n✦ 0\n🐉 0\n✨ 0\nMoney 0\nLatency: 1ms\n0.4\nInitiate Vault\nPurged 0 / 5 hostiles\nClick to attack · press 1–6 to cast cards\n1\n⚔\nRust-Forged Saber\n5/5\n2\n✦\nSignal Familiar\n50 MS\n1/1\n3\n⚔\nRust-Forged Saber\n5/5\n4\n✦\nSignal Familiar\n50 MS\n1/1\n5\n⚔\nSolar Edge\n3/3\n-6"
      }
    },
    {
      "player": "A",
      "description": "Final capture probe.",
      "data": {
        "harnessState": {
          "debugScenario": null,
          "debugScenarioAllowed": true,
          "debugScenarioResult": null,
          "objective": {
            "type": "defeat_enemies",
            "totalEnemies": 5,
            "defeatedEnemies": 0,
            "label": "Initiate Vault: Purge hostiles from the derelict annex sector."
          },
          "runObjectiveComplete": false,
          "lastRunSummary": null,
          "myId": "176321a3-9847-4310-a51e-d26cd26e4a48",
          "selectedDeck": [
            "c0a55839-f962-476e-b15e-da0d19b6a112",
            "0f749a86-1cba-4263-a55e-d18d82839f02",
            "1e7c6740-92ed-4073-a878-02c875ba15c3",
            "71e2a641-a88b-4863-992e-6799a91f8315",
            "1f16e5d6-a64d-4045-8fb3-ae7e73daca15",
            "607c06ee-eba1-4ef7-a9bf-33b3d742f579",
            "dc035962-a378-48a3-9606-24cb3cad463b",
            "c35911e4-0b8b-4df8-a335-0b520f273936",
            "c4299612-2945-4802-9ed5-a1e92cc55e29",
            "0fd40c0f-cb8a-417b-b9b4-3378150553c2",
            "b16ec832-e901-4621-b95e-6da3a342ec31",
            "52ffafc7-8355-487b-afa8-7f14b7ed163a"
          ],
          "phase": "playing",
          "runStatus": "playing",
          "extracted": false,
          "suspendedRunSummary": null,
          "telepipe": null,
          "layout": {
            "profile": "crowded",
            "seed": 352369970,
            "roomCount": 10,
            "startRoom": {
              "x": -9,
              "z": 27,
              "role": "start"
            }
          },
          "connectionState": "connected",
          "sceneInitialized": true,
          "hasCanvas": true,
          "lobbyVisible": false,
          "cardHandVisible": true,
          "status": "Latency: 0ms",
          "hpText": "82/100",
          "msText": "49/99",
          "currencyText": "Money 0",
          "player": {
            "hp": 82,
            "magicStones": 49.67000000000034,
            "dead": false,
            "x": -10.4,
            "z": 7.19999999999998,
            "equippedKeyItemId": "dodge_roll",
            "keyItemCooldownRemaining": 0
          },
          "keyItemIndicatorOnCooldown": false,
          "keyItemIndicatorText": "",
          "players": 2,
          "enemies": 5,
          "enemyHp": [
            {
              "id": "dfbdddbc-fe85-4297-885d-c476253f27fe",
              "hp": 40,
              "maxHp": 40,
              "type": "skirmisher",
              "spawnedBy": null
            },
            {
              "id": "2bd04e1f-4c43-493c-b4ca-213a9d393ca7",
              "hp": 40,
              "maxHp": 40,
              "type": "skirmisher",
              "spawnedBy": null
            },
            {
              "id": "6ba838b6-5871-49c0-acaa-89f0c61927c6",
              "hp": 40,
              "maxHp": 40,
              "type": "skirmisher",
              "spawnedBy": null
            },
            {
              "id": "18769827-6520-467b-bf78-e5f8aa0a1d92",
              "hp": 100,
              "maxHp": 100,
              "type": "grunt",
              "spawnedBy": null
            },
            {
              "id": "b786e291-62c1-4896-ac09-9981ab3d5e4e",
              "hp": 100,
              "maxHp": 100,
              "type": "grunt",
              "spawnedBy": null
            }
          ],
          "minions": [],
          "hand": [
            {
              "id": "iron_sword",
              "name": "Rust-Forged Saber",
              "type": "weapon",
              "remainingCharges": 5,
              "charges": 5,
              "activeMinionId": null,
              "burnMaxTtl": null,
              "burnLabel": "5/5",
              "creatureBurning": false,
              "isEvolved": false
            },
            {
              "id": "battle_familiar",
              "name": "Signal Familiar",
              "type": "spell",
              "remainingCharges": 1,
              "charges": 1,
              "activeMinionId": null,
              "burnMaxTtl": null,
              "burnLabel": "1/1",
              "creatureBurning": false,
              "isEvolved": false
            },
            {
              "id": "iron_sword",
              "name": "Rust-Forged Saber",
              "type": "weapon",
              "remainingCharges": 5,
              "charges": 5,
              "activeMinionId": null,
              "burnMaxTtl": null,
              "burnLabel": "5/5",
              "creatureBurning": false,
              "isEvolved": false
            },
            {
              "id": "battle_familiar",
              "name": "Signal Familiar",
              "type": "spell",
              "remainingCharges": 1,
              "charges": 1,
              "activeMinionId": null,
              "burnMaxTtl": null,
              "burnLabel": "1/1",
              "creatureBurning": false,
              "isEvolved": false
            },
            {
              "id": "flame_blade",
              "name": "Solar Edge",
              "type": "weapon",
              "remainingCharges": 3,
              "charges": 3,
              "activeMinionId": null,
              "burnMaxTtl": null,
              "burnLabel": "3/3",
              "creatureBurning": false,
              "isEvolved": false
            },
            null
          ],
          "inventory": [
            {
              "instanceId": "c0a55839-f962-476e-b15e-da0d19b6a112",
              "cardId": "iron_sword",
              "grind": 0
            },
            {
              "instanceId": "0f749a86-1cba-4263-a55e-d18d82839f02",
              "cardId": "flame_blade",
              "grind": 0
            },
            {
              "instanceId": "1e7c6740-92ed-4073-a878-02c875ba15c3",
              "cardId": "battle_familiar",
              "grind": 0
            },
            {
              "instanceId": "71e2a641-a88b-4863-992e-6799a91f8315",
              "cardId": "dungeon_drake",
              "grind": 0
            },
            {
              "instanceId": "1f16e5d6-a64d-4045-8fb3-ae7e73daca15",
              "cardId": "iron_sword",
              "grind": 0
            },
            {
              "instanceId": "607c06ee-eba1-4ef7-a9bf-33b3d742f579",
              "cardId": "iron_sword",
              "grind": 0
            },
            {
              "instanceId": "dc035962-a378-48a3-9606-24cb3cad463b",
              "cardId": "iron_sword",
              "grind": 0
            },
            {
              "instanceId": "c35911e4-0b8b-4df8-a335-0b520f273936",
              "cardId": "battle_familiar",
              "grind": 0
            },
            {
              "instanceId": "c4299612-2945-4802-9ed5-a1e92cc55e29",
              "cardId": "battle_familiar",
              "grind": 0
            },
            {
              "instanceId": "0fd40c0f-cb8a-417b-b9b4-3378150553c2",
              "cardId": "flame_blade",
              "grind": 0
            },
            {
              "instanceId": "b16ec832-e901-4621-b95e-6da3a342ec31",
              "cardId": "flame_blade",
              "grind": 0
            },
            {
              "instanceId": "52ffafc7-8355-487b-afa8-7f14b7ed163a",
              "cardId": "dungeon_drake",
              "grind": 0
            }
          ],
          "lastEvolutionResult": null
        },
        "keyItemIndicatorOnCooldown": false,
        "keyItemIndicatorText": "",
        "keyItemCooldownRemaining": 0,
        "status": "Latency: 0ms",
        "hasCanvas": true,
        "canvasCount": 3,
        "lobbyVisible": false,
        "cardHandVisible": true,
        "title": "Void Grimoire",
        "bodyText": "👤\nLv\n🔊\n⚙\n17\nLV\n1\nHP\n82/100\nMS\n49/99\nDeck: 0/0\n⟡ 0\n✦ 0\n🐉 0\n✨ 0\nMoney 0\nLatency: 0ms\nInitiate Vault\nPurged 0 / 5 hostiles\nClick to attack · press 1–6 to cast cards\n1\n⚔\nRust-Forged Saber\n5/5\n2\n✦\nSignal Familiar\n50 MS\n1/1\n3\n⚔\nRust-Forged Saber\n5/5\n4\n✦\nSignal Familiar\n50 MS\n1/1\n5\n⚔\nSolar Edge\n3/3\n-6"
      }
    }
  ],
  "pageerrors": []
}
