
 RUN  v3.2.4 /home/matt/workspace/.autogame-worktrees/327-anim-corebreaker-greatsword/game
      Coverage enabled with v8

stdout | client/test/renderer-shield-bar.test.js > enemy shield bar > createEnemyShieldBarMesh uses cyan above the enemy half-height
[initScene] Initializing Three.js scene...

stdout | client/test/boothPrompt.test.js > booth interaction prompt > shows the prompt on zone enter and hides it on exit
[initScene] Initializing Three.js scene...

stdout | client/test/passage-gate-meshes.test.js > passage gate meshes > creates one gate mesh per locked passage and removes it when unlocked
[initScene] Initializing Three.js scene...

stdout | client/test/renderer-spike-trap.test.js > spike trap persistent hazard reconcile > creates a persistent mesh keyed by enc.id and positions it at enc.x/z
[initScene] Initializing Three.js scene...

stdout | client/test/renderer-minion-summon.test.js > minion summon scale-in > records spawn time and starts new minion meshes below full scale
[initScene] Initializing Three.js scene...

stdout | client/test/hub-lobby-render.test.js > hub lobby render > renders the hub during the lobby and spawns the local avatar on the hub floor
[initScene] Initializing Three.js scene...

stdout | client/test/avatar-cosmetic-render.test.js > avatar cosmetic render (hub + in-run) > lobby hub layout builds local avatar whose cosmeticKey matches non-default cosmetic
[initScene] Initializing Three.js scene...

stdout | client/test/renderer-loot.test.js > renderer loot helpers > getPickedUpLootIds reflects lootPickupAttempts after walk-over pickup
[initScene] Initializing Three.js scene...

stdout | client/test/hub-presence-avatars.test.js > hub presence avatars (lobby) > builds meshes for local and remote lobby players
[initScene] Initializing Three.js scene...

stderr | client/test/renderer-minion-summon.test.js > minion summon scale-in > records spawn time and starts new minion meshes below full scale
[renderer] failed to apply model "/models/player.glb" for "player": TypeError: Failed to parse URL from /models/player.glb
[90m    at new Request (node:internal/deps/undici/undici:9588:19)[39m
    at FileLoader.load [90m(file:///home/matt/workspace/.autogame-worktrees/327-anim-corebreaker-greatsword/game/[39mnode_modules/[4m.pnpm[24m/three@0.184.0/node_modules/[4mthree[24m/build/three.core.js:44150:15[90m)[39m
[90m    ... 4 lines matching cause stack trace ...[39m
    at attachRegistryModel [90m(/home/matt/workspace/.autogame-worktrees/327-anim-corebreaker-greatsword/game/[39mclient/renderer.js:826:11[90m)[39m
    at createPlayerAvatar [90m(/home/matt/workspace/.autogame-worktrees/327-anim-corebreaker-greatsword/game/[39mclient/renderer.js:2710:2[90m)[39m
    at syncPlayerMeshes [90m(/home/matt/workspace/.autogame-worktrees/327-anim-corebreaker-greatsword/game/[39mclient/renderer/playerSync.js:87:37[90m)[39m
    at animate [90m(/home/matt/workspace/.autogame-worktrees/327-anim-corebreaker-greatsword/game/[39mclient/renderer.js:7636:19[90m)[39m {
  [cause]: TypeError: Invalid URL: /models/player.glb
      at new URLImpl [90m(/home/matt/workspace/.autogame-worktrees/327-anim-corebreaker-greatsword/game/[39mnode_modules/[4m.pnpm[24m/whatwg-url@14.2.0/node_modules/[4mwhatwg-url[24m/lib/URL-impl.js:20:13[90m)[39m
      at Object.exports.setup [90m(/home/matt/workspace/.autogame-worktrees/327-anim-corebreaker-greatsword/game/[39mnode_modules/[4m.pnpm[24m/whatwg-url@14.2.0/node_modules/[4mwhatwg-url[24m/lib/URL.js:54:12[90m)[39m
      at new URL [90m(/home/matt/workspace/.autogame-worktrees/327-anim-corebreaker-greatsword/game/[39mnode_modules/[4m.pnpm[24m/whatwg-url@14.2.0/node_modules/[4mwhatwg-url[24m/lib/URL.js:115:22[90m)[39m
  [90m    at new Request (node:internal/deps/undici/undici:9586:25)[39m
      at FileLoader.load [90m(file:///home/matt/workspace/.autogame-worktrees/327-anim-corebreaker-greatsword/game/[39mnode_modules/[4m.pnpm[24m/three@0.184.0/node_modules/[4mthree[24m/build/three.core.js:44150:15[90m)[39m
      at GLTFLoader.load [90m(file:///home/matt/workspace/.autogame-worktrees/327-anim-corebreaker-greatsword/game/[39mnode_modules/[4m.pnpm[24m/three@0.184.0/node_modules/[4mthree[24m/examples/jsm/loaders/GLTFLoader.js:319:10[90m)[39m
      at [90m/home/matt/workspace/.autogame-worktrees/327-anim-corebreaker-greatsword/game/[39mclient/models.js:164:11
      at new Promise (<anonymous>)
      at loadModel [90m(/home/matt/workspace/.autogame-worktrees/327-anim-corebreaker-greatsword/game/[39mclient/models.js:155:11[90m)[39m
      at attachRegistryModel [90m(/home/matt/workspace/.autogame-worktrees/327-anim-corebreaker-greatsword/game/[39mclient/renderer.js:826:11[90m)[39m
}

stderr | client/test/renderer-spike-trap.test.js > spike trap persistent hazard reconcile > creates a persistent mesh keyed by enc.id and positions it at enc.x/z
[renderer] failed to apply model "/models/player.glb" for "player": TypeError: Failed to parse URL from /models/player.glb
[90m    at new Request (node:internal/deps/undici/undici:9588:19)[39m
    at FileLoader.load [90m(file:///home/matt/workspace/.autogame-worktrees/327-anim-corebreaker-greatsword/game/[39mnode_modules/[4m.pnpm[24m/three@0.184.0/node_modules/[4mthree[24m/build/three.core.js:44150:15[90m)[39m
[90m    ... 4 lines matching cause stack trace ...[39m
    at attachRegistryModel [90m(/home/matt/workspace/.autogame-worktrees/327-anim-corebreaker-greatsword/game/[39mclient/renderer.js:826:11[90m)[39m
    at createPlayerAvatar [90m(/home/matt/workspace/.autogame-worktrees/327-anim-corebreaker-greatsword/game/[39mclient/renderer.js:2710:2[90m)[39m
    at syncPlayerMeshes [90m(/home/matt/workspace/.autogame-worktrees/327-anim-corebreaker-greatsword/game/[39mclient/renderer/playerSync.js:87:37[90m)[39m
    at animate [90m(/home/matt/workspace/.autogame-worktrees/327-anim-corebreaker-greatsword/game/[39mclient/renderer.js:7636:19[90m)[39m {
  [cause]: TypeError: Invalid URL: /models/player.glb
      at new URLImpl [90m(/home/matt/workspace/.autogame-worktrees/327-anim-corebreaker-greatsword/game/[39mnode_modules/[4m.pnpm[24m/whatwg-url@14.2.0/node_modules/[4mwhatwg-url[24m/lib/URL-impl.js:20:13[90m)[39m
      at Object.exports.setup [90m(/home/matt/workspace/.autogame-worktrees/327-anim-corebreaker-greatsword/game/[39mnode_modules/[4m.pnpm[24m/whatwg-url@14.2.0/node_modules/[4mwhatwg-url[24m/lib/URL.js:54:12[90m)[39m
      at new URL [90m(/home/matt/workspace/.autogame-worktrees/327-anim-corebreaker-greatsword/game/[39mnode_modules/[4m.pnpm[24m/whatwg-url@14.2.0/node_modules/[4mwhatwg-url[24m/lib/URL.js:115:22[90m)[39m
  [90m    at new Request (node:internal/deps/undici/undici:9586:25)[39m
      at FileLoader.load [90m(file:///home/matt/workspace/.autogame-worktrees/327-anim-corebreaker-greatsword/game/[39mnode_modules/[4m.pnpm[24m/three@0.184.0/node_modules/[4mthree[24m/build/three.core.js:44150:15[90m)[39m
      at GLTFLoader.load [90m(file:///home/matt/workspace/.autogame-worktrees/327-anim-corebreaker-greatsword/game/[39mnode_modules/[4m.pnpm[24m/three@0.184.0/node_modules/[4mthree[24m/examples/jsm/loaders/GLTFLoader.js:319:10[90m)[39m
      at [90m/home/matt/workspace/.autogame-worktrees/327-anim-corebreaker-greatsword/game/[39mclient/models.js:164:11
      at new Promise (<anonymous>)
      at loadModel [90m(/home/matt/workspace/.autogame-worktrees/327-anim-corebreaker-greatsword/game/[39mclient/models.js:155:11[90m)[39m
      at attachRegistryModel [90m(/home/matt/workspace/.autogame-worktrees/327-anim-corebreaker-greatsword/game/[39mclient/renderer.js:826:11[90m)[39m
}

stderr | client/test/boothPrompt.test.js > booth interaction prompt > shows the prompt on zone enter and hides it on exit
[renderer] failed to apply model "/models/player.glb" for "player": TypeError: Failed to parse URL from /models/player.glb
[90m    at new Request (node:internal/deps/undici/undici:9588:19)[39m
    at FileLoader.load [90m(file:///home/matt/workspace/.autogame-worktrees/327-anim-corebreaker-greatsword/game/[39mnode_modules/[4m.pnpm[24m/three@0.184.0/node_modules/[4mthree[24m/build/three.core.js:44150:15[90m)[39m
[90m    ... 4 lines matching cause stack trace ...[39m
    at attachRegistryModel [90m(/home/matt/workspace/.autogame-worktrees/327-anim-corebreaker-greatsword/game/[39mclient/renderer.js:826:11[90m)[39m
    at createPlayerAvatar [90m(/home/matt/workspace/.autogame-worktrees/327-anim-corebreaker-greatsword/game/[39mclient/renderer.js:2710:2[90m)[39m
    at syncPlayerMeshes [90m(/home/matt/workspace/.autogame-worktrees/327-anim-corebreaker-greatsword/game/[39mclient/renderer/playerSync.js:87:37[90m)[39m
    at Module.animate [90m(/home/matt/workspace/.autogame-worktrees/327-anim-corebreaker-greatsword/game/[39mclient/renderer.js:7636:19[90m)[39m {
  [cause]: TypeError: Invalid URL: /models/player.glb
      at new URLImpl [90m(/home/matt/workspace/.autogame-worktrees/327-anim-corebreaker-greatsword/game/[39mnode_modules/[4m.pnpm[24m/whatwg-url@14.2.0/node_modules/[4mwhatwg-url[24m/lib/URL-impl.js:20:13[90m)[39m
      at Object.exports.setup [90m(/home/matt/workspace/.autogame-worktrees/327-anim-corebreaker-greatsword/game/[39mnode_modules/[4m.pnpm[24m/whatwg-url@14.2.0/node_modules/[4mwhatwg-url[24m/lib/URL.js:54:12[90m)[39m
      at new URL [90m(/home/matt/workspace/.autogame-worktrees/327-anim-corebreaker-greatsword/game/[39mnode_modules/[4m.pnpm[24m/whatwg-url@14.2.0/node_modules/[4mwhatwg-url[24m/lib/URL.js:115:22[90m)[39m
  [90m    at new Request (node:internal/deps/undici/undici:9586:25)[39m
      at FileLoader.load [90m(file:///home/matt/workspace/.autogame-worktrees/327-anim-corebreaker-greatsword/game/[39mnode_modules/[4m.pnpm[24m/three@0.184.0/node_modules/[4mthree[24m/build/three.core.js:44150:15[90m)[39m
      at GLTFLoader.load [90m(file:///home/matt/workspace/.autogame-worktrees/327-anim-corebreaker-greatsword/game/[39mnode_modules/[4m.pnpm[24m/three@0.184.0/node_modules/[4mthree[24m/examples/jsm/loaders/GLTFLoader.js:319:10[90m)[39m
      at [90m/home/matt/workspace/.autogame-worktrees/327-anim-corebreaker-greatsword/game/[39mclient/models.js:164:11
      at new Promise (<anonymous>)
      at loadModel [90m(/home/matt/workspace/.autogame-worktrees/327-anim-corebreaker-greatsword/game/[39mclient/models.js:155:11[90m)[39m
      at attachRegistryModel [90m(/home/matt/workspace/.autogame-worktrees/327-anim-corebreaker-greatsword/game/[39mclient/renderer.js:826:11[90m)[39m
}

stderr | client/test/hub-lobby-render.test.js > hub lobby render > renders the hub during the lobby and spawns the local avatar on the hub floor
[renderer] failed to apply model "/models/player.glb" for "player": TypeError: Failed to parse URL from /models/player.glb
[90m    at new Request (node:internal/deps/undici/undici:9588:19)[39m
    at FileLoader.load [90m(file:///home/matt/workspace/.autogame-worktrees/327-anim-corebreaker-greatsword/game/[39mnode_modules/[4m.pnpm[24m/three@0.184.0/node_modules/[4mthree[24m/build/three.core.js:44150:15[90m)[39m
[90m    ... 4 lines matching cause stack trace ...[39m
    at attachRegistryModel [90m(/home/matt/workspace/.autogame-worktrees/327-anim-corebreaker-greatsword/game/[39mclient/renderer.js:826:11[90m)[39m
    at createPlayerAvatar [90m(/home/matt/workspace/.autogame-worktrees/327-anim-corebreaker-greatsword/game/[39mclient/renderer.js:2710:2[90m)[39m
    at syncPlayerMeshes [90m(/home/matt/workspace/.autogame-worktrees/327-anim-corebreaker-greatsword/game/[39mclient/renderer/playerSync.js:87:37[90m)[39m
    at animate [90m(/home/matt/workspace/.autogame-worktrees/327-anim-corebreaker-greatsword/game/[39mclient/renderer.js:7636:19[90m)[39m {
  [cause]: TypeError: Invalid URL: /models/player.glb
      at new URLImpl [90m(/home/matt/workspace/.autogame-worktrees/327-anim-corebreaker-greatsword/game/[39mnode_modules/[4m.pnpm[24m/whatwg-url@14.2.0/node_modules/[4mwhatwg-url[24m/lib/URL-impl.js:20:13[90m)[39m
      at Object.exports.setup [90m(/home/matt/workspace/.autogame-worktrees/327-anim-corebreaker-greatsword/game/[39mnode_modules/[4m.pnpm[24m/whatwg-url@14.2.0/node_modules/[4mwhatwg-url[24m/lib/URL.js:54:12[90m)[39m
      at new URL [90m(/home/matt/workspace/.autogame-worktrees/327-anim-corebreaker-greatsword/game/[39mnode_modules/[4m.pnpm[24m/whatwg-url@14.2.0/node_modules/[4mwhatwg-url[24m/lib/URL.js:115:22[90m)[39m
  [90m    at new Request (node:internal/deps/undici/undici:9586:25)[39m
      at FileLoader.load [90m(file:///home/matt/workspace/.autogame-worktrees/327-anim-corebreaker-greatsword/game/[39mnode_modules/[4m.pnpm[24m/three@0.184.0/node_modules/[4mthree[24m/build/three.core.js:44150:15[90m)[39m
      at GLTFLoader.load [90m(file:///home/matt/workspace/.autogame-worktrees/327-anim-corebreaker-greatsword/game/[39mnode_modules/[4m.pnpm[24m/three@0.184.0/node_modules/[4mthree[24m/examples/jsm/loaders/GLTFLoader.js:319:10[90m)[39m
      at [90m/home/matt/workspace/.autogame-worktrees/327-anim-corebreaker-greatsword/game/[39mclient/models.js:164:11
      at new Promise (<anonymous>)
      at loadModel [90m(/home/matt/workspace/.autogame-worktrees/327-anim-corebreaker-greatsword/game/[39mclient/models.js:155:11[90m)[39m
      at attachRegistryModel [90m(/home/matt/workspace/.autogame-worktrees/327-anim-corebreaker-greatsword/game/[39mclient/renderer.js:826:11[90m)[39m
}

stderr | client/test/renderer-loot.test.js > renderer loot helpers > getPickedUpLootIds reflects lootPickupAttempts after walk-over pickup
[renderer] failed to apply model "/models/player.glb" for "player": TypeError: Failed to parse URL from /models/player.glb
[90m    at new Request (node:internal/deps/undici/undici:9588:19)[39m
    at FileLoader.load [90m(file:///home/matt/workspace/.autogame-worktrees/327-anim-corebreaker-greatsword/game/[39mnode_modules/[4m.pnpm[24m/three@0.184.0/node_modules/[4mthree[24m/build/three.core.js:44150:15[90m)[39m
[90m    ... 4 lines matching cause stack trace ...[39m
    at attachRegistryModel [90m(/home/matt/workspace/.autogame-worktrees/327-anim-corebreaker-greatsword/game/[39mclient/renderer.js:826:11[90m)[39m
    at createPlayerAvatar [90m(/home/matt/workspace/.autogame-worktrees/327-anim-corebreaker-greatsword/game/[39mclient/renderer.js:2710:2[90m)[39m
    at syncPlayerMeshes [90m(/home/matt/workspace/.autogame-worktrees/327-anim-corebreaker-greatsword/game/[39mclient/renderer/playerSync.js:87:37[90m)[39m
    at animate [90m(/home/matt/workspace/.autogame-worktrees/327-anim-corebreaker-greatsword/game/[39mclient/renderer.js:7636:19[90m)[39m {
  [cause]: TypeError: Invalid URL: /models/player.glb
      at new URLImpl [90m(/home/matt/workspace/.autogame-worktrees/327-anim-corebreaker-greatsword/game/[39mnode_modules/[4m.pnpm[24m/whatwg-url@14.2.0/node_modules/[4mwhatwg-url[24m/lib/URL-impl.js:20:13[90m)[39m
      at Object.exports.setup [90m(/home/matt/workspace/.autogame-worktrees/327-anim-corebreaker-greatsword/game/[39mnode_modules/[4m.pnpm[24m/whatwg-url@14.2.0/node_modules/[4mwhatwg-url[24m/lib/URL.js:54:12[90m)[39m
      at new URL [90m(/home/matt/workspace/.autogame-worktrees/327-anim-corebreaker-greatsword/game/[39mnode_modules/[4m.pnpm[24m/whatwg-url@14.2.0/node_modules/[4mwhatwg-url[24m/lib/URL.js:115:22[90m)[39m
  [90m    at new Request (node:internal/deps/undici/undici:9586:25)[39m
      at FileLoader.load [90m(file:///home/matt/workspace/.autogame-worktrees/327-anim-corebreaker-greatsword/game/[39mnode_modules/[4m.pnpm[24m/three@0.184.0/node_modules/[4mthree[24m/build/three.core.js:44150:15[90m)[39m
      at GLTFLoader.load [90m(file:///home/matt/workspace/.autogame-worktrees/327-anim-corebreaker-greatsword/game/[39mnode_modules/[4m.pnpm[24m/three@0.184.0/node_modules/[4mthree[24m/examples/jsm/loaders/GLTFLoader.js:319:10[90m)[39m
      at [90m/home/matt/workspace/.autogame-worktrees/327-anim-corebreaker-greatsword/game/[39mclient/models.js:164:11
      at new Promise (<anonymous>)
      at loadModel [90m(/home/matt/workspace/.autogame-worktrees/327-anim-corebreaker-greatsword/game/[39mclient/models.js:155:11[90m)[39m
      at attachRegistryModel [90m(/home/matt/workspace/.autogame-worktrees/327-anim-corebreaker-greatsword/game/[39mclient/renderer.js:826:11[90m)[39m
}

stderr | client/test/hub-presence-avatars.test.js > hub presence avatars (lobby) > builds meshes for local and remote lobby players
[renderer] failed to apply model "/models/player.glb" for "player": TypeError: Failed to parse URL from /models/player.glb
[90m    at new Request (node:internal/deps/undici/undici:9588:19)[39m
    at FileLoader.load [90m(file:///home/matt/workspace/.autogame-worktrees/327-anim-corebreaker-greatsword/game/[39mnode_modules/[4m.pnpm[24m/three@0.184.0/node_modules/[4mthree[24m/build/three.core.js:44150:15[90m)[39m
[90m    ... 4 lines matching cause stack trace ...[39m
    at attachRegistryModel [90m(/home/matt/workspace/.autogame-worktrees/327-anim-corebreaker-greatsword/game/[39mclient/renderer.js:826:11[90m)[39m
    at createPlayerAvatar [90m(/home/matt/workspace/.autogame-worktrees/327-anim-corebreaker-greatsword/game/[39mclient/renderer.js:2710:2[90m)[39m
    at syncPlayerMeshes [90m(/home/matt/workspace/.autogame-worktrees/327-anim-corebreaker-greatsword/game/[39mclient/renderer/playerSync.js:87:37[90m)[39m
    at animate [90m(/home/matt/workspace/.autogame-worktrees/327-anim-corebreaker-greatsword/game/[39mclient/renderer.js:7636:19[90m)[39m {
  [cause]: TypeError: Invalid URL: /models/player.glb
      at new URLImpl [90m(/home/matt/workspace/.autogame-worktrees/327-anim-corebreaker-greatsword/game/[39mnode_modules/[4m.pnpm[24m/whatwg-url@14.2.0/node_modules/[4mwhatwg-url[24m/lib/URL-impl.js:20:13[90m)[39m
      at Object.exports.setup [90m(/home/matt/workspace/.autogame-worktrees/327-anim-corebreaker-greatsword/game/[39mnode_modules/[4m.pnpm[24m/whatwg-url@14.2.0/node_modules/[4mwhatwg-url[24m/lib/URL.js:54:12[90m)[39m
      at new URL [90m(/home/matt/workspace/.autogame-worktrees/327-anim-corebreaker-greatsword/game/[39mnode_modules/[4m.pnpm[24m/whatwg-url@14.2.0/node_modules/[4mwhatwg-url[24m/lib/URL.js:115:22[90m)[39m
  [90m    at new Request (node:internal/deps/undici/undici:9586:25)[39m
      at FileLoader.load [90m(file:///home/matt/workspace/.autogame-worktrees/327-anim-corebreaker-greatsword/game/[39mnode_modules/[4m.pnpm[24m/three@0.184.0/node_modules/[4mthree[24m/build/three.core.js:44150:15[90m)[39m
      at GLTFLoader.load [90m(file:///home/matt/workspace/.autogame-worktrees/327-anim-corebreaker-greatsword/game/[39mnode_modules/[4m.pnpm[24m/three@0.184.0/node_modules/[4mthree[24m/examples/jsm/loaders/GLTFLoader.js:319:10[90m)[39m
      at [90m/home/matt/workspace/.autogame-worktrees/327-anim-corebreaker-greatsword/game/[39mclient/models.js:164:11
      at new Promise (<anonymous>)
      at loadModel [90m(/home/matt/workspace/.autogame-worktrees/327-anim-corebreaker-greatsword/game/[39mclient/models.js:155:11[90m)[39m
      at attachRegistryModel [90m(/home/matt/workspace/.autogame-worktrees/327-anim-corebreaker-greatsword/game/[39mclient/renderer.js:826:11[90m)[39m
}
[renderer] failed to apply model "/models/player.glb" for "player": TypeError: Failed to parse URL from /models/player.glb
[90m    at new Request (node:internal/deps/undici/undici:9588:19)[39m
    at FileLoader.load [90m(file:///home/matt/workspace/.autogame-worktrees/327-anim-corebreaker-greatsword/game/[39mnode_modules/[4m.pnpm[24m/three@0.184.0/node_modules/[4mthree[24m/build/three.core.js:44150:15[90m)[39m
[90m    ... 4 lines matching cause stack trace ...[39m
    at attachRegistryModel [90m(/home/matt/workspace/.autogame-worktrees/327-anim-corebreaker-greatsword/game/[39mclient/renderer.js:826:11[90m)[39m
    at createPlayerAvatar [90m(/home/matt/workspace/.autogame-worktrees/327-anim-corebreaker-greatsword/game/[39mclient/renderer.js:2710:2[90m)[39m
    at syncPlayerMeshes [90m(/home/matt/workspace/.autogame-worktrees/327-anim-corebreaker-greatsword/game/[39mclient/renderer/playerSync.js:87:37[90m)[39m
    at animate [90m(/home/matt/workspace/.autogame-worktrees/327-anim-corebreaker-greatsword/game/[39mclient/renderer.js:7636:19[90m)[39m {
  [cause]: TypeError: Invalid URL: /models/player.glb
      at new URLImpl [90m(/home/matt/workspace/.autogame-worktrees/327-anim-corebreaker-greatsword/game/[39mnode_modules/[4m.pnpm[24m/whatwg-url@14.2.0/node_modules/[4mwhatwg-url[24m/lib/URL-impl.js:20:13[90m)[39m
      at Object.exports.setup [90m(/home/matt/workspace/.autogame-worktrees/327-anim-corebreaker-greatsword/game/[39mnode_modules/[4m.pnpm[24m/whatwg-url@14.2.0/node_modules/[4mwhatwg-url[24m/lib/URL.js:54:12[90m)[39m
      at new URL [90m(/home/matt/workspace/.autogame-worktrees/327-anim-corebreaker-greatsword/game/[39mnode_modules/[4m.pnpm[24m/whatwg-url@14.2.0/node_modules/[4mwhatwg-url[24m/lib/URL.js:115:22[90m)[39m
  [90m    at new Request (node:internal/deps/undici/undici:9586:25)[39m
      at FileLoader.load [90m(file:///home/matt/workspace/.autogame-worktrees/327-anim-corebreaker-greatsword/game/[39mnode_modules/[4m.pnpm[24m/three@0.184.0/node_modules/[4mthree[24m/build/three.core.js:44150:15[90m)[39m
      at GLTFLoader.load [90m(file:///home/matt/workspace/.autogame-worktrees/327-anim-corebreaker-greatsword/game/[39mnode_modules/[4m.pnpm[24m/three@0.184.0/node_modules/[4mthree[24m/examples/jsm/loaders/GLTFLoader.js:319:10[90m)[39m
      at [90m/home/matt/workspace/.autogame-worktrees/327-anim-corebreaker-greatsword/game/[39mclient/models.js:164:11
      at new Promise (<anonymous>)
      at loadModel [90m(/home/matt/workspace/.autogame-worktrees/327-anim-corebreaker-greatsword/game/[39mclient/models.js:155:11[90m)[39m
      at attachRegistryModel [90m(/home/matt/workspace/.autogame-worktrees/327-anim-corebreaker-greatsword/game/[39mclient/renderer.js:826:11[90m)[39m
}

stdout | client/test/renderer-shield-bar.test.js > enemy shield bar > updateEnemyShieldBarMesh scales by shieldHp / maxShieldHp
[initScene] Initializing Three.js scene...

stdout | client/test/passage-gate-meshes.test.js > passage gate meshes > tracks multiple locked passages independently
[initScene] Initializing Three.js scene...

stdout | client/test/avatar-cosmetic-render.test.js > avatar cosmetic render (hub + in-run) > playing quest layout builds the same avatar with cosmetic applied after mocked glTF load
[initScene] Initializing Three.js scene...

stdout | client/test/renderer-minion-summon.test.js > minion summon scale-in > does not re-trigger spawn scale-in when the minion id was already seen
[initScene] Initializing Three.js scene...

stdout | client/test/boothPrompt.test.js > booth interaction prompt > hides the prompt when the rendered scene is not the hub
[initScene] Initializing Three.js scene...

stdout | client/test/renderer-spike-trap.test.js > spike trap persistent hazard reconcile > disposes the hazard mesh when the enchantment leaves the snapshot
[initScene] Initializing Three.js scene...

stdout | client/test/hub-presence-avatars.test.js > hub presence avatars (lobby) > moves the remote mesh when hub presence coordinates change
[initScene] Initializing Three.js scene...

stderr | client/test/renderer-variant.test.js > warded variant visuals > createEnemyMesh stores _origColor from the type palette
[renderer] failed to apply model "/models/grunt.glb" for "grunt": TypeError: Failed to parse URL from /models/grunt.glb
[90m    at new Request (node:internal/deps/undici/undici:9588:19)[39m
    at FileLoader.load [90m(file:///home/matt/workspace/.autogame-worktrees/327-anim-corebreaker-greatsword/game/[39mnode_modules/[4m.pnpm[24m/three@0.184.0/node_modules/[4mthree[24m/build/three.core.js:44150:15[90m)[39m
[90m    ... 4 lines matching cause stack trace ...[39m
    at attachRegistryModel [90m(/home/matt/workspace/.autogame-worktrees/327-anim-corebreaker-greatsword/game/[39mclient/renderer.js:826:11[90m)[39m
    at createEnemyMesh [90m(/home/matt/workspace/.autogame-worktrees/327-anim-corebreaker-greatsword/game/[39mclient/renderer/enemySync.js:148:21[90m)[39m
    at [90m/home/matt/workspace/.autogame-worktrees/327-anim-corebreaker-greatsword/game/[39mclient/test/renderer-variant.test.js:29:16
[90m    at processTicksAndRejections (node:internal/process/task_queues:105:5)[39m {
  [cause]: TypeError: Invalid URL: /models/grunt.glb
      at new URLImpl [90m(/home/matt/workspace/.autogame-worktrees/327-anim-corebreaker-greatsword/game/[39mnode_modules/[4m.pnpm[24m/whatwg-url@14.2.0/node_modules/[4mwhatwg-url[24m/lib/URL-impl.js:20:13[90m)[39m
      at Object.exports.setup [90m(/home/matt/workspace/.autogame-worktrees/327-anim-corebreaker-greatsword/game/[39mnode_modules/[4m.pnpm[24m/whatwg-url@14.2.0/node_modules/[4mwhatwg-url[24m/lib/URL.js:54:12[90m)[39m
      at new URL [90m(/home/matt/workspace/.autogame-worktrees/327-anim-corebreaker-greatsword/game/[39mnode_modules/[4m.pnpm[24m/whatwg-url@14.2.0/node_modules/[4mwhatwg-url[24m/lib/URL.js:115:22[90m)[39m
  [90m    at new Request (node:internal/deps/undici/undici:9586:25)[39m
      at FileLoader.load [90m(file:///home/matt/workspace/.autogame-worktrees/327-anim-corebreaker-greatsword/game/[39mnode_modules/[4m.pnpm[24m/three@0.184.0/node_modules/[4mthree[24m/build/three.core.js:44150:15[90m)[39m
      at GLTFLoader.load [90m(file:///home/matt/workspace/.autogame-worktrees/327-anim-corebreaker-greatsword/game/[39mnode_modules/[4m.pnpm[24m/three@0.184.0/node_modules/[4mthree[24m/examples/jsm/loaders/GLTFLoader.js:319:10[90m)[39m
      at [90m/home/matt/workspace/.autogame-worktrees/327-anim-corebreaker-greatsword/game/[39mclient/models.js:164:11
      at new Promise (<anonymous>)
      at loadModel [90m(/home/matt/workspace/.autogame-worktrees/327-anim-corebreaker-greatsword/game/[39mclient/models.js:155:11[90m)[39m
      at attachRegistryModel [90m(/home/matt/workspace/.autogame-worktrees/327-anim-corebreaker-greatsword/game/[39mclient/renderer.js:826:11[90m)[39m
}

stdout | client/test/hub-lobby-render.test.js > hub lobby render > rebuilds to the quest layout on deploy, moving the avatar off the hub
[initScene] Initializing Three.js scene...

stdout | client/test/escort-hp-bar.test.js > escort NPC HP bar > animate sync creates a bar only for escort minions and scales/colors it from hp
[initScene] Initializing Three.js scene...

stdout | client/test/renderer-loot.test.js > renderer loot helpers > markLootCollected shows "+N MS" for magic stone pickups
[initScene] Initializing Three.js scene...

stdout | client/test/spire-atmosphere.test.js > spire-ascent atmosphere > resetAtmosphere restores default background and removes fog
[initScene] Initializing Three.js scene...

stdout | client/test/passage-gate-meshes.test.js > passage gate meshes > clears gate meshes on rebuildDungeonLayout
[initScene] Initializing Three.js scene...

stdout | client/test/renderer-shield-bar.test.js > enemy shield bar > animate sync creates, updates, and disposes shield bars from game state
[initScene] Initializing Three.js scene...

stderr | client/test/escort-hp-bar.test.js > escort NPC HP bar > animate sync creates a bar only for escort minions and scales/colors it from hp
[renderer] failed to apply model "/models/player.glb" for "player": TypeError: Failed to parse URL from /models/player.glb
[90m    at new Request (node:internal/deps/undici/undici:9588:19)[39m
    at FileLoader.load [90m(file:///home/matt/workspace/.autogame-worktrees/327-anim-corebreaker-greatsword/game/[39mnode_modules/[4m.pnpm[24m/three@0.184.0/node_modules/[4mthree[24m/build/three.core.js:44150:15[90m)[39m
[90m    ... 4 lines matching cause stack trace ...[39m
    at attachRegistryModel [90m(/home/matt/workspace/.autogame-worktrees/327-anim-corebreaker-greatsword/game/[39mclient/renderer.js:826:11[90m)[39m
    at createPlayerAvatar [90m(/home/matt/workspace/.autogame-worktrees/327-anim-corebreaker-greatsword/game/[39mclient/renderer.js:2710:2[90m)[39m
    at syncPlayerMeshes [90m(/home/matt/workspace/.autogame-worktrees/327-anim-corebreaker-greatsword/game/[39mclient/renderer/playerSync.js:87:37[90m)[39m
    at animate [90m(/home/matt/workspace/.autogame-worktrees/327-anim-corebreaker-greatsword/game/[39mclient/renderer.js:7636:19[90m)[39m {
  [cause]: TypeError: Invalid URL: /models/player.glb
      at new URLImpl [90m(/home/matt/workspace/.autogame-worktrees/327-anim-corebreaker-greatsword/game/[39mnode_modules/[4m.pnpm[24m/whatwg-url@14.2.0/node_modules/[4mwhatwg-url[24m/lib/URL-impl.js:20:13[90m)[39m
      at Object.exports.setup [90m(/home/matt/workspace/.autogame-worktrees/327-anim-corebreaker-greatsword/game/[39mnode_modules/[4m.pnpm[24m/whatwg-url@14.2.0/node_modules/[4mwhatwg-url[24m/lib/URL.js:54:12[90m)[39m
      at new URL [90m(/home/matt/workspace/.autogame-worktrees/327-anim-corebreaker-greatsword/game/[39mnode_modules/[4m.pnpm[24m/whatwg-url@14.2.0/node_modules/[4mwhatwg-url[24m/lib/URL.js:115:22[90m)[39m
  [90m    at new Request (node:internal/deps/undici/undici:9586:25)[39m
      at FileLoader.load [90m(file:///home/matt/workspace/.autogame-worktrees/327-anim-corebreaker-greatsword/game/[39mnode_modules/[4m.pnpm[24m/three@0.184.0/node_modules/[4mthree[24m/build/three.core.js:44150:15[90m)[39m
      at GLTFLoader.load [90m(file:///home/matt/workspace/.autogame-worktrees/327-anim-corebreaker-greatsword/game/[39mnode_modules/[4m.pnpm[24m/three@0.184.0/node_modules/[4mthree[24m/examples/jsm/loaders/GLTFLoader.js:319:10[90m)[39m
      at [90m/home/matt/workspace/.autogame-worktrees/327-anim-corebreaker-greatsword/game/[39mclient/models.js:164:11
      at new Promise (<anonymous>)
      at loadModel [90m(/home/matt/workspace/.autogame-worktrees/327-anim-corebreaker-greatsword/game/[39mclient/models.js:155:11[90m)[39m
      at attachRegistryModel [90m(/home/matt/workspace/.autogame-worktrees/327-anim-corebreaker-greatsword/game/[39mclient/renderer.js:826:11[90m)[39m
}

 ✓ |client| client/test/hub-lobby-render.test.js (2 tests) 468ms
   ✓ hub lobby render > renders the hub during the lobby and spawns the local avatar on the hub floor  355ms
stdout | client/test/renderer-minion-summon.test.js > battery_automaton charge-pulse sync > fires spawnBatteryChargePulseEffect once when lastChargePulseAt advances, not on first sighting
[initScene] Initializing Three.js scene...

stderr | client/test/renderer-shield-bar.test.js > enemy shield bar > animate sync creates, updates, and disposes shield bars from game state
[renderer] failed to apply model "/models/player.glb" for "player": TypeError: Failed to parse URL from /models/player.glb
[90m    at new Request (node:internal/deps/undici/undici:9588:19)[39m
    at FileLoader.load [90m(file:///home/matt/workspace/.autogame-worktrees/327-anim-corebreaker-greatsword/game/[39mnode_modules/[4m.pnpm[24m/three@0.184.0/node_modules/[4mthree[24m/build/three.core.js:44150:15[90m)[39m
[90m    ... 4 lines matching cause stack trace ...[39m
    at attachRegistryModel [90m(/home/matt/workspace/.autogame-worktrees/327-anim-corebreaker-greatsword/game/[39mclient/renderer.js:826:11[90m)[39m
    at createPlayerAvatar [90m(/home/matt/workspace/.autogame-worktrees/327-anim-corebreaker-greatsword/game/[39mclient/renderer.js:2710:2[90m)[39m
    at syncPlayerMeshes [90m(/home/matt/workspace/.autogame-worktrees/327-anim-corebreaker-greatsword/game/[39mclient/renderer/playerSync.js:87:37[90m)[39m
    at animate [90m(/home/matt/workspace/.autogame-worktrees/327-anim-corebreaker-greatsword/game/[39mclient/renderer.js:7636:19[90m)[39m {
  [cause]: TypeError: Invalid URL: /models/player.glb
      at new URLImpl [90m(/home/matt/workspace/.autogame-worktrees/327-anim-corebreaker-greatsword/game/[39mnode_modules/[4m.pnpm[24m/whatwg-url@14.2.0/node_modules/[4mwhatwg-url[24m/lib/URL-impl.js:20:13[90m)[39m
      at Object.exports.setup [90m(/home/matt/workspace/.autogame-worktrees/327-anim-corebreaker-greatsword/game/[39mnode_modules/[4m.pnpm[24m/whatwg-url@14.2.0/node_modules/[4mwhatwg-url[24m/lib/URL.js:54:12[90m)[39m
      at new URL [90m(/home/matt/workspace/.autogame-worktrees/327-anim-corebreaker-greatsword/game/[39mnode_modules/[4m.pnpm[24m/whatwg-url@14.2.0/node_modules/[4mwhatwg-url[24m/lib/URL.js:115:22[90m)[39m
  [90m    at new Request (node:internal/deps/undici/undici:9586:25)[39m
      at FileLoader.load [90m(file:///home/matt/workspace/.autogame-worktrees/327-anim-corebreaker-greatsword/game/[39mnode_modules/[4m.pnpm[24m/three@0.184.0/node_modules/[4mthree[24m/build/three.core.js:44150:15[90m)[39m
      at GLTFLoader.load [90m(file:///home/matt/workspace/.autogame-worktrees/327-anim-corebreaker-greatsword/game/[39mnode_modules/[4m.pnpm[24m/three@0.184.0/node_modules/[4mthree[24m/examples/jsm/loaders/GLTFLoader.js:319:10[90m)[39m
      at [90m/home/matt/workspace/.autogame-worktrees/327-anim-corebreaker-greatsword/game/[39mclient/models.js:164:11
      at new Promise (<anonymous>)
      at loadModel [90m(/home/matt/workspace/.autogame-worktrees/327-anim-corebreaker-greatsword/game/[39mclient/models.js:155:11[90m)[39m
      at attachRegistryModel [90m(/home/matt/workspace/.autogame-worktrees/327-anim-corebreaker-greatsword/game/[39mclient/renderer.js:826:11[90m)[39m
}
[renderer] failed to apply model "/models/grunt.glb" for "grunt": TypeError: Failed to parse URL from /models/grunt.glb
[90m    at new Request (node:internal/deps/undici/undici:9588:19)[39m
    at FileLoader.load [90m(file:///home/matt/workspace/.autogame-worktrees/327-anim-corebreaker-greatsword/game/[39mnode_modules/[4m.pnpm[24m/three@0.184.0/node_modules/[4mthree[24m/build/three.core.js:44150:15[90m)[39m
[90m    ... 4 lines matching cause stack trace ...[39m
    at attachRegistryModel [90m(/home/matt/workspace/.autogame-worktrees/327-anim-corebreaker-greatsword/game/[39mclient/renderer.js:826:11[90m)[39m
    at createEnemyMesh [90m(/home/matt/workspace/.autogame-worktrees/327-anim-corebreaker-greatsword/game/[39mclient/renderer/enemySync.js:148:21[90m)[39m
    at syncEnemyMeshes [90m(/home/matt/workspace/.autogame-worktrees/327-anim-corebreaker-greatsword/game/[39mclient/renderer/enemySync.js:844:17[90m)[39m
    at animate [90m(/home/matt/workspace/.autogame-worktrees/327-anim-corebreaker-greatsword/game/[39mclient/renderer.js:7644:18[90m)[39m {
  [cause]: TypeError: Invalid URL: /models/grunt.glb
      at new URLImpl [90m(/home/matt/workspace/.autogame-worktrees/327-anim-corebreaker-greatsword/game/[39mnode_modules/[4m.pnpm[24m/whatwg-url@14.2.0/node_modules/[4mwhatwg-url[24m/lib/URL-impl.js:20:13[90m)[39m
      at Object.exports.setup [90m(/home/matt/workspace/.autogame-worktrees/327-anim-corebreaker-greatsword/game/[39mnode_modules/[4m.pnpm[24m/whatwg-url@14.2.0/node_modules/[4mwhatwg-url[24m/lib/URL.js:54:12[90m)[39m
      at new URL [90m(/home/matt/workspace/.autogame-worktrees/327-anim-corebreaker-greatsword/game/[39mnode_modules/[4m.pnpm[24m/whatwg-url@14.2.0/node_modules/[4mwhatwg-url[24m/lib/URL.js:115:22[90m)[39m
  [90m    at new Request (node:internal/deps/undici/undici:9586:25)[39m
      at FileLoader.load [90m(file:///home/matt/workspace/.autogame-worktrees/327-anim-corebreaker-greatsword/game/[39mnode_modules/[4m.pnpm[24m/three@0.184.0/node_modules/[4mthree[24m/build/three.core.js:44150:15[90m)[39m
      at GLTFLoader.load [90m(file:///home/matt/workspace/.autogame-worktrees/327-anim-corebreaker-greatsword/game/[39mnode_modules/[4m.pnpm[24m/three@0.184.0/node_modules/[4mthree[24m/examples/jsm/loaders/GLTFLoader.js:319:10[90m)[39m
      at [90m/home/matt/workspace/.autogame-worktrees/327-anim-corebreaker-greatsword/game/[39mclient/models.js:164:11
      at new Promise (<anonymous>)
      at loadModel [90m(/home/matt/workspace/.autogame-worktrees/327-anim-corebreaker-greatsword/game/[39mclient/models.js:155:11[90m)[39m
      at attachRegistryModel [90m(/home/matt/workspace/.autogame-worktrees/327-anim-corebreaker-greatsword/game/[39mclient/renderer.js:826:11[90m)[39m
}
[renderer] failed to apply model "/models/grunt.glb" for "grunt": TypeError: Failed to parse URL from /models/grunt.glb
[90m    at new Request (node:internal/deps/undici/undici:9588:19)[39m
    at FileLoader.load [90m(file:///home/matt/workspace/.autogame-worktrees/327-anim-corebreaker-greatsword/game/[39mnode_modules/[4m.pnpm[24m/three@0.184.0/node_modules/[4mthree[24m/build/three.core.js:44150:15[90m)[39m
[90m    ... 4 lines matching cause stack trace ...[39m
    at attachRegistryModel [90m(/home/matt/workspace/.autogame-worktrees/327-anim-corebreaker-greatsword/game/[39mclient/renderer.js:826:11[90m)[39m
    at createEnemyMesh [90m(/home/matt/workspace/.autogame-worktrees/327-anim-corebreaker-greatsword/game/[39mclient/renderer/enemySync.js:148:21[90m)[39m
    at syncEnemyMeshes [90m(/home/matt/workspace/.autogame-worktrees/327-anim-corebreaker-greatsword/game/[39mclient/renderer/enemySync.js:844:17[90m)[39m
    at animate [90m(/home/matt/workspace/.autogame-worktrees/327-anim-corebreaker-greatsword/game/[39mclient/renderer.js:7644:18[90m)[39m {
  [cause]: TypeError: Invalid URL: /models/grunt.glb
      at new URLImpl [90m(/home/matt/workspace/.autogame-worktrees/327-anim-corebreaker-greatsword/game/[39mnode_modules/[4m.pnpm[24m/whatwg-url@14.2.0/node_modules/[4mwhatwg-url[24m/lib/URL-impl.js:20:13[90m)[39m
      at Object.exports.setup [90m(/home/matt/workspace/.autogame-worktrees/327-anim-corebreaker-greatsword/game/[39mnode_modules/[4m.pnpm[24m/whatwg-url@14.2.0/node_modules/[4mwhatwg-url[24m/lib/URL.js:54:12[90m)[39m
      at new URL [90m(/home/matt/workspace/.autogame-worktrees/327-anim-corebreaker-greatsword/game/[39mnode_modules/[4m.pnpm[24m/whatwg-url@14.2.0/node_modules/[4mwhatwg-url[24m/lib/URL.js:115:22[90m)[39m
  [90m    at new Request (node:internal/deps/undici/undici:9586:25)[39m
      at FileLoader.load [90m(file:///home/matt/workspace/.autogame-worktrees/327-anim-corebreaker-greatsword/game/[39mnode_modules/[4m.pnpm[24m/three@0.184.0/node_modules/[4mthree[24m/build/three.core.js:44150:15[90m)[39m
      at GLTFLoader.load [90m(file:///home/matt/workspace/.autogame-worktrees/327-anim-corebreaker-greatsword/game/[39mnode_modules/[4m.pnpm[24m/three@0.184.0/node_modules/[4mthree[24m/examples/jsm/loaders/GLTFLoader.js:319:10[90m)[39m
      at [90m/home/matt/workspace/.autogame-worktrees/327-anim-corebreaker-greatsword/game/[39mclient/models.js:164:11
      at new Promise (<anonymous>)
      at loadModel [90m(/home/matt/workspace/.autogame-worktrees/327-anim-corebreaker-greatsword/game/[39mclient/models.js:155:11[90m)[39m
      at attachRegistryModel [90m(/home/matt/workspace/.autogame-worktrees/327-anim-corebreaker-greatsword/game/[39mclient/renderer.js:826:11[90m)[39m
}

stdout | client/test/avatar-cosmetic-render.test.js > avatar cosmetic render (hub + in-run) > rebuilds avatar when cosmetic changes between animate() calls
[initScene] Initializing Three.js scene...

stdout | client/test/renderer-spike-trap.test.js > spike trap persistent hazard reconcile > does NOT create a hazard mesh for cinder_snare enchantments
[initScene] Initializing Three.js scene...

stdout | client/test/fire-atmosphere.test.js > fire-cavern atmosphere > resetAtmosphere restores default background and removes fog
[initScene] Initializing Three.js scene...

stdout | client/test/boothPrompt.test.js > booth interaction prompt > emits boothInteract for the in-range booth and nothing when out of range
[initScene] Initializing Three.js scene...

 ✓ |client| client/test/passage-gate-meshes.test.js (3 tests) 581ms
   ✓ passage gate meshes > creates one gate mesh per locked passage and removes it when unlocked  350ms
stdout | client/test/lobby-menu-dismiss.test.js > lobby menu dismiss guard (main.js) > hub lobby join starts with #lobby hidden and lobbyMenuDismissed true
[initScene] Initializing Three.js scene...

 ✓ |client| client/test/renderer-minion-summon.test.js (3 tests) 607ms
   ✓ minion summon scale-in > records spawn time and starts new minion meshes below full scale  386ms
stdout | client/test/named-rare-visuals.test.js > named-rare enemy visuals > applyEnemyNameplate creates and disposes sprites keyed on namedRare
[initScene] Initializing Three.js scene...

 ✓ |client| client/test/deck-viewer.test.js (21 tests) 562ms
   ✓ renderDeckViewer() / renderDeckStack() > renders draw pile cards with type icons and toggles via V key  554ms
 ✓ |client| client/test/boss-encounter-hud-wiring.test.js (6 tests) 726ms
   ✓ boss-encounter HUD wiring in main.js > populates the model and shows the HUD for an active encounter with a live boss  716ms
stdout | client/test/spire-atmosphere.test.js > spire-ascent atmosphere > rebuildDungeonLayout re-inits spire atmosphere when swapping layouts
[initScene] Initializing Three.js scene...

 ✓ |client| client/test/boothPrompt.test.js (5 tests) 686ms
   ✓ booth interaction prompt > shows the prompt on zone enter and hides it on exit  424ms
stdout | client/test/renderer-loot.test.js > renderer loot helpers > markLootCollected plays loot SFX only for magic stone pickups
[initScene] Initializing Three.js scene...

 ✓ |client| client/test/avatar-cosmetic-render.test.js (3 tests) 755ms
   ✓ avatar cosmetic render (hub + in-run) > lobby hub layout builds local avatar whose cosmeticKey matches non-default cosmetic  358ms
 ✓ |client| client/test/named-rare-visuals.test.js (4 tests) 757ms
   ✓ named-rare enemy visuals > parseNamedRareTintHex converts hex strings to color numbers  364ms
 ✓ |client| client/test/spire-atmosphere.test.js (4 tests) 813ms
   ✓ spire-ascent atmosphere > lerpSpireAtmosphere(0) is darker than lerpSpireAtmosphere(1) for background and fog  383ms
stdout | client/test/escort-hp-bar.test.js > escort NPC HP bar > disposes the bar when the escort minion leaves the snapshot
[initScene] Initializing Three.js scene...

stdout | client/test/renderer-shield-bar.test.js > enemy shield bar > does not create a shield bar when shieldHp is absent or zero
[initScene] Initializing Three.js scene...

stdout | client/test/renderer-variant.test.js > warded variant visuals > applyVariantMarker uses per-variant badge colors on the marker mesh
[initScene] Initializing Three.js scene...

 ✓ |client| client/test/renderer-enemy-emissive-priority.test.js (4 tests) 975ms
   ✓ resolveEnemyEmissive priority > windup survives a non-reveal reveal pass on the same frame  446ms
 ✓ |client| client/test/escort-hp-bar.test.js (4 tests) 911ms
   ✓ escort NPC HP bar > shouldHaveEscortHealthBar is true only for isEscort minions  366ms
stdout | client/test/fire-atmosphere.test.js > fire-cavern atmosphere > rebuildDungeonLayout re-inits fire atmosphere when swapping layouts
[initScene] Initializing Three.js scene...

stdout | client/test/renderer-loot.test.js > renderer loot helpers > updateCollectingLoot disposes cloned loot materials when animation finishes
[initScene] Initializing Three.js scene...

stdout | client/test/hub-presence-avatars.test.js > hub presence avatars (lobby) > applyHubPresence sequence updates remote mesh position and cosmeticKey
[initScene] Initializing Three.js scene...

 ✓ |client| client/test/renderer-shield-bar.test.js (4 tests) 1022ms
   ✓ enemy shield bar > createEnemyShieldBarMesh uses cyan above the enemy half-height  422ms
stdout | client/test/questBooth.test.js > quest booth booth:action hook (main.js) > reveals and scrolls the quest panel into view for boothId quest in lobby and ignores other booths
[launchBooth] ready-up via booth
[launchBooth] ready-up via booth

 ✓ |client| client/test/fire-atmosphere.test.js (4 tests) 1018ms
   ✓ fire-cavern atmosphere > lerpFireCavernAtmosphere(1) has higher red/orange channel sum than lerpFireCavernAtmosphere(0)  351ms
   ✓ fire-cavern atmosphere > rebuildDungeonLayout re-inits fire atmosphere when swapping layouts  333ms
stdout | client/test/lobby-menu-dismiss.test.js > lobby menu dismiss guard (main.js) > dismissGameLobby then lobby-phase stateUpdate keeps #lobby hidden
[initScene] Initializing Three.js scene...

 ✓ |client| client/test/airborne-floor-render.test.js (7 tests) 1238ms
   ✓ airborne floor-aware render + shadow > flying enemy render offset tracks the floor surface via server world Y  504ms
 ✓ |client| client/test/renderer-loot.test.js (4 tests) 1088ms
   ✓ renderer loot helpers > getPickedUpLootIds reflects lootPickupAttempts after walk-over pickup  517ms
 ✓ |client| client/test/boothDeck.test.js (4 tests) 1155ms
   ✓ deck booth via booth:action > opens the loadout bay when booth:action targets the deck booth  645ms
   ✓ deck booth via booth:action > populates the deck editor and deck-add still emits deckAddCard  477ms
stdout | client/test/hub-presence-avatars.test.js > hub presence avatars (lobby) > applyHubPresence removedPlayerIds disposes remote avatar mesh
[initScene] Initializing Three.js scene...

 ✓ |client| client/test/renderer-variant.test.js (6 tests) 1402ms
   ✓ warded variant visuals > variantMarkerColor returns cyan for warded and magenta for other variants  374ms
stdout | client/test/lobby-menu-dismiss.test.js > lobby menu dismiss guard (main.js) > hubPresenceUpdate and applyHubPresence while dismissed do not show #lobby
[initScene] Initializing Three.js scene...

 ✓ |client| client/test/renderer-telepipe-portal.test.js (7 tests) 1392ms
   ✓ telepipe portal animation > creates a Group with cylinder, two rings, and particle children  373ms
 ✓ |client| client/test/hub-presence-avatars.test.js (4 tests) 1464ms
   ✓ hub presence avatars (lobby) > builds meshes for local and remote lobby players  485ms
   ✓ hub presence avatars (lobby) > applyHubPresence sequence updates remote mesh position and cosmeticKey  489ms
   ✓ hub presence avatars (lobby) > applyHubPresence removedPlayerIds disposes remote avatar mesh  387ms
stdout | client/test/main.test.js > cardError handler — server hand rejection > shows a toast when the server rejects an unauthorized card use
[cardError] Card not in hand
[cardError] Card not in hand
[cardError] Card not in hand
[cardError] Card not in hand
[cardError] Card not in hand

 ✓ |client| client/test/debug-hatswap-hook.test.js (3 tests) 1497ms
   ✓ ?booth=hatswap debug hook (main.js requestBoothDebugOpen) > opens the character booth and requests hats-unlocked once on localhost  688ms
   ✓ ?booth=hatswap debug hook (main.js requestBoothDebugOpen) > does nothing for ?booth=hatswap on a non-localhost host  411ms
   ✓ ?booth=hatswap debug hook (main.js requestBoothDebugOpen) > does not fire before the phase is lobby  396ms
 ✓ |client| client/test/renderer-spike-trap.test.js (5 tests) 1710ms
   ✓ spike trap persistent hazard reconcile > creates a persistent mesh keyed by enc.id and positions it at enc.x/z  686ms
   ✓ SPIKE_TRAP_TRIGGERED handler > spawns the eruption VFX at the reported x/z/radius  450ms
   ✓ SPIKE_TRAP_TRIGGERED handler > is a guarded no-op when x/z are not finite  329ms
 ✓ |client| client/test/boothShop.test.js (5 tests) 1564ms
   ✓ shop booth via booth:action > opens the card shop when booth:action targets the shop booth  644ms
   ✓ shop booth via booth:action > emits buyShopCard when the buy button is clicked after booth open  453ms
   ✓ shop booth via booth:action > emits sellCard when a sell button is clicked after booth open  404ms
stderr | client/test/main.test.js > createEnemyMesh() > creates a red cone for grunt (default) type
[renderer] failed to apply model "/models/grunt.glb" for "grunt": TypeError: Failed to parse URL from /models/grunt.glb
[90m    at new Request (node:internal/deps/undici/undici:9588:19)[39m
    at FileLoader.load [90m(file:///home/matt/workspace/.autogame-worktrees/327-anim-corebreaker-greatsword/game/[39mnode_modules/[4m.pnpm[24m/three@0.184.0/node_modules/[4mthree[24m/build/three.core.js:44150:15[90m)[39m
[90m    ... 4 lines matching cause stack trace ...[39m
    at attachRegistryModel [90m(/home/matt/workspace/.autogame-worktrees/327-anim-corebreaker-greatsword/game/[39mclient/renderer.js:826:11[90m)[39m
    at createEnemyMesh [90m(/home/matt/workspace/.autogame-worktrees/327-anim-corebreaker-greatsword/game/[39mclient/renderer/enemySync.js:148:21[90m)[39m
    at [90m/home/matt/workspace/.autogame-worktrees/327-anim-corebreaker-greatsword/game/[39mclient/test/main.test.js:2796:23
    at [90mfile:///home/matt/workspace/.autogame-worktrees/327-anim-corebreaker-greatsword/game/[39mnode_modules/[4m.pnpm[24m/@vitest+runner@3.2.4/node_modules/[4m@vitest[24m/runner/dist/chunk-hooks.js:752:20 {
  [cause]: TypeError: Invalid URL: /models/grunt.glb
      at new URLImpl [90m(/home/matt/workspace/.autogame-worktrees/327-anim-corebreaker-greatsword/game/[39mnode_modules/[4m.pnpm[24m/whatwg-url@14.2.0/node_modules/[4mwhatwg-url[24m/lib/URL-impl.js:20:13[90m)[39m
      at Object.exports.setup [90m(/home/matt/workspace/.autogame-worktrees/327-anim-corebreaker-greatsword/game/[39mnode_modules/[4m.pnpm[24m/whatwg-url@14.2.0/node_modules/[4mwhatwg-url[24m/lib/URL.js:54:12[90m)[39m
      at new URL [90m(/home/matt/workspace/.autogame-worktrees/327-anim-corebreaker-greatsword/game/[39mnode_modules/[4m.pnpm[24m/whatwg-url@14.2.0/node_modules/[4mwhatwg-url[24m/lib/URL.js:115:22[90m)[39m
  [90m    at new Request (node:internal/deps/undici/undici:9586:25)[39m
      at FileLoader.load [90m(file:///home/matt/workspace/.autogame-worktrees/327-anim-corebreaker-greatsword/game/[39mnode_modules/[4m.pnpm[24m/three@0.184.0/node_modules/[4mthree[24m/build/three.core.js:44150:15[90m)[39m
      at GLTFLoader.load [90m(file:///home/matt/workspace/.autogame-worktrees/327-anim-corebreaker-greatsword/game/[39mnode_modules/[4m.pnpm[24m/three@0.184.0/node_modules/[4mthree[24m/examples/jsm/loaders/GLTFLoader.js:319:10[90m)[39m
      at [90m/home/matt/workspace/.autogame-worktrees/327-anim-corebreaker-greatsword/game/[39mclient/models.js:164:11
      at new Promise (<anonymous>)
      at loadModel [90m(/home/matt/workspace/.autogame-worktrees/327-anim-corebreaker-greatsword/game/[39mclient/models.js:155:11[90m)[39m
      at attachRegistryModel [90m(/home/matt/workspace/.autogame-worktrees/327-anim-corebreaker-greatsword/game/[39mclient/renderer.js:826:11[90m)[39m
}

stderr | client/test/main.test.js > createEnemyMesh() > creates an orange cone for skirmisher type
[renderer] failed to apply model "/models/skirmisher.glb" for "skirmisher": TypeError: Failed to parse URL from /models/skirmisher.glb
[90m    at new Request (node:internal/deps/undici/undici:9588:19)[39m
    at FileLoader.load [90m(file:///home/matt/workspace/.autogame-worktrees/327-anim-corebreaker-greatsword/game/[39mnode_modules/[4m.pnpm[24m/three@0.184.0/node_modules/[4mthree[24m/build/three.core.js:44150:15[90m)[39m
[90m    ... 4 lines matching cause stack trace ...[39m
    at attachRegistryModel [90m(/home/matt/workspace/.autogame-worktrees/327-anim-corebreaker-greatsword/game/[39mclient/renderer.js:826:11[90m)[39m
    at createEnemyMesh [90m(/home/matt/workspace/.autogame-worktrees/327-anim-corebreaker-greatsword/game/[39mclient/renderer/enemySync.js:148:21[90m)[39m
    at [90m/home/matt/workspace/.autogame-worktrees/327-anim-corebreaker-greatsword/game/[39mclient/test/main.test.js:2808:23
    at [90mfile:///home/matt/workspace/.autogame-worktrees/327-anim-corebreaker-greatsword/game/[39mnode_modules/[4m.pnpm[24m/@vitest+runner@3.2.4/node_modules/[4m@vitest[24m/runner/dist/chunk-hooks.js:752:20 {
  [cause]: TypeError: Invalid URL: /models/skirmisher.glb
      at new URLImpl [90m(/home/matt/workspace/.autogame-worktrees/327-anim-corebreaker-greatsword/game/[39mnode_modules/[4m.pnpm[24m/whatwg-url@14.2.0/node_modules/[4mwhatwg-url[24m/lib/URL-impl.js:20:13[90m)[39m
      at Object.exports.setup [90m(/home/matt/workspace/.autogame-worktrees/327-anim-corebreaker-greatsword/game/[39mnode_modules/[4m.pnpm[24m/whatwg-url@14.2.0/node_modules/[4mwhatwg-url[24m/lib/URL.js:54:12[90m)[39m
      at new URL [90m(/home/matt/workspace/.autogame-worktrees/327-anim-corebreaker-greatsword/game/[39mnode_modules/[4m.pnpm[24m/whatwg-url@14.2.0/node_modules/[4mwhatwg-url[24m/lib/URL.js:115:22[90m)[39m
  [90m    at new Request (node:internal/deps/undici/undici:9586:25)[39m
      at FileLoader.load [90m(file:///home/matt/workspace/.autogame-worktrees/327-anim-corebreaker-greatsword/game/[39mnode_modules/[4m.pnpm[24m/three@0.184.0/node_modules/[4mthree[24m/build/three.core.js:44150:15[90m)[39m
      at GLTFLoader.load [90m(file:///home/matt/workspace/.autogame-worktrees/327-anim-corebreaker-greatsword/game/[39mnode_modules/[4m.pnpm[24m/three@0.184.0/node_modules/[4mthree[24m/examples/jsm/loaders/GLTFLoader.js:319:10[90m)[39m
      at [90m/home/matt/workspace/.autogame-worktrees/327-anim-corebreaker-greatsword/game/[39mclient/models.js:164:11
      at new Promise (<anonymous>)
      at loadModel [90m(/home/matt/workspace/.autogame-worktrees/327-anim-corebreaker-greatsword/game/[39mclient/models.js:155:11[90m)[39m
      at attachRegistryModel [90m(/home/matt/workspace/.autogame-worktrees/327-anim-corebreaker-greatsword/game/[39mclient/renderer.js:826:11[90m)[39m
}

stderr | client/test/main.test.js > createEnemyMesh() > creates a teal octahedron for spawner type
[renderer] failed to apply model "/models/spawner.glb" for "spawner": TypeError: Failed to parse URL from /models/spawner.glb
[90m    at new Request (node:internal/deps/undici/undici:9588:19)[39m
    at FileLoader.load [90m(file:///home/matt/workspace/.autogame-worktrees/327-anim-corebreaker-greatsword/game/[39mnode_modules/[4m.pnpm[24m/three@0.184.0/node_modules/[4mthree[24m/build/three.core.js:44150:15[90m)[39m
[90m    ... 4 lines matching cause stack trace ...[39m
    at attachRegistryModel [90m(/home/matt/workspace/.autogame-worktrees/327-anim-corebreaker-greatsword/game/[39mclient/renderer.js:826:11[90m)[39m
    at createEnemyMesh [90m(/home/matt/workspace/.autogame-worktrees/327-anim-corebreaker-greatsword/game/[39mclient/renderer/enemySync.js:148:21[90m)[39m
    at [90m/home/matt/workspace/.autogame-worktrees/327-anim-corebreaker-greatsword/game/[39mclient/test/main.test.js:2818:23
    at [90mfile:///home/matt/workspace/.autogame-worktrees/327-anim-corebreaker-greatsword/game/[39mnode_modules/[4m.pnpm[24m/@vitest+runner@3.2.4/node_modules/[4m@vitest[24m/runner/dist/chunk-hooks.js:752:20 {
  [cause]: TypeError: Invalid URL: /models/spawner.glb
      at new URLImpl [90m(/home/matt/workspace/.autogame-worktrees/327-anim-corebreaker-greatsword/game/[39mnode_modules/[4m.pnpm[24m/whatwg-url@14.2.0/node_modules/[4mwhatwg-url[24m/lib/URL-impl.js:20:13[90m)[39m
      at Object.exports.setup [90m(/home/matt/workspace/.autogame-worktrees/327-anim-corebreaker-greatsword/game/[39mnode_modules/[4m.pnpm[24m/whatwg-url@14.2.0/node_modules/[4mwhatwg-url[24m/lib/URL.js:54:12[90m)[39m
      at new URL [90m(/home/matt/workspace/.autogame-worktrees/327-anim-corebreaker-greatsword/game/[39mnode_modules/[4m.pnpm[24m/whatwg-url@14.2.0/node_modules/[4mwhatwg-url[24m/lib/URL.js:115:22[90m)[39m
  [90m    at new Request (node:internal/deps/undici/undici:9586:25)[39m
      at FileLoader.load [90m(file:///home/matt/workspace/.autogame-worktrees/327-anim-corebreaker-greatsword/game/[39mnode_modules/[4m.pnpm[24m/three@0.184.0/node_modules/[4mthree[24m/build/three.core.js:44150:15[90m)[39m
      at GLTFLoader.load [90m(file:///home/matt/workspace/.autogame-worktrees/327-anim-corebreaker-greatsword/game/[39mnode_modules/[4m.pnpm[24m/three@0.184.0/node_modules/[4mthree[24m/examples/jsm/loaders/GLTFLoader.js:319:10[90m)[39m
      at [90m/home/matt/workspace/.autogame-worktrees/327-anim-corebreaker-greatsword/game/[39mclient/models.js:164:11
      at new Promise (<anonymous>)
      at loadModel [90m(/home/matt/workspace/.autogame-worktrees/327-anim-corebreaker-greatsword/game/[39mclient/models.js:155:11[90m)[39m
      at attachRegistryModel [90m(/home/matt/workspace/.autogame-worktrees/327-anim-corebreaker-greatsword/game/[39mclient/renderer.js:826:11[90m)[39m
}

stderr | client/test/main.test.js > createEnemyMesh() > creates a warm emissive octahedron for ember_wraith type
[renderer] failed to apply model "/models/grunt.glb" for "grunt": TypeError: Failed to parse URL from /models/grunt.glb
[90m    at new Request (node:internal/deps/undici/undici:9588:19)[39m
    at FileLoader.load [90m(file:///home/matt/workspace/.autogame-worktrees/327-anim-corebreaker-greatsword/game/[39mnode_modules/[4m.pnpm[24m/three@0.184.0/node_modules/[4mthree[24m/build/three.core.js:44150:15[90m)[39m
[90m    ... 4 lines matching cause stack trace ...[39m
    at attachRegistryModel [90m(/home/matt/workspace/.autogame-worktrees/327-anim-corebreaker-greatsword/game/[39mclient/renderer.js:826:11[90m)[39m
    at createEnemyMesh [90m(/home/matt/workspace/.autogame-worktrees/327-anim-corebreaker-greatsword/game/[39mclient/renderer/enemySync.js:148:21[90m)[39m
    at [90m/home/matt/workspace/.autogame-worktrees/327-anim-corebreaker-greatsword/game/[39mclient/test/main.test.js:2796:23
    at [90mfile:///home/matt/workspace/.autogame-worktrees/327-anim-corebreaker-greatsword/game/[39mnode_modules/[4m.pnpm[24m/@vitest+runner@3.2.4/node_modules/[4m@vitest[24m/runner/dist/chunk-hooks.js:752:20 {
  [cause]: TypeError: Invalid URL: /models/grunt.glb
      at new URLImpl [90m(/home/matt/workspace/.autogame-worktrees/327-anim-corebreaker-greatsword/game/[39mnode_modules/[4m.pnpm[24m/whatwg-url@14.2.0/node_modules/[4mwhatwg-url[24m/lib/URL-impl.js:20:13[90m)[39m
      at Object.exports.setup [90m(/home/matt/workspace/.autogame-worktrees/327-anim-corebreaker-greatsword/game/[39mnode_modules/[4m.pnpm[24m/whatwg-url@14.2.0/node_modules/[4mwhatwg-url[24m/lib/URL.js:54:12[90m)[39m
      at new URL [90m(/home/matt/workspace/.autogame-worktrees/327-anim-corebreaker-greatsword/game/[39mnode_modules/[4m.pnpm[24m/whatwg-url@14.2.0/node_modules/[4mwhatwg-url[24m/lib/URL.js:115:22[90m)[39m
  [90m    at new Request (node:internal/deps/undici/undici:9586:25)[39m
      at FileLoader.load [90m(file:///home/matt/workspace/.autogame-worktrees/327-anim-corebreaker-greatsword/game/[39mnode_modules/[4m.pnpm[24m/three@0.184.0/node_modules/[4mthree[24m/build/three.core.js:44150:15[90m)[39m
      at GLTFLoader.load [90m(file:///home/matt/workspace/.autogame-worktrees/327-anim-corebreaker-greatsword/game/[39mnode_modules/[4m.pnpm[24m/three@0.184.0/node_modules/[4mthree[24m/examples/jsm/loaders/GLTFLoader.js:319:10[90m)[39m
      at [90m/home/matt/workspace/.autogame-worktrees/327-anim-corebreaker-greatsword/game/[39mclient/models.js:164:11
      at new Promise (<anonymous>)
      at loadModel [90m(/home/matt/workspace/.autogame-worktrees/327-anim-corebreaker-greatsword/game/[39mclient/models.js:155:11[90m)[39m
      at attachRegistryModel [90m(/home/matt/workspace/.autogame-worktrees/327-anim-corebreaker-greatsword/game/[39mclient/renderer.js:826:11[90m)[39m
}

stderr | client/test/main.test.js > createEnemyMesh() > creates a purple cone for miniboss type
[renderer] failed to apply model "/models/miniboss.glb" for "miniboss": TypeError: Failed to parse URL from /models/miniboss.glb
[90m    at new Request (node:internal/deps/undici/undici:9588:19)[39m
    at FileLoader.load [90m(file:///home/matt/workspace/.autogame-worktrees/327-anim-corebreaker-greatsword/game/[39mnode_modules/[4m.pnpm[24m/three@0.184.0/node_modules/[4mthree[24m/build/three.core.js:44150:15[90m)[39m
[90m    ... 4 lines matching cause stack trace ...[39m
    at attachRegistryModel [90m(/home/matt/workspace/.autogame-worktrees/327-anim-corebreaker-greatsword/game/[39mclient/renderer.js:826:11[90m)[39m
    at createEnemyMesh [90m(/home/matt/workspace/.autogame-worktrees/327-anim-corebreaker-greatsword/game/[39mclient/renderer/enemySync.js:148:21[90m)[39m
    at [90m/home/matt/workspace/.autogame-worktrees/327-anim-corebreaker-greatsword/game/[39mclient/test/main.test.js:2860:23
    at [90mfile:///home/matt/workspace/.autogame-worktrees/327-anim-corebreaker-greatsword/game/[39mnode_modules/[4m.pnpm[24m/@vitest+runner@3.2.4/node_modules/[4m@vitest[24m/runner/dist/chunk-hooks.js:752:20 {
  [cause]: TypeError: Invalid URL: /models/miniboss.glb
      at new URLImpl [90m(/home/matt/workspace/.autogame-worktrees/327-anim-corebreaker-greatsword/game/[39mnode_modules/[4m.pnpm[24m/whatwg-url@14.2.0/node_modules/[4mwhatwg-url[24m/lib/URL-impl.js:20:13[90m)[39m
      at Object.exports.setup [90m(/home/matt/workspace/.autogame-worktrees/327-anim-corebreaker-greatsword/game/[39mnode_modules/[4m.pnpm[24m/whatwg-url@14.2.0/node_modules/[4mwhatwg-url[24m/lib/URL.js:54:12[90m)[39m
      at new URL [90m(/home/matt/workspace/.autogame-worktrees/327-anim-corebreaker-greatsword/game/[39mnode_modules/[4m.pnpm[24m/whatwg-url@14.2.0/node_modules/[4mwhatwg-url[24m/lib/URL.js:115:22[90m)[39m
  [90m    at new Request (node:internal/deps/undici/undici:9586:25)[39m
      at FileLoader.load [90m(file:///home/matt/workspace/.autogame-worktrees/327-anim-corebreaker-greatsword/game/[39mnode_modules/[4m.pnpm[24m/three@0.184.0/node_modules/[4mthree[24m/build/three.core.js:44150:15[90m)[39m
      at GLTFLoader.load [90m(file:///home/matt/workspace/.autogame-worktrees/327-anim-corebreaker-greatsword/game/[39mnode_modules/[4m.pnpm[24m/three@0.184.0/node_modules/[4mthree[24m/examples/jsm/loaders/GLTFLoader.js:319:10[90m)[39m
      at [90m/home/matt/workspace/.autogame-worktrees/327-anim-corebreaker-greatsword/game/[39mclient/models.js:164:11
      at new Promise (<anonymous>)
      at loadModel [90m(/home/matt/workspace/.autogame-worktrees/327-anim-corebreaker-greatsword/game/[39mclient/models.js:155:11[90m)[39m
      at attachRegistryModel [90m(/home/matt/workspace/.autogame-worktrees/327-anim-corebreaker-greatsword/game/[39mclient/renderer.js:826:11[90m)[39m
}

stdout | client/test/renderer-lock-on-ring.test.js > syncLockOnRing > positions the ring at the supplied render height for the locked flying enemy
[initScene] Initializing Three.js scene...

stdout | client/test/lobby-menu-dismiss.test.js > lobby menu dismiss guard (main.js) > deck booth open shows #lobby and clears the dismissed flag
[initScene] Initializing Three.js scene...

stdout | client/test/key-item-dodge.test.js > dash VFX > triggerDashVFX applies squash scale when a player mesh exists
[initScene] Initializing Three.js scene...

stdout | client/test/passage-gate-unlock-feedback.test.js > passage gate unlock feedback > plays unlock feedback exactly once when a passage transitions locked to unlocked
[initScene] Initializing Three.js scene...

stdout | client/test/renderer-lock-on-ring.test.js > syncLockOnRing > hides the ring when lock-on cycles away from that enemy
[initScene] Initializing Three.js scene...

stdout | client/test/renderer-clock.test.js > renderer animation loop clock > uses THREE.Clock.getDelta without requiring a clock.update method
[initScene] Initializing Three.js scene...

stdout | client/test/debug-godmode.test.js > debug godmode toggle (main.js) > mirrors debugGodmode onto local player when toggle succeeds
[debugGodmode] enabled
[debugGodmode] enabled
[debugGodmode] enabled
[debugGodmode] enabled
[debugGodmode] enabled

stdout | client/test/lobby-menu-dismiss.test.js > lobby menu dismiss guard (main.js) > shop booth open shows #lobby and clears the dismissed flag
[initScene] Initializing Three.js scene...

 ✓ |client| client/test/questBoard.test.js (43 tests) 177ms
stdout | client/test/passage-gate-unlock-feedback.test.js > passage gate unlock feedback > spawns unlock VFX without leaving the gate mesh in the scene map
[initScene] Initializing Three.js scene...

 ✓ |client| client/test/renderer-lock-on-ring.test.js (2 tests) 538ms
   ✓ syncLockOnRing > positions the ring at the supplied render height for the locked flying enemy  337ms
 ✓ |client| client/test/settings-effects.test.js (2 tests) 281ms
 ✓ |client| client/test/renderer-clock.test.js (1 test) 309ms
   ✓ renderer animation loop clock > uses THREE.Clock.getDelta without requiring a clock.update method  307ms
 ✓ |client| client/test/levelMapIntegration.test.js (5 tests) 2211ms
   ✓ level-map lobby integration (main.js) > renders nodes from the payload levelUnlockGraph through questUpdate  722ms
   ✓ level-map lobby integration (main.js) > marks the node matching selectedQuestId/Tier as selected  446ms
   ✓ level-map lobby integration (main.js) > clicking an unlocked node emits SELECT_QUEST with that questId/tier  354ms
   ✓ level-map lobby integration (main.js) > clicking a locked node emits nothing  389ms
stderr | client/test/avatar-dispose.test.js > disposeAvatar > fully disposes procedural fallback avatars when model load fails
[models] failed to load model "/models/player.glb": Error: 404
    at t.<anonymous> [90m(/home/matt/workspace/.autogame-worktrees/327-anim-corebreaker-greatsword/game/[39mclient/test/avatar-dispose.test.js:146:12[90m)[39m
    at t.mockCall [90m(file:///home/matt/workspace/.autogame-worktrees/327-anim-corebreaker-greatsword/game/[39mnode_modules/[4m.pnpm[24m/@vitest+spy@3.2.4/node_modules/[4m@vitest[24m/spy/dist/index.js:96:15[90m)[39m
    at t.spy [as load] [90m(file:///home/matt/workspace/.autogame-worktrees/327-anim-corebreaker-greatsword/game/[39mnode_modules/[4m.pnpm[24m/tinyspy@4.0.4/node_modules/[4mtinyspy[24m/dist/index.js:47:80[90m)[39m
    at [90m/home/matt/workspace/.autogame-worktrees/327-anim-corebreaker-greatsword/game/[39mclient/models.js:164:11
    at new Promise (<anonymous>)
    at loadModel [90m(/home/matt/workspace/.autogame-worktrees/327-anim-corebreaker-greatsword/game/[39mclient/models.js:155:11[90m)[39m
    at attachRegistryModel [90m(/home/matt/workspace/.autogame-worktrees/327-anim-corebreaker-greatsword/game/[39mclient/renderer.js:826:11[90m)[39m
    at Module.createPlayerAvatar [90m(/home/matt/workspace/.autogame-worktrees/327-anim-corebreaker-greatsword/game/[39mclient/renderer.js:2710:2[90m)[39m
    at [90m/home/matt/workspace/.autogame-worktrees/327-anim-corebreaker-greatsword/game/[39mclient/test/avatar-dispose.test.js:149:18
    at [90mfile:///home/matt/workspace/.autogame-worktrees/327-anim-corebreaker-greatsword/game/[39mnode_modules/[4m.pnpm[24m/@vitest+runner@3.2.4/node_modules/[4m@vitest[24m/runner/dist/chunk-hooks.js:155:11

 ✓ |client| client/test/passage-gate-unlock-feedback.test.js (2 tests) 425ms
 ✓ |client| client/test/boss-encounter-hud.test.js (13 tests) 11ms
 ✓ |client| client/test/cardRenderers.test.js (262 tests) 184ms
stderr | client/test/models-registry.test.js > loadModel() resilience > resolves null for a missing path without throwing
[models] failed to load model "/models/__missing__.glb": Error: 404
    at t.<anonymous> [90m(/home/matt/workspace/.autogame-worktrees/327-anim-corebreaker-greatsword/game/[39mclient/test/models-registry.test.js:134:12[90m)[39m
    at t.mockCall [90m(file:///home/matt/workspace/.autogame-worktrees/327-anim-corebreaker-greatsword/game/[39mnode_modules/[4m.pnpm[24m/@vitest+spy@3.2.4/node_modules/[4m@vitest[24m/spy/dist/index.js:96:15[90m)[39m
    at t.spy [as load] [90m(file:///home/matt/workspace/.autogame-worktrees/327-anim-corebreaker-greatsword/game/[39mnode_modules/[4m.pnpm[24m/tinyspy@4.0.4/node_modules/[4mtinyspy[24m/dist/index.js:47:80[90m)[39m
    at [90m/home/matt/workspace/.autogame-worktrees/327-anim-corebreaker-greatsword/game/[39mclient/models.js:164:11
    at new Promise (<anonymous>)
    at Module.loadModel [90m(/home/matt/workspace/.autogame-worktrees/327-anim-corebreaker-greatsword/game/[39mclient/models.js:155:11[90m)[39m
    at [90m/home/matt/workspace/.autogame-worktrees/327-anim-corebreaker-greatsword/game/[39mclient/test/models-registry.test.js:137:16
    at [90mfile:///home/matt/workspace/.autogame-worktrees/327-anim-corebreaker-greatsword/game/[39mnode_modules/[4m.pnpm[24m/@vitest+runner@3.2.4/node_modules/[4m@vitest[24m/runner/dist/chunk-hooks.js:155:11
    at [90mfile:///home/matt/workspace/.autogame-worktrees/327-anim-corebreaker-greatsword/game/[39mnode_modules/[4m.pnpm[24m/@vitest+runner@3.2.4/node_modules/[4m@vitest[24m/runner/dist/chunk-hooks.js:752:26
    at [90mfile:///home/matt/workspace/.autogame-worktrees/327-anim-corebreaker-greatsword/game/[39mnode_modules/[4m.pnpm[24m/@vitest+runner@3.2.4/node_modules/[4m@vitest[24m/runner/dist/chunk-hooks.js:1897:20

stderr | client/test/models-registry.test.js > loadModel() resilience > caches failure so the same missing path is not re-fetched
[models] failed to load model "/models/__missing__.glb": Error: 404
    at t.<anonymous> [90m(/home/matt/workspace/.autogame-worktrees/327-anim-corebreaker-greatsword/game/[39mclient/test/models-registry.test.js:142:12[90m)[39m
    at t.mockCall [90m(file:///home/matt/workspace/.autogame-worktrees/327-anim-corebreaker-greatsword/game/[39mnode_modules/[4m.pnpm[24m/@vitest+spy@3.2.4/node_modules/[4m@vitest[24m/spy/dist/index.js:96:15[90m)[39m
    at t.spy [as load] [90m(file:///home/matt/workspace/.autogame-worktrees/327-anim-corebreaker-greatsword/game/[39mnode_modules/[4m.pnpm[24m/tinyspy@4.0.4/node_modules/[4mtinyspy[24m/dist/index.js:47:80[90m)[39m
    at [90m/home/matt/workspace/.autogame-worktrees/327-anim-corebreaker-greatsword/game/[39mclient/models.js:164:11
    at new Promise (<anonymous>)
    at Module.loadModel [90m(/home/matt/workspace/.autogame-worktrees/327-anim-corebreaker-greatsword/game/[39mclient/models.js:155:11[90m)[39m
    at [90m/home/matt/workspace/.autogame-worktrees/327-anim-corebreaker-greatsword/game/[39mclient/test/models-registry.test.js:145:9
    at [90mfile:///home/matt/workspace/.autogame-worktrees/327-anim-corebreaker-greatsword/game/[39mnode_modules/[4m.pnpm[24m/@vitest+runner@3.2.4/node_modules/[4m@vitest[24m/runner/dist/chunk-hooks.js:155:11
    at [90mfile:///home/matt/workspace/.autogame-worktrees/327-anim-corebreaker-greatsword/game/[39mnode_modules/[4m.pnpm[24m/@vitest+runner@3.2.4/node_modules/[4m@vitest[24m/runner/dist/chunk-hooks.js:752:26
    at [90mfile:///home/matt/workspace/.autogame-worktrees/327-anim-corebreaker-greatsword/game/[39mnode_modules/[4m.pnpm[24m/@vitest+runner@3.2.4/node_modules/[4m@vitest[24m/runner/dist/chunk-hooks.js:1897:20

stdout | client/test/renderer-registry-normalize.test.js > field medic VFX > triggerMedicAllyHealVFX spawns telegraph ring and particle burst primitives
[initScene] Initializing Three.js scene...

stdout | client/test/renderer-registry-normalize.test.js > field medic VFX > triggerMedicEnergyBeadVFX spawns corridor, trail, decal, and burst along the bead vector
[initScene] Initializing Three.js scene...

stderr | client/test/mesh-dispose.test.js > disposeOne > does not dispose shared glTF geometry/material still used by another live enemy
[renderer] failed to apply model "/models/grunt.glb" for "grunt": TypeError: bodyMesh.material.clone is not a function
    at retargetEnemyBodyMesh [90m(/home/matt/workspace/.autogame-worktrees/327-anim-corebreaker-greatsword/game/[39mclient/renderer.js:947:24[90m)[39m
    at [90m/home/matt/workspace/.autogame-worktrees/327-anim-corebreaker-greatsword/game/[39mclient/renderer.js:850:5
[90m    at processTicksAndRejections (node:internal/process/task_queues:105:5)[39m
[renderer] failed to apply model "/models/grunt.glb" for "grunt": TypeError: bodyMesh.material.clone is not a function
    at retargetEnemyBodyMesh [90m(/home/matt/workspace/.autogame-worktrees/327-anim-corebreaker-greatsword/game/[39mclient/renderer.js:947:24[90m)[39m
    at [90m/home/matt/workspace/.autogame-worktrees/327-anim-corebreaker-greatsword/game/[39mclient/renderer.js:850:5
[90m    at processTicksAndRejections (node:internal/process/task_queues:105:5)[39m

 ✓ |client| client/test/avatar-cosmetic.test.js (11 tests) 323ms
 ✓ |client| client/test/debug-time-scale-gate.test.js (5 tests) 2384ms
   ✓ debug time-scale client gate (main.js) > Shift+T does not emit on localhost until the server reports the feature authorized  776ms
   ✓ debug time-scale client gate (main.js) > Shift+T emits setDebugTimeScale once the snapshot reports debugTimeScaleAllowed:true  487ms
   ✓ debug time-scale client gate (main.js) > Shift+T stops emitting again after the snapshot revokes authorization  378ms
   ✓ debug time-scale client gate (main.js) > __setDebugTimeScaleForTest no-ops when not authorized and emits when authorized  406ms
   ✓ debug time-scale client gate (main.js) > exposes debugTimeScaleAllowed in the harness state  335ms
stderr | client/test/mesh-dispose.test.js > disposeOne > disposes owned procedural geometry/material when model load fails
[models] failed to load model "/models/grunt.glb": Error: 404
    at t.<anonymous> [90m(/home/matt/workspace/.autogame-worktrees/327-anim-corebreaker-greatsword/game/[39mclient/test/mesh-dispose.test.js:107:12[90m)[39m
    at t.mockCall [90m(file:///home/matt/workspace/.autogame-worktrees/327-anim-corebreaker-greatsword/game/[39mnode_modules/[4m.pnpm[24m/@vitest+spy@3.2.4/node_modules/[4m@vitest[24m/spy/dist/index.js:96:15[90m)[39m
    at t.spy [as load] [90m(file:///home/matt/workspace/.autogame-worktrees/327-anim-corebreaker-greatsword/game/[39mnode_modules/[4m.pnpm[24m/tinyspy@4.0.4/node_modules/[4mtinyspy[24m/dist/index.js:47:80[90m)[39m
    at [90m/home/matt/workspace/.autogame-worktrees/327-anim-corebreaker-greatsword/game/[39mclient/models.js:164:11
    at new Promise (<anonymous>)
    at loadModel [90m(/home/matt/workspace/.autogame-worktrees/327-anim-corebreaker-greatsword/game/[39mclient/models.js:155:11[90m)[39m
    at attachRegistryModel [90m(/home/matt/workspace/.autogame-worktrees/327-anim-corebreaker-greatsword/game/[39mclient/renderer.js:826:11[90m)[39m
    at Module.createEnemyMesh [90m(/home/matt/workspace/.autogame-worktrees/327-anim-corebreaker-greatsword/game/[39mclient/renderer/enemySync.js:148:21[90m)[39m
    at [90m/home/matt/workspace/.autogame-worktrees/327-anim-corebreaker-greatsword/game/[39mclient/test/mesh-dispose.test.js:110:16
    at [90mfile:///home/matt/workspace/.autogame-worktrees/327-anim-corebreaker-greatsword/game/[39mnode_modules/[4m.pnpm[24m/@vitest+runner@3.2.4/node_modules/[4m@vitest[24m/runner/dist/chunk-hooks.js:155:11

 ✓ |client| client/test/avatar-dispose.test.js (4 tests) 223ms
 ✓ |client| client/test/mesh-dispose.test.js (2 tests) 75ms
stderr | client/test/models-registry.test.js > registry attach fallback (renderer) > createPlayerAvatar keeps procedural visible when the model fails to load
[models] failed to load model "/models/player.glb": Error: 404
    at t.<anonymous> [90m(/home/matt/workspace/.autogame-worktrees/327-anim-corebreaker-greatsword/game/[39mclient/test/models-registry.test.js:199:12[90m)[39m
    at t.mockCall [90m(file:///home/matt/workspace/.autogame-worktrees/327-anim-corebreaker-greatsword/game/[39mnode_modules/[4m.pnpm[24m/@vitest+spy@3.2.4/node_modules/[4m@vitest[24m/spy/dist/index.js:96:15[90m)[39m
    at t.spy [as load] [90m(file:///home/matt/workspace/.autogame-worktrees/327-anim-corebreaker-greatsword/game/[39mnode_modules/[4m.pnpm[24m/tinyspy@4.0.4/node_modules/[4mtinyspy[24m/dist/index.js:47:80[90m)[39m
    at [90m/home/matt/workspace/.autogame-worktrees/327-anim-corebreaker-greatsword/game/[39mclient/models.js:164:11
    at new Promise (<anonymous>)
    at loadModel [90m(/home/matt/workspace/.autogame-worktrees/327-anim-corebreaker-greatsword/game/[39mclient/models.js:155:11[90m)[39m
    at attachRegistryModel [90m(/home/matt/workspace/.autogame-worktrees/327-anim-corebreaker-greatsword/game/[39mclient/renderer.js:826:11[90m)[39m
    at Module.createPlayerAvatar [90m(/home/matt/workspace/.autogame-worktrees/327-anim-corebreaker-greatsword/game/[39mclient/renderer.js:2710:2[90m)[39m
    at [90m/home/matt/workspace/.autogame-worktrees/327-anim-corebreaker-greatsword/game/[39mclient/test/models-registry.test.js:202:18
    at [90mfile:///home/matt/workspace/.autogame-worktrees/327-anim-corebreaker-greatsword/game/[39mnode_modules/[4m.pnpm[24m/@vitest+runner@3.2.4/node_modules/[4m@vitest[24m/runner/dist/chunk-hooks.js:155:11

stderr | client/test/models-registry.test.js > registry attach fallback (renderer) > createEnemyMesh keeps procedural visible when loadModel resolves null
[models] failed to load model "/models/grunt.glb": Error: 404
    at t.<anonymous> [90m(/home/matt/workspace/.autogame-worktrees/327-anim-corebreaker-greatsword/game/[39mclient/test/models-registry.test.js:216:12[90m)[39m
    at t.mockCall [90m(file:///home/matt/workspace/.autogame-worktrees/327-anim-corebreaker-greatsword/game/[39mnode_modules/[4m.pnpm[24m/@vitest+spy@3.2.4/node_modules/[4m@vitest[24m/spy/dist/index.js:96:15[90m)[39m
    at t.spy [as load] [90m(file:///home/matt/workspace/.autogame-worktrees/327-anim-corebreaker-greatsword/game/[39mnode_modules/[4m.pnpm[24m/tinyspy@4.0.4/node_modules/[4mtinyspy[24m/dist/index.js:47:80[90m)[39m
    at [90m/home/matt/workspace/.autogame-worktrees/327-anim-corebreaker-greatsword/game/[39mclient/models.js:164:11
    at new Promise (<anonymous>)
    at loadModel [90m(/home/matt/workspace/.autogame-worktrees/327-anim-corebreaker-greatsword/game/[39mclient/models.js:155:11[90m)[39m
    at attachRegistryModel [90m(/home/matt/workspace/.autogame-worktrees/327-anim-corebreaker-greatsword/game/[39mclient/renderer.js:826:11[90m)[39m
    at Module.createEnemyMesh [90m(/home/matt/workspace/.autogame-worktrees/327-anim-corebreaker-greatsword/game/[39mclient/renderer/enemySync.js:148:21[90m)[39m
    at [90m/home/matt/workspace/.autogame-worktrees/327-anim-corebreaker-greatsword/game/[39mclient/test/models-registry.test.js:219:16
    at [90mfile:///home/matt/workspace/.autogame-worktrees/327-anim-corebreaker-greatsword/game/[39mnode_modules/[4m.pnpm[24m/@vitest+runner@3.2.4/node_modules/[4m@vitest[24m/runner/dist/chunk-hooks.js:155:11

stderr | client/test/renderer-registry-normalize.test.js > getEnemyRenderScaleForTest() > reads world-space height from a live enemy mesh
[renderer] failed to apply model "/models/miniboss.glb" for "miniboss": TypeError: Failed to parse URL from /models/miniboss.glb
[90m    at new Request (node:internal/deps/undici/undici:9588:19)[39m
    at FileLoader.load [90m(file:///home/matt/workspace/.autogame-worktrees/327-anim-corebreaker-greatsword/game/[39mnode_modules/[4m.pnpm[24m/three@0.184.0/node_modules/[4mthree[24m/build/three.core.js:44150:15[90m)[39m
[90m    ... 4 lines matching cause stack trace ...[39m
    at attachRegistryModel [90m(/home/matt/workspace/.autogame-worktrees/327-anim-corebreaker-greatsword/game/[39mclient/renderer.js:826:11[90m)[39m
    at createEnemyMesh [90m(/home/matt/workspace/.autogame-worktrees/327-anim-corebreaker-greatsword/game/[39mclient/renderer/enemySync.js:148:21[90m)[39m
    at [90m/home/matt/workspace/.autogame-worktrees/327-anim-corebreaker-greatsword/game/[39mclient/test/renderer-registry-normalize.test.js:242:31
    at [90mfile:///home/matt/workspace/.autogame-worktrees/327-anim-corebreaker-greatsword/game/[39mnode_modules/[4m.pnpm[24m/@vitest+runner@3.2.4/node_modules/[4m@vitest[24m/runner/dist/chunk-hooks.js:155:11 {
  [cause]: TypeError: Invalid URL: /models/miniboss.glb
      at new URLImpl [90m(/home/matt/workspace/.autogame-worktrees/327-anim-corebreaker-greatsword/game/[39mnode_modules/[4m.pnpm[24m/whatwg-url@14.2.0/node_modules/[4mwhatwg-url[24m/lib/URL-impl.js:20:13[90m)[39m
      at Object.exports.setup [90m(/home/matt/workspace/.autogame-worktrees/327-anim-corebreaker-greatsword/game/[39mnode_modules/[4m.pnpm[24m/whatwg-url@14.2.0/node_modules/[4mwhatwg-url[24m/lib/URL.js:54:12[90m)[39m
      at new URL [90m(/home/matt/workspace/.autogame-worktrees/327-anim-corebreaker-greatsword/game/[39mnode_modules/[4m.pnpm[24m/whatwg-url@14.2.0/node_modules/[4mwhatwg-url[24m/lib/URL.js:115:22[90m)[39m
  [90m    at new Request (node:internal/deps/undici/undici:9586:25)[39m
      at FileLoader.load [90m(file:///home/matt/workspace/.autogame-worktrees/327-anim-corebreaker-greatsword/game/[39mnode_modules/[4m.pnpm[24m/three@0.184.0/node_modules/[4mthree[24m/build/three.core.js:44150:15[90m)[39m
      at GLTFLoader.load [90m(file:///home/matt/workspace/.autogame-worktrees/327-anim-corebreaker-greatsword/game/[39mnode_modules/[4m.pnpm[24m/three@0.184.0/node_modules/[4mthree[24m/examples/jsm/loaders/GLTFLoader.js:319:10[90m)[39m
      at [90m/home/matt/workspace/.autogame-worktrees/327-anim-corebreaker-greatsword/game/[39mclient/models.js:164:11
      at new Promise (<anonymous>)
      at loadModel [90m(/home/matt/workspace/.autogame-worktrees/327-anim-corebreaker-greatsword/game/[39mclient/models.js:155:11[90m)[39m
      at attachRegistryModel [90m(/home/matt/workspace/.autogame-worktrees/327-anim-corebreaker-greatsword/game/[39mclient/renderer.js:826:11[90m)[39m
}

stderr | client/test/keyItemProp.test.js > createPlayerAvatar key-item prop > seats the equipped prop on the avatar and tracks the shown id
[renderer] failed to apply model "/models/player.glb" for "player": TypeError: Failed to parse URL from /models/player.glb
[90m    at new Request (node:internal/deps/undici/undici:9588:19)[39m
    at FileLoader.load [90m(file:///home/matt/workspace/.autogame-worktrees/327-anim-corebreaker-greatsword/game/[39mnode_modules/[4m.pnpm[24m/three@0.184.0/node_modules/[4mthree[24m/build/three.core.js:44150:15[90m)[39m
[90m    ... 4 lines matching cause stack trace ...[39m
    at attachRegistryModel [90m(/home/matt/workspace/.autogame-worktrees/327-anim-corebreaker-greatsword/game/[39mclient/renderer.js:826:11[90m)[39m
    at createPlayerAvatar [90m(/home/matt/workspace/.autogame-worktrees/327-anim-corebreaker-greatsword/game/[39mclient/renderer.js:2710:2[90m)[39m
    at [90m/home/matt/workspace/.autogame-worktrees/327-anim-corebreaker-greatsword/game/[39mclient/test/keyItemProp.test.js:50:36
    at [90mfile:///home/matt/workspace/.autogame-worktrees/327-anim-corebreaker-greatsword/game/[39mnode_modules/[4m.pnpm[24m/@vitest+runner@3.2.4/node_modules/[4m@vitest[24m/runner/dist/chunk-hooks.js:155:11 {
  [cause]: TypeError: Invalid URL: /models/player.glb
      at new URLImpl [90m(/home/matt/workspace/.autogame-worktrees/327-anim-corebreaker-greatsword/game/[39mnode_modules/[4m.pnpm[24m/whatwg-url@14.2.0/node_modules/[4mwhatwg-url[24m/lib/URL-impl.js:20:13[90m)[39m
      at Object.exports.setup [90m(/home/matt/workspace/.autogame-worktrees/327-anim-corebreaker-greatsword/game/[39mnode_modules/[4m.pnpm[24m/whatwg-url@14.2.0/node_modules/[4mwhatwg-url[24m/lib/URL.js:54:12[90m)[39m
      at new URL [90m(/home/matt/workspace/.autogame-worktrees/327-anim-corebreaker-greatsword/game/[39mnode_modules/[4m.pnpm[24m/whatwg-url@14.2.0/node_modules/[4mwhatwg-url[24m/lib/URL.js:115:22[90m)[39m
  [90m    at new Request (node:internal/deps/undici/undici:9586:25)[39m
      at FileLoader.load [90m(file:///home/matt/workspace/.autogame-worktrees/327-anim-corebreaker-greatsword/game/[39mnode_modules/[4m.pnpm[24m/three@0.184.0/node_modules/[4mthree[24m/build/three.core.js:44150:15[90m)[39m
      at GLTFLoader.load [90m(file:///home/matt/workspace/.autogame-worktrees/327-anim-corebreaker-greatsword/game/[39mnode_modules/[4m.pnpm[24m/three@0.184.0/node_modules/[4mthree[24m/examples/jsm/loaders/GLTFLoader.js:319:10[90m)[39m
      at [90m/home/matt/workspace/.autogame-worktrees/327-anim-corebreaker-greatsword/game/[39mclient/models.js:164:11
      at new Promise (<anonymous>)
      at loadModel [90m(/home/matt/workspace/.autogame-worktrees/327-anim-corebreaker-greatsword/game/[39mclient/models.js:155:11[90m)[39m
      at attachRegistryModel [90m(/home/matt/workspace/.autogame-worktrees/327-anim-corebreaker-greatsword/game/[39mclient/renderer.js:826:11[90m)[39m
}

stderr | client/test/keyItemProp.test.js > createPlayerAvatar key-item prop > adds no prop for an unequipped/none key item
[renderer] failed to apply model "/models/player.glb" for "player": TypeError: Failed to parse URL from /models/player.glb
[90m    at new Request (node:internal/deps/undici/undici:9588:19)[39m
    at FileLoader.load [90m(file:///home/matt/workspace/.autogame-worktrees/327-anim-corebreaker-greatsword/game/[39mnode_modules/[4m.pnpm[24m/three@0.184.0/node_modules/[4mthree[24m/build/three.core.js:44150:15[90m)[39m
[90m    ... 4 lines matching cause stack trace ...[39m
    at attachRegistryModel [90m(/home/matt/workspace/.autogame-worktrees/327-anim-corebreaker-greatsword/game/[39mclient/renderer.js:826:11[90m)[39m
    at createPlayerAvatar [90m(/home/matt/workspace/.autogame-worktrees/327-anim-corebreaker-greatsword/game/[39mclient/renderer.js:2710:2[90m)[39m
    at [90m/home/matt/workspace/.autogame-worktrees/327-anim-corebreaker-greatsword/game/[39mclient/test/keyItemProp.test.js:50:36
    at [90mfile:///home/matt/workspace/.autogame-worktrees/327-anim-corebreaker-greatsword/game/[39mnode_modules/[4m.pnpm[24m/@vitest+runner@3.2.4/node_modules/[4m@vitest[24m/runner/dist/chunk-hooks.js:155:11 {
  [cause]: TypeError: Invalid URL: /models/player.glb
      at new URLImpl [90m(/home/matt/workspace/.autogame-worktrees/327-anim-corebreaker-greatsword/game/[39mnode_modules/[4m.pnpm[24m/whatwg-url@14.2.0/node_modules/[4mwhatwg-url[24m/lib/URL-impl.js:20:13[90m)[39m
      at Object.exports.setup [90m(/home/matt/workspace/.autogame-worktrees/327-anim-corebreaker-greatsword/game/[39mnode_modules/[4m.pnpm[24m/whatwg-url@14.2.0/node_modules/[4mwhatwg-url[24m/lib/URL.js:54:12[90m)[39m
      at new URL [90m(/home/matt/workspace/.autogame-worktrees/327-anim-corebreaker-greatsword/game/[39mnode_modules/[4m.pnpm[24m/whatwg-url@14.2.0/node_modules/[4mwhatwg-url[24m/lib/URL.js:115:22[90m)[39m
  [90m    at new Request (node:internal/deps/undici/undici:9586:25)[39m
      at FileLoader.load [90m(file:///home/matt/workspace/.autogame-worktrees/327-anim-corebreaker-greatsword/game/[39mnode_modules/[4m.pnpm[24m/three@0.184.0/node_modules/[4mthree[24m/build/three.core.js:44150:15[90m)[39m
      at GLTFLoader.load [90m(file:///home/matt/workspace/.autogame-worktrees/327-anim-corebreaker-greatsword/game/[39mnode_modules/[4m.pnpm[24m/three@0.184.0/node_modules/[4mthree[24m/examples/jsm/loaders/GLTFLoader.js:319:10[90m)[39m
      at [90m/home/matt/workspace/.autogame-worktrees/327-anim-corebreaker-greatsword/game/[39mclient/models.js:164:11
      at new Promise (<anonymous>)
      at loadModel [90m(/home/matt/workspace/.autogame-worktrees/327-anim-corebreaker-greatsword/game/[39mclient/models.js:155:11[90m)[39m
      at attachRegistryModel [90m(/home/matt/workspace/.autogame-worktrees/327-anim-corebreaker-greatsword/game/[39mclient/renderer.js:826:11[90m)[39m
}

 ✓ |client| client/test/keyItemProp.test.js (7 tests) 92ms
 ✓ |client| client/test/deck-loadout.test.js (6 tests) 13ms
 ✓ |client| client/test/models-registry.test.js (11 tests) 194ms
 ✓ |client| client/test/renderer-registry-normalize.test.js (20 tests) 124ms
 ✓ |client| client/test/key-item-dodge.test.js (6 tests) 2654ms
   ✓ key item cooldown HUD > shows ready state with name and default keybind when equipped and playing with zero cooldown  854ms
   ✓ key item cooldown HUD > clears indicator when unequipped or not in playing phase  405ms
   ✓ key item cooldown HUD > updateKeyItemCooldownHud toggles cooldown class and countdown text  387ms
   ✓ key item cooldown HUD > flashKeyItemIndicator adds flash classes without removing HUD children  385ms
   ✓ dash VFX detection in stateUpdate > calls triggerDashVFX when player position jumps beyond dash threshold  402ms
 ✓ |client| client/test/cards.test.js (23 tests) 15ms
 ✓ |client| client/test/collision-hand.test.js (53 tests) 24ms
 ✓ |client| client/test/vanguard-hud.test.js (19 tests) 11ms
stdout | client/test/debug-godmode.test.js > debug godmode toggle (main.js) > keeps debugGodmode false across stateUpdate after godmode-off debugGodmodeResult
[debugGodmode] enabled
[debugGodmode] enabled
[debugGodmode] enabled
[debugGodmode] enabled
[debugGodmode] enabled
[debugGodmode] enabled
[debugGodmode] disabled
[debugGodmode] disabled
[debugGodmode] disabled
[debugGodmode] disabled
[debugGodmode] disabled
[debugGodmode] disabled

 ✓ |server| server/test/card_balance_metrics.test.js (10 tests) 53ms
 ✓ |client| client/test/lobby-menu-dismiss.test.js (6 tests) 2766ms
   ✓ lobby menu dismiss guard (main.js) > hub lobby join starts with #lobby hidden and lobbyMenuDismissed true  728ms
   ✓ lobby menu dismiss guard (main.js) > dismissGameLobby then lobby-phase stateUpdate keeps #lobby hidden  397ms
   ✓ lobby menu dismiss guard (main.js) > hubPresenceUpdate and applyHubPresence while dismissed do not show #lobby  388ms
   ✓ lobby menu dismiss guard (main.js) > deck booth open shows #lobby and clears the dismissed flag  425ms
   ✓ lobby menu dismiss guard (main.js) > __openDeckBoothForTest and __openShopBoothForTest show #lobby when wired through main  594ms
 ✓ |client| client/test/windup-charge.test.js (10 tests) 9ms
 ✓ |client| client/test/renderer-citadel-sovereign.test.js (3 tests) 5ms
stdout | server/test/card_sync.test.js
[users] Loaded 4 user record(s) from /home/matt/workspace/.autogame-worktrees/327-anim-corebreaker-greatsword/game/data/users.json
[server] Layout for quest "training_caverns" tier 1: seed=352369970, profile=crowded, rooms=10
[server] Dungeon bounds: x [-36.0, 36.0], z [-18.0, 36.0]

 ✓ |client| client/test/renderer-magma-colossus.test.js (3 tests) 6ms
 ✓ |client| client/test/local-slow-prediction.test.js (5 tests) 8ms
 ✓ |client| client/test/vfx-primitives.test.js (36 tests) 50ms
 ✓ |client| client/test/debug-godmode.test.js (7 tests) 3096ms
   ✓ debug godmode toggle (main.js) > Shift+G emits toggleDebugGodmode when debugScenarioAllowed is true  785ms
   ✓ debug godmode toggle (main.js) > Shift+G does not emit toggleDebugGodmode when debugScenarioAllowed is false  405ms
   ✓ debug godmode toggle (main.js) > Shift+G is swallowed when focus is in a text input  379ms
   ✓ debug godmode toggle (main.js) > __toggleDebugGodmodeForTest emits toggleDebugGodmode when the socket is ready  373ms
   ✓ debug godmode toggle (main.js) > mirrors debugGodmode onto local player when toggle succeeds  344ms
   ✓ debug godmode toggle (main.js) > keeps debugGodmode false across stateUpdate after godmode-off debugGodmodeResult  645ms
 ✓ |client| client/test/attune-preview.test.js (1 test) 3ms
 ✓ |server| server/test/card_sync.test.js (9 tests) 19ms
stdout | client/test/characterBooth.test.js > character booth ?booth=character debug hook (main.js) > auto-opens once after hub lobby entry on localhost with ?booth=character
[initScene] Initializing Three.js scene...

 ✓ |client| client/test/questDialogue.test.js (8 tests) 3195ms
   ✓ quest dialogue comms UI (main.js) > shows a comms toast and appends to the log via the test hook  650ms
   ✓ quest dialogue comms UI (main.js) > auto-dismisses the comms toast after ~4s  463ms
   ✓ quest dialogue comms UI (main.js) > ignores malformed questDialogue payloads  334ms
   ✓ quest dialogue comms UI (main.js) > keeps only the last 20 log entries  435ms
   ✓ quest dialogue comms UI (main.js) > handles questDialogue socket events when playing  587ms
 ✓ |client| client/test/renderer-riftbound-colossus.test.js (3 tests) 6ms
 ✓ |client| client/test/flying-enemy-registry.test.js (3 tests) 3ms
 ✓ |client| client/test/renderer-cinder-warden.test.js (3 tests) 3ms
stdout | client/test/characterBooth.test.js > character booth ?booth=character debug hook (main.js) > stays closed without the booth URL param
[initScene] Initializing Three.js scene...

 ✓ |client| client/test/characterBooth.test.js (13 tests) 3273ms
   ✓ character booth overlay (module) > openCharacterBooth() / closeCharacterBooth() toggle overlay visibility and preview  331ms
   ✓ character booth overlay (module) > cancel on paid confirm aborts without save traffic  318ms
   ✓ character booth booth:action hook (main.js) > opens the overlay for boothId character in lobby and ignores other booths  451ms
   ✓ character booth booth:action hook (main.js) > does not open the overlay when gamePhase is not lobby  345ms
 ✓ |client| client/test/questBooth.test.js (18 tests) 3468ms
   ✓ quest booth booth:action hook (main.js) > shows #lobby and reveals the quest panel when the menu starts dismissed  595ms
   ✓ quest booth booth:action hook (main.js) > reveals and scrolls the quest panel into view for boothId quest in lobby and ignores other booths  458ms
   ✓ quest booth booth:action hook (main.js) > keeps the quest panel hidden when boothId quest fires outside the lobby phase  372ms
   ✓ quest booth booth:action hook (main.js) > keeps the quest panel visible when the lobby is (re)shown after booth open  373ms
   ✓ quest booth booth:action hook (main.js) > does not open the panel when gamePhase is not lobby  587ms
stdout | client/test/main.test.js > suspended run resume/abandon UI > resume button triggers the launch-booth ready-up path
[launchBooth] ready-up via booth

 ✓ |client| client/test/main.test.js (187 tests) 4641ms
   ✓ renderDeckEditor() > populates owned card counts and deck size from mock data  474ms
   ✓ auth overlay functions > exposes auth overlay functions on window  323ms
   ✓ auth overlay functions > showAuthOverlay removes .hidden from #auth-overlay and hides lobby screens  320ms
   ✓ auth overlay functions > hideAuthOverlay adds .hidden to #auth-overlay and shows the lobby browser  441ms

 Test Files  59 passed (59)
      Tests  934 passed (934)
   Start at  01:10:32
   Duration  7.78s (transform 3.29s, setup 3.15s, collect 12.08s, tests 53.26s, environment 37.89s, prepare 9.71s)

 % Coverage report from v8
---------------|---------|----------|---------|---------|-----------------------
File           | % Stmts | % Branch | % Funcs | % Lines | Uncovered Line #s     
---------------|---------|----------|---------|---------|-----------------------
All files      |   33.03 |    25.28 |      25 |   33.33 |                       
 client        |      80 |     69.6 |   83.78 |   84.08 |                       
  cards.js     |   78.94 |    66.66 |      90 |   82.25 | 93-94,102,234-250     
  collision.js |   77.86 |    70.87 |     100 |   84.31 | ...59,193-198,200,243 
  delta.js     |   66.66 |       50 |     100 |     100 | 12                    
  hand.js      |   83.83 |    71.42 |   70.58 |   84.81 | 63-66,90-94,175-181   
 server        |   12.78 |     2.74 |    3.03 |   13.81 |                       
  index.js     |   12.78 |     2.74 |    3.03 |   13.81 | ...854,1860-1861,2120 
---------------|---------|----------|---------|---------|-----------------------
