[createLobby] timeout waiting for #lobby visibility: page.waitForFunction: Timeout 10000ms exceeded.
[joinLobby] timeout waiting for #lobby visibility: page.waitForFunction: Timeout 10000ms exceeded.
{
  "url": "http://localhost:5174/",
  "ok": true,
  "ticketFile": "/home/matt/workspace/.autogame-worktrees/debug-tooling-time-scale-control-slow-mo-pause-behind-allow-stm5/tickets/debug-tooling-time-scale-control-slow-mo-pause-behind-allow-stm5/ticket.md",
  "capturePlanSource": "fallback",
  "capturePlanValid": true,
  "capturePlanAttempts": [],
  "capturePlanSummary": "Deterministic full-flow smoke capture: auth, lobby create/join, ready transition, movement, dodge/key-item with post-dodge cooldown probe.",
  "scenarios": [],
  "screenshots": [
    {
      "file": "01-initial.png",
      "player": "A",
      "description": "Both players in squad lobby."
    },
    {
      "file": "02-after-w.png",
      "player": "A",
      "description": "Gameplay after holding W."
    },
    {
      "file": "03-after-d.png",
      "player": "A",
      "description": "Gameplay after holding D."
    },
    {
      "file": "04-after-dodge.png",
      "player": "A",
      "description": "Gameplay after dodge roll with cooldown HUD."
    }
  ],
  "probes": [
    {
      "player": "A",
      "description": "After readying all players and entering gameplay.",
      "data": {
        "harnessState": {
          "debugScenario": null,
          "debugScenarioAllowed": true,
          "debugScenarioResult": null,
          "debugGodmodeResult": null,
          "debugTimeScale": 1,
          "debugTimeScaleResult": null,
          "objective": {
            "type": "defeat_enemies",
            "totalEnemies": 6,
            "activeEnemyCount": 2,
            "defeatedEnemies": 0,
            "label": "Initiate Vault: Sweep annex holding pens in scripted waves and breach the deeper vault wing."
          },
          "encounter": null,
          "bossEncounter": null,
          "runObjectiveComplete": false,
          "lastRunSummary": null,
          "sortieCompleteOverlayVisible": false,
          "myId": "438b3a36-d02f-41a8-bdfe-754f4d68c4f0",
          "selectedDeck": [
            "46e3b314-b81e-4d2c-ab64-23f6cfd33a69",
            "d0817609-03bc-4b4a-b634-3273631bb152",
            "f02119de-a56d-4a62-9ddd-6e39acc8a81d",
            "df1a515a-e569-4f2e-a97b-3d9ae3887c61",
            "f435e6b8-045e-458e-aaf9-6d9b99891b70",
            "929e3bec-a365-4b7f-8e2b-8d9a41b0d9da",
            "7432badc-139f-4de0-b6f0-26fc5e5b56b3",
            "01db1aef-e95a-478e-8265-d87f355d5b83",
            "a384ee2d-e6ac-4c2e-90ed-975f4b205f19",
            "25d613b9-1aa0-4dbb-963b-41a14ed2a855",
            "7c27dc93-12b5-4bad-851e-de1f2affc6c7",
            "ed44716a-99c1-4cbe-8f89-00dd3a087f52"
          ],
          "phase": "playing",
          "runStatus": "playing",
          "suspendedRunSummary": null,
          "extracted": false,
          "telepipe": null,
          "layout": {
            "profile": "crowded",
            "seed": 352369970,
            "roomCount": 10,
            "startRoom": {
              "x": -9,
              "z": 27,
              "role": "start"
            }
          },
          "connectionState": "connected",
          "sceneInitialized": true,
          "hasCanvas": true,
          "lobbyVisible": false,
          "lobbyMenuDismissed": true,
          "characterBoothOpen": false,
          "deckEditorVisible": false,
          "runId": "b839d4ab-7f4e-4fd9-b4bb-b16e7a90eb98",
          "resumeBtnUsable": false,
          "abandonRunBtnUsable": false,
          "cardHandVisible": true,
          "status": "Latency: 2ms",
          "hpText": "80/100",
          "msText": "49/99",
          "currencyText": "Money 0",
          "currency": 0,
          "player": {
            "hp": 80,
            "magicStones": 49.24000000000012,
            "currency": 0,
            "debugGodmode": false,
            "dead": false,
            "x": -9,
            "y": 0.5,
            "z": 27,
            "equippedKeyItemId": "dodge_roll",
            "keyItemCooldownRemaining": 0,
            "cardUseState": null,
            "cardWindupUntil": 0,
            "cardWindupCardId": null,
            "slowedUntil": 0,
            "burningUntil": 0,
            "slowActive": false,
            "burnActive": false
          },
          "windupFlashing": false,
          "keyItemIndicatorOnCooldown": false,
          "keyItemIndicatorText": "",
          "players": 2,
          "squadmates": [
            {
              "id": "c7c432e6-5882-4cb0-a97e-4277e05a2437",
              "x": -6,
              "z": 27
            }
          ],
          "enemies": 2,
          "enemyHp": [
            {
              "id": "e6067e23-be23-4dd6-ab6f-f5d072c69311",
              "hp": 100,
              "maxHp": 100,
              "type": "grunt",
              "spawnedBy": null,
              "x": -9,
              "z": 27,
              "slowedUntil": 0,
              "burningUntil": 0,
              "frozenUntil": 0,
              "slowActive": false,
              "burnActive": false
            },
            {
              "id": "dcbb5195-0da5-4763-bc13-499d3dc608d1",
              "hp": 100,
              "maxHp": 100,
              "type": "grunt",
              "spawnedBy": null,
              "x": -8.866656090365723,
              "z": 28.069192429538816,
              "slowedUntil": 0,
              "burningUntil": 0,
              "frozenUntil": 0,
              "slowActive": false,
              "burnActive": false
            }
          ],
          "minions": [],
          "hand": [
            {
              "id": "flame_blade",
              "name": "Solar Edge",
              "type": "weapon",
              "remainingCharges": 2,
              "charges": 2,
              "activeMinionId": null,
              "burnMaxTtl": null,
              "burnLabel": "2/2",
              "creatureBurning": false,
              "isEvolved": false
            },
            {
              "id": "flame_blade",
              "name": "Solar Edge",
              "type": "weapon",
              "remainingCharges": 2,
              "charges": 2,
              "activeMinionId": null,
              "burnMaxTtl": null,
              "burnLabel": "2/2",
              "creatureBurning": false,
              "isEvolved": false
            },
            null,
            {
              "id": "iron_sword",
              "name": "Rust-Forged Saber",
              "type": "weapon",
              "remainingCharges": 5,
              "charges": 5,
              "activeMinionId": null,
              "burnMaxTtl": null,
              "burnLabel": "5/5",
              "creatureBurning": false,
              "isEvolved": false
            },
            {
              "id": "battle_familiar",
              "name": "Signal Familiar",
              "type": "spell",
              "remainingCharges": 1,
              "charges": 1,
              "activeMinionId": null,
              "burnMaxTtl": null,
              "burnLabel": "1/1",
              "creatureBurning": false,
              "isEvolved": false
            },
            null
          ],
          "inventory": [
            {
              "instanceId": "46e3b314-b81e-4d2c-ab64-23f6cfd33a69",
              "cardId": "iron_sword",
              "grind": 0
            },
            {
              "instanceId": "d0817609-03bc-4b4a-b634-3273631bb152",
              "cardId": "flame_blade",
              "grind": 0
            },
            {
              "instanceId": "f02119de-a56d-4a62-9ddd-6e39acc8a81d",
              "cardId": "battle_familiar",
              "grind": 0
            },
            {
              "instanceId": "df1a515a-e569-4f2e-a97b-3d9ae3887c61",
              "cardId": "dungeon_drake",
              "grind": 0
            },
            {
              "instanceId": "f435e6b8-045e-458e-aaf9-6d9b99891b70",
              "cardId": "iron_sword",
              "grind": 0
            },
            {
              "instanceId": "929e3bec-a365-4b7f-8e2b-8d9a41b0d9da",
              "cardId": "iron_sword",
              "grind": 0
            },
            {
              "instanceId": "7432badc-139f-4de0-b6f0-26fc5e5b56b3",
              "cardId": "iron_sword",
              "grind": 0
            },
            {
              "instanceId": "01db1aef-e95a-478e-8265-d87f355d5b83",
              "cardId": "battle_familiar",
              "grind": 0
            },
            {
              "instanceId": "a384ee2d-e6ac-4c2e-90ed-975f4b205f19",
              "cardId": "battle_familiar",
              "grind": 0
            },
            {
              "instanceId": "25d613b9-1aa0-4dbb-963b-41a14ed2a855",
              "cardId": "flame_blade",
              "grind": 0
            },
            {
              "instanceId": "7c27dc93-12b5-4bad-851e-de1f2affc6c7",
              "cardId": "flame_blade",
              "grind": 0
            },
            {
              "instanceId": "ed44716a-99c1-4cbe-8f89-00dd3a087f52",
              "cardId": "dungeon_drake",
              "grind": 0
            }
          ],
          "lastEvolutionResult": null
        },
        "keyItemIndicatorOnCooldown": false,
        "keyItemIndicatorText": "\n        \n        Dodge Roll\n        E\n        \n      ",
        "keyItemCooldownRemaining": 0,
        "status": "Latency: 2ms",
        "hasCanvas": true,
        "canvasCount": 2,
        "lobbyVisible": false,
        "cardHandVisible": true,
        "title": "Void Grimoire",
        "bodyText": "👤\nLv\n🔊\n⚙\n43\nLV\n1\nHP\n80/100\nMS\n49/99\nDeck: 8/12\n⟡ 4\n✦ 2\n🐉 2\n✨ 0\nMoney 0\nLatency: 2ms\nDodge Roll\nE\nInitiate Vault\nPurged 0 / 6 hostiles\n01\nRewa: Rewa on channel. Move with WASD, close on the opening grunts, and strike with your melee weapon to start the sweep.\nClick to attack · press 1–6 to cast cards\n1\n⚔\nSolar Edge\n650ms wind-up\n2/2\n2\n⚔\nSolar Edge\n650ms wind-up\n2/2\n4\n⚔\nRust-Forged Saber\n5/5\n5\n✦\nSignal Familiar\n50 MS\n1/1\nRewa: Rewa on channel. Move with WASD, close on the opening grunts, and strike with your melee weapon to start the sweep.\nANNEX LIAISON KADE\nEntry annex is live. Close with WASD and strike with your melee weapon — two grunts block the bulkhead.\n-20"
      }
    },
    {
      "player": "A",
      "description": "After dodge roll — cooldown HUD should be active.",
      "data": {
        "harnessState": {
          "debugScenario": null,
          "debugScenarioAllowed": true,
          "debugScenarioResult": null,
          "debugGodmodeResult": null,
          "debugTimeScale": 1,
          "debugTimeScaleResult": null,
          "objective": {
            "type": "defeat_enemies",
            "totalEnemies": 6,
            "activeEnemyCount": 2,
            "defeatedEnemies": 0,
            "label": "Initiate Vault: Sweep annex holding pens in scripted waves and breach the deeper vault wing."
          },
          "encounter": null,
          "bossEncounter": null,
          "runObjectiveComplete": false,
          "lastRunSummary": null,
          "sortieCompleteOverlayVisible": false,
          "myId": "438b3a36-d02f-41a8-bdfe-754f4d68c4f0",
          "selectedDeck": [
            "46e3b314-b81e-4d2c-ab64-23f6cfd33a69",
            "d0817609-03bc-4b4a-b634-3273631bb152",
            "f02119de-a56d-4a62-9ddd-6e39acc8a81d",
            "df1a515a-e569-4f2e-a97b-3d9ae3887c61",
            "f435e6b8-045e-458e-aaf9-6d9b99891b70",
            "929e3bec-a365-4b7f-8e2b-8d9a41b0d9da",
            "7432badc-139f-4de0-b6f0-26fc5e5b56b3",
            "01db1aef-e95a-478e-8265-d87f355d5b83",
            "a384ee2d-e6ac-4c2e-90ed-975f4b205f19",
            "25d613b9-1aa0-4dbb-963b-41a14ed2a855",
            "7c27dc93-12b5-4bad-851e-de1f2affc6c7",
            "ed44716a-99c1-4cbe-8f89-00dd3a087f52"
          ],
          "phase": "playing",
          "runStatus": "playing",
          "suspendedRunSummary": null,
          "extracted": false,
          "telepipe": null,
          "layout": {
            "profile": "crowded",
            "seed": 352369970,
            "roomCount": 10,
            "startRoom": {
              "x": -9,
              "z": 27,
              "role": "start"
            }
          },
          "connectionState": "connected",
          "sceneInitialized": true,
          "hasCanvas": true,
          "lobbyVisible": false,
          "lobbyMenuDismissed": true,
          "characterBoothOpen": false,
          "deckEditorVisible": false,
          "runId": "b839d4ab-7f4e-4fd9-b4bb-b16e7a90eb98",
          "resumeBtnUsable": false,
          "abandonRunBtnUsable": false,
          "cardHandVisible": true,
          "status": "Latency: 1ms",
          "hpText": "60/100",
          "msText": "49/99",
          "currencyText": "Money 0",
          "currency": 0,
          "player": {
            "hp": 60,
            "magicStones": 49.89500000000046,
            "currency": 0,
            "debugGodmode": false,
            "dead": false,
            "x": -7.65,
            "y": 0.5,
            "z": 19,
            "equippedKeyItemId": "dodge_roll",
            "keyItemCooldownRemaining": 422,
            "cardUseState": null,
            "cardWindupUntil": 0,
            "cardWindupCardId": null,
            "slowedUntil": 0,
            "burningUntil": 0,
            "slowActive": false,
            "burnActive": false
          },
          "windupFlashing": false,
          "keyItemIndicatorOnCooldown": true,
          "keyItemIndicatorText": "0.4",
          "players": 2,
          "squadmates": [
            {
              "id": "c7c432e6-5882-4cb0-a97e-4277e05a2437",
              "x": -6,
              "z": 27
            }
          ],
          "enemies": 2,
          "enemyHp": [
            {
              "id": "e6067e23-be23-4dd6-ab6f-f5d072c69311",
              "hp": 100,
              "maxHp": 100,
              "type": "grunt",
              "spawnedBy": null,
              "x": -9,
              "z": 27,
              "slowedUntil": 0,
              "burningUntil": 0,
              "frozenUntil": 0,
              "slowActive": false,
              "burnActive": false
            },
            {
              "id": "dcbb5195-0da5-4763-bc13-499d3dc608d1",
              "hp": 100,
              "maxHp": 100,
              "type": "grunt",
              "spawnedBy": null,
              "x": -8.866656090365723,
              "z": 28.069192429538816,
              "slowedUntil": 0,
              "burningUntil": 0,
              "frozenUntil": 0,
              "slowActive": false,
              "burnActive": false
            }
          ],
          "minions": [],
          "hand": [
            {
              "id": "flame_blade",
              "name": "Solar Edge",
              "type": "weapon",
              "remainingCharges": 2,
              "charges": 2,
              "activeMinionId": null,
              "burnMaxTtl": null,
              "burnLabel": "2/2",
              "creatureBurning": false,
              "isEvolved": false
            },
            {
              "id": "flame_blade",
              "name": "Solar Edge",
              "type": "weapon",
              "remainingCharges": 2,
              "charges": 2,
              "activeMinionId": null,
              "burnMaxTtl": null,
              "burnLabel": "2/2",
              "creatureBurning": false,
              "isEvolved": false
            },
            {
              "id": "iron_sword",
              "name": "Rust-Forged Saber",
              "type": "weapon",
              "remainingCharges": 5,
              "charges": 5,
              "activeMinionId": null,
              "burnMaxTtl": null,
              "burnLabel": "5/5",
              "creatureBurning": false,
              "isEvolved": false
            },
            {
              "id": "iron_sword",
              "name": "Rust-Forged Saber",
              "type": "weapon",
              "remainingCharges": 5,
              "charges": 5,
              "activeMinionId": null,
              "burnMaxTtl": null,
              "burnLabel": "5/5",
              "creatureBurning": false,
              "isEvolved": false
            },
            {
              "id": "battle_familiar",
              "name": "Signal Familiar",
              "type": "spell",
              "remainingCharges": 1,
              "charges": 1,
              "activeMinionId": null,
              "burnMaxTtl": null,
              "burnLabel": "1/1",
              "creatureBurning": false,
              "isEvolved": false
            },
            null
          ],
          "inventory": [
            {
              "instanceId": "46e3b314-b81e-4d2c-ab64-23f6cfd33a69",
              "cardId": "iron_sword",
              "grind": 0
            },
            {
              "instanceId": "d0817609-03bc-4b4a-b634-3273631bb152",
              "cardId": "flame_blade",
              "grind": 0
            },
            {
              "instanceId": "f02119de-a56d-4a62-9ddd-6e39acc8a81d",
              "cardId": "battle_familiar",
              "grind": 0
            },
            {
              "instanceId": "df1a515a-e569-4f2e-a97b-3d9ae3887c61",
              "cardId": "dungeon_drake",
              "grind": 0
            },
            {
              "instanceId": "f435e6b8-045e-458e-aaf9-6d9b99891b70",
              "cardId": "iron_sword",
              "grind": 0
            },
            {
              "instanceId": "929e3bec-a365-4b7f-8e2b-8d9a41b0d9da",
              "cardId": "iron_sword",
              "grind": 0
            },
            {
              "instanceId": "7432badc-139f-4de0-b6f0-26fc5e5b56b3",
              "cardId": "iron_sword",
              "grind": 0
            },
            {
              "instanceId": "01db1aef-e95a-478e-8265-d87f355d5b83",
              "cardId": "battle_familiar",
              "grind": 0
            },
            {
              "instanceId": "a384ee2d-e6ac-4c2e-90ed-975f4b205f19",
              "cardId": "battle_familiar",
              "grind": 0
            },
            {
              "instanceId": "25d613b9-1aa0-4dbb-963b-41a14ed2a855",
              "cardId": "flame_blade",
              "grind": 0
            },
            {
              "instanceId": "7c27dc93-12b5-4bad-851e-de1f2affc6c7",
              "cardId": "flame_blade",
              "grind": 0
            },
            {
              "instanceId": "ed44716a-99c1-4cbe-8f89-00dd3a087f52",
              "cardId": "dungeon_drake",
              "grind": 0
            }
          ],
          "lastEvolutionResult": null
        },
        "keyItemIndicatorOnCooldown": true,
        "keyItemIndicatorText": "\n        \n        Dodge Roll\n        E\n        0.4\n      ",
        "keyItemCooldownRemaining": 422,
        "status": "Latency: 1ms",
        "hasCanvas": true,
        "canvasCount": 2,
        "lobbyVisible": false,
        "cardHandVisible": true,
        "title": "Void Grimoire",
        "bodyText": "👤\nLv\n🔊\n⚙\n43\nLV\n1\nHP\n60/100\nMS\n49/99\nDeck: 7/12\n⟡ 3\n✦ 2\n🐉 2\n✨ 0\nMoney 0\nLatency: 1ms\nDodge Roll\nE\n0.4\nInitiate Vault\nPurged 0 / 6 hostiles\n01\nRewa: Rewa on channel. Move with WASD, close on the opening grunts, and strike with your melee weapon to start the sweep.\nClick to attack · press 1–6 to cast cards\n1\n⚔\nSolar Edge\n650ms wind-up\n2/2\n2\n⚔\nSolar Edge\n650ms wind-up\n2/2\n3\n⚔\nRust-Forged Saber\n5/5\n4\n⚔\nRust-Forged Saber\n5/5\n5\n✦\nSignal Familiar\n50 MS\n1/1"
      }
    },
    {
      "player": "A",
      "description": "Final capture probe.",
      "data": {
        "harnessState": {
          "debugScenario": null,
          "debugScenarioAllowed": true,
          "debugScenarioResult": null,
          "debugGodmodeResult": null,
          "debugTimeScale": 1,
          "debugTimeScaleResult": null,
          "objective": {
            "type": "defeat_enemies",
            "totalEnemies": 6,
            "activeEnemyCount": 2,
            "defeatedEnemies": 0,
            "label": "Initiate Vault: Sweep annex holding pens in scripted waves and breach the deeper vault wing."
          },
          "encounter": null,
          "bossEncounter": null,
          "runObjectiveComplete": false,
          "lastRunSummary": null,
          "sortieCompleteOverlayVisible": false,
          "myId": "438b3a36-d02f-41a8-bdfe-754f4d68c4f0",
          "selectedDeck": [
            "46e3b314-b81e-4d2c-ab64-23f6cfd33a69",
            "d0817609-03bc-4b4a-b634-3273631bb152",
            "f02119de-a56d-4a62-9ddd-6e39acc8a81d",
            "df1a515a-e569-4f2e-a97b-3d9ae3887c61",
            "f435e6b8-045e-458e-aaf9-6d9b99891b70",
            "929e3bec-a365-4b7f-8e2b-8d9a41b0d9da",
            "7432badc-139f-4de0-b6f0-26fc5e5b56b3",
            "01db1aef-e95a-478e-8265-d87f355d5b83",
            "a384ee2d-e6ac-4c2e-90ed-975f4b205f19",
            "25d613b9-1aa0-4dbb-963b-41a14ed2a855",
            "7c27dc93-12b5-4bad-851e-de1f2affc6c7",
            "ed44716a-99c1-4cbe-8f89-00dd3a087f52"
          ],
          "phase": "playing",
          "runStatus": "playing",
          "suspendedRunSummary": null,
          "extracted": false,
          "telepipe": null,
          "layout": {
            "profile": "crowded",
            "seed": 352369970,
            "roomCount": 10,
            "startRoom": {
              "x": -9,
              "z": 27,
              "role": "start"
            }
          },
          "connectionState": "connected",
          "sceneInitialized": true,
          "hasCanvas": true,
          "lobbyVisible": false,
          "lobbyMenuDismissed": true,
          "characterBoothOpen": false,
          "deckEditorVisible": false,
          "runId": "b839d4ab-7f4e-4fd9-b4bb-b16e7a90eb98",
          "resumeBtnUsable": false,
          "abandonRunBtnUsable": false,
          "cardHandVisible": true,
          "status": "Latency: 1ms",
          "hpText": "60/100",
          "msText": "49/99",
          "currencyText": "Money 0",
          "currency": 0,
          "player": {
            "hp": 60,
            "magicStones": 49.950000000000486,
            "currency": 0,
            "debugGodmode": false,
            "dead": false,
            "x": -7.65,
            "y": 0.5,
            "z": 19,
            "equippedKeyItemId": "dodge_roll",
            "keyItemCooldownRemaining": 0,
            "cardUseState": null,
            "cardWindupUntil": 0,
            "cardWindupCardId": null,
            "slowedUntil": 0,
            "burningUntil": 0,
            "slowActive": false,
            "burnActive": false
          },
          "windupFlashing": false,
          "keyItemIndicatorOnCooldown": false,
          "keyItemIndicatorText": "",
          "players": 2,
          "squadmates": [
            {
              "id": "c7c432e6-5882-4cb0-a97e-4277e05a2437",
              "x": -6,
              "z": 27
            }
          ],
          "enemies": 2,
          "enemyHp": [
            {
              "id": "e6067e23-be23-4dd6-ab6f-f5d072c69311",
              "hp": 100,
              "maxHp": 100,
              "type": "grunt",
              "spawnedBy": null,
              "x": -9,
              "z": 27,
              "slowedUntil": 0,
              "burningUntil": 0,
              "frozenUntil": 0,
              "slowActive": false,
              "burnActive": false
            },
            {
              "id": "dcbb5195-0da5-4763-bc13-499d3dc608d1",
              "hp": 100,
              "maxHp": 100,
              "type": "grunt",
              "spawnedBy": null,
              "x": -8.866656090365723,
              "z": 28.069192429538816,
              "slowedUntil": 0,
              "burningUntil": 0,
              "frozenUntil": 0,
              "slowActive": false,
              "burnActive": false
            }
          ],
          "minions": [],
          "hand": [
            {
              "id": "flame_blade",
              "name": "Solar Edge",
              "type": "weapon",
              "remainingCharges": 2,
              "charges": 2,
              "activeMinionId": null,
              "burnMaxTtl": null,
              "burnLabel": "2/2",
              "creatureBurning": false,
              "isEvolved": false
            },
            {
              "id": "flame_blade",
              "name": "Solar Edge",
              "type": "weapon",
              "remainingCharges": 2,
              "charges": 2,
              "activeMinionId": null,
              "burnMaxTtl": null,
              "burnLabel": "2/2",
              "creatureBurning": false,
              "isEvolved": false
            },
            {
              "id": "iron_sword",
              "name": "Rust-Forged Saber",
              "type": "weapon",
              "remainingCharges": 5,
              "charges": 5,
              "activeMinionId": null,
              "burnMaxTtl": null,
              "burnLabel": "5/5",
              "creatureBurning": false,
              "isEvolved": false
            },
            {
              "id": "iron_sword",
              "name": "Rust-Forged Saber",
              "type": "weapon",
              "remainingCharges": 5,
              "charges": 5,
              "activeMinionId": null,
              "burnMaxTtl": null,
              "burnLabel": "5/5",
              "creatureBurning": false,
              "isEvolved": false
            },
            {
              "id": "battle_familiar",
              "name": "Signal Familiar",
              "type": "spell",
              "remainingCharges": 1,
              "charges": 1,
              "activeMinionId": null,
              "burnMaxTtl": null,
              "burnLabel": "1/1",
              "creatureBurning": false,
              "isEvolved": false
            },
            null
          ],
          "inventory": [
            {
              "instanceId": "46e3b314-b81e-4d2c-ab64-23f6cfd33a69",
              "cardId": "iron_sword",
              "grind": 0
            },
            {
              "instanceId": "d0817609-03bc-4b4a-b634-3273631bb152",
              "cardId": "flame_blade",
              "grind": 0
            },
            {
              "instanceId": "f02119de-a56d-4a62-9ddd-6e39acc8a81d",
              "cardId": "battle_familiar",
              "grind": 0
            },
            {
              "instanceId": "df1a515a-e569-4f2e-a97b-3d9ae3887c61",
              "cardId": "dungeon_drake",
              "grind": 0
            },
            {
              "instanceId": "f435e6b8-045e-458e-aaf9-6d9b99891b70",
              "cardId": "iron_sword",
              "grind": 0
            },
            {
              "instanceId": "929e3bec-a365-4b7f-8e2b-8d9a41b0d9da",
              "cardId": "iron_sword",
              "grind": 0
            },
            {
              "instanceId": "7432badc-139f-4de0-b6f0-26fc5e5b56b3",
              "cardId": "iron_sword",
              "grind": 0
            },
            {
              "instanceId": "01db1aef-e95a-478e-8265-d87f355d5b83",
              "cardId": "battle_familiar",
              "grind": 0
            },
            {
              "instanceId": "a384ee2d-e6ac-4c2e-90ed-975f4b205f19",
              "cardId": "battle_familiar",
              "grind": 0
            },
            {
              "instanceId": "25d613b9-1aa0-4dbb-963b-41a14ed2a855",
              "cardId": "flame_blade",
              "grind": 0
            },
            {
              "instanceId": "7c27dc93-12b5-4bad-851e-de1f2affc6c7",
              "cardId": "flame_blade",
              "grind": 0
            },
            {
              "instanceId": "ed44716a-99c1-4cbe-8f89-00dd3a087f52",
              "cardId": "dungeon_drake",
              "grind": 0
            }
          ],
          "lastEvolutionResult": null
        },
        "keyItemIndicatorOnCooldown": false,
        "keyItemIndicatorText": "\n        \n        Dodge Roll\n        E\n        \n      ",
        "keyItemCooldownRemaining": 0,
        "status": "Latency: 1ms",
        "hasCanvas": true,
        "canvasCount": 2,
        "lobbyVisible": false,
        "cardHandVisible": true,
        "title": "Void Grimoire",
        "bodyText": "👤\nLv\n🔊\n⚙\n43\nLV\n1\nHP\n60/100\nMS\n49/99\nDeck: 7/12\n⟡ 3\n✦ 2\n🐉 2\n✨ 0\nMoney 0\nLatency: 1ms\nDodge Roll\nE\nInitiate Vault\nPurged 0 / 6 hostiles\n01\nRewa: Rewa on channel. Move with WASD, close on the opening grunts, and strike with your melee weapon to start the sweep.\nClick to attack · press 1–6 to cast cards\n1\n⚔\nSolar Edge\n650ms wind-up\n2/2\n2\n⚔\nSolar Edge\n650ms wind-up\n2/2\n3\n⚔\nRust-Forged Saber\n5/5\n4\n⚔\nRust-Forged Saber\n5/5\n5\n✦\nSignal Familiar\n50 MS\n1/1"
      }
    }
  ],
  "pageerrors": []
}
