
 RUN  v3.2.4 /home/matt/workspace/.autogame-worktrees/client-disposeone-disposeavatar-dispose-geometry-materials-s-jah8/game
      Coverage enabled with v8

stdout | client/test/avatar-cosmetic-render.test.js > avatar cosmetic render (hub + in-run) > lobby hub layout builds local avatar whose cosmeticKey matches non-default cosmetic
[initScene] Initializing Three.js scene...

stdout | client/test/renderer-shield-bar.test.js > enemy shield bar > createEnemyShieldBarMesh uses cyan above the enemy half-height
[initScene] Initializing Three.js scene...

stdout | client/test/renderer-clock.test.js > renderer animation loop clock > uses THREE.Clock.getDelta without requiring a clock.update method
[initScene] Initializing Three.js scene...

stdout | client/test/renderer-minion-summon.test.js > minion summon scale-in > records spawn time and starts new minion meshes below full scale
[initScene] Initializing Three.js scene...

stdout | client/test/renderer-spike-trap.test.js > spike trap persistent hazard reconcile > creates a persistent mesh keyed by enc.id and positions it at enc.x/z
[initScene] Initializing Three.js scene...

stderr | client/test/models-registry.test.js > loadModel() resilience > resolves null for a missing path without throwing
[models] failed to load model "/models/__missing__.glb": Error: 404
    at t.<anonymous> [90m(/home/matt/workspace/.autogame-worktrees/client-disposeone-disposeavatar-dispose-geometry-materials-s-jah8/game/[39mclient/test/models-registry.test.js:101:12[90m)[39m
    at t.mockCall [90m(file:///home/matt/workspace/.autogame-worktrees/client-disposeone-disposeavatar-dispose-geometry-materials-s-jah8/game/[39mnode_modules/[4m.pnpm[24m/@vitest+spy@3.2.4/node_modules/[4m@vitest[24m/spy/dist/index.js:96:15[90m)[39m
    at t.spy [as load] [90m(file:///home/matt/workspace/.autogame-worktrees/client-disposeone-disposeavatar-dispose-geometry-materials-s-jah8/game/[39mnode_modules/[4m.pnpm[24m/tinyspy@4.0.4/node_modules/[4mtinyspy[24m/dist/index.js:47:80[90m)[39m
    at [90m/home/matt/workspace/.autogame-worktrees/client-disposeone-disposeavatar-dispose-geometry-materials-s-jah8/game/[39mclient/models.js:126:11
    at new Promise (<anonymous>)
    at Module.loadModel [90m(/home/matt/workspace/.autogame-worktrees/client-disposeone-disposeavatar-dispose-geometry-materials-s-jah8/game/[39mclient/models.js:117:11[90m)[39m
    at [90m/home/matt/workspace/.autogame-worktrees/client-disposeone-disposeavatar-dispose-geometry-materials-s-jah8/game/[39mclient/test/models-registry.test.js:104:16
    at [90mfile:///home/matt/workspace/.autogame-worktrees/client-disposeone-disposeavatar-dispose-geometry-materials-s-jah8/game/[39mnode_modules/[4m.pnpm[24m/@vitest+runner@3.2.4/node_modules/[4m@vitest[24m/runner/dist/chunk-hooks.js:155:11
    at [90mfile:///home/matt/workspace/.autogame-worktrees/client-disposeone-disposeavatar-dispose-geometry-materials-s-jah8/game/[39mnode_modules/[4m.pnpm[24m/@vitest+runner@3.2.4/node_modules/[4m@vitest[24m/runner/dist/chunk-hooks.js:752:26
    at [90mfile:///home/matt/workspace/.autogame-worktrees/client-disposeone-disposeavatar-dispose-geometry-materials-s-jah8/game/[39mnode_modules/[4m.pnpm[24m/@vitest+runner@3.2.4/node_modules/[4m@vitest[24m/runner/dist/chunk-hooks.js:1897:20

stderr | client/test/models-registry.test.js > loadModel() resilience > caches failure so the same missing path is not re-fetched
[models] failed to load model "/models/__missing__.glb": Error: 404
    at t.<anonymous> [90m(/home/matt/workspace/.autogame-worktrees/client-disposeone-disposeavatar-dispose-geometry-materials-s-jah8/game/[39mclient/test/models-registry.test.js:109:12[90m)[39m
    at t.mockCall [90m(file:///home/matt/workspace/.autogame-worktrees/client-disposeone-disposeavatar-dispose-geometry-materials-s-jah8/game/[39mnode_modules/[4m.pnpm[24m/@vitest+spy@3.2.4/node_modules/[4m@vitest[24m/spy/dist/index.js:96:15[90m)[39m
    at t.spy [as load] [90m(file:///home/matt/workspace/.autogame-worktrees/client-disposeone-disposeavatar-dispose-geometry-materials-s-jah8/game/[39mnode_modules/[4m.pnpm[24m/tinyspy@4.0.4/node_modules/[4mtinyspy[24m/dist/index.js:47:80[90m)[39m
    at [90m/home/matt/workspace/.autogame-worktrees/client-disposeone-disposeavatar-dispose-geometry-materials-s-jah8/game/[39mclient/models.js:126:11
    at new Promise (<anonymous>)
    at Module.loadModel [90m(/home/matt/workspace/.autogame-worktrees/client-disposeone-disposeavatar-dispose-geometry-materials-s-jah8/game/[39mclient/models.js:117:11[90m)[39m
    at [90m/home/matt/workspace/.autogame-worktrees/client-disposeone-disposeavatar-dispose-geometry-materials-s-jah8/game/[39mclient/test/models-registry.test.js:112:9
    at [90mfile:///home/matt/workspace/.autogame-worktrees/client-disposeone-disposeavatar-dispose-geometry-materials-s-jah8/game/[39mnode_modules/[4m.pnpm[24m/@vitest+runner@3.2.4/node_modules/[4m@vitest[24m/runner/dist/chunk-hooks.js:155:11
    at [90mfile:///home/matt/workspace/.autogame-worktrees/client-disposeone-disposeavatar-dispose-geometry-materials-s-jah8/game/[39mnode_modules/[4m.pnpm[24m/@vitest+runner@3.2.4/node_modules/[4m@vitest[24m/runner/dist/chunk-hooks.js:752:26
    at [90mfile:///home/matt/workspace/.autogame-worktrees/client-disposeone-disposeavatar-dispose-geometry-materials-s-jah8/game/[39mnode_modules/[4m.pnpm[24m/@vitest+runner@3.2.4/node_modules/[4m@vitest[24m/runner/dist/chunk-hooks.js:1897:20

stdout | client/test/renderer-loot.test.js > renderer loot helpers > getPickedUpLootIds reflects lootPickupAttempts after walk-over pickup
[initScene] Initializing Three.js scene...

stdout | client/test/boothPrompt.test.js > booth interaction prompt > shows the prompt on zone enter and hides it on exit
[initScene] Initializing Three.js scene...

stdout | client/test/hub-lobby-render.test.js > hub lobby render > renders the hub during the lobby and spawns the local avatar on the hub floor
[initScene] Initializing Three.js scene...

stdout | client/test/hub-presence-avatars.test.js > hub presence avatars (lobby) > builds meshes for local and remote lobby players
[initScene] Initializing Three.js scene...

stdout | client/test/renderer-registry-normalize.test.js > field medic VFX > triggerMedicAllyHealVFX spawns telegraph ring and particle burst primitives
[initScene] Initializing Three.js scene...

stdout | client/test/renderer-registry-normalize.test.js > field medic VFX > triggerMedicEnergyBeadVFX spawns corridor, trail, decal, and burst along the bead vector
[initScene] Initializing Three.js scene...

stdout | client/test/avatar-cosmetic-render.test.js > avatar cosmetic render (hub + in-run) > playing quest layout builds the same avatar with cosmetic applied after mocked glTF load
[initScene] Initializing Three.js scene...

 ✓ |client| client/test/settings-effects.test.js (2 tests) 244ms
stdout | client/test/renderer-shield-bar.test.js > enemy shield bar > updateEnemyShieldBarMesh scales by shieldHp / maxShieldHp
[initScene] Initializing Three.js scene...

stderr | client/test/renderer-spike-trap.test.js > spike trap persistent hazard reconcile > creates a persistent mesh keyed by enc.id and positions it at enc.x/z
[renderer] failed to apply model "/models/player.glb" for "player": TypeError: Failed to parse URL from /models/player.glb
[90m    at new Request (node:internal/deps/undici/undici:9588:19)[39m
    at FileLoader.load [90m(file:///home/matt/workspace/.autogame-worktrees/client-disposeone-disposeavatar-dispose-geometry-materials-s-jah8/game/[39mnode_modules/[4m.pnpm[24m/three@0.184.0/node_modules/[4mthree[24m/build/three.core.js:44150:15[90m)[39m
[90m    ... 4 lines matching cause stack trace ...[39m
    at attachRegistryModel [90m(/home/matt/workspace/.autogame-worktrees/client-disposeone-disposeavatar-dispose-geometry-materials-s-jah8/game/[39mclient/renderer.js:643:11[90m)[39m
    at createPlayerAvatar [90m(/home/matt/workspace/.autogame-worktrees/client-disposeone-disposeavatar-dispose-geometry-materials-s-jah8/game/[39mclient/renderer.js:2295:2[90m)[39m
    at animate [90m(/home/matt/workspace/.autogame-worktrees/client-disposeone-disposeavatar-dispose-geometry-materials-s-jah8/game/[39mclient/renderer.js:6225:20[90m)[39m
    at [90m/home/matt/workspace/.autogame-worktrees/client-disposeone-disposeavatar-dispose-geometry-materials-s-jah8/game/[39mclient/test/renderer-spike-trap.test.js:37:3 {
  [cause]: TypeError: Invalid URL: /models/player.glb
      at new URLImpl [90m(/home/matt/workspace/.autogame-worktrees/client-disposeone-disposeavatar-dispose-geometry-materials-s-jah8/game/[39mnode_modules/[4m.pnpm[24m/whatwg-url@14.2.0/node_modules/[4mwhatwg-url[24m/lib/URL-impl.js:20:13[90m)[39m
      at Object.exports.setup [90m(/home/matt/workspace/.autogame-worktrees/client-disposeone-disposeavatar-dispose-geometry-materials-s-jah8/game/[39mnode_modules/[4m.pnpm[24m/whatwg-url@14.2.0/node_modules/[4mwhatwg-url[24m/lib/URL.js:54:12[90m)[39m
      at new URL [90m(/home/matt/workspace/.autogame-worktrees/client-disposeone-disposeavatar-dispose-geometry-materials-s-jah8/game/[39mnode_modules/[4m.pnpm[24m/whatwg-url@14.2.0/node_modules/[4mwhatwg-url[24m/lib/URL.js:115:22[90m)[39m
  [90m    at new Request (node:internal/deps/undici/undici:9586:25)[39m
      at FileLoader.load [90m(file:///home/matt/workspace/.autogame-worktrees/client-disposeone-disposeavatar-dispose-geometry-materials-s-jah8/game/[39mnode_modules/[4m.pnpm[24m/three@0.184.0/node_modules/[4mthree[24m/build/three.core.js:44150:15[90m)[39m
      at GLTFLoader.load [90m(file:///home/matt/workspace/.autogame-worktrees/client-disposeone-disposeavatar-dispose-geometry-materials-s-jah8/game/[39mnode_modules/[4m.pnpm[24m/three@0.184.0/node_modules/[4mthree[24m/examples/jsm/loaders/GLTFLoader.js:319:10[90m)[39m
      at [90m/home/matt/workspace/.autogame-worktrees/client-disposeone-disposeavatar-dispose-geometry-materials-s-jah8/game/[39mclient/models.js:126:11
      at new Promise (<anonymous>)
      at loadModel [90m(/home/matt/workspace/.autogame-worktrees/client-disposeone-disposeavatar-dispose-geometry-materials-s-jah8/game/[39mclient/models.js:117:11[90m)[39m
      at attachRegistryModel [90m(/home/matt/workspace/.autogame-worktrees/client-disposeone-disposeavatar-dispose-geometry-materials-s-jah8/game/[39mclient/renderer.js:643:11[90m)[39m
}

stderr | client/test/renderer-loot.test.js > renderer loot helpers > getPickedUpLootIds reflects lootPickupAttempts after walk-over pickup
[renderer] failed to apply model "/models/player.glb" for "player": TypeError: Failed to parse URL from /models/player.glb
[90m    at new Request (node:internal/deps/undici/undici:9588:19)[39m
    at FileLoader.load [90m(file:///home/matt/workspace/.autogame-worktrees/client-disposeone-disposeavatar-dispose-geometry-materials-s-jah8/game/[39mnode_modules/[4m.pnpm[24m/three@0.184.0/node_modules/[4mthree[24m/build/three.core.js:44150:15[90m)[39m
[90m    ... 4 lines matching cause stack trace ...[39m
    at attachRegistryModel [90m(/home/matt/workspace/.autogame-worktrees/client-disposeone-disposeavatar-dispose-geometry-materials-s-jah8/game/[39mclient/renderer.js:643:11[90m)[39m
    at createPlayerAvatar [90m(/home/matt/workspace/.autogame-worktrees/client-disposeone-disposeavatar-dispose-geometry-materials-s-jah8/game/[39mclient/renderer.js:2295:2[90m)[39m
    at animate [90m(/home/matt/workspace/.autogame-worktrees/client-disposeone-disposeavatar-dispose-geometry-materials-s-jah8/game/[39mclient/renderer.js:6225:20[90m)[39m
    at [90m/home/matt/workspace/.autogame-worktrees/client-disposeone-disposeavatar-dispose-geometry-materials-s-jah8/game/[39mclient/test/renderer-loot.test.js:44:3 {
  [cause]: TypeError: Invalid URL: /models/player.glb
      at new URLImpl [90m(/home/matt/workspace/.autogame-worktrees/client-disposeone-disposeavatar-dispose-geometry-materials-s-jah8/game/[39mnode_modules/[4m.pnpm[24m/whatwg-url@14.2.0/node_modules/[4mwhatwg-url[24m/lib/URL-impl.js:20:13[90m)[39m
      at Object.exports.setup [90m(/home/matt/workspace/.autogame-worktrees/client-disposeone-disposeavatar-dispose-geometry-materials-s-jah8/game/[39mnode_modules/[4m.pnpm[24m/whatwg-url@14.2.0/node_modules/[4mwhatwg-url[24m/lib/URL.js:54:12[90m)[39m
      at new URL [90m(/home/matt/workspace/.autogame-worktrees/client-disposeone-disposeavatar-dispose-geometry-materials-s-jah8/game/[39mnode_modules/[4m.pnpm[24m/whatwg-url@14.2.0/node_modules/[4mwhatwg-url[24m/lib/URL.js:115:22[90m)[39m
  [90m    at new Request (node:internal/deps/undici/undici:9586:25)[39m
      at FileLoader.load [90m(file:///home/matt/workspace/.autogame-worktrees/client-disposeone-disposeavatar-dispose-geometry-materials-s-jah8/game/[39mnode_modules/[4m.pnpm[24m/three@0.184.0/node_modules/[4mthree[24m/build/three.core.js:44150:15[90m)[39m
      at GLTFLoader.load [90m(file:///home/matt/workspace/.autogame-worktrees/client-disposeone-disposeavatar-dispose-geometry-materials-s-jah8/game/[39mnode_modules/[4m.pnpm[24m/three@0.184.0/node_modules/[4mthree[24m/examples/jsm/loaders/GLTFLoader.js:319:10[90m)[39m
      at [90m/home/matt/workspace/.autogame-worktrees/client-disposeone-disposeavatar-dispose-geometry-materials-s-jah8/game/[39mclient/models.js:126:11
      at new Promise (<anonymous>)
      at loadModel [90m(/home/matt/workspace/.autogame-worktrees/client-disposeone-disposeavatar-dispose-geometry-materials-s-jah8/game/[39mclient/models.js:117:11[90m)[39m
      at attachRegistryModel [90m(/home/matt/workspace/.autogame-worktrees/client-disposeone-disposeavatar-dispose-geometry-materials-s-jah8/game/[39mclient/renderer.js:643:11[90m)[39m
}

stderr | client/test/renderer-minion-summon.test.js > minion summon scale-in > records spawn time and starts new minion meshes below full scale
[renderer] failed to apply model "/models/player.glb" for "player": TypeError: Failed to parse URL from /models/player.glb
[90m    at new Request (node:internal/deps/undici/undici:9588:19)[39m
    at FileLoader.load [90m(file:///home/matt/workspace/.autogame-worktrees/client-disposeone-disposeavatar-dispose-geometry-materials-s-jah8/game/[39mnode_modules/[4m.pnpm[24m/three@0.184.0/node_modules/[4mthree[24m/build/three.core.js:44150:15[90m)[39m
[90m    ... 4 lines matching cause stack trace ...[39m
    at attachRegistryModel [90m(/home/matt/workspace/.autogame-worktrees/client-disposeone-disposeavatar-dispose-geometry-materials-s-jah8/game/[39mclient/renderer.js:643:11[90m)[39m
    at createPlayerAvatar [90m(/home/matt/workspace/.autogame-worktrees/client-disposeone-disposeavatar-dispose-geometry-materials-s-jah8/game/[39mclient/renderer.js:2295:2[90m)[39m
    at animate [90m(/home/matt/workspace/.autogame-worktrees/client-disposeone-disposeavatar-dispose-geometry-materials-s-jah8/game/[39mclient/renderer.js:6225:20[90m)[39m
    at [90m/home/matt/workspace/.autogame-worktrees/client-disposeone-disposeavatar-dispose-geometry-materials-s-jah8/game/[39mclient/test/renderer-minion-summon.test.js:38:3 {
  [cause]: TypeError: Invalid URL: /models/player.glb
      at new URLImpl [90m(/home/matt/workspace/.autogame-worktrees/client-disposeone-disposeavatar-dispose-geometry-materials-s-jah8/game/[39mnode_modules/[4m.pnpm[24m/whatwg-url@14.2.0/node_modules/[4mwhatwg-url[24m/lib/URL-impl.js:20:13[90m)[39m
      at Object.exports.setup [90m(/home/matt/workspace/.autogame-worktrees/client-disposeone-disposeavatar-dispose-geometry-materials-s-jah8/game/[39mnode_modules/[4m.pnpm[24m/whatwg-url@14.2.0/node_modules/[4mwhatwg-url[24m/lib/URL.js:54:12[90m)[39m
      at new URL [90m(/home/matt/workspace/.autogame-worktrees/client-disposeone-disposeavatar-dispose-geometry-materials-s-jah8/game/[39mnode_modules/[4m.pnpm[24m/whatwg-url@14.2.0/node_modules/[4mwhatwg-url[24m/lib/URL.js:115:22[90m)[39m
  [90m    at new Request (node:internal/deps/undici/undici:9586:25)[39m
      at FileLoader.load [90m(file:///home/matt/workspace/.autogame-worktrees/client-disposeone-disposeavatar-dispose-geometry-materials-s-jah8/game/[39mnode_modules/[4m.pnpm[24m/three@0.184.0/node_modules/[4mthree[24m/build/three.core.js:44150:15[90m)[39m
      at GLTFLoader.load [90m(file:///home/matt/workspace/.autogame-worktrees/client-disposeone-disposeavatar-dispose-geometry-materials-s-jah8/game/[39mnode_modules/[4m.pnpm[24m/three@0.184.0/node_modules/[4mthree[24m/examples/jsm/loaders/GLTFLoader.js:319:10[90m)[39m
      at [90m/home/matt/workspace/.autogame-worktrees/client-disposeone-disposeavatar-dispose-geometry-materials-s-jah8/game/[39mclient/models.js:126:11
      at new Promise (<anonymous>)
      at loadModel [90m(/home/matt/workspace/.autogame-worktrees/client-disposeone-disposeavatar-dispose-geometry-materials-s-jah8/game/[39mclient/models.js:117:11[90m)[39m
      at attachRegistryModel [90m(/home/matt/workspace/.autogame-worktrees/client-disposeone-disposeavatar-dispose-geometry-materials-s-jah8/game/[39mclient/renderer.js:643:11[90m)[39m
}

stderr | client/test/hub-lobby-render.test.js > hub lobby render > renders the hub during the lobby and spawns the local avatar on the hub floor
[renderer] failed to apply model "/models/player.glb" for "player": TypeError: Failed to parse URL from /models/player.glb
[90m    at new Request (node:internal/deps/undici/undici:9588:19)[39m
    at FileLoader.load [90m(file:///home/matt/workspace/.autogame-worktrees/client-disposeone-disposeavatar-dispose-geometry-materials-s-jah8/game/[39mnode_modules/[4m.pnpm[24m/three@0.184.0/node_modules/[4mthree[24m/build/three.core.js:44150:15[90m)[39m
[90m    ... 4 lines matching cause stack trace ...[39m
    at attachRegistryModel [90m(/home/matt/workspace/.autogame-worktrees/client-disposeone-disposeavatar-dispose-geometry-materials-s-jah8/game/[39mclient/renderer.js:643:11[90m)[39m
    at createPlayerAvatar [90m(/home/matt/workspace/.autogame-worktrees/client-disposeone-disposeavatar-dispose-geometry-materials-s-jah8/game/[39mclient/renderer.js:2295:2[90m)[39m
    at animate [90m(/home/matt/workspace/.autogame-worktrees/client-disposeone-disposeavatar-dispose-geometry-materials-s-jah8/game/[39mclient/renderer.js:6225:20[90m)[39m
    at [90m/home/matt/workspace/.autogame-worktrees/client-disposeone-disposeavatar-dispose-geometry-materials-s-jah8/game/[39mclient/test/hub-lobby-render.test.js:74:3 {
  [cause]: TypeError: Invalid URL: /models/player.glb
      at new URLImpl [90m(/home/matt/workspace/.autogame-worktrees/client-disposeone-disposeavatar-dispose-geometry-materials-s-jah8/game/[39mnode_modules/[4m.pnpm[24m/whatwg-url@14.2.0/node_modules/[4mwhatwg-url[24m/lib/URL-impl.js:20:13[90m)[39m
      at Object.exports.setup [90m(/home/matt/workspace/.autogame-worktrees/client-disposeone-disposeavatar-dispose-geometry-materials-s-jah8/game/[39mnode_modules/[4m.pnpm[24m/whatwg-url@14.2.0/node_modules/[4mwhatwg-url[24m/lib/URL.js:54:12[90m)[39m
      at new URL [90m(/home/matt/workspace/.autogame-worktrees/client-disposeone-disposeavatar-dispose-geometry-materials-s-jah8/game/[39mnode_modules/[4m.pnpm[24m/whatwg-url@14.2.0/node_modules/[4mwhatwg-url[24m/lib/URL.js:115:22[90m)[39m
  [90m    at new Request (node:internal/deps/undici/undici:9586:25)[39m
      at FileLoader.load [90m(file:///home/matt/workspace/.autogame-worktrees/client-disposeone-disposeavatar-dispose-geometry-materials-s-jah8/game/[39mnode_modules/[4m.pnpm[24m/three@0.184.0/node_modules/[4mthree[24m/build/three.core.js:44150:15[90m)[39m
      at GLTFLoader.load [90m(file:///home/matt/workspace/.autogame-worktrees/client-disposeone-disposeavatar-dispose-geometry-materials-s-jah8/game/[39mnode_modules/[4m.pnpm[24m/three@0.184.0/node_modules/[4mthree[24m/examples/jsm/loaders/GLTFLoader.js:319:10[90m)[39m
      at [90m/home/matt/workspace/.autogame-worktrees/client-disposeone-disposeavatar-dispose-geometry-materials-s-jah8/game/[39mclient/models.js:126:11
      at new Promise (<anonymous>)
      at loadModel [90m(/home/matt/workspace/.autogame-worktrees/client-disposeone-disposeavatar-dispose-geometry-materials-s-jah8/game/[39mclient/models.js:117:11[90m)[39m
      at attachRegistryModel [90m(/home/matt/workspace/.autogame-worktrees/client-disposeone-disposeavatar-dispose-geometry-materials-s-jah8/game/[39mclient/renderer.js:643:11[90m)[39m
}

stderr | client/test/keyItemProp.test.js > createPlayerAvatar key-item prop > seats the equipped prop on the avatar and tracks the shown id
[renderer] failed to apply model "/models/player.glb" for "player": TypeError: Failed to parse URL from /models/player.glb
[90m    at new Request (node:internal/deps/undici/undici:9588:19)[39m
    at FileLoader.load [90m(file:///home/matt/workspace/.autogame-worktrees/client-disposeone-disposeavatar-dispose-geometry-materials-s-jah8/game/[39mnode_modules/[4m.pnpm[24m/three@0.184.0/node_modules/[4mthree[24m/build/three.core.js:44150:15[90m)[39m
[90m    ... 4 lines matching cause stack trace ...[39m
    at attachRegistryModel [90m(/home/matt/workspace/.autogame-worktrees/client-disposeone-disposeavatar-dispose-geometry-materials-s-jah8/game/[39mclient/renderer.js:643:11[90m)[39m
    at createPlayerAvatar [90m(/home/matt/workspace/.autogame-worktrees/client-disposeone-disposeavatar-dispose-geometry-materials-s-jah8/game/[39mclient/renderer.js:2295:2[90m)[39m
    at [90m/home/matt/workspace/.autogame-worktrees/client-disposeone-disposeavatar-dispose-geometry-materials-s-jah8/game/[39mclient/test/keyItemProp.test.js:50:36
    at [90mfile:///home/matt/workspace/.autogame-worktrees/client-disposeone-disposeavatar-dispose-geometry-materials-s-jah8/game/[39mnode_modules/[4m.pnpm[24m/@vitest+runner@3.2.4/node_modules/[4m@vitest[24m/runner/dist/chunk-hooks.js:155:11 {
  [cause]: TypeError: Invalid URL: /models/player.glb
      at new URLImpl [90m(/home/matt/workspace/.autogame-worktrees/client-disposeone-disposeavatar-dispose-geometry-materials-s-jah8/game/[39mnode_modules/[4m.pnpm[24m/whatwg-url@14.2.0/node_modules/[4mwhatwg-url[24m/lib/URL-impl.js:20:13[90m)[39m
      at Object.exports.setup [90m(/home/matt/workspace/.autogame-worktrees/client-disposeone-disposeavatar-dispose-geometry-materials-s-jah8/game/[39mnode_modules/[4m.pnpm[24m/whatwg-url@14.2.0/node_modules/[4mwhatwg-url[24m/lib/URL.js:54:12[90m)[39m
      at new URL [90m(/home/matt/workspace/.autogame-worktrees/client-disposeone-disposeavatar-dispose-geometry-materials-s-jah8/game/[39mnode_modules/[4m.pnpm[24m/whatwg-url@14.2.0/node_modules/[4mwhatwg-url[24m/lib/URL.js:115:22[90m)[39m
  [90m    at new Request (node:internal/deps/undici/undici:9586:25)[39m
      at FileLoader.load [90m(file:///home/matt/workspace/.autogame-worktrees/client-disposeone-disposeavatar-dispose-geometry-materials-s-jah8/game/[39mnode_modules/[4m.pnpm[24m/three@0.184.0/node_modules/[4mthree[24m/build/three.core.js:44150:15[90m)[39m
      at GLTFLoader.load [90m(file:///home/matt/workspace/.autogame-worktrees/client-disposeone-disposeavatar-dispose-geometry-materials-s-jah8/game/[39mnode_modules/[4m.pnpm[24m/three@0.184.0/node_modules/[4mthree[24m/examples/jsm/loaders/GLTFLoader.js:319:10[90m)[39m
      at [90m/home/matt/workspace/.autogame-worktrees/client-disposeone-disposeavatar-dispose-geometry-materials-s-jah8/game/[39mclient/models.js:126:11
      at new Promise (<anonymous>)
      at loadModel [90m(/home/matt/workspace/.autogame-worktrees/client-disposeone-disposeavatar-dispose-geometry-materials-s-jah8/game/[39mclient/models.js:117:11[90m)[39m
      at attachRegistryModel [90m(/home/matt/workspace/.autogame-worktrees/client-disposeone-disposeavatar-dispose-geometry-materials-s-jah8/game/[39mclient/renderer.js:643:11[90m)[39m
}

stderr | client/test/keyItemProp.test.js > createPlayerAvatar key-item prop > adds no prop for an unequipped/none key item
[renderer] failed to apply model "/models/player.glb" for "player": TypeError: Failed to parse URL from /models/player.glb
[90m    at new Request (node:internal/deps/undici/undici:9588:19)[39m
    at FileLoader.load [90m(file:///home/matt/workspace/.autogame-worktrees/client-disposeone-disposeavatar-dispose-geometry-materials-s-jah8/game/[39mnode_modules/[4m.pnpm[24m/three@0.184.0/node_modules/[4mthree[24m/build/three.core.js:44150:15[90m)[39m
[90m    ... 4 lines matching cause stack trace ...[39m
    at attachRegistryModel [90m(/home/matt/workspace/.autogame-worktrees/client-disposeone-disposeavatar-dispose-geometry-materials-s-jah8/game/[39mclient/renderer.js:643:11[90m)[39m
    at createPlayerAvatar [90m(/home/matt/workspace/.autogame-worktrees/client-disposeone-disposeavatar-dispose-geometry-materials-s-jah8/game/[39mclient/renderer.js:2295:2[90m)[39m
    at [90m/home/matt/workspace/.autogame-worktrees/client-disposeone-disposeavatar-dispose-geometry-materials-s-jah8/game/[39mclient/test/keyItemProp.test.js:50:36
    at [90mfile:///home/matt/workspace/.autogame-worktrees/client-disposeone-disposeavatar-dispose-geometry-materials-s-jah8/game/[39mnode_modules/[4m.pnpm[24m/@vitest+runner@3.2.4/node_modules/[4m@vitest[24m/runner/dist/chunk-hooks.js:155:11 {
  [cause]: TypeError: Invalid URL: /models/player.glb
      at new URLImpl [90m(/home/matt/workspace/.autogame-worktrees/client-disposeone-disposeavatar-dispose-geometry-materials-s-jah8/game/[39mnode_modules/[4m.pnpm[24m/whatwg-url@14.2.0/node_modules/[4mwhatwg-url[24m/lib/URL-impl.js:20:13[90m)[39m
      at Object.exports.setup [90m(/home/matt/workspace/.autogame-worktrees/client-disposeone-disposeavatar-dispose-geometry-materials-s-jah8/game/[39mnode_modules/[4m.pnpm[24m/whatwg-url@14.2.0/node_modules/[4mwhatwg-url[24m/lib/URL.js:54:12[90m)[39m
      at new URL [90m(/home/matt/workspace/.autogame-worktrees/client-disposeone-disposeavatar-dispose-geometry-materials-s-jah8/game/[39mnode_modules/[4m.pnpm[24m/whatwg-url@14.2.0/node_modules/[4mwhatwg-url[24m/lib/URL.js:115:22[90m)[39m
  [90m    at new Request (node:internal/deps/undici/undici:9586:25)[39m
      at FileLoader.load [90m(file:///home/matt/workspace/.autogame-worktrees/client-disposeone-disposeavatar-dispose-geometry-materials-s-jah8/game/[39mnode_modules/[4m.pnpm[24m/three@0.184.0/node_modules/[4mthree[24m/build/three.core.js:44150:15[90m)[39m
      at GLTFLoader.load [90m(file:///home/matt/workspace/.autogame-worktrees/client-disposeone-disposeavatar-dispose-geometry-materials-s-jah8/game/[39mnode_modules/[4m.pnpm[24m/three@0.184.0/node_modules/[4mthree[24m/examples/jsm/loaders/GLTFLoader.js:319:10[90m)[39m
      at [90m/home/matt/workspace/.autogame-worktrees/client-disposeone-disposeavatar-dispose-geometry-materials-s-jah8/game/[39mclient/models.js:126:11
      at new Promise (<anonymous>)
      at loadModel [90m(/home/matt/workspace/.autogame-worktrees/client-disposeone-disposeavatar-dispose-geometry-materials-s-jah8/game/[39mclient/models.js:117:11[90m)[39m
      at attachRegistryModel [90m(/home/matt/workspace/.autogame-worktrees/client-disposeone-disposeavatar-dispose-geometry-materials-s-jah8/game/[39mclient/renderer.js:643:11[90m)[39m
}

 ✓ |client| client/test/renderer-clock.test.js (1 test) 467ms
   ✓ renderer animation loop clock > uses THREE.Clock.getDelta without requiring a clock.update method  465ms
 ✓ |client| client/test/vfx-primitives.test.js (15 tests) 27ms
stderr | client/test/hub-presence-avatars.test.js > hub presence avatars (lobby) > builds meshes for local and remote lobby players
[renderer] failed to apply model "/models/player.glb" for "player": TypeError: Failed to parse URL from /models/player.glb
[90m    at new Request (node:internal/deps/undici/undici:9588:19)[39m
    at FileLoader.load [90m(file:///home/matt/workspace/.autogame-worktrees/client-disposeone-disposeavatar-dispose-geometry-materials-s-jah8/game/[39mnode_modules/[4m.pnpm[24m/three@0.184.0/node_modules/[4mthree[24m/build/three.core.js:44150:15[90m)[39m
[90m    ... 4 lines matching cause stack trace ...[39m
    at attachRegistryModel [90m(/home/matt/workspace/.autogame-worktrees/client-disposeone-disposeavatar-dispose-geometry-materials-s-jah8/game/[39mclient/renderer.js:643:11[90m)[39m
    at createPlayerAvatar [90m(/home/matt/workspace/.autogame-worktrees/client-disposeone-disposeavatar-dispose-geometry-materials-s-jah8/game/[39mclient/renderer.js:2295:2[90m)[39m
    at animate [90m(/home/matt/workspace/.autogame-worktrees/client-disposeone-disposeavatar-dispose-geometry-materials-s-jah8/game/[39mclient/renderer.js:6225:20[90m)[39m
    at [90m/home/matt/workspace/.autogame-worktrees/client-disposeone-disposeavatar-dispose-geometry-materials-s-jah8/game/[39mclient/test/hub-presence-avatars.test.js:187:3 {
  [cause]: TypeError: Invalid URL: /models/player.glb
      at new URLImpl [90m(/home/matt/workspace/.autogame-worktrees/client-disposeone-disposeavatar-dispose-geometry-materials-s-jah8/game/[39mnode_modules/[4m.pnpm[24m/whatwg-url@14.2.0/node_modules/[4mwhatwg-url[24m/lib/URL-impl.js:20:13[90m)[39m
      at Object.exports.setup [90m(/home/matt/workspace/.autogame-worktrees/client-disposeone-disposeavatar-dispose-geometry-materials-s-jah8/game/[39mnode_modules/[4m.pnpm[24m/whatwg-url@14.2.0/node_modules/[4mwhatwg-url[24m/lib/URL.js:54:12[90m)[39m
      at new URL [90m(/home/matt/workspace/.autogame-worktrees/client-disposeone-disposeavatar-dispose-geometry-materials-s-jah8/game/[39mnode_modules/[4m.pnpm[24m/whatwg-url@14.2.0/node_modules/[4mwhatwg-url[24m/lib/URL.js:115:22[90m)[39m
  [90m    at new Request (node:internal/deps/undici/undici:9586:25)[39m
      at FileLoader.load [90m(file:///home/matt/workspace/.autogame-worktrees/client-disposeone-disposeavatar-dispose-geometry-materials-s-jah8/game/[39mnode_modules/[4m.pnpm[24m/three@0.184.0/node_modules/[4mthree[24m/build/three.core.js:44150:15[90m)[39m
      at GLTFLoader.load [90m(file:///home/matt/workspace/.autogame-worktrees/client-disposeone-disposeavatar-dispose-geometry-materials-s-jah8/game/[39mnode_modules/[4m.pnpm[24m/three@0.184.0/node_modules/[4mthree[24m/examples/jsm/loaders/GLTFLoader.js:319:10[90m)[39m
      at [90m/home/matt/workspace/.autogame-worktrees/client-disposeone-disposeavatar-dispose-geometry-materials-s-jah8/game/[39mclient/models.js:126:11
      at new Promise (<anonymous>)
      at loadModel [90m(/home/matt/workspace/.autogame-worktrees/client-disposeone-disposeavatar-dispose-geometry-materials-s-jah8/game/[39mclient/models.js:117:11[90m)[39m
      at attachRegistryModel [90m(/home/matt/workspace/.autogame-worktrees/client-disposeone-disposeavatar-dispose-geometry-materials-s-jah8/game/[39mclient/renderer.js:643:11[90m)[39m
}
[renderer] failed to apply model "/models/player.glb" for "player": TypeError: Failed to parse URL from /models/player.glb
[90m    at new Request (node:internal/deps/undici/undici:9588:19)[39m
    at FileLoader.load [90m(file:///home/matt/workspace/.autogame-worktrees/client-disposeone-disposeavatar-dispose-geometry-materials-s-jah8/game/[39mnode_modules/[4m.pnpm[24m/three@0.184.0/node_modules/[4mthree[24m/build/three.core.js:44150:15[90m)[39m
[90m    ... 4 lines matching cause stack trace ...[39m
    at attachRegistryModel [90m(/home/matt/workspace/.autogame-worktrees/client-disposeone-disposeavatar-dispose-geometry-materials-s-jah8/game/[39mclient/renderer.js:643:11[90m)[39m
    at createPlayerAvatar [90m(/home/matt/workspace/.autogame-worktrees/client-disposeone-disposeavatar-dispose-geometry-materials-s-jah8/game/[39mclient/renderer.js:2295:2[90m)[39m
    at animate [90m(/home/matt/workspace/.autogame-worktrees/client-disposeone-disposeavatar-dispose-geometry-materials-s-jah8/game/[39mclient/renderer.js:6225:20[90m)[39m
    at [90m/home/matt/workspace/.autogame-worktrees/client-disposeone-disposeavatar-dispose-geometry-materials-s-jah8/game/[39mclient/test/hub-presence-avatars.test.js:187:3 {
  [cause]: TypeError: Invalid URL: /models/player.glb
      at new URLImpl [90m(/home/matt/workspace/.autogame-worktrees/client-disposeone-disposeavatar-dispose-geometry-materials-s-jah8/game/[39mnode_modules/[4m.pnpm[24m/whatwg-url@14.2.0/node_modules/[4mwhatwg-url[24m/lib/URL-impl.js:20:13[90m)[39m
      at Object.exports.setup [90m(/home/matt/workspace/.autogame-worktrees/client-disposeone-disposeavatar-dispose-geometry-materials-s-jah8/game/[39mnode_modules/[4m.pnpm[24m/whatwg-url@14.2.0/node_modules/[4mwhatwg-url[24m/lib/URL.js:54:12[90m)[39m
      at new URL [90m(/home/matt/workspace/.autogame-worktrees/client-disposeone-disposeavatar-dispose-geometry-materials-s-jah8/game/[39mnode_modules/[4m.pnpm[24m/whatwg-url@14.2.0/node_modules/[4mwhatwg-url[24m/lib/URL.js:115:22[90m)[39m
  [90m    at new Request (node:internal/deps/undici/undici:9586:25)[39m
      at FileLoader.load [90m(file:///home/matt/workspace/.autogame-worktrees/client-disposeone-disposeavatar-dispose-geometry-materials-s-jah8/game/[39mnode_modules/[4m.pnpm[24m/three@0.184.0/node_modules/[4mthree[24m/build/three.core.js:44150:15[90m)[39m
      at GLTFLoader.load [90m(file:///home/matt/workspace/.autogame-worktrees/client-disposeone-disposeavatar-dispose-geometry-materials-s-jah8/game/[39mnode_modules/[4m.pnpm[24m/three@0.184.0/node_modules/[4mthree[24m/examples/jsm/loaders/GLTFLoader.js:319:10[90m)[39m
      at [90m/home/matt/workspace/.autogame-worktrees/client-disposeone-disposeavatar-dispose-geometry-materials-s-jah8/game/[39mclient/models.js:126:11
      at new Promise (<anonymous>)
      at loadModel [90m(/home/matt/workspace/.autogame-worktrees/client-disposeone-disposeavatar-dispose-geometry-materials-s-jah8/game/[39mclient/models.js:117:11[90m)[39m
      at attachRegistryModel [90m(/home/matt/workspace/.autogame-worktrees/client-disposeone-disposeavatar-dispose-geometry-materials-s-jah8/game/[39mclient/renderer.js:643:11[90m)[39m
}

stderr | client/test/boothPrompt.test.js > booth interaction prompt > shows the prompt on zone enter and hides it on exit
[renderer] failed to apply model "/models/player.glb" for "player": TypeError: Failed to parse URL from /models/player.glb
[90m    at new Request (node:internal/deps/undici/undici:9588:19)[39m
    at FileLoader.load [90m(file:///home/matt/workspace/.autogame-worktrees/client-disposeone-disposeavatar-dispose-geometry-materials-s-jah8/game/[39mnode_modules/[4m.pnpm[24m/three@0.184.0/node_modules/[4mthree[24m/build/three.core.js:44150:15[90m)[39m
[90m    ... 4 lines matching cause stack trace ...[39m
    at attachRegistryModel [90m(/home/matt/workspace/.autogame-worktrees/client-disposeone-disposeavatar-dispose-geometry-materials-s-jah8/game/[39mclient/renderer.js:643:11[90m)[39m
    at createPlayerAvatar [90m(/home/matt/workspace/.autogame-worktrees/client-disposeone-disposeavatar-dispose-geometry-materials-s-jah8/game/[39mclient/renderer.js:2295:2[90m)[39m
    at Module.animate [90m(/home/matt/workspace/.autogame-worktrees/client-disposeone-disposeavatar-dispose-geometry-materials-s-jah8/game/[39mclient/renderer.js:6225:20[90m)[39m
    at [90m/home/matt/workspace/.autogame-worktrees/client-disposeone-disposeavatar-dispose-geometry-materials-s-jah8/game/[39mclient/test/boothPrompt.test.js:76:12 {
  [cause]: TypeError: Invalid URL: /models/player.glb
      at new URLImpl [90m(/home/matt/workspace/.autogame-worktrees/client-disposeone-disposeavatar-dispose-geometry-materials-s-jah8/game/[39mnode_modules/[4m.pnpm[24m/whatwg-url@14.2.0/node_modules/[4mwhatwg-url[24m/lib/URL-impl.js:20:13[90m)[39m
      at Object.exports.setup [90m(/home/matt/workspace/.autogame-worktrees/client-disposeone-disposeavatar-dispose-geometry-materials-s-jah8/game/[39mnode_modules/[4m.pnpm[24m/whatwg-url@14.2.0/node_modules/[4mwhatwg-url[24m/lib/URL.js:54:12[90m)[39m
      at new URL [90m(/home/matt/workspace/.autogame-worktrees/client-disposeone-disposeavatar-dispose-geometry-materials-s-jah8/game/[39mnode_modules/[4m.pnpm[24m/whatwg-url@14.2.0/node_modules/[4mwhatwg-url[24m/lib/URL.js:115:22[90m)[39m
  [90m    at new Request (node:internal/deps/undici/undici:9586:25)[39m
      at FileLoader.load [90m(file:///home/matt/workspace/.autogame-worktrees/client-disposeone-disposeavatar-dispose-geometry-materials-s-jah8/game/[39mnode_modules/[4m.pnpm[24m/three@0.184.0/node_modules/[4mthree[24m/build/three.core.js:44150:15[90m)[39m
      at GLTFLoader.load [90m(file:///home/matt/workspace/.autogame-worktrees/client-disposeone-disposeavatar-dispose-geometry-materials-s-jah8/game/[39mnode_modules/[4m.pnpm[24m/three@0.184.0/node_modules/[4mthree[24m/examples/jsm/loaders/GLTFLoader.js:319:10[90m)[39m
      at [90m/home/matt/workspace/.autogame-worktrees/client-disposeone-disposeavatar-dispose-geometry-materials-s-jah8/game/[39mclient/models.js:126:11
      at new Promise (<anonymous>)
      at loadModel [90m(/home/matt/workspace/.autogame-worktrees/client-disposeone-disposeavatar-dispose-geometry-materials-s-jah8/game/[39mclient/models.js:117:11[90m)[39m
      at attachRegistryModel [90m(/home/matt/workspace/.autogame-worktrees/client-disposeone-disposeavatar-dispose-geometry-materials-s-jah8/game/[39mclient/renderer.js:643:11[90m)[39m
}

stderr | client/test/models-registry.test.js > registry attach fallback (renderer) > createPlayerAvatar keeps procedural visible when the model fails to load
[models] failed to load model "/models/player.glb": Error: 404
    at t.<anonymous> [90m(/home/matt/workspace/.autogame-worktrees/client-disposeone-disposeavatar-dispose-geometry-materials-s-jah8/game/[39mclient/test/models-registry.test.js:166:12[90m)[39m
    at t.mockCall [90m(file:///home/matt/workspace/.autogame-worktrees/client-disposeone-disposeavatar-dispose-geometry-materials-s-jah8/game/[39mnode_modules/[4m.pnpm[24m/@vitest+spy@3.2.4/node_modules/[4m@vitest[24m/spy/dist/index.js:96:15[90m)[39m
    at t.spy [as load] [90m(file:///home/matt/workspace/.autogame-worktrees/client-disposeone-disposeavatar-dispose-geometry-materials-s-jah8/game/[39mnode_modules/[4m.pnpm[24m/tinyspy@4.0.4/node_modules/[4mtinyspy[24m/dist/index.js:47:80[90m)[39m
    at [90m/home/matt/workspace/.autogame-worktrees/client-disposeone-disposeavatar-dispose-geometry-materials-s-jah8/game/[39mclient/models.js:126:11
    at new Promise (<anonymous>)
    at loadModel [90m(/home/matt/workspace/.autogame-worktrees/client-disposeone-disposeavatar-dispose-geometry-materials-s-jah8/game/[39mclient/models.js:117:11[90m)[39m
    at attachRegistryModel [90m(/home/matt/workspace/.autogame-worktrees/client-disposeone-disposeavatar-dispose-geometry-materials-s-jah8/game/[39mclient/renderer.js:643:11[90m)[39m
    at Module.createPlayerAvatar [90m(/home/matt/workspace/.autogame-worktrees/client-disposeone-disposeavatar-dispose-geometry-materials-s-jah8/game/[39mclient/renderer.js:2295:2[90m)[39m
    at [90m/home/matt/workspace/.autogame-worktrees/client-disposeone-disposeavatar-dispose-geometry-materials-s-jah8/game/[39mclient/test/models-registry.test.js:169:18
    at [90mfile:///home/matt/workspace/.autogame-worktrees/client-disposeone-disposeavatar-dispose-geometry-materials-s-jah8/game/[39mnode_modules/[4m.pnpm[24m/@vitest+runner@3.2.4/node_modules/[4m@vitest[24m/runner/dist/chunk-hooks.js:155:11

stderr | client/test/models-registry.test.js > registry attach fallback (renderer) > createEnemyMesh keeps procedural visible when loadModel resolves null
[models] failed to load model "/models/grunt.glb": Error: 404
    at t.<anonymous> [90m(/home/matt/workspace/.autogame-worktrees/client-disposeone-disposeavatar-dispose-geometry-materials-s-jah8/game/[39mclient/test/models-registry.test.js:183:12[90m)[39m
    at t.mockCall [90m(file:///home/matt/workspace/.autogame-worktrees/client-disposeone-disposeavatar-dispose-geometry-materials-s-jah8/game/[39mnode_modules/[4m.pnpm[24m/@vitest+spy@3.2.4/node_modules/[4m@vitest[24m/spy/dist/index.js:96:15[90m)[39m
    at t.spy [as load] [90m(file:///home/matt/workspace/.autogame-worktrees/client-disposeone-disposeavatar-dispose-geometry-materials-s-jah8/game/[39mnode_modules/[4m.pnpm[24m/tinyspy@4.0.4/node_modules/[4mtinyspy[24m/dist/index.js:47:80[90m)[39m
    at [90m/home/matt/workspace/.autogame-worktrees/client-disposeone-disposeavatar-dispose-geometry-materials-s-jah8/game/[39mclient/models.js:126:11
    at new Promise (<anonymous>)
    at loadModel [90m(/home/matt/workspace/.autogame-worktrees/client-disposeone-disposeavatar-dispose-geometry-materials-s-jah8/game/[39mclient/models.js:117:11[90m)[39m
    at attachRegistryModel [90m(/home/matt/workspace/.autogame-worktrees/client-disposeone-disposeavatar-dispose-geometry-materials-s-jah8/game/[39mclient/renderer.js:643:11[90m)[39m
    at Module.createEnemyMesh [90m(/home/matt/workspace/.autogame-worktrees/client-disposeone-disposeavatar-dispose-geometry-materials-s-jah8/game/[39mclient/renderer.js:3151:2[90m)[39m
    at [90m/home/matt/workspace/.autogame-worktrees/client-disposeone-disposeavatar-dispose-geometry-materials-s-jah8/game/[39mclient/test/models-registry.test.js:186:16
    at [90mfile:///home/matt/workspace/.autogame-worktrees/client-disposeone-disposeavatar-dispose-geometry-materials-s-jah8/game/[39mnode_modules/[4m.pnpm[24m/@vitest+runner@3.2.4/node_modules/[4m@vitest[24m/runner/dist/chunk-hooks.js:155:11

stdout | client/test/lobby-menu-dismiss.test.js > lobby menu dismiss guard (main.js) > hub lobby join starts with #lobby hidden and lobbyMenuDismissed true
[initScene] Initializing Three.js scene...

stderr | client/test/renderer-registry-normalize.test.js > getEnemyRenderScaleForTest() > reads world-space height from a live enemy mesh
[renderer] failed to apply model "/models/miniboss.glb" for "miniboss": TypeError: Failed to parse URL from /models/miniboss.glb
[90m    at new Request (node:internal/deps/undici/undici:9588:19)[39m
    at FileLoader.load [90m(file:///home/matt/workspace/.autogame-worktrees/client-disposeone-disposeavatar-dispose-geometry-materials-s-jah8/game/[39mnode_modules/[4m.pnpm[24m/three@0.184.0/node_modules/[4mthree[24m/build/three.core.js:44150:15[90m)[39m
[90m    ... 4 lines matching cause stack trace ...[39m
    at attachRegistryModel [90m(/home/matt/workspace/.autogame-worktrees/client-disposeone-disposeavatar-dispose-geometry-materials-s-jah8/game/[39mclient/renderer.js:643:11[90m)[39m
    at createEnemyMesh [90m(/home/matt/workspace/.autogame-worktrees/client-disposeone-disposeavatar-dispose-geometry-materials-s-jah8/game/[39mclient/renderer.js:3151:2[90m)[39m
    at [90m/home/matt/workspace/.autogame-worktrees/client-disposeone-disposeavatar-dispose-geometry-materials-s-jah8/game/[39mclient/test/renderer-registry-normalize.test.js:227:31
    at [90mfile:///home/matt/workspace/.autogame-worktrees/client-disposeone-disposeavatar-dispose-geometry-materials-s-jah8/game/[39mnode_modules/[4m.pnpm[24m/@vitest+runner@3.2.4/node_modules/[4m@vitest[24m/runner/dist/chunk-hooks.js:155:11 {
  [cause]: TypeError: Invalid URL: /models/miniboss.glb
      at new URLImpl [90m(/home/matt/workspace/.autogame-worktrees/client-disposeone-disposeavatar-dispose-geometry-materials-s-jah8/game/[39mnode_modules/[4m.pnpm[24m/whatwg-url@14.2.0/node_modules/[4mwhatwg-url[24m/lib/URL-impl.js:20:13[90m)[39m
      at Object.exports.setup [90m(/home/matt/workspace/.autogame-worktrees/client-disposeone-disposeavatar-dispose-geometry-materials-s-jah8/game/[39mnode_modules/[4m.pnpm[24m/whatwg-url@14.2.0/node_modules/[4mwhatwg-url[24m/lib/URL.js:54:12[90m)[39m
      at new URL [90m(/home/matt/workspace/.autogame-worktrees/client-disposeone-disposeavatar-dispose-geometry-materials-s-jah8/game/[39mnode_modules/[4m.pnpm[24m/whatwg-url@14.2.0/node_modules/[4mwhatwg-url[24m/lib/URL.js:115:22[90m)[39m
  [90m    at new Request (node:internal/deps/undici/undici:9586:25)[39m
      at FileLoader.load [90m(file:///home/matt/workspace/.autogame-worktrees/client-disposeone-disposeavatar-dispose-geometry-materials-s-jah8/game/[39mnode_modules/[4m.pnpm[24m/three@0.184.0/node_modules/[4mthree[24m/build/three.core.js:44150:15[90m)[39m
      at GLTFLoader.load [90m(file:///home/matt/workspace/.autogame-worktrees/client-disposeone-disposeavatar-dispose-geometry-materials-s-jah8/game/[39mnode_modules/[4m.pnpm[24m/three@0.184.0/node_modules/[4mthree[24m/examples/jsm/loaders/GLTFLoader.js:319:10[90m)[39m
      at [90m/home/matt/workspace/.autogame-worktrees/client-disposeone-disposeavatar-dispose-geometry-materials-s-jah8/game/[39mclient/models.js:126:11
      at new Promise (<anonymous>)
      at loadModel [90m(/home/matt/workspace/.autogame-worktrees/client-disposeone-disposeavatar-dispose-geometry-materials-s-jah8/game/[39mclient/models.js:117:11[90m)[39m
      at attachRegistryModel [90m(/home/matt/workspace/.autogame-worktrees/client-disposeone-disposeavatar-dispose-geometry-materials-s-jah8/game/[39mclient/renderer.js:643:11[90m)[39m
}

 ✓ |client| client/test/model-dispose.test.js (3 tests) 172ms
 ✓ |client| client/test/keyItemProp.test.js (7 tests) 93ms
 ✓ |client| client/test/models-registry.test.js (10 tests) 181ms
 ✓ |client| client/test/boss-encounter-hud-wiring.test.js (6 tests) 544ms
   ✓ boss-encounter HUD wiring in main.js > populates the model and shows the HUD for an active encounter with a live boss  531ms
stderr | client/test/renderer-variant.test.js > warded variant visuals > createEnemyMesh stores _origColor from the type palette
[renderer] failed to apply model "/models/grunt.glb" for "grunt": TypeError: Failed to parse URL from /models/grunt.glb
[90m    at new Request (node:internal/deps/undici/undici:9588:19)[39m
    at FileLoader.load [90m(file:///home/matt/workspace/.autogame-worktrees/client-disposeone-disposeavatar-dispose-geometry-materials-s-jah8/game/[39mnode_modules/[4m.pnpm[24m/three@0.184.0/node_modules/[4mthree[24m/build/three.core.js:44150:15[90m)[39m
[90m    ... 4 lines matching cause stack trace ...[39m
    at attachRegistryModel [90m(/home/matt/workspace/.autogame-worktrees/client-disposeone-disposeavatar-dispose-geometry-materials-s-jah8/game/[39mclient/renderer.js:643:11[90m)[39m
    at createEnemyMesh [90m(/home/matt/workspace/.autogame-worktrees/client-disposeone-disposeavatar-dispose-geometry-materials-s-jah8/game/[39mclient/renderer.js:3151:2[90m)[39m
    at [90m/home/matt/workspace/.autogame-worktrees/client-disposeone-disposeavatar-dispose-geometry-materials-s-jah8/game/[39mclient/test/renderer-variant.test.js:29:16
[90m    at processTicksAndRejections (node:internal/process/task_queues:105:5)[39m {
  [cause]: TypeError: Invalid URL: /models/grunt.glb
      at new URLImpl [90m(/home/matt/workspace/.autogame-worktrees/client-disposeone-disposeavatar-dispose-geometry-materials-s-jah8/game/[39mnode_modules/[4m.pnpm[24m/whatwg-url@14.2.0/node_modules/[4mwhatwg-url[24m/lib/URL-impl.js:20:13[90m)[39m
      at Object.exports.setup [90m(/home/matt/workspace/.autogame-worktrees/client-disposeone-disposeavatar-dispose-geometry-materials-s-jah8/game/[39mnode_modules/[4m.pnpm[24m/whatwg-url@14.2.0/node_modules/[4mwhatwg-url[24m/lib/URL.js:54:12[90m)[39m
      at new URL [90m(/home/matt/workspace/.autogame-worktrees/client-disposeone-disposeavatar-dispose-geometry-materials-s-jah8/game/[39mnode_modules/[4m.pnpm[24m/whatwg-url@14.2.0/node_modules/[4mwhatwg-url[24m/lib/URL.js:115:22[90m)[39m
  [90m    at new Request (node:internal/deps/undici/undici:9586:25)[39m
      at FileLoader.load [90m(file:///home/matt/workspace/.autogame-worktrees/client-disposeone-disposeavatar-dispose-geometry-materials-s-jah8/game/[39mnode_modules/[4m.pnpm[24m/three@0.184.0/node_modules/[4mthree[24m/build/three.core.js:44150:15[90m)[39m
      at GLTFLoader.load [90m(file:///home/matt/workspace/.autogame-worktrees/client-disposeone-disposeavatar-dispose-geometry-materials-s-jah8/game/[39mnode_modules/[4m.pnpm[24m/three@0.184.0/node_modules/[4mthree[24m/examples/jsm/loaders/GLTFLoader.js:319:10[90m)[39m
      at [90m/home/matt/workspace/.autogame-worktrees/client-disposeone-disposeavatar-dispose-geometry-materials-s-jah8/game/[39mclient/models.js:126:11
      at new Promise (<anonymous>)
      at loadModel [90m(/home/matt/workspace/.autogame-worktrees/client-disposeone-disposeavatar-dispose-geometry-materials-s-jah8/game/[39mclient/models.js:117:11[90m)[39m
      at attachRegistryModel [90m(/home/matt/workspace/.autogame-worktrees/client-disposeone-disposeavatar-dispose-geometry-materials-s-jah8/game/[39mclient/renderer.js:643:11[90m)[39m
}

 ✓ |client| client/test/deck-viewer.test.js (21 tests) 360ms
   ✓ renderDeckViewer() / renderDeckStack() > renders draw pile cards with type icons and toggles via V key  350ms
stdout | client/test/renderer-loot.test.js > renderer loot helpers > markLootCollected shows "+N MS" for magic stone pickups
[initScene] Initializing Three.js scene...

 ✓ |client| client/test/renderer-registry-normalize.test.js (19 tests) 188ms
stdout | client/test/hub-lobby-render.test.js > hub lobby render > rebuilds to the quest layout on deploy, moving the avatar off the hub
[initScene] Initializing Three.js scene...

stdout | client/test/renderer-minion-summon.test.js > minion summon scale-in > does not re-trigger spawn scale-in when the minion id was already seen
[initScene] Initializing Three.js scene...

stdout | client/test/boothPrompt.test.js > booth interaction prompt > hides the prompt when the rendered scene is not the hub
[initScene] Initializing Three.js scene...

stdout | client/test/renderer-spike-trap.test.js > spike trap persistent hazard reconcile > disposes the hazard mesh when the enchantment leaves the snapshot
[initScene] Initializing Three.js scene...

 ✓ |client| client/test/avatar-cosmetic.test.js (11 tests) 327ms
stdout | client/test/renderer-shield-bar.test.js > enemy shield bar > animate sync creates, updates, and disposes shield bars from game state
[initScene] Initializing Three.js scene...

stdout | client/test/hub-presence-avatars.test.js > hub presence avatars (lobby) > moves the remote mesh when hub presence coordinates change
[initScene] Initializing Three.js scene...

stdout | client/test/avatar-cosmetic-render.test.js > avatar cosmetic render (hub + in-run) > rebuilds avatar when cosmetic changes between animate() calls
[initScene] Initializing Three.js scene...

stdout | client/test/spire-atmosphere.test.js > spire-ascent atmosphere > resetAtmosphere restores default background and removes fog
[initScene] Initializing Three.js scene...

stderr | client/test/renderer-shield-bar.test.js > enemy shield bar > animate sync creates, updates, and disposes shield bars from game state
[renderer] failed to apply model "/models/player.glb" for "player": TypeError: Failed to parse URL from /models/player.glb
[90m    at new Request (node:internal/deps/undici/undici:9588:19)[39m
    at FileLoader.load [90m(file:///home/matt/workspace/.autogame-worktrees/client-disposeone-disposeavatar-dispose-geometry-materials-s-jah8/game/[39mnode_modules/[4m.pnpm[24m/three@0.184.0/node_modules/[4mthree[24m/build/three.core.js:44150:15[90m)[39m
[90m    ... 4 lines matching cause stack trace ...[39m
    at attachRegistryModel [90m(/home/matt/workspace/.autogame-worktrees/client-disposeone-disposeavatar-dispose-geometry-materials-s-jah8/game/[39mclient/renderer.js:643:11[90m)[39m
    at createPlayerAvatar [90m(/home/matt/workspace/.autogame-worktrees/client-disposeone-disposeavatar-dispose-geometry-materials-s-jah8/game/[39mclient/renderer.js:2295:2[90m)[39m
    at animate [90m(/home/matt/workspace/.autogame-worktrees/client-disposeone-disposeavatar-dispose-geometry-materials-s-jah8/game/[39mclient/renderer.js:6225:20[90m)[39m
    at [90m/home/matt/workspace/.autogame-worktrees/client-disposeone-disposeavatar-dispose-geometry-materials-s-jah8/game/[39mclient/test/renderer-shield-bar.test.js:75:3 {
  [cause]: TypeError: Invalid URL: /models/player.glb
      at new URLImpl [90m(/home/matt/workspace/.autogame-worktrees/client-disposeone-disposeavatar-dispose-geometry-materials-s-jah8/game/[39mnode_modules/[4m.pnpm[24m/whatwg-url@14.2.0/node_modules/[4mwhatwg-url[24m/lib/URL-impl.js:20:13[90m)[39m
      at Object.exports.setup [90m(/home/matt/workspace/.autogame-worktrees/client-disposeone-disposeavatar-dispose-geometry-materials-s-jah8/game/[39mnode_modules/[4m.pnpm[24m/whatwg-url@14.2.0/node_modules/[4mwhatwg-url[24m/lib/URL.js:54:12[90m)[39m
      at new URL [90m(/home/matt/workspace/.autogame-worktrees/client-disposeone-disposeavatar-dispose-geometry-materials-s-jah8/game/[39mnode_modules/[4m.pnpm[24m/whatwg-url@14.2.0/node_modules/[4mwhatwg-url[24m/lib/URL.js:115:22[90m)[39m
  [90m    at new Request (node:internal/deps/undici/undici:9586:25)[39m
      at FileLoader.load [90m(file:///home/matt/workspace/.autogame-worktrees/client-disposeone-disposeavatar-dispose-geometry-materials-s-jah8/game/[39mnode_modules/[4m.pnpm[24m/three@0.184.0/node_modules/[4mthree[24m/build/three.core.js:44150:15[90m)[39m
      at GLTFLoader.load [90m(file:///home/matt/workspace/.autogame-worktrees/client-disposeone-disposeavatar-dispose-geometry-materials-s-jah8/game/[39mnode_modules/[4m.pnpm[24m/three@0.184.0/node_modules/[4mthree[24m/examples/jsm/loaders/GLTFLoader.js:319:10[90m)[39m
      at [90m/home/matt/workspace/.autogame-worktrees/client-disposeone-disposeavatar-dispose-geometry-materials-s-jah8/game/[39mclient/models.js:126:11
      at new Promise (<anonymous>)
      at loadModel [90m(/home/matt/workspace/.autogame-worktrees/client-disposeone-disposeavatar-dispose-geometry-materials-s-jah8/game/[39mclient/models.js:117:11[90m)[39m
      at attachRegistryModel [90m(/home/matt/workspace/.autogame-worktrees/client-disposeone-disposeavatar-dispose-geometry-materials-s-jah8/game/[39mclient/renderer.js:643:11[90m)[39m
}
[renderer] failed to apply model "/models/grunt.glb" for "grunt": TypeError: Failed to parse URL from /models/grunt.glb
[90m    at new Request (node:internal/deps/undici/undici:9588:19)[39m
    at FileLoader.load [90m(file:///home/matt/workspace/.autogame-worktrees/client-disposeone-disposeavatar-dispose-geometry-materials-s-jah8/game/[39mnode_modules/[4m.pnpm[24m/three@0.184.0/node_modules/[4mthree[24m/build/three.core.js:44150:15[90m)[39m
[90m    ... 4 lines matching cause stack trace ...[39m
    at attachRegistryModel [90m(/home/matt/workspace/.autogame-worktrees/client-disposeone-disposeavatar-dispose-geometry-materials-s-jah8/game/[39mclient/renderer.js:643:11[90m)[39m
    at createEnemyMesh [90m(/home/matt/workspace/.autogame-worktrees/client-disposeone-disposeavatar-dispose-geometry-materials-s-jah8/game/[39mclient/renderer.js:3151:2[90m)[39m
    at animate [90m(/home/matt/workspace/.autogame-worktrees/client-disposeone-disposeavatar-dispose-geometry-materials-s-jah8/game/[39mclient/renderer.js:6456:18[90m)[39m
    at [90m/home/matt/workspace/.autogame-worktrees/client-disposeone-disposeavatar-dispose-geometry-materials-s-jah8/game/[39mclient/test/renderer-shield-bar.test.js:75:3 {
  [cause]: TypeError: Invalid URL: /models/grunt.glb
      at new URLImpl [90m(/home/matt/workspace/.autogame-worktrees/client-disposeone-disposeavatar-dispose-geometry-materials-s-jah8/game/[39mnode_modules/[4m.pnpm[24m/whatwg-url@14.2.0/node_modules/[4mwhatwg-url[24m/lib/URL-impl.js:20:13[90m)[39m
      at Object.exports.setup [90m(/home/matt/workspace/.autogame-worktrees/client-disposeone-disposeavatar-dispose-geometry-materials-s-jah8/game/[39mnode_modules/[4m.pnpm[24m/whatwg-url@14.2.0/node_modules/[4mwhatwg-url[24m/lib/URL.js:54:12[90m)[39m
      at new URL [90m(/home/matt/workspace/.autogame-worktrees/client-disposeone-disposeavatar-dispose-geometry-materials-s-jah8/game/[39mnode_modules/[4m.pnpm[24m/whatwg-url@14.2.0/node_modules/[4mwhatwg-url[24m/lib/URL.js:115:22[90m)[39m
  [90m    at new Request (node:internal/deps/undici/undici:9586:25)[39m
      at FileLoader.load [90m(file:///home/matt/workspace/.autogame-worktrees/client-disposeone-disposeavatar-dispose-geometry-materials-s-jah8/game/[39mnode_modules/[4m.pnpm[24m/three@0.184.0/node_modules/[4mthree[24m/build/three.core.js:44150:15[90m)[39m
      at GLTFLoader.load [90m(file:///home/matt/workspace/.autogame-worktrees/client-disposeone-disposeavatar-dispose-geometry-materials-s-jah8/game/[39mnode_modules/[4m.pnpm[24m/three@0.184.0/node_modules/[4mthree[24m/examples/jsm/loaders/GLTFLoader.js:319:10[90m)[39m
      at [90m/home/matt/workspace/.autogame-worktrees/client-disposeone-disposeavatar-dispose-geometry-materials-s-jah8/game/[39mclient/models.js:126:11
      at new Promise (<anonymous>)
      at loadModel [90m(/home/matt/workspace/.autogame-worktrees/client-disposeone-disposeavatar-dispose-geometry-materials-s-jah8/game/[39mclient/models.js:117:11[90m)[39m
      at attachRegistryModel [90m(/home/matt/workspace/.autogame-worktrees/client-disposeone-disposeavatar-dispose-geometry-materials-s-jah8/game/[39mclient/renderer.js:643:11[90m)[39m
}
[renderer] failed to apply model "/models/grunt.glb" for "grunt": TypeError: Failed to parse URL from /models/grunt.glb
[90m    at new Request (node:internal/deps/undici/undici:9588:19)[39m
    at FileLoader.load [90m(file:///home/matt/workspace/.autogame-worktrees/client-disposeone-disposeavatar-dispose-geometry-materials-s-jah8/game/[39mnode_modules/[4m.pnpm[24m/three@0.184.0/node_modules/[4mthree[24m/build/three.core.js:44150:15[90m)[39m
[90m    ... 4 lines matching cause stack trace ...[39m
    at attachRegistryModel [90m(/home/matt/workspace/.autogame-worktrees/client-disposeone-disposeavatar-dispose-geometry-materials-s-jah8/game/[39mclient/renderer.js:643:11[90m)[39m
    at createEnemyMesh [90m(/home/matt/workspace/.autogame-worktrees/client-disposeone-disposeavatar-dispose-geometry-materials-s-jah8/game/[39mclient/renderer.js:3151:2[90m)[39m
    at animate [90m(/home/matt/workspace/.autogame-worktrees/client-disposeone-disposeavatar-dispose-geometry-materials-s-jah8/game/[39mclient/renderer.js:6456:18[90m)[39m
    at [90m/home/matt/workspace/.autogame-worktrees/client-disposeone-disposeavatar-dispose-geometry-materials-s-jah8/game/[39mclient/test/renderer-shield-bar.test.js:75:3 {
  [cause]: TypeError: Invalid URL: /models/grunt.glb
      at new URLImpl [90m(/home/matt/workspace/.autogame-worktrees/client-disposeone-disposeavatar-dispose-geometry-materials-s-jah8/game/[39mnode_modules/[4m.pnpm[24m/whatwg-url@14.2.0/node_modules/[4mwhatwg-url[24m/lib/URL-impl.js:20:13[90m)[39m
      at Object.exports.setup [90m(/home/matt/workspace/.autogame-worktrees/client-disposeone-disposeavatar-dispose-geometry-materials-s-jah8/game/[39mnode_modules/[4m.pnpm[24m/whatwg-url@14.2.0/node_modules/[4mwhatwg-url[24m/lib/URL.js:54:12[90m)[39m
      at new URL [90m(/home/matt/workspace/.autogame-worktrees/client-disposeone-disposeavatar-dispose-geometry-materials-s-jah8/game/[39mnode_modules/[4m.pnpm[24m/whatwg-url@14.2.0/node_modules/[4mwhatwg-url[24m/lib/URL.js:115:22[90m)[39m
  [90m    at new Request (node:internal/deps/undici/undici:9586:25)[39m
      at FileLoader.load [90m(file:///home/matt/workspace/.autogame-worktrees/client-disposeone-disposeavatar-dispose-geometry-materials-s-jah8/game/[39mnode_modules/[4m.pnpm[24m/three@0.184.0/node_modules/[4mthree[24m/build/three.core.js:44150:15[90m)[39m
      at GLTFLoader.load [90m(file:///home/matt/workspace/.autogame-worktrees/client-disposeone-disposeavatar-dispose-geometry-materials-s-jah8/game/[39mnode_modules/[4m.pnpm[24m/three@0.184.0/node_modules/[4mthree[24m/examples/jsm/loaders/GLTFLoader.js:319:10[90m)[39m
      at [90m/home/matt/workspace/.autogame-worktrees/client-disposeone-disposeavatar-dispose-geometry-materials-s-jah8/game/[39mclient/models.js:126:11
      at new Promise (<anonymous>)
      at loadModel [90m(/home/matt/workspace/.autogame-worktrees/client-disposeone-disposeavatar-dispose-geometry-materials-s-jah8/game/[39mclient/models.js:117:11[90m)[39m
      at attachRegistryModel [90m(/home/matt/workspace/.autogame-worktrees/client-disposeone-disposeavatar-dispose-geometry-materials-s-jah8/game/[39mclient/renderer.js:643:11[90m)[39m
}

 ✓ |client| client/test/renderer-minion-summon.test.js (2 tests) 800ms
   ✓ minion summon scale-in > records spawn time and starts new minion meshes below full scale  550ms
 ✓ |client| client/test/hub-lobby-render.test.js (2 tests) 547ms
   ✓ hub lobby render > renders the hub during the lobby and spawns the local avatar on the hub floor  306ms
stdout | client/test/questBooth.test.js > quest booth booth:action hook (main.js) > reveals and scrolls the quest panel into view for boothId quest in lobby and ignores other booths
[launchBooth] ready-up via booth
[launchBooth] ready-up via booth

stdout | client/test/renderer-loot.test.js > renderer loot helpers > markLootCollected plays loot SFX only for magic stone pickups
[initScene] Initializing Three.js scene...

stdout | client/test/renderer-spike-trap.test.js > spike trap persistent hazard reconcile > does NOT create a hazard mesh for cinder_snare enchantments
[initScene] Initializing Three.js scene...

stdout | client/test/fire-atmosphere.test.js > fire-cavern atmosphere > resetAtmosphere restores default background and removes fog
[initScene] Initializing Three.js scene...

stdout | client/test/boothPrompt.test.js > booth interaction prompt > emits boothInteract for the in-range booth and nothing when out of range
[initScene] Initializing Three.js scene...

 ✓ |client| client/test/avatar-cosmetic-render.test.js (3 tests) 855ms
   ✓ avatar cosmetic render (hub + in-run) > rebuilds avatar when cosmetic changes between animate() calls  404ms
stdout | client/test/lobby-menu-dismiss.test.js > lobby menu dismiss guard (main.js) > dismissGameLobby then lobby-phase stateUpdate keeps #lobby hidden
[initScene] Initializing Three.js scene...

stdout | client/test/spire-atmosphere.test.js > spire-ascent atmosphere > rebuildDungeonLayout re-inits spire atmosphere when swapping layouts
[initScene] Initializing Three.js scene...

stdout | client/test/renderer-shield-bar.test.js > enemy shield bar > does not create a shield bar when shieldHp is absent or zero
[initScene] Initializing Three.js scene...

stdout | client/test/renderer-variant.test.js > warded variant visuals > applyVariantMarker uses per-variant badge colors on the marker mesh
[initScene] Initializing Three.js scene...

 ✓ |client| client/test/boothDeck.test.js (4 tests) 894ms
   ✓ deck booth via booth:action > opens the loadout bay when booth:action targets the deck booth  433ms
   ✓ deck booth via booth:action > populates the deck editor and deck-add still emits deckAddCard  436ms
stdout | client/test/key-item-dodge.test.js > dash VFX > triggerDashVFX applies squash scale when a player mesh exists
[initScene] Initializing Three.js scene...

 ✓ |client| client/test/spire-atmosphere.test.js (4 tests) 931ms
   ✓ spire-ascent atmosphere > lerpSpireAtmosphere(0) is darker than lerpSpireAtmosphere(1) for background and fog  315ms
   ✓ spire-ascent atmosphere > resetAtmosphere restores default background and removes fog  322ms
 ✓ |client| client/test/boothPrompt.test.js (5 tests) 910ms
   ✓ booth interaction prompt > shows the prompt on zone enter and hides it on exit  418ms
stdout | client/test/hub-presence-avatars.test.js > hub presence avatars (lobby) > applyHubPresence sequence updates remote mesh position and cosmeticKey
[initScene] Initializing Three.js scene...

 ✓ |client| client/test/renderer-shield-bar.test.js (4 tests) 1104ms
   ✓ enemy shield bar > createEnemyShieldBarMesh uses cyan above the enemy half-height  452ms
   ✓ enemy shield bar > animate sync creates, updates, and disposes shield bars from game state  385ms
stdout | client/test/renderer-loot.test.js > renderer loot helpers > updateCollectingLoot disposes cloned loot materials when animation finishes
[initScene] Initializing Three.js scene...

stdout | client/test/fire-atmosphere.test.js > fire-cavern atmosphere > rebuildDungeonLayout re-inits fire atmosphere when swapping layouts
[initScene] Initializing Three.js scene...

 ✓ |client| client/test/fire-atmosphere.test.js (4 tests) 1100ms
   ✓ fire-cavern atmosphere > lerpFireCavernAtmosphere(1) has higher red/orange channel sum than lerpFireCavernAtmosphere(0)  328ms
   ✓ fire-cavern atmosphere > resetAtmosphere restores default background and removes fog  350ms
 ✓ |client| client/test/renderer-loot.test.js (4 tests) 1220ms
   ✓ renderer loot helpers > getPickedUpLootIds reflects lootPickupAttempts after walk-over pickup  551ms
stdout | client/test/lobby-menu-dismiss.test.js > lobby menu dismiss guard (main.js) > hubPresenceUpdate and applyHubPresence while dismissed do not show #lobby
[initScene] Initializing Three.js scene...

stdout | client/test/hub-presence-avatars.test.js > hub presence avatars (lobby) > applyHubPresence removedPlayerIds disposes remote avatar mesh
[initScene] Initializing Three.js scene...

 ✓ |client| client/test/debug-hatswap-hook.test.js (3 tests) 1185ms
   ✓ ?booth=hatswap debug hook (main.js requestBoothDebugOpen) > opens the character booth and requests hats-unlocked once on localhost  459ms
   ✓ ?booth=hatswap debug hook (main.js requestBoothDebugOpen) > does nothing for ?booth=hatswap on a non-localhost host  450ms
 ✓ |client-glb| client/test/playerModel.test.js (5 tests) 113ms
 ✓ |client| client/test/boothShop.test.js (5 tests) 1253ms
   ✓ shop booth via booth:action > opens the card shop when booth:action targets the shop booth  449ms
   ✓ shop booth via booth:action > emits buyShopCard when the buy button is clicked after booth open  451ms
stdout | client/test/lobby-menu-dismiss.test.js > lobby menu dismiss guard (main.js) > deck booth open shows #lobby and clears the dismissed flag
[initScene] Initializing Three.js scene...

 ✓ |client| client/test/hub-presence-avatars.test.js (4 tests) 1241ms
   ✓ hub presence avatars (lobby) > builds meshes for local and remote lobby players  443ms
   ✓ hub presence avatars (lobby) > moves the remote mesh when hub presence coordinates change  300ms
   ✓ hub presence avatars (lobby) > applyHubPresence sequence updates remote mesh position and cosmeticKey  314ms
 ✓ |client| client/test/renderer-variant.test.js (6 tests) 1737ms
   ✓ warded variant visuals > variantMarkerColor returns cyan for warded and magenta for other variants  785ms
 ✓ |client| client/test/renderer-telepipe-portal.test.js (7 tests) 1478ms
   ✓ telepipe portal animation > creates a Group with cylinder, two rings, and particle children  468ms
   ✓ telepipe portal animation > removes and disposes portal mesh when telepipe is cleared  314ms
stderr | client/test/model-cache-shared.test.js > model cache shared marking > leaves failed/null loads unchanged
[models] failed to load model "/models/__missing__.glb": Error: 404
    at t.<anonymous> [90m(/home/matt/workspace/.autogame-worktrees/client-disposeone-disposeavatar-dispose-geometry-materials-s-jah8/game/[39mclient/test/model-cache-shared.test.js:100:12[90m)[39m
    at t.mockCall [90m(file:///home/matt/workspace/.autogame-worktrees/client-disposeone-disposeavatar-dispose-geometry-materials-s-jah8/game/[39mnode_modules/[4m.pnpm[24m/@vitest+spy@3.2.4/node_modules/[4m@vitest[24m/spy/dist/index.js:96:15[90m)[39m
    at t.spy [as load] [90m(file:///home/matt/workspace/.autogame-worktrees/client-disposeone-disposeavatar-dispose-geometry-materials-s-jah8/game/[39mnode_modules/[4m.pnpm[24m/tinyspy@4.0.4/node_modules/[4mtinyspy[24m/dist/index.js:47:80[90m)[39m
    at [90m/home/matt/workspace/.autogame-worktrees/client-disposeone-disposeavatar-dispose-geometry-materials-s-jah8/game/[39mclient/models.js:126:11
    at new Promise (<anonymous>)
    at Module.loadModel [90m(/home/matt/workspace/.autogame-worktrees/client-disposeone-disposeavatar-dispose-geometry-materials-s-jah8/game/[39mclient/models.js:117:11[90m)[39m
    at [90m/home/matt/workspace/.autogame-worktrees/client-disposeone-disposeavatar-dispose-geometry-materials-s-jah8/game/[39mclient/test/model-cache-shared.test.js:103:24
    at [90mfile:///home/matt/workspace/.autogame-worktrees/client-disposeone-disposeavatar-dispose-geometry-materials-s-jah8/game/[39mnode_modules/[4m.pnpm[24m/@vitest+runner@3.2.4/node_modules/[4m@vitest[24m/runner/dist/chunk-hooks.js:155:11
    at [90mfile:///home/matt/workspace/.autogame-worktrees/client-disposeone-disposeavatar-dispose-geometry-materials-s-jah8/game/[39mnode_modules/[4m.pnpm[24m/@vitest+runner@3.2.4/node_modules/[4m@vitest[24m/runner/dist/chunk-hooks.js:752:26
    at [90mfile:///home/matt/workspace/.autogame-worktrees/client-disposeone-disposeavatar-dispose-geometry-materials-s-jah8/game/[39mnode_modules/[4m.pnpm[24m/@vitest+runner@3.2.4/node_modules/[4m@vitest[24m/runner/dist/chunk-hooks.js:1897:20

 ✓ |client| client/test/renderer-spike-trap.test.js (5 tests) 1409ms
   ✓ spike trap persistent hazard reconcile > creates a persistent mesh keyed by enc.id and positions it at enc.x/z  461ms
   ✓ SPIKE_TRAP_TRIGGERED handler > spawns the eruption VFX at the reported x/z/radius  334ms
 ✓ |client| client/test/key-item-dodge.test.js (4 tests) 1772ms
   ✓ key item cooldown HUD > updateKeyItemCooldownHud toggles cooldown class and countdown text  889ms
   ✓ key item cooldown HUD > flashKeyItemIndicator adds flash-success then clears after timeout  442ms
 ✓ |client| client/test/model-cache-shared.test.js (3 tests) 16ms
stdout | client/test/debug-godmode.test.js > debug godmode toggle (main.js) > mirrors debugGodmode onto local player when toggle succeeds
[debugGodmode] enabled
[debugGodmode] enabled
[debugGodmode] enabled
[debugGodmode] enabled
[debugGodmode] enabled

stdout | client/test/lobby-menu-dismiss.test.js > lobby menu dismiss guard (main.js) > shop booth open shows #lobby and clears the dismissed flag
[initScene] Initializing Three.js scene...

stdout | client/test/main.test.js > cardError handler — server hand rejection > shows a toast when the server rejects an unauthorized card use
[cardError] Card not in hand
[cardError] Card not in hand
[cardError] Card not in hand
[cardError] Card not in hand
[cardError] Card not in hand

stdout | client/test/debug-godmode.test.js > debug godmode toggle (main.js) > keeps debugGodmode false across stateUpdate after godmode-off debugGodmodeResult
[debugGodmode] enabled
[debugGodmode] enabled
[debugGodmode] enabled
[debugGodmode] enabled
[debugGodmode] enabled
[debugGodmode] enabled
[debugGodmode] disabled
[debugGodmode] disabled
[debugGodmode] disabled
[debugGodmode] disabled
[debugGodmode] disabled
[debugGodmode] disabled

stderr | client/test/main.test.js > createEnemyMesh() > creates a red cone for grunt (default) type
[renderer] failed to apply model "/models/grunt.glb" for "grunt": TypeError: Failed to parse URL from /models/grunt.glb
[90m    at new Request (node:internal/deps/undici/undici:9588:19)[39m
    at FileLoader.load [90m(file:///home/matt/workspace/.autogame-worktrees/client-disposeone-disposeavatar-dispose-geometry-materials-s-jah8/game/[39mnode_modules/[4m.pnpm[24m/three@0.184.0/node_modules/[4mthree[24m/build/three.core.js:44150:15[90m)[39m
[90m    ... 4 lines matching cause stack trace ...[39m
    at attachRegistryModel [90m(/home/matt/workspace/.autogame-worktrees/client-disposeone-disposeavatar-dispose-geometry-materials-s-jah8/game/[39mclient/renderer.js:643:11[90m)[39m
    at createEnemyMesh [90m(/home/matt/workspace/.autogame-worktrees/client-disposeone-disposeavatar-dispose-geometry-materials-s-jah8/game/[39mclient/renderer.js:3151:2[90m)[39m
    at [90m/home/matt/workspace/.autogame-worktrees/client-disposeone-disposeavatar-dispose-geometry-materials-s-jah8/game/[39mclient/test/main.test.js:2598:23
    at [90mfile:///home/matt/workspace/.autogame-worktrees/client-disposeone-disposeavatar-dispose-geometry-materials-s-jah8/game/[39mnode_modules/[4m.pnpm[24m/@vitest+runner@3.2.4/node_modules/[4m@vitest[24m/runner/dist/chunk-hooks.js:752:20 {
  [cause]: TypeError: Invalid URL: /models/grunt.glb
      at new URLImpl [90m(/home/matt/workspace/.autogame-worktrees/client-disposeone-disposeavatar-dispose-geometry-materials-s-jah8/game/[39mnode_modules/[4m.pnpm[24m/whatwg-url@14.2.0/node_modules/[4mwhatwg-url[24m/lib/URL-impl.js:20:13[90m)[39m
      at Object.exports.setup [90m(/home/matt/workspace/.autogame-worktrees/client-disposeone-disposeavatar-dispose-geometry-materials-s-jah8/game/[39mnode_modules/[4m.pnpm[24m/whatwg-url@14.2.0/node_modules/[4mwhatwg-url[24m/lib/URL.js:54:12[90m)[39m
      at new URL [90m(/home/matt/workspace/.autogame-worktrees/client-disposeone-disposeavatar-dispose-geometry-materials-s-jah8/game/[39mnode_modules/[4m.pnpm[24m/whatwg-url@14.2.0/node_modules/[4mwhatwg-url[24m/lib/URL.js:115:22[90m)[39m
  [90m    at new Request (node:internal/deps/undici/undici:9586:25)[39m
      at FileLoader.load [90m(file:///home/matt/workspace/.autogame-worktrees/client-disposeone-disposeavatar-dispose-geometry-materials-s-jah8/game/[39mnode_modules/[4m.pnpm[24m/three@0.184.0/node_modules/[4mthree[24m/build/three.core.js:44150:15[90m)[39m
      at GLTFLoader.load [90m(file:///home/matt/workspace/.autogame-worktrees/client-disposeone-disposeavatar-dispose-geometry-materials-s-jah8/game/[39mnode_modules/[4m.pnpm[24m/three@0.184.0/node_modules/[4mthree[24m/examples/jsm/loaders/GLTFLoader.js:319:10[90m)[39m
      at [90m/home/matt/workspace/.autogame-worktrees/client-disposeone-disposeavatar-dispose-geometry-materials-s-jah8/game/[39mclient/models.js:126:11
      at new Promise (<anonymous>)
      at loadModel [90m(/home/matt/workspace/.autogame-worktrees/client-disposeone-disposeavatar-dispose-geometry-materials-s-jah8/game/[39mclient/models.js:117:11[90m)[39m
      at attachRegistryModel [90m(/home/matt/workspace/.autogame-worktrees/client-disposeone-disposeavatar-dispose-geometry-materials-s-jah8/game/[39mclient/renderer.js:643:11[90m)[39m
}

stderr | client/test/main.test.js > createEnemyMesh() > creates an orange cone for skirmisher type
[renderer] failed to apply model "/models/skirmisher.glb" for "skirmisher": TypeError: Failed to parse URL from /models/skirmisher.glb
[90m    at new Request (node:internal/deps/undici/undici:9588:19)[39m
    at FileLoader.load [90m(file:///home/matt/workspace/.autogame-worktrees/client-disposeone-disposeavatar-dispose-geometry-materials-s-jah8/game/[39mnode_modules/[4m.pnpm[24m/three@0.184.0/node_modules/[4mthree[24m/build/three.core.js:44150:15[90m)[39m
[90m    ... 4 lines matching cause stack trace ...[39m
    at attachRegistryModel [90m(/home/matt/workspace/.autogame-worktrees/client-disposeone-disposeavatar-dispose-geometry-materials-s-jah8/game/[39mclient/renderer.js:643:11[90m)[39m
    at createEnemyMesh [90m(/home/matt/workspace/.autogame-worktrees/client-disposeone-disposeavatar-dispose-geometry-materials-s-jah8/game/[39mclient/renderer.js:3151:2[90m)[39m
    at [90m/home/matt/workspace/.autogame-worktrees/client-disposeone-disposeavatar-dispose-geometry-materials-s-jah8/game/[39mclient/test/main.test.js:2610:23
    at [90mfile:///home/matt/workspace/.autogame-worktrees/client-disposeone-disposeavatar-dispose-geometry-materials-s-jah8/game/[39mnode_modules/[4m.pnpm[24m/@vitest+runner@3.2.4/node_modules/[4m@vitest[24m/runner/dist/chunk-hooks.js:752:20 {
  [cause]: TypeError: Invalid URL: /models/skirmisher.glb
      at new URLImpl [90m(/home/matt/workspace/.autogame-worktrees/client-disposeone-disposeavatar-dispose-geometry-materials-s-jah8/game/[39mnode_modules/[4m.pnpm[24m/whatwg-url@14.2.0/node_modules/[4mwhatwg-url[24m/lib/URL-impl.js:20:13[90m)[39m
      at Object.exports.setup [90m(/home/matt/workspace/.autogame-worktrees/client-disposeone-disposeavatar-dispose-geometry-materials-s-jah8/game/[39mnode_modules/[4m.pnpm[24m/whatwg-url@14.2.0/node_modules/[4mwhatwg-url[24m/lib/URL.js:54:12[90m)[39m
      at new URL [90m(/home/matt/workspace/.autogame-worktrees/client-disposeone-disposeavatar-dispose-geometry-materials-s-jah8/game/[39mnode_modules/[4m.pnpm[24m/whatwg-url@14.2.0/node_modules/[4mwhatwg-url[24m/lib/URL.js:115:22[90m)[39m
  [90m    at new Request (node:internal/deps/undici/undici:9586:25)[39m
      at FileLoader.load [90m(file:///home/matt/workspace/.autogame-worktrees/client-disposeone-disposeavatar-dispose-geometry-materials-s-jah8/game/[39mnode_modules/[4m.pnpm[24m/three@0.184.0/node_modules/[4mthree[24m/build/three.core.js:44150:15[90m)[39m
      at GLTFLoader.load [90m(file:///home/matt/workspace/.autogame-worktrees/client-disposeone-disposeavatar-dispose-geometry-materials-s-jah8/game/[39mnode_modules/[4m.pnpm[24m/three@0.184.0/node_modules/[4mthree[24m/examples/jsm/loaders/GLTFLoader.js:319:10[90m)[39m
      at [90m/home/matt/workspace/.autogame-worktrees/client-disposeone-disposeavatar-dispose-geometry-materials-s-jah8/game/[39mclient/models.js:126:11
      at new Promise (<anonymous>)
      at loadModel [90m(/home/matt/workspace/.autogame-worktrees/client-disposeone-disposeavatar-dispose-geometry-materials-s-jah8/game/[39mclient/models.js:117:11[90m)[39m
      at attachRegistryModel [90m(/home/matt/workspace/.autogame-worktrees/client-disposeone-disposeavatar-dispose-geometry-materials-s-jah8/game/[39mclient/renderer.js:643:11[90m)[39m
}

stderr | client/test/main.test.js > createEnemyMesh() > creates a teal octahedron for spawner type
[renderer] failed to apply model "/models/spawner.glb" for "spawner": TypeError: Failed to parse URL from /models/spawner.glb
[90m    at new Request (node:internal/deps/undici/undici:9588:19)[39m
    at FileLoader.load [90m(file:///home/matt/workspace/.autogame-worktrees/client-disposeone-disposeavatar-dispose-geometry-materials-s-jah8/game/[39mnode_modules/[4m.pnpm[24m/three@0.184.0/node_modules/[4mthree[24m/build/three.core.js:44150:15[90m)[39m
[90m    ... 4 lines matching cause stack trace ...[39m
    at attachRegistryModel [90m(/home/matt/workspace/.autogame-worktrees/client-disposeone-disposeavatar-dispose-geometry-materials-s-jah8/game/[39mclient/renderer.js:643:11[90m)[39m
    at createEnemyMesh [90m(/home/matt/workspace/.autogame-worktrees/client-disposeone-disposeavatar-dispose-geometry-materials-s-jah8/game/[39mclient/renderer.js:3151:2[90m)[39m
    at [90m/home/matt/workspace/.autogame-worktrees/client-disposeone-disposeavatar-dispose-geometry-materials-s-jah8/game/[39mclient/test/main.test.js:2620:23
    at [90mfile:///home/matt/workspace/.autogame-worktrees/client-disposeone-disposeavatar-dispose-geometry-materials-s-jah8/game/[39mnode_modules/[4m.pnpm[24m/@vitest+runner@3.2.4/node_modules/[4m@vitest[24m/runner/dist/chunk-hooks.js:752:20 {
  [cause]: TypeError: Invalid URL: /models/spawner.glb
      at new URLImpl [90m(/home/matt/workspace/.autogame-worktrees/client-disposeone-disposeavatar-dispose-geometry-materials-s-jah8/game/[39mnode_modules/[4m.pnpm[24m/whatwg-url@14.2.0/node_modules/[4mwhatwg-url[24m/lib/URL-impl.js:20:13[90m)[39m
      at Object.exports.setup [90m(/home/matt/workspace/.autogame-worktrees/client-disposeone-disposeavatar-dispose-geometry-materials-s-jah8/game/[39mnode_modules/[4m.pnpm[24m/whatwg-url@14.2.0/node_modules/[4mwhatwg-url[24m/lib/URL.js:54:12[90m)[39m
      at new URL [90m(/home/matt/workspace/.autogame-worktrees/client-disposeone-disposeavatar-dispose-geometry-materials-s-jah8/game/[39mnode_modules/[4m.pnpm[24m/whatwg-url@14.2.0/node_modules/[4mwhatwg-url[24m/lib/URL.js:115:22[90m)[39m
  [90m    at new Request (node:internal/deps/undici/undici:9586:25)[39m
      at FileLoader.load [90m(file:///home/matt/workspace/.autogame-worktrees/client-disposeone-disposeavatar-dispose-geometry-materials-s-jah8/game/[39mnode_modules/[4m.pnpm[24m/three@0.184.0/node_modules/[4mthree[24m/build/three.core.js:44150:15[90m)[39m
      at GLTFLoader.load [90m(file:///home/matt/workspace/.autogame-worktrees/client-disposeone-disposeavatar-dispose-geometry-materials-s-jah8/game/[39mnode_modules/[4m.pnpm[24m/three@0.184.0/node_modules/[4mthree[24m/examples/jsm/loaders/GLTFLoader.js:319:10[90m)[39m
      at [90m/home/matt/workspace/.autogame-worktrees/client-disposeone-disposeavatar-dispose-geometry-materials-s-jah8/game/[39mclient/models.js:126:11
      at new Promise (<anonymous>)
      at loadModel [90m(/home/matt/workspace/.autogame-worktrees/client-disposeone-disposeavatar-dispose-geometry-materials-s-jah8/game/[39mclient/models.js:117:11[90m)[39m
      at attachRegistryModel [90m(/home/matt/workspace/.autogame-worktrees/client-disposeone-disposeavatar-dispose-geometry-materials-s-jah8/game/[39mclient/renderer.js:643:11[90m)[39m
}

stderr | client/test/main.test.js > createEnemyMesh() > creates a warm emissive octahedron for ember_wraith type
[renderer] failed to apply model "/models/grunt.glb" for "grunt": TypeError: Failed to parse URL from /models/grunt.glb
[90m    at new Request (node:internal/deps/undici/undici:9588:19)[39m
    at FileLoader.load [90m(file:///home/matt/workspace/.autogame-worktrees/client-disposeone-disposeavatar-dispose-geometry-materials-s-jah8/game/[39mnode_modules/[4m.pnpm[24m/three@0.184.0/node_modules/[4mthree[24m/build/three.core.js:44150:15[90m)[39m
[90m    ... 4 lines matching cause stack trace ...[39m
    at attachRegistryModel [90m(/home/matt/workspace/.autogame-worktrees/client-disposeone-disposeavatar-dispose-geometry-materials-s-jah8/game/[39mclient/renderer.js:643:11[90m)[39m
    at createEnemyMesh [90m(/home/matt/workspace/.autogame-worktrees/client-disposeone-disposeavatar-dispose-geometry-materials-s-jah8/game/[39mclient/renderer.js:3151:2[90m)[39m
    at [90m/home/matt/workspace/.autogame-worktrees/client-disposeone-disposeavatar-dispose-geometry-materials-s-jah8/game/[39mclient/test/main.test.js:2598:23
    at [90mfile:///home/matt/workspace/.autogame-worktrees/client-disposeone-disposeavatar-dispose-geometry-materials-s-jah8/game/[39mnode_modules/[4m.pnpm[24m/@vitest+runner@3.2.4/node_modules/[4m@vitest[24m/runner/dist/chunk-hooks.js:752:20 {
  [cause]: TypeError: Invalid URL: /models/grunt.glb
      at new URLImpl [90m(/home/matt/workspace/.autogame-worktrees/client-disposeone-disposeavatar-dispose-geometry-materials-s-jah8/game/[39mnode_modules/[4m.pnpm[24m/whatwg-url@14.2.0/node_modules/[4mwhatwg-url[24m/lib/URL-impl.js:20:13[90m)[39m
      at Object.exports.setup [90m(/home/matt/workspace/.autogame-worktrees/client-disposeone-disposeavatar-dispose-geometry-materials-s-jah8/game/[39mnode_modules/[4m.pnpm[24m/whatwg-url@14.2.0/node_modules/[4mwhatwg-url[24m/lib/URL.js:54:12[90m)[39m
      at new URL [90m(/home/matt/workspace/.autogame-worktrees/client-disposeone-disposeavatar-dispose-geometry-materials-s-jah8/game/[39mnode_modules/[4m.pnpm[24m/whatwg-url@14.2.0/node_modules/[4mwhatwg-url[24m/lib/URL.js:115:22[90m)[39m
  [90m    at new Request (node:internal/deps/undici/undici:9586:25)[39m
      at FileLoader.load [90m(file:///home/matt/workspace/.autogame-worktrees/client-disposeone-disposeavatar-dispose-geometry-materials-s-jah8/game/[39mnode_modules/[4m.pnpm[24m/three@0.184.0/node_modules/[4mthree[24m/build/three.core.js:44150:15[90m)[39m
      at GLTFLoader.load [90m(file:///home/matt/workspace/.autogame-worktrees/client-disposeone-disposeavatar-dispose-geometry-materials-s-jah8/game/[39mnode_modules/[4m.pnpm[24m/three@0.184.0/node_modules/[4mthree[24m/examples/jsm/loaders/GLTFLoader.js:319:10[90m)[39m
      at [90m/home/matt/workspace/.autogame-worktrees/client-disposeone-disposeavatar-dispose-geometry-materials-s-jah8/game/[39mclient/models.js:126:11
      at new Promise (<anonymous>)
      at loadModel [90m(/home/matt/workspace/.autogame-worktrees/client-disposeone-disposeavatar-dispose-geometry-materials-s-jah8/game/[39mclient/models.js:117:11[90m)[39m
      at attachRegistryModel [90m(/home/matt/workspace/.autogame-worktrees/client-disposeone-disposeavatar-dispose-geometry-materials-s-jah8/game/[39mclient/renderer.js:643:11[90m)[39m
}

stderr | client/test/main.test.js > createEnemyMesh() > creates a purple cone for miniboss type
[renderer] failed to apply model "/models/miniboss.glb" for "miniboss": TypeError: Failed to parse URL from /models/miniboss.glb
[90m    at new Request (node:internal/deps/undici/undici:9588:19)[39m
    at FileLoader.load [90m(file:///home/matt/workspace/.autogame-worktrees/client-disposeone-disposeavatar-dispose-geometry-materials-s-jah8/game/[39mnode_modules/[4m.pnpm[24m/three@0.184.0/node_modules/[4mthree[24m/build/three.core.js:44150:15[90m)[39m
[90m    ... 4 lines matching cause stack trace ...[39m
    at attachRegistryModel [90m(/home/matt/workspace/.autogame-worktrees/client-disposeone-disposeavatar-dispose-geometry-materials-s-jah8/game/[39mclient/renderer.js:643:11[90m)[39m
    at createEnemyMesh [90m(/home/matt/workspace/.autogame-worktrees/client-disposeone-disposeavatar-dispose-geometry-materials-s-jah8/game/[39mclient/renderer.js:3151:2[90m)[39m
    at [90m/home/matt/workspace/.autogame-worktrees/client-disposeone-disposeavatar-dispose-geometry-materials-s-jah8/game/[39mclient/test/main.test.js:2662:23
    at [90mfile:///home/matt/workspace/.autogame-worktrees/client-disposeone-disposeavatar-dispose-geometry-materials-s-jah8/game/[39mnode_modules/[4m.pnpm[24m/@vitest+runner@3.2.4/node_modules/[4m@vitest[24m/runner/dist/chunk-hooks.js:752:20 {
  [cause]: TypeError: Invalid URL: /models/miniboss.glb
      at new URLImpl [90m(/home/matt/workspace/.autogame-worktrees/client-disposeone-disposeavatar-dispose-geometry-materials-s-jah8/game/[39mnode_modules/[4m.pnpm[24m/whatwg-url@14.2.0/node_modules/[4mwhatwg-url[24m/lib/URL-impl.js:20:13[90m)[39m
      at Object.exports.setup [90m(/home/matt/workspace/.autogame-worktrees/client-disposeone-disposeavatar-dispose-geometry-materials-s-jah8/game/[39mnode_modules/[4m.pnpm[24m/whatwg-url@14.2.0/node_modules/[4mwhatwg-url[24m/lib/URL.js:54:12[90m)[39m
      at new URL [90m(/home/matt/workspace/.autogame-worktrees/client-disposeone-disposeavatar-dispose-geometry-materials-s-jah8/game/[39mnode_modules/[4m.pnpm[24m/whatwg-url@14.2.0/node_modules/[4mwhatwg-url[24m/lib/URL.js:115:22[90m)[39m
  [90m    at new Request (node:internal/deps/undici/undici:9586:25)[39m
      at FileLoader.load [90m(file:///home/matt/workspace/.autogame-worktrees/client-disposeone-disposeavatar-dispose-geometry-materials-s-jah8/game/[39mnode_modules/[4m.pnpm[24m/three@0.184.0/node_modules/[4mthree[24m/build/three.core.js:44150:15[90m)[39m
      at GLTFLoader.load [90m(file:///home/matt/workspace/.autogame-worktrees/client-disposeone-disposeavatar-dispose-geometry-materials-s-jah8/game/[39mnode_modules/[4m.pnpm[24m/three@0.184.0/node_modules/[4mthree[24m/examples/jsm/loaders/GLTFLoader.js:319:10[90m)[39m
      at [90m/home/matt/workspace/.autogame-worktrees/client-disposeone-disposeavatar-dispose-geometry-materials-s-jah8/game/[39mclient/models.js:126:11
      at new Promise (<anonymous>)
      at loadModel [90m(/home/matt/workspace/.autogame-worktrees/client-disposeone-disposeavatar-dispose-geometry-materials-s-jah8/game/[39mclient/models.js:117:11[90m)[39m
      at attachRegistryModel [90m(/home/matt/workspace/.autogame-worktrees/client-disposeone-disposeavatar-dispose-geometry-materials-s-jah8/game/[39mclient/renderer.js:643:11[90m)[39m
}

 ✓ |client| client/test/lobby-menu-dismiss.test.js (6 tests) 1599ms
   ✓ lobby menu dismiss guard (main.js) > hub lobby join starts with #lobby hidden and lobbyMenuDismissed true  480ms
   ✓ lobby menu dismiss guard (main.js) > dismissGameLobby then lobby-phase stateUpdate keeps #lobby hidden  435ms
 ✓ |client| client/test/local-slow-prediction.test.js (5 tests) 10ms
 ✓ |client| client/test/windup-charge.test.js (10 tests) 8ms
 ✓ |client| client/test/debug-godmode.test.js (7 tests) 1855ms
   ✓ debug godmode toggle (main.js) > Shift+G emits toggleDebugGodmode when debugScenarioAllowed is true  526ms
   ✓ debug godmode toggle (main.js) > Shift+G does not emit toggleDebugGodmode when debugScenarioAllowed is false  419ms
stdout | client/test/characterBooth.test.js > character booth ?booth=character debug hook (main.js) > auto-opens once after hub lobby entry on localhost with ?booth=character
[initScene] Initializing Three.js scene...

 ✓ |client| client/test/questBooth.test.js (17 tests) 1894ms
   ✓ quest booth booth:action hook (main.js) > shows #lobby and reveals the quest panel when the menu starts dismissed  383ms
   ✓ quest booth booth:action hook (main.js) > reveals and scrolls the quest panel into view for boothId quest in lobby and ignores other booths  436ms
stdout | client/test/characterBooth.test.js > character booth ?booth=character debug hook (main.js) > stays closed without the booth URL param
[initScene] Initializing Three.js scene...

 ✓ |client| client/test/characterBooth.test.js (13 tests) 1934ms
stdout | client/test/main.test.js > suspended run resume/abandon UI > resume button triggers the launch-booth ready-up path
[launchBooth] ready-up via booth

 ✓ |client| client/test/main.test.js (178 tests) 3892ms
   ✓ renderDeckEditor() > populates owned card counts and deck size from mock data  379ms
   ✓ __AUTOGAME_HARNESS_STATE__ suspendedRunSummary > clears suspendedRunSummary when stateUpdate reports null after resume or abandon  464ms

 Test Files  35 passed (35)
      Tests  405 passed (405)
   Start at  21:23:44
   Duration  7.29s (transform 3.06s, setup 2.74s, collect 8.65s, tests 32.36s, environment 28.73s, prepare 7.58s)

 % Coverage report from v8
--------------|---------|----------|---------|---------|------------------------
File          | % Stmts | % Branch | % Funcs | % Lines | Uncovered Line #s      
--------------|---------|----------|---------|---------|------------------------
All files     |   62.14 |    60.86 |   61.11 |   62.14 |                        
 cards.js     |   78.77 |    63.33 |   77.77 |   78.77 | ...107,116-130,234-251 
 collision.js |   44.72 |       50 |   77.77 |   44.72 | ...230,238-244,251-255 
 delta.js     |     100 |       50 |     100 |     100 | 12                     
 hand.js      |   55.68 |    70.58 |   41.17 |   55.68 | ...158,175-176,179-182 
--------------|---------|----------|---------|---------|------------------------
