{
  "url": "http://localhost:5174/",
  "ok": true,
  "ticketFile": "/home/matt/workspace/.autogame-worktrees/129-key-item-ground-anchor/tickets/129-key-item-ground-anchor/ticket.md",
  "capturePlanSource": "fallback",
  "capturePlanValid": true,
  "capturePlanAttempts": [],
  "capturePlanSummary": "Deterministic full-flow smoke capture: auth, lobby create/join, ready transition, movement, dodge/key-item with post-dodge cooldown probe.",
  "scenarios": [],
  "screenshots": [
    {
      "file": "01-initial.png",
      "player": "A",
      "description": "Both players in squad lobby."
    },
    {
      "file": "02-after-w.png",
      "player": "A",
      "description": "Gameplay after holding W."
    },
    {
      "file": "03-after-d.png",
      "player": "A",
      "description": "Gameplay after holding D."
    },
    {
      "file": "04-after-dodge.png",
      "player": "A",
      "description": "Gameplay after dodge roll with cooldown HUD."
    }
  ],
  "probes": [
    {
      "player": "A",
      "description": "After readying all players and entering gameplay.",
      "data": {
        "harnessState": {
          "debugScenario": null,
          "debugScenarioAllowed": true,
          "debugScenarioResult": null,
          "myId": "25c6b0d8-25ec-488d-adef-d68b86ff571b",
          "phase": "playing",
          "runStatus": "playing",
          "extracted": false,
          "suspendedRunSummary": null,
          "telepipe": null,
          "connectionState": "connected",
          "sceneInitialized": true,
          "hasCanvas": true,
          "lobbyVisible": false,
          "cardHandVisible": true,
          "status": "Latency: 2ms",
          "hpText": "100/100",
          "msText": "49/99",
          "currencyText": "Money 0",
          "player": {
            "hp": 100,
            "magicStones": 49.08000000000004,
            "debugScenario": null,
            "dead": false,
            "x": -9,
            "z": 9,
            "equippedKeyItemId": "dodge_roll",
            "keyItemCooldownRemaining": 0
          },
          "keyItemIndicatorOnCooldown": false,
          "keyItemIndicatorText": "",
          "players": 2,
          "enemies": 5,
          "enemyHp": [
            {
              "id": "1fea144e-48c0-42d9-bce2-616eaed84de1",
              "hp": 40,
              "maxHp": 40
            },
            {
              "id": "0e0b8fd6-b51d-42d8-b449-8e6558a74ed5",
              "hp": 40,
              "maxHp": 40
            },
            {
              "id": "0a3ef65d-1865-41dd-a3e4-cfc515d6759d",
              "hp": 100,
              "maxHp": 100
            },
            {
              "id": "0f8b9972-e236-4e77-baa3-c6b37cd5c00c",
              "hp": 300,
              "maxHp": 300
            },
            {
              "id": "fc3bd4b4-70ac-4df2-ab11-5ca9b309fa72",
              "hp": 120,
              "maxHp": 120
            }
          ],
          "minions": [],
          "hand": [
            {
              "id": "iron_sword",
              "name": "Rust-Forged Saber",
              "type": "weapon",
              "remainingCharges": 5,
              "charges": 5,
              "activeMinionId": null,
              "burnMaxTtl": null,
              "burnLabel": "5/5",
              "creatureBurning": false,
              "isEvolved": false
            },
            {
              "id": "battle_familiar",
              "name": "Signal Familiar",
              "type": "spell",
              "remainingCharges": 1,
              "charges": 1,
              "activeMinionId": null,
              "burnMaxTtl": null,
              "burnLabel": "1/1",
              "creatureBurning": false,
              "isEvolved": false
            },
            null,
            {
              "id": "battle_familiar",
              "name": "Signal Familiar",
              "type": "spell",
              "remainingCharges": 1,
              "charges": 1,
              "activeMinionId": null,
              "burnMaxTtl": null,
              "burnLabel": "1/1",
              "creatureBurning": false,
              "isEvolved": false
            },
            {
              "id": "dungeon_drake",
              "name": "Vault Wyrm",
              "type": "creature",
              "remainingCharges": 1,
              "charges": 1,
              "activeMinionId": null,
              "burnMaxTtl": null,
              "burnLabel": "1/1",
              "creatureBurning": false,
              "isEvolved": false
            },
            null
          ]
        },
        "keyItemIndicatorOnCooldown": false,
        "keyItemIndicatorText": "",
        "keyItemCooldownRemaining": 0,
        "status": "Latency: 2ms",
        "hasCanvas": true,
        "canvasCount": 2,
        "lobbyVisible": false,
        "cardHandVisible": true,
        "title": "Void Grimoire",
        "bodyText": "👤\nLv\n🔊\n⚙\n25\nLV\n1\nHP\n100/100\nMS\n49/99\nDeck: 8/12\n⟡ 6\n✦ 1\n🐉 1\n✨ 0\nMoney 0\nLatency: 2ms\nInitiate Vault: Purge hostiles from the derelict annex sector.\nPurged 0 / 5 hostiles\n1\n⚔\nRust-Forged Saber\n5/5\n2\n✦\nSignal Familiar\n50 MS\n1/1\n4\n✦\nSignal Familiar\n50 MS\n1/1\n5\n🐉\nVault Wyrm\n1/1"
      }
    },
    {
      "player": "A",
      "description": "After dodge roll — cooldown HUD should be active.",
      "data": {
        "harnessState": {
          "debugScenario": null,
          "debugScenarioAllowed": true,
          "debugScenarioResult": null,
          "myId": "25c6b0d8-25ec-488d-adef-d68b86ff571b",
          "phase": "playing",
          "runStatus": "playing",
          "extracted": false,
          "suspendedRunSummary": null,
          "telepipe": null,
          "connectionState": "connected",
          "sceneInitialized": true,
          "hasCanvas": true,
          "lobbyVisible": false,
          "cardHandVisible": true,
          "status": "Latency: 1ms",
          "hpText": "94/100",
          "msText": "49/99",
          "currencyText": "Money 0",
          "player": {
            "hp": 94,
            "magicStones": 49.540000000000276,
            "debugScenario": null,
            "dead": false,
            "x": -10.9,
            "z": -10.199999999999994,
            "equippedKeyItemId": "dodge_roll",
            "keyItemCooldownRemaining": 397
          },
          "keyItemIndicatorOnCooldown": true,
          "keyItemIndicatorText": "0.4",
          "players": 2,
          "enemies": 6,
          "enemyHp": [
            {
              "id": "1fea144e-48c0-42d9-bce2-616eaed84de1",
              "hp": 40,
              "maxHp": 40
            },
            {
              "id": "0e0b8fd6-b51d-42d8-b449-8e6558a74ed5",
              "hp": 40,
              "maxHp": 40
            },
            {
              "id": "0a3ef65d-1865-41dd-a3e4-cfc515d6759d",
              "hp": 100,
              "maxHp": 100
            },
            {
              "id": "0f8b9972-e236-4e77-baa3-c6b37cd5c00c",
              "hp": 300,
              "maxHp": 300
            },
            {
              "id": "fc3bd4b4-70ac-4df2-ab11-5ca9b309fa72",
              "hp": 120,
              "maxHp": 120
            },
            {
              "id": "e873b77d-1ae4-4e02-b9e3-b444c4853e48",
              "hp": 40,
              "maxHp": 40
            }
          ],
          "minions": [],
          "hand": [
            {
              "id": "iron_sword",
              "name": "Rust-Forged Saber",
              "type": "weapon",
              "remainingCharges": 5,
              "charges": 5,
              "activeMinionId": null,
              "burnMaxTtl": null,
              "burnLabel": "5/5",
              "creatureBurning": false,
              "isEvolved": false
            },
            {
              "id": "battle_familiar",
              "name": "Signal Familiar",
              "type": "spell",
              "remainingCharges": 1,
              "charges": 1,
              "activeMinionId": null,
              "burnMaxTtl": null,
              "burnLabel": "1/1",
              "creatureBurning": false,
              "isEvolved": false
            },
            {
              "id": "battle_familiar",
              "name": "Signal Familiar",
              "type": "spell",
              "remainingCharges": 1,
              "charges": 1,
              "activeMinionId": null,
              "burnMaxTtl": null,
              "burnLabel": "1/1",
              "creatureBurning": false,
              "isEvolved": false
            },
            {
              "id": "battle_familiar",
              "name": "Signal Familiar",
              "type": "spell",
              "remainingCharges": 1,
              "charges": 1,
              "activeMinionId": null,
              "burnMaxTtl": null,
              "burnLabel": "1/1",
              "creatureBurning": false,
              "isEvolved": false
            },
            {
              "id": "dungeon_drake",
              "name": "Vault Wyrm",
              "type": "creature",
              "remainingCharges": 1,
              "charges": 1,
              "activeMinionId": null,
              "burnMaxTtl": null,
              "burnLabel": "1/1",
              "creatureBurning": false,
              "isEvolved": false
            },
            null
          ]
        },
        "keyItemIndicatorOnCooldown": true,
        "keyItemIndicatorText": "0.4",
        "keyItemCooldownRemaining": 397,
        "status": "Latency: 1ms",
        "hasCanvas": true,
        "canvasCount": 2,
        "lobbyVisible": false,
        "cardHandVisible": true,
        "title": "Void Grimoire",
        "bodyText": "👤\nLv\n🔊\n⚙\n25\nLV\n1\nHP\n94/100\nMS\n49/99\nDeck: 7/12\n⟡ 6\n✦ 0\n🐉 1\n✨ 0\nMoney 0\nLatency: 1ms\n0.4\nInitiate Vault: Purge hostiles from the derelict annex sector.\nPurged 0 / 5 hostiles\n1\n⚔\nRust-Forged Saber\n5/5\n2\n✦\nSignal Familiar\n50 MS\n1/1\n3\n✦\nSignal Familiar\n50 MS\n1/1\n4\n✦\nSignal Familiar\n50 MS\n1/1\n5\n🐉\nVault Wyrm\n1/1"
      }
    },
    {
      "player": "A",
      "description": "Final capture probe.",
      "data": {
        "harnessState": {
          "debugScenario": null,
          "debugScenarioAllowed": true,
          "debugScenarioResult": null,
          "myId": "25c6b0d8-25ec-488d-adef-d68b86ff571b",
          "phase": "playing",
          "runStatus": "playing",
          "extracted": false,
          "suspendedRunSummary": null,
          "telepipe": null,
          "connectionState": "connected",
          "sceneInitialized": true,
          "hasCanvas": true,
          "lobbyVisible": false,
          "cardHandVisible": true,
          "status": "Latency: 1ms",
          "hpText": "94/100",
          "msText": "49/99",
          "currencyText": "Money 0",
          "player": {
            "hp": 94,
            "magicStones": 49.5800000000003,
            "debugScenario": null,
            "dead": false,
            "x": -10.9,
            "z": -10.199999999999994,
            "equippedKeyItemId": "dodge_roll",
            "keyItemCooldownRemaining": 0
          },
          "keyItemIndicatorOnCooldown": false,
          "keyItemIndicatorText": "",
          "players": 2,
          "enemies": 6,
          "enemyHp": [
            {
              "id": "1fea144e-48c0-42d9-bce2-616eaed84de1",
              "hp": 40,
              "maxHp": 40
            },
            {
              "id": "0e0b8fd6-b51d-42d8-b449-8e6558a74ed5",
              "hp": 40,
              "maxHp": 40
            },
            {
              "id": "0a3ef65d-1865-41dd-a3e4-cfc515d6759d",
              "hp": 100,
              "maxHp": 100
            },
            {
              "id": "0f8b9972-e236-4e77-baa3-c6b37cd5c00c",
              "hp": 300,
              "maxHp": 300
            },
            {
              "id": "fc3bd4b4-70ac-4df2-ab11-5ca9b309fa72",
              "hp": 120,
              "maxHp": 120
            },
            {
              "id": "e873b77d-1ae4-4e02-b9e3-b444c4853e48",
              "hp": 40,
              "maxHp": 40
            }
          ],
          "minions": [],
          "hand": [
            {
              "id": "iron_sword",
              "name": "Rust-Forged Saber",
              "type": "weapon",
              "remainingCharges": 5,
              "charges": 5,
              "activeMinionId": null,
              "burnMaxTtl": null,
              "burnLabel": "5/5",
              "creatureBurning": false,
              "isEvolved": false
            },
            {
              "id": "battle_familiar",
              "name": "Signal Familiar",
              "type": "spell",
              "remainingCharges": 1,
              "charges": 1,
              "activeMinionId": null,
              "burnMaxTtl": null,
              "burnLabel": "1/1",
              "creatureBurning": false,
              "isEvolved": false
            },
            {
              "id": "battle_familiar",
              "name": "Signal Familiar",
              "type": "spell",
              "remainingCharges": 1,
              "charges": 1,
              "activeMinionId": null,
              "burnMaxTtl": null,
              "burnLabel": "1/1",
              "creatureBurning": false,
              "isEvolved": false
            },
            {
              "id": "battle_familiar",
              "name": "Signal Familiar",
              "type": "spell",
              "remainingCharges": 1,
              "charges": 1,
              "activeMinionId": null,
              "burnMaxTtl": null,
              "burnLabel": "1/1",
              "creatureBurning": false,
              "isEvolved": false
            },
            {
              "id": "dungeon_drake",
              "name": "Vault Wyrm",
              "type": "creature",
              "remainingCharges": 1,
              "charges": 1,
              "activeMinionId": null,
              "burnMaxTtl": null,
              "burnLabel": "1/1",
              "creatureBurning": false,
              "isEvolved": false
            },
            null
          ]
        },
        "keyItemIndicatorOnCooldown": false,
        "keyItemIndicatorText": "",
        "keyItemCooldownRemaining": 0,
        "status": "Latency: 1ms",
        "hasCanvas": true,
        "canvasCount": 2,
        "lobbyVisible": false,
        "cardHandVisible": true,
        "title": "Void Grimoire",
        "bodyText": "👤\nLv\n🔊\n⚙\n25\nLV\n1\nHP\n94/100\nMS\n49/99\nDeck: 7/12\n⟡ 6\n✦ 0\n🐉 1\n✨ 0\nMoney 0\nLatency: 1ms\nInitiate Vault: Purge hostiles from the derelict annex sector.\nPurged 0 / 5 hostiles\n1\n⚔\nRust-Forged Saber\n5/5\n2\n✦\nSignal Familiar\n50 MS\n1/1\n3\n✦\nSignal Familiar\n50 MS\n1/1\n4\n✦\nSignal Familiar\n50 MS\n1/1\n5\n🐉\nVault Wyrm\n1/1"
      }
    }
  ],
  "pageerrors": []
}
