[createLobby] timeout waiting for #lobby visibility: page.waitForFunction: Timeout 10000ms exceeded.
[joinLobby] timeout waiting for #lobby visibility: page.waitForFunction: Timeout 10000ms exceeded.
{
  "url": "http://localhost:5177/",
  "ok": true,
  "ticketFile": "/home/matt/workspace/.autogame-worktrees/run-end-simulation-keeps-running-under-sortie-complete-overl-q3gy/tickets/run-end-simulation-keeps-running-under-sortie-complete-overl-q3gy/ticket.md",
  "capturePlanSource": "fallback",
  "capturePlanValid": true,
  "capturePlanAttempts": [],
  "capturePlanSummary": "Deterministic full-flow smoke capture: auth, lobby create/join, ready transition, movement, dodge/key-item with post-dodge cooldown probe.",
  "scenarios": [],
  "screenshots": [
    {
      "file": "01-initial.png",
      "player": "A",
      "description": "Both players in squad lobby."
    },
    {
      "file": "02-after-w.png",
      "player": "A",
      "description": "Gameplay after holding W."
    },
    {
      "file": "03-after-d.png",
      "player": "A",
      "description": "Gameplay after holding D."
    },
    {
      "file": "04-after-dodge.png",
      "player": "A",
      "description": "Gameplay after dodge roll with cooldown HUD."
    }
  ],
  "probes": [
    {
      "player": "A",
      "description": "After readying all players and entering gameplay.",
      "data": {
        "harnessState": {
          "debugScenario": null,
          "debugScenarioAllowed": true,
          "debugScenarioResult": null,
          "debugGodmodeResult": null,
          "debugTimeScale": 1,
          "debugTimeScaleResult": null,
          "debugTimeScaleAllowed": false,
          "objective": {
            "type": "defeat_enemies",
            "totalEnemies": 6,
            "activeEnemyCount": 2,
            "defeatedEnemies": 0,
            "label": "Initiate Vault: Sweep annex holding pens in scripted waves and breach the deeper vault wing."
          },
          "encounter": null,
          "bossEncounter": null,
          "runObjectiveComplete": false,
          "lastRunSummary": null,
          "sortieCompleteOverlayVisible": false,
          "myId": "7995d84f-61a6-44e1-995d-7d39051509d2",
          "selectedDeck": [
            "64464672-fc63-486a-89a8-19894255b908",
            "802eab02-1e4d-4567-8f04-7ac6574e4aa6",
            "c7fb48f3-aad1-4328-a8c2-c27fc18a52a4",
            "45607fee-ff0a-4415-9f94-9562a2cc2b5c",
            "f24ff08a-16b0-4776-9bf1-fa2aa5be923f",
            "1b3b6c76-86dc-4c49-ae83-848702bd6aaf",
            "025af84d-f44f-4c15-932f-843d77f04927",
            "889f8020-ef44-4b6f-873e-c663d99fff80",
            "7620dbbf-0866-44d0-b122-712b8649801b",
            "f0c3cd32-c77d-4839-a64d-c44f83d35194",
            "7f781ff6-0108-4602-b0f9-1a470303fdc7",
            "4dd35b43-f15d-4aaf-b085-5a75619dd695"
          ],
          "phase": "playing",
          "runStatus": "playing",
          "suspendedRunSummary": null,
          "extracted": false,
          "telepipe": null,
          "layout": {
            "profile": "crowded",
            "seed": 352369970,
            "roomCount": 10,
            "startRoom": {
              "x": -9,
              "z": 27,
              "role": "start"
            }
          },
          "connectionState": "connected",
          "sceneInitialized": true,
          "hasCanvas": true,
          "lobbyVisible": false,
          "lobbyMenuDismissed": true,
          "characterBoothOpen": false,
          "deckEditorVisible": false,
          "runId": "69c3fe18-bedf-42e4-a94f-694637765861",
          "resumeBtnUsable": false,
          "abandonRunBtnUsable": false,
          "cardHandVisible": true,
          "status": "Latency: 0ms",
          "hpText": "20/100",
          "msText": "50/99",
          "currencyText": "Money 0",
          "currency": 0,
          "player": {
            "hp": 20,
            "magicStones": 50.33500000000068,
            "currency": 0,
            "debugGodmode": false,
            "dead": false,
            "x": -9,
            "y": 0.5,
            "z": 27,
            "equippedKeyItemId": "dodge_roll",
            "keyItemCooldownRemaining": 0,
            "cardUseState": null,
            "cardWindupUntil": 0,
            "cardWindupCardId": null,
            "slowedUntil": 0,
            "burningUntil": 0,
            "slowActive": false,
            "burnActive": false
          },
          "windupFlashing": false,
          "keyItemIndicatorOnCooldown": false,
          "keyItemIndicatorText": "",
          "players": 2,
          "squadmates": [
            {
              "id": "6a1db314-5bf9-4b81-89aa-0e1fa9eba5a5",
              "x": -6,
              "z": 27
            }
          ],
          "enemies": 2,
          "enemyHp": [
            {
              "id": "13be0bd5-a98d-400a-af8f-bb1dc8c94c33",
              "hp": 100,
              "maxHp": 100,
              "type": "grunt",
              "spawnedBy": null,
              "x": -9,
              "z": 27,
              "slowedUntil": 0,
              "burningUntil": 0,
              "frozenUntil": 0,
              "slowActive": false,
              "burnActive": false
            },
            {
              "id": "bbd5ef33-c143-4436-adf7-54df111b172b",
              "hp": 100,
              "maxHp": 100,
              "type": "grunt",
              "spawnedBy": null,
              "x": -8.866656090365723,
              "z": 28.069192429538816,
              "slowedUntil": 0,
              "burningUntil": 0,
              "frozenUntil": 0,
              "slowActive": false,
              "burnActive": false
            }
          ],
          "minions": [],
          "hand": [
            {
              "id": "flame_blade",
              "name": "Solar Edge",
              "type": "weapon",
              "remainingCharges": 2,
              "charges": 2,
              "activeMinionId": null,
              "burnMaxTtl": null,
              "burnLabel": "2/2",
              "creatureBurning": false,
              "isEvolved": false
            },
            {
              "id": "iron_sword",
              "name": "Rust-Forged Saber",
              "type": "weapon",
              "remainingCharges": 5,
              "charges": 5,
              "activeMinionId": null,
              "burnMaxTtl": null,
              "burnLabel": "5/5",
              "creatureBurning": false,
              "isEvolved": false
            },
            null,
            {
              "id": "dungeon_drake",
              "name": "Vault Wyrm",
              "type": "creature",
              "remainingCharges": 1,
              "charges": 1,
              "activeMinionId": null,
              "burnMaxTtl": null,
              "burnLabel": "1/1",
              "creatureBurning": false,
              "isEvolved": false,
              "specialEffect": "burning_breath"
            },
            {
              "id": "iron_sword",
              "name": "Rust-Forged Saber",
              "type": "weapon",
              "remainingCharges": 5,
              "charges": 5,
              "activeMinionId": null,
              "burnMaxTtl": null,
              "burnLabel": "5/5",
              "creatureBurning": false,
              "isEvolved": false
            },
            null
          ],
          "inventory": [
            {
              "instanceId": "64464672-fc63-486a-89a8-19894255b908",
              "cardId": "iron_sword",
              "grind": 0
            },
            {
              "instanceId": "802eab02-1e4d-4567-8f04-7ac6574e4aa6",
              "cardId": "flame_blade",
              "grind": 0
            },
            {
              "instanceId": "c7fb48f3-aad1-4328-a8c2-c27fc18a52a4",
              "cardId": "battle_familiar",
              "grind": 0
            },
            {
              "instanceId": "45607fee-ff0a-4415-9f94-9562a2cc2b5c",
              "cardId": "dungeon_drake",
              "grind": 0
            },
            {
              "instanceId": "f24ff08a-16b0-4776-9bf1-fa2aa5be923f",
              "cardId": "iron_sword",
              "grind": 0
            },
            {
              "instanceId": "1b3b6c76-86dc-4c49-ae83-848702bd6aaf",
              "cardId": "iron_sword",
              "grind": 0
            },
            {
              "instanceId": "025af84d-f44f-4c15-932f-843d77f04927",
              "cardId": "iron_sword",
              "grind": 0
            },
            {
              "instanceId": "889f8020-ef44-4b6f-873e-c663d99fff80",
              "cardId": "battle_familiar",
              "grind": 0
            },
            {
              "instanceId": "7620dbbf-0866-44d0-b122-712b8649801b",
              "cardId": "battle_familiar",
              "grind": 0
            },
            {
              "instanceId": "f0c3cd32-c77d-4839-a64d-c44f83d35194",
              "cardId": "flame_blade",
              "grind": 0
            },
            {
              "instanceId": "7f781ff6-0108-4602-b0f9-1a470303fdc7",
              "cardId": "flame_blade",
              "grind": 0
            },
            {
              "instanceId": "4dd35b43-f15d-4aaf-b085-5a75619dd695",
              "cardId": "dungeon_drake",
              "grind": 0
            }
          ],
          "lastEvolutionResult": null
        },
        "keyItemIndicatorOnCooldown": false,
        "keyItemIndicatorText": "\n        \n        Dodge Roll\n        E\n        \n      ",
        "keyItemCooldownRemaining": 0,
        "status": "Latency: 0ms",
        "hasCanvas": true,
        "canvasCount": 2,
        "lobbyVisible": false,
        "cardHandVisible": true,
        "title": "Void Grimoire",
        "bodyText": "👤\nLv\n🔊\n⚙\n79\nLV\n1\nHP\n20/100\nMS\n50/99\nDeck: 8/12\n⟡ 4\n✦ 3\n🐉 1\n✨ 0\nMoney 0\nLatency: 0ms\nDodge Roll\nE\nInitiate Vault\nPurged 0 / 6 hostiles\n01\nRewa: Rewa on channel. Move with WASD, close on the opening grunts, and strike with your melee weapon to start the sweep.\nClick to attack · press 1–6 to cast cards · E for key item\n1\n⚔\nSolar Edge\n650ms wind-up\n2/2\n2\n⚔\nRust-Forged Saber\n5/5\n4\n🔥\nVault Wyrm\nBURNING BREATH\n600ms wind-up\n1/1\n5\n⚔\nRust-Forged Saber\n5/5\nRewa: Rewa on channel. Move with WASD, close on the opening grunts, and strike with your melee weapon to start the sweep.\nANNEX LIAISON KADE\nEntry annex is live. Close with WASD and strike with your melee weapon — two grunts block the bulkhead."
      }
    },
    {
      "player": "A",
      "description": "After dodge roll — cooldown HUD should be active.",
      "data": {
        "harnessState": {
          "debugScenario": null,
          "debugScenarioAllowed": true,
          "debugScenarioResult": null,
          "debugGodmodeResult": null,
          "debugTimeScale": 1,
          "debugTimeScaleResult": null,
          "debugTimeScaleAllowed": false,
          "objective": {
            "type": "defeat_enemies",
            "totalEnemies": 6,
            "activeEnemyCount": 2,
            "defeatedEnemies": 0,
            "label": "Initiate Vault: Sweep annex holding pens in scripted waves and breach the deeper vault wing."
          },
          "encounter": null,
          "bossEncounter": null,
          "runObjectiveComplete": false,
          "lastRunSummary": null,
          "sortieCompleteOverlayVisible": false,
          "myId": "7995d84f-61a6-44e1-995d-7d39051509d2",
          "selectedDeck": [
            "64464672-fc63-486a-89a8-19894255b908",
            "802eab02-1e4d-4567-8f04-7ac6574e4aa6",
            "c7fb48f3-aad1-4328-a8c2-c27fc18a52a4",
            "45607fee-ff0a-4415-9f94-9562a2cc2b5c",
            "f24ff08a-16b0-4776-9bf1-fa2aa5be923f",
            "1b3b6c76-86dc-4c49-ae83-848702bd6aaf",
            "025af84d-f44f-4c15-932f-843d77f04927",
            "889f8020-ef44-4b6f-873e-c663d99fff80",
            "7620dbbf-0866-44d0-b122-712b8649801b",
            "f0c3cd32-c77d-4839-a64d-c44f83d35194",
            "7f781ff6-0108-4602-b0f9-1a470303fdc7",
            "4dd35b43-f15d-4aaf-b085-5a75619dd695"
          ],
          "phase": "playing",
          "runStatus": "playing",
          "suspendedRunSummary": null,
          "extracted": false,
          "telepipe": null,
          "layout": {
            "profile": "crowded",
            "seed": 352369970,
            "roomCount": 10,
            "startRoom": {
              "x": -9,
              "z": 27,
              "role": "start"
            }
          },
          "connectionState": "connected",
          "sceneInitialized": true,
          "hasCanvas": true,
          "lobbyVisible": false,
          "lobbyMenuDismissed": true,
          "characterBoothOpen": false,
          "deckEditorVisible": false,
          "runId": "69c3fe18-bedf-42e4-a94f-694637765861",
          "resumeBtnUsable": false,
          "abandonRunBtnUsable": false,
          "cardHandVisible": true,
          "status": "Latency: 1ms",
          "hpText": "20/100",
          "msText": "50/99",
          "currencyText": "Money 0",
          "currency": 0,
          "player": {
            "hp": 20,
            "magicStones": 50.850000000000946,
            "currency": 0,
            "debugGodmode": false,
            "dead": false,
            "x": -7.65,
            "y": 0.5,
            "z": 19,
            "equippedKeyItemId": "dodge_roll",
            "keyItemCooldownRemaining": 350,
            "cardUseState": null,
            "cardWindupUntil": 0,
            "cardWindupCardId": null,
            "slowedUntil": 0,
            "burningUntil": 0,
            "slowActive": false,
            "burnActive": false
          },
          "windupFlashing": false,
          "keyItemIndicatorOnCooldown": true,
          "keyItemIndicatorText": "0.3",
          "players": 2,
          "squadmates": [
            {
              "id": "6a1db314-5bf9-4b81-89aa-0e1fa9eba5a5",
              "x": -6,
              "z": 27
            }
          ],
          "enemies": 2,
          "enemyHp": [
            {
              "id": "13be0bd5-a98d-400a-af8f-bb1dc8c94c33",
              "hp": 100,
              "maxHp": 100,
              "type": "grunt",
              "spawnedBy": null,
              "x": -9.013519251639163,
              "z": 26.900918065041516,
              "slowedUntil": 0,
              "burningUntil": 0,
              "frozenUntil": 0,
              "slowActive": false,
              "burnActive": false
            },
            {
              "id": "bbd5ef33-c143-4436-adf7-54df111b172b",
              "hp": 100,
              "maxHp": 100,
              "type": "grunt",
              "spawnedBy": null,
              "x": -8.951317635267,
              "z": 28.015971918314953,
              "slowedUntil": 0,
              "burningUntil": 0,
              "frozenUntil": 0,
              "slowActive": false,
              "burnActive": false
            }
          ],
          "minions": [],
          "hand": [
            {
              "id": "flame_blade",
              "name": "Solar Edge",
              "type": "weapon",
              "remainingCharges": 2,
              "charges": 2,
              "activeMinionId": null,
              "burnMaxTtl": null,
              "burnLabel": "2/2",
              "creatureBurning": false,
              "isEvolved": false
            },
            {
              "id": "iron_sword",
              "name": "Rust-Forged Saber",
              "type": "weapon",
              "remainingCharges": 5,
              "charges": 5,
              "activeMinionId": null,
              "burnMaxTtl": null,
              "burnLabel": "5/5",
              "creatureBurning": false,
              "isEvolved": false
            },
            {
              "id": "dungeon_drake",
              "name": "Vault Wyrm",
              "type": "creature",
              "remainingCharges": 1,
              "charges": 1,
              "activeMinionId": null,
              "burnMaxTtl": null,
              "burnLabel": "1/1",
              "creatureBurning": false,
              "isEvolved": false,
              "specialEffect": "burning_breath"
            },
            {
              "id": "dungeon_drake",
              "name": "Vault Wyrm",
              "type": "creature",
              "remainingCharges": 1,
              "charges": 1,
              "activeMinionId": null,
              "burnMaxTtl": null,
              "burnLabel": "1/1",
              "creatureBurning": false,
              "isEvolved": false,
              "specialEffect": "burning_breath"
            },
            {
              "id": "iron_sword",
              "name": "Rust-Forged Saber",
              "type": "weapon",
              "remainingCharges": 5,
              "charges": 5,
              "activeMinionId": null,
              "burnMaxTtl": null,
              "burnLabel": "5/5",
              "creatureBurning": false,
              "isEvolved": false
            },
            null
          ],
          "inventory": [
            {
              "instanceId": "64464672-fc63-486a-89a8-19894255b908",
              "cardId": "iron_sword",
              "grind": 0
            },
            {
              "instanceId": "802eab02-1e4d-4567-8f04-7ac6574e4aa6",
              "cardId": "flame_blade",
              "grind": 0
            },
            {
              "instanceId": "c7fb48f3-aad1-4328-a8c2-c27fc18a52a4",
              "cardId": "battle_familiar",
              "grind": 0
            },
            {
              "instanceId": "45607fee-ff0a-4415-9f94-9562a2cc2b5c",
              "cardId": "dungeon_drake",
              "grind": 0
            },
            {
              "instanceId": "f24ff08a-16b0-4776-9bf1-fa2aa5be923f",
              "cardId": "iron_sword",
              "grind": 0
            },
            {
              "instanceId": "1b3b6c76-86dc-4c49-ae83-848702bd6aaf",
              "cardId": "iron_sword",
              "grind": 0
            },
            {
              "instanceId": "025af84d-f44f-4c15-932f-843d77f04927",
              "cardId": "iron_sword",
              "grind": 0
            },
            {
              "instanceId": "889f8020-ef44-4b6f-873e-c663d99fff80",
              "cardId": "battle_familiar",
              "grind": 0
            },
            {
              "instanceId": "7620dbbf-0866-44d0-b122-712b8649801b",
              "cardId": "battle_familiar",
              "grind": 0
            },
            {
              "instanceId": "f0c3cd32-c77d-4839-a64d-c44f83d35194",
              "cardId": "flame_blade",
              "grind": 0
            },
            {
              "instanceId": "7f781ff6-0108-4602-b0f9-1a470303fdc7",
              "cardId": "flame_blade",
              "grind": 0
            },
            {
              "instanceId": "4dd35b43-f15d-4aaf-b085-5a75619dd695",
              "cardId": "dungeon_drake",
              "grind": 0
            }
          ],
          "lastEvolutionResult": null
        },
        "keyItemIndicatorOnCooldown": true,
        "keyItemIndicatorText": "\n        \n        Dodge Roll\n        E\n        0.3\n      ",
        "keyItemCooldownRemaining": 350,
        "status": "Latency: 1ms",
        "hasCanvas": true,
        "canvasCount": 2,
        "lobbyVisible": false,
        "cardHandVisible": true,
        "title": "Void Grimoire",
        "bodyText": "👤\nLv\n🔊\n⚙\n79\nLV\n1\nHP\n20/100\nMS\n50/99\nDeck: 7/12\n⟡ 4\n✦ 3\n🐉 0\n✨ 0\nMoney 0\nLatency: 1ms\nDodge Roll\nE\n0.3\nInitiate Vault\nPurged 0 / 6 hostiles\n01\nRewa: Rewa on channel. Move with WASD, close on the opening grunts, and strike with your melee weapon to start the sweep.\nClick to attack · press 1–6 to cast cards · E for key item\n1\n⚔\nSolar Edge\n650ms wind-up\n2/2\n2\n⚔\nRust-Forged Saber\n5/5\n3\n🔥\nVault Wyrm\nBURNING BREATH\n600ms wind-up\n1/1\n4\n🔥\nVault Wyrm\nBURNING BREATH\n600ms wind-up\n1/1\n5\n⚔\nRust-Forged Saber\n5/5"
      }
    },
    {
      "player": "A",
      "description": "Final capture probe.",
      "data": {
        "harnessState": {
          "debugScenario": null,
          "debugScenarioAllowed": true,
          "debugScenarioResult": null,
          "debugGodmodeResult": null,
          "debugTimeScale": 1,
          "debugTimeScaleResult": null,
          "debugTimeScaleAllowed": false,
          "objective": {
            "type": "defeat_enemies",
            "totalEnemies": 6,
            "activeEnemyCount": 2,
            "defeatedEnemies": 0,
            "label": "Initiate Vault: Sweep annex holding pens in scripted waves and breach the deeper vault wing."
          },
          "encounter": null,
          "bossEncounter": null,
          "runObjectiveComplete": false,
          "lastRunSummary": null,
          "sortieCompleteOverlayVisible": false,
          "myId": "7995d84f-61a6-44e1-995d-7d39051509d2",
          "selectedDeck": [
            "64464672-fc63-486a-89a8-19894255b908",
            "802eab02-1e4d-4567-8f04-7ac6574e4aa6",
            "c7fb48f3-aad1-4328-a8c2-c27fc18a52a4",
            "45607fee-ff0a-4415-9f94-9562a2cc2b5c",
            "f24ff08a-16b0-4776-9bf1-fa2aa5be923f",
            "1b3b6c76-86dc-4c49-ae83-848702bd6aaf",
            "025af84d-f44f-4c15-932f-843d77f04927",
            "889f8020-ef44-4b6f-873e-c663d99fff80",
            "7620dbbf-0866-44d0-b122-712b8649801b",
            "f0c3cd32-c77d-4839-a64d-c44f83d35194",
            "7f781ff6-0108-4602-b0f9-1a470303fdc7",
            "4dd35b43-f15d-4aaf-b085-5a75619dd695"
          ],
          "phase": "playing",
          "runStatus": "playing",
          "suspendedRunSummary": null,
          "extracted": false,
          "telepipe": null,
          "layout": {
            "profile": "crowded",
            "seed": 352369970,
            "roomCount": 10,
            "startRoom": {
              "x": -9,
              "z": 27,
              "role": "start"
            }
          },
          "connectionState": "connected",
          "sceneInitialized": true,
          "hasCanvas": true,
          "lobbyVisible": false,
          "lobbyMenuDismissed": true,
          "characterBoothOpen": false,
          "deckEditorVisible": false,
          "runId": "69c3fe18-bedf-42e4-a94f-694637765861",
          "resumeBtnUsable": false,
          "abandonRunBtnUsable": false,
          "cardHandVisible": true,
          "status": "Latency: 1ms",
          "hpText": "20/100",
          "msText": "50/99",
          "currencyText": "Money 0",
          "currency": 0,
          "player": {
            "hp": 20,
            "magicStones": 50.89000000000097,
            "currency": 0,
            "debugGodmode": false,
            "dead": false,
            "x": -7.65,
            "y": 0.5,
            "z": 19,
            "equippedKeyItemId": "dodge_roll",
            "keyItemCooldownRemaining": 0,
            "cardUseState": null,
            "cardWindupUntil": 0,
            "cardWindupCardId": null,
            "slowedUntil": 0,
            "burningUntil": 0,
            "slowActive": false,
            "burnActive": false
          },
          "windupFlashing": false,
          "keyItemIndicatorOnCooldown": false,
          "keyItemIndicatorText": "",
          "players": 2,
          "squadmates": [
            {
              "id": "6a1db314-5bf9-4b81-89aa-0e1fa9eba5a5",
              "x": -6,
              "z": 27
            }
          ],
          "enemies": 2,
          "enemyHp": [
            {
              "id": "13be0bd5-a98d-400a-af8f-bb1dc8c94c33",
              "hp": 100,
              "maxHp": 100,
              "type": "grunt",
              "spawnedBy": null,
              "x": -8.869841531037483,
              "z": 25.989406329611455,
              "slowedUntil": 0,
              "burningUntil": 0,
              "frozenUntil": 0,
              "slowActive": false,
              "burnActive": false
            },
            {
              "id": "bbd5ef33-c143-4436-adf7-54df111b172b",
              "hp": 100,
              "maxHp": 100,
              "type": "grunt",
              "spawnedBy": null,
              "x": -9.289963814872106,
              "z": 27.803089873419506,
              "slowedUntil": 0,
              "burningUntil": 0,
              "frozenUntil": 0,
              "slowActive": false,
              "burnActive": false
            }
          ],
          "minions": [],
          "hand": [
            {
              "id": "flame_blade",
              "name": "Solar Edge",
              "type": "weapon",
              "remainingCharges": 2,
              "charges": 2,
              "activeMinionId": null,
              "burnMaxTtl": null,
              "burnLabel": "2/2",
              "creatureBurning": false,
              "isEvolved": false
            },
            {
              "id": "iron_sword",
              "name": "Rust-Forged Saber",
              "type": "weapon",
              "remainingCharges": 5,
              "charges": 5,
              "activeMinionId": null,
              "burnMaxTtl": null,
              "burnLabel": "5/5",
              "creatureBurning": false,
              "isEvolved": false
            },
            {
              "id": "dungeon_drake",
              "name": "Vault Wyrm",
              "type": "creature",
              "remainingCharges": 1,
              "charges": 1,
              "activeMinionId": null,
              "burnMaxTtl": null,
              "burnLabel": "1/1",
              "creatureBurning": false,
              "isEvolved": false,
              "specialEffect": "burning_breath"
            },
            {
              "id": "dungeon_drake",
              "name": "Vault Wyrm",
              "type": "creature",
              "remainingCharges": 1,
              "charges": 1,
              "activeMinionId": null,
              "burnMaxTtl": null,
              "burnLabel": "1/1",
              "creatureBurning": false,
              "isEvolved": false,
              "specialEffect": "burning_breath"
            },
            {
              "id": "iron_sword",
              "name": "Rust-Forged Saber",
              "type": "weapon",
              "remainingCharges": 5,
              "charges": 5,
              "activeMinionId": null,
              "burnMaxTtl": null,
              "burnLabel": "5/5",
              "creatureBurning": false,
              "isEvolved": false
            },
            null
          ],
          "inventory": [
            {
              "instanceId": "64464672-fc63-486a-89a8-19894255b908",
              "cardId": "iron_sword",
              "grind": 0
            },
            {
              "instanceId": "802eab02-1e4d-4567-8f04-7ac6574e4aa6",
              "cardId": "flame_blade",
              "grind": 0
            },
            {
              "instanceId": "c7fb48f3-aad1-4328-a8c2-c27fc18a52a4",
              "cardId": "battle_familiar",
              "grind": 0
            },
            {
              "instanceId": "45607fee-ff0a-4415-9f94-9562a2cc2b5c",
              "cardId": "dungeon_drake",
              "grind": 0
            },
            {
              "instanceId": "f24ff08a-16b0-4776-9bf1-fa2aa5be923f",
              "cardId": "iron_sword",
              "grind": 0
            },
            {
              "instanceId": "1b3b6c76-86dc-4c49-ae83-848702bd6aaf",
              "cardId": "iron_sword",
              "grind": 0
            },
            {
              "instanceId": "025af84d-f44f-4c15-932f-843d77f04927",
              "cardId": "iron_sword",
              "grind": 0
            },
            {
              "instanceId": "889f8020-ef44-4b6f-873e-c663d99fff80",
              "cardId": "battle_familiar",
              "grind": 0
            },
            {
              "instanceId": "7620dbbf-0866-44d0-b122-712b8649801b",
              "cardId": "battle_familiar",
              "grind": 0
            },
            {
              "instanceId": "f0c3cd32-c77d-4839-a64d-c44f83d35194",
              "cardId": "flame_blade",
              "grind": 0
            },
            {
              "instanceId": "7f781ff6-0108-4602-b0f9-1a470303fdc7",
              "cardId": "flame_blade",
              "grind": 0
            },
            {
              "instanceId": "4dd35b43-f15d-4aaf-b085-5a75619dd695",
              "cardId": "dungeon_drake",
              "grind": 0
            }
          ],
          "lastEvolutionResult": null
        },
        "keyItemIndicatorOnCooldown": false,
        "keyItemIndicatorText": "\n        \n        Dodge Roll\n        E\n        \n      ",
        "keyItemCooldownRemaining": 0,
        "status": "Latency: 1ms",
        "hasCanvas": true,
        "canvasCount": 2,
        "lobbyVisible": false,
        "cardHandVisible": true,
        "title": "Void Grimoire",
        "bodyText": "👤\nLv\n🔊\n⚙\n79\nLV\n1\nHP\n20/100\nMS\n50/99\nDeck: 7/12\n⟡ 4\n✦ 3\n🐉 0\n✨ 0\nMoney 0\nLatency: 1ms\nDodge Roll\nE\nInitiate Vault\nPurged 0 / 6 hostiles\n01\nRewa: Rewa on channel. Move with WASD, close on the opening grunts, and strike with your melee weapon to start the sweep.\nClick to attack · press 1–6 to cast cards · E for key item\n1\n⚔\nSolar Edge\n650ms wind-up\n2/2\n2\n⚔\nRust-Forged Saber\n5/5\n3\n🔥\nVault Wyrm\nBURNING BREATH\n600ms wind-up\n1/1\n4\n🔥\nVault Wyrm\nBURNING BREATH\n600ms wind-up\n1/1\n5\n⚔\nRust-Forged Saber\n5/5"
      }
    }
  ],
  "pageerrors": []
}
