
 RUN  v3.2.4 /home/matt/workspace/.autogame-worktrees/163-cleanup-dedupe-card-defs-server-client/game
      Coverage enabled with v8

stdout | server/test/card_sync.test.js
[users] Loaded 3 user record(s) from /home/matt/workspace/.autogame-worktrees/163-cleanup-dedupe-card-defs-server-client/game/data/users.json
[server] Layout for quest "training_caverns": seed=1335602341, profile=crowded, rooms=10
[server] Dungeon bounds: x [-35.0, 36.0], z [-35.5, 36.0]

 ✓ |server| server/test/card_sync.test.js (3 tests) 9ms
 ✓ |client| client/test/attune-preview.test.js (1 test) 3ms
 ✓ |client| client/test/deck-loadout.test.js (6 tests) 8ms
 ✓ |client| client/test/vanguard-hud.test.js (19 tests) 7ms
 ✓ |client| client/test/cards.test.js (21 tests) 7ms
 ✓ |client| client/test/cardRenderers.test.js (45 tests) 13ms
 ✓ |client| client/test/collision-hand.test.js (53 tests) 15ms
stdout | client/test/key-item-dodge.test.js > dash VFX > triggerDashVFX applies squash scale when a player mesh exists
[initScene] Initializing Three.js scene...

 ✓ |client| client/test/deck-viewer.test.js (21 tests) 227ms
 ✓ |client| client/test/key-item-dodge.test.js (4 tests) 265ms
stdout | client/test/main.test.js > cardError handler — server hand rejection > shows a toast when the server rejects an unauthorized card use
[cardError] Card not in hand

stderr | client/test/main.test.js > createEnemyMesh() > creates a red cone for grunt (default) type
[renderer] failed to apply model "/models/grunt.glb" for "grunt": TypeError: Failed to parse URL from /models/grunt.glb
[90m    at new Request (node:internal/deps/undici/undici:9588:19)[39m
    at FileLoader.load [90m(file:///home/matt/workspace/.autogame-worktrees/163-cleanup-dedupe-card-defs-server-client/game/[39mnode_modules/[4m.pnpm[24m/three@0.184.0/node_modules/[4mthree[24m/build/three.core.js:44150:15[90m)[39m
[90m    ... 4 lines matching cause stack trace ...[39m
    at attachRegistryModel [90m(/home/matt/workspace/.autogame-worktrees/163-cleanup-dedupe-card-defs-server-client/game/[39mclient/renderer.js:373:11[90m)[39m
    at createEnemyMesh [90m(/home/matt/workspace/.autogame-worktrees/163-cleanup-dedupe-card-defs-server-client/game/[39mclient/renderer.js:2534:2[90m)[39m
    at [90m/home/matt/workspace/.autogame-worktrees/163-cleanup-dedupe-card-defs-server-client/game/[39mclient/test/main.test.js:2172:23
    at [90mfile:///home/matt/workspace/.autogame-worktrees/163-cleanup-dedupe-card-defs-server-client/game/[39mnode_modules/[4m.pnpm[24m/@vitest+runner@3.2.4/node_modules/[4m@vitest[24m/runner/dist/chunk-hooks.js:752:20 {
  [cause]: TypeError: Invalid URL: /models/grunt.glb
      at new URLImpl [90m(/home/matt/workspace/.autogame-worktrees/163-cleanup-dedupe-card-defs-server-client/game/[39mnode_modules/[4m.pnpm[24m/whatwg-url@14.2.0/node_modules/[4mwhatwg-url[24m/lib/URL-impl.js:20:13[90m)[39m
      at Object.exports.setup [90m(/home/matt/workspace/.autogame-worktrees/163-cleanup-dedupe-card-defs-server-client/game/[39mnode_modules/[4m.pnpm[24m/whatwg-url@14.2.0/node_modules/[4mwhatwg-url[24m/lib/URL.js:54:12[90m)[39m
      at new URL [90m(/home/matt/workspace/.autogame-worktrees/163-cleanup-dedupe-card-defs-server-client/game/[39mnode_modules/[4m.pnpm[24m/whatwg-url@14.2.0/node_modules/[4mwhatwg-url[24m/lib/URL.js:115:22[90m)[39m
  [90m    at new Request (node:internal/deps/undici/undici:9586:25)[39m
      at FileLoader.load [90m(file:///home/matt/workspace/.autogame-worktrees/163-cleanup-dedupe-card-defs-server-client/game/[39mnode_modules/[4m.pnpm[24m/three@0.184.0/node_modules/[4mthree[24m/build/three.core.js:44150:15[90m)[39m
      at GLTFLoader.load [90m(file:///home/matt/workspace/.autogame-worktrees/163-cleanup-dedupe-card-defs-server-client/game/[39mnode_modules/[4m.pnpm[24m/three@0.184.0/node_modules/[4mthree[24m/examples/jsm/loaders/GLTFLoader.js:319:10[90m)[39m
      at [90m/home/matt/workspace/.autogame-worktrees/163-cleanup-dedupe-card-defs-server-client/game/[39mclient/models.js:83:11
      at new Promise (<anonymous>)
      at loadModel [90m(/home/matt/workspace/.autogame-worktrees/163-cleanup-dedupe-card-defs-server-client/game/[39mclient/models.js:74:11[90m)[39m
      at attachRegistryModel [90m(/home/matt/workspace/.autogame-worktrees/163-cleanup-dedupe-card-defs-server-client/game/[39mclient/renderer.js:373:11[90m)[39m
}

stderr | client/test/main.test.js > createEnemyMesh() > creates an orange cone for skirmisher type
[renderer] failed to apply model "/models/skirmisher.glb" for "skirmisher": TypeError: Failed to parse URL from /models/skirmisher.glb
[90m    at new Request (node:internal/deps/undici/undici:9588:19)[39m
    at FileLoader.load [90m(file:///home/matt/workspace/.autogame-worktrees/163-cleanup-dedupe-card-defs-server-client/game/[39mnode_modules/[4m.pnpm[24m/three@0.184.0/node_modules/[4mthree[24m/build/three.core.js:44150:15[90m)[39m
[90m    ... 4 lines matching cause stack trace ...[39m
    at attachRegistryModel [90m(/home/matt/workspace/.autogame-worktrees/163-cleanup-dedupe-card-defs-server-client/game/[39mclient/renderer.js:373:11[90m)[39m
    at createEnemyMesh [90m(/home/matt/workspace/.autogame-worktrees/163-cleanup-dedupe-card-defs-server-client/game/[39mclient/renderer.js:2534:2[90m)[39m
    at [90m/home/matt/workspace/.autogame-worktrees/163-cleanup-dedupe-card-defs-server-client/game/[39mclient/test/main.test.js:2184:23
    at [90mfile:///home/matt/workspace/.autogame-worktrees/163-cleanup-dedupe-card-defs-server-client/game/[39mnode_modules/[4m.pnpm[24m/@vitest+runner@3.2.4/node_modules/[4m@vitest[24m/runner/dist/chunk-hooks.js:752:20 {
  [cause]: TypeError: Invalid URL: /models/skirmisher.glb
      at new URLImpl [90m(/home/matt/workspace/.autogame-worktrees/163-cleanup-dedupe-card-defs-server-client/game/[39mnode_modules/[4m.pnpm[24m/whatwg-url@14.2.0/node_modules/[4mwhatwg-url[24m/lib/URL-impl.js:20:13[90m)[39m
      at Object.exports.setup [90m(/home/matt/workspace/.autogame-worktrees/163-cleanup-dedupe-card-defs-server-client/game/[39mnode_modules/[4m.pnpm[24m/whatwg-url@14.2.0/node_modules/[4mwhatwg-url[24m/lib/URL.js:54:12[90m)[39m
      at new URL [90m(/home/matt/workspace/.autogame-worktrees/163-cleanup-dedupe-card-defs-server-client/game/[39mnode_modules/[4m.pnpm[24m/whatwg-url@14.2.0/node_modules/[4mwhatwg-url[24m/lib/URL.js:115:22[90m)[39m
  [90m    at new Request (node:internal/deps/undici/undici:9586:25)[39m
      at FileLoader.load [90m(file:///home/matt/workspace/.autogame-worktrees/163-cleanup-dedupe-card-defs-server-client/game/[39mnode_modules/[4m.pnpm[24m/three@0.184.0/node_modules/[4mthree[24m/build/three.core.js:44150:15[90m)[39m
      at GLTFLoader.load [90m(file:///home/matt/workspace/.autogame-worktrees/163-cleanup-dedupe-card-defs-server-client/game/[39mnode_modules/[4m.pnpm[24m/three@0.184.0/node_modules/[4mthree[24m/examples/jsm/loaders/GLTFLoader.js:319:10[90m)[39m
      at [90m/home/matt/workspace/.autogame-worktrees/163-cleanup-dedupe-card-defs-server-client/game/[39mclient/models.js:83:11
      at new Promise (<anonymous>)
      at loadModel [90m(/home/matt/workspace/.autogame-worktrees/163-cleanup-dedupe-card-defs-server-client/game/[39mclient/models.js:74:11[90m)[39m
      at attachRegistryModel [90m(/home/matt/workspace/.autogame-worktrees/163-cleanup-dedupe-card-defs-server-client/game/[39mclient/renderer.js:373:11[90m)[39m
}

stderr | client/test/main.test.js > createEnemyMesh() > creates a teal octahedron for spawner type
[renderer] failed to apply model "/models/spawner.glb" for "spawner": TypeError: Failed to parse URL from /models/spawner.glb
[90m    at new Request (node:internal/deps/undici/undici:9588:19)[39m
    at FileLoader.load [90m(file:///home/matt/workspace/.autogame-worktrees/163-cleanup-dedupe-card-defs-server-client/game/[39mnode_modules/[4m.pnpm[24m/three@0.184.0/node_modules/[4mthree[24m/build/three.core.js:44150:15[90m)[39m
[90m    ... 4 lines matching cause stack trace ...[39m
    at attachRegistryModel [90m(/home/matt/workspace/.autogame-worktrees/163-cleanup-dedupe-card-defs-server-client/game/[39mclient/renderer.js:373:11[90m)[39m
    at createEnemyMesh [90m(/home/matt/workspace/.autogame-worktrees/163-cleanup-dedupe-card-defs-server-client/game/[39mclient/renderer.js:2534:2[90m)[39m
    at [90m/home/matt/workspace/.autogame-worktrees/163-cleanup-dedupe-card-defs-server-client/game/[39mclient/test/main.test.js:2194:23
    at [90mfile:///home/matt/workspace/.autogame-worktrees/163-cleanup-dedupe-card-defs-server-client/game/[39mnode_modules/[4m.pnpm[24m/@vitest+runner@3.2.4/node_modules/[4m@vitest[24m/runner/dist/chunk-hooks.js:752:20 {
  [cause]: TypeError: Invalid URL: /models/spawner.glb
      at new URLImpl [90m(/home/matt/workspace/.autogame-worktrees/163-cleanup-dedupe-card-defs-server-client/game/[39mnode_modules/[4m.pnpm[24m/whatwg-url@14.2.0/node_modules/[4mwhatwg-url[24m/lib/URL-impl.js:20:13[90m)[39m
      at Object.exports.setup [90m(/home/matt/workspace/.autogame-worktrees/163-cleanup-dedupe-card-defs-server-client/game/[39mnode_modules/[4m.pnpm[24m/whatwg-url@14.2.0/node_modules/[4mwhatwg-url[24m/lib/URL.js:54:12[90m)[39m
      at new URL [90m(/home/matt/workspace/.autogame-worktrees/163-cleanup-dedupe-card-defs-server-client/game/[39mnode_modules/[4m.pnpm[24m/whatwg-url@14.2.0/node_modules/[4mwhatwg-url[24m/lib/URL.js:115:22[90m)[39m
  [90m    at new Request (node:internal/deps/undici/undici:9586:25)[39m
      at FileLoader.load [90m(file:///home/matt/workspace/.autogame-worktrees/163-cleanup-dedupe-card-defs-server-client/game/[39mnode_modules/[4m.pnpm[24m/three@0.184.0/node_modules/[4mthree[24m/build/three.core.js:44150:15[90m)[39m
      at GLTFLoader.load [90m(file:///home/matt/workspace/.autogame-worktrees/163-cleanup-dedupe-card-defs-server-client/game/[39mnode_modules/[4m.pnpm[24m/three@0.184.0/node_modules/[4mthree[24m/examples/jsm/loaders/GLTFLoader.js:319:10[90m)[39m
      at [90m/home/matt/workspace/.autogame-worktrees/163-cleanup-dedupe-card-defs-server-client/game/[39mclient/models.js:83:11
      at new Promise (<anonymous>)
      at loadModel [90m(/home/matt/workspace/.autogame-worktrees/163-cleanup-dedupe-card-defs-server-client/game/[39mclient/models.js:74:11[90m)[39m
      at attachRegistryModel [90m(/home/matt/workspace/.autogame-worktrees/163-cleanup-dedupe-card-defs-server-client/game/[39mclient/renderer.js:373:11[90m)[39m
}

stderr | client/test/main.test.js > createEnemyMesh() > creates a purple cone for miniboss type
[renderer] failed to apply model "/models/miniboss.glb" for "miniboss": TypeError: Failed to parse URL from /models/miniboss.glb
[90m    at new Request (node:internal/deps/undici/undici:9588:19)[39m
    at FileLoader.load [90m(file:///home/matt/workspace/.autogame-worktrees/163-cleanup-dedupe-card-defs-server-client/game/[39mnode_modules/[4m.pnpm[24m/three@0.184.0/node_modules/[4mthree[24m/build/three.core.js:44150:15[90m)[39m
[90m    ... 4 lines matching cause stack trace ...[39m
    at attachRegistryModel [90m(/home/matt/workspace/.autogame-worktrees/163-cleanup-dedupe-card-defs-server-client/game/[39mclient/renderer.js:373:11[90m)[39m
    at createEnemyMesh [90m(/home/matt/workspace/.autogame-worktrees/163-cleanup-dedupe-card-defs-server-client/game/[39mclient/renderer.js:2534:2[90m)[39m
    at [90m/home/matt/workspace/.autogame-worktrees/163-cleanup-dedupe-card-defs-server-client/game/[39mclient/test/main.test.js:2207:23
    at [90mfile:///home/matt/workspace/.autogame-worktrees/163-cleanup-dedupe-card-defs-server-client/game/[39mnode_modules/[4m.pnpm[24m/@vitest+runner@3.2.4/node_modules/[4m@vitest[24m/runner/dist/chunk-hooks.js:752:20 {
  [cause]: TypeError: Invalid URL: /models/miniboss.glb
      at new URLImpl [90m(/home/matt/workspace/.autogame-worktrees/163-cleanup-dedupe-card-defs-server-client/game/[39mnode_modules/[4m.pnpm[24m/whatwg-url@14.2.0/node_modules/[4mwhatwg-url[24m/lib/URL-impl.js:20:13[90m)[39m
      at Object.exports.setup [90m(/home/matt/workspace/.autogame-worktrees/163-cleanup-dedupe-card-defs-server-client/game/[39mnode_modules/[4m.pnpm[24m/whatwg-url@14.2.0/node_modules/[4mwhatwg-url[24m/lib/URL.js:54:12[90m)[39m
      at new URL [90m(/home/matt/workspace/.autogame-worktrees/163-cleanup-dedupe-card-defs-server-client/game/[39mnode_modules/[4m.pnpm[24m/whatwg-url@14.2.0/node_modules/[4mwhatwg-url[24m/lib/URL.js:115:22[90m)[39m
  [90m    at new Request (node:internal/deps/undici/undici:9586:25)[39m
      at FileLoader.load [90m(file:///home/matt/workspace/.autogame-worktrees/163-cleanup-dedupe-card-defs-server-client/game/[39mnode_modules/[4m.pnpm[24m/three@0.184.0/node_modules/[4mthree[24m/build/three.core.js:44150:15[90m)[39m
      at GLTFLoader.load [90m(file:///home/matt/workspace/.autogame-worktrees/163-cleanup-dedupe-card-defs-server-client/game/[39mnode_modules/[4m.pnpm[24m/three@0.184.0/node_modules/[4mthree[24m/examples/jsm/loaders/GLTFLoader.js:319:10[90m)[39m
      at [90m/home/matt/workspace/.autogame-worktrees/163-cleanup-dedupe-card-defs-server-client/game/[39mclient/models.js:83:11
      at new Promise (<anonymous>)
      at loadModel [90m(/home/matt/workspace/.autogame-worktrees/163-cleanup-dedupe-card-defs-server-client/game/[39mclient/models.js:74:11[90m)[39m
      at attachRegistryModel [90m(/home/matt/workspace/.autogame-worktrees/163-cleanup-dedupe-card-defs-server-client/game/[39mclient/renderer.js:373:11[90m)[39m
}

 ✓ |client| client/test/main.test.js (146 tests) 961ms

 Test Files  10 passed (10)
      Tests  319 passed (319)
   Start at  13:20:44
   Duration  2.22s (transform 170ms, setup 210ms, collect 359ms, tests 1.52s, environment 2.74s, prepare 732ms)

 % Coverage report from v8
---------------|---------|----------|---------|---------|-----------------------
File           | % Stmts | % Branch | % Funcs | % Lines | Uncovered Line #s     
---------------|---------|----------|---------|---------|-----------------------
All files      |   31.86 |    74.04 |   40.29 |   31.84 |                       
 client        |   89.47 |     75.6 |      75 |   89.46 |                       
  cards.js     |   93.59 |    67.74 |   88.88 |   93.58 | ...06,350-355,472-489 
  collision.js |   85.27 |    67.24 |     100 |   85.27 | ...84,186-187,229-230 
  delta.js     |   78.57 |      100 |       0 |   78.57 | 12-14                 
  hand.js      |   83.12 |    97.05 |   53.84 |   83.12 | ...78,156-157,160-163 
 server        |   17.47 |       50 |    8.57 |   17.47 |                       
  index.js     |   17.47 |       50 |    8.57 |   17.47 | ...191-3880,3884-3885 
---------------|---------|----------|---------|---------|-----------------------
