{
  "url": "http://localhost:5173/",
  "ok": true,
  "ticketFile": null,
  "capturePlanSource": "fallback",
  "capturePlanValid": true,
  "capturePlanAttempts": [],
  "capturePlanSummary": "Deterministic full-flow smoke capture: auth, lobby create/join, ready transition, movement.",
  "scenarios": [],
  "screenshots": [
    {
      "file": "01-initial.png",
      "player": "A",
      "description": "Both players in squad lobby."
    },
    {
      "file": "02-after-w.png",
      "player": "A",
      "description": "Gameplay after holding W."
    },
    {
      "file": "03-after-d.png",
      "player": "A",
      "description": "Gameplay after holding D."
    }
  ],
  "probes": [
    {
      "player": "A",
      "description": "After readying all players and entering gameplay.",
      "data": {
        "harnessState": {
          "debugScenario": null,
          "debugScenarioAllowed": true,
          "debugScenarioResult": null,
          "myId": "e0d5415d-538d-47db-a0c4-a224ffd8faeb",
          "phase": "playing",
          "runStatus": "playing",
          "extracted": false,
          "suspendedRunSummary": null,
          "telepipe": null,
          "connectionState": "connected",
          "sceneInitialized": true,
          "hasCanvas": true,
          "lobbyVisible": false,
          "cardHandVisible": true,
          "status": "Latency: 1ms",
          "hpText": "100/100",
          "msText": "49/99",
          "currencyText": "Money 0",
          "player": {
            "hp": 100,
            "magicStones": 49.08000000000004,
            "debugScenario": null,
            "dead": false,
            "x": -9,
            "z": 9
          },
          "players": 2,
          "enemies": 5,
          "enemyHp": [
            {
              "id": "24f6cc2f-1eb8-486d-9e2c-e1e5e1990f46",
              "hp": 40,
              "maxHp": 40
            },
            {
              "id": "5b0131a9-d8e4-499b-bf8c-8ac3f2e49609",
              "hp": 40,
              "maxHp": 40
            },
            {
              "id": "08f2217b-8c08-4c59-a2f0-e07cf883acc0",
              "hp": 100,
              "maxHp": 100
            },
            {
              "id": "d24f87a4-4b43-4518-be40-d9eb0c3ffa70",
              "hp": 300,
              "maxHp": 300
            },
            {
              "id": "0d4b739d-36d6-488e-8abc-8c4f046045e6",
              "hp": 120,
              "maxHp": 120
            }
          ],
          "minions": [],
          "hand": [
            {
              "id": "flame_blade",
              "name": "Solar Edge",
              "type": "weapon",
              "remainingCharges": 3,
              "charges": 3,
              "activeMinionId": null,
              "burnMaxTtl": null,
              "burnLabel": "3/3",
              "creatureBurning": false,
              "isEvolved": false
            },
            {
              "id": "dungeon_drake",
              "name": "Vault Wyrm",
              "type": "creature",
              "remainingCharges": 1,
              "charges": 1,
              "activeMinionId": null,
              "burnMaxTtl": null,
              "burnLabel": "1/1",
              "creatureBurning": false,
              "isEvolved": false
            },
            null,
            {
              "id": "flame_blade",
              "name": "Solar Edge",
              "type": "weapon",
              "remainingCharges": 3,
              "charges": 3,
              "activeMinionId": null,
              "burnMaxTtl": null,
              "burnLabel": "3/3",
              "creatureBurning": false,
              "isEvolved": false
            },
            {
              "id": "battle_familiar",
              "name": "Signal Familiar",
              "type": "spell",
              "remainingCharges": 1,
              "charges": 1,
              "activeMinionId": null,
              "burnMaxTtl": null,
              "burnLabel": "1/1",
              "creatureBurning": false,
              "isEvolved": false
            },
            null
          ]
        },
        "status": "Latency: 1ms",
        "hasCanvas": true,
        "canvasCount": 2,
        "lobbyVisible": false,
        "cardHandVisible": true,
        "title": "Void Grimoire",
        "bodyText": "👤\nLv\n🔊\n⚙\nE0\nLV\n1\nHP\n100/100\nMS\n49/99\nDeck: 8/12\n⟡ 5\n✦ 2\n🐉 1\n✨ 0\nMoney 0\nLatency: 1ms\nInitiate Vault: Purge hostiles from the derelict annex sector.\nPurged 0 / 5 hostiles\n1\n⚔\nSolar Edge\n3/3\n2\n🐉\nVault Wyrm\n1/1\n4\n⚔\nSolar Edge\n3/3\n5\n✦\nSignal Familiar\n50 MS\n1/1"
      }
    },
    {
      "player": "A",
      "description": "Final capture probe.",
      "data": {
        "harnessState": {
          "debugScenario": null,
          "debugScenarioAllowed": true,
          "debugScenarioResult": null,
          "myId": "e0d5415d-538d-47db-a0c4-a224ffd8faeb",
          "phase": "playing",
          "runStatus": "playing",
          "extracted": false,
          "suspendedRunSummary": null,
          "telepipe": null,
          "connectionState": "connected",
          "sceneInitialized": true,
          "hasCanvas": true,
          "lobbyVisible": false,
          "cardHandVisible": true,
          "status": "Latency: 1ms",
          "hpText": "94/100",
          "msText": "49/99",
          "currencyText": "Money 0",
          "player": {
            "hp": 94,
            "magicStones": 49.49500000000025,
            "debugScenario": null,
            "dead": false,
            "x": -3.7,
            "z": -9.599999999999994
          },
          "players": 2,
          "enemies": 6,
          "enemyHp": [
            {
              "id": "24f6cc2f-1eb8-486d-9e2c-e1e5e1990f46",
              "hp": 40,
              "maxHp": 40
            },
            {
              "id": "5b0131a9-d8e4-499b-bf8c-8ac3f2e49609",
              "hp": 40,
              "maxHp": 40
            },
            {
              "id": "08f2217b-8c08-4c59-a2f0-e07cf883acc0",
              "hp": 100,
              "maxHp": 100
            },
            {
              "id": "d24f87a4-4b43-4518-be40-d9eb0c3ffa70",
              "hp": 300,
              "maxHp": 300
            },
            {
              "id": "0d4b739d-36d6-488e-8abc-8c4f046045e6",
              "hp": 120,
              "maxHp": 120
            },
            {
              "id": "25f374ef-3edd-4d4e-a52c-bb73b8779922",
              "hp": 40,
              "maxHp": 40
            }
          ],
          "minions": [],
          "hand": [
            {
              "id": "flame_blade",
              "name": "Solar Edge",
              "type": "weapon",
              "remainingCharges": 3,
              "charges": 3,
              "activeMinionId": null,
              "burnMaxTtl": null,
              "burnLabel": "3/3",
              "creatureBurning": false,
              "isEvolved": false
            },
            {
              "id": "dungeon_drake",
              "name": "Vault Wyrm",
              "type": "creature",
              "remainingCharges": 1,
              "charges": 1,
              "activeMinionId": null,
              "burnMaxTtl": null,
              "burnLabel": "1/1",
              "creatureBurning": false,
              "isEvolved": false
            },
            null,
            {
              "id": "flame_blade",
              "name": "Solar Edge",
              "type": "weapon",
              "remainingCharges": 3,
              "charges": 3,
              "activeMinionId": null,
              "burnMaxTtl": null,
              "burnLabel": "3/3",
              "creatureBurning": false,
              "isEvolved": false
            },
            {
              "id": "battle_familiar",
              "name": "Signal Familiar",
              "type": "spell",
              "remainingCharges": 1,
              "charges": 1,
              "activeMinionId": null,
              "burnMaxTtl": null,
              "burnLabel": "1/1",
              "creatureBurning": false,
              "isEvolved": false
            },
            null
          ]
        },
        "status": "Latency: 1ms",
        "hasCanvas": true,
        "canvasCount": 2,
        "lobbyVisible": false,
        "cardHandVisible": true,
        "title": "Void Grimoire",
        "bodyText": "👤\nLv\n🔊\n⚙\nE0\nLV\n1\nHP\n94/100\nMS\n49/99\nDeck: 8/12\n⟡ 5\n✦ 2\n🐉 1\n✨ 0\nMoney 0\nLatency: 1ms\nInitiate Vault: Purge hostiles from the derelict annex sector.\nPurged 0 / 5 hostiles\n1\n⚔\nSolar Edge\n3/3\n2\n🐉\nVault Wyrm\n1/1\n4\n⚔\nSolar Edge\n3/3\n5\n✦\nSignal Familiar\n50 MS\n1/1\n-6"
      }
    }
  ],
  "pageerrors": []
}
