[createLobby] timeout waiting for #lobby visibility: page.waitForFunction: Timeout 10000ms exceeded.
[joinLobby] timeout waiting for #lobby visibility: page.waitForFunction: Timeout 10000ms exceeded.
{
  "url": "http://localhost:5178/",
  "ok": true,
  "ticketFile": "/home/matt/workspace/.autogame-worktrees/server-auth-rate-limit-buckets-grow-without-bound-slow-memor-m5h0/tickets/server-auth-rate-limit-buckets-grow-without-bound-slow-memor-m5h0/ticket.md",
  "capturePlanSource": "fallback",
  "capturePlanValid": true,
  "capturePlanAttempts": [],
  "capturePlanSummary": "Deterministic full-flow smoke capture: auth, lobby create/join, ready transition, movement, dodge/key-item with post-dodge cooldown probe.",
  "scenarios": [],
  "screenshots": [
    {
      "file": "01-initial.png",
      "player": "A",
      "description": "Both players in squad lobby."
    },
    {
      "file": "02-after-w.png",
      "player": "A",
      "description": "Gameplay after holding W."
    },
    {
      "file": "03-after-d.png",
      "player": "A",
      "description": "Gameplay after holding D."
    },
    {
      "file": "04-after-dodge.png",
      "player": "A",
      "description": "Gameplay after dodge roll with cooldown HUD."
    }
  ],
  "probes": [
    {
      "player": "A",
      "description": "After readying all players and entering gameplay.",
      "data": {
        "harnessState": {
          "debugScenario": null,
          "debugScenarioAllowed": true,
          "debugScenarioResult": null,
          "debugGodmodeResult": null,
          "debugTimeScale": 1,
          "debugTimeScaleResult": null,
          "debugTimeScaleAllowed": false,
          "objective": {
            "type": "defeat_enemies",
            "totalEnemies": 6,
            "activeEnemyCount": 2,
            "defeatedEnemies": 0,
            "label": "Initiate Vault: Sweep annex holding pens in scripted waves and breach the deeper vault wing."
          },
          "encounter": null,
          "bossEncounter": null,
          "runObjectiveComplete": false,
          "lastRunSummary": null,
          "sortieCompleteOverlayVisible": false,
          "myId": "4de66fd1-0099-48a8-83fa-2164f450658b",
          "selectedDeck": [
            "0976f91c-9538-4d32-9ccc-22a55eed6dfe",
            "0dd7f125-a4d3-452b-a7af-5cd9776e7e97",
            "76c27b4c-9c33-438d-8a7e-b5090354c761",
            "b8ac6e7f-82be-44d8-a6c5-6fccaa353717",
            "c442dd6e-0431-430b-ab86-1c4388430eae",
            "d6700004-f867-45ed-a7c1-e5e38fb874ed",
            "9af0672d-9c38-45ee-a59a-a7a583678004",
            "1f60543e-4005-4674-a126-6e1ce94715e6",
            "98c4fe9c-aeba-4ea8-86a1-8356e513dafe",
            "827a2e90-aed2-481f-a68c-db9520e323d2",
            "d0e8e202-793a-4946-ab83-42d6a35adf7f",
            "aadac4d8-24e6-404c-a063-ac0858a831a5"
          ],
          "phase": "playing",
          "runStatus": "playing",
          "suspendedRunSummary": null,
          "extracted": false,
          "telepipe": null,
          "layout": {
            "profile": "crowded",
            "seed": 352369970,
            "roomCount": 10,
            "startRoom": {
              "x": -9,
              "z": 27,
              "role": "start"
            }
          },
          "connectionState": "connected",
          "sceneInitialized": true,
          "hasCanvas": true,
          "lobbyVisible": false,
          "lobbyMenuDismissed": true,
          "characterBoothOpen": false,
          "deckEditorVisible": false,
          "runId": "3c4f6b9e-6612-4a90-8c99-79f2260edc5d",
          "resumeBtnUsable": false,
          "abandonRunBtnUsable": false,
          "cardHandVisible": true,
          "status": "Latency: 3ms",
          "hpText": "60/100",
          "msText": "49/99",
          "currencyText": "Money 0",
          "currency": 0,
          "player": {
            "hp": 60,
            "magicStones": 49.910000000000466,
            "currency": 0,
            "debugGodmode": false,
            "dead": false,
            "x": -9,
            "y": 0.5,
            "z": 27,
            "equippedKeyItemId": "dodge_roll",
            "keyItemCooldownRemaining": 0,
            "cardUseState": null,
            "cardWindupUntil": 0,
            "cardWindupCardId": null,
            "slowedUntil": 0,
            "burningUntil": 0,
            "slowActive": false,
            "burnActive": false
          },
          "windupFlashing": false,
          "keyItemIndicatorOnCooldown": false,
          "keyItemIndicatorText": "",
          "players": 2,
          "squadmates": [
            {
              "id": "51e7a8f8-45bf-4f0e-a460-aa74a7cdea16",
              "x": -6,
              "z": 27
            }
          ],
          "enemies": 2,
          "enemyHp": [
            {
              "id": "5cc98929-9dcb-460c-9731-9828055bbc10",
              "hp": 100,
              "maxHp": 100,
              "type": "grunt",
              "spawnedBy": null,
              "x": -9,
              "z": 27,
              "slowedUntil": 0,
              "burningUntil": 0,
              "frozenUntil": 0,
              "slowActive": false,
              "burnActive": false
            },
            {
              "id": "f432cdb2-6f6a-48f6-82c9-3a018e912136",
              "hp": 100,
              "maxHp": 100,
              "type": "grunt",
              "spawnedBy": null,
              "x": -8.866656090365723,
              "z": 28.069192429538816,
              "slowedUntil": 0,
              "burningUntil": 0,
              "frozenUntil": 0,
              "slowActive": false,
              "burnActive": false
            }
          ],
          "minions": [],
          "hand": [
            {
              "id": "iron_sword",
              "name": "Rust-Forged Saber",
              "type": "weapon",
              "remainingCharges": 5,
              "charges": 5,
              "activeMinionId": null,
              "burnMaxTtl": null,
              "burnLabel": "5/5",
              "creatureBurning": false,
              "isEvolved": false
            },
            {
              "id": "iron_sword",
              "name": "Rust-Forged Saber",
              "type": "weapon",
              "remainingCharges": 5,
              "charges": 5,
              "activeMinionId": null,
              "burnMaxTtl": null,
              "burnLabel": "5/5",
              "creatureBurning": false,
              "isEvolved": false
            },
            null,
            {
              "id": "flame_blade",
              "name": "Solar Edge",
              "type": "weapon",
              "remainingCharges": 2,
              "charges": 2,
              "activeMinionId": null,
              "burnMaxTtl": null,
              "burnLabel": "2/2",
              "creatureBurning": false,
              "isEvolved": false
            },
            {
              "id": "flame_blade",
              "name": "Solar Edge",
              "type": "weapon",
              "remainingCharges": 2,
              "charges": 2,
              "activeMinionId": null,
              "burnMaxTtl": null,
              "burnLabel": "2/2",
              "creatureBurning": false,
              "isEvolved": false
            },
            null
          ],
          "inventory": [
            {
              "instanceId": "0976f91c-9538-4d32-9ccc-22a55eed6dfe",
              "cardId": "iron_sword",
              "grind": 0
            },
            {
              "instanceId": "0dd7f125-a4d3-452b-a7af-5cd9776e7e97",
              "cardId": "flame_blade",
              "grind": 0
            },
            {
              "instanceId": "76c27b4c-9c33-438d-8a7e-b5090354c761",
              "cardId": "battle_familiar",
              "grind": 0
            },
            {
              "instanceId": "b8ac6e7f-82be-44d8-a6c5-6fccaa353717",
              "cardId": "dungeon_drake",
              "grind": 0
            },
            {
              "instanceId": "c442dd6e-0431-430b-ab86-1c4388430eae",
              "cardId": "iron_sword",
              "grind": 0
            },
            {
              "instanceId": "d6700004-f867-45ed-a7c1-e5e38fb874ed",
              "cardId": "iron_sword",
              "grind": 0
            },
            {
              "instanceId": "9af0672d-9c38-45ee-a59a-a7a583678004",
              "cardId": "iron_sword",
              "grind": 0
            },
            {
              "instanceId": "1f60543e-4005-4674-a126-6e1ce94715e6",
              "cardId": "battle_familiar",
              "grind": 0
            },
            {
              "instanceId": "98c4fe9c-aeba-4ea8-86a1-8356e513dafe",
              "cardId": "battle_familiar",
              "grind": 0
            },
            {
              "instanceId": "827a2e90-aed2-481f-a68c-db9520e323d2",
              "cardId": "flame_blade",
              "grind": 0
            },
            {
              "instanceId": "d0e8e202-793a-4946-ab83-42d6a35adf7f",
              "cardId": "flame_blade",
              "grind": 0
            },
            {
              "instanceId": "aadac4d8-24e6-404c-a063-ac0858a831a5",
              "cardId": "dungeon_drake",
              "grind": 0
            }
          ],
          "lastEvolutionResult": null
        },
        "keyItemIndicatorOnCooldown": false,
        "keyItemIndicatorText": "\n        \n        Dodge Roll\n        E\n        \n      ",
        "keyItemCooldownRemaining": 0,
        "status": "Latency: 3ms",
        "hasCanvas": true,
        "canvasCount": 2,
        "lobbyVisible": false,
        "cardHandVisible": true,
        "title": "Void Grimoire",
        "bodyText": "👤\nLv\n🔊\n⚙\n4D\nLV\n1\nHP\n60/100\nMS\n49/99\nDeck: 8/12\n⟡ 3\n✦ 3\n🐉 2\n✨ 0\nMoney 0\nLatency: 3ms\nDodge Roll\nE\nInitiate Vault\nPurged 0 / 6 hostiles\n01\nRewa: Rewa on channel. Move with WASD, close on the opening grunts, and strike with your melee weapon to start the sweep.\nClick to attack · press 1–6 to cast cards · E for key item\n1\n⚔\nRust-Forged Saber\n5/5\n2\n⚔\nRust-Forged Saber\n5/5\n4\n⚔\nSolar Edge\n650ms wind-up\n2/2\n5\n⚔\nSolar Edge\n650ms wind-up\n2/2\nRewa: Rewa on channel. Move with WASD, close on the opening grunts, and strike with your melee weapon to start the sweep.\nANNEX LIAISON KADE\nEntry annex is live. Close with WASD and strike with your melee weapon — two grunts block the bulkhead.\n-20"
      }
    },
    {
      "player": "A",
      "description": "After dodge roll — cooldown HUD should be active.",
      "data": {
        "harnessState": {
          "debugScenario": null,
          "debugScenarioAllowed": true,
          "debugScenarioResult": null,
          "debugGodmodeResult": null,
          "debugTimeScale": 1,
          "debugTimeScaleResult": null,
          "debugTimeScaleAllowed": false,
          "objective": {
            "type": "defeat_enemies",
            "totalEnemies": 6,
            "activeEnemyCount": 2,
            "defeatedEnemies": 0,
            "label": "Initiate Vault: Sweep annex holding pens in scripted waves and breach the deeper vault wing."
          },
          "encounter": null,
          "bossEncounter": null,
          "runObjectiveComplete": false,
          "lastRunSummary": null,
          "sortieCompleteOverlayVisible": false,
          "myId": "4de66fd1-0099-48a8-83fa-2164f450658b",
          "selectedDeck": [
            "0976f91c-9538-4d32-9ccc-22a55eed6dfe",
            "0dd7f125-a4d3-452b-a7af-5cd9776e7e97",
            "76c27b4c-9c33-438d-8a7e-b5090354c761",
            "b8ac6e7f-82be-44d8-a6c5-6fccaa353717",
            "c442dd6e-0431-430b-ab86-1c4388430eae",
            "d6700004-f867-45ed-a7c1-e5e38fb874ed",
            "9af0672d-9c38-45ee-a59a-a7a583678004",
            "1f60543e-4005-4674-a126-6e1ce94715e6",
            "98c4fe9c-aeba-4ea8-86a1-8356e513dafe",
            "827a2e90-aed2-481f-a68c-db9520e323d2",
            "d0e8e202-793a-4946-ab83-42d6a35adf7f",
            "aadac4d8-24e6-404c-a063-ac0858a831a5"
          ],
          "phase": "playing",
          "runStatus": "playing",
          "suspendedRunSummary": null,
          "extracted": false,
          "telepipe": null,
          "layout": {
            "profile": "crowded",
            "seed": 352369970,
            "roomCount": 10,
            "startRoom": {
              "x": -9,
              "z": 27,
              "role": "start"
            }
          },
          "connectionState": "connected",
          "sceneInitialized": true,
          "hasCanvas": true,
          "lobbyVisible": false,
          "lobbyMenuDismissed": true,
          "characterBoothOpen": false,
          "deckEditorVisible": false,
          "runId": "3c4f6b9e-6612-4a90-8c99-79f2260edc5d",
          "resumeBtnUsable": false,
          "abandonRunBtnUsable": false,
          "cardHandVisible": true,
          "status": "Latency: 1ms",
          "hpText": "60/100",
          "msText": "50/99",
          "currencyText": "Money 0",
          "currency": 0,
          "player": {
            "hp": 60,
            "magicStones": 50.45000000000074,
            "currency": 0,
            "debugGodmode": false,
            "dead": false,
            "x": -7.65,
            "y": 0.5,
            "z": 19,
            "equippedKeyItemId": "dodge_roll",
            "keyItemCooldownRemaining": 357,
            "cardUseState": null,
            "cardWindupUntil": 0,
            "cardWindupCardId": null,
            "slowedUntil": 0,
            "burningUntil": 0,
            "slowActive": false,
            "burnActive": false
          },
          "windupFlashing": false,
          "keyItemIndicatorOnCooldown": true,
          "keyItemIndicatorText": "0.4",
          "players": 2,
          "squadmates": [
            {
              "id": "51e7a8f8-45bf-4f0e-a460-aa74a7cdea16",
              "x": -6,
              "z": 27
            }
          ],
          "enemies": 2,
          "enemyHp": [
            {
              "id": "5cc98929-9dcb-460c-9731-9828055bbc10",
              "hp": 100,
              "maxHp": 100,
              "type": "grunt",
              "spawnedBy": null,
              "x": -9,
              "z": 27,
              "slowedUntil": 0,
              "burningUntil": 0,
              "frozenUntil": 0,
              "slowActive": false,
              "burnActive": false
            },
            {
              "id": "f432cdb2-6f6a-48f6-82c9-3a018e912136",
              "hp": 100,
              "maxHp": 100,
              "type": "grunt",
              "spawnedBy": null,
              "x": -8.866656090365723,
              "z": 28.069192429538816,
              "slowedUntil": 0,
              "burningUntil": 0,
              "frozenUntil": 0,
              "slowActive": false,
              "burnActive": false
            }
          ],
          "minions": [],
          "hand": [
            {
              "id": "iron_sword",
              "name": "Rust-Forged Saber",
              "type": "weapon",
              "remainingCharges": 5,
              "charges": 5,
              "activeMinionId": null,
              "burnMaxTtl": null,
              "burnLabel": "5/5",
              "creatureBurning": false,
              "isEvolved": false
            },
            {
              "id": "iron_sword",
              "name": "Rust-Forged Saber",
              "type": "weapon",
              "remainingCharges": 5,
              "charges": 5,
              "activeMinionId": null,
              "burnMaxTtl": null,
              "burnLabel": "5/5",
              "creatureBurning": false,
              "isEvolved": false
            },
            {
              "id": "flame_blade",
              "name": "Solar Edge",
              "type": "weapon",
              "remainingCharges": 2,
              "charges": 2,
              "activeMinionId": null,
              "burnMaxTtl": null,
              "burnLabel": "2/2",
              "creatureBurning": false,
              "isEvolved": false
            },
            {
              "id": "flame_blade",
              "name": "Solar Edge",
              "type": "weapon",
              "remainingCharges": 2,
              "charges": 2,
              "activeMinionId": null,
              "burnMaxTtl": null,
              "burnLabel": "2/2",
              "creatureBurning": false,
              "isEvolved": false
            },
            {
              "id": "flame_blade",
              "name": "Solar Edge",
              "type": "weapon",
              "remainingCharges": 2,
              "charges": 2,
              "activeMinionId": null,
              "burnMaxTtl": null,
              "burnLabel": "2/2",
              "creatureBurning": false,
              "isEvolved": false
            },
            null
          ],
          "inventory": [
            {
              "instanceId": "0976f91c-9538-4d32-9ccc-22a55eed6dfe",
              "cardId": "iron_sword",
              "grind": 0
            },
            {
              "instanceId": "0dd7f125-a4d3-452b-a7af-5cd9776e7e97",
              "cardId": "flame_blade",
              "grind": 0
            },
            {
              "instanceId": "76c27b4c-9c33-438d-8a7e-b5090354c761",
              "cardId": "battle_familiar",
              "grind": 0
            },
            {
              "instanceId": "b8ac6e7f-82be-44d8-a6c5-6fccaa353717",
              "cardId": "dungeon_drake",
              "grind": 0
            },
            {
              "instanceId": "c442dd6e-0431-430b-ab86-1c4388430eae",
              "cardId": "iron_sword",
              "grind": 0
            },
            {
              "instanceId": "d6700004-f867-45ed-a7c1-e5e38fb874ed",
              "cardId": "iron_sword",
              "grind": 0
            },
            {
              "instanceId": "9af0672d-9c38-45ee-a59a-a7a583678004",
              "cardId": "iron_sword",
              "grind": 0
            },
            {
              "instanceId": "1f60543e-4005-4674-a126-6e1ce94715e6",
              "cardId": "battle_familiar",
              "grind": 0
            },
            {
              "instanceId": "98c4fe9c-aeba-4ea8-86a1-8356e513dafe",
              "cardId": "battle_familiar",
              "grind": 0
            },
            {
              "instanceId": "827a2e90-aed2-481f-a68c-db9520e323d2",
              "cardId": "flame_blade",
              "grind": 0
            },
            {
              "instanceId": "d0e8e202-793a-4946-ab83-42d6a35adf7f",
              "cardId": "flame_blade",
              "grind": 0
            },
            {
              "instanceId": "aadac4d8-24e6-404c-a063-ac0858a831a5",
              "cardId": "dungeon_drake",
              "grind": 0
            }
          ],
          "lastEvolutionResult": null
        },
        "keyItemIndicatorOnCooldown": true,
        "keyItemIndicatorText": "\n        \n        Dodge Roll\n        E\n        0.4\n      ",
        "keyItemCooldownRemaining": 357,
        "status": "Latency: 1ms",
        "hasCanvas": true,
        "canvasCount": 2,
        "lobbyVisible": false,
        "cardHandVisible": true,
        "title": "Void Grimoire",
        "bodyText": "👤\nLv\n🔊\n⚙\n4D\nLV\n1\nHP\n60/100\nMS\n50/99\nDeck: 7/12\n⟡ 2\n✦ 3\n🐉 2\n✨ 0\nMoney 0\nLatency: 1ms\nDodge Roll\nE\n0.4\nInitiate Vault\nPurged 0 / 6 hostiles\n01\nRewa: Rewa on channel. Move with WASD, close on the opening grunts, and strike with your melee weapon to start the sweep.\nClick to attack · press 1–6 to cast cards · E for key item\n1\n⚔\nRust-Forged Saber\n5/5\n2\n⚔\nRust-Forged Saber\n5/5\n3\n⚔\nSolar Edge\n650ms wind-up\n2/2\n4\n⚔\nSolar Edge\n650ms wind-up\n2/2\n5\n⚔\nSolar Edge\n650ms wind-up\n2/2"
      }
    },
    {
      "player": "A",
      "description": "Final capture probe.",
      "data": {
        "harnessState": {
          "debugScenario": null,
          "debugScenarioAllowed": true,
          "debugScenarioResult": null,
          "debugGodmodeResult": null,
          "debugTimeScale": 1,
          "debugTimeScaleResult": null,
          "debugTimeScaleAllowed": false,
          "objective": {
            "type": "defeat_enemies",
            "totalEnemies": 6,
            "activeEnemyCount": 2,
            "defeatedEnemies": 0,
            "label": "Initiate Vault: Sweep annex holding pens in scripted waves and breach the deeper vault wing."
          },
          "encounter": null,
          "bossEncounter": null,
          "runObjectiveComplete": false,
          "lastRunSummary": null,
          "sortieCompleteOverlayVisible": false,
          "myId": "4de66fd1-0099-48a8-83fa-2164f450658b",
          "selectedDeck": [
            "0976f91c-9538-4d32-9ccc-22a55eed6dfe",
            "0dd7f125-a4d3-452b-a7af-5cd9776e7e97",
            "76c27b4c-9c33-438d-8a7e-b5090354c761",
            "b8ac6e7f-82be-44d8-a6c5-6fccaa353717",
            "c442dd6e-0431-430b-ab86-1c4388430eae",
            "d6700004-f867-45ed-a7c1-e5e38fb874ed",
            "9af0672d-9c38-45ee-a59a-a7a583678004",
            "1f60543e-4005-4674-a126-6e1ce94715e6",
            "98c4fe9c-aeba-4ea8-86a1-8356e513dafe",
            "827a2e90-aed2-481f-a68c-db9520e323d2",
            "d0e8e202-793a-4946-ab83-42d6a35adf7f",
            "aadac4d8-24e6-404c-a063-ac0858a831a5"
          ],
          "phase": "playing",
          "runStatus": "playing",
          "suspendedRunSummary": null,
          "extracted": false,
          "telepipe": null,
          "layout": {
            "profile": "crowded",
            "seed": 352369970,
            "roomCount": 10,
            "startRoom": {
              "x": -9,
              "z": 27,
              "role": "start"
            }
          },
          "connectionState": "connected",
          "sceneInitialized": true,
          "hasCanvas": true,
          "lobbyVisible": false,
          "lobbyMenuDismissed": true,
          "characterBoothOpen": false,
          "deckEditorVisible": false,
          "runId": "3c4f6b9e-6612-4a90-8c99-79f2260edc5d",
          "resumeBtnUsable": false,
          "abandonRunBtnUsable": false,
          "cardHandVisible": true,
          "status": "Latency: 1ms",
          "hpText": "60/100",
          "msText": "50/99",
          "currencyText": "Money 0",
          "currency": 0,
          "player": {
            "hp": 60,
            "magicStones": 50.49000000000076,
            "currency": 0,
            "debugGodmode": false,
            "dead": false,
            "x": -7.65,
            "y": 0.5,
            "z": 19,
            "equippedKeyItemId": "dodge_roll",
            "keyItemCooldownRemaining": 0,
            "cardUseState": null,
            "cardWindupUntil": 0,
            "cardWindupCardId": null,
            "slowedUntil": 0,
            "burningUntil": 0,
            "slowActive": false,
            "burnActive": false
          },
          "windupFlashing": false,
          "keyItemIndicatorOnCooldown": false,
          "keyItemIndicatorText": "",
          "players": 2,
          "squadmates": [
            {
              "id": "51e7a8f8-45bf-4f0e-a460-aa74a7cdea16",
              "x": -6,
              "z": 27
            }
          ],
          "enemies": 2,
          "enemyHp": [
            {
              "id": "5cc98929-9dcb-460c-9731-9828055bbc10",
              "hp": 100,
              "maxHp": 100,
              "type": "grunt",
              "spawnedBy": null,
              "x": -9,
              "z": 27,
              "slowedUntil": 0,
              "burningUntil": 0,
              "frozenUntil": 0,
              "slowActive": false,
              "burnActive": false
            },
            {
              "id": "f432cdb2-6f6a-48f6-82c9-3a018e912136",
              "hp": 100,
              "maxHp": 100,
              "type": "grunt",
              "spawnedBy": null,
              "x": -8.866656090365723,
              "z": 28.069192429538816,
              "slowedUntil": 0,
              "burningUntil": 0,
              "frozenUntil": 0,
              "slowActive": false,
              "burnActive": false
            }
          ],
          "minions": [],
          "hand": [
            {
              "id": "iron_sword",
              "name": "Rust-Forged Saber",
              "type": "weapon",
              "remainingCharges": 5,
              "charges": 5,
              "activeMinionId": null,
              "burnMaxTtl": null,
              "burnLabel": "5/5",
              "creatureBurning": false,
              "isEvolved": false
            },
            {
              "id": "iron_sword",
              "name": "Rust-Forged Saber",
              "type": "weapon",
              "remainingCharges": 5,
              "charges": 5,
              "activeMinionId": null,
              "burnMaxTtl": null,
              "burnLabel": "5/5",
              "creatureBurning": false,
              "isEvolved": false
            },
            {
              "id": "flame_blade",
              "name": "Solar Edge",
              "type": "weapon",
              "remainingCharges": 2,
              "charges": 2,
              "activeMinionId": null,
              "burnMaxTtl": null,
              "burnLabel": "2/2",
              "creatureBurning": false,
              "isEvolved": false
            },
            {
              "id": "flame_blade",
              "name": "Solar Edge",
              "type": "weapon",
              "remainingCharges": 2,
              "charges": 2,
              "activeMinionId": null,
              "burnMaxTtl": null,
              "burnLabel": "2/2",
              "creatureBurning": false,
              "isEvolved": false
            },
            {
              "id": "flame_blade",
              "name": "Solar Edge",
              "type": "weapon",
              "remainingCharges": 2,
              "charges": 2,
              "activeMinionId": null,
              "burnMaxTtl": null,
              "burnLabel": "2/2",
              "creatureBurning": false,
              "isEvolved": false
            },
            null
          ],
          "inventory": [
            {
              "instanceId": "0976f91c-9538-4d32-9ccc-22a55eed6dfe",
              "cardId": "iron_sword",
              "grind": 0
            },
            {
              "instanceId": "0dd7f125-a4d3-452b-a7af-5cd9776e7e97",
              "cardId": "flame_blade",
              "grind": 0
            },
            {
              "instanceId": "76c27b4c-9c33-438d-8a7e-b5090354c761",
              "cardId": "battle_familiar",
              "grind": 0
            },
            {
              "instanceId": "b8ac6e7f-82be-44d8-a6c5-6fccaa353717",
              "cardId": "dungeon_drake",
              "grind": 0
            },
            {
              "instanceId": "c442dd6e-0431-430b-ab86-1c4388430eae",
              "cardId": "iron_sword",
              "grind": 0
            },
            {
              "instanceId": "d6700004-f867-45ed-a7c1-e5e38fb874ed",
              "cardId": "iron_sword",
              "grind": 0
            },
            {
              "instanceId": "9af0672d-9c38-45ee-a59a-a7a583678004",
              "cardId": "iron_sword",
              "grind": 0
            },
            {
              "instanceId": "1f60543e-4005-4674-a126-6e1ce94715e6",
              "cardId": "battle_familiar",
              "grind": 0
            },
            {
              "instanceId": "98c4fe9c-aeba-4ea8-86a1-8356e513dafe",
              "cardId": "battle_familiar",
              "grind": 0
            },
            {
              "instanceId": "827a2e90-aed2-481f-a68c-db9520e323d2",
              "cardId": "flame_blade",
              "grind": 0
            },
            {
              "instanceId": "d0e8e202-793a-4946-ab83-42d6a35adf7f",
              "cardId": "flame_blade",
              "grind": 0
            },
            {
              "instanceId": "aadac4d8-24e6-404c-a063-ac0858a831a5",
              "cardId": "dungeon_drake",
              "grind": 0
            }
          ],
          "lastEvolutionResult": null
        },
        "keyItemIndicatorOnCooldown": false,
        "keyItemIndicatorText": "\n        \n        Dodge Roll\n        E\n        \n      ",
        "keyItemCooldownRemaining": 0,
        "status": "Latency: 1ms",
        "hasCanvas": true,
        "canvasCount": 2,
        "lobbyVisible": false,
        "cardHandVisible": true,
        "title": "Void Grimoire",
        "bodyText": "👤\nLv\n🔊\n⚙\n4D\nLV\n1\nHP\n60/100\nMS\n50/99\nDeck: 7/12\n⟡ 2\n✦ 3\n🐉 2\n✨ 0\nMoney 0\nLatency: 1ms\nDodge Roll\nE\nInitiate Vault\nPurged 0 / 6 hostiles\n01\nRewa: Rewa on channel. Move with WASD, close on the opening grunts, and strike with your melee weapon to start the sweep.\nClick to attack · press 1–6 to cast cards · E for key item\n1\n⚔\nRust-Forged Saber\n5/5\n2\n⚔\nRust-Forged Saber\n5/5\n3\n⚔\nSolar Edge\n650ms wind-up\n2/2\n4\n⚔\nSolar Edge\n650ms wind-up\n2/2\n5\n⚔\nSolar Edge\n650ms wind-up\n2/2"
      }
    }
  ],
  "pageerrors": []
}
