[createLobby] timeout waiting for #lobby visibility: page.waitForFunction: Timeout 10000ms exceeded.
[joinLobby] timeout waiting for #lobby visibility: page.waitForFunction: Timeout 10000ms exceeded.
{
  "url": "http://localhost:5178/",
  "ok": true,
  "ticketFile": "/home/matt/workspace/.autogame-worktrees/redis-multiplayer-cross-instance-socket-auth-rejected-user-r-7r4p/tickets/redis-multiplayer-cross-instance-socket-auth-rejected-user-r-7r4p/ticket.md",
  "capturePlanSource": "fallback",
  "capturePlanValid": true,
  "capturePlanAttempts": [],
  "capturePlanSummary": "Deterministic full-flow smoke capture: auth, lobby create/join, ready transition, movement, dodge/key-item with post-dodge cooldown probe.",
  "scenarios": [],
  "screenshots": [
    {
      "file": "01-initial.png",
      "player": "A",
      "description": "Both players in squad lobby."
    },
    {
      "file": "02-after-w.png",
      "player": "A",
      "description": "Gameplay after holding W."
    },
    {
      "file": "03-after-d.png",
      "player": "A",
      "description": "Gameplay after holding D."
    },
    {
      "file": "04-after-dodge.png",
      "player": "A",
      "description": "Gameplay after dodge roll with cooldown HUD."
    }
  ],
  "probes": [
    {
      "player": "A",
      "description": "After readying all players and entering gameplay.",
      "data": {
        "harnessState": {
          "debugScenario": null,
          "debugScenarioAllowed": true,
          "debugScenarioResult": null,
          "debugGodmodeResult": null,
          "debugTimeScale": 1,
          "debugTimeScaleResult": null,
          "debugTimeScaleAllowed": false,
          "objective": {
            "type": "defeat_enemies",
            "totalEnemies": 6,
            "activeEnemyCount": 2,
            "defeatedEnemies": 0,
            "label": "Initiate Vault: Sweep annex holding pens in scripted waves and breach the deeper vault wing."
          },
          "encounter": null,
          "bossEncounter": null,
          "runObjectiveComplete": false,
          "lastRunSummary": null,
          "sortieCompleteOverlayVisible": false,
          "myId": "f3083269-4050-4417-84ca-9582e87cc47f",
          "selectedDeck": [
            "ba08ba82-e994-4f5c-be28-c626d797d7eb",
            "ebf8d510-7803-4552-a450-5dad77239899",
            "ac69703f-9dd5-4a4c-8464-e2e3fd52e8f0",
            "105c9abf-b392-4521-a7fd-5e38d5e67626",
            "c96c62e7-642a-46e4-9f24-73b292bd3845",
            "241e7e52-352d-4827-9306-5628b12454f1",
            "12be498c-2ac2-4a38-bc15-3d38694f0830",
            "f01d5024-8da7-48b0-83cd-4f903dee6d4d",
            "b7c474a2-1ce6-450b-8e12-00b4fed4b0cb",
            "5b840b27-1aac-4cfc-a178-1348e1896acf",
            "8153c867-9718-49a0-9afd-49e4d49670c5",
            "91d0887a-7a95-4613-a81c-2e432f97d916"
          ],
          "phase": "playing",
          "runStatus": "playing",
          "suspendedRunSummary": null,
          "extracted": false,
          "telepipe": null,
          "layout": {
            "profile": "crowded",
            "seed": 352369970,
            "roomCount": 10,
            "startRoom": {
              "x": -9,
              "z": 27,
              "role": "start"
            }
          },
          "connectionState": "connected",
          "sceneInitialized": true,
          "hasCanvas": true,
          "lobbyVisible": false,
          "lobbyMenuDismissed": true,
          "characterBoothOpen": false,
          "deckEditorVisible": false,
          "runId": "3347c8db-62d2-4964-9b0e-519850d85250",
          "resumeBtnUsable": false,
          "abandonRunBtnUsable": false,
          "cardHandVisible": true,
          "status": "Latency: 1ms",
          "hpText": "100/100",
          "msText": "49/99",
          "currencyText": "Money 0",
          "currency": 0,
          "player": {
            "hp": 100,
            "magicStones": 49.08000000000004,
            "currency": 0,
            "debugGodmode": false,
            "dead": false,
            "x": -9,
            "y": 0.5,
            "z": 27,
            "equippedKeyItemId": "dodge_roll",
            "keyItemCooldownRemaining": 0,
            "cardUseState": null,
            "cardWindupUntil": 0,
            "cardWindupCardId": null,
            "slowedUntil": 0,
            "burningUntil": 0,
            "slowActive": false,
            "burnActive": false
          },
          "windupFlashing": false,
          "keyItemIndicatorOnCooldown": false,
          "keyItemIndicatorText": "",
          "players": 2,
          "squadmates": [
            {
              "id": "2582e965-09a1-4410-b31f-200250967ae2",
              "x": -6,
              "z": 27
            }
          ],
          "enemies": 2,
          "enemyHp": [
            {
              "id": "77b84a9b-e186-4e46-ab21-1481d0d50049",
              "hp": 100,
              "maxHp": 100,
              "type": "grunt",
              "spawnedBy": null,
              "x": -9.79950319508825,
              "z": 22.528189378206832,
              "slowedUntil": 0,
              "burningUntil": 0,
              "frozenUntil": 0,
              "slowActive": false,
              "burnActive": false
            },
            {
              "id": "e1147301-0d29-4f8b-8851-b401b3611d33",
              "hp": 100,
              "maxHp": 100,
              "type": "grunt",
              "spawnedBy": null,
              "x": -10.950222756829344,
              "z": 22.777787355967405,
              "slowedUntil": 0,
              "burningUntil": 0,
              "frozenUntil": 0,
              "slowActive": false,
              "burnActive": false
            }
          ],
          "minions": [],
          "hand": [
            {
              "id": "iron_sword",
              "name": "Rust-Forged Saber",
              "type": "weapon",
              "remainingCharges": 5,
              "charges": 5,
              "activeMinionId": null,
              "burnMaxTtl": null,
              "burnLabel": "5/5",
              "creatureBurning": false,
              "isEvolved": false
            },
            {
              "id": "battle_familiar",
              "name": "Signal Familiar",
              "type": "spell",
              "remainingCharges": 1,
              "charges": 1,
              "activeMinionId": null,
              "burnMaxTtl": null,
              "burnLabel": "1/1",
              "creatureBurning": false,
              "isEvolved": false
            },
            null,
            {
              "id": "iron_sword",
              "name": "Rust-Forged Saber",
              "type": "weapon",
              "remainingCharges": 5,
              "charges": 5,
              "activeMinionId": null,
              "burnMaxTtl": null,
              "burnLabel": "5/5",
              "creatureBurning": false,
              "isEvolved": false
            },
            {
              "id": "iron_sword",
              "name": "Rust-Forged Saber",
              "type": "weapon",
              "remainingCharges": 5,
              "charges": 5,
              "activeMinionId": null,
              "burnMaxTtl": null,
              "burnLabel": "5/5",
              "creatureBurning": false,
              "isEvolved": false
            },
            null
          ],
          "inventory": [
            {
              "instanceId": "ba08ba82-e994-4f5c-be28-c626d797d7eb",
              "cardId": "iron_sword",
              "grind": 0
            },
            {
              "instanceId": "ebf8d510-7803-4552-a450-5dad77239899",
              "cardId": "flame_blade",
              "grind": 0
            },
            {
              "instanceId": "ac69703f-9dd5-4a4c-8464-e2e3fd52e8f0",
              "cardId": "battle_familiar",
              "grind": 0
            },
            {
              "instanceId": "105c9abf-b392-4521-a7fd-5e38d5e67626",
              "cardId": "dungeon_drake",
              "grind": 0
            },
            {
              "instanceId": "c96c62e7-642a-46e4-9f24-73b292bd3845",
              "cardId": "iron_sword",
              "grind": 0
            },
            {
              "instanceId": "241e7e52-352d-4827-9306-5628b12454f1",
              "cardId": "iron_sword",
              "grind": 0
            },
            {
              "instanceId": "12be498c-2ac2-4a38-bc15-3d38694f0830",
              "cardId": "iron_sword",
              "grind": 0
            },
            {
              "instanceId": "f01d5024-8da7-48b0-83cd-4f903dee6d4d",
              "cardId": "battle_familiar",
              "grind": 0
            },
            {
              "instanceId": "b7c474a2-1ce6-450b-8e12-00b4fed4b0cb",
              "cardId": "battle_familiar",
              "grind": 0
            },
            {
              "instanceId": "5b840b27-1aac-4cfc-a178-1348e1896acf",
              "cardId": "flame_blade",
              "grind": 0
            },
            {
              "instanceId": "8153c867-9718-49a0-9afd-49e4d49670c5",
              "cardId": "flame_blade",
              "grind": 0
            },
            {
              "instanceId": "91d0887a-7a95-4613-a81c-2e432f97d916",
              "cardId": "dungeon_drake",
              "grind": 0
            }
          ],
          "lastEvolutionResult": null
        },
        "keyItemIndicatorOnCooldown": false,
        "keyItemIndicatorText": "\n          \n          Dodge Roll\n          E\n          \n        ",
        "keyItemCooldownRemaining": 0,
        "status": "Latency: 1ms",
        "hasCanvas": true,
        "canvasCount": 2,
        "lobbyVisible": false,
        "cardHandVisible": true,
        "title": "Void Grimoire",
        "bodyText": "👤\nLv\n🔊\n⚙\nPL\nLV\n1\nHP\n100/100\nMS\n49/99\nDeck: 8/12\n⟡ 4\n✦ 2\n🐉 2\n✨ 0\nMoney 0\nLatency: 1ms\nDodge Roll\nE\nRewa: Rewa on channel. Move with WASD, close on the opening grunts, and strike with your melee weapon to start the sweep.\n01\nRewa: Rewa on channel. Move with WASD, close on the opening grunts, and strike with your melee weapon to start the sweep.\nInitiate Vault\nPurged 0 / 6 hostiles\nClick to attack · press 1–6 to cast cards · E for key item\n1\n⚔\nRust-Forged Saber\n5/5\n2\n✦\nSignal Familiar\n50 MS\n1/1\n4\n⚔\nRust-Forged Saber\n5/5\n5\n⚔\nRust-Forged Saber\n5/5\nANNEX LIAISON KADE\nEntry annex is live. Close with WASD and strike with your melee weapon — two grunts block the bulkhead."
      }
    },
    {
      "player": "A",
      "description": "After dodge roll — cooldown HUD should be active.",
      "data": {
        "harnessState": {
          "debugScenario": null,
          "debugScenarioAllowed": true,
          "debugScenarioResult": null,
          "debugGodmodeResult": null,
          "debugTimeScale": 1,
          "debugTimeScaleResult": null,
          "debugTimeScaleAllowed": false,
          "objective": {
            "type": "defeat_enemies",
            "totalEnemies": 6,
            "activeEnemyCount": 2,
            "defeatedEnemies": 0,
            "label": "Initiate Vault: Sweep annex holding pens in scripted waves and breach the deeper vault wing."
          },
          "encounter": null,
          "bossEncounter": null,
          "runObjectiveComplete": false,
          "lastRunSummary": null,
          "sortieCompleteOverlayVisible": false,
          "myId": "f3083269-4050-4417-84ca-9582e87cc47f",
          "selectedDeck": [
            "ba08ba82-e994-4f5c-be28-c626d797d7eb",
            "ebf8d510-7803-4552-a450-5dad77239899",
            "ac69703f-9dd5-4a4c-8464-e2e3fd52e8f0",
            "105c9abf-b392-4521-a7fd-5e38d5e67626",
            "c96c62e7-642a-46e4-9f24-73b292bd3845",
            "241e7e52-352d-4827-9306-5628b12454f1",
            "12be498c-2ac2-4a38-bc15-3d38694f0830",
            "f01d5024-8da7-48b0-83cd-4f903dee6d4d",
            "b7c474a2-1ce6-450b-8e12-00b4fed4b0cb",
            "5b840b27-1aac-4cfc-a178-1348e1896acf",
            "8153c867-9718-49a0-9afd-49e4d49670c5",
            "91d0887a-7a95-4613-a81c-2e432f97d916"
          ],
          "phase": "playing",
          "runStatus": "playing",
          "suspendedRunSummary": null,
          "extracted": false,
          "telepipe": null,
          "layout": {
            "profile": "crowded",
            "seed": 352369970,
            "roomCount": 10,
            "startRoom": {
              "x": -9,
              "z": 27,
              "role": "start"
            }
          },
          "connectionState": "connected",
          "sceneInitialized": true,
          "hasCanvas": true,
          "lobbyVisible": false,
          "lobbyMenuDismissed": true,
          "characterBoothOpen": false,
          "deckEditorVisible": false,
          "runId": "3347c8db-62d2-4964-9b0e-519850d85250",
          "resumeBtnUsable": false,
          "abandonRunBtnUsable": false,
          "cardHandVisible": true,
          "status": "Latency: 1ms",
          "hpText": "80/100",
          "msText": "49/99",
          "currencyText": "Money 0",
          "currency": 0,
          "player": {
            "hp": 80,
            "magicStones": 49.575000000000294,
            "currency": 0,
            "debugGodmode": false,
            "dead": false,
            "x": -7.65,
            "y": 0.5,
            "z": 19,
            "equippedKeyItemId": "dodge_roll",
            "keyItemCooldownRemaining": 421,
            "cardUseState": null,
            "cardWindupUntil": 0,
            "cardWindupCardId": null,
            "slowedUntil": 0,
            "burningUntil": 0,
            "slowActive": false,
            "burnActive": false
          },
          "windupFlashing": false,
          "keyItemIndicatorOnCooldown": true,
          "keyItemIndicatorText": "0.4",
          "players": 2,
          "squadmates": [
            {
              "id": "2582e965-09a1-4410-b31f-200250967ae2",
              "x": -6,
              "z": 27
            }
          ],
          "enemies": 2,
          "enemyHp": [
            {
              "id": "77b84a9b-e186-4e46-ab21-1481d0d50049",
              "hp": 100,
              "maxHp": 100,
              "type": "grunt",
              "spawnedBy": null,
              "x": -10.595853140912135,
              "z": 21.677360608674665,
              "slowedUntil": 0,
              "burningUntil": 0,
              "frozenUntil": 0,
              "slowActive": false,
              "burnActive": false
            },
            {
              "id": "e1147301-0d29-4f8b-8851-b401b3611d33",
              "hp": 100,
              "maxHp": 100,
              "type": "grunt",
              "spawnedBy": null,
              "x": -10.56991803743513,
              "z": 21.717879358736468,
              "slowedUntil": 0,
              "burningUntil": 0,
              "frozenUntil": 0,
              "slowActive": false,
              "burnActive": false
            }
          ],
          "minions": [],
          "hand": [
            {
              "id": "iron_sword",
              "name": "Rust-Forged Saber",
              "type": "weapon",
              "remainingCharges": 5,
              "charges": 5,
              "activeMinionId": null,
              "burnMaxTtl": null,
              "burnLabel": "5/5",
              "creatureBurning": false,
              "isEvolved": false
            },
            {
              "id": "battle_familiar",
              "name": "Signal Familiar",
              "type": "spell",
              "remainingCharges": 1,
              "charges": 1,
              "activeMinionId": null,
              "burnMaxTtl": null,
              "burnLabel": "1/1",
              "creatureBurning": false,
              "isEvolved": false
            },
            {
              "id": "flame_blade",
              "name": "Solar Edge",
              "type": "weapon",
              "remainingCharges": 2,
              "charges": 2,
              "activeMinionId": null,
              "burnMaxTtl": null,
              "burnLabel": "2/2",
              "creatureBurning": false,
              "isEvolved": false
            },
            {
              "id": "iron_sword",
              "name": "Rust-Forged Saber",
              "type": "weapon",
              "remainingCharges": 5,
              "charges": 5,
              "activeMinionId": null,
              "burnMaxTtl": null,
              "burnLabel": "5/5",
              "creatureBurning": false,
              "isEvolved": false
            },
            {
              "id": "iron_sword",
              "name": "Rust-Forged Saber",
              "type": "weapon",
              "remainingCharges": 5,
              "charges": 5,
              "activeMinionId": null,
              "burnMaxTtl": null,
              "burnLabel": "5/5",
              "creatureBurning": false,
              "isEvolved": false
            },
            null
          ],
          "inventory": [
            {
              "instanceId": "ba08ba82-e994-4f5c-be28-c626d797d7eb",
              "cardId": "iron_sword",
              "grind": 0
            },
            {
              "instanceId": "ebf8d510-7803-4552-a450-5dad77239899",
              "cardId": "flame_blade",
              "grind": 0
            },
            {
              "instanceId": "ac69703f-9dd5-4a4c-8464-e2e3fd52e8f0",
              "cardId": "battle_familiar",
              "grind": 0
            },
            {
              "instanceId": "105c9abf-b392-4521-a7fd-5e38d5e67626",
              "cardId": "dungeon_drake",
              "grind": 0
            },
            {
              "instanceId": "c96c62e7-642a-46e4-9f24-73b292bd3845",
              "cardId": "iron_sword",
              "grind": 0
            },
            {
              "instanceId": "241e7e52-352d-4827-9306-5628b12454f1",
              "cardId": "iron_sword",
              "grind": 0
            },
            {
              "instanceId": "12be498c-2ac2-4a38-bc15-3d38694f0830",
              "cardId": "iron_sword",
              "grind": 0
            },
            {
              "instanceId": "f01d5024-8da7-48b0-83cd-4f903dee6d4d",
              "cardId": "battle_familiar",
              "grind": 0
            },
            {
              "instanceId": "b7c474a2-1ce6-450b-8e12-00b4fed4b0cb",
              "cardId": "battle_familiar",
              "grind": 0
            },
            {
              "instanceId": "5b840b27-1aac-4cfc-a178-1348e1896acf",
              "cardId": "flame_blade",
              "grind": 0
            },
            {
              "instanceId": "8153c867-9718-49a0-9afd-49e4d49670c5",
              "cardId": "flame_blade",
              "grind": 0
            },
            {
              "instanceId": "91d0887a-7a95-4613-a81c-2e432f97d916",
              "cardId": "dungeon_drake",
              "grind": 0
            }
          ],
          "lastEvolutionResult": null
        },
        "keyItemIndicatorOnCooldown": true,
        "keyItemIndicatorText": "\n          \n          Dodge Roll\n          E\n          0.4\n        ",
        "keyItemCooldownRemaining": 421,
        "status": "Latency: 1ms",
        "hasCanvas": true,
        "canvasCount": 2,
        "lobbyVisible": false,
        "cardHandVisible": true,
        "title": "Void Grimoire",
        "bodyText": "👤\nLv\n🔊\n⚙\nPL\nLV\n1\nHP\n80/100\nMS\n49/99\nDeck: 7/12\n⟡ 3\n✦ 2\n🐉 2\n✨ 0\nMoney 0\nLatency: 1ms\nDodge Roll\nE\n0.4\n01\nRewa: Rewa on channel. Move with WASD, close on the opening grunts, and strike with your melee weapon to start the sweep.\nInitiate Vault\nPurged 0 / 6 hostiles\nClick to attack · press 1–6 to cast cards · E for key item\n1\n⚔\nRust-Forged Saber\n5/5\n2\n✦\nSignal Familiar\n50 MS\n1/1\n3\n⚔\nSolar Edge\n650ms wind-up\n2/2\n4\n⚔\nRust-Forged Saber\n5/5\n5\n⚔\nRust-Forged Saber\n5/5\n-10"
      }
    },
    {
      "player": "A",
      "description": "Final capture probe.",
      "data": {
        "harnessState": {
          "debugScenario": null,
          "debugScenarioAllowed": true,
          "debugScenarioResult": null,
          "debugGodmodeResult": null,
          "debugTimeScale": 1,
          "debugTimeScaleResult": null,
          "debugTimeScaleAllowed": false,
          "objective": {
            "type": "defeat_enemies",
            "totalEnemies": 6,
            "activeEnemyCount": 2,
            "defeatedEnemies": 0,
            "label": "Initiate Vault: Sweep annex holding pens in scripted waves and breach the deeper vault wing."
          },
          "encounter": null,
          "bossEncounter": null,
          "runObjectiveComplete": false,
          "lastRunSummary": null,
          "sortieCompleteOverlayVisible": false,
          "myId": "f3083269-4050-4417-84ca-9582e87cc47f",
          "selectedDeck": [
            "ba08ba82-e994-4f5c-be28-c626d797d7eb",
            "ebf8d510-7803-4552-a450-5dad77239899",
            "ac69703f-9dd5-4a4c-8464-e2e3fd52e8f0",
            "105c9abf-b392-4521-a7fd-5e38d5e67626",
            "c96c62e7-642a-46e4-9f24-73b292bd3845",
            "241e7e52-352d-4827-9306-5628b12454f1",
            "12be498c-2ac2-4a38-bc15-3d38694f0830",
            "f01d5024-8da7-48b0-83cd-4f903dee6d4d",
            "b7c474a2-1ce6-450b-8e12-00b4fed4b0cb",
            "5b840b27-1aac-4cfc-a178-1348e1896acf",
            "8153c867-9718-49a0-9afd-49e4d49670c5",
            "91d0887a-7a95-4613-a81c-2e432f97d916"
          ],
          "phase": "playing",
          "runStatus": "playing",
          "suspendedRunSummary": null,
          "extracted": false,
          "telepipe": null,
          "layout": {
            "profile": "crowded",
            "seed": 352369970,
            "roomCount": 10,
            "startRoom": {
              "x": -9,
              "z": 27,
              "role": "start"
            }
          },
          "connectionState": "connected",
          "sceneInitialized": true,
          "hasCanvas": true,
          "lobbyVisible": false,
          "lobbyMenuDismissed": true,
          "characterBoothOpen": false,
          "deckEditorVisible": false,
          "runId": "3347c8db-62d2-4964-9b0e-519850d85250",
          "resumeBtnUsable": false,
          "abandonRunBtnUsable": false,
          "cardHandVisible": true,
          "status": "Latency: 1ms",
          "hpText": "80/100",
          "msText": "49/99",
          "currencyText": "Money 0",
          "currency": 0,
          "player": {
            "hp": 80,
            "magicStones": 49.62000000000032,
            "currency": 0,
            "debugGodmode": false,
            "dead": false,
            "x": -7.65,
            "y": 0.5,
            "z": 19,
            "equippedKeyItemId": "dodge_roll",
            "keyItemCooldownRemaining": 0,
            "cardUseState": null,
            "cardWindupUntil": 0,
            "cardWindupCardId": null,
            "slowedUntil": 0,
            "burningUntil": 0,
            "slowActive": false,
            "burnActive": false
          },
          "windupFlashing": false,
          "keyItemIndicatorOnCooldown": false,
          "keyItemIndicatorText": "",
          "players": 2,
          "squadmates": [
            {
              "id": "2582e965-09a1-4410-b31f-200250967ae2",
              "x": -6,
              "z": 27
            }
          ],
          "enemies": 2,
          "enemyHp": [
            {
              "id": "77b84a9b-e186-4e46-ab21-1481d0d50049",
              "hp": 100,
              "maxHp": 100,
              "type": "grunt",
              "spawnedBy": null,
              "x": -10.595853140912135,
              "z": 21.677360608674665,
              "slowedUntil": 0,
              "burningUntil": 0,
              "frozenUntil": 0,
              "slowActive": false,
              "burnActive": false
            },
            {
              "id": "e1147301-0d29-4f8b-8851-b401b3611d33",
              "hp": 100,
              "maxHp": 100,
              "type": "grunt",
              "spawnedBy": null,
              "x": -10.56991803743513,
              "z": 21.717879358736468,
              "slowedUntil": 0,
              "burningUntil": 0,
              "frozenUntil": 0,
              "slowActive": false,
              "burnActive": false
            }
          ],
          "minions": [],
          "hand": [
            {
              "id": "iron_sword",
              "name": "Rust-Forged Saber",
              "type": "weapon",
              "remainingCharges": 5,
              "charges": 5,
              "activeMinionId": null,
              "burnMaxTtl": null,
              "burnLabel": "5/5",
              "creatureBurning": false,
              "isEvolved": false
            },
            {
              "id": "battle_familiar",
              "name": "Signal Familiar",
              "type": "spell",
              "remainingCharges": 1,
              "charges": 1,
              "activeMinionId": null,
              "burnMaxTtl": null,
              "burnLabel": "1/1",
              "creatureBurning": false,
              "isEvolved": false
            },
            {
              "id": "flame_blade",
              "name": "Solar Edge",
              "type": "weapon",
              "remainingCharges": 2,
              "charges": 2,
              "activeMinionId": null,
              "burnMaxTtl": null,
              "burnLabel": "2/2",
              "creatureBurning": false,
              "isEvolved": false
            },
            {
              "id": "iron_sword",
              "name": "Rust-Forged Saber",
              "type": "weapon",
              "remainingCharges": 5,
              "charges": 5,
              "activeMinionId": null,
              "burnMaxTtl": null,
              "burnLabel": "5/5",
              "creatureBurning": false,
              "isEvolved": false
            },
            {
              "id": "iron_sword",
              "name": "Rust-Forged Saber",
              "type": "weapon",
              "remainingCharges": 5,
              "charges": 5,
              "activeMinionId": null,
              "burnMaxTtl": null,
              "burnLabel": "5/5",
              "creatureBurning": false,
              "isEvolved": false
            },
            null
          ],
          "inventory": [
            {
              "instanceId": "ba08ba82-e994-4f5c-be28-c626d797d7eb",
              "cardId": "iron_sword",
              "grind": 0
            },
            {
              "instanceId": "ebf8d510-7803-4552-a450-5dad77239899",
              "cardId": "flame_blade",
              "grind": 0
            },
            {
              "instanceId": "ac69703f-9dd5-4a4c-8464-e2e3fd52e8f0",
              "cardId": "battle_familiar",
              "grind": 0
            },
            {
              "instanceId": "105c9abf-b392-4521-a7fd-5e38d5e67626",
              "cardId": "dungeon_drake",
              "grind": 0
            },
            {
              "instanceId": "c96c62e7-642a-46e4-9f24-73b292bd3845",
              "cardId": "iron_sword",
              "grind": 0
            },
            {
              "instanceId": "241e7e52-352d-4827-9306-5628b12454f1",
              "cardId": "iron_sword",
              "grind": 0
            },
            {
              "instanceId": "12be498c-2ac2-4a38-bc15-3d38694f0830",
              "cardId": "iron_sword",
              "grind": 0
            },
            {
              "instanceId": "f01d5024-8da7-48b0-83cd-4f903dee6d4d",
              "cardId": "battle_familiar",
              "grind": 0
            },
            {
              "instanceId": "b7c474a2-1ce6-450b-8e12-00b4fed4b0cb",
              "cardId": "battle_familiar",
              "grind": 0
            },
            {
              "instanceId": "5b840b27-1aac-4cfc-a178-1348e1896acf",
              "cardId": "flame_blade",
              "grind": 0
            },
            {
              "instanceId": "8153c867-9718-49a0-9afd-49e4d49670c5",
              "cardId": "flame_blade",
              "grind": 0
            },
            {
              "instanceId": "91d0887a-7a95-4613-a81c-2e432f97d916",
              "cardId": "dungeon_drake",
              "grind": 0
            }
          ],
          "lastEvolutionResult": null
        },
        "keyItemIndicatorOnCooldown": false,
        "keyItemIndicatorText": "\n          \n          Dodge Roll\n          E\n          \n        ",
        "keyItemCooldownRemaining": 0,
        "status": "Latency: 1ms",
        "hasCanvas": true,
        "canvasCount": 2,
        "lobbyVisible": false,
        "cardHandVisible": true,
        "title": "Void Grimoire",
        "bodyText": "👤\nLv\n🔊\n⚙\nPL\nLV\n1\nHP\n80/100\nMS\n49/99\nDeck: 7/12\n⟡ 3\n✦ 2\n🐉 2\n✨ 0\nMoney 0\nLatency: 1ms\nDodge Roll\nE\n01\nRewa: Rewa on channel. Move with WASD, close on the opening grunts, and strike with your melee weapon to start the sweep.\nInitiate Vault\nPurged 0 / 6 hostiles\nClick to attack · press 1–6 to cast cards · E for key item\n1\n⚔\nRust-Forged Saber\n5/5\n2\n✦\nSignal Familiar\n50 MS\n1/1\n3\n⚔\nSolar Edge\n650ms wind-up\n2/2\n4\n⚔\nRust-Forged Saber\n5/5\n5\n⚔\nRust-Forged Saber\n5/5"
      }
    }
  ],
  "pageerrors": []
}
