[createLobby] timeout waiting for #lobby visibility: page.waitForFunction: Timeout 10000ms exceeded.
[joinLobby] timeout waiting for #lobby visibility: page.waitForFunction: Timeout 10000ms exceeded.
{
  "url": "http://localhost:5176/",
  "ok": true,
  "ticketFile": "/home/matt/workspace/.autogame-worktrees/337-anim-chrono-trigger/tickets/337-anim-chrono-trigger/ticket.md",
  "capturePlanSource": "fallback",
  "capturePlanValid": true,
  "capturePlanAttempts": [],
  "capturePlanSummary": "Deterministic full-flow smoke capture: auth, lobby create/join, ready transition, movement, dodge/key-item with post-dodge cooldown probe.",
  "scenarios": [],
  "screenshots": [
    {
      "file": "01-initial.png",
      "player": "A",
      "description": "Both players in squad lobby."
    },
    {
      "file": "02-after-w.png",
      "player": "A",
      "description": "Gameplay after holding W."
    },
    {
      "file": "03-after-d.png",
      "player": "A",
      "description": "Gameplay after holding D."
    },
    {
      "file": "04-after-dodge.png",
      "player": "A",
      "description": "Gameplay after dodge roll with cooldown HUD."
    }
  ],
  "probes": [
    {
      "player": "A",
      "description": "After readying all players and entering gameplay.",
      "data": {
        "harnessState": {
          "debugScenario": null,
          "debugScenarioAllowed": true,
          "debugScenarioResult": null,
          "debugGodmodeResult": null,
          "debugTimeScale": 1,
          "debugTimeScaleResult": null,
          "debugTimeScaleAllowed": false,
          "objective": {
            "type": "defeat_enemies",
            "totalEnemies": 6,
            "activeEnemyCount": 2,
            "defeatedEnemies": 0,
            "label": "Initiate Vault: Sweep annex holding pens in scripted waves and breach the deeper vault wing."
          },
          "encounter": null,
          "bossEncounter": null,
          "runObjectiveComplete": false,
          "lastRunSummary": null,
          "sortieCompleteOverlayVisible": false,
          "myId": "b6317fa5-c099-42d3-b7d8-7fd32159f7c3",
          "selectedDeck": [
            "5ea829a3-dd29-40cb-a029-e47911d65456",
            "7669e4a1-5f87-4c34-b2b0-aba231105cee",
            "68aa2cba-911d-4bd6-918b-416f41919105",
            "586d9a31-9ffe-4675-a83a-707068653f7b",
            "abe32569-48f8-42e1-85b7-7c533c785deb",
            "40697345-32ca-44ae-974f-84d6c0ccaaa9",
            "8a6aad1f-9f0a-49a8-a689-5b34838a5594",
            "801196e0-9e94-4ab8-aa6c-c991fb8dd12c",
            "0fac98b4-9123-41ee-98e5-eb3e425b9cd3",
            "152c67c9-2b3c-4d42-b63e-7836fff17257",
            "c92fe164-f8be-4758-862c-d87475d1b143",
            "ca3cb2ff-f681-4a6b-9a50-2fc40fcb727c"
          ],
          "phase": "playing",
          "runStatus": "playing",
          "suspendedRunSummary": null,
          "extracted": false,
          "telepipe": null,
          "layout": {
            "profile": "crowded",
            "seed": 352369970,
            "roomCount": 10,
            "startRoom": {
              "x": -9,
              "z": 27,
              "role": "start"
            }
          },
          "connectionState": "connected",
          "sceneInitialized": true,
          "hasCanvas": true,
          "lobbyVisible": false,
          "lobbyMenuDismissed": true,
          "characterBoothOpen": false,
          "deckEditorVisible": false,
          "runId": "8e843e44-70fb-4828-9514-8c6d3f351461",
          "resumeBtnUsable": false,
          "abandonRunBtnUsable": false,
          "cardHandVisible": true,
          "status": "Latency: 1ms",
          "hpText": "80/100",
          "msText": "49/99",
          "currencyText": "Money 0",
          "currency": 0,
          "player": {
            "hp": 80,
            "magicStones": 49.85500000000044,
            "currency": 0,
            "debugGodmode": false,
            "dead": false,
            "x": -9,
            "y": 0.5,
            "z": 27,
            "equippedKeyItemId": "dodge_roll",
            "keyItemCooldownRemaining": 0,
            "cardUseState": null,
            "cardWindupUntil": 0,
            "cardWindupCardId": null,
            "slowedUntil": 0,
            "burningUntil": 0,
            "slowActive": false,
            "burnActive": false
          },
          "windupFlashing": false,
          "keyItemIndicatorOnCooldown": false,
          "keyItemIndicatorText": "",
          "players": 2,
          "squadmates": [
            {
              "id": "24bd56e7-640e-4be6-ba97-5b4fdc8e9016",
              "x": -6,
              "z": 27
            }
          ],
          "enemies": 2,
          "enemyHp": [
            {
              "id": "22cc3fa9-906d-49a7-a948-54fbea4c61c9",
              "hp": 100,
              "maxHp": 100,
              "type": "grunt",
              "spawnedBy": null,
              "x": -9,
              "z": 27,
              "slowedUntil": 0,
              "burningUntil": 0,
              "frozenUntil": 0,
              "slowActive": false,
              "burnActive": false
            },
            {
              "id": "1c08bfe7-8276-4909-9671-04da463a86f1",
              "hp": 100,
              "maxHp": 100,
              "type": "grunt",
              "spawnedBy": null,
              "x": -8.866656090365723,
              "z": 28.069192429538816,
              "slowedUntil": 0,
              "burningUntil": 0,
              "frozenUntil": 0,
              "slowActive": false,
              "burnActive": false
            }
          ],
          "minions": [],
          "hand": [
            {
              "id": "flame_blade",
              "name": "Solar Edge",
              "type": "weapon",
              "remainingCharges": 2,
              "charges": 2,
              "activeMinionId": null,
              "burnMaxTtl": null,
              "burnLabel": "2/2",
              "creatureBurning": false,
              "isEvolved": false
            },
            {
              "id": "flame_blade",
              "name": "Solar Edge",
              "type": "weapon",
              "remainingCharges": 2,
              "charges": 2,
              "activeMinionId": null,
              "burnMaxTtl": null,
              "burnLabel": "2/2",
              "creatureBurning": false,
              "isEvolved": false
            },
            null,
            {
              "id": "flame_blade",
              "name": "Solar Edge",
              "type": "weapon",
              "remainingCharges": 2,
              "charges": 2,
              "activeMinionId": null,
              "burnMaxTtl": null,
              "burnLabel": "2/2",
              "creatureBurning": false,
              "isEvolved": false
            },
            {
              "id": "iron_sword",
              "name": "Rust-Forged Saber",
              "type": "weapon",
              "remainingCharges": 5,
              "charges": 5,
              "activeMinionId": null,
              "burnMaxTtl": null,
              "burnLabel": "5/5",
              "creatureBurning": false,
              "isEvolved": false
            },
            null
          ],
          "inventory": [
            {
              "instanceId": "5ea829a3-dd29-40cb-a029-e47911d65456",
              "cardId": "iron_sword",
              "grind": 0
            },
            {
              "instanceId": "7669e4a1-5f87-4c34-b2b0-aba231105cee",
              "cardId": "flame_blade",
              "grind": 0
            },
            {
              "instanceId": "68aa2cba-911d-4bd6-918b-416f41919105",
              "cardId": "battle_familiar",
              "grind": 0
            },
            {
              "instanceId": "586d9a31-9ffe-4675-a83a-707068653f7b",
              "cardId": "dungeon_drake",
              "grind": 0
            },
            {
              "instanceId": "abe32569-48f8-42e1-85b7-7c533c785deb",
              "cardId": "iron_sword",
              "grind": 0
            },
            {
              "instanceId": "40697345-32ca-44ae-974f-84d6c0ccaaa9",
              "cardId": "iron_sword",
              "grind": 0
            },
            {
              "instanceId": "8a6aad1f-9f0a-49a8-a689-5b34838a5594",
              "cardId": "iron_sword",
              "grind": 0
            },
            {
              "instanceId": "801196e0-9e94-4ab8-aa6c-c991fb8dd12c",
              "cardId": "battle_familiar",
              "grind": 0
            },
            {
              "instanceId": "0fac98b4-9123-41ee-98e5-eb3e425b9cd3",
              "cardId": "battle_familiar",
              "grind": 0
            },
            {
              "instanceId": "152c67c9-2b3c-4d42-b63e-7836fff17257",
              "cardId": "flame_blade",
              "grind": 0
            },
            {
              "instanceId": "c92fe164-f8be-4758-862c-d87475d1b143",
              "cardId": "flame_blade",
              "grind": 0
            },
            {
              "instanceId": "ca3cb2ff-f681-4a6b-9a50-2fc40fcb727c",
              "cardId": "dungeon_drake",
              "grind": 0
            }
          ],
          "lastEvolutionResult": null
        },
        "keyItemIndicatorOnCooldown": false,
        "keyItemIndicatorText": "\n        \n        Dodge Roll\n        E\n        \n      ",
        "keyItemCooldownRemaining": 0,
        "status": "Latency: 1ms",
        "hasCanvas": true,
        "canvasCount": 2,
        "lobbyVisible": false,
        "cardHandVisible": true,
        "title": "Void Grimoire",
        "bodyText": "👤\nLv\n🔊\n⚙\nB6\nLV\n1\nHP\n80/100\nMS\n49/99\nDeck: 8/12\n⟡ 3\n✦ 3\n🐉 2\n✨ 0\nMoney 0\nLatency: 1ms\nDodge Roll\nE\nInitiate Vault\nPurged 0 / 6 hostiles\n01\nRewa: Rewa on channel. Move with WASD, close on the opening grunts, and strike with your melee weapon to start the sweep.\nClick to attack · press 1–6 to cast cards\n1\n⚔\nSolar Edge\n650ms wind-up\n2/2\n2\n⚔\nSolar Edge\n650ms wind-up\n2/2\n4\n⚔\nSolar Edge\n650ms wind-up\n2/2\n5\n⚔\nRust-Forged Saber\n5/5\nRewa: Rewa on channel. Move with WASD, close on the opening grunts, and strike with your melee weapon to start the sweep.\nANNEX LIAISON KADE\nEntry annex is live. Close with WASD and strike with your melee weapon — two grunts block the bulkhead."
      }
    },
    {
      "player": "A",
      "description": "After dodge roll — cooldown HUD should be active.",
      "data": {
        "harnessState": {
          "debugScenario": null,
          "debugScenarioAllowed": true,
          "debugScenarioResult": null,
          "debugGodmodeResult": null,
          "debugTimeScale": 1,
          "debugTimeScaleResult": null,
          "debugTimeScaleAllowed": false,
          "objective": {
            "type": "defeat_enemies",
            "totalEnemies": 6,
            "activeEnemyCount": 2,
            "defeatedEnemies": 0,
            "label": "Initiate Vault: Sweep annex holding pens in scripted waves and breach the deeper vault wing."
          },
          "encounter": null,
          "bossEncounter": null,
          "runObjectiveComplete": false,
          "lastRunSummary": null,
          "sortieCompleteOverlayVisible": false,
          "myId": "b6317fa5-c099-42d3-b7d8-7fd32159f7c3",
          "selectedDeck": [
            "5ea829a3-dd29-40cb-a029-e47911d65456",
            "7669e4a1-5f87-4c34-b2b0-aba231105cee",
            "68aa2cba-911d-4bd6-918b-416f41919105",
            "586d9a31-9ffe-4675-a83a-707068653f7b",
            "abe32569-48f8-42e1-85b7-7c533c785deb",
            "40697345-32ca-44ae-974f-84d6c0ccaaa9",
            "8a6aad1f-9f0a-49a8-a689-5b34838a5594",
            "801196e0-9e94-4ab8-aa6c-c991fb8dd12c",
            "0fac98b4-9123-41ee-98e5-eb3e425b9cd3",
            "152c67c9-2b3c-4d42-b63e-7836fff17257",
            "c92fe164-f8be-4758-862c-d87475d1b143",
            "ca3cb2ff-f681-4a6b-9a50-2fc40fcb727c"
          ],
          "phase": "playing",
          "runStatus": "playing",
          "suspendedRunSummary": null,
          "extracted": false,
          "telepipe": null,
          "layout": {
            "profile": "crowded",
            "seed": 352369970,
            "roomCount": 10,
            "startRoom": {
              "x": -9,
              "z": 27,
              "role": "start"
            }
          },
          "connectionState": "connected",
          "sceneInitialized": true,
          "hasCanvas": true,
          "lobbyVisible": false,
          "lobbyMenuDismissed": true,
          "characterBoothOpen": false,
          "deckEditorVisible": false,
          "runId": "8e843e44-70fb-4828-9514-8c6d3f351461",
          "resumeBtnUsable": false,
          "abandonRunBtnUsable": false,
          "cardHandVisible": true,
          "status": "Latency: 1ms",
          "hpText": "60/100",
          "msText": "50/99",
          "currencyText": "Money 0",
          "currency": 0,
          "player": {
            "hp": 60,
            "magicStones": 50.395000000000714,
            "currency": 0,
            "debugGodmode": false,
            "dead": false,
            "x": -7.65,
            "y": 0.5,
            "z": 19,
            "equippedKeyItemId": "dodge_roll",
            "keyItemCooldownRemaining": 373,
            "cardUseState": null,
            "cardWindupUntil": 0,
            "cardWindupCardId": null,
            "slowedUntil": 0,
            "burningUntil": 0,
            "slowActive": false,
            "burnActive": false
          },
          "windupFlashing": false,
          "keyItemIndicatorOnCooldown": true,
          "keyItemIndicatorText": "0.4",
          "players": 2,
          "squadmates": [
            {
              "id": "24bd56e7-640e-4be6-ba97-5b4fdc8e9016",
              "x": -6,
              "z": 27
            }
          ],
          "enemies": 2,
          "enemyHp": [
            {
              "id": "22cc3fa9-906d-49a7-a948-54fbea4c61c9",
              "hp": 100,
              "maxHp": 100,
              "type": "grunt",
              "spawnedBy": null,
              "x": -9.14555457318805,
              "z": 26.86283635239596,
              "slowedUntil": 0,
              "burningUntil": 0,
              "frozenUntil": 0,
              "slowActive": false,
              "burnActive": false
            },
            {
              "id": "1c08bfe7-8276-4909-9671-04da463a86f1",
              "hp": 100,
              "maxHp": 100,
              "type": "grunt",
              "spawnedBy": null,
              "x": -8.670802653108474,
              "z": 28.109707008575498,
              "slowedUntil": 0,
              "burningUntil": 0,
              "frozenUntil": 0,
              "slowActive": false,
              "burnActive": false
            }
          ],
          "minions": [],
          "hand": [
            {
              "id": "flame_blade",
              "name": "Solar Edge",
              "type": "weapon",
              "remainingCharges": 2,
              "charges": 2,
              "activeMinionId": null,
              "burnMaxTtl": null,
              "burnLabel": "2/2",
              "creatureBurning": false,
              "isEvolved": false
            },
            {
              "id": "flame_blade",
              "name": "Solar Edge",
              "type": "weapon",
              "remainingCharges": 2,
              "charges": 2,
              "activeMinionId": null,
              "burnMaxTtl": null,
              "burnLabel": "2/2",
              "creatureBurning": false,
              "isEvolved": false
            },
            {
              "id": "dungeon_drake",
              "name": "Vault Wyrm",
              "type": "creature",
              "remainingCharges": 1,
              "charges": 1,
              "activeMinionId": null,
              "burnMaxTtl": null,
              "burnLabel": "1/1",
              "creatureBurning": false,
              "isEvolved": false,
              "specialEffect": "burning_breath"
            },
            {
              "id": "flame_blade",
              "name": "Solar Edge",
              "type": "weapon",
              "remainingCharges": 2,
              "charges": 2,
              "activeMinionId": null,
              "burnMaxTtl": null,
              "burnLabel": "2/2",
              "creatureBurning": false,
              "isEvolved": false
            },
            {
              "id": "iron_sword",
              "name": "Rust-Forged Saber",
              "type": "weapon",
              "remainingCharges": 5,
              "charges": 5,
              "activeMinionId": null,
              "burnMaxTtl": null,
              "burnLabel": "5/5",
              "creatureBurning": false,
              "isEvolved": false
            },
            null
          ],
          "inventory": [
            {
              "instanceId": "5ea829a3-dd29-40cb-a029-e47911d65456",
              "cardId": "iron_sword",
              "grind": 0
            },
            {
              "instanceId": "7669e4a1-5f87-4c34-b2b0-aba231105cee",
              "cardId": "flame_blade",
              "grind": 0
            },
            {
              "instanceId": "68aa2cba-911d-4bd6-918b-416f41919105",
              "cardId": "battle_familiar",
              "grind": 0
            },
            {
              "instanceId": "586d9a31-9ffe-4675-a83a-707068653f7b",
              "cardId": "dungeon_drake",
              "grind": 0
            },
            {
              "instanceId": "abe32569-48f8-42e1-85b7-7c533c785deb",
              "cardId": "iron_sword",
              "grind": 0
            },
            {
              "instanceId": "40697345-32ca-44ae-974f-84d6c0ccaaa9",
              "cardId": "iron_sword",
              "grind": 0
            },
            {
              "instanceId": "8a6aad1f-9f0a-49a8-a689-5b34838a5594",
              "cardId": "iron_sword",
              "grind": 0
            },
            {
              "instanceId": "801196e0-9e94-4ab8-aa6c-c991fb8dd12c",
              "cardId": "battle_familiar",
              "grind": 0
            },
            {
              "instanceId": "0fac98b4-9123-41ee-98e5-eb3e425b9cd3",
              "cardId": "battle_familiar",
              "grind": 0
            },
            {
              "instanceId": "152c67c9-2b3c-4d42-b63e-7836fff17257",
              "cardId": "flame_blade",
              "grind": 0
            },
            {
              "instanceId": "c92fe164-f8be-4758-862c-d87475d1b143",
              "cardId": "flame_blade",
              "grind": 0
            },
            {
              "instanceId": "ca3cb2ff-f681-4a6b-9a50-2fc40fcb727c",
              "cardId": "dungeon_drake",
              "grind": 0
            }
          ],
          "lastEvolutionResult": null
        },
        "keyItemIndicatorOnCooldown": true,
        "keyItemIndicatorText": "\n        \n        Dodge Roll\n        E\n        0.4\n      ",
        "keyItemCooldownRemaining": 373,
        "status": "Latency: 1ms",
        "hasCanvas": true,
        "canvasCount": 2,
        "lobbyVisible": false,
        "cardHandVisible": true,
        "title": "Void Grimoire",
        "bodyText": "👤\nLv\n🔊\n⚙\nB6\nLV\n1\nHP\n60/100\nMS\n50/99\nDeck: 7/12\n⟡ 3\n✦ 3\n🐉 1\n✨ 0\nMoney 0\nLatency: 1ms\nDodge Roll\nE\n0.4\nInitiate Vault\nPurged 0 / 6 hostiles\n01\nRewa: Rewa on channel. Move with WASD, close on the opening grunts, and strike with your melee weapon to start the sweep.\nClick to attack · press 1–6 to cast cards\n1\n⚔\nSolar Edge\n650ms wind-up\n2/2\n2\n⚔\nSolar Edge\n650ms wind-up\n2/2\n3\n🐉\nVault Wyrm\nBURNING BREATH\n600ms wind-up\n1/1\n4\n⚔\nSolar Edge\n650ms wind-up\n2/2\n5\n⚔\nRust-Forged Saber\n5/5"
      }
    },
    {
      "player": "A",
      "description": "Final capture probe.",
      "data": {
        "harnessState": {
          "debugScenario": null,
          "debugScenarioAllowed": true,
          "debugScenarioResult": null,
          "debugGodmodeResult": null,
          "debugTimeScale": 1,
          "debugTimeScaleResult": null,
          "debugTimeScaleAllowed": false,
          "objective": {
            "type": "defeat_enemies",
            "totalEnemies": 6,
            "activeEnemyCount": 2,
            "defeatedEnemies": 0,
            "label": "Initiate Vault: Sweep annex holding pens in scripted waves and breach the deeper vault wing."
          },
          "encounter": null,
          "bossEncounter": null,
          "runObjectiveComplete": false,
          "lastRunSummary": null,
          "sortieCompleteOverlayVisible": false,
          "myId": "b6317fa5-c099-42d3-b7d8-7fd32159f7c3",
          "selectedDeck": [
            "5ea829a3-dd29-40cb-a029-e47911d65456",
            "7669e4a1-5f87-4c34-b2b0-aba231105cee",
            "68aa2cba-911d-4bd6-918b-416f41919105",
            "586d9a31-9ffe-4675-a83a-707068653f7b",
            "abe32569-48f8-42e1-85b7-7c533c785deb",
            "40697345-32ca-44ae-974f-84d6c0ccaaa9",
            "8a6aad1f-9f0a-49a8-a689-5b34838a5594",
            "801196e0-9e94-4ab8-aa6c-c991fb8dd12c",
            "0fac98b4-9123-41ee-98e5-eb3e425b9cd3",
            "152c67c9-2b3c-4d42-b63e-7836fff17257",
            "c92fe164-f8be-4758-862c-d87475d1b143",
            "ca3cb2ff-f681-4a6b-9a50-2fc40fcb727c"
          ],
          "phase": "playing",
          "runStatus": "playing",
          "suspendedRunSummary": null,
          "extracted": false,
          "telepipe": null,
          "layout": {
            "profile": "crowded",
            "seed": 352369970,
            "roomCount": 10,
            "startRoom": {
              "x": -9,
              "z": 27,
              "role": "start"
            }
          },
          "connectionState": "connected",
          "sceneInitialized": true,
          "hasCanvas": true,
          "lobbyVisible": false,
          "lobbyMenuDismissed": true,
          "characterBoothOpen": false,
          "deckEditorVisible": false,
          "runId": "8e843e44-70fb-4828-9514-8c6d3f351461",
          "resumeBtnUsable": false,
          "abandonRunBtnUsable": false,
          "cardHandVisible": true,
          "status": "Latency: 1ms",
          "hpText": "60/100",
          "msText": "50/99",
          "currencyText": "Money 0",
          "currency": 0,
          "player": {
            "hp": 60,
            "magicStones": 50.45000000000074,
            "currency": 0,
            "debugGodmode": false,
            "dead": false,
            "x": -7.65,
            "y": 0.5,
            "z": 19,
            "equippedKeyItemId": "dodge_roll",
            "keyItemCooldownRemaining": 0,
            "cardUseState": null,
            "cardWindupUntil": 0,
            "cardWindupCardId": null,
            "slowedUntil": 0,
            "burningUntil": 0,
            "slowActive": false,
            "burnActive": false
          },
          "windupFlashing": false,
          "keyItemIndicatorOnCooldown": false,
          "keyItemIndicatorText": "",
          "players": 2,
          "squadmates": [
            {
              "id": "24bd56e7-640e-4be6-ba97-5b4fdc8e9016",
              "x": -6,
              "z": 27
            }
          ],
          "enemies": 2,
          "enemyHp": [
            {
              "id": "22cc3fa9-906d-49a7-a948-54fbea4c61c9",
              "hp": 100,
              "maxHp": 100,
              "type": "grunt",
              "spawnedBy": null,
              "x": -8.94188776595836,
              "z": 25.60181263312718,
              "slowedUntil": 0,
              "burningUntil": 0,
              "frozenUntil": 0,
              "slowActive": false,
              "burnActive": false
            },
            {
              "id": "1c08bfe7-8276-4909-9671-04da463a86f1",
              "hp": 100,
              "maxHp": 100,
              "type": "grunt",
              "spawnedBy": null,
              "x": -8.13220570065104,
              "z": 28.221122100926372,
              "slowedUntil": 0,
              "burningUntil": 0,
              "frozenUntil": 0,
              "slowActive": false,
              "burnActive": false
            }
          ],
          "minions": [],
          "hand": [
            {
              "id": "flame_blade",
              "name": "Solar Edge",
              "type": "weapon",
              "remainingCharges": 2,
              "charges": 2,
              "activeMinionId": null,
              "burnMaxTtl": null,
              "burnLabel": "2/2",
              "creatureBurning": false,
              "isEvolved": false
            },
            {
              "id": "flame_blade",
              "name": "Solar Edge",
              "type": "weapon",
              "remainingCharges": 2,
              "charges": 2,
              "activeMinionId": null,
              "burnMaxTtl": null,
              "burnLabel": "2/2",
              "creatureBurning": false,
              "isEvolved": false
            },
            {
              "id": "dungeon_drake",
              "name": "Vault Wyrm",
              "type": "creature",
              "remainingCharges": 1,
              "charges": 1,
              "activeMinionId": null,
              "burnMaxTtl": null,
              "burnLabel": "1/1",
              "creatureBurning": false,
              "isEvolved": false,
              "specialEffect": "burning_breath"
            },
            {
              "id": "flame_blade",
              "name": "Solar Edge",
              "type": "weapon",
              "remainingCharges": 2,
              "charges": 2,
              "activeMinionId": null,
              "burnMaxTtl": null,
              "burnLabel": "2/2",
              "creatureBurning": false,
              "isEvolved": false
            },
            {
              "id": "iron_sword",
              "name": "Rust-Forged Saber",
              "type": "weapon",
              "remainingCharges": 5,
              "charges": 5,
              "activeMinionId": null,
              "burnMaxTtl": null,
              "burnLabel": "5/5",
              "creatureBurning": false,
              "isEvolved": false
            },
            null
          ],
          "inventory": [
            {
              "instanceId": "5ea829a3-dd29-40cb-a029-e47911d65456",
              "cardId": "iron_sword",
              "grind": 0
            },
            {
              "instanceId": "7669e4a1-5f87-4c34-b2b0-aba231105cee",
              "cardId": "flame_blade",
              "grind": 0
            },
            {
              "instanceId": "68aa2cba-911d-4bd6-918b-416f41919105",
              "cardId": "battle_familiar",
              "grind": 0
            },
            {
              "instanceId": "586d9a31-9ffe-4675-a83a-707068653f7b",
              "cardId": "dungeon_drake",
              "grind": 0
            },
            {
              "instanceId": "abe32569-48f8-42e1-85b7-7c533c785deb",
              "cardId": "iron_sword",
              "grind": 0
            },
            {
              "instanceId": "40697345-32ca-44ae-974f-84d6c0ccaaa9",
              "cardId": "iron_sword",
              "grind": 0
            },
            {
              "instanceId": "8a6aad1f-9f0a-49a8-a689-5b34838a5594",
              "cardId": "iron_sword",
              "grind": 0
            },
            {
              "instanceId": "801196e0-9e94-4ab8-aa6c-c991fb8dd12c",
              "cardId": "battle_familiar",
              "grind": 0
            },
            {
              "instanceId": "0fac98b4-9123-41ee-98e5-eb3e425b9cd3",
              "cardId": "battle_familiar",
              "grind": 0
            },
            {
              "instanceId": "152c67c9-2b3c-4d42-b63e-7836fff17257",
              "cardId": "flame_blade",
              "grind": 0
            },
            {
              "instanceId": "c92fe164-f8be-4758-862c-d87475d1b143",
              "cardId": "flame_blade",
              "grind": 0
            },
            {
              "instanceId": "ca3cb2ff-f681-4a6b-9a50-2fc40fcb727c",
              "cardId": "dungeon_drake",
              "grind": 0
            }
          ],
          "lastEvolutionResult": null
        },
        "keyItemIndicatorOnCooldown": false,
        "keyItemIndicatorText": "\n        \n        Dodge Roll\n        E\n        \n      ",
        "keyItemCooldownRemaining": 0,
        "status": "Latency: 1ms",
        "hasCanvas": true,
        "canvasCount": 2,
        "lobbyVisible": false,
        "cardHandVisible": true,
        "title": "Void Grimoire",
        "bodyText": "👤\nLv\n🔊\n⚙\nB6\nLV\n1\nHP\n60/100\nMS\n50/99\nDeck: 7/12\n⟡ 3\n✦ 3\n🐉 1\n✨ 0\nMoney 0\nLatency: 1ms\nDodge Roll\nE\nInitiate Vault\nPurged 0 / 6 hostiles\n01\nRewa: Rewa on channel. Move with WASD, close on the opening grunts, and strike with your melee weapon to start the sweep.\nClick to attack · press 1–6 to cast cards\n1\n⚔\nSolar Edge\n650ms wind-up\n2/2\n2\n⚔\nSolar Edge\n650ms wind-up\n2/2\n3\n🐉\nVault Wyrm\nBURNING BREATH\n600ms wind-up\n1/1\n4\n⚔\nSolar Edge\n650ms wind-up\n2/2\n5\n⚔\nRust-Forged Saber\n5/5"
      }
    }
  ],
  "pageerrors": []
}
