[createLobby] timeout waiting for #lobby visibility: page.waitForFunction: Timeout 10000ms exceeded.
{
  "url": "http://localhost:5177/",
  "ok": true,
  "ticketFile": "/home/matt/workspace/.autogame-worktrees/364-anim-telepipe/tickets/364-anim-telepipe/ticket.md",
  "capturePlanSource": "fallback",
  "capturePlanValid": true,
  "capturePlanAttempts": [],
  "capturePlanSummary": "Deterministic solo Telepipe suspend/resume capture: auth, solo lobby + deploy, telepipe-ready scenario, then in-dungeon / suspended-lobby / resumed-dungeon screenshots with before/after probes around the suspendRunToLobby → restoreRunCheckpoint transition.",
  "scenarios": [
    "telepipe-ready"
  ],
  "screenshots": [
    {
      "file": "01-in-dungeon.png",
      "player": "A",
      "description": "Solo player in the dungeon with a telepipe in hand slot 0, before suspending."
    },
    {
      "file": "02-suspended-lobby.png",
      "player": "A",
      "description": "Lobby after the solo telepipe extraction suspended the run."
    },
    {
      "file": "03-resumed-dungeon.png",
      "player": "A",
      "description": "Resumed dungeon after re-deploying from the suspended lobby."
    }
  ],
  "probes": [
    {
      "player": "A",
      "description": "PRE-SUSPEND state: record player x/z, enemyHp count, and layout (profile + seed) before placing the telepipe. Stashes the live enemy set (id -> hp/type/spawnedBy) as the checkpoint baseline, since the suspended lobby clears live enemies.",
      "data": {
        "harnessState": {
          "debugScenario": null,
          "debugScenarioAllowed": true,
          "debugScenarioResult": {
            "ok": true,
            "scenario": "telepipe-ready"
          },
          "debugGodmodeResult": null,
          "debugTimeScale": 1,
          "debugTimeScaleResult": null,
          "debugTimeScaleAllowed": false,
          "objective": {
            "type": "defeat_enemies",
            "totalEnemies": 6,
            "activeEnemyCount": 2,
            "defeatedEnemies": 0,
            "label": "Initiate Vault: Sweep annex holding pens in scripted waves and breach the deeper vault wing."
          },
          "encounter": null,
          "bossEncounter": null,
          "runObjectiveComplete": false,
          "lastRunSummary": null,
          "sortieCompleteOverlayVisible": false,
          "myId": "0ab95d84-b0e2-4cc8-a029-1a2914b85a35",
          "selectedDeck": [
            "5cd800fa-b78d-4cdc-b477-6fb27796147b",
            "fe8bd5f3-8309-4819-9621-37e04f528bb2",
            "2c2a9a3e-da38-4a96-b7dd-58c5c4c157a0",
            "6ee4189e-c9cc-4974-b696-d9b65d5f33c7",
            "bd3f1be0-af18-46cd-9126-bdb1558166f0",
            "74829582-b76f-4b45-b1ab-b78c15ae58c7",
            "99e0be21-b11a-4930-9c3c-0a996c83084f",
            "afd33544-2788-4baf-bd3c-984da3e4d4e3",
            "4066f5c4-4498-4111-839a-d74aa64dadbb",
            "1a415d07-ff3b-4d67-8fc6-ada131cf44ca",
            "c55e8619-448b-4b69-b31e-b4c63a8e82dc",
            "6abf064b-1058-45d6-bc6a-d3f0ae1cf8f8"
          ],
          "phase": "playing",
          "runStatus": "playing",
          "suspendedRunSummary": null,
          "extracted": false,
          "telepipe": null,
          "layout": {
            "profile": "crowded",
            "seed": 352369970,
            "roomCount": 10,
            "startRoom": {
              "x": -9,
              "z": 27,
              "role": "start"
            }
          },
          "connectionState": "connected",
          "sceneInitialized": true,
          "hasCanvas": true,
          "lobbyVisible": false,
          "lobbyMenuDismissed": true,
          "characterBoothOpen": false,
          "deckEditorVisible": false,
          "runId": "c15e4542-1878-4240-b8ac-bb5a4625917c",
          "resumeBtnUsable": false,
          "abandonRunBtnUsable": false,
          "cardHandVisible": true,
          "status": "Latency: 0ms",
          "hpText": "80/100",
          "msText": "99/99",
          "currencyText": "Money 0",
          "currency": 0,
          "player": {
            "hp": 80,
            "magicStones": 99,
            "currency": 0,
            "debugGodmode": false,
            "dead": false,
            "x": -9,
            "y": 0.5,
            "z": 27,
            "equippedKeyItemId": "dodge_roll",
            "keyItemCooldownRemaining": 0,
            "cardUseState": null,
            "cardWindupUntil": 0,
            "cardWindupCardId": null,
            "slowedUntil": 0,
            "burningUntil": 0,
            "slowActive": false,
            "burnActive": false
          },
          "windupFlashing": false,
          "keyItemIndicatorOnCooldown": false,
          "keyItemIndicatorText": "",
          "players": 1,
          "squadmates": [],
          "enemies": 2,
          "enemyHp": [
            {
              "id": "f458b5a6-272b-4fbf-951b-04068610adb6",
              "hp": 100,
              "maxHp": 100,
              "type": "grunt",
              "spawnedBy": null,
              "x": -9,
              "z": 27,
              "slowedUntil": 0,
              "burningUntil": 0,
              "frozenUntil": 0,
              "slowActive": false,
              "burnActive": false
            },
            {
              "id": "3ad64475-3f5d-4079-b140-2d2c4e2b3e62",
              "hp": 100,
              "maxHp": 100,
              "type": "grunt",
              "spawnedBy": null,
              "x": -8.866656090365723,
              "z": 28.069192429538816,
              "slowedUntil": 0,
              "burningUntil": 0,
              "frozenUntil": 0,
              "slowActive": false,
              "burnActive": false
            }
          ],
          "minions": [],
          "hand": [
            {
              "id": "telepipe",
              "name": "Telepipe",
              "type": "spell",
              "remainingCharges": 1,
              "charges": 1,
              "activeMinionId": null,
              "burnMaxTtl": null,
              "burnLabel": "1/1",
              "creatureBurning": false,
              "isEvolved": false
            },
            {
              "id": "flame_blade",
              "name": "Solar Edge",
              "type": "weapon",
              "remainingCharges": 2,
              "charges": 2,
              "activeMinionId": null,
              "burnMaxTtl": null,
              "burnLabel": "2/2",
              "creatureBurning": false,
              "isEvolved": false
            },
            null,
            {
              "id": "iron_sword",
              "name": "Rust-Forged Saber",
              "type": "weapon",
              "remainingCharges": 5,
              "charges": 5,
              "activeMinionId": null,
              "burnMaxTtl": null,
              "burnLabel": "5/5",
              "creatureBurning": false,
              "isEvolved": false
            },
            {
              "id": "flame_blade",
              "name": "Solar Edge",
              "type": "weapon",
              "remainingCharges": 2,
              "charges": 2,
              "activeMinionId": null,
              "burnMaxTtl": null,
              "burnLabel": "2/2",
              "creatureBurning": false,
              "isEvolved": false
            },
            null
          ],
          "inventory": [
            {
              "instanceId": "5cd800fa-b78d-4cdc-b477-6fb27796147b",
              "cardId": "iron_sword",
              "grind": 0
            },
            {
              "instanceId": "fe8bd5f3-8309-4819-9621-37e04f528bb2",
              "cardId": "flame_blade",
              "grind": 0
            },
            {
              "instanceId": "2c2a9a3e-da38-4a96-b7dd-58c5c4c157a0",
              "cardId": "battle_familiar",
              "grind": 0
            },
            {
              "instanceId": "6ee4189e-c9cc-4974-b696-d9b65d5f33c7",
              "cardId": "dungeon_drake",
              "grind": 0
            },
            {
              "instanceId": "bd3f1be0-af18-46cd-9126-bdb1558166f0",
              "cardId": "iron_sword",
              "grind": 0
            },
            {
              "instanceId": "74829582-b76f-4b45-b1ab-b78c15ae58c7",
              "cardId": "iron_sword",
              "grind": 0
            },
            {
              "instanceId": "99e0be21-b11a-4930-9c3c-0a996c83084f",
              "cardId": "iron_sword",
              "grind": 0
            },
            {
              "instanceId": "afd33544-2788-4baf-bd3c-984da3e4d4e3",
              "cardId": "battle_familiar",
              "grind": 0
            },
            {
              "instanceId": "4066f5c4-4498-4111-839a-d74aa64dadbb",
              "cardId": "battle_familiar",
              "grind": 0
            },
            {
              "instanceId": "1a415d07-ff3b-4d67-8fc6-ada131cf44ca",
              "cardId": "flame_blade",
              "grind": 0
            },
            {
              "instanceId": "c55e8619-448b-4b69-b31e-b4c63a8e82dc",
              "cardId": "flame_blade",
              "grind": 0
            },
            {
              "instanceId": "6abf064b-1058-45d6-bc6a-d3f0ae1cf8f8",
              "cardId": "dungeon_drake",
              "grind": 0
            }
          ],
          "lastEvolutionResult": null
        },
        "keyItemIndicatorOnCooldown": false,
        "keyItemIndicatorText": "\n        \n        Dodge Roll\n        E\n        \n      ",
        "keyItemCooldownRemaining": 0,
        "status": "Latency: 0ms",
        "hasCanvas": true,
        "canvasCount": 2,
        "lobbyVisible": false,
        "cardHandVisible": true,
        "title": "Void Grimoire",
        "bodyText": "👤\nLv\n🔊\n⚙\n0A\nLV\n1\nHP\n80/100\nMS\n99/99\nDeck: 8/12\n⟡ 3\n✦ 3\n🐉 2\n✨ 0\nMoney 0\nLatency: 0ms\nDodge Roll\nE\nInitiate Vault\nPurged 0 / 6 hostiles\n01\nRewa: Rewa on channel. Move with WASD, close on the opening grunts, and strike with your melee weapon to start the sweep.\nClick to attack · press 1–6 to cast cards\n1\n⬡\nTelepipe\n1/1\n2\n⚔\nSolar Edge\n650ms wind-up\n2/2\n4\n⚔\nRust-Forged Saber\n5/5\n5\n⚔\nSolar Edge\n650ms wind-up\n2/2\nRewa: Rewa on channel. Move with WASD, close on the opening grunts, and strike with your melee weapon to start the sweep.\nANNEX LIAISON KADE\nEntry annex is live. Close with WASD and strike with your melee weapon — two grunts block the bulkhead."
      }
    },
    {
      "player": "A",
      "description": "SUSPENDED state: record runStatus/suspendedRunSummary (questId, questName, objective totalEnemies/defeatedEnemies) after suspendRunToLobby. Expect runStatus === \"suspended\" or suspendedRunSummary present; abandonRunBtnUsable when sub-ticket 09 lands.",
      "data": {
        "harnessState": {
          "debugScenario": null,
          "debugScenarioAllowed": true,
          "debugScenarioResult": {
            "ok": true,
            "scenario": "telepipe-ready"
          },
          "debugGodmodeResult": null,
          "debugTimeScale": 1,
          "debugTimeScaleResult": null,
          "debugTimeScaleAllowed": false,
          "objective": null,
          "encounter": null,
          "bossEncounter": null,
          "runObjectiveComplete": false,
          "lastRunSummary": null,
          "sortieCompleteOverlayVisible": false,
          "myId": "0ab95d84-b0e2-4cc8-a029-1a2914b85a35",
          "selectedDeck": [
            "5cd800fa-b78d-4cdc-b477-6fb27796147b",
            "fe8bd5f3-8309-4819-9621-37e04f528bb2",
            "2c2a9a3e-da38-4a96-b7dd-58c5c4c157a0",
            "6ee4189e-c9cc-4974-b696-d9b65d5f33c7",
            "bd3f1be0-af18-46cd-9126-bdb1558166f0",
            "74829582-b76f-4b45-b1ab-b78c15ae58c7",
            "99e0be21-b11a-4930-9c3c-0a996c83084f",
            "afd33544-2788-4baf-bd3c-984da3e4d4e3",
            "4066f5c4-4498-4111-839a-d74aa64dadbb",
            "1a415d07-ff3b-4d67-8fc6-ada131cf44ca",
            "c55e8619-448b-4b69-b31e-b4c63a8e82dc",
            "6abf064b-1058-45d6-bc6a-d3f0ae1cf8f8"
          ],
          "phase": "lobby",
          "runStatus": "suspended",
          "suspendedRunSummary": {
            "questId": "training_caverns",
            "questName": "Initiate Vault",
            "objective": {
              "type": "defeat_enemies",
              "label": "Initiate Vault: Sweep annex holding pens in scripted waves and breach the deeper vault wing.",
              "totalEnemies": 6,
              "defeatedEnemies": 0,
              "activeEnemyCount": 2
            }
          },
          "extracted": false,
          "telepipe": null,
          "layout": {
            "profile": "hub",
            "seed": 352369970,
            "roomCount": 3,
            "startRoom": {
              "x": -20,
              "z": 0,
              "role": "start"
            }
          },
          "connectionState": "connected",
          "sceneInitialized": true,
          "hasCanvas": true,
          "lobbyVisible": true,
          "lobbyMenuDismissed": false,
          "characterBoothOpen": false,
          "deckEditorVisible": false,
          "runId": null,
          "resumeBtnUsable": true,
          "abandonRunBtnUsable": true,
          "cardHandVisible": false,
          "status": "Latency: 1ms",
          "hpText": "60/100",
          "msText": "99/99",
          "currencyText": "Money 0",
          "currency": 0,
          "player": {
            "hp": 60,
            "magicStones": 99,
            "currency": 0,
            "debugGodmode": false,
            "dead": false,
            "x": -20,
            "y": 0.5,
            "z": 0,
            "equippedKeyItemId": "dodge_roll",
            "keyItemCooldownRemaining": 0,
            "cardUseState": null,
            "cardWindupUntil": 0,
            "cardWindupCardId": null,
            "slowedUntil": 0,
            "burningUntil": 0,
            "slowActive": false,
            "burnActive": false
          },
          "windupFlashing": false,
          "keyItemIndicatorOnCooldown": false,
          "keyItemIndicatorText": "",
          "players": 1,
          "squadmates": [],
          "enemies": 0,
          "enemyHp": [],
          "minions": [],
          "hand": [],
          "inventory": [
            {
              "instanceId": "5cd800fa-b78d-4cdc-b477-6fb27796147b",
              "cardId": "iron_sword",
              "grind": 0
            },
            {
              "instanceId": "fe8bd5f3-8309-4819-9621-37e04f528bb2",
              "cardId": "flame_blade",
              "grind": 0
            },
            {
              "instanceId": "2c2a9a3e-da38-4a96-b7dd-58c5c4c157a0",
              "cardId": "battle_familiar",
              "grind": 0
            },
            {
              "instanceId": "6ee4189e-c9cc-4974-b696-d9b65d5f33c7",
              "cardId": "dungeon_drake",
              "grind": 0
            },
            {
              "instanceId": "bd3f1be0-af18-46cd-9126-bdb1558166f0",
              "cardId": "iron_sword",
              "grind": 0
            },
            {
              "instanceId": "74829582-b76f-4b45-b1ab-b78c15ae58c7",
              "cardId": "iron_sword",
              "grind": 0
            },
            {
              "instanceId": "99e0be21-b11a-4930-9c3c-0a996c83084f",
              "cardId": "iron_sword",
              "grind": 0
            },
            {
              "instanceId": "afd33544-2788-4baf-bd3c-984da3e4d4e3",
              "cardId": "battle_familiar",
              "grind": 0
            },
            {
              "instanceId": "4066f5c4-4498-4111-839a-d74aa64dadbb",
              "cardId": "battle_familiar",
              "grind": 0
            },
            {
              "instanceId": "1a415d07-ff3b-4d67-8fc6-ada131cf44ca",
              "cardId": "flame_blade",
              "grind": 0
            },
            {
              "instanceId": "c55e8619-448b-4b69-b31e-b4c63a8e82dc",
              "cardId": "flame_blade",
              "grind": 0
            },
            {
              "instanceId": "6abf064b-1058-45d6-bc6a-d3f0ae1cf8f8",
              "cardId": "dungeon_drake",
              "grind": 0
            }
          ],
          "lastEvolutionResult": null
        },
        "keyItemIndicatorOnCooldown": false,
        "keyItemIndicatorText": "\n        \n        \n        \n        \n      ",
        "keyItemCooldownRemaining": 0,
        "status": "Latency: 1ms",
        "hasCanvas": true,
        "canvasCount": 2,
        "lobbyVisible": true,
        "cardHandVisible": false,
        "title": "Void Grimoire",
        "bodyText": "👤\n🔊\n⚙\n0A\nLV\n1\nHP\n60/100\nMoney 0\nLatency: 1ms\nResume expedition — Initiate Vault\nResume sortie\nAbort Sortie\nReturn to Registry\nLobby Connection\n×\nPLAYERS\n0ab95d84-b0e2-4cc8-a029-1a2914b85a35 — Standby\nPhoton Forge\nCard Economy\nMedic\nKey Items\nINVENTORY\n⚔\nRust-Forged Saber\n⚔\nSolar Edge\n✦\nSignal Familiar\n🐉\nVault Wyrm\n⚔\nRust-Forged Saber\n⚔\nRust-Forged Saber\n⚔\nRust-Forged Saber\n✦\nSignal Familiar\n✦\nSignal Familiar\n⚔\nSolar Edge\n⚔\nSolar Edge\n🐉\nVault Wyrm\nSELECT A CARD\nChoose an inventory card to preview attune bonuses.\nAttune: — Money\nAttune\nSTAT\tCURRENT\tAFTER ATTUNE"
      }
    },
    {
      "player": "A",
      "description": "RESUMED state: assert the run is preserved — same layout seed/profile and enemy set as the pre-suspend probe, and no lingering runStatus === \"suspended\".",
      "data": {
        "harnessState": {
          "debugScenario": null,
          "debugScenarioAllowed": true,
          "debugScenarioResult": {
            "ok": true,
            "scenario": "telepipe-ready"
          },
          "debugGodmodeResult": null,
          "debugTimeScale": 1,
          "debugTimeScaleResult": null,
          "debugTimeScaleAllowed": false,
          "objective": {
            "type": "defeat_enemies",
            "totalEnemies": 6,
            "activeEnemyCount": 2,
            "defeatedEnemies": 0,
            "label": "Initiate Vault: Sweep annex holding pens in scripted waves and breach the deeper vault wing."
          },
          "encounter": null,
          "bossEncounter": null,
          "runObjectiveComplete": false,
          "lastRunSummary": null,
          "sortieCompleteOverlayVisible": false,
          "myId": "0ab95d84-b0e2-4cc8-a029-1a2914b85a35",
          "selectedDeck": [
            "5cd800fa-b78d-4cdc-b477-6fb27796147b",
            "fe8bd5f3-8309-4819-9621-37e04f528bb2",
            "2c2a9a3e-da38-4a96-b7dd-58c5c4c157a0",
            "6ee4189e-c9cc-4974-b696-d9b65d5f33c7",
            "bd3f1be0-af18-46cd-9126-bdb1558166f0",
            "74829582-b76f-4b45-b1ab-b78c15ae58c7",
            "99e0be21-b11a-4930-9c3c-0a996c83084f",
            "afd33544-2788-4baf-bd3c-984da3e4d4e3",
            "4066f5c4-4498-4111-839a-d74aa64dadbb",
            "1a415d07-ff3b-4d67-8fc6-ada131cf44ca",
            "c55e8619-448b-4b69-b31e-b4c63a8e82dc",
            "6abf064b-1058-45d6-bc6a-d3f0ae1cf8f8"
          ],
          "phase": "playing",
          "runStatus": "playing",
          "suspendedRunSummary": null,
          "extracted": false,
          "telepipe": {
            "x": -9,
            "z": 27,
            "placedBy": "0ab95d84-b0e2-4cc8-a029-1a2914b85a35",
            "placedAt": 1781142056287
          },
          "layout": {
            "profile": "crowded",
            "seed": 352369970,
            "roomCount": 10,
            "startRoom": {
              "x": -9,
              "z": 27,
              "role": "start"
            }
          },
          "connectionState": "connected",
          "sceneInitialized": true,
          "hasCanvas": true,
          "lobbyVisible": false,
          "lobbyMenuDismissed": false,
          "characterBoothOpen": false,
          "deckEditorVisible": false,
          "runId": "c15e4542-1878-4240-b8ac-bb5a4625917c",
          "resumeBtnUsable": false,
          "abandonRunBtnUsable": false,
          "cardHandVisible": true,
          "status": "Latency: 1ms",
          "hpText": "40/100",
          "msText": "99/99",
          "currencyText": "Money 0",
          "currency": 0,
          "player": {
            "hp": 40,
            "magicStones": 99,
            "currency": 0,
            "debugGodmode": false,
            "dead": false,
            "x": -6,
            "y": 0.5,
            "z": 27,
            "equippedKeyItemId": "dodge_roll",
            "keyItemCooldownRemaining": 0,
            "cardUseState": null,
            "cardWindupUntil": 0,
            "cardWindupCardId": null,
            "slowedUntil": 0,
            "burningUntil": 0,
            "slowActive": false,
            "burnActive": false
          },
          "windupFlashing": false,
          "keyItemIndicatorOnCooldown": false,
          "keyItemIndicatorText": "",
          "players": 1,
          "squadmates": [],
          "enemies": 2,
          "enemyHp": [
            {
              "id": "f458b5a6-272b-4fbf-951b-04068610adb6",
              "hp": 100,
              "maxHp": 100,
              "type": "grunt",
              "spawnedBy": null,
              "x": -9,
              "z": 27,
              "slowedUntil": 0,
              "burningUntil": 0,
              "frozenUntil": 0,
              "slowActive": false,
              "burnActive": false
            },
            {
              "id": "3ad64475-3f5d-4079-b140-2d2c4e2b3e62",
              "hp": 100,
              "maxHp": 100,
              "type": "grunt",
              "spawnedBy": null,
              "x": -8.866656090365723,
              "z": 28.069192429538816,
              "slowedUntil": 0,
              "burningUntil": 0,
              "frozenUntil": 0,
              "slowActive": false,
              "burnActive": false
            }
          ],
          "minions": [],
          "hand": [
            {
              "id": "flame_blade",
              "name": "Solar Edge",
              "type": "weapon",
              "remainingCharges": 2,
              "charges": 2,
              "activeMinionId": null,
              "burnMaxTtl": null,
              "burnLabel": "2/2",
              "creatureBurning": false,
              "isEvolved": false
            },
            {
              "id": "flame_blade",
              "name": "Solar Edge",
              "type": "weapon",
              "remainingCharges": 2,
              "charges": 2,
              "activeMinionId": null,
              "burnMaxTtl": null,
              "burnLabel": "2/2",
              "creatureBurning": false,
              "isEvolved": false
            },
            null,
            {
              "id": "iron_sword",
              "name": "Rust-Forged Saber",
              "type": "weapon",
              "remainingCharges": 5,
              "charges": 5,
              "activeMinionId": null,
              "burnMaxTtl": null,
              "burnLabel": "5/5",
              "creatureBurning": false,
              "isEvolved": false
            },
            {
              "id": "flame_blade",
              "name": "Solar Edge",
              "type": "weapon",
              "remainingCharges": 2,
              "charges": 2,
              "activeMinionId": null,
              "burnMaxTtl": null,
              "burnLabel": "2/2",
              "creatureBurning": false,
              "isEvolved": false
            },
            null
          ],
          "inventory": [
            {
              "instanceId": "5cd800fa-b78d-4cdc-b477-6fb27796147b",
              "cardId": "iron_sword",
              "grind": 0
            },
            {
              "instanceId": "fe8bd5f3-8309-4819-9621-37e04f528bb2",
              "cardId": "flame_blade",
              "grind": 0
            },
            {
              "instanceId": "2c2a9a3e-da38-4a96-b7dd-58c5c4c157a0",
              "cardId": "battle_familiar",
              "grind": 0
            },
            {
              "instanceId": "6ee4189e-c9cc-4974-b696-d9b65d5f33c7",
              "cardId": "dungeon_drake",
              "grind": 0
            },
            {
              "instanceId": "bd3f1be0-af18-46cd-9126-bdb1558166f0",
              "cardId": "iron_sword",
              "grind": 0
            },
            {
              "instanceId": "74829582-b76f-4b45-b1ab-b78c15ae58c7",
              "cardId": "iron_sword",
              "grind": 0
            },
            {
              "instanceId": "99e0be21-b11a-4930-9c3c-0a996c83084f",
              "cardId": "iron_sword",
              "grind": 0
            },
            {
              "instanceId": "afd33544-2788-4baf-bd3c-984da3e4d4e3",
              "cardId": "battle_familiar",
              "grind": 0
            },
            {
              "instanceId": "4066f5c4-4498-4111-839a-d74aa64dadbb",
              "cardId": "battle_familiar",
              "grind": 0
            },
            {
              "instanceId": "1a415d07-ff3b-4d67-8fc6-ada131cf44ca",
              "cardId": "flame_blade",
              "grind": 0
            },
            {
              "instanceId": "c55e8619-448b-4b69-b31e-b4c63a8e82dc",
              "cardId": "flame_blade",
              "grind": 0
            },
            {
              "instanceId": "6abf064b-1058-45d6-bc6a-d3f0ae1cf8f8",
              "cardId": "dungeon_drake",
              "grind": 0
            }
          ],
          "lastEvolutionResult": null
        },
        "keyItemIndicatorOnCooldown": false,
        "keyItemIndicatorText": "\n        \n        Dodge Roll\n        E\n        \n      ",
        "keyItemCooldownRemaining": 0,
        "status": "Latency: 1ms",
        "hasCanvas": true,
        "canvasCount": 2,
        "lobbyVisible": false,
        "cardHandVisible": true,
        "title": "Void Grimoire",
        "bodyText": "👤\nLv\n🔊\n⚙\n0A\nLV\n1\nHP\n40/100\nMS\n99/99\nDeck: 7/11\n⟡ 2\n✦ 3\n🐉 2\n✨ 0\nMoney 0\nLatency: 1ms\nDodge Roll\nE\nInitiate Vault\nPurged 0 / 6 hostiles\nClick to attack · press 1–6 to cast cards\n1\n⚔\nSolar Edge\n650ms wind-up\n2/2\n2\n⚔\nSolar Edge\n650ms wind-up\n2/2\n4\n⚔\nRust-Forged Saber\n5/5\n5\n⚔\nSolar Edge\n650ms wind-up\n2/2\n-20"
      }
    },
    {
      "player": "A",
      "description": "VERIFY preservation: compare the resumed enemy set against the pre-suspend baseline and the stashed suspended objective. Records a `preservation` block (preserved/missing/hpChanged ids, added spawner-add enemies, objective echo) and FAILS the capture on any genuine restore mismatch.",
      "data": {
        "preservation": {
          "preSuspendEnemyCount": 2,
          "resumedEnemyCount": 2,
          "originalPreSuspendEnemyCount": 2,
          "preservedIds": 2,
          "missingIds": [],
          "hpChangedIds": [],
          "addedEnemies": [],
          "addedAllSpawnerAdds": true,
          "objective": {
            "type": "defeat_enemies",
            "totalEnemies": 6,
            "activeEnemyCount": 2,
            "defeatedEnemies": 0
          }
        },
        "harnessState": {
          "debugScenario": null,
          "debugScenarioAllowed": true,
          "debugScenarioResult": {
            "ok": true,
            "scenario": "telepipe-ready"
          },
          "debugGodmodeResult": null,
          "debugTimeScale": 1,
          "debugTimeScaleResult": null,
          "debugTimeScaleAllowed": false,
          "objective": {
            "type": "defeat_enemies",
            "totalEnemies": 6,
            "activeEnemyCount": 2,
            "defeatedEnemies": 0,
            "label": "Initiate Vault: Sweep annex holding pens in scripted waves and breach the deeper vault wing."
          },
          "encounter": null,
          "bossEncounter": null,
          "runObjectiveComplete": false,
          "lastRunSummary": null,
          "sortieCompleteOverlayVisible": false,
          "myId": "0ab95d84-b0e2-4cc8-a029-1a2914b85a35",
          "selectedDeck": [
            "5cd800fa-b78d-4cdc-b477-6fb27796147b",
            "fe8bd5f3-8309-4819-9621-37e04f528bb2",
            "2c2a9a3e-da38-4a96-b7dd-58c5c4c157a0",
            "6ee4189e-c9cc-4974-b696-d9b65d5f33c7",
            "bd3f1be0-af18-46cd-9126-bdb1558166f0",
            "74829582-b76f-4b45-b1ab-b78c15ae58c7",
            "99e0be21-b11a-4930-9c3c-0a996c83084f",
            "afd33544-2788-4baf-bd3c-984da3e4d4e3",
            "4066f5c4-4498-4111-839a-d74aa64dadbb",
            "1a415d07-ff3b-4d67-8fc6-ada131cf44ca",
            "c55e8619-448b-4b69-b31e-b4c63a8e82dc",
            "6abf064b-1058-45d6-bc6a-d3f0ae1cf8f8"
          ],
          "phase": "playing",
          "runStatus": "playing",
          "suspendedRunSummary": null,
          "extracted": false,
          "telepipe": {
            "x": -9,
            "z": 27,
            "placedBy": "0ab95d84-b0e2-4cc8-a029-1a2914b85a35",
            "placedAt": 1781142056287
          },
          "layout": {
            "profile": "crowded",
            "seed": 352369970,
            "roomCount": 10,
            "startRoom": {
              "x": -9,
              "z": 27,
              "role": "start"
            }
          },
          "connectionState": "connected",
          "sceneInitialized": true,
          "hasCanvas": true,
          "lobbyVisible": false,
          "lobbyMenuDismissed": false,
          "characterBoothOpen": false,
          "deckEditorVisible": false,
          "runId": "c15e4542-1878-4240-b8ac-bb5a4625917c",
          "resumeBtnUsable": false,
          "abandonRunBtnUsable": false,
          "cardHandVisible": true,
          "status": "Latency: 1ms",
          "hpText": "40/100",
          "msText": "99/99",
          "currencyText": "Money 0",
          "currency": 0,
          "player": {
            "hp": 40,
            "magicStones": 99,
            "currency": 0,
            "debugGodmode": false,
            "dead": false,
            "x": -6,
            "y": 0.5,
            "z": 27,
            "equippedKeyItemId": "dodge_roll",
            "keyItemCooldownRemaining": 0,
            "cardUseState": null,
            "cardWindupUntil": 0,
            "cardWindupCardId": null,
            "slowedUntil": 0,
            "burningUntil": 0,
            "slowActive": false,
            "burnActive": false
          },
          "windupFlashing": false,
          "keyItemIndicatorOnCooldown": false,
          "keyItemIndicatorText": "",
          "players": 1,
          "squadmates": [],
          "enemies": 2,
          "enemyHp": [
            {
              "id": "f458b5a6-272b-4fbf-951b-04068610adb6",
              "hp": 100,
              "maxHp": 100,
              "type": "grunt",
              "spawnedBy": null,
              "x": -9,
              "z": 27,
              "slowedUntil": 0,
              "burningUntil": 0,
              "frozenUntil": 0,
              "slowActive": false,
              "burnActive": false
            },
            {
              "id": "3ad64475-3f5d-4079-b140-2d2c4e2b3e62",
              "hp": 100,
              "maxHp": 100,
              "type": "grunt",
              "spawnedBy": null,
              "x": -8.866656090365723,
              "z": 28.069192429538816,
              "slowedUntil": 0,
              "burningUntil": 0,
              "frozenUntil": 0,
              "slowActive": false,
              "burnActive": false
            }
          ],
          "minions": [],
          "hand": [
            {
              "id": "flame_blade",
              "name": "Solar Edge",
              "type": "weapon",
              "remainingCharges": 2,
              "charges": 2,
              "activeMinionId": null,
              "burnMaxTtl": null,
              "burnLabel": "2/2",
              "creatureBurning": false,
              "isEvolved": false
            },
            {
              "id": "flame_blade",
              "name": "Solar Edge",
              "type": "weapon",
              "remainingCharges": 2,
              "charges": 2,
              "activeMinionId": null,
              "burnMaxTtl": null,
              "burnLabel": "2/2",
              "creatureBurning": false,
              "isEvolved": false
            },
            null,
            {
              "id": "iron_sword",
              "name": "Rust-Forged Saber",
              "type": "weapon",
              "remainingCharges": 5,
              "charges": 5,
              "activeMinionId": null,
              "burnMaxTtl": null,
              "burnLabel": "5/5",
              "creatureBurning": false,
              "isEvolved": false
            },
            {
              "id": "flame_blade",
              "name": "Solar Edge",
              "type": "weapon",
              "remainingCharges": 2,
              "charges": 2,
              "activeMinionId": null,
              "burnMaxTtl": null,
              "burnLabel": "2/2",
              "creatureBurning": false,
              "isEvolved": false
            },
            null
          ],
          "inventory": [
            {
              "instanceId": "5cd800fa-b78d-4cdc-b477-6fb27796147b",
              "cardId": "iron_sword",
              "grind": 0
            },
            {
              "instanceId": "fe8bd5f3-8309-4819-9621-37e04f528bb2",
              "cardId": "flame_blade",
              "grind": 0
            },
            {
              "instanceId": "2c2a9a3e-da38-4a96-b7dd-58c5c4c157a0",
              "cardId": "battle_familiar",
              "grind": 0
            },
            {
              "instanceId": "6ee4189e-c9cc-4974-b696-d9b65d5f33c7",
              "cardId": "dungeon_drake",
              "grind": 0
            },
            {
              "instanceId": "bd3f1be0-af18-46cd-9126-bdb1558166f0",
              "cardId": "iron_sword",
              "grind": 0
            },
            {
              "instanceId": "74829582-b76f-4b45-b1ab-b78c15ae58c7",
              "cardId": "iron_sword",
              "grind": 0
            },
            {
              "instanceId": "99e0be21-b11a-4930-9c3c-0a996c83084f",
              "cardId": "iron_sword",
              "grind": 0
            },
            {
              "instanceId": "afd33544-2788-4baf-bd3c-984da3e4d4e3",
              "cardId": "battle_familiar",
              "grind": 0
            },
            {
              "instanceId": "4066f5c4-4498-4111-839a-d74aa64dadbb",
              "cardId": "battle_familiar",
              "grind": 0
            },
            {
              "instanceId": "1a415d07-ff3b-4d67-8fc6-ada131cf44ca",
              "cardId": "flame_blade",
              "grind": 0
            },
            {
              "instanceId": "c55e8619-448b-4b69-b31e-b4c63a8e82dc",
              "cardId": "flame_blade",
              "grind": 0
            },
            {
              "instanceId": "6abf064b-1058-45d6-bc6a-d3f0ae1cf8f8",
              "cardId": "dungeon_drake",
              "grind": 0
            }
          ],
          "lastEvolutionResult": null
        }
      }
    },
    {
      "player": "A",
      "description": "Final capture probe.",
      "data": {
        "harnessState": {
          "debugScenario": null,
          "debugScenarioAllowed": true,
          "debugScenarioResult": {
            "ok": true,
            "scenario": "telepipe-ready"
          },
          "debugGodmodeResult": null,
          "debugTimeScale": 1,
          "debugTimeScaleResult": null,
          "debugTimeScaleAllowed": false,
          "objective": {
            "type": "defeat_enemies",
            "totalEnemies": 6,
            "activeEnemyCount": 2,
            "defeatedEnemies": 0,
            "label": "Initiate Vault: Sweep annex holding pens in scripted waves and breach the deeper vault wing."
          },
          "encounter": null,
          "bossEncounter": null,
          "runObjectiveComplete": false,
          "lastRunSummary": null,
          "sortieCompleteOverlayVisible": false,
          "myId": "0ab95d84-b0e2-4cc8-a029-1a2914b85a35",
          "selectedDeck": [
            "5cd800fa-b78d-4cdc-b477-6fb27796147b",
            "fe8bd5f3-8309-4819-9621-37e04f528bb2",
            "2c2a9a3e-da38-4a96-b7dd-58c5c4c157a0",
            "6ee4189e-c9cc-4974-b696-d9b65d5f33c7",
            "bd3f1be0-af18-46cd-9126-bdb1558166f0",
            "74829582-b76f-4b45-b1ab-b78c15ae58c7",
            "99e0be21-b11a-4930-9c3c-0a996c83084f",
            "afd33544-2788-4baf-bd3c-984da3e4d4e3",
            "4066f5c4-4498-4111-839a-d74aa64dadbb",
            "1a415d07-ff3b-4d67-8fc6-ada131cf44ca",
            "c55e8619-448b-4b69-b31e-b4c63a8e82dc",
            "6abf064b-1058-45d6-bc6a-d3f0ae1cf8f8"
          ],
          "phase": "playing",
          "runStatus": "playing",
          "suspendedRunSummary": null,
          "extracted": false,
          "telepipe": {
            "x": -9,
            "z": 27,
            "placedBy": "0ab95d84-b0e2-4cc8-a029-1a2914b85a35",
            "placedAt": 1781142056287
          },
          "layout": {
            "profile": "crowded",
            "seed": 352369970,
            "roomCount": 10,
            "startRoom": {
              "x": -9,
              "z": 27,
              "role": "start"
            }
          },
          "connectionState": "connected",
          "sceneInitialized": true,
          "hasCanvas": true,
          "lobbyVisible": false,
          "lobbyMenuDismissed": false,
          "characterBoothOpen": false,
          "deckEditorVisible": false,
          "runId": "c15e4542-1878-4240-b8ac-bb5a4625917c",
          "resumeBtnUsable": false,
          "abandonRunBtnUsable": false,
          "cardHandVisible": true,
          "status": "Latency: 1ms",
          "hpText": "40/100",
          "msText": "99/99",
          "currencyText": "Money 0",
          "currency": 0,
          "player": {
            "hp": 40,
            "magicStones": 99,
            "currency": 0,
            "debugGodmode": false,
            "dead": false,
            "x": -6,
            "y": 0.5,
            "z": 27,
            "equippedKeyItemId": "dodge_roll",
            "keyItemCooldownRemaining": 0,
            "cardUseState": null,
            "cardWindupUntil": 0,
            "cardWindupCardId": null,
            "slowedUntil": 0,
            "burningUntil": 0,
            "slowActive": false,
            "burnActive": false
          },
          "windupFlashing": false,
          "keyItemIndicatorOnCooldown": false,
          "keyItemIndicatorText": "",
          "players": 1,
          "squadmates": [],
          "enemies": 2,
          "enemyHp": [
            {
              "id": "f458b5a6-272b-4fbf-951b-04068610adb6",
              "hp": 100,
              "maxHp": 100,
              "type": "grunt",
              "spawnedBy": null,
              "x": -9,
              "z": 27,
              "slowedUntil": 0,
              "burningUntil": 0,
              "frozenUntil": 0,
              "slowActive": false,
              "burnActive": false
            },
            {
              "id": "3ad64475-3f5d-4079-b140-2d2c4e2b3e62",
              "hp": 100,
              "maxHp": 100,
              "type": "grunt",
              "spawnedBy": null,
              "x": -8.866656090365723,
              "z": 28.069192429538816,
              "slowedUntil": 0,
              "burningUntil": 0,
              "frozenUntil": 0,
              "slowActive": false,
              "burnActive": false
            }
          ],
          "minions": [],
          "hand": [
            {
              "id": "flame_blade",
              "name": "Solar Edge",
              "type": "weapon",
              "remainingCharges": 2,
              "charges": 2,
              "activeMinionId": null,
              "burnMaxTtl": null,
              "burnLabel": "2/2",
              "creatureBurning": false,
              "isEvolved": false
            },
            {
              "id": "flame_blade",
              "name": "Solar Edge",
              "type": "weapon",
              "remainingCharges": 2,
              "charges": 2,
              "activeMinionId": null,
              "burnMaxTtl": null,
              "burnLabel": "2/2",
              "creatureBurning": false,
              "isEvolved": false
            },
            null,
            {
              "id": "iron_sword",
              "name": "Rust-Forged Saber",
              "type": "weapon",
              "remainingCharges": 5,
              "charges": 5,
              "activeMinionId": null,
              "burnMaxTtl": null,
              "burnLabel": "5/5",
              "creatureBurning": false,
              "isEvolved": false
            },
            {
              "id": "flame_blade",
              "name": "Solar Edge",
              "type": "weapon",
              "remainingCharges": 2,
              "charges": 2,
              "activeMinionId": null,
              "burnMaxTtl": null,
              "burnLabel": "2/2",
              "creatureBurning": false,
              "isEvolved": false
            },
            null
          ],
          "inventory": [
            {
              "instanceId": "5cd800fa-b78d-4cdc-b477-6fb27796147b",
              "cardId": "iron_sword",
              "grind": 0
            },
            {
              "instanceId": "fe8bd5f3-8309-4819-9621-37e04f528bb2",
              "cardId": "flame_blade",
              "grind": 0
            },
            {
              "instanceId": "2c2a9a3e-da38-4a96-b7dd-58c5c4c157a0",
              "cardId": "battle_familiar",
              "grind": 0
            },
            {
              "instanceId": "6ee4189e-c9cc-4974-b696-d9b65d5f33c7",
              "cardId": "dungeon_drake",
              "grind": 0
            },
            {
              "instanceId": "bd3f1be0-af18-46cd-9126-bdb1558166f0",
              "cardId": "iron_sword",
              "grind": 0
            },
            {
              "instanceId": "74829582-b76f-4b45-b1ab-b78c15ae58c7",
              "cardId": "iron_sword",
              "grind": 0
            },
            {
              "instanceId": "99e0be21-b11a-4930-9c3c-0a996c83084f",
              "cardId": "iron_sword",
              "grind": 0
            },
            {
              "instanceId": "afd33544-2788-4baf-bd3c-984da3e4d4e3",
              "cardId": "battle_familiar",
              "grind": 0
            },
            {
              "instanceId": "4066f5c4-4498-4111-839a-d74aa64dadbb",
              "cardId": "battle_familiar",
              "grind": 0
            },
            {
              "instanceId": "1a415d07-ff3b-4d67-8fc6-ada131cf44ca",
              "cardId": "flame_blade",
              "grind": 0
            },
            {
              "instanceId": "c55e8619-448b-4b69-b31e-b4c63a8e82dc",
              "cardId": "flame_blade",
              "grind": 0
            },
            {
              "instanceId": "6abf064b-1058-45d6-bc6a-d3f0ae1cf8f8",
              "cardId": "dungeon_drake",
              "grind": 0
            }
          ],
          "lastEvolutionResult": null
        },
        "keyItemIndicatorOnCooldown": false,
        "keyItemIndicatorText": "\n        \n        Dodge Roll\n        E\n        \n      ",
        "keyItemCooldownRemaining": 0,
        "status": "Latency: 1ms",
        "hasCanvas": true,
        "canvasCount": 2,
        "lobbyVisible": false,
        "cardHandVisible": true,
        "title": "Void Grimoire",
        "bodyText": "👤\nLv\n🔊\n⚙\n0A\nLV\n1\nHP\n40/100\nMS\n99/99\nDeck: 7/11\n⟡ 2\n✦ 3\n🐉 2\n✨ 0\nMoney 0\nLatency: 1ms\nDodge Roll\nE\nInitiate Vault\nPurged 0 / 6 hostiles\nClick to attack · press 1–6 to cast cards\n1\n⚔\nSolar Edge\n650ms wind-up\n2/2\n2\n⚔\nSolar Edge\n650ms wind-up\n2/2\n4\n⚔\nRust-Forged Saber\n5/5\n5\n⚔\nSolar Edge\n650ms wind-up\n2/2\n-20"
      }
    }
  ],
  "pageerrors": []
}
