[createLobby] timeout waiting for #lobby visibility: page.waitForFunction: Timeout 10000ms exceeded.
[joinLobby] timeout waiting for #lobby visibility: page.waitForFunction: Timeout 10000ms exceeded.
{
  "url": "http://localhost:5173/",
  "ok": true,
  "ticketFile": "/home/matt/workspace/.autogame-worktrees/340-anim-photon-slicer/tickets/340-anim-photon-slicer/ticket.md",
  "capturePlanSource": "fallback",
  "capturePlanValid": true,
  "capturePlanAttempts": [],
  "capturePlanSummary": "Deterministic full-flow smoke capture: auth, lobby create/join, ready transition, movement, dodge/key-item with post-dodge cooldown probe.",
  "scenarios": [],
  "screenshots": [
    {
      "file": "01-initial.png",
      "player": "A",
      "description": "Both players in squad lobby."
    },
    {
      "file": "02-after-w.png",
      "player": "A",
      "description": "Gameplay after holding W."
    },
    {
      "file": "03-after-d.png",
      "player": "A",
      "description": "Gameplay after holding D."
    },
    {
      "file": "04-after-dodge.png",
      "player": "A",
      "description": "Gameplay after dodge roll with cooldown HUD."
    }
  ],
  "probes": [
    {
      "player": "A",
      "description": "After readying all players and entering gameplay.",
      "data": {
        "harnessState": {
          "debugScenario": null,
          "debugScenarioAllowed": true,
          "debugScenarioResult": null,
          "debugGodmodeResult": null,
          "debugTimeScale": 1,
          "debugTimeScaleResult": null,
          "debugTimeScaleAllowed": false,
          "objective": {
            "type": "defeat_enemies",
            "totalEnemies": 6,
            "activeEnemyCount": 2,
            "defeatedEnemies": 0,
            "label": "Initiate Vault: Sweep annex holding pens in scripted waves and breach the deeper vault wing."
          },
          "encounter": null,
          "bossEncounter": null,
          "runObjectiveComplete": false,
          "lastRunSummary": null,
          "sortieCompleteOverlayVisible": false,
          "myId": "d49688eb-1cc2-4c1b-820c-d7054dbf93d1",
          "selectedDeck": [
            "a09ea571-2816-413b-8a88-4771b6897ccf",
            "1d87ca37-2f59-49ea-94a7-5f7ad0b6c572",
            "a2042cfb-f293-453c-ad24-0c127a6daaa3",
            "f3cfd9f0-453a-4835-9c1b-1d0b6be2877e",
            "893542f9-7268-49e6-8157-a072c60b6696",
            "b6d58a77-0833-4197-aba9-c0ff72477dca",
            "026f56c7-f980-4a3e-8ddf-da21cfa08d3c",
            "ec544fdd-8c13-4a80-886a-a679538ab57a",
            "048360c2-29ec-485d-b783-b3dce8af6353",
            "46cb400f-51c9-456d-b7a5-4bd3bbefffb8",
            "547f5180-00c2-4c44-9dd9-a9f00c735858",
            "52ca3583-aa4f-4e43-a88a-0c29046a5fd9"
          ],
          "phase": "playing",
          "runStatus": "playing",
          "suspendedRunSummary": null,
          "extracted": false,
          "telepipe": null,
          "layout": {
            "profile": "crowded",
            "seed": 352369970,
            "roomCount": 10,
            "startRoom": {
              "x": -9,
              "z": 27,
              "role": "start"
            }
          },
          "connectionState": "connected",
          "sceneInitialized": true,
          "hasCanvas": true,
          "lobbyVisible": false,
          "lobbyMenuDismissed": true,
          "characterBoothOpen": false,
          "deckEditorVisible": false,
          "runId": "16bf6ffb-fe58-4f36-af42-924f88eeefec",
          "resumeBtnUsable": false,
          "abandonRunBtnUsable": false,
          "cardHandVisible": true,
          "status": "Latency: 1ms",
          "hpText": "40/100",
          "msText": "49/99",
          "currencyText": "Money 0",
          "currency": 0,
          "player": {
            "hp": 40,
            "magicStones": 49.965000000000494,
            "currency": 0,
            "debugGodmode": false,
            "dead": false,
            "x": -9,
            "y": 0.5,
            "z": 27,
            "equippedKeyItemId": "dodge_roll",
            "keyItemCooldownRemaining": 0,
            "cardUseState": null,
            "cardWindupUntil": 0,
            "cardWindupCardId": null,
            "slowedUntil": 0,
            "burningUntil": 0,
            "slowActive": false,
            "burnActive": false
          },
          "windupFlashing": false,
          "keyItemIndicatorOnCooldown": false,
          "keyItemIndicatorText": "",
          "players": 2,
          "squadmates": [
            {
              "id": "ae8ccbe6-53fa-4b60-b1fe-7f95ed37c21c",
              "x": -6,
              "z": 27
            }
          ],
          "enemies": 2,
          "enemyHp": [
            {
              "id": "c8471751-79c4-4ae8-b765-444aa5b57c08",
              "hp": 100,
              "maxHp": 100,
              "type": "grunt",
              "spawnedBy": null,
              "x": -9,
              "z": 27,
              "slowedUntil": 0,
              "burningUntil": 0,
              "frozenUntil": 0,
              "slowActive": false,
              "burnActive": false
            },
            {
              "id": "9a1454a4-9e00-422c-9f5e-f1c0e173e096",
              "hp": 100,
              "maxHp": 100,
              "type": "grunt",
              "spawnedBy": null,
              "x": -8.866656090365723,
              "z": 28.069192429538816,
              "slowedUntil": 0,
              "burningUntil": 0,
              "frozenUntil": 0,
              "slowActive": false,
              "burnActive": false
            }
          ],
          "minions": [],
          "hand": [
            {
              "id": "iron_sword",
              "name": "Rust-Forged Saber",
              "type": "weapon",
              "remainingCharges": 5,
              "charges": 5,
              "activeMinionId": null,
              "burnMaxTtl": null,
              "burnLabel": "5/5",
              "creatureBurning": false,
              "isEvolved": false
            },
            {
              "id": "battle_familiar",
              "name": "Signal Familiar",
              "type": "spell",
              "remainingCharges": 1,
              "charges": 1,
              "activeMinionId": null,
              "burnMaxTtl": null,
              "burnLabel": "1/1",
              "creatureBurning": false,
              "isEvolved": false
            },
            null,
            {
              "id": "dungeon_drake",
              "name": "Vault Wyrm",
              "type": "creature",
              "remainingCharges": 1,
              "charges": 1,
              "activeMinionId": null,
              "burnMaxTtl": null,
              "burnLabel": "1/1",
              "creatureBurning": false,
              "isEvolved": false,
              "specialEffect": "burning_breath"
            },
            {
              "id": "flame_blade",
              "name": "Solar Edge",
              "type": "weapon",
              "remainingCharges": 2,
              "charges": 2,
              "activeMinionId": null,
              "burnMaxTtl": null,
              "burnLabel": "2/2",
              "creatureBurning": false,
              "isEvolved": false
            },
            null
          ],
          "inventory": [
            {
              "instanceId": "a09ea571-2816-413b-8a88-4771b6897ccf",
              "cardId": "iron_sword",
              "grind": 0
            },
            {
              "instanceId": "1d87ca37-2f59-49ea-94a7-5f7ad0b6c572",
              "cardId": "flame_blade",
              "grind": 0
            },
            {
              "instanceId": "a2042cfb-f293-453c-ad24-0c127a6daaa3",
              "cardId": "battle_familiar",
              "grind": 0
            },
            {
              "instanceId": "f3cfd9f0-453a-4835-9c1b-1d0b6be2877e",
              "cardId": "dungeon_drake",
              "grind": 0
            },
            {
              "instanceId": "893542f9-7268-49e6-8157-a072c60b6696",
              "cardId": "iron_sword",
              "grind": 0
            },
            {
              "instanceId": "b6d58a77-0833-4197-aba9-c0ff72477dca",
              "cardId": "iron_sword",
              "grind": 0
            },
            {
              "instanceId": "026f56c7-f980-4a3e-8ddf-da21cfa08d3c",
              "cardId": "iron_sword",
              "grind": 0
            },
            {
              "instanceId": "ec544fdd-8c13-4a80-886a-a679538ab57a",
              "cardId": "battle_familiar",
              "grind": 0
            },
            {
              "instanceId": "048360c2-29ec-485d-b783-b3dce8af6353",
              "cardId": "battle_familiar",
              "grind": 0
            },
            {
              "instanceId": "46cb400f-51c9-456d-b7a5-4bd3bbefffb8",
              "cardId": "flame_blade",
              "grind": 0
            },
            {
              "instanceId": "547f5180-00c2-4c44-9dd9-a9f00c735858",
              "cardId": "flame_blade",
              "grind": 0
            },
            {
              "instanceId": "52ca3583-aa4f-4e43-a88a-0c29046a5fd9",
              "cardId": "dungeon_drake",
              "grind": 0
            }
          ],
          "lastEvolutionResult": null
        },
        "keyItemIndicatorOnCooldown": false,
        "keyItemIndicatorText": "\n        \n        Dodge Roll\n        E\n        \n      ",
        "keyItemCooldownRemaining": 0,
        "status": "Latency: 1ms",
        "hasCanvas": true,
        "canvasCount": 2,
        "lobbyVisible": false,
        "cardHandVisible": true,
        "title": "Void Grimoire",
        "bodyText": "👤\nLv\n🔊\n⚙\nD4\nLV\n1\nHP\n40/100\nMS\n49/99\nDeck: 8/12\n⟡ 5\n✦ 2\n🐉 1\n✨ 0\nMoney 0\nLatency: 1ms\nDodge Roll\nE\nInitiate Vault\nPurged 0 / 6 hostiles\n01\nRewa: Rewa on channel. Move with WASD, close on the opening grunts, and strike with your melee weapon to start the sweep.\nClick to attack · press 1–6 to cast cards\n1\n⚔\nRust-Forged Saber\n5/5\n2\n✦\nSignal Familiar\n50 MS\n1/1\n4\n🐉\nVault Wyrm\nBURNING BREATH\n600ms wind-up\n1/1\n5\n⚔\nSolar Edge\n650ms wind-up\n2/2\nRewa: Rewa on channel. Move with WASD, close on the opening grunts, and strike with your melee weapon to start the sweep.\nANNEX LIAISON KADE\nEntry annex is live. Close with WASD and strike with your melee weapon — two grunts block the bulkhead."
      }
    },
    {
      "player": "A",
      "description": "After dodge roll — cooldown HUD should be active.",
      "data": {
        "harnessState": {
          "debugScenario": null,
          "debugScenarioAllowed": true,
          "debugScenarioResult": null,
          "debugGodmodeResult": null,
          "debugTimeScale": 1,
          "debugTimeScaleResult": null,
          "debugTimeScaleAllowed": false,
          "objective": {
            "type": "defeat_enemies",
            "totalEnemies": 6,
            "activeEnemyCount": 2,
            "defeatedEnemies": 0,
            "label": "Initiate Vault: Sweep annex holding pens in scripted waves and breach the deeper vault wing."
          },
          "encounter": null,
          "bossEncounter": null,
          "runObjectiveComplete": false,
          "lastRunSummary": null,
          "sortieCompleteOverlayVisible": false,
          "myId": "d49688eb-1cc2-4c1b-820c-d7054dbf93d1",
          "selectedDeck": [
            "a09ea571-2816-413b-8a88-4771b6897ccf",
            "1d87ca37-2f59-49ea-94a7-5f7ad0b6c572",
            "a2042cfb-f293-453c-ad24-0c127a6daaa3",
            "f3cfd9f0-453a-4835-9c1b-1d0b6be2877e",
            "893542f9-7268-49e6-8157-a072c60b6696",
            "b6d58a77-0833-4197-aba9-c0ff72477dca",
            "026f56c7-f980-4a3e-8ddf-da21cfa08d3c",
            "ec544fdd-8c13-4a80-886a-a679538ab57a",
            "048360c2-29ec-485d-b783-b3dce8af6353",
            "46cb400f-51c9-456d-b7a5-4bd3bbefffb8",
            "547f5180-00c2-4c44-9dd9-a9f00c735858",
            "52ca3583-aa4f-4e43-a88a-0c29046a5fd9"
          ],
          "phase": "playing",
          "runStatus": "playing",
          "suspendedRunSummary": null,
          "extracted": false,
          "telepipe": null,
          "layout": {
            "profile": "crowded",
            "seed": 352369970,
            "roomCount": 10,
            "startRoom": {
              "x": -9,
              "z": 27,
              "role": "start"
            }
          },
          "connectionState": "connected",
          "sceneInitialized": true,
          "hasCanvas": true,
          "lobbyVisible": false,
          "lobbyMenuDismissed": true,
          "characterBoothOpen": false,
          "deckEditorVisible": false,
          "runId": "16bf6ffb-fe58-4f36-af42-924f88eeefec",
          "resumeBtnUsable": false,
          "abandonRunBtnUsable": false,
          "cardHandVisible": true,
          "status": "Latency: 1ms",
          "hpText": "40/100",
          "msText": "50/99",
          "currencyText": "Money 0",
          "currency": 0,
          "player": {
            "hp": 40,
            "magicStones": 50.47000000000075,
            "currency": 0,
            "debugGodmode": false,
            "dead": false,
            "x": -7.65,
            "y": 0.5,
            "z": 19,
            "equippedKeyItemId": "dodge_roll",
            "keyItemCooldownRemaining": 405,
            "cardUseState": null,
            "cardWindupUntil": 0,
            "cardWindupCardId": null,
            "slowedUntil": 0,
            "burningUntil": 0,
            "slowActive": false,
            "burnActive": false
          },
          "windupFlashing": false,
          "keyItemIndicatorOnCooldown": true,
          "keyItemIndicatorText": "0.4",
          "players": 2,
          "squadmates": [
            {
              "id": "ae8ccbe6-53fa-4b60-b1fe-7f95ed37c21c",
              "x": -6,
              "z": 27
            }
          ],
          "enemies": 2,
          "enemyHp": [
            {
              "id": "c8471751-79c4-4ae8-b765-444aa5b57c08",
              "hp": 100,
              "maxHp": 100,
              "type": "grunt",
              "spawnedBy": null,
              "x": -9,
              "z": 27,
              "slowedUntil": 0,
              "burningUntil": 0,
              "frozenUntil": 0,
              "slowActive": false,
              "burnActive": false
            },
            {
              "id": "9a1454a4-9e00-422c-9f5e-f1c0e173e096",
              "hp": 100,
              "maxHp": 100,
              "type": "grunt",
              "spawnedBy": null,
              "x": -8.866656090365723,
              "z": 28.069192429538816,
              "slowedUntil": 0,
              "burningUntil": 0,
              "frozenUntil": 0,
              "slowActive": false,
              "burnActive": false
            }
          ],
          "minions": [],
          "hand": [
            {
              "id": "iron_sword",
              "name": "Rust-Forged Saber",
              "type": "weapon",
              "remainingCharges": 5,
              "charges": 5,
              "activeMinionId": null,
              "burnMaxTtl": null,
              "burnLabel": "5/5",
              "creatureBurning": false,
              "isEvolved": false
            },
            {
              "id": "battle_familiar",
              "name": "Signal Familiar",
              "type": "spell",
              "remainingCharges": 1,
              "charges": 1,
              "activeMinionId": null,
              "burnMaxTtl": null,
              "burnLabel": "1/1",
              "creatureBurning": false,
              "isEvolved": false
            },
            {
              "id": "iron_sword",
              "name": "Rust-Forged Saber",
              "type": "weapon",
              "remainingCharges": 5,
              "charges": 5,
              "activeMinionId": null,
              "burnMaxTtl": null,
              "burnLabel": "5/5",
              "creatureBurning": false,
              "isEvolved": false
            },
            {
              "id": "dungeon_drake",
              "name": "Vault Wyrm",
              "type": "creature",
              "remainingCharges": 1,
              "charges": 1,
              "activeMinionId": null,
              "burnMaxTtl": null,
              "burnLabel": "1/1",
              "creatureBurning": false,
              "isEvolved": false,
              "specialEffect": "burning_breath"
            },
            {
              "id": "flame_blade",
              "name": "Solar Edge",
              "type": "weapon",
              "remainingCharges": 2,
              "charges": 2,
              "activeMinionId": null,
              "burnMaxTtl": null,
              "burnLabel": "2/2",
              "creatureBurning": false,
              "isEvolved": false
            },
            null
          ],
          "inventory": [
            {
              "instanceId": "a09ea571-2816-413b-8a88-4771b6897ccf",
              "cardId": "iron_sword",
              "grind": 0
            },
            {
              "instanceId": "1d87ca37-2f59-49ea-94a7-5f7ad0b6c572",
              "cardId": "flame_blade",
              "grind": 0
            },
            {
              "instanceId": "a2042cfb-f293-453c-ad24-0c127a6daaa3",
              "cardId": "battle_familiar",
              "grind": 0
            },
            {
              "instanceId": "f3cfd9f0-453a-4835-9c1b-1d0b6be2877e",
              "cardId": "dungeon_drake",
              "grind": 0
            },
            {
              "instanceId": "893542f9-7268-49e6-8157-a072c60b6696",
              "cardId": "iron_sword",
              "grind": 0
            },
            {
              "instanceId": "b6d58a77-0833-4197-aba9-c0ff72477dca",
              "cardId": "iron_sword",
              "grind": 0
            },
            {
              "instanceId": "026f56c7-f980-4a3e-8ddf-da21cfa08d3c",
              "cardId": "iron_sword",
              "grind": 0
            },
            {
              "instanceId": "ec544fdd-8c13-4a80-886a-a679538ab57a",
              "cardId": "battle_familiar",
              "grind": 0
            },
            {
              "instanceId": "048360c2-29ec-485d-b783-b3dce8af6353",
              "cardId": "battle_familiar",
              "grind": 0
            },
            {
              "instanceId": "46cb400f-51c9-456d-b7a5-4bd3bbefffb8",
              "cardId": "flame_blade",
              "grind": 0
            },
            {
              "instanceId": "547f5180-00c2-4c44-9dd9-a9f00c735858",
              "cardId": "flame_blade",
              "grind": 0
            },
            {
              "instanceId": "52ca3583-aa4f-4e43-a88a-0c29046a5fd9",
              "cardId": "dungeon_drake",
              "grind": 0
            }
          ],
          "lastEvolutionResult": null
        },
        "keyItemIndicatorOnCooldown": true,
        "keyItemIndicatorText": "\n        \n        Dodge Roll\n        E\n        0.4\n      ",
        "keyItemCooldownRemaining": 405,
        "status": "Latency: 1ms",
        "hasCanvas": true,
        "canvasCount": 2,
        "lobbyVisible": false,
        "cardHandVisible": true,
        "title": "Void Grimoire",
        "bodyText": "👤\nLv\n🔊\n⚙\nD4\nLV\n1\nHP\n40/100\nMS\n50/99\nDeck: 7/12\n⟡ 4\n✦ 2\n🐉 1\n✨ 0\nMoney 0\nLatency: 1ms\nDodge Roll\nE\n0.4\nInitiate Vault\nPurged 0 / 6 hostiles\n01\nRewa: Rewa on channel. Move with WASD, close on the opening grunts, and strike with your melee weapon to start the sweep.\nClick to attack · press 1–6 to cast cards\n1\n⚔\nRust-Forged Saber\n5/5\n2\n✦\nSignal Familiar\n50 MS\n1/1\n3\n⚔\nRust-Forged Saber\n5/5\n4\n🐉\nVault Wyrm\nBURNING BREATH\n600ms wind-up\n1/1\n5\n⚔\nSolar Edge\n650ms wind-up\n2/2"
      }
    },
    {
      "player": "A",
      "description": "Final capture probe.",
      "data": {
        "harnessState": {
          "debugScenario": null,
          "debugScenarioAllowed": true,
          "debugScenarioResult": null,
          "debugGodmodeResult": null,
          "debugTimeScale": 1,
          "debugTimeScaleResult": null,
          "debugTimeScaleAllowed": false,
          "objective": {
            "type": "defeat_enemies",
            "totalEnemies": 6,
            "activeEnemyCount": 2,
            "defeatedEnemies": 0,
            "label": "Initiate Vault: Sweep annex holding pens in scripted waves and breach the deeper vault wing."
          },
          "encounter": null,
          "bossEncounter": null,
          "runObjectiveComplete": false,
          "lastRunSummary": null,
          "sortieCompleteOverlayVisible": false,
          "myId": "d49688eb-1cc2-4c1b-820c-d7054dbf93d1",
          "selectedDeck": [
            "a09ea571-2816-413b-8a88-4771b6897ccf",
            "1d87ca37-2f59-49ea-94a7-5f7ad0b6c572",
            "a2042cfb-f293-453c-ad24-0c127a6daaa3",
            "f3cfd9f0-453a-4835-9c1b-1d0b6be2877e",
            "893542f9-7268-49e6-8157-a072c60b6696",
            "b6d58a77-0833-4197-aba9-c0ff72477dca",
            "026f56c7-f980-4a3e-8ddf-da21cfa08d3c",
            "ec544fdd-8c13-4a80-886a-a679538ab57a",
            "048360c2-29ec-485d-b783-b3dce8af6353",
            "46cb400f-51c9-456d-b7a5-4bd3bbefffb8",
            "547f5180-00c2-4c44-9dd9-a9f00c735858",
            "52ca3583-aa4f-4e43-a88a-0c29046a5fd9"
          ],
          "phase": "playing",
          "runStatus": "playing",
          "suspendedRunSummary": null,
          "extracted": false,
          "telepipe": null,
          "layout": {
            "profile": "crowded",
            "seed": 352369970,
            "roomCount": 10,
            "startRoom": {
              "x": -9,
              "z": 27,
              "role": "start"
            }
          },
          "connectionState": "connected",
          "sceneInitialized": true,
          "hasCanvas": true,
          "lobbyVisible": false,
          "lobbyMenuDismissed": true,
          "characterBoothOpen": false,
          "deckEditorVisible": false,
          "runId": "16bf6ffb-fe58-4f36-af42-924f88eeefec",
          "resumeBtnUsable": false,
          "abandonRunBtnUsable": false,
          "cardHandVisible": true,
          "status": "Latency: 1ms",
          "hpText": "40/100",
          "msText": "50/99",
          "currencyText": "Money 0",
          "currency": 0,
          "player": {
            "hp": 40,
            "magicStones": 50.50500000000077,
            "currency": 0,
            "debugGodmode": false,
            "dead": false,
            "x": -7.65,
            "y": 0.5,
            "z": 19,
            "equippedKeyItemId": "dodge_roll",
            "keyItemCooldownRemaining": 54,
            "cardUseState": null,
            "cardWindupUntil": 0,
            "cardWindupCardId": null,
            "slowedUntil": 0,
            "burningUntil": 0,
            "slowActive": false,
            "burnActive": false
          },
          "windupFlashing": false,
          "keyItemIndicatorOnCooldown": true,
          "keyItemIndicatorText": "0.1",
          "players": 2,
          "squadmates": [
            {
              "id": "ae8ccbe6-53fa-4b60-b1fe-7f95ed37c21c",
              "x": -6,
              "z": 27
            }
          ],
          "enemies": 2,
          "enemyHp": [
            {
              "id": "c8471751-79c4-4ae8-b765-444aa5b57c08",
              "hp": 100,
              "maxHp": 100,
              "type": "grunt",
              "spawnedBy": null,
              "x": -9,
              "z": 27,
              "slowedUntil": 0,
              "burningUntil": 0,
              "frozenUntil": 0,
              "slowActive": false,
              "burnActive": false
            },
            {
              "id": "9a1454a4-9e00-422c-9f5e-f1c0e173e096",
              "hp": 100,
              "maxHp": 100,
              "type": "grunt",
              "spawnedBy": null,
              "x": -8.866656090365723,
              "z": 28.069192429538816,
              "slowedUntil": 0,
              "burningUntil": 0,
              "frozenUntil": 0,
              "slowActive": false,
              "burnActive": false
            }
          ],
          "minions": [],
          "hand": [
            {
              "id": "iron_sword",
              "name": "Rust-Forged Saber",
              "type": "weapon",
              "remainingCharges": 5,
              "charges": 5,
              "activeMinionId": null,
              "burnMaxTtl": null,
              "burnLabel": "5/5",
              "creatureBurning": false,
              "isEvolved": false
            },
            {
              "id": "battle_familiar",
              "name": "Signal Familiar",
              "type": "spell",
              "remainingCharges": 1,
              "charges": 1,
              "activeMinionId": null,
              "burnMaxTtl": null,
              "burnLabel": "1/1",
              "creatureBurning": false,
              "isEvolved": false
            },
            {
              "id": "iron_sword",
              "name": "Rust-Forged Saber",
              "type": "weapon",
              "remainingCharges": 5,
              "charges": 5,
              "activeMinionId": null,
              "burnMaxTtl": null,
              "burnLabel": "5/5",
              "creatureBurning": false,
              "isEvolved": false
            },
            {
              "id": "dungeon_drake",
              "name": "Vault Wyrm",
              "type": "creature",
              "remainingCharges": 1,
              "charges": 1,
              "activeMinionId": null,
              "burnMaxTtl": null,
              "burnLabel": "1/1",
              "creatureBurning": false,
              "isEvolved": false,
              "specialEffect": "burning_breath"
            },
            {
              "id": "flame_blade",
              "name": "Solar Edge",
              "type": "weapon",
              "remainingCharges": 2,
              "charges": 2,
              "activeMinionId": null,
              "burnMaxTtl": null,
              "burnLabel": "2/2",
              "creatureBurning": false,
              "isEvolved": false
            },
            null
          ],
          "inventory": [
            {
              "instanceId": "a09ea571-2816-413b-8a88-4771b6897ccf",
              "cardId": "iron_sword",
              "grind": 0
            },
            {
              "instanceId": "1d87ca37-2f59-49ea-94a7-5f7ad0b6c572",
              "cardId": "flame_blade",
              "grind": 0
            },
            {
              "instanceId": "a2042cfb-f293-453c-ad24-0c127a6daaa3",
              "cardId": "battle_familiar",
              "grind": 0
            },
            {
              "instanceId": "f3cfd9f0-453a-4835-9c1b-1d0b6be2877e",
              "cardId": "dungeon_drake",
              "grind": 0
            },
            {
              "instanceId": "893542f9-7268-49e6-8157-a072c60b6696",
              "cardId": "iron_sword",
              "grind": 0
            },
            {
              "instanceId": "b6d58a77-0833-4197-aba9-c0ff72477dca",
              "cardId": "iron_sword",
              "grind": 0
            },
            {
              "instanceId": "026f56c7-f980-4a3e-8ddf-da21cfa08d3c",
              "cardId": "iron_sword",
              "grind": 0
            },
            {
              "instanceId": "ec544fdd-8c13-4a80-886a-a679538ab57a",
              "cardId": "battle_familiar",
              "grind": 0
            },
            {
              "instanceId": "048360c2-29ec-485d-b783-b3dce8af6353",
              "cardId": "battle_familiar",
              "grind": 0
            },
            {
              "instanceId": "46cb400f-51c9-456d-b7a5-4bd3bbefffb8",
              "cardId": "flame_blade",
              "grind": 0
            },
            {
              "instanceId": "547f5180-00c2-4c44-9dd9-a9f00c735858",
              "cardId": "flame_blade",
              "grind": 0
            },
            {
              "instanceId": "52ca3583-aa4f-4e43-a88a-0c29046a5fd9",
              "cardId": "dungeon_drake",
              "grind": 0
            }
          ],
          "lastEvolutionResult": null
        },
        "keyItemIndicatorOnCooldown": true,
        "keyItemIndicatorText": "\n        \n        Dodge Roll\n        E\n        0.1\n      ",
        "keyItemCooldownRemaining": 54,
        "status": "Latency: 1ms",
        "hasCanvas": true,
        "canvasCount": 2,
        "lobbyVisible": false,
        "cardHandVisible": true,
        "title": "Void Grimoire",
        "bodyText": "👤\nLv\n🔊\n⚙\nD4\nLV\n1\nHP\n40/100\nMS\n50/99\nDeck: 7/12\n⟡ 4\n✦ 2\n🐉 1\n✨ 0\nMoney 0\nLatency: 1ms\nDodge Roll\nE\n0.1\nInitiate Vault\nPurged 0 / 6 hostiles\n01\nRewa: Rewa on channel. Move with WASD, close on the opening grunts, and strike with your melee weapon to start the sweep.\nClick to attack · press 1–6 to cast cards\n1\n⚔\nRust-Forged Saber\n5/5\n2\n✦\nSignal Familiar\n50 MS\n1/1\n3\n⚔\nRust-Forged Saber\n5/5\n4\n🐉\nVault Wyrm\nBURNING BREATH\n600ms wind-up\n1/1\n5\n⚔\nSolar Edge\n650ms wind-up\n2/2"
      }
    }
  ],
  "pageerrors": []
}
