
 RUN  v3.2.4 /home/matt/workspace/.autogame-worktrees/183-character-customization-client-panel/game
      Coverage enabled with v8

stdout | client/test/renderer-clock.test.js > renderer animation loop clock > uses THREE.Clock.getDelta without requiring a clock.update method
[initScene] Initializing Three.js scene...

stdout | client/test/renderer-loot.test.js > renderer loot helpers > getPickedUpLootIds reflects lootPickupAttempts after walk-over pickup
[initScene] Initializing Three.js scene...

stdout | client/test/renderer-loot.test.js > renderer loot helpers > markLootCollected shows "+N MS" for magic stone pickups
[initScene] Initializing Three.js scene...

 ✓ |client| client/test/gamepad.test.js (14 tests) 4ms
 ✓ |client| client/test/cosmetic-preview.test.js (3 tests) 27ms
 ✓ |client| client/test/settings.test.js (6 tests) 94ms
 ✓ |client| client/test/controller-calibration.test.js (2 tests) 3ms
 ✓ |client| client/test/renderer-clock.test.js (1 test) 142ms
 ✓ |client| client/test/settings-effects.test.js (2 tests) 44ms
stdout | client/test/renderer-loot.test.js > renderer loot helpers > markLootCollected plays loot SFX only for magic stone pickups
[initScene] Initializing Three.js scene...

 ✓ |client| client/test/input.test.js (31 tests) 18ms
 ✓ |client| client/test/cosmetic-form.test.js (6 tests) 60ms
stdout | client/test/renderer-loot.test.js > renderer loot helpers > updateCollectingLoot disposes cloned loot materials when animation finishes
[initScene] Initializing Three.js scene...

 ✓ |client| client/test/renderer-loot.test.js (4 tests) 231ms
 ✓ |client| client/test/deck-viewer.test.js (15 tests) 152ms
stdout | client/test/main.test.js > cardError handler — server hand rejection > shows a toast when the server rejects an unauthorized card use
[cardError] Card not in hand

 ✓ |client| client/test/main.test.js (141 tests) 1111ms

 Test Files  11 passed (11)
      Tests  225 passed (225)
   Start at  11:06:23
   Duration  2.35s (transform 303ms, setup 245ms, collect 736ms, tests 1.88s, environment 3.18s, prepare 958ms)

 % Coverage report from v8
--------------|---------|----------|---------|---------|------------------------
File          | % Stmts | % Branch | % Funcs | % Lines | Uncovered Line #s      
--------------|---------|----------|---------|---------|------------------------
All files     |   69.51 |    62.16 |   32.25 |   69.51 |                        
 cards.js     |      91 |    62.96 |   66.66 |      91 | ...471,480-494,588-605 
 collision.js |   20.81 |      100 |       0 |   20.81 | ...208,214-222,228-233 
 delta.js     |     100 |       50 |     100 |     100 | 12                     
 hand.js      |   46.25 |     62.5 |   23.07 |   46.25 | ...140,156-157,160-163 
--------------|---------|----------|---------|---------|------------------------
