[joinLobby] timeout waiting for #lobby visibility: page.waitForFunction: Timeout 10000ms exceeded.
{
  "url": "http://localhost:5173/",
  "ok": true,
  "ticketFile": "/home/matt/workspace/.autogame-worktrees/client-split-renderer-js-6-800-lines-extract-per-domain-sync-1t90/tickets/client-split-renderer-js-6-800-lines-extract-per-domain-sync-1t90/ticket.md",
  "capturePlanSource": "fallback",
  "capturePlanValid": true,
  "capturePlanAttempts": [],
  "capturePlanSummary": "Deterministic full-flow smoke capture: auth, lobby create/join, ready transition, movement, dodge/key-item with post-dodge cooldown probe.",
  "scenarios": [],
  "screenshots": [
    {
      "file": "01-initial.png",
      "player": "A",
      "description": "Both players in squad lobby."
    },
    {
      "file": "02-after-w.png",
      "player": "A",
      "description": "Gameplay after holding W."
    },
    {
      "file": "03-after-d.png",
      "player": "A",
      "description": "Gameplay after holding D."
    },
    {
      "file": "04-after-dodge.png",
      "player": "A",
      "description": "Gameplay after dodge roll with cooldown HUD."
    }
  ],
  "probes": [
    {
      "player": "A",
      "description": "After readying all players and entering gameplay.",
      "data": {
        "harnessState": {
          "debugScenario": null,
          "debugScenarioAllowed": true,
          "debugScenarioResult": null,
          "debugGodmodeResult": null,
          "objective": {
            "type": "defeat_enemies",
            "totalEnemies": 5,
            "defeatedEnemies": 0,
            "label": "Initiate Vault: Purge hostiles from the derelict annex sector."
          },
          "encounter": null,
          "bossEncounter": null,
          "runObjectiveComplete": false,
          "lastRunSummary": null,
          "sortieCompleteOverlayVisible": false,
          "myId": "a38db7a3-f2eb-4e1f-a73f-9e15c48a11af",
          "selectedDeck": [
            "6257cee9-889a-41b5-877e-c176b96a57aa",
            "f6c615e8-f486-491d-bb83-2b5e37855d0d",
            "122f0039-ad07-4718-a084-6542809ae094",
            "1aecc66f-df67-4732-9ea2-9cac5ec7c2e4",
            "d4302be9-e9fd-4b12-8635-7316c12c70ee",
            "96402ffa-1f0c-437e-a950-2ef6bc2e5a85",
            "bacd9485-5602-401b-8604-ee73532fdcf6",
            "6d0bd085-a0aa-4f53-b502-de8617e48068",
            "7288d85a-8409-4949-9054-698cac423fc4",
            "c0dee126-fac5-4b45-9400-a1d26e4cd4f7",
            "2115869c-6213-4eda-98e9-c2ca6b64bdbe",
            "11ea779e-2a9c-4ff9-b5e3-abff94fd3b50"
          ],
          "phase": "playing",
          "runStatus": "playing",
          "suspendedRunSummary": null,
          "extracted": false,
          "telepipe": null,
          "layout": {
            "profile": "crowded",
            "seed": 352369970,
            "roomCount": 10,
            "startRoom": {
              "x": -9,
              "z": 27,
              "role": "start"
            }
          },
          "connectionState": "connected",
          "sceneInitialized": true,
          "hasCanvas": true,
          "lobbyVisible": false,
          "lobbyMenuDismissed": false,
          "characterBoothOpen": false,
          "deckEditorVisible": false,
          "runId": "4ef0fbab-7e59-4da7-bd42-f19b8029ce71",
          "resumeBtnUsable": false,
          "abandonRunBtnUsable": false,
          "cardHandVisible": true,
          "status": "Latency: 1ms",
          "hpText": "88/100",
          "msText": "49/99",
          "currencyText": "Money 0",
          "currency": 0,
          "player": {
            "hp": 88,
            "magicStones": 49.750000000000384,
            "currency": 0,
            "debugGodmode": false,
            "dead": false,
            "x": -9,
            "y": 0.5,
            "z": 27,
            "equippedKeyItemId": "dodge_roll",
            "keyItemCooldownRemaining": 0,
            "cardUseState": null,
            "cardWindupUntil": 0,
            "cardWindupCardId": null,
            "slowedUntil": 0,
            "burningUntil": 0,
            "slowActive": false,
            "burnActive": false
          },
          "windupFlashing": false,
          "keyItemIndicatorOnCooldown": false,
          "keyItemIndicatorText": "",
          "players": 2,
          "squadmates": [
            {
              "id": "ac036afd-0545-4205-bf09-6650c8f4bb2f",
              "x": -6,
              "z": 27
            }
          ],
          "enemies": 5,
          "enemyHp": [
            {
              "id": "c7b7a34c-b48e-487e-96f9-4ee902346841",
              "hp": 40,
              "maxHp": 40,
              "type": "skirmisher",
              "spawnedBy": null,
              "x": -10.413205620065163,
              "z": 5.763050787680493,
              "slowedUntil": 0,
              "burningUntil": 0,
              "frozenUntil": 0,
              "slowActive": false,
              "burnActive": false
            },
            {
              "id": "0d52e123-42de-4f67-aac7-fdc4c57ea40e",
              "hp": 40,
              "maxHp": 40,
              "type": "skirmisher",
              "spawnedBy": null,
              "x": 7.356956022913076,
              "z": 10.251493061081545,
              "slowedUntil": 0,
              "burningUntil": 0,
              "frozenUntil": 0,
              "slowActive": false,
              "burnActive": false
            },
            {
              "id": "571d670e-a45e-4318-be15-8056b5be3770",
              "hp": 40,
              "maxHp": 40,
              "type": "skirmisher",
              "spawnedBy": null,
              "x": -26.576736748777968,
              "z": 21.382607021446873,
              "slowedUntil": 0,
              "burningUntil": 0,
              "frozenUntil": 0,
              "slowActive": false,
              "burnActive": false
            },
            {
              "id": "f972e235-21cf-40c9-abed-559449761c28",
              "hp": 100,
              "maxHp": 100,
              "type": "grunt",
              "spawnedBy": null,
              "x": 28.199124685704774,
              "z": 28.72838513874283,
              "slowedUntil": 0,
              "burningUntil": 0,
              "frozenUntil": 0,
              "slowActive": false,
              "burnActive": false
            },
            {
              "id": "3d7dcf0d-5c28-4c00-a265-d11785878240",
              "hp": 40,
              "maxHp": 40,
              "type": "skirmisher",
              "spawnedBy": null,
              "x": 5.355230527676959,
              "z": 24.291128173866667,
              "slowedUntil": 0,
              "burningUntil": 0,
              "frozenUntil": 0,
              "slowActive": false,
              "burnActive": false
            }
          ],
          "minions": [],
          "hand": [
            {
              "id": "iron_sword",
              "name": "Rust-Forged Saber",
              "type": "weapon",
              "remainingCharges": 5,
              "charges": 5,
              "activeMinionId": null,
              "burnMaxTtl": null,
              "burnLabel": "5/5",
              "creatureBurning": false,
              "isEvolved": false
            },
            {
              "id": "dungeon_drake",
              "name": "Vault Wyrm",
              "type": "creature",
              "remainingCharges": 1,
              "charges": 1,
              "activeMinionId": null,
              "burnMaxTtl": null,
              "burnLabel": "1/1",
              "creatureBurning": false,
              "isEvolved": false,
              "specialEffect": "burning_breath"
            },
            null,
            {
              "id": "flame_blade",
              "name": "Solar Edge",
              "type": "weapon",
              "remainingCharges": 2,
              "charges": 2,
              "activeMinionId": null,
              "burnMaxTtl": null,
              "burnLabel": "2/2",
              "creatureBurning": false,
              "isEvolved": false
            },
            {
              "id": "battle_familiar",
              "name": "Signal Familiar",
              "type": "spell",
              "remainingCharges": 1,
              "charges": 1,
              "activeMinionId": null,
              "burnMaxTtl": null,
              "burnLabel": "1/1",
              "creatureBurning": false,
              "isEvolved": false
            },
            null
          ],
          "inventory": [
            {
              "instanceId": "6257cee9-889a-41b5-877e-c176b96a57aa",
              "cardId": "iron_sword",
              "grind": 0
            },
            {
              "instanceId": "f6c615e8-f486-491d-bb83-2b5e37855d0d",
              "cardId": "flame_blade",
              "grind": 0
            },
            {
              "instanceId": "122f0039-ad07-4718-a084-6542809ae094",
              "cardId": "battle_familiar",
              "grind": 0
            },
            {
              "instanceId": "1aecc66f-df67-4732-9ea2-9cac5ec7c2e4",
              "cardId": "dungeon_drake",
              "grind": 0
            },
            {
              "instanceId": "d4302be9-e9fd-4b12-8635-7316c12c70ee",
              "cardId": "iron_sword",
              "grind": 0
            },
            {
              "instanceId": "96402ffa-1f0c-437e-a950-2ef6bc2e5a85",
              "cardId": "iron_sword",
              "grind": 0
            },
            {
              "instanceId": "bacd9485-5602-401b-8604-ee73532fdcf6",
              "cardId": "iron_sword",
              "grind": 0
            },
            {
              "instanceId": "6d0bd085-a0aa-4f53-b502-de8617e48068",
              "cardId": "battle_familiar",
              "grind": 0
            },
            {
              "instanceId": "7288d85a-8409-4949-9054-698cac423fc4",
              "cardId": "battle_familiar",
              "grind": 0
            },
            {
              "instanceId": "c0dee126-fac5-4b45-9400-a1d26e4cd4f7",
              "cardId": "flame_blade",
              "grind": 0
            },
            {
              "instanceId": "2115869c-6213-4eda-98e9-c2ca6b64bdbe",
              "cardId": "flame_blade",
              "grind": 0
            },
            {
              "instanceId": "11ea779e-2a9c-4ff9-b5e3-abff94fd3b50",
              "cardId": "dungeon_drake",
              "grind": 0
            }
          ],
          "lastEvolutionResult": null
        },
        "keyItemIndicatorOnCooldown": false,
        "keyItemIndicatorText": "",
        "keyItemCooldownRemaining": 0,
        "status": "Latency: 1ms",
        "hasCanvas": true,
        "canvasCount": 2,
        "lobbyVisible": false,
        "cardHandVisible": true,
        "title": "Void Grimoire",
        "bodyText": "👤\nLv\n🔊\n⚙\nA3\nLV\n1\nHP\n88/100\nMS\n49/99\nDeck: 8/12\n⟡ 5\n✦ 2\n🐉 1\n✨ 0\nMoney 0\nLatency: 1ms\nInitiate Vault\nPurged 0 / 5 hostiles\nClick to attack · press 1–6 to cast cards\n1\n⚔\nRust-Forged Saber\n5/5\n2\n🐉\nVault Wyrm\nBURNING BREATH\n600ms wind-up\n1/1\n4\n⚔\nSolar Edge\n650ms wind-up\n2/2\n5\n✦\nSignal Familiar\n50 MS\n1/1"
      }
    },
    {
      "player": "A",
      "description": "After dodge roll — cooldown HUD should be active.",
      "data": {
        "harnessState": {
          "debugScenario": null,
          "debugScenarioAllowed": true,
          "debugScenarioResult": null,
          "debugGodmodeResult": null,
          "objective": {
            "type": "defeat_enemies",
            "totalEnemies": 5,
            "defeatedEnemies": 0,
            "label": "Initiate Vault: Purge hostiles from the derelict annex sector."
          },
          "encounter": null,
          "bossEncounter": null,
          "runObjectiveComplete": false,
          "lastRunSummary": null,
          "sortieCompleteOverlayVisible": false,
          "myId": "a38db7a3-f2eb-4e1f-a73f-9e15c48a11af",
          "selectedDeck": [
            "6257cee9-889a-41b5-877e-c176b96a57aa",
            "f6c615e8-f486-491d-bb83-2b5e37855d0d",
            "122f0039-ad07-4718-a084-6542809ae094",
            "1aecc66f-df67-4732-9ea2-9cac5ec7c2e4",
            "d4302be9-e9fd-4b12-8635-7316c12c70ee",
            "96402ffa-1f0c-437e-a950-2ef6bc2e5a85",
            "bacd9485-5602-401b-8604-ee73532fdcf6",
            "6d0bd085-a0aa-4f53-b502-de8617e48068",
            "7288d85a-8409-4949-9054-698cac423fc4",
            "c0dee126-fac5-4b45-9400-a1d26e4cd4f7",
            "2115869c-6213-4eda-98e9-c2ca6b64bdbe",
            "11ea779e-2a9c-4ff9-b5e3-abff94fd3b50"
          ],
          "phase": "playing",
          "runStatus": "playing",
          "suspendedRunSummary": null,
          "extracted": false,
          "telepipe": null,
          "layout": {
            "profile": "crowded",
            "seed": 352369970,
            "roomCount": 10,
            "startRoom": {
              "x": -9,
              "z": 27,
              "role": "start"
            }
          },
          "connectionState": "connected",
          "sceneInitialized": true,
          "hasCanvas": true,
          "lobbyVisible": false,
          "lobbyMenuDismissed": false,
          "characterBoothOpen": false,
          "deckEditorVisible": false,
          "runId": "4ef0fbab-7e59-4da7-bd42-f19b8029ce71",
          "resumeBtnUsable": false,
          "abandonRunBtnUsable": false,
          "cardHandVisible": true,
          "status": "Latency: 0ms",
          "hpText": "76/100",
          "msText": "50/99",
          "currencyText": "Money 0",
          "currency": 0,
          "player": {
            "hp": 76,
            "magicStones": 50.29500000000066,
            "currency": 0,
            "debugGodmode": false,
            "dead": false,
            "x": 8.999999999999995,
            "y": 0.5,
            "z": 8.399999999999979,
            "equippedKeyItemId": "dodge_roll",
            "keyItemCooldownRemaining": 356,
            "cardUseState": null,
            "cardWindupUntil": 0,
            "cardWindupCardId": null,
            "slowedUntil": 0,
            "burningUntil": 0,
            "slowActive": false,
            "burnActive": false
          },
          "windupFlashing": false,
          "keyItemIndicatorOnCooldown": true,
          "keyItemIndicatorText": "0.4",
          "players": 2,
          "squadmates": [
            {
              "id": "ac036afd-0545-4205-bf09-6650c8f4bb2f",
              "x": -6,
              "z": 27
            }
          ],
          "enemies": 5,
          "enemyHp": [
            {
              "id": "c7b7a34c-b48e-487e-96f9-4ee902346841",
              "hp": 40,
              "maxHp": 40,
              "type": "skirmisher",
              "spawnedBy": null,
              "x": -12.164489824675963,
              "z": 10.679084420828714,
              "slowedUntil": 0,
              "burningUntil": 0,
              "frozenUntil": 0,
              "slowActive": false,
              "burnActive": false
            },
            {
              "id": "0d52e123-42de-4f67-aac7-fdc4c57ea40e",
              "hp": 40,
              "maxHp": 40,
              "type": "skirmisher",
              "spawnedBy": null,
              "x": 6.038545786575167,
              "z": 10.851711933147927,
              "slowedUntil": 0,
              "burningUntil": 0,
              "frozenUntil": 0,
              "slowActive": false,
              "burnActive": false
            },
            {
              "id": "571d670e-a45e-4318-be15-8056b5be3770",
              "hp": 40,
              "maxHp": 40,
              "type": "skirmisher",
              "spawnedBy": null,
              "x": -26.443076096001764,
              "z": 13.208699765434115,
              "slowedUntil": 0,
              "burningUntil": 0,
              "frozenUntil": 0,
              "slowActive": false,
              "burnActive": false
            },
            {
              "id": "f972e235-21cf-40c9-abed-559449761c28",
              "hp": 100,
              "maxHp": 100,
              "type": "grunt",
              "spawnedBy": null,
              "x": 27.877442587236523,
              "z": 23.28788694211355,
              "slowedUntil": 0,
              "burningUntil": 0,
              "frozenUntil": 0,
              "slowActive": false,
              "burnActive": false
            },
            {
              "id": "3d7dcf0d-5c28-4c00-a265-d11785878240",
              "hp": 40,
              "maxHp": 40,
              "type": "skirmisher",
              "spawnedBy": null,
              "x": 4.586478035311167,
              "z": 21.66114045495845,
              "slowedUntil": 0,
              "burningUntil": 0,
              "frozenUntil": 0,
              "slowActive": false,
              "burnActive": false
            }
          ],
          "minions": [],
          "hand": [
            {
              "id": "iron_sword",
              "name": "Rust-Forged Saber",
              "type": "weapon",
              "remainingCharges": 5,
              "charges": 5,
              "activeMinionId": null,
              "burnMaxTtl": null,
              "burnLabel": "5/5",
              "creatureBurning": false,
              "isEvolved": false
            },
            {
              "id": "dungeon_drake",
              "name": "Vault Wyrm",
              "type": "creature",
              "remainingCharges": 1,
              "charges": 1,
              "activeMinionId": null,
              "burnMaxTtl": null,
              "burnLabel": "1/1",
              "creatureBurning": false,
              "isEvolved": false,
              "specialEffect": "burning_breath"
            },
            {
              "id": "iron_sword",
              "name": "Rust-Forged Saber",
              "type": "weapon",
              "remainingCharges": 5,
              "charges": 5,
              "activeMinionId": null,
              "burnMaxTtl": null,
              "burnLabel": "5/5",
              "creatureBurning": false,
              "isEvolved": false
            },
            {
              "id": "flame_blade",
              "name": "Solar Edge",
              "type": "weapon",
              "remainingCharges": 2,
              "charges": 2,
              "activeMinionId": null,
              "burnMaxTtl": null,
              "burnLabel": "2/2",
              "creatureBurning": false,
              "isEvolved": false
            },
            {
              "id": "battle_familiar",
              "name": "Signal Familiar",
              "type": "spell",
              "remainingCharges": 1,
              "charges": 1,
              "activeMinionId": null,
              "burnMaxTtl": null,
              "burnLabel": "1/1",
              "creatureBurning": false,
              "isEvolved": false
            },
            null
          ],
          "inventory": [
            {
              "instanceId": "6257cee9-889a-41b5-877e-c176b96a57aa",
              "cardId": "iron_sword",
              "grind": 0
            },
            {
              "instanceId": "f6c615e8-f486-491d-bb83-2b5e37855d0d",
              "cardId": "flame_blade",
              "grind": 0
            },
            {
              "instanceId": "122f0039-ad07-4718-a084-6542809ae094",
              "cardId": "battle_familiar",
              "grind": 0
            },
            {
              "instanceId": "1aecc66f-df67-4732-9ea2-9cac5ec7c2e4",
              "cardId": "dungeon_drake",
              "grind": 0
            },
            {
              "instanceId": "d4302be9-e9fd-4b12-8635-7316c12c70ee",
              "cardId": "iron_sword",
              "grind": 0
            },
            {
              "instanceId": "96402ffa-1f0c-437e-a950-2ef6bc2e5a85",
              "cardId": "iron_sword",
              "grind": 0
            },
            {
              "instanceId": "bacd9485-5602-401b-8604-ee73532fdcf6",
              "cardId": "iron_sword",
              "grind": 0
            },
            {
              "instanceId": "6d0bd085-a0aa-4f53-b502-de8617e48068",
              "cardId": "battle_familiar",
              "grind": 0
            },
            {
              "instanceId": "7288d85a-8409-4949-9054-698cac423fc4",
              "cardId": "battle_familiar",
              "grind": 0
            },
            {
              "instanceId": "c0dee126-fac5-4b45-9400-a1d26e4cd4f7",
              "cardId": "flame_blade",
              "grind": 0
            },
            {
              "instanceId": "2115869c-6213-4eda-98e9-c2ca6b64bdbe",
              "cardId": "flame_blade",
              "grind": 0
            },
            {
              "instanceId": "11ea779e-2a9c-4ff9-b5e3-abff94fd3b50",
              "cardId": "dungeon_drake",
              "grind": 0
            }
          ],
          "lastEvolutionResult": null
        },
        "keyItemIndicatorOnCooldown": true,
        "keyItemIndicatorText": "0.4",
        "keyItemCooldownRemaining": 356,
        "status": "Latency: 0ms",
        "hasCanvas": true,
        "canvasCount": 2,
        "lobbyVisible": false,
        "cardHandVisible": true,
        "title": "Void Grimoire",
        "bodyText": "👤\nLv\n🔊\n⚙\nA3\nLV\n1\nHP\n76/100\nMS\n50/99\nDeck: 7/12\n⟡ 4\n✦ 2\n🐉 1\n✨ 0\nMoney 0\nLatency: 0ms\n0.4\nInitiate Vault\nPurged 0 / 5 hostiles\nClick to attack · press 1–6 to cast cards\n1\n⚔\nRust-Forged Saber\n5/5\n2\n🐉\nVault Wyrm\nBURNING BREATH\n600ms wind-up\n1/1\n3\n⚔\nRust-Forged Saber\n5/5\n4\n⚔\nSolar Edge\n650ms wind-up\n2/2\n5\n✦\nSignal Familiar\n50 MS\n1/1\n-6"
      }
    },
    {
      "player": "A",
      "description": "Final capture probe.",
      "data": {
        "harnessState": {
          "debugScenario": null,
          "debugScenarioAllowed": true,
          "debugScenarioResult": null,
          "debugGodmodeResult": null,
          "objective": {
            "type": "defeat_enemies",
            "totalEnemies": 5,
            "defeatedEnemies": 0,
            "label": "Initiate Vault: Purge hostiles from the derelict annex sector."
          },
          "encounter": null,
          "bossEncounter": null,
          "runObjectiveComplete": false,
          "lastRunSummary": null,
          "sortieCompleteOverlayVisible": false,
          "myId": "a38db7a3-f2eb-4e1f-a73f-9e15c48a11af",
          "selectedDeck": [
            "6257cee9-889a-41b5-877e-c176b96a57aa",
            "f6c615e8-f486-491d-bb83-2b5e37855d0d",
            "122f0039-ad07-4718-a084-6542809ae094",
            "1aecc66f-df67-4732-9ea2-9cac5ec7c2e4",
            "d4302be9-e9fd-4b12-8635-7316c12c70ee",
            "96402ffa-1f0c-437e-a950-2ef6bc2e5a85",
            "bacd9485-5602-401b-8604-ee73532fdcf6",
            "6d0bd085-a0aa-4f53-b502-de8617e48068",
            "7288d85a-8409-4949-9054-698cac423fc4",
            "c0dee126-fac5-4b45-9400-a1d26e4cd4f7",
            "2115869c-6213-4eda-98e9-c2ca6b64bdbe",
            "11ea779e-2a9c-4ff9-b5e3-abff94fd3b50"
          ],
          "phase": "playing",
          "runStatus": "playing",
          "suspendedRunSummary": null,
          "extracted": false,
          "telepipe": null,
          "layout": {
            "profile": "crowded",
            "seed": 352369970,
            "roomCount": 10,
            "startRoom": {
              "x": -9,
              "z": 27,
              "role": "start"
            }
          },
          "connectionState": "connected",
          "sceneInitialized": true,
          "hasCanvas": true,
          "lobbyVisible": false,
          "lobbyMenuDismissed": false,
          "characterBoothOpen": false,
          "deckEditorVisible": false,
          "runId": "4ef0fbab-7e59-4da7-bd42-f19b8029ce71",
          "resumeBtnUsable": false,
          "abandonRunBtnUsable": false,
          "cardHandVisible": true,
          "status": "Latency: 1ms",
          "hpText": "76/100",
          "msText": "50/99",
          "currencyText": "Money 0",
          "currency": 0,
          "player": {
            "hp": 76,
            "magicStones": 50.34500000000069,
            "currency": 0,
            "debugGodmode": false,
            "dead": false,
            "x": 8.999999999999995,
            "y": 0.5,
            "z": 8.399999999999979,
            "equippedKeyItemId": "dodge_roll",
            "keyItemCooldownRemaining": 0,
            "cardUseState": null,
            "cardWindupUntil": 0,
            "cardWindupCardId": null,
            "slowedUntil": 0,
            "burningUntil": 0,
            "slowActive": false,
            "burnActive": false
          },
          "windupFlashing": false,
          "keyItemIndicatorOnCooldown": false,
          "keyItemIndicatorText": "",
          "players": 2,
          "squadmates": [
            {
              "id": "ac036afd-0545-4205-bf09-6650c8f4bb2f",
              "x": -6,
              "z": 27
            }
          ],
          "enemies": 5,
          "enemyHp": [
            {
              "id": "c7b7a34c-b48e-487e-96f9-4ee902346841",
              "hp": 40,
              "maxHp": 40,
              "type": "skirmisher",
              "spawnedBy": null,
              "x": -12.53831214791965,
              "z": 11.329281983608427,
              "slowedUntil": 0,
              "burningUntil": 0,
              "frozenUntil": 0,
              "slowActive": false,
              "burnActive": false
            },
            {
              "id": "0d52e123-42de-4f67-aac7-fdc4c57ea40e",
              "hp": 40,
              "maxHp": 40,
              "type": "skirmisher",
              "spawnedBy": null,
              "x": 6.038545786575167,
              "z": 10.851711933147927,
              "slowedUntil": 0,
              "burningUntil": 0,
              "frozenUntil": 0,
              "slowActive": false,
              "burnActive": false
            },
            {
              "id": "571d670e-a45e-4318-be15-8056b5be3770",
              "hp": 40,
              "maxHp": 40,
              "type": "skirmisher",
              "spawnedBy": null,
              "x": -26.43081365079294,
              "z": 12.458800017176053,
              "slowedUntil": 0,
              "burningUntil": 0,
              "frozenUntil": 0,
              "slowActive": false,
              "burnActive": false
            },
            {
              "id": "f972e235-21cf-40c9-abed-559449761c28",
              "hp": 100,
              "maxHp": 100,
              "type": "grunt",
              "spawnedBy": null,
              "x": 27.847930468110995,
              "z": 22.78875866719343,
              "slowedUntil": 0,
              "burningUntil": 0,
              "frozenUntil": 0,
              "slowActive": false,
              "burnActive": false
            },
            {
              "id": "3d7dcf0d-5c28-4c00-a265-d11785878240",
              "hp": 40,
              "maxHp": 40,
              "type": "skirmisher",
              "spawnedBy": null,
              "x": 5.209704705253307,
              "z": 22.078379616438816,
              "slowedUntil": 0,
              "burningUntil": 0,
              "frozenUntil": 0,
              "slowActive": false,
              "burnActive": false
            }
          ],
          "minions": [],
          "hand": [
            {
              "id": "iron_sword",
              "name": "Rust-Forged Saber",
              "type": "weapon",
              "remainingCharges": 5,
              "charges": 5,
              "activeMinionId": null,
              "burnMaxTtl": null,
              "burnLabel": "5/5",
              "creatureBurning": false,
              "isEvolved": false
            },
            {
              "id": "dungeon_drake",
              "name": "Vault Wyrm",
              "type": "creature",
              "remainingCharges": 1,
              "charges": 1,
              "activeMinionId": null,
              "burnMaxTtl": null,
              "burnLabel": "1/1",
              "creatureBurning": false,
              "isEvolved": false,
              "specialEffect": "burning_breath"
            },
            {
              "id": "iron_sword",
              "name": "Rust-Forged Saber",
              "type": "weapon",
              "remainingCharges": 5,
              "charges": 5,
              "activeMinionId": null,
              "burnMaxTtl": null,
              "burnLabel": "5/5",
              "creatureBurning": false,
              "isEvolved": false
            },
            {
              "id": "flame_blade",
              "name": "Solar Edge",
              "type": "weapon",
              "remainingCharges": 2,
              "charges": 2,
              "activeMinionId": null,
              "burnMaxTtl": null,
              "burnLabel": "2/2",
              "creatureBurning": false,
              "isEvolved": false
            },
            {
              "id": "battle_familiar",
              "name": "Signal Familiar",
              "type": "spell",
              "remainingCharges": 1,
              "charges": 1,
              "activeMinionId": null,
              "burnMaxTtl": null,
              "burnLabel": "1/1",
              "creatureBurning": false,
              "isEvolved": false
            },
            null
          ],
          "inventory": [
            {
              "instanceId": "6257cee9-889a-41b5-877e-c176b96a57aa",
              "cardId": "iron_sword",
              "grind": 0
            },
            {
              "instanceId": "f6c615e8-f486-491d-bb83-2b5e37855d0d",
              "cardId": "flame_blade",
              "grind": 0
            },
            {
              "instanceId": "122f0039-ad07-4718-a084-6542809ae094",
              "cardId": "battle_familiar",
              "grind": 0
            },
            {
              "instanceId": "1aecc66f-df67-4732-9ea2-9cac5ec7c2e4",
              "cardId": "dungeon_drake",
              "grind": 0
            },
            {
              "instanceId": "d4302be9-e9fd-4b12-8635-7316c12c70ee",
              "cardId": "iron_sword",
              "grind": 0
            },
            {
              "instanceId": "96402ffa-1f0c-437e-a950-2ef6bc2e5a85",
              "cardId": "iron_sword",
              "grind": 0
            },
            {
              "instanceId": "bacd9485-5602-401b-8604-ee73532fdcf6",
              "cardId": "iron_sword",
              "grind": 0
            },
            {
              "instanceId": "6d0bd085-a0aa-4f53-b502-de8617e48068",
              "cardId": "battle_familiar",
              "grind": 0
            },
            {
              "instanceId": "7288d85a-8409-4949-9054-698cac423fc4",
              "cardId": "battle_familiar",
              "grind": 0
            },
            {
              "instanceId": "c0dee126-fac5-4b45-9400-a1d26e4cd4f7",
              "cardId": "flame_blade",
              "grind": 0
            },
            {
              "instanceId": "2115869c-6213-4eda-98e9-c2ca6b64bdbe",
              "cardId": "flame_blade",
              "grind": 0
            },
            {
              "instanceId": "11ea779e-2a9c-4ff9-b5e3-abff94fd3b50",
              "cardId": "dungeon_drake",
              "grind": 0
            }
          ],
          "lastEvolutionResult": null
        },
        "keyItemIndicatorOnCooldown": false,
        "keyItemIndicatorText": "",
        "keyItemCooldownRemaining": 0,
        "status": "Latency: 1ms",
        "hasCanvas": true,
        "canvasCount": 2,
        "lobbyVisible": false,
        "cardHandVisible": true,
        "title": "Void Grimoire",
        "bodyText": "👤\nLv\n🔊\n⚙\nA3\nLV\n1\nHP\n76/100\nMS\n50/99\nDeck: 7/12\n⟡ 4\n✦ 2\n🐉 1\n✨ 0\nMoney 0\nLatency: 1ms\nInitiate Vault\nPurged 0 / 5 hostiles\nClick to attack · press 1–6 to cast cards\n1\n⚔\nRust-Forged Saber\n5/5\n2\n🐉\nVault Wyrm\nBURNING BREATH\n600ms wind-up\n1/1\n3\n⚔\nRust-Forged Saber\n5/5\n4\n⚔\nSolar Edge\n650ms wind-up\n2/2\n5\n✦\nSignal Familiar\n50 MS\n1/1\n-6"
      }
    }
  ],
  "pageerrors": []
}
