[createLobby] timeout waiting for #lobby visibility: page.waitForFunction: Timeout 10000ms exceeded.
[joinLobby] timeout waiting for #lobby visibility: page.waitForFunction: Timeout 10000ms exceeded.
{
  "url": "http://localhost:5174/",
  "ok": true,
  "ticketFile": "/home/matt/workspace/.autogame-worktrees/358-anim-phase-echo/tickets/358-anim-phase-echo/ticket.md",
  "capturePlanSource": "fallback",
  "capturePlanValid": true,
  "capturePlanAttempts": [],
  "capturePlanSummary": "Deterministic full-flow smoke capture: auth, lobby create/join, ready transition, movement, dodge/key-item with post-dodge cooldown probe.",
  "scenarios": [],
  "screenshots": [
    {
      "file": "01-initial.png",
      "player": "A",
      "description": "Both players in squad lobby."
    },
    {
      "file": "02-after-w.png",
      "player": "A",
      "description": "Gameplay after holding W."
    },
    {
      "file": "03-after-d.png",
      "player": "A",
      "description": "Gameplay after holding D."
    },
    {
      "file": "04-after-dodge.png",
      "player": "A",
      "description": "Gameplay after dodge roll with cooldown HUD."
    }
  ],
  "probes": [
    {
      "player": "A",
      "description": "After readying all players and entering gameplay.",
      "data": {
        "harnessState": {
          "debugScenario": null,
          "debugScenarioAllowed": true,
          "debugScenarioResult": null,
          "debugGodmodeResult": null,
          "debugTimeScale": 1,
          "debugTimeScaleResult": null,
          "debugTimeScaleAllowed": false,
          "objective": {
            "type": "defeat_enemies",
            "totalEnemies": 6,
            "activeEnemyCount": 2,
            "defeatedEnemies": 0,
            "label": "Initiate Vault: Sweep annex holding pens in scripted waves and breach the deeper vault wing."
          },
          "encounter": null,
          "bossEncounter": null,
          "runObjectiveComplete": false,
          "lastRunSummary": null,
          "sortieCompleteOverlayVisible": false,
          "myId": "86b0ca91-5487-4fbf-8ef6-47eb2cd5e97b",
          "selectedDeck": [
            "bd70a313-7324-4fb0-a960-23298c15294d",
            "18ed8989-0987-433d-9618-f931f1715b68",
            "3eea57a1-8de2-49f3-a026-4691f15947f5",
            "86daaefe-7198-42c8-9797-f7654ea840e3",
            "93c4709a-4cfb-4ac7-9d2f-12f51d10bde2",
            "e7e96079-3c39-4163-9024-7b5c9bc3b5b1",
            "3435d551-cf34-45b9-a5a7-8a73919dbfd8",
            "bd47d31e-2cc1-436b-829f-91624cdf4578",
            "42a6663a-037f-4d9e-a297-65f9cb4ce5e8",
            "c71a58ff-902e-4063-b207-3e0944174c3d",
            "14a74793-b4b4-4a70-8045-d2499416b6d2",
            "8a7e58f9-057b-42c7-8969-0cd018b64bfd"
          ],
          "phase": "playing",
          "runStatus": "playing",
          "suspendedRunSummary": null,
          "extracted": false,
          "telepipe": null,
          "layout": {
            "profile": "crowded",
            "seed": 352369970,
            "roomCount": 10,
            "startRoom": {
              "x": -9,
              "z": 27,
              "role": "start"
            }
          },
          "connectionState": "connected",
          "sceneInitialized": true,
          "hasCanvas": true,
          "lobbyVisible": false,
          "lobbyMenuDismissed": true,
          "characterBoothOpen": false,
          "deckEditorVisible": false,
          "runId": "4226434d-d209-42e5-9685-444e2cf3759c",
          "resumeBtnUsable": false,
          "abandonRunBtnUsable": false,
          "cardHandVisible": true,
          "status": "Latency: 1ms",
          "hpText": "100/100",
          "msText": "49/99",
          "currencyText": "Money 0",
          "currency": 0,
          "player": {
            "hp": 100,
            "magicStones": 49.08000000000004,
            "currency": 0,
            "debugGodmode": false,
            "dead": false,
            "x": -9,
            "y": 0.5,
            "z": 27,
            "equippedKeyItemId": "dodge_roll",
            "keyItemCooldownRemaining": 0,
            "cardUseState": null,
            "cardWindupUntil": 0,
            "cardWindupCardId": null,
            "slowedUntil": 0,
            "burningUntil": 0,
            "slowActive": false,
            "burnActive": false
          },
          "windupFlashing": false,
          "keyItemIndicatorOnCooldown": false,
          "keyItemIndicatorText": "",
          "players": 2,
          "squadmates": [
            {
              "id": "4135f484-e5bc-4d5b-9bae-1c5cad55c51b",
              "x": -6,
              "z": 27
            }
          ],
          "enemies": 2,
          "enemyHp": [
            {
              "id": "1520bfe5-0799-414e-9008-448a6d76556a",
              "hp": 100,
              "maxHp": 100,
              "type": "grunt",
              "spawnedBy": null,
              "x": -9,
              "z": 27,
              "slowedUntil": 0,
              "burningUntil": 0,
              "frozenUntil": 0,
              "slowActive": false,
              "burnActive": false
            },
            {
              "id": "56c721dd-3a79-49ff-9041-bf5e04b3622b",
              "hp": 100,
              "maxHp": 100,
              "type": "grunt",
              "spawnedBy": null,
              "x": -8.866656090365723,
              "z": 28.069192429538816,
              "slowedUntil": 0,
              "burningUntil": 0,
              "frozenUntil": 0,
              "slowActive": false,
              "burnActive": false
            }
          ],
          "minions": [],
          "hand": [
            {
              "id": "iron_sword",
              "name": "Rust-Forged Saber",
              "type": "weapon",
              "remainingCharges": 5,
              "charges": 5,
              "activeMinionId": null,
              "burnMaxTtl": null,
              "burnLabel": "5/5",
              "creatureBurning": false,
              "isEvolved": false
            },
            {
              "id": "flame_blade",
              "name": "Solar Edge",
              "type": "weapon",
              "remainingCharges": 2,
              "charges": 2,
              "activeMinionId": null,
              "burnMaxTtl": null,
              "burnLabel": "2/2",
              "creatureBurning": false,
              "isEvolved": false
            },
            null,
            {
              "id": "iron_sword",
              "name": "Rust-Forged Saber",
              "type": "weapon",
              "remainingCharges": 5,
              "charges": 5,
              "activeMinionId": null,
              "burnMaxTtl": null,
              "burnLabel": "5/5",
              "creatureBurning": false,
              "isEvolved": false
            },
            {
              "id": "battle_familiar",
              "name": "Signal Familiar",
              "type": "spell",
              "remainingCharges": 1,
              "charges": 1,
              "activeMinionId": null,
              "burnMaxTtl": null,
              "burnLabel": "1/1",
              "creatureBurning": false,
              "isEvolved": false
            },
            null
          ],
          "inventory": [
            {
              "instanceId": "bd70a313-7324-4fb0-a960-23298c15294d",
              "cardId": "iron_sword",
              "grind": 0
            },
            {
              "instanceId": "18ed8989-0987-433d-9618-f931f1715b68",
              "cardId": "flame_blade",
              "grind": 0
            },
            {
              "instanceId": "3eea57a1-8de2-49f3-a026-4691f15947f5",
              "cardId": "battle_familiar",
              "grind": 0
            },
            {
              "instanceId": "86daaefe-7198-42c8-9797-f7654ea840e3",
              "cardId": "dungeon_drake",
              "grind": 0
            },
            {
              "instanceId": "93c4709a-4cfb-4ac7-9d2f-12f51d10bde2",
              "cardId": "iron_sword",
              "grind": 0
            },
            {
              "instanceId": "e7e96079-3c39-4163-9024-7b5c9bc3b5b1",
              "cardId": "iron_sword",
              "grind": 0
            },
            {
              "instanceId": "3435d551-cf34-45b9-a5a7-8a73919dbfd8",
              "cardId": "iron_sword",
              "grind": 0
            },
            {
              "instanceId": "bd47d31e-2cc1-436b-829f-91624cdf4578",
              "cardId": "battle_familiar",
              "grind": 0
            },
            {
              "instanceId": "42a6663a-037f-4d9e-a297-65f9cb4ce5e8",
              "cardId": "battle_familiar",
              "grind": 0
            },
            {
              "instanceId": "c71a58ff-902e-4063-b207-3e0944174c3d",
              "cardId": "flame_blade",
              "grind": 0
            },
            {
              "instanceId": "14a74793-b4b4-4a70-8045-d2499416b6d2",
              "cardId": "flame_blade",
              "grind": 0
            },
            {
              "instanceId": "8a7e58f9-057b-42c7-8969-0cd018b64bfd",
              "cardId": "dungeon_drake",
              "grind": 0
            }
          ],
          "lastEvolutionResult": null
        },
        "keyItemIndicatorOnCooldown": false,
        "keyItemIndicatorText": "\n        \n        Dodge Roll\n        E\n        \n      ",
        "keyItemCooldownRemaining": 0,
        "status": "Latency: 1ms",
        "hasCanvas": true,
        "canvasCount": 2,
        "lobbyVisible": false,
        "cardHandVisible": true,
        "title": "Void Grimoire",
        "bodyText": "👤\nLv\n🔊\n⚙\n86\nLV\n1\nHP\n100/100\nMS\n49/99\nDeck: 8/12\n⟡ 4\n✦ 2\n🐉 2\n✨ 0\nMoney 0\nLatency: 1ms\nDodge Roll\nE\nInitiate Vault\nPurged 0 / 6 hostiles\n01\nRewa: Rewa on channel. Move with WASD, close on the opening grunts, and strike with your melee weapon to start the sweep.\nClick to attack · press 1–6 to cast cards\n1\n⚔\nRust-Forged Saber\n5/5\n2\n⚔\nSolar Edge\n650ms wind-up\n2/2\n4\n⚔\nRust-Forged Saber\n5/5\n5\n✦\nSignal Familiar\n50 MS\n1/1\nRewa: Rewa on channel. Move with WASD, close on the opening grunts, and strike with your melee weapon to start the sweep.\nANNEX LIAISON KADE\nEntry annex is live. Close with WASD and strike with your melee weapon — two grunts block the bulkhead."
      }
    },
    {
      "player": "A",
      "description": "After dodge roll — cooldown HUD should be active.",
      "data": {
        "harnessState": {
          "debugScenario": null,
          "debugScenarioAllowed": true,
          "debugScenarioResult": null,
          "debugGodmodeResult": null,
          "debugTimeScale": 1,
          "debugTimeScaleResult": null,
          "debugTimeScaleAllowed": false,
          "objective": {
            "type": "defeat_enemies",
            "totalEnemies": 6,
            "activeEnemyCount": 2,
            "defeatedEnemies": 0,
            "label": "Initiate Vault: Sweep annex holding pens in scripted waves and breach the deeper vault wing."
          },
          "encounter": null,
          "bossEncounter": null,
          "runObjectiveComplete": false,
          "lastRunSummary": null,
          "sortieCompleteOverlayVisible": false,
          "myId": "86b0ca91-5487-4fbf-8ef6-47eb2cd5e97b",
          "selectedDeck": [
            "bd70a313-7324-4fb0-a960-23298c15294d",
            "18ed8989-0987-433d-9618-f931f1715b68",
            "3eea57a1-8de2-49f3-a026-4691f15947f5",
            "86daaefe-7198-42c8-9797-f7654ea840e3",
            "93c4709a-4cfb-4ac7-9d2f-12f51d10bde2",
            "e7e96079-3c39-4163-9024-7b5c9bc3b5b1",
            "3435d551-cf34-45b9-a5a7-8a73919dbfd8",
            "bd47d31e-2cc1-436b-829f-91624cdf4578",
            "42a6663a-037f-4d9e-a297-65f9cb4ce5e8",
            "c71a58ff-902e-4063-b207-3e0944174c3d",
            "14a74793-b4b4-4a70-8045-d2499416b6d2",
            "8a7e58f9-057b-42c7-8969-0cd018b64bfd"
          ],
          "phase": "playing",
          "runStatus": "playing",
          "suspendedRunSummary": null,
          "extracted": false,
          "telepipe": null,
          "layout": {
            "profile": "crowded",
            "seed": 352369970,
            "roomCount": 10,
            "startRoom": {
              "x": -9,
              "z": 27,
              "role": "start"
            }
          },
          "connectionState": "connected",
          "sceneInitialized": true,
          "hasCanvas": true,
          "lobbyVisible": false,
          "lobbyMenuDismissed": true,
          "characterBoothOpen": false,
          "deckEditorVisible": false,
          "runId": "4226434d-d209-42e5-9685-444e2cf3759c",
          "resumeBtnUsable": false,
          "abandonRunBtnUsable": false,
          "cardHandVisible": true,
          "status": "Latency: 0ms",
          "hpText": "80/100",
          "msText": "49/99",
          "currencyText": "Money 0",
          "currency": 0,
          "player": {
            "hp": 80,
            "magicStones": 49.595000000000304,
            "currency": 0,
            "debugGodmode": false,
            "dead": false,
            "x": -7.65,
            "y": 0.5,
            "z": 19,
            "equippedKeyItemId": "dodge_roll",
            "keyItemCooldownRemaining": 338,
            "cardUseState": null,
            "cardWindupUntil": 0,
            "cardWindupCardId": null,
            "slowedUntil": 0,
            "burningUntil": 0,
            "slowActive": false,
            "burnActive": false
          },
          "windupFlashing": false,
          "keyItemIndicatorOnCooldown": true,
          "keyItemIndicatorText": "0.3",
          "players": 2,
          "squadmates": [
            {
              "id": "4135f484-e5bc-4d5b-9bae-1c5cad55c51b",
              "x": -6,
              "z": 27
            }
          ],
          "enemies": 2,
          "enemyHp": [
            {
              "id": "1520bfe5-0799-414e-9008-448a6d76556a",
              "hp": 100,
              "maxHp": 100,
              "type": "grunt",
              "spawnedBy": null,
              "x": -9,
              "z": 27,
              "slowedUntil": 0,
              "burningUntil": 0,
              "frozenUntil": 0,
              "slowActive": false,
              "burnActive": false
            },
            {
              "id": "56c721dd-3a79-49ff-9041-bf5e04b3622b",
              "hp": 100,
              "maxHp": 100,
              "type": "grunt",
              "spawnedBy": null,
              "x": -8.866656090365723,
              "z": 28.069192429538816,
              "slowedUntil": 0,
              "burningUntil": 0,
              "frozenUntil": 0,
              "slowActive": false,
              "burnActive": false
            }
          ],
          "minions": [],
          "hand": [
            {
              "id": "iron_sword",
              "name": "Rust-Forged Saber",
              "type": "weapon",
              "remainingCharges": 5,
              "charges": 5,
              "activeMinionId": null,
              "burnMaxTtl": null,
              "burnLabel": "5/5",
              "creatureBurning": false,
              "isEvolved": false
            },
            {
              "id": "flame_blade",
              "name": "Solar Edge",
              "type": "weapon",
              "remainingCharges": 2,
              "charges": 2,
              "activeMinionId": null,
              "burnMaxTtl": null,
              "burnLabel": "2/2",
              "creatureBurning": false,
              "isEvolved": false
            },
            {
              "id": "battle_familiar",
              "name": "Signal Familiar",
              "type": "spell",
              "remainingCharges": 1,
              "charges": 1,
              "activeMinionId": null,
              "burnMaxTtl": null,
              "burnLabel": "1/1",
              "creatureBurning": false,
              "isEvolved": false
            },
            {
              "id": "iron_sword",
              "name": "Rust-Forged Saber",
              "type": "weapon",
              "remainingCharges": 5,
              "charges": 5,
              "activeMinionId": null,
              "burnMaxTtl": null,
              "burnLabel": "5/5",
              "creatureBurning": false,
              "isEvolved": false
            },
            {
              "id": "battle_familiar",
              "name": "Signal Familiar",
              "type": "spell",
              "remainingCharges": 1,
              "charges": 1,
              "activeMinionId": null,
              "burnMaxTtl": null,
              "burnLabel": "1/1",
              "creatureBurning": false,
              "isEvolved": false
            },
            null
          ],
          "inventory": [
            {
              "instanceId": "bd70a313-7324-4fb0-a960-23298c15294d",
              "cardId": "iron_sword",
              "grind": 0
            },
            {
              "instanceId": "18ed8989-0987-433d-9618-f931f1715b68",
              "cardId": "flame_blade",
              "grind": 0
            },
            {
              "instanceId": "3eea57a1-8de2-49f3-a026-4691f15947f5",
              "cardId": "battle_familiar",
              "grind": 0
            },
            {
              "instanceId": "86daaefe-7198-42c8-9797-f7654ea840e3",
              "cardId": "dungeon_drake",
              "grind": 0
            },
            {
              "instanceId": "93c4709a-4cfb-4ac7-9d2f-12f51d10bde2",
              "cardId": "iron_sword",
              "grind": 0
            },
            {
              "instanceId": "e7e96079-3c39-4163-9024-7b5c9bc3b5b1",
              "cardId": "iron_sword",
              "grind": 0
            },
            {
              "instanceId": "3435d551-cf34-45b9-a5a7-8a73919dbfd8",
              "cardId": "iron_sword",
              "grind": 0
            },
            {
              "instanceId": "bd47d31e-2cc1-436b-829f-91624cdf4578",
              "cardId": "battle_familiar",
              "grind": 0
            },
            {
              "instanceId": "42a6663a-037f-4d9e-a297-65f9cb4ce5e8",
              "cardId": "battle_familiar",
              "grind": 0
            },
            {
              "instanceId": "c71a58ff-902e-4063-b207-3e0944174c3d",
              "cardId": "flame_blade",
              "grind": 0
            },
            {
              "instanceId": "14a74793-b4b4-4a70-8045-d2499416b6d2",
              "cardId": "flame_blade",
              "grind": 0
            },
            {
              "instanceId": "8a7e58f9-057b-42c7-8969-0cd018b64bfd",
              "cardId": "dungeon_drake",
              "grind": 0
            }
          ],
          "lastEvolutionResult": null
        },
        "keyItemIndicatorOnCooldown": true,
        "keyItemIndicatorText": "\n        \n        Dodge Roll\n        E\n        0.3\n      ",
        "keyItemCooldownRemaining": 338,
        "status": "Latency: 0ms",
        "hasCanvas": true,
        "canvasCount": 2,
        "lobbyVisible": false,
        "cardHandVisible": true,
        "title": "Void Grimoire",
        "bodyText": "👤\nLv\n🔊\n⚙\n86\nLV\n1\nHP\n80/100\nMS\n49/99\nDeck: 7/12\n⟡ 4\n✦ 1\n🐉 2\n✨ 0\nMoney 0\nLatency: 0ms\nDodge Roll\nE\n0.3\nInitiate Vault\nPurged 0 / 6 hostiles\n01\nRewa: Rewa on channel. Move with WASD, close on the opening grunts, and strike with your melee weapon to start the sweep.\nClick to attack · press 1–6 to cast cards\n1\n⚔\nRust-Forged Saber\n5/5\n2\n⚔\nSolar Edge\n650ms wind-up\n2/2\n3\n✦\nSignal Familiar\n50 MS\n1/1\n4\n⚔\nRust-Forged Saber\n5/5\n5\n✦\nSignal Familiar\n50 MS\n1/1"
      }
    },
    {
      "player": "A",
      "description": "Final capture probe.",
      "data": {
        "harnessState": {
          "debugScenario": null,
          "debugScenarioAllowed": true,
          "debugScenarioResult": null,
          "debugGodmodeResult": null,
          "debugTimeScale": 1,
          "debugTimeScaleResult": null,
          "debugTimeScaleAllowed": false,
          "objective": {
            "type": "defeat_enemies",
            "totalEnemies": 6,
            "activeEnemyCount": 2,
            "defeatedEnemies": 0,
            "label": "Initiate Vault: Sweep annex holding pens in scripted waves and breach the deeper vault wing."
          },
          "encounter": null,
          "bossEncounter": null,
          "runObjectiveComplete": false,
          "lastRunSummary": null,
          "sortieCompleteOverlayVisible": false,
          "myId": "86b0ca91-5487-4fbf-8ef6-47eb2cd5e97b",
          "selectedDeck": [
            "bd70a313-7324-4fb0-a960-23298c15294d",
            "18ed8989-0987-433d-9618-f931f1715b68",
            "3eea57a1-8de2-49f3-a026-4691f15947f5",
            "86daaefe-7198-42c8-9797-f7654ea840e3",
            "93c4709a-4cfb-4ac7-9d2f-12f51d10bde2",
            "e7e96079-3c39-4163-9024-7b5c9bc3b5b1",
            "3435d551-cf34-45b9-a5a7-8a73919dbfd8",
            "bd47d31e-2cc1-436b-829f-91624cdf4578",
            "42a6663a-037f-4d9e-a297-65f9cb4ce5e8",
            "c71a58ff-902e-4063-b207-3e0944174c3d",
            "14a74793-b4b4-4a70-8045-d2499416b6d2",
            "8a7e58f9-057b-42c7-8969-0cd018b64bfd"
          ],
          "phase": "playing",
          "runStatus": "playing",
          "suspendedRunSummary": null,
          "extracted": false,
          "telepipe": null,
          "layout": {
            "profile": "crowded",
            "seed": 352369970,
            "roomCount": 10,
            "startRoom": {
              "x": -9,
              "z": 27,
              "role": "start"
            }
          },
          "connectionState": "connected",
          "sceneInitialized": true,
          "hasCanvas": true,
          "lobbyVisible": false,
          "lobbyMenuDismissed": true,
          "characterBoothOpen": false,
          "deckEditorVisible": false,
          "runId": "4226434d-d209-42e5-9685-444e2cf3759c",
          "resumeBtnUsable": false,
          "abandonRunBtnUsable": false,
          "cardHandVisible": true,
          "status": "Latency: 0ms",
          "hpText": "80/100",
          "msText": "49/99",
          "currencyText": "Money 0",
          "currency": 0,
          "player": {
            "hp": 80,
            "magicStones": 49.635000000000325,
            "currency": 0,
            "debugGodmode": false,
            "dead": false,
            "x": -7.65,
            "y": 0.5,
            "z": 19,
            "equippedKeyItemId": "dodge_roll",
            "keyItemCooldownRemaining": 0,
            "cardUseState": null,
            "cardWindupUntil": 0,
            "cardWindupCardId": null,
            "slowedUntil": 0,
            "burningUntil": 0,
            "slowActive": false,
            "burnActive": false
          },
          "windupFlashing": false,
          "keyItemIndicatorOnCooldown": false,
          "keyItemIndicatorText": "",
          "players": 2,
          "squadmates": [
            {
              "id": "4135f484-e5bc-4d5b-9bae-1c5cad55c51b",
              "x": -6,
              "z": 27
            }
          ],
          "enemies": 2,
          "enemyHp": [
            {
              "id": "1520bfe5-0799-414e-9008-448a6d76556a",
              "hp": 100,
              "maxHp": 100,
              "type": "grunt",
              "spawnedBy": null,
              "x": -9,
              "z": 27,
              "slowedUntil": 0,
              "burningUntil": 0,
              "frozenUntil": 0,
              "slowActive": false,
              "burnActive": false
            },
            {
              "id": "56c721dd-3a79-49ff-9041-bf5e04b3622b",
              "hp": 100,
              "maxHp": 100,
              "type": "grunt",
              "spawnedBy": null,
              "x": -8.866656090365723,
              "z": 28.069192429538816,
              "slowedUntil": 0,
              "burningUntil": 0,
              "frozenUntil": 0,
              "slowActive": false,
              "burnActive": false
            }
          ],
          "minions": [],
          "hand": [
            {
              "id": "iron_sword",
              "name": "Rust-Forged Saber",
              "type": "weapon",
              "remainingCharges": 5,
              "charges": 5,
              "activeMinionId": null,
              "burnMaxTtl": null,
              "burnLabel": "5/5",
              "creatureBurning": false,
              "isEvolved": false
            },
            {
              "id": "flame_blade",
              "name": "Solar Edge",
              "type": "weapon",
              "remainingCharges": 2,
              "charges": 2,
              "activeMinionId": null,
              "burnMaxTtl": null,
              "burnLabel": "2/2",
              "creatureBurning": false,
              "isEvolved": false
            },
            {
              "id": "battle_familiar",
              "name": "Signal Familiar",
              "type": "spell",
              "remainingCharges": 1,
              "charges": 1,
              "activeMinionId": null,
              "burnMaxTtl": null,
              "burnLabel": "1/1",
              "creatureBurning": false,
              "isEvolved": false
            },
            {
              "id": "iron_sword",
              "name": "Rust-Forged Saber",
              "type": "weapon",
              "remainingCharges": 5,
              "charges": 5,
              "activeMinionId": null,
              "burnMaxTtl": null,
              "burnLabel": "5/5",
              "creatureBurning": false,
              "isEvolved": false
            },
            {
              "id": "battle_familiar",
              "name": "Signal Familiar",
              "type": "spell",
              "remainingCharges": 1,
              "charges": 1,
              "activeMinionId": null,
              "burnMaxTtl": null,
              "burnLabel": "1/1",
              "creatureBurning": false,
              "isEvolved": false
            },
            null
          ],
          "inventory": [
            {
              "instanceId": "bd70a313-7324-4fb0-a960-23298c15294d",
              "cardId": "iron_sword",
              "grind": 0
            },
            {
              "instanceId": "18ed8989-0987-433d-9618-f931f1715b68",
              "cardId": "flame_blade",
              "grind": 0
            },
            {
              "instanceId": "3eea57a1-8de2-49f3-a026-4691f15947f5",
              "cardId": "battle_familiar",
              "grind": 0
            },
            {
              "instanceId": "86daaefe-7198-42c8-9797-f7654ea840e3",
              "cardId": "dungeon_drake",
              "grind": 0
            },
            {
              "instanceId": "93c4709a-4cfb-4ac7-9d2f-12f51d10bde2",
              "cardId": "iron_sword",
              "grind": 0
            },
            {
              "instanceId": "e7e96079-3c39-4163-9024-7b5c9bc3b5b1",
              "cardId": "iron_sword",
              "grind": 0
            },
            {
              "instanceId": "3435d551-cf34-45b9-a5a7-8a73919dbfd8",
              "cardId": "iron_sword",
              "grind": 0
            },
            {
              "instanceId": "bd47d31e-2cc1-436b-829f-91624cdf4578",
              "cardId": "battle_familiar",
              "grind": 0
            },
            {
              "instanceId": "42a6663a-037f-4d9e-a297-65f9cb4ce5e8",
              "cardId": "battle_familiar",
              "grind": 0
            },
            {
              "instanceId": "c71a58ff-902e-4063-b207-3e0944174c3d",
              "cardId": "flame_blade",
              "grind": 0
            },
            {
              "instanceId": "14a74793-b4b4-4a70-8045-d2499416b6d2",
              "cardId": "flame_blade",
              "grind": 0
            },
            {
              "instanceId": "8a7e58f9-057b-42c7-8969-0cd018b64bfd",
              "cardId": "dungeon_drake",
              "grind": 0
            }
          ],
          "lastEvolutionResult": null
        },
        "keyItemIndicatorOnCooldown": false,
        "keyItemIndicatorText": "\n        \n        Dodge Roll\n        E\n        \n      ",
        "keyItemCooldownRemaining": 0,
        "status": "Latency: 0ms",
        "hasCanvas": true,
        "canvasCount": 2,
        "lobbyVisible": false,
        "cardHandVisible": true,
        "title": "Void Grimoire",
        "bodyText": "👤\nLv\n🔊\n⚙\n86\nLV\n1\nHP\n80/100\nMS\n49/99\nDeck: 7/12\n⟡ 4\n✦ 1\n🐉 2\n✨ 0\nMoney 0\nLatency: 0ms\nDodge Roll\nE\nInitiate Vault\nPurged 0 / 6 hostiles\n01\nRewa: Rewa on channel. Move with WASD, close on the opening grunts, and strike with your melee weapon to start the sweep.\nClick to attack · press 1–6 to cast cards\n1\n⚔\nRust-Forged Saber\n5/5\n2\n⚔\nSolar Edge\n650ms wind-up\n2/2\n3\n✦\nSignal Familiar\n50 MS\n1/1\n4\n⚔\nRust-Forged Saber\n5/5\n5\n✦\nSignal Familiar\n50 MS\n1/1"
      }
    }
  ],
  "pageerrors": []
}
