[createLobby] timeout waiting for #lobby visibility: page.waitForFunction: Timeout 10000ms exceeded.
[joinLobby] timeout waiting for #lobby visibility: page.waitForFunction: Timeout 10000ms exceeded.
{
  "url": "http://localhost:5176/",
  "ok": true,
  "ticketFile": "/home/matt/workspace/.autogame-worktrees/hosting-serve-the-built-client-same-origin-from-the-node-ser-2arv/tickets/hosting-serve-the-built-client-same-origin-from-the-node-ser-2arv/ticket.md",
  "capturePlanSource": "fallback",
  "capturePlanValid": true,
  "capturePlanAttempts": [],
  "capturePlanSummary": "Deterministic full-flow smoke capture: auth, lobby create/join, ready transition, movement, dodge/key-item with post-dodge cooldown probe.",
  "scenarios": [],
  "screenshots": [
    {
      "file": "01-initial.png",
      "player": "A",
      "description": "Both players in squad lobby."
    },
    {
      "file": "02-after-w.png",
      "player": "A",
      "description": "Gameplay after holding W."
    },
    {
      "file": "03-after-d.png",
      "player": "A",
      "description": "Gameplay after holding D."
    },
    {
      "file": "04-after-dodge.png",
      "player": "A",
      "description": "Gameplay after dodge roll with cooldown HUD."
    }
  ],
  "probes": [
    {
      "player": "A",
      "description": "After readying all players and entering gameplay.",
      "data": {
        "harnessState": {
          "debugScenario": null,
          "debugScenarioAllowed": true,
          "debugScenarioResult": null,
          "debugGodmodeResult": null,
          "debugTimeScale": 1,
          "debugTimeScaleResult": null,
          "debugTimeScaleAllowed": false,
          "objective": {
            "type": "defeat_enemies",
            "totalEnemies": 6,
            "activeEnemyCount": 2,
            "defeatedEnemies": 0,
            "label": "Initiate Vault: Sweep annex holding pens in scripted waves and breach the deeper vault wing."
          },
          "encounter": null,
          "bossEncounter": null,
          "runObjectiveComplete": false,
          "lastRunSummary": null,
          "sortieCompleteOverlayVisible": false,
          "myId": "5a7929f9-d96b-4710-ac42-60090ad06748",
          "selectedDeck": [
            "f84240f2-f93f-4edf-9b33-a57f0d84b61b",
            "74f5a33a-86b3-44c4-88ac-b1397472d9ab",
            "35e66310-2334-440d-93db-49cb7e37e608",
            "fe747050-f6d7-4c12-9b44-6ee94e628cd0",
            "50f65b05-acfc-404d-b17c-850ec344b717",
            "710cf208-0f2e-4d39-8858-122cdf304937",
            "be1e91c9-cbdc-492b-936d-ddad38086f86",
            "67e807f6-2953-4c3d-80cb-5a9e7539605a",
            "696a6e69-2f57-41a4-936f-f899c074fbfa",
            "fa1e074a-8588-4982-819d-f734f48a78db",
            "20770f3e-75ff-49a6-aa19-13895cee8e40",
            "17e0e687-8a56-4b9f-8a93-89567a561b06"
          ],
          "phase": "playing",
          "runStatus": "playing",
          "suspendedRunSummary": null,
          "extracted": false,
          "telepipe": null,
          "layout": {
            "profile": "crowded",
            "seed": 352369970,
            "roomCount": 10,
            "startRoom": {
              "x": -9,
              "z": 27,
              "role": "start"
            }
          },
          "connectionState": "connected",
          "sceneInitialized": true,
          "hasCanvas": true,
          "lobbyVisible": false,
          "lobbyMenuDismissed": true,
          "characterBoothOpen": false,
          "deckEditorVisible": false,
          "runId": "5360946f-96fe-4e04-986a-0162724e30f3",
          "resumeBtnUsable": false,
          "abandonRunBtnUsable": false,
          "cardHandVisible": true,
          "status": "Latency: 1ms",
          "hpText": "40/100",
          "msText": "49/99",
          "currencyText": "Money 0",
          "currency": 0,
          "player": {
            "hp": 40,
            "magicStones": 49.91500000000047,
            "currency": 0,
            "debugGodmode": false,
            "dead": false,
            "x": -9,
            "y": 0.5,
            "z": 27,
            "equippedKeyItemId": "dodge_roll",
            "keyItemCooldownRemaining": 0,
            "cardUseState": null,
            "cardWindupUntil": 0,
            "cardWindupCardId": null,
            "slowedUntil": 0,
            "burningUntil": 0,
            "slowActive": false,
            "burnActive": false
          },
          "windupFlashing": false,
          "keyItemIndicatorOnCooldown": false,
          "keyItemIndicatorText": "",
          "players": 2,
          "squadmates": [
            {
              "id": "3fbd769e-bfc1-4b96-8a04-e8143c152125",
              "x": -6,
              "z": 27
            }
          ],
          "enemies": 2,
          "enemyHp": [
            {
              "id": "ec3c886d-39d7-4a99-8ad4-33043d28182c",
              "hp": 100,
              "maxHp": 100,
              "type": "grunt",
              "spawnedBy": null,
              "x": -8.368210247872153,
              "z": 21.85903064885578,
              "slowedUntil": 0,
              "burningUntil": 0,
              "frozenUntil": 0,
              "slowActive": false,
              "burnActive": false
            },
            {
              "id": "470e2a60-13f4-47aa-b53b-ce530fcca686",
              "hp": 100,
              "maxHp": 100,
              "type": "grunt",
              "spawnedBy": null,
              "x": -9.3019195811152,
              "z": 22.55874998906979,
              "slowedUntil": 0,
              "burningUntil": 0,
              "frozenUntil": 0,
              "slowActive": false,
              "burnActive": false
            }
          ],
          "minions": [],
          "hand": [
            {
              "id": "flame_blade",
              "name": "Solar Edge",
              "type": "weapon",
              "remainingCharges": 2,
              "charges": 2,
              "activeMinionId": null,
              "burnMaxTtl": null,
              "burnLabel": "2/2",
              "creatureBurning": false,
              "isEvolved": false
            },
            {
              "id": "flame_blade",
              "name": "Solar Edge",
              "type": "weapon",
              "remainingCharges": 2,
              "charges": 2,
              "activeMinionId": null,
              "burnMaxTtl": null,
              "burnLabel": "2/2",
              "creatureBurning": false,
              "isEvolved": false
            },
            null,
            {
              "id": "iron_sword",
              "name": "Rust-Forged Saber",
              "type": "weapon",
              "remainingCharges": 5,
              "charges": 5,
              "activeMinionId": null,
              "burnMaxTtl": null,
              "burnLabel": "5/5",
              "creatureBurning": false,
              "isEvolved": false
            },
            {
              "id": "dungeon_drake",
              "name": "Vault Wyrm",
              "type": "creature",
              "remainingCharges": 1,
              "charges": 1,
              "activeMinionId": null,
              "burnMaxTtl": null,
              "burnLabel": "1/1",
              "creatureBurning": false,
              "isEvolved": false,
              "specialEffect": "burning_breath"
            },
            null
          ],
          "inventory": [
            {
              "instanceId": "f84240f2-f93f-4edf-9b33-a57f0d84b61b",
              "cardId": "iron_sword",
              "grind": 0
            },
            {
              "instanceId": "74f5a33a-86b3-44c4-88ac-b1397472d9ab",
              "cardId": "flame_blade",
              "grind": 0
            },
            {
              "instanceId": "35e66310-2334-440d-93db-49cb7e37e608",
              "cardId": "battle_familiar",
              "grind": 0
            },
            {
              "instanceId": "fe747050-f6d7-4c12-9b44-6ee94e628cd0",
              "cardId": "dungeon_drake",
              "grind": 0
            },
            {
              "instanceId": "50f65b05-acfc-404d-b17c-850ec344b717",
              "cardId": "iron_sword",
              "grind": 0
            },
            {
              "instanceId": "710cf208-0f2e-4d39-8858-122cdf304937",
              "cardId": "iron_sword",
              "grind": 0
            },
            {
              "instanceId": "be1e91c9-cbdc-492b-936d-ddad38086f86",
              "cardId": "iron_sword",
              "grind": 0
            },
            {
              "instanceId": "67e807f6-2953-4c3d-80cb-5a9e7539605a",
              "cardId": "battle_familiar",
              "grind": 0
            },
            {
              "instanceId": "696a6e69-2f57-41a4-936f-f899c074fbfa",
              "cardId": "battle_familiar",
              "grind": 0
            },
            {
              "instanceId": "fa1e074a-8588-4982-819d-f734f48a78db",
              "cardId": "flame_blade",
              "grind": 0
            },
            {
              "instanceId": "20770f3e-75ff-49a6-aa19-13895cee8e40",
              "cardId": "flame_blade",
              "grind": 0
            },
            {
              "instanceId": "17e0e687-8a56-4b9f-8a93-89567a561b06",
              "cardId": "dungeon_drake",
              "grind": 0
            }
          ],
          "lastEvolutionResult": null
        },
        "keyItemIndicatorOnCooldown": false,
        "keyItemIndicatorText": "\n          \n          Dodge Roll\n          E\n          \n        ",
        "keyItemCooldownRemaining": 0,
        "status": "Latency: 1ms",
        "hasCanvas": true,
        "canvasCount": 2,
        "lobbyVisible": false,
        "cardHandVisible": true,
        "title": "Void Grimoire",
        "bodyText": "👤\nLv\n🔊\n⚙\nPL\nLV\n1\nHP\n40/100\nMS\n49/99\nDeck: 8/12\n⟡ 4\n✦ 3\n🐉 1\n✨ 0\nMoney 0\nLatency: 1ms\nDodge Roll\nE\nRewa: Rewa on channel. Move with WASD, close on the opening grunts, and strike with your melee weapon to start the sweep.\n01\nRewa: Rewa on channel. Move with WASD, close on the opening grunts, and strike with your melee weapon to start the sweep.\nInitiate Vault\nPurged 0 / 6 hostiles\nClick to attack · press 1–6 to cast cards · E for key item\n1\n⚔\nSolar Edge\n650ms wind-up\n2/2\n2\n⚔\nSolar Edge\n650ms wind-up\n2/2\n4\n⚔\nRust-Forged Saber\n5/5\n5\n🔥\nVault Wyrm\nBURNING BREATH\n600ms wind-up\n1/1\nANNEX LIAISON KADE\nEntry annex is live. Close with WASD and strike with your melee weapon — two grunts block the bulkhead."
      }
    },
    {
      "player": "A",
      "description": "After dodge roll — cooldown HUD should be active.",
      "data": {
        "harnessState": {
          "debugScenario": null,
          "debugScenarioAllowed": true,
          "debugScenarioResult": null,
          "debugGodmodeResult": null,
          "debugTimeScale": 1,
          "debugTimeScaleResult": null,
          "debugTimeScaleAllowed": false,
          "objective": {
            "type": "defeat_enemies",
            "totalEnemies": 6,
            "activeEnemyCount": 2,
            "defeatedEnemies": 0,
            "label": "Initiate Vault: Sweep annex holding pens in scripted waves and breach the deeper vault wing."
          },
          "encounter": null,
          "bossEncounter": null,
          "runObjectiveComplete": false,
          "lastRunSummary": null,
          "sortieCompleteOverlayVisible": false,
          "myId": "5a7929f9-d96b-4710-ac42-60090ad06748",
          "selectedDeck": [
            "f84240f2-f93f-4edf-9b33-a57f0d84b61b",
            "74f5a33a-86b3-44c4-88ac-b1397472d9ab",
            "35e66310-2334-440d-93db-49cb7e37e608",
            "fe747050-f6d7-4c12-9b44-6ee94e628cd0",
            "50f65b05-acfc-404d-b17c-850ec344b717",
            "710cf208-0f2e-4d39-8858-122cdf304937",
            "be1e91c9-cbdc-492b-936d-ddad38086f86",
            "67e807f6-2953-4c3d-80cb-5a9e7539605a",
            "696a6e69-2f57-41a4-936f-f899c074fbfa",
            "fa1e074a-8588-4982-819d-f734f48a78db",
            "20770f3e-75ff-49a6-aa19-13895cee8e40",
            "17e0e687-8a56-4b9f-8a93-89567a561b06"
          ],
          "phase": "playing",
          "runStatus": "playing",
          "suspendedRunSummary": null,
          "extracted": false,
          "telepipe": null,
          "layout": {
            "profile": "crowded",
            "seed": 352369970,
            "roomCount": 10,
            "startRoom": {
              "x": -9,
              "z": 27,
              "role": "start"
            }
          },
          "connectionState": "connected",
          "sceneInitialized": true,
          "hasCanvas": true,
          "lobbyVisible": false,
          "lobbyMenuDismissed": true,
          "characterBoothOpen": false,
          "deckEditorVisible": false,
          "runId": "5360946f-96fe-4e04-986a-0162724e30f3",
          "resumeBtnUsable": false,
          "abandonRunBtnUsable": false,
          "cardHandVisible": true,
          "status": "Latency: 1ms",
          "hpText": "20/100",
          "msText": "50/99",
          "currencyText": "Money 0",
          "currency": 0,
          "player": {
            "hp": 20,
            "magicStones": 50.40500000000072,
            "currency": 0,
            "debugGodmode": false,
            "dead": false,
            "x": -7.65,
            "y": 0.5,
            "z": 19,
            "equippedKeyItemId": "dodge_roll",
            "keyItemCooldownRemaining": 421,
            "cardUseState": null,
            "cardWindupUntil": 0,
            "cardWindupCardId": null,
            "slowedUntil": 0,
            "burningUntil": 0,
            "slowActive": false,
            "burnActive": false
          },
          "windupFlashing": false,
          "keyItemIndicatorOnCooldown": true,
          "keyItemIndicatorText": "0.4",
          "players": 2,
          "squadmates": [
            {
              "id": "3fbd769e-bfc1-4b96-8a04-e8143c152125",
              "x": -6,
              "z": 27
            }
          ],
          "enemies": 2,
          "enemyHp": [
            {
              "id": "ec3c886d-39d7-4a99-8ad4-33043d28182c",
              "hp": 100,
              "maxHp": 100,
              "type": "grunt",
              "spawnedBy": null,
              "x": -7.666221634396766,
              "z": 20.36255476809098,
              "slowedUntil": 0,
              "burningUntil": 0,
              "frozenUntil": 0,
              "slowActive": false,
              "burnActive": false
            },
            {
              "id": "470e2a60-13f4-47aa-b53b-ce530fcca686",
              "hp": 100,
              "maxHp": 100,
              "type": "grunt",
              "spawnedBy": null,
              "x": -7.260974232335932,
              "z": 22.58337663519851,
              "slowedUntil": 0,
              "burningUntil": 0,
              "frozenUntil": 0,
              "slowActive": false,
              "burnActive": false
            }
          ],
          "minions": [],
          "hand": [
            {
              "id": "flame_blade",
              "name": "Solar Edge",
              "type": "weapon",
              "remainingCharges": 2,
              "charges": 2,
              "activeMinionId": null,
              "burnMaxTtl": null,
              "burnLabel": "2/2",
              "creatureBurning": false,
              "isEvolved": false
            },
            {
              "id": "flame_blade",
              "name": "Solar Edge",
              "type": "weapon",
              "remainingCharges": 2,
              "charges": 2,
              "activeMinionId": null,
              "burnMaxTtl": null,
              "burnLabel": "2/2",
              "creatureBurning": false,
              "isEvolved": false
            },
            {
              "id": "dungeon_drake",
              "name": "Vault Wyrm",
              "type": "creature",
              "remainingCharges": 1,
              "charges": 1,
              "activeMinionId": null,
              "burnMaxTtl": null,
              "burnLabel": "1/1",
              "creatureBurning": false,
              "isEvolved": false,
              "specialEffect": "burning_breath"
            },
            {
              "id": "iron_sword",
              "name": "Rust-Forged Saber",
              "type": "weapon",
              "remainingCharges": 5,
              "charges": 5,
              "activeMinionId": null,
              "burnMaxTtl": null,
              "burnLabel": "5/5",
              "creatureBurning": false,
              "isEvolved": false
            },
            {
              "id": "dungeon_drake",
              "name": "Vault Wyrm",
              "type": "creature",
              "remainingCharges": 1,
              "charges": 1,
              "activeMinionId": null,
              "burnMaxTtl": null,
              "burnLabel": "1/1",
              "creatureBurning": false,
              "isEvolved": false,
              "specialEffect": "burning_breath"
            },
            null
          ],
          "inventory": [
            {
              "instanceId": "f84240f2-f93f-4edf-9b33-a57f0d84b61b",
              "cardId": "iron_sword",
              "grind": 0
            },
            {
              "instanceId": "74f5a33a-86b3-44c4-88ac-b1397472d9ab",
              "cardId": "flame_blade",
              "grind": 0
            },
            {
              "instanceId": "35e66310-2334-440d-93db-49cb7e37e608",
              "cardId": "battle_familiar",
              "grind": 0
            },
            {
              "instanceId": "fe747050-f6d7-4c12-9b44-6ee94e628cd0",
              "cardId": "dungeon_drake",
              "grind": 0
            },
            {
              "instanceId": "50f65b05-acfc-404d-b17c-850ec344b717",
              "cardId": "iron_sword",
              "grind": 0
            },
            {
              "instanceId": "710cf208-0f2e-4d39-8858-122cdf304937",
              "cardId": "iron_sword",
              "grind": 0
            },
            {
              "instanceId": "be1e91c9-cbdc-492b-936d-ddad38086f86",
              "cardId": "iron_sword",
              "grind": 0
            },
            {
              "instanceId": "67e807f6-2953-4c3d-80cb-5a9e7539605a",
              "cardId": "battle_familiar",
              "grind": 0
            },
            {
              "instanceId": "696a6e69-2f57-41a4-936f-f899c074fbfa",
              "cardId": "battle_familiar",
              "grind": 0
            },
            {
              "instanceId": "fa1e074a-8588-4982-819d-f734f48a78db",
              "cardId": "flame_blade",
              "grind": 0
            },
            {
              "instanceId": "20770f3e-75ff-49a6-aa19-13895cee8e40",
              "cardId": "flame_blade",
              "grind": 0
            },
            {
              "instanceId": "17e0e687-8a56-4b9f-8a93-89567a561b06",
              "cardId": "dungeon_drake",
              "grind": 0
            }
          ],
          "lastEvolutionResult": null
        },
        "keyItemIndicatorOnCooldown": true,
        "keyItemIndicatorText": "\n          \n          Dodge Roll\n          E\n          0.4\n        ",
        "keyItemCooldownRemaining": 421,
        "status": "Latency: 1ms",
        "hasCanvas": true,
        "canvasCount": 2,
        "lobbyVisible": false,
        "cardHandVisible": true,
        "title": "Void Grimoire",
        "bodyText": "👤\nLv\n🔊\n⚙\nPL\nLV\n1\nHP\n20/100\nMS\n50/99\nDeck: 7/12\n⟡ 4\n✦ 3\n🐉 0\n✨ 0\nMoney 0\nLatency: 1ms\nDodge Roll\nE\n0.4\n01\nRewa: Rewa on channel. Move with WASD, close on the opening grunts, and strike with your melee weapon to start the sweep.\nInitiate Vault\nPurged 0 / 6 hostiles\nClick to attack · press 1–6 to cast cards · E for key item\n1\n⚔\nSolar Edge\n650ms wind-up\n2/2\n2\n⚔\nSolar Edge\n650ms wind-up\n2/2\n3\n🔥\nVault Wyrm\nBURNING BREATH\n600ms wind-up\n1/1\n4\n⚔\nRust-Forged Saber\n5/5\n5\n🔥\nVault Wyrm\nBURNING BREATH\n600ms wind-up\n1/1"
      }
    },
    {
      "player": "A",
      "description": "Final capture probe.",
      "data": {
        "harnessState": {
          "debugScenario": null,
          "debugScenarioAllowed": true,
          "debugScenarioResult": null,
          "debugGodmodeResult": null,
          "debugTimeScale": 1,
          "debugTimeScaleResult": null,
          "debugTimeScaleAllowed": false,
          "objective": {
            "type": "defeat_enemies",
            "totalEnemies": 6,
            "activeEnemyCount": 2,
            "defeatedEnemies": 0,
            "label": "Initiate Vault: Sweep annex holding pens in scripted waves and breach the deeper vault wing."
          },
          "encounter": null,
          "bossEncounter": null,
          "runObjectiveComplete": false,
          "lastRunSummary": null,
          "sortieCompleteOverlayVisible": false,
          "myId": "5a7929f9-d96b-4710-ac42-60090ad06748",
          "selectedDeck": [
            "f84240f2-f93f-4edf-9b33-a57f0d84b61b",
            "74f5a33a-86b3-44c4-88ac-b1397472d9ab",
            "35e66310-2334-440d-93db-49cb7e37e608",
            "fe747050-f6d7-4c12-9b44-6ee94e628cd0",
            "50f65b05-acfc-404d-b17c-850ec344b717",
            "710cf208-0f2e-4d39-8858-122cdf304937",
            "be1e91c9-cbdc-492b-936d-ddad38086f86",
            "67e807f6-2953-4c3d-80cb-5a9e7539605a",
            "696a6e69-2f57-41a4-936f-f899c074fbfa",
            "fa1e074a-8588-4982-819d-f734f48a78db",
            "20770f3e-75ff-49a6-aa19-13895cee8e40",
            "17e0e687-8a56-4b9f-8a93-89567a561b06"
          ],
          "phase": "playing",
          "runStatus": "playing",
          "suspendedRunSummary": null,
          "extracted": false,
          "telepipe": null,
          "layout": {
            "profile": "crowded",
            "seed": 352369970,
            "roomCount": 10,
            "startRoom": {
              "x": -9,
              "z": 27,
              "role": "start"
            }
          },
          "connectionState": "connected",
          "sceneInitialized": true,
          "hasCanvas": true,
          "lobbyVisible": false,
          "lobbyMenuDismissed": true,
          "characterBoothOpen": false,
          "deckEditorVisible": false,
          "runId": "5360946f-96fe-4e04-986a-0162724e30f3",
          "resumeBtnUsable": false,
          "abandonRunBtnUsable": false,
          "cardHandVisible": true,
          "status": "Latency: 1ms",
          "hpText": "0/100",
          "msText": "50/99",
          "currencyText": "Money 0",
          "currency": 0,
          "player": {
            "hp": 0,
            "magicStones": 50.455000000000744,
            "currency": 0,
            "debugGodmode": false,
            "dead": true,
            "x": -7.65,
            "y": 0.5,
            "z": 19,
            "equippedKeyItemId": "dodge_roll",
            "keyItemCooldownRemaining": 0,
            "cardUseState": null,
            "cardWindupUntil": 0,
            "cardWindupCardId": null,
            "slowedUntil": 0,
            "burningUntil": 0,
            "slowActive": false,
            "burnActive": false
          },
          "windupFlashing": false,
          "keyItemIndicatorOnCooldown": false,
          "keyItemIndicatorText": "",
          "players": 2,
          "squadmates": [
            {
              "id": "3fbd769e-bfc1-4b96-8a04-e8143c152125",
              "x": -6,
              "z": 27
            }
          ],
          "enemies": 2,
          "enemyHp": [
            {
              "id": "ec3c886d-39d7-4a99-8ad4-33043d28182c",
              "hp": 100,
              "maxHp": 100,
              "type": "grunt",
              "spawnedBy": null,
              "x": -7.666221634396766,
              "z": 20.36255476809098,
              "slowedUntil": 0,
              "burningUntil": 0,
              "frozenUntil": 0,
              "slowActive": false,
              "burnActive": false
            },
            {
              "id": "470e2a60-13f4-47aa-b53b-ce530fcca686",
              "hp": 100,
              "maxHp": 100,
              "type": "grunt",
              "spawnedBy": null,
              "x": -7.260974232335932,
              "z": 22.58337663519851,
              "slowedUntil": 0,
              "burningUntil": 0,
              "frozenUntil": 0,
              "slowActive": false,
              "burnActive": false
            }
          ],
          "minions": [],
          "hand": [
            {
              "id": "flame_blade",
              "name": "Solar Edge",
              "type": "weapon",
              "remainingCharges": 2,
              "charges": 2,
              "activeMinionId": null,
              "burnMaxTtl": null,
              "burnLabel": "2/2",
              "creatureBurning": false,
              "isEvolved": false
            },
            {
              "id": "flame_blade",
              "name": "Solar Edge",
              "type": "weapon",
              "remainingCharges": 2,
              "charges": 2,
              "activeMinionId": null,
              "burnMaxTtl": null,
              "burnLabel": "2/2",
              "creatureBurning": false,
              "isEvolved": false
            },
            {
              "id": "dungeon_drake",
              "name": "Vault Wyrm",
              "type": "creature",
              "remainingCharges": 1,
              "charges": 1,
              "activeMinionId": null,
              "burnMaxTtl": null,
              "burnLabel": "1/1",
              "creatureBurning": false,
              "isEvolved": false,
              "specialEffect": "burning_breath"
            },
            {
              "id": "iron_sword",
              "name": "Rust-Forged Saber",
              "type": "weapon",
              "remainingCharges": 5,
              "charges": 5,
              "activeMinionId": null,
              "burnMaxTtl": null,
              "burnLabel": "5/5",
              "creatureBurning": false,
              "isEvolved": false
            },
            {
              "id": "dungeon_drake",
              "name": "Vault Wyrm",
              "type": "creature",
              "remainingCharges": 1,
              "charges": 1,
              "activeMinionId": null,
              "burnMaxTtl": null,
              "burnLabel": "1/1",
              "creatureBurning": false,
              "isEvolved": false,
              "specialEffect": "burning_breath"
            },
            null
          ],
          "inventory": [
            {
              "instanceId": "f84240f2-f93f-4edf-9b33-a57f0d84b61b",
              "cardId": "iron_sword",
              "grind": 0
            },
            {
              "instanceId": "74f5a33a-86b3-44c4-88ac-b1397472d9ab",
              "cardId": "flame_blade",
              "grind": 0
            },
            {
              "instanceId": "35e66310-2334-440d-93db-49cb7e37e608",
              "cardId": "battle_familiar",
              "grind": 0
            },
            {
              "instanceId": "fe747050-f6d7-4c12-9b44-6ee94e628cd0",
              "cardId": "dungeon_drake",
              "grind": 0
            },
            {
              "instanceId": "50f65b05-acfc-404d-b17c-850ec344b717",
              "cardId": "iron_sword",
              "grind": 0
            },
            {
              "instanceId": "710cf208-0f2e-4d39-8858-122cdf304937",
              "cardId": "iron_sword",
              "grind": 0
            },
            {
              "instanceId": "be1e91c9-cbdc-492b-936d-ddad38086f86",
              "cardId": "iron_sword",
              "grind": 0
            },
            {
              "instanceId": "67e807f6-2953-4c3d-80cb-5a9e7539605a",
              "cardId": "battle_familiar",
              "grind": 0
            },
            {
              "instanceId": "696a6e69-2f57-41a4-936f-f899c074fbfa",
              "cardId": "battle_familiar",
              "grind": 0
            },
            {
              "instanceId": "fa1e074a-8588-4982-819d-f734f48a78db",
              "cardId": "flame_blade",
              "grind": 0
            },
            {
              "instanceId": "20770f3e-75ff-49a6-aa19-13895cee8e40",
              "cardId": "flame_blade",
              "grind": 0
            },
            {
              "instanceId": "17e0e687-8a56-4b9f-8a93-89567a561b06",
              "cardId": "dungeon_drake",
              "grind": 0
            }
          ],
          "lastEvolutionResult": null
        },
        "keyItemIndicatorOnCooldown": false,
        "keyItemIndicatorText": "\n          \n          Dodge Roll\n          E\n          \n        ",
        "keyItemCooldownRemaining": 0,
        "status": "Latency: 1ms",
        "hasCanvas": true,
        "canvasCount": 2,
        "lobbyVisible": false,
        "cardHandVisible": true,
        "title": "Void Grimoire",
        "bodyText": "👤\nLv\n🔊\n⚙\nPL\nLV\n1\nHP\n0/100\nMS\n50/99\nDeck: 7/12\n⟡ 4\n✦ 3\n🐉 0\n✨ 0\nMoney 0\nLatency: 1ms\nDodge Roll\nE\n01\nRewa: Rewa on channel. Move with WASD, close on the opening grunts, and strike with your melee weapon to start the sweep.\nInitiate Vault\nPurged 0 / 6 hostiles\nClick to attack · press 1–6 to cast cards · E for key item\n1\n⚔\nSolar Edge\n650ms wind-up\n2/2\n2\n⚔\nSolar Edge\n650ms wind-up\n2/2\n3\n🔥\nVault Wyrm\nBURNING BREATH\n600ms wind-up\n1/1\n4\n⚔\nRust-Forged Saber\n5/5\n5\n🔥\nVault Wyrm\nBURNING BREATH\n600ms wind-up\n1/1\n-10\n-10"
      }
    }
  ],
  "pageerrors": []
}
