{
  "url": "http://localhost:5174/",
  "ok": true,
  "ticketFile": "/home/matt/workspace/.autogame-worktrees/151-cleanup-key-item-field-medic-kit/tickets/151-cleanup-key-item-field-medic-kit/ticket.md",
  "capturePlanSource": "fallback",
  "capturePlanValid": true,
  "capturePlanAttempts": [],
  "capturePlanSummary": "Deterministic full-flow smoke capture: auth, lobby create/join, ready transition, movement.",
  "scenarios": [],
  "screenshots": [
    {
      "file": "01-initial.png",
      "player": "A",
      "description": "Both players in squad lobby."
    },
    {
      "file": "02-after-w.png",
      "player": "A",
      "description": "Gameplay after holding W."
    },
    {
      "file": "03-after-d.png",
      "player": "A",
      "description": "Gameplay after holding D."
    }
  ],
  "probes": [
    {
      "player": "A",
      "description": "After readying all players and entering gameplay.",
      "data": {
        "harnessState": {
          "debugScenario": null,
          "debugScenarioAllowed": true,
          "debugScenarioResult": null,
          "myId": "71d7bdab-64cb-48c1-9eb6-7c5a569139b2",
          "phase": "playing",
          "runStatus": "playing",
          "extracted": false,
          "suspendedRunSummary": null,
          "telepipe": null,
          "connectionState": "connected",
          "sceneInitialized": true,
          "hasCanvas": true,
          "lobbyVisible": false,
          "cardHandVisible": true,
          "status": "Latency: 2ms",
          "hpText": "100/100",
          "msText": "49/99",
          "currencyText": "Money 0",
          "player": {
            "hp": 100,
            "magicStones": 49.22000000000011,
            "debugScenario": null,
            "dead": false,
            "x": -9,
            "z": 9
          },
          "players": 2,
          "enemies": 5,
          "enemyHp": [
            {
              "id": "e791f3f0-d0b7-4b4b-a24a-3b56feded27e",
              "hp": 40,
              "maxHp": 40
            },
            {
              "id": "88637a86-d664-4c51-b8c0-7a6f56fbf4bb",
              "hp": 40,
              "maxHp": 40
            },
            {
              "id": "1afda738-f673-4849-b798-28d179691c97",
              "hp": 100,
              "maxHp": 100
            },
            {
              "id": "fdf60214-9893-4f07-bdc9-ba34f6ada3ab",
              "hp": 300,
              "maxHp": 300
            },
            {
              "id": "019da7c2-d4c5-4696-803e-a822a556712a",
              "hp": 120,
              "maxHp": 120
            }
          ],
          "minions": [],
          "hand": [
            {
              "id": "flame_blade",
              "name": "Solar Edge",
              "type": "weapon",
              "remainingCharges": 3,
              "charges": 3,
              "activeMinionId": null,
              "burnMaxTtl": null,
              "burnLabel": "3/3",
              "creatureBurning": false,
              "isEvolved": false
            },
            {
              "id": "flame_blade",
              "name": "Solar Edge",
              "type": "weapon",
              "remainingCharges": 3,
              "charges": 3,
              "activeMinionId": null,
              "burnMaxTtl": null,
              "burnLabel": "3/3",
              "creatureBurning": false,
              "isEvolved": false
            },
            null,
            {
              "id": "flame_blade",
              "name": "Solar Edge",
              "type": "weapon",
              "remainingCharges": 3,
              "charges": 3,
              "activeMinionId": null,
              "burnMaxTtl": null,
              "burnLabel": "3/3",
              "creatureBurning": false,
              "isEvolved": false
            },
            {
              "id": "dungeon_drake",
              "name": "Vault Wyrm",
              "type": "creature",
              "remainingCharges": 1,
              "charges": 1,
              "activeMinionId": null,
              "burnMaxTtl": null,
              "burnLabel": "1/1",
              "creatureBurning": false,
              "isEvolved": false
            },
            null
          ]
        },
        "status": "Latency: 2ms",
        "hasCanvas": true,
        "canvasCount": 2,
        "lobbyVisible": false,
        "cardHandVisible": true,
        "title": "Void Grimoire",
        "bodyText": "👤\nLv\n🔊\n⚙\n71\nLV\n1\nHP\n100/100\nMS\n49/99\nDeck: 8/12\n⟡ 4\n✦ 3\n🐉 1\n✨ 0\nMoney 0\nLatency: 2ms\nInitiate Vault: Purge hostiles from the derelict annex sector.\nPurged 0 / 5 hostiles\n1\n⚔\nSolar Edge\n3/3\n2\n⚔\nSolar Edge\n3/3\n4\n⚔\nSolar Edge\n3/3\n5\n🐉\nVault Wyrm\n1/1"
      }
    },
    {
      "player": "A",
      "description": "Final capture probe.",
      "data": {
        "harnessState": {
          "debugScenario": null,
          "debugScenarioAllowed": true,
          "debugScenarioResult": null,
          "myId": "71d7bdab-64cb-48c1-9eb6-7c5a569139b2",
          "phase": "playing",
          "runStatus": "playing",
          "extracted": false,
          "suspendedRunSummary": null,
          "telepipe": null,
          "connectionState": "connected",
          "sceneInitialized": true,
          "hasCanvas": true,
          "lobbyVisible": false,
          "cardHandVisible": true,
          "status": "Latency: 2ms",
          "hpText": "82/100",
          "msText": "49/99",
          "currencyText": "Money 0",
          "player": {
            "hp": 82,
            "magicStones": 49.93500000000048,
            "debugScenario": null,
            "dead": false,
            "x": -3.7,
            "z": -8.399999999999995
          },
          "players": 2,
          "enemies": 7,
          "enemyHp": [
            {
              "id": "e791f3f0-d0b7-4b4b-a24a-3b56feded27e",
              "hp": 40,
              "maxHp": 40
            },
            {
              "id": "88637a86-d664-4c51-b8c0-7a6f56fbf4bb",
              "hp": 40,
              "maxHp": 40
            },
            {
              "id": "1afda738-f673-4849-b798-28d179691c97",
              "hp": 100,
              "maxHp": 100
            },
            {
              "id": "fdf60214-9893-4f07-bdc9-ba34f6ada3ab",
              "hp": 300,
              "maxHp": 300
            },
            {
              "id": "019da7c2-d4c5-4696-803e-a822a556712a",
              "hp": 120,
              "maxHp": 120
            },
            {
              "id": "65fb849e-9e1f-49c9-85f7-739b5c2bcf56",
              "hp": 40,
              "maxHp": 40
            },
            {
              "id": "970ef1a9-7a74-432b-92a9-50a92d369fa6",
              "hp": 40,
              "maxHp": 40
            }
          ],
          "minions": [],
          "hand": [
            {
              "id": "flame_blade",
              "name": "Solar Edge",
              "type": "weapon",
              "remainingCharges": 3,
              "charges": 3,
              "activeMinionId": null,
              "burnMaxTtl": null,
              "burnLabel": "3/3",
              "creatureBurning": false,
              "isEvolved": false
            },
            {
              "id": "flame_blade",
              "name": "Solar Edge",
              "type": "weapon",
              "remainingCharges": 3,
              "charges": 3,
              "activeMinionId": null,
              "burnMaxTtl": null,
              "burnLabel": "3/3",
              "creatureBurning": false,
              "isEvolved": false
            },
            {
              "id": "iron_sword",
              "name": "Rust-Forged Saber",
              "type": "weapon",
              "remainingCharges": 5,
              "charges": 5,
              "activeMinionId": null,
              "burnMaxTtl": null,
              "burnLabel": "5/5",
              "creatureBurning": false,
              "isEvolved": false
            },
            {
              "id": "flame_blade",
              "name": "Solar Edge",
              "type": "weapon",
              "remainingCharges": 3,
              "charges": 3,
              "activeMinionId": null,
              "burnMaxTtl": null,
              "burnLabel": "3/3",
              "creatureBurning": false,
              "isEvolved": false
            },
            {
              "id": "dungeon_drake",
              "name": "Vault Wyrm",
              "type": "creature",
              "remainingCharges": 1,
              "charges": 1,
              "activeMinionId": null,
              "burnMaxTtl": null,
              "burnLabel": "1/1",
              "creatureBurning": false,
              "isEvolved": false
            },
            null
          ]
        },
        "status": "Latency: 2ms",
        "hasCanvas": true,
        "canvasCount": 2,
        "lobbyVisible": false,
        "cardHandVisible": true,
        "title": "Void Grimoire",
        "bodyText": "👤\nLv\n🔊\n⚙\n71\nLV\n1\nHP\n82/100\nMS\n49/99\nDeck: 7/12\n⟡ 3\n✦ 3\n🐉 1\n✨ 0\nMoney 0\nLatency: 2ms\nInitiate Vault: Purge hostiles from the derelict annex sector.\nPurged 0 / 5 hostiles\n1\n⚔\nSolar Edge\n3/3\n2\n⚔\nSolar Edge\n3/3\n3\n⚔\nRust-Forged Saber\n5/5\n4\n⚔\nSolar Edge\n3/3\n5\n🐉\nVault Wyrm\n1/1"
      }
    }
  ],
  "pageerrors": []
}
