{
  "url": "http://localhost:5176/",
  "ok": true,
  "ticketFile": "/home/matt/workspace/.autogame-worktrees/255-level2-rooms/tickets/255-level2-rooms/ticket.md",
  "capturePlanSource": "fallback",
  "capturePlanValid": true,
  "capturePlanAttempts": [],
  "capturePlanSummary": "Deterministic full-flow smoke capture: auth, lobby create/join, ready transition, movement, dodge/key-item with post-dodge cooldown probe.",
  "scenarios": [],
  "screenshots": [
    {
      "file": "01-initial.png",
      "player": "A",
      "description": "Both players in squad lobby."
    },
    {
      "file": "02-after-w.png",
      "player": "A",
      "description": "Gameplay after holding W."
    },
    {
      "file": "03-after-d.png",
      "player": "A",
      "description": "Gameplay after holding D."
    },
    {
      "file": "04-after-dodge.png",
      "player": "A",
      "description": "Gameplay after dodge roll with cooldown HUD."
    }
  ],
  "probes": [
    {
      "player": "A",
      "description": "After readying all players and entering gameplay.",
      "data": {
        "harnessState": {
          "debugScenario": null,
          "debugScenarioAllowed": true,
          "debugScenarioResult": null,
          "objective": {
            "type": "defeat_enemies",
            "totalEnemies": 5,
            "defeatedEnemies": 0,
            "label": "Initiate Vault: Purge hostiles from the derelict annex sector."
          },
          "runObjectiveComplete": false,
          "lastRunSummary": null,
          "myId": "29162c1a-d09a-4c33-9ee3-0297dc107328",
          "selectedDeck": [
            "01e3a991-69fa-40f6-aeee-34e8a869ad63",
            "1d9478ac-ded5-4f08-9d41-9945b8ae4db8",
            "fedb1b6e-784c-4a63-a0a9-936a93e415b3",
            "ff08b9f7-40d9-43c7-854f-dbbcd235ee09",
            "a05625db-ff35-4dff-a62e-04860b270419",
            "9d57d34d-5cd4-422a-be69-f65d1dbb432a",
            "536216bc-8d15-4a56-986a-42a08aab37b5",
            "47c04b5d-6d26-4eb0-abcb-e532ef46f038",
            "09938132-1c72-442e-b103-a38583b6d0e7",
            "0fb8194b-b0a7-46ea-97af-64c94d60e225",
            "26d70bb8-10c8-44f7-838b-b3e21eee2284",
            "73b923be-429f-48b6-b14b-1d2c5d7fdd7d"
          ],
          "phase": "playing",
          "runStatus": "playing",
          "extracted": false,
          "suspendedRunSummary": null,
          "telepipe": null,
          "layout": {
            "profile": "crowded",
            "seed": 352369970,
            "roomCount": 10,
            "startRoom": {
              "x": -9,
              "z": 27,
              "role": "start"
            }
          },
          "connectionState": "connected",
          "sceneInitialized": true,
          "hasCanvas": true,
          "lobbyVisible": false,
          "deckEditorVisible": true,
          "readyBtnUsable": false,
          "cardHandVisible": true,
          "status": "Latency: 1ms",
          "hpText": "100/100",
          "msText": "49/99",
          "currencyText": "Money 0",
          "player": {
            "hp": 100,
            "magicStones": 49.090000000000046,
            "dead": false,
            "x": -9,
            "z": 27,
            "equippedKeyItemId": "dodge_roll",
            "keyItemCooldownRemaining": 0
          },
          "keyItemIndicatorOnCooldown": false,
          "keyItemIndicatorText": "",
          "players": 2,
          "enemies": 5,
          "enemyHp": [
            {
              "id": "272cd455-81bb-4a09-a3fa-46dfbe39902a",
              "hp": 40,
              "maxHp": 40,
              "type": "skirmisher",
              "spawnedBy": null
            },
            {
              "id": "5226112f-350c-4207-bb4c-3f1251ba632c",
              "hp": 40,
              "maxHp": 40,
              "type": "skirmisher",
              "spawnedBy": null
            },
            {
              "id": "24f3a514-dc27-4d65-a478-09f5eb227fbc",
              "hp": 40,
              "maxHp": 40,
              "type": "skirmisher",
              "spawnedBy": null
            },
            {
              "id": "a206bab1-7427-46ad-a30b-e8fab9e10628",
              "hp": 100,
              "maxHp": 100,
              "type": "grunt",
              "spawnedBy": null
            },
            {
              "id": "bc93f89d-48f4-4e3e-9064-147cda2763c8",
              "hp": 40,
              "maxHp": 40,
              "type": "skirmisher",
              "spawnedBy": null
            }
          ],
          "minions": [],
          "hand": [
            {
              "id": "battle_familiar",
              "name": "Signal Familiar",
              "type": "spell",
              "remainingCharges": 1,
              "charges": 1,
              "activeMinionId": null,
              "burnMaxTtl": null,
              "burnLabel": "1/1",
              "creatureBurning": false,
              "isEvolved": false
            },
            {
              "id": "iron_sword",
              "name": "Rust-Forged Saber",
              "type": "weapon",
              "remainingCharges": 5,
              "charges": 5,
              "activeMinionId": null,
              "burnMaxTtl": null,
              "burnLabel": "5/5",
              "creatureBurning": false,
              "isEvolved": false
            },
            null,
            {
              "id": "flame_blade",
              "name": "Solar Edge",
              "type": "weapon",
              "remainingCharges": 3,
              "charges": 3,
              "activeMinionId": null,
              "burnMaxTtl": null,
              "burnLabel": "3/3",
              "creatureBurning": false,
              "isEvolved": false
            },
            {
              "id": "dungeon_drake",
              "name": "Vault Wyrm",
              "type": "creature",
              "remainingCharges": 1,
              "charges": 1,
              "activeMinionId": null,
              "burnMaxTtl": null,
              "burnLabel": "1/1",
              "creatureBurning": false,
              "isEvolved": false
            },
            null
          ],
          "inventory": [
            {
              "instanceId": "01e3a991-69fa-40f6-aeee-34e8a869ad63",
              "cardId": "iron_sword",
              "grind": 0
            },
            {
              "instanceId": "1d9478ac-ded5-4f08-9d41-9945b8ae4db8",
              "cardId": "flame_blade",
              "grind": 0
            },
            {
              "instanceId": "fedb1b6e-784c-4a63-a0a9-936a93e415b3",
              "cardId": "battle_familiar",
              "grind": 0
            },
            {
              "instanceId": "ff08b9f7-40d9-43c7-854f-dbbcd235ee09",
              "cardId": "dungeon_drake",
              "grind": 0
            },
            {
              "instanceId": "a05625db-ff35-4dff-a62e-04860b270419",
              "cardId": "iron_sword",
              "grind": 0
            },
            {
              "instanceId": "9d57d34d-5cd4-422a-be69-f65d1dbb432a",
              "cardId": "iron_sword",
              "grind": 0
            },
            {
              "instanceId": "536216bc-8d15-4a56-986a-42a08aab37b5",
              "cardId": "iron_sword",
              "grind": 0
            },
            {
              "instanceId": "47c04b5d-6d26-4eb0-abcb-e532ef46f038",
              "cardId": "battle_familiar",
              "grind": 0
            },
            {
              "instanceId": "09938132-1c72-442e-b103-a38583b6d0e7",
              "cardId": "battle_familiar",
              "grind": 0
            },
            {
              "instanceId": "0fb8194b-b0a7-46ea-97af-64c94d60e225",
              "cardId": "flame_blade",
              "grind": 0
            },
            {
              "instanceId": "26d70bb8-10c8-44f7-838b-b3e21eee2284",
              "cardId": "flame_blade",
              "grind": 0
            },
            {
              "instanceId": "73b923be-429f-48b6-b14b-1d2c5d7fdd7d",
              "cardId": "dungeon_drake",
              "grind": 0
            }
          ],
          "lastEvolutionResult": null
        },
        "keyItemIndicatorOnCooldown": false,
        "keyItemIndicatorText": "",
        "keyItemCooldownRemaining": 0,
        "status": "Latency: 1ms",
        "hasCanvas": true,
        "canvasCount": 3,
        "lobbyVisible": false,
        "cardHandVisible": true,
        "title": "Void Grimoire",
        "bodyText": "👤\nLv\n🔊\n⚙\n29\nLV\n1\nHP\n100/100\nMS\n49/99\nDeck: 0/0\n⟡ 0\n✦ 0\n🐉 0\n✨ 0\nMoney 0\nLatency: 1ms\nInitiate Vault\nPurged 0 / 5 hostiles\nClick to attack · press 1–6 to cast cards\n1\n✦\nSignal Familiar\n50 MS\n1/1\n2\n⚔\nRust-Forged Saber\n5/5\n4\n⚔\nSolar Edge\n3/3\n5\n🐉\nVault Wyrm\n1/1"
      }
    },
    {
      "player": "A",
      "description": "After dodge roll — cooldown HUD should be active.",
      "data": {
        "harnessState": {
          "debugScenario": null,
          "debugScenarioAllowed": true,
          "debugScenarioResult": null,
          "objective": {
            "type": "defeat_enemies",
            "totalEnemies": 5,
            "defeatedEnemies": 0,
            "label": "Initiate Vault: Purge hostiles from the derelict annex sector."
          },
          "runObjectiveComplete": false,
          "lastRunSummary": null,
          "myId": "29162c1a-d09a-4c33-9ee3-0297dc107328",
          "selectedDeck": [
            "01e3a991-69fa-40f6-aeee-34e8a869ad63",
            "1d9478ac-ded5-4f08-9d41-9945b8ae4db8",
            "fedb1b6e-784c-4a63-a0a9-936a93e415b3",
            "ff08b9f7-40d9-43c7-854f-dbbcd235ee09",
            "a05625db-ff35-4dff-a62e-04860b270419",
            "9d57d34d-5cd4-422a-be69-f65d1dbb432a",
            "536216bc-8d15-4a56-986a-42a08aab37b5",
            "47c04b5d-6d26-4eb0-abcb-e532ef46f038",
            "09938132-1c72-442e-b103-a38583b6d0e7",
            "0fb8194b-b0a7-46ea-97af-64c94d60e225",
            "26d70bb8-10c8-44f7-838b-b3e21eee2284",
            "73b923be-429f-48b6-b14b-1d2c5d7fdd7d"
          ],
          "phase": "playing",
          "runStatus": "playing",
          "extracted": false,
          "suspendedRunSummary": null,
          "telepipe": null,
          "layout": {
            "profile": "crowded",
            "seed": 352369970,
            "roomCount": 10,
            "startRoom": {
              "x": -9,
              "z": 27,
              "role": "start"
            }
          },
          "connectionState": "connected",
          "sceneInitialized": true,
          "hasCanvas": true,
          "lobbyVisible": false,
          "deckEditorVisible": true,
          "readyBtnUsable": false,
          "cardHandVisible": true,
          "status": "Latency: 0ms",
          "hpText": "88/100",
          "msText": "49/99",
          "currencyText": "Money 0",
          "player": {
            "hp": 88,
            "magicStones": 49.61000000000031,
            "dead": false,
            "x": 1.7999999999999945,
            "z": 7.799999999999979,
            "equippedKeyItemId": "dodge_roll",
            "keyItemCooldownRemaining": 408
          },
          "keyItemIndicatorOnCooldown": true,
          "keyItemIndicatorText": "0.4",
          "players": 2,
          "enemies": 5,
          "enemyHp": [
            {
              "id": "272cd455-81bb-4a09-a3fa-46dfbe39902a",
              "hp": 40,
              "maxHp": 40,
              "type": "skirmisher",
              "spawnedBy": null
            },
            {
              "id": "5226112f-350c-4207-bb4c-3f1251ba632c",
              "hp": 40,
              "maxHp": 40,
              "type": "skirmisher",
              "spawnedBy": null
            },
            {
              "id": "24f3a514-dc27-4d65-a478-09f5eb227fbc",
              "hp": 40,
              "maxHp": 40,
              "type": "skirmisher",
              "spawnedBy": null
            },
            {
              "id": "a206bab1-7427-46ad-a30b-e8fab9e10628",
              "hp": 100,
              "maxHp": 100,
              "type": "grunt",
              "spawnedBy": null
            },
            {
              "id": "bc93f89d-48f4-4e3e-9064-147cda2763c8",
              "hp": 40,
              "maxHp": 40,
              "type": "skirmisher",
              "spawnedBy": null
            }
          ],
          "minions": [],
          "hand": [
            {
              "id": "battle_familiar",
              "name": "Signal Familiar",
              "type": "spell",
              "remainingCharges": 1,
              "charges": 1,
              "activeMinionId": null,
              "burnMaxTtl": null,
              "burnLabel": "1/1",
              "creatureBurning": false,
              "isEvolved": false
            },
            {
              "id": "iron_sword",
              "name": "Rust-Forged Saber",
              "type": "weapon",
              "remainingCharges": 5,
              "charges": 5,
              "activeMinionId": null,
              "burnMaxTtl": null,
              "burnLabel": "5/5",
              "creatureBurning": false,
              "isEvolved": false
            },
            {
              "id": "iron_sword",
              "name": "Rust-Forged Saber",
              "type": "weapon",
              "remainingCharges": 5,
              "charges": 5,
              "activeMinionId": null,
              "burnMaxTtl": null,
              "burnLabel": "5/5",
              "creatureBurning": false,
              "isEvolved": false
            },
            {
              "id": "flame_blade",
              "name": "Solar Edge",
              "type": "weapon",
              "remainingCharges": 3,
              "charges": 3,
              "activeMinionId": null,
              "burnMaxTtl": null,
              "burnLabel": "3/3",
              "creatureBurning": false,
              "isEvolved": false
            },
            {
              "id": "dungeon_drake",
              "name": "Vault Wyrm",
              "type": "creature",
              "remainingCharges": 1,
              "charges": 1,
              "activeMinionId": null,
              "burnMaxTtl": null,
              "burnLabel": "1/1",
              "creatureBurning": false,
              "isEvolved": false
            },
            null
          ],
          "inventory": [
            {
              "instanceId": "01e3a991-69fa-40f6-aeee-34e8a869ad63",
              "cardId": "iron_sword",
              "grind": 0
            },
            {
              "instanceId": "1d9478ac-ded5-4f08-9d41-9945b8ae4db8",
              "cardId": "flame_blade",
              "grind": 0
            },
            {
              "instanceId": "fedb1b6e-784c-4a63-a0a9-936a93e415b3",
              "cardId": "battle_familiar",
              "grind": 0
            },
            {
              "instanceId": "ff08b9f7-40d9-43c7-854f-dbbcd235ee09",
              "cardId": "dungeon_drake",
              "grind": 0
            },
            {
              "instanceId": "a05625db-ff35-4dff-a62e-04860b270419",
              "cardId": "iron_sword",
              "grind": 0
            },
            {
              "instanceId": "9d57d34d-5cd4-422a-be69-f65d1dbb432a",
              "cardId": "iron_sword",
              "grind": 0
            },
            {
              "instanceId": "536216bc-8d15-4a56-986a-42a08aab37b5",
              "cardId": "iron_sword",
              "grind": 0
            },
            {
              "instanceId": "47c04b5d-6d26-4eb0-abcb-e532ef46f038",
              "cardId": "battle_familiar",
              "grind": 0
            },
            {
              "instanceId": "09938132-1c72-442e-b103-a38583b6d0e7",
              "cardId": "battle_familiar",
              "grind": 0
            },
            {
              "instanceId": "0fb8194b-b0a7-46ea-97af-64c94d60e225",
              "cardId": "flame_blade",
              "grind": 0
            },
            {
              "instanceId": "26d70bb8-10c8-44f7-838b-b3e21eee2284",
              "cardId": "flame_blade",
              "grind": 0
            },
            {
              "instanceId": "73b923be-429f-48b6-b14b-1d2c5d7fdd7d",
              "cardId": "dungeon_drake",
              "grind": 0
            }
          ],
          "lastEvolutionResult": null
        },
        "keyItemIndicatorOnCooldown": true,
        "keyItemIndicatorText": "0.4",
        "keyItemCooldownRemaining": 408,
        "status": "Latency: 0ms",
        "hasCanvas": true,
        "canvasCount": 3,
        "lobbyVisible": false,
        "cardHandVisible": true,
        "title": "Void Grimoire",
        "bodyText": "👤\nLv\n🔊\n⚙\n29\nLV\n1\nHP\n88/100\nMS\n49/99\nDeck: 0/0\n⟡ 0\n✦ 0\n🐉 0\n✨ 0\nMoney 0\nLatency: 0ms\n0.4\nInitiate Vault\nPurged 0 / 5 hostiles\nClick to attack · press 1–6 to cast cards\n1\n✦\nSignal Familiar\n50 MS\n1/1\n2\n⚔\nRust-Forged Saber\n5/5\n3\n⚔\nRust-Forged Saber\n5/5\n4\n⚔\nSolar Edge\n3/3\n5\n🐉\nVault Wyrm\n1/1\n-6"
      }
    },
    {
      "player": "A",
      "description": "Final capture probe.",
      "data": {
        "harnessState": {
          "debugScenario": null,
          "debugScenarioAllowed": true,
          "debugScenarioResult": null,
          "objective": {
            "type": "defeat_enemies",
            "totalEnemies": 5,
            "defeatedEnemies": 0,
            "label": "Initiate Vault: Purge hostiles from the derelict annex sector."
          },
          "runObjectiveComplete": false,
          "lastRunSummary": null,
          "myId": "29162c1a-d09a-4c33-9ee3-0297dc107328",
          "selectedDeck": [
            "01e3a991-69fa-40f6-aeee-34e8a869ad63",
            "1d9478ac-ded5-4f08-9d41-9945b8ae4db8",
            "fedb1b6e-784c-4a63-a0a9-936a93e415b3",
            "ff08b9f7-40d9-43c7-854f-dbbcd235ee09",
            "a05625db-ff35-4dff-a62e-04860b270419",
            "9d57d34d-5cd4-422a-be69-f65d1dbb432a",
            "536216bc-8d15-4a56-986a-42a08aab37b5",
            "47c04b5d-6d26-4eb0-abcb-e532ef46f038",
            "09938132-1c72-442e-b103-a38583b6d0e7",
            "0fb8194b-b0a7-46ea-97af-64c94d60e225",
            "26d70bb8-10c8-44f7-838b-b3e21eee2284",
            "73b923be-429f-48b6-b14b-1d2c5d7fdd7d"
          ],
          "phase": "playing",
          "runStatus": "playing",
          "extracted": false,
          "suspendedRunSummary": null,
          "telepipe": null,
          "layout": {
            "profile": "crowded",
            "seed": 352369970,
            "roomCount": 10,
            "startRoom": {
              "x": -9,
              "z": 27,
              "role": "start"
            }
          },
          "connectionState": "connected",
          "sceneInitialized": true,
          "hasCanvas": true,
          "lobbyVisible": false,
          "deckEditorVisible": true,
          "readyBtnUsable": false,
          "cardHandVisible": true,
          "status": "Latency: 1ms",
          "hpText": "88/100",
          "msText": "49/99",
          "currencyText": "Money 0",
          "player": {
            "hp": 88,
            "magicStones": 49.65000000000033,
            "dead": false,
            "x": 1.7999999999999945,
            "z": 7.799999999999979,
            "equippedKeyItemId": "dodge_roll",
            "keyItemCooldownRemaining": 6
          },
          "keyItemIndicatorOnCooldown": true,
          "keyItemIndicatorText": "0.0",
          "players": 2,
          "enemies": 5,
          "enemyHp": [
            {
              "id": "272cd455-81bb-4a09-a3fa-46dfbe39902a",
              "hp": 40,
              "maxHp": 40,
              "type": "skirmisher",
              "spawnedBy": null
            },
            {
              "id": "5226112f-350c-4207-bb4c-3f1251ba632c",
              "hp": 40,
              "maxHp": 40,
              "type": "skirmisher",
              "spawnedBy": null
            },
            {
              "id": "24f3a514-dc27-4d65-a478-09f5eb227fbc",
              "hp": 40,
              "maxHp": 40,
              "type": "skirmisher",
              "spawnedBy": null
            },
            {
              "id": "a206bab1-7427-46ad-a30b-e8fab9e10628",
              "hp": 100,
              "maxHp": 100,
              "type": "grunt",
              "spawnedBy": null
            },
            {
              "id": "bc93f89d-48f4-4e3e-9064-147cda2763c8",
              "hp": 40,
              "maxHp": 40,
              "type": "skirmisher",
              "spawnedBy": null
            }
          ],
          "minions": [],
          "hand": [
            {
              "id": "battle_familiar",
              "name": "Signal Familiar",
              "type": "spell",
              "remainingCharges": 1,
              "charges": 1,
              "activeMinionId": null,
              "burnMaxTtl": null,
              "burnLabel": "1/1",
              "creatureBurning": false,
              "isEvolved": false
            },
            {
              "id": "iron_sword",
              "name": "Rust-Forged Saber",
              "type": "weapon",
              "remainingCharges": 5,
              "charges": 5,
              "activeMinionId": null,
              "burnMaxTtl": null,
              "burnLabel": "5/5",
              "creatureBurning": false,
              "isEvolved": false
            },
            {
              "id": "iron_sword",
              "name": "Rust-Forged Saber",
              "type": "weapon",
              "remainingCharges": 5,
              "charges": 5,
              "activeMinionId": null,
              "burnMaxTtl": null,
              "burnLabel": "5/5",
              "creatureBurning": false,
              "isEvolved": false
            },
            {
              "id": "flame_blade",
              "name": "Solar Edge",
              "type": "weapon",
              "remainingCharges": 3,
              "charges": 3,
              "activeMinionId": null,
              "burnMaxTtl": null,
              "burnLabel": "3/3",
              "creatureBurning": false,
              "isEvolved": false
            },
            {
              "id": "dungeon_drake",
              "name": "Vault Wyrm",
              "type": "creature",
              "remainingCharges": 1,
              "charges": 1,
              "activeMinionId": null,
              "burnMaxTtl": null,
              "burnLabel": "1/1",
              "creatureBurning": false,
              "isEvolved": false
            },
            null
          ],
          "inventory": [
            {
              "instanceId": "01e3a991-69fa-40f6-aeee-34e8a869ad63",
              "cardId": "iron_sword",
              "grind": 0
            },
            {
              "instanceId": "1d9478ac-ded5-4f08-9d41-9945b8ae4db8",
              "cardId": "flame_blade",
              "grind": 0
            },
            {
              "instanceId": "fedb1b6e-784c-4a63-a0a9-936a93e415b3",
              "cardId": "battle_familiar",
              "grind": 0
            },
            {
              "instanceId": "ff08b9f7-40d9-43c7-854f-dbbcd235ee09",
              "cardId": "dungeon_drake",
              "grind": 0
            },
            {
              "instanceId": "a05625db-ff35-4dff-a62e-04860b270419",
              "cardId": "iron_sword",
              "grind": 0
            },
            {
              "instanceId": "9d57d34d-5cd4-422a-be69-f65d1dbb432a",
              "cardId": "iron_sword",
              "grind": 0
            },
            {
              "instanceId": "536216bc-8d15-4a56-986a-42a08aab37b5",
              "cardId": "iron_sword",
              "grind": 0
            },
            {
              "instanceId": "47c04b5d-6d26-4eb0-abcb-e532ef46f038",
              "cardId": "battle_familiar",
              "grind": 0
            },
            {
              "instanceId": "09938132-1c72-442e-b103-a38583b6d0e7",
              "cardId": "battle_familiar",
              "grind": 0
            },
            {
              "instanceId": "0fb8194b-b0a7-46ea-97af-64c94d60e225",
              "cardId": "flame_blade",
              "grind": 0
            },
            {
              "instanceId": "26d70bb8-10c8-44f7-838b-b3e21eee2284",
              "cardId": "flame_blade",
              "grind": 0
            },
            {
              "instanceId": "73b923be-429f-48b6-b14b-1d2c5d7fdd7d",
              "cardId": "dungeon_drake",
              "grind": 0
            }
          ],
          "lastEvolutionResult": null
        },
        "keyItemIndicatorOnCooldown": true,
        "keyItemIndicatorText": "0.0",
        "keyItemCooldownRemaining": 6,
        "status": "Latency: 1ms",
        "hasCanvas": true,
        "canvasCount": 3,
        "lobbyVisible": false,
        "cardHandVisible": true,
        "title": "Void Grimoire",
        "bodyText": "👤\nLv\n🔊\n⚙\n29\nLV\n1\nHP\n88/100\nMS\n49/99\nDeck: 0/0\n⟡ 0\n✦ 0\n🐉 0\n✨ 0\nMoney 0\nLatency: 1ms\n0.0\nInitiate Vault\nPurged 0 / 5 hostiles\nClick to attack · press 1–6 to cast cards\n1\n✦\nSignal Familiar\n50 MS\n1/1\n2\n⚔\nRust-Forged Saber\n5/5\n3\n⚔\nRust-Forged Saber\n5/5\n4\n⚔\nSolar Edge\n3/3\n5\n🐉\nVault Wyrm\n1/1\n-6"
      }
    }
  ],
  "pageerrors": []
}
