
 RUN  v3.2.4 /home/matt/workspace/autogame/game
      Coverage enabled with v8

stdout | server/test/card_sync.test.js
[server] Dungeon seed: 840079805, rooms: 9
[server] Dungeon bounds: x [-18.0, 39.5], z [-39.5, 39.5]

stdout | server/test/server.test.js
[server] Dungeon seed: 611771748, rooms: 9
[server] Dungeon bounds: x [-39.5, 19.5], z [-38.5, 39.0]

 ✓ |server| server/test/card_sync.test.js (3 tests) 2ms
stdout | server/test/integration.test.js
[server] Dungeon seed: 923964451, rooms: 9
[server] Dungeon bounds: x [-39.0, 39.5], z [-39.0, 38.5]

stdout | server/test/integration.test.js > Socket Integration — Connection Flow > client receives init event with id, state, layoutSeed, layout
Server listening on port 0

stdout | server/test/server.test.js > updateMinions() > spawns loot for dead enemies and removes them
[loot] spawned id=d461a018-9799-49cd-ac1f-2b1ef738aae4 value=11

stdout | server/test/server.test.js > spawnLoot(x, z) > creates loot with correct structure when it spawns
[loot] spawned id=e7dd9301-ecef-4ca3-89ad-ee92185ebb4c value=11

stdout | server/test/server.test.js > spawnLoot(x, z) > loot value is in range [5, 20)
[loot] spawned id=e685b23b-cb5d-4255-a81b-4fe8d2621dc7 value=13

stdout | server/test/server.test.js > spawnLoot(x, z) > loot createdAt is a timestamp
[loot] spawned id=c091ae20-8028-4ce5-bd65-2c413add2d6f value=11

stdout | server/test/server.test.js > cleanupStalePlayers > removes players inactive for STALE_THRESHOLD ms
Player disconnected due to inactivity: p1

stdout | server/test/server.test.js > cleanupStalePlayers > removes multiple stale players
Player disconnected due to inactivity: p1
Player disconnected due to inactivity: p2

stdout | server/test/integration.test.js > Socket Integration — Connection Flow > client receives init event with id, state, layoutSeed, layout
Player connected: CjpQ7evjXnVLY8YGAAAB

stdout | server/test/integration.test.js > Socket Integration — Connection Flow > client receives init event with id, state, layoutSeed, layout
Player disconnected: CjpQ7evjXnVLY8YGAAAB

stdout | server/test/integration.test.js > Socket Integration — Connection Flow > server registers the player in gameState.players
Server listening on port 0

stdout | server/test/integration.test.js > Socket Integration — Connection Flow > server registers the player in gameState.players
Player connected: gQ0CloxJkvH_COpIAAAD

stdout | server/test/integration.test.js > Socket Integration — Connection Flow > server registers the player in gameState.players
Player disconnected: gQ0CloxJkvH_COpIAAAD

stdout | server/test/integration.test.js > Socket Integration — Move Event > emits move and server broadcasts stateUpdate with new position
Server listening on port 0

stdout | server/test/integration.test.js > Socket Integration — Move Event > emits move and server broadcasts stateUpdate with new position
Player connected: hFi5gh9CYUuSgpnPAAAF

 ✓ |server| server/test/server.test.js (172 tests) 28ms
stdout | server/test/integration.test.js > Socket Integration — Move Event > emits move and server broadcasts stateUpdate with new position
Player disconnected: hFi5gh9CYUuSgpnPAAAF

stdout | server/test/integration.test.js > Socket Integration — Move Event > clamps position to dungeon bounds
Server listening on port 0

stdout | server/test/integration.test.js > Socket Integration — Move Event > clamps position to dungeon bounds
Player connected: Ov2VMbGmKnndVrnOAAAH

stdout | server/test/integration.test.js > Socket Integration — Move Event > clamps position to dungeon bounds
Player disconnected: Ov2VMbGmKnndVrnOAAAH

stdout | server/test/integration.test.js > Socket Integration — Move Event > dead player cannot move
Server listening on port 0

stdout | server/test/integration.test.js > Socket Integration — Move Event > dead player cannot move
Player connected: eFI1F3zgNe2mtjsfAAAJ

stdout | server/test/integration.test.js > Socket Integration — Move Event > dead player cannot move
Player disconnected: eFI1F3zgNe2mtjsfAAAJ

stdout | server/test/integration.test.js > Socket Integration — Move Event > applies MOVE_SPEED to normalized input with capped elapsed
Server listening on port 0

stdout | server/test/integration.test.js > Socket Integration — Move Event > applies MOVE_SPEED to normalized input with capped elapsed
Player connected: qcYH45RZ5cFneNsaAAAL

stdout | server/test/integration.test.js > Socket Integration — Move Event > applies MOVE_SPEED to normalized input with capped elapsed
Player disconnected: qcYH45RZ5cFneNsaAAAL

stdout | server/test/integration.test.js > Socket Integration — Invalid Move Rejection > rejects move with missing fields
Server listening on port 0

stdout | server/test/integration.test.js > Socket Integration — Invalid Move Rejection > rejects move with missing fields
Player connected: DZ8VjPFxBZLq_3kIAAAN

stdout | server/test/integration.test.js > Socket Integration — Invalid Move Rejection > rejects move with missing fields
Player disconnected: DZ8VjPFxBZLq_3kIAAAN

stdout | server/test/integration.test.js > Socket Integration — Invalid Move Rejection > rejects move with non-numeric fields
Server listening on port 0

stdout | server/test/integration.test.js > Socket Integration — Invalid Move Rejection > rejects move with non-numeric fields
Player connected: bzByQUYS1bwp2FFzAAAP

stdout | server/test/integration.test.js > Socket Integration — Invalid Move Rejection > rejects move with non-numeric fields
Player disconnected: bzByQUYS1bwp2FFzAAAP

stdout | server/test/integration.test.js > Socket Integration — Invalid Move Rejection > rejects move with null payload
Server listening on port 0

stdout | server/test/integration.test.js > Socket Integration — Invalid Move Rejection > rejects move with null payload
Player connected: NqZ20Wzu0SE16d1SAAAR

stdout | server/test/integration.test.js > Socket Integration — Invalid Move Rejection > rejects move with null payload
Player disconnected: NqZ20Wzu0SE16d1SAAAR

stdout | server/test/integration.test.js > Socket Integration — Invalid Move Rejection > rejects move with array payload
Server listening on port 0

stdout | server/test/integration.test.js > Socket Integration — Invalid Move Rejection > rejects move with array payload
Player connected: YsleDpVUBHhQG230AAAT

stdout | server/test/integration.test.js > Socket Integration — Invalid Move Rejection > rejects move with array payload
Player disconnected: YsleDpVUBHhQG230AAAT

stdout | server/test/integration.test.js > Socket Integration — Invalid Move Rejection > rejects move with NaN fields
Server listening on port 0

stdout | server/test/integration.test.js > Socket Integration — Invalid Move Rejection > rejects move with NaN fields
Player connected: Wbs8DKDsnl8LyIsKAAAV

stdout | server/test/integration.test.js > Socket Integration — Invalid Move Rejection > rejects move with NaN fields
Player disconnected: Wbs8DKDsnl8LyIsKAAAV

stdout | server/test/integration.test.js > Socket Integration — useCard Event > Weapon card > emits useCard, server processes cone attack and broadcasts cardUsed
Server listening on port 0

stdout | server/test/integration.test.js > Socket Integration — useCard Event > Weapon card > emits useCard, server processes cone attack and broadcasts cardUsed
Player connected: TwmDZLRpAoL1BXQ3AAAX

stdout | server/test/integration.test.js > Socket Integration — useCard Event > Weapon card > emits useCard, server processes cone attack and broadcasts cardUsed
Player disconnected: TwmDZLRpAoL1BXQ3AAAX

stdout | server/test/integration.test.js > Socket Integration — useCard Event > Summon card > emits useCard, server processes radial AoE and deducts magic stones
Server listening on port 0

stdout | server/test/integration.test.js > Socket Integration — useCard Event > Summon card > emits useCard, server processes radial AoE and deducts magic stones
Player connected: RFhG_RItKkHZ0dxVAAAZ

 ✓ |client| client/test/main.test.js (71 tests) 344ms
stdout | server/test/integration.test.js > Socket Integration — useCard Event > Summon card > emits useCard, server processes radial AoE and deducts magic stones
Player disconnected: RFhG_RItKkHZ0dxVAAAZ

stdout | server/test/integration.test.js > Socket Integration — useCard Event > Summon card > rejects summon when not enough magic stones
Server listening on port 0

stdout | server/test/integration.test.js > Socket Integration — useCard Event > Summon card > rejects summon when not enough magic stones
Player connected: uBQjAyrdlDpMvDJ9AAAb

stdout | server/test/integration.test.js > Socket Integration — useCard Event > Summon card > rejects summon when not enough magic stones
Player disconnected: uBQjAyrdlDpMvDJ9AAAb

stdout | server/test/integration.test.js > Socket Integration — useCard Event > Monster card > emits useCard, server spawns a minion in gameState.minions
Server listening on port 0

stdout | server/test/integration.test.js > Socket Integration — useCard Event > Monster card > emits useCard, server spawns a minion in gameState.minions
Player connected: aRLUWXl4Yz1pNl5FAAAd

stdout | server/test/integration.test.js > Socket Integration — useCard Event > Monster card > emits useCard, server spawns a minion in gameState.minions
Player disconnected: aRLUWXl4Yz1pNl5FAAAd

stdout | server/test/integration.test.js > Socket Integration — Heartbeat Event > client emits heartbeat, server responds with heartbeat_ack containing latency
Server listening on port 0

stdout | server/test/integration.test.js > Socket Integration — Heartbeat Event > client emits heartbeat, server responds with heartbeat_ack containing latency
Player connected: 5I-RYhxNeI2YE5whAAAf

stdout | server/test/integration.test.js > Socket Integration — Heartbeat Event > client emits heartbeat, server responds with heartbeat_ack containing latency
Player disconnected: 5I-RYhxNeI2YE5whAAAf

stdout | server/test/integration.test.js > Socket Integration — Heartbeat Event > rejects heartbeat with invalid payload
Server listening on port 0

stdout | server/test/integration.test.js > Socket Integration — Heartbeat Event > rejects heartbeat with invalid payload
Player connected: zVhyWg8dienLUFIBAAAh

stderr | server/test/integration.test.js > Socket Integration — Heartbeat Event > rejects heartbeat with invalid payload
Rejected heartbeat from zVhyWg8dienLUFIBAAAh: invalid payload

stdout | server/test/integration.test.js > Socket Integration — Heartbeat Event > rejects heartbeat with invalid payload
Player disconnected: zVhyWg8dienLUFIBAAAh

stdout | server/test/integration.test.js > Socket Integration — Disconnect Event > removes player from gameState.players on disconnect
Server listening on port 0

stdout | server/test/integration.test.js > Socket Integration — Disconnect Event > removes player from gameState.players on disconnect
Player connected: jeuiS1hprssyaQmXAAAj

stdout | server/test/integration.test.js > Socket Integration — Disconnect Event > removes player from gameState.players on disconnect
Player disconnected: jeuiS1hprssyaQmXAAAj

stdout | server/test/integration.test.js > Socket Integration — Disconnect Event > cleans up owned minions on disconnect
Server listening on port 0

stdout | server/test/integration.test.js > Socket Integration — Disconnect Event > cleans up owned minions on disconnect
Player connected: iO0DyysriY02kjcdAAAl

stdout | server/test/integration.test.js > Socket Integration — Disconnect Event > cleans up owned minions on disconnect
Player disconnected: iO0DyysriY02kjcdAAAl

stdout | server/test/integration.test.js > Socket Integration — Last Player Disconnect Resets Run > resets gamePhase to lobby when last player disconnects during active run
Server listening on port 0

stdout | server/test/integration.test.js > Socket Integration — Last Player Disconnect Resets Run > resets gamePhase to lobby when last player disconnects during active run
Player connected: 50AlDXqNiBuyyGg5AAAn

stdout | server/test/integration.test.js > Socket Integration — Last Player Disconnect Resets Run > resets gamePhase to lobby when last player disconnects during active run
Player disconnected: 50AlDXqNiBuyyGg5AAAn

stdout | server/test/integration.test.js > Socket Integration — Last Player Disconnect Resets Run > clears gameState.run when last player disconnects
Server listening on port 0

stdout | server/test/integration.test.js > Socket Integration — Last Player Disconnect Resets Run > clears gameState.run when last player disconnects
Player connected: psTKOvIYKHQPQdtRAAAp

stdout | server/test/integration.test.js > Socket Integration — Last Player Disconnect Resets Run > clears gameState.run when last player disconnects
Player disconnected: psTKOvIYKHQPQdtRAAAp

stdout | server/test/integration.test.js > Socket Integration — Last Player Disconnect Resets Run > clears enemies, minions, and loot when last player disconnects
Server listening on port 0

stdout | server/test/integration.test.js > Socket Integration — Last Player Disconnect Resets Run > clears enemies, minions, and loot when last player disconnects
Player connected: fiKGu6mBogLl-ix_AAAr

stdout | server/test/integration.test.js > Socket Integration — Last Player Disconnect Resets Run > clears enemies, minions, and loot when last player disconnects
Player disconnected: fiKGu6mBogLl-ix_AAAr

stdout | server/test/integration.test.js > Socket Integration — Last Player Disconnect Resets Run > does not reset run when a second player remains connected
Server listening on port 0

stdout | server/test/integration.test.js > Socket Integration — Last Player Disconnect Resets Run > does not reset run when a second player remains connected
Player connected: RhJIRaI-90S_6XTiAAAt

stdout | server/test/integration.test.js > Socket Integration — Last Player Disconnect Resets Run > does not reset run when a second player remains connected
Player connected: 2orQwR8T8kzxqlk2AAAv

stdout | server/test/integration.test.js > Socket Integration — Last Player Disconnect Resets Run > does not reset run when a second player remains connected
Player disconnected: RhJIRaI-90S_6XTiAAAt

stdout | server/test/integration.test.js > Socket Integration — Last Player Disconnect Resets Run > does not reset run when a second player remains connected
Player disconnected: 2orQwR8T8kzxqlk2AAAv

stdout | server/test/integration.test.js > Socket Integration — Last Player Disconnect Resets Run > does not reset run when one of multiple players disconnects
Server listening on port 0

stdout | server/test/integration.test.js > Socket Integration — Last Player Disconnect Resets Run > does not reset run when one of multiple players disconnects
Player connected: ZlKyxHdqhlQeDEnfAAAx

stdout | server/test/integration.test.js > Socket Integration — Last Player Disconnect Resets Run > does not reset run when one of multiple players disconnects
Player connected: hhAY-yoJ-F25E9R0AAAz

stdout | server/test/integration.test.js > Socket Integration — Last Player Disconnect Resets Run > does not reset run when one of multiple players disconnects
Player disconnected: ZlKyxHdqhlQeDEnfAAAx

stdout | server/test/integration.test.js > Socket Integration — Last Player Disconnect Resets Run > does not reset run when one of multiple players disconnects
Player disconnected: hhAY-yoJ-F25E9R0AAAz

stdout | server/test/integration.test.js > Socket Integration — Last Player Disconnect Resets Run > resets to lobby when last player disconnects in terminal run state
Server listening on port 0

stdout | server/test/integration.test.js > Socket Integration — Last Player Disconnect Resets Run > resets to lobby when last player disconnects in terminal run state
Player connected: 0LFhWOYA7dgOY6vQAAA1

stdout | server/test/integration.test.js > Socket Integration — Last Player Disconnect Resets Run > resets to lobby when last player disconnects in terminal run state
Player disconnected: 0LFhWOYA7dgOY6vQAAA1

stdout | server/test/integration.test.js > Socket Integration — Last Player Disconnect Resets Run > new connection receives clean lobby init after last player disconnects
Server listening on port 0

stdout | server/test/integration.test.js > Socket Integration — Last Player Disconnect Resets Run > new connection receives clean lobby init after last player disconnects
Player connected: r34FHBhjTxIPWkAqAAA3

stdout | server/test/integration.test.js > Socket Integration — Last Player Disconnect Resets Run > new connection receives clean lobby init after last player disconnects
Player disconnected: r34FHBhjTxIPWkAqAAA3

stdout | server/test/integration.test.js > Socket Integration — Last Player Disconnect Resets Run > new connection receives clean lobby init after last player disconnects
Player connected: 2ODRkQ4J2Kl_GU94AAA5

stdout | server/test/integration.test.js > Socket Integration — Last Player Disconnect Resets Run > new connection receives clean lobby init after last player disconnects
Player disconnected: 2ODRkQ4J2Kl_GU94AAA5

stdout | server/test/integration.test.js > Socket Integration — Lobby / playerReady Flow > two players connect, both emit playerReady(true), both receive startGame
Server listening on port 0

stdout | server/test/integration.test.js > Socket Integration — Lobby / playerReady Flow > two players connect, both emit playerReady(true), both receive startGame
Player connected: BuudpvU3cYonF4CPAAA7

stdout | server/test/integration.test.js > Socket Integration — Lobby / playerReady Flow > two players connect, both emit playerReady(true), both receive startGame
Player connected: n5wNxdDvycJzIU6ZAAA9

stdout | server/test/integration.test.js > Socket Integration — Lobby / playerReady Flow > two players connect, both emit playerReady(true), both receive startGame
Player disconnected: BuudpvU3cYonF4CPAAA7

stdout | server/test/integration.test.js > Socket Integration — Lobby / playerReady Flow > two players connect, both emit playerReady(true), both receive startGame
Player disconnected: n5wNxdDvycJzIU6ZAAA9

stdout | server/test/integration.test.js > Socket Integration — Lobby / playerReady Flow > broadcasts lobbyUpdate on playerReady
Server listening on port 0

stdout | server/test/integration.test.js > Socket Integration — Lobby / playerReady Flow > broadcasts lobbyUpdate on playerReady
Player connected: 2qYeqGV4KEumJgZsAAA_

stdout | server/test/integration.test.js > Socket Integration — Lobby / playerReady Flow > broadcasts lobbyUpdate on playerReady
Player connected: ZnGvO6aEoTxUhU7hAABB

stdout | server/test/integration.test.js > Socket Integration — Lobby / playerReady Flow > broadcasts lobbyUpdate on playerReady
Player disconnected: ZnGvO6aEoTxUhU7hAABB

stdout | server/test/integration.test.js > Socket Integration — Lobby / playerReady Flow > broadcasts lobbyUpdate on playerReady
Player disconnected: 2qYeqGV4KEumJgZsAAA_

stdout | server/test/integration.test.js > dungeon run objective > both players receive state containing run object with correct initial values after game starts
Server listening on port 0

stdout | server/test/integration.test.js > dungeon run objective > both players receive state containing run object with correct initial values after game starts
Player connected: S5vQC1v3GUalmDuQAABD

stdout | server/test/integration.test.js > dungeon run objective > both players receive state containing run object with correct initial values after game starts
Player connected: qwNZ8WM2o6ZdVHMVAABF

stdout | server/test/integration.test.js > dungeon run objective > both players receive state containing run object with correct initial values after game starts
Player disconnected: S5vQC1v3GUalmDuQAABD

stdout | server/test/integration.test.js > dungeon run objective > both players receive state containing run object with correct initial values after game starts
Player disconnected: qwNZ8WM2o6ZdVHMVAABF

stdout | server/test/integration.test.js > dungeon run objective > killing an enemy through useCard advances run.objective.defeatedEnemies by 1
Server listening on port 0

stdout | server/test/integration.test.js > dungeon run objective > killing an enemy through useCard advances run.objective.defeatedEnemies by 1
Player connected: lu-54Yb8jdAINHVPAABH

stdout | server/test/integration.test.js > dungeon run objective > killing an enemy through useCard advances run.objective.defeatedEnemies by 1
Player connected: pXEsYCCtmXFxaJr4AABJ

stdout | server/test/integration.test.js > dungeon run objective > killing an enemy through useCard advances run.objective.defeatedEnemies by 1
[loot] spawned id=427ea5fc-9300-4225-b7f6-580a5f199682 value=12

stdout | server/test/integration.test.js > dungeon run objective > killing an enemy through useCard advances run.objective.defeatedEnemies by 1
Player disconnected: lu-54Yb8jdAINHVPAABH

stdout | server/test/integration.test.js > dungeon run objective > killing an enemy through useCard advances run.objective.defeatedEnemies by 1
Player disconnected: pXEsYCCtmXFxaJr4AABJ

stdout | server/test/integration.test.js > Run terminal state — integration > runComplete is emitted after the last enemy is defeated via a weapon card
Server listening on port 0

stdout | server/test/integration.test.js > Run terminal state — integration > runComplete is emitted after the last enemy is defeated via a weapon card
Player connected: zGrExxmdGnWrFv1wAABL

stdout | server/test/integration.test.js > Run terminal state — integration > runComplete is emitted after the last enemy is defeated via a weapon card
Player connected: rW_1GmjNDZpsjNypAABN

stdout | server/test/integration.test.js > Run terminal state — integration > runComplete is emitted after the last enemy is defeated via a weapon card
Player disconnected: zGrExxmdGnWrFv1wAABL

stdout | server/test/integration.test.js > Run terminal state — integration > runComplete is emitted after the last enemy is defeated via a weapon card
Player disconnected: rW_1GmjNDZpsjNypAABN

stdout | server/test/integration.test.js > Run terminal state — integration > runFailed is emitted when all connected players are dead during a run
Server listening on port 0

stdout | server/test/integration.test.js > Run terminal state — integration > runFailed is emitted when all connected players are dead during a run
Player connected: SaHoAyJSSD6umtmAAABP

stdout | server/test/integration.test.js > Run terminal state — integration > runFailed is emitted when all connected players are dead during a run
Player connected: pbeOHW6mJu6Y1XNDAABR

stdout | server/test/integration.test.js > Run terminal state — integration > runFailed is emitted when all connected players are dead during a run
Player disconnected: SaHoAyJSSD6umtmAAABP

stdout | server/test/integration.test.js > Run terminal state — integration > runFailed is emitted when all connected players are dead during a run
Player disconnected: pbeOHW6mJu6Y1XNDAABR

stdout | server/test/integration.test.js > Run terminal state — integration > returnToLobby resets gamePhase, clears run, empties enemies/minions/loot, and sets players to ready: false
Server listening on port 0

stdout | server/test/integration.test.js > Run terminal state — integration > returnToLobby resets gamePhase, clears run, empties enemies/minions/loot, and sets players to ready: false
Player connected: g3CpbmQLhfbIz0uYAABT

stdout | server/test/integration.test.js > Run terminal state — integration > returnToLobby resets gamePhase, clears run, empties enemies/minions/loot, and sets players to ready: false
Player connected: D1e99CHrpjG5Vss2AABV

stdout | server/test/integration.test.js > Run terminal state — integration > returnToLobby resets gamePhase, clears run, empties enemies/minions/loot, and sets players to ready: false
Player disconnected: g3CpbmQLhfbIz0uYAABT

stdout | server/test/integration.test.js > Run terminal state — integration > returnToLobby resets gamePhase, clears run, empties enemies/minions/loot, and sets players to ready: false
Player disconnected: D1e99CHrpjG5Vss2AABV

stdout | server/test/integration.test.js > Run terminal state — integration > after returnToLobby, players can ready up and start a second run with a fresh objective
Server listening on port 0

stdout | server/test/integration.test.js > Run terminal state — integration > after returnToLobby, players can ready up and start a second run with a fresh objective
Player connected: 1VJWxS5yu5J1A8DCAABX

stdout | server/test/integration.test.js > Run terminal state — integration > after returnToLobby, players can ready up and start a second run with a fresh objective
Player connected: 0dXWckA_7Y37pXzCAABZ

stdout | server/test/integration.test.js > Run terminal state — integration > after returnToLobby, players can ready up and start a second run with a fresh objective
Player disconnected: 1VJWxS5yu5J1A8DCAABX

stdout | server/test/integration.test.js > Run terminal state — integration > after returnToLobby, players can ready up and start a second run with a fresh objective
Player disconnected: 0dXWckA_7Y37pXzCAABZ

stdout | server/test/integration.test.js > Run terminal state — integration > ignores returnToLobby while the run is still playing
Server listening on port 0

stdout | server/test/integration.test.js > Run terminal state — integration > ignores returnToLobby while the run is still playing
Player connected: xfNd9lqxEE2skn99AABb

stdout | server/test/integration.test.js > Run terminal state — integration > ignores returnToLobby while the run is still playing
Player connected: 5MemQ0weZpaYuWNDAABd

stdout | server/test/integration.test.js > Run terminal state — integration > ignores returnToLobby while the run is still playing
Player disconnected: xfNd9lqxEE2skn99AABb

stdout | server/test/integration.test.js > Run terminal state — integration > ignores returnToLobby while the run is still playing
Player disconnected: 5MemQ0weZpaYuWNDAABd

stdout | server/test/integration.test.js > Run terminal state — integration > returnToLobby rejects request while run is still playing and emits runError to requesting socket
Server listening on port 0

stdout | server/test/integration.test.js > Run terminal state — integration > returnToLobby rejects request while run is still playing and emits runError to requesting socket
Player connected: iMnI0t2oT0bqvjI_AABf

stdout | server/test/integration.test.js > Run terminal state — integration > returnToLobby rejects request while run is still playing and emits runError to requesting socket
Player connected: 3wtynbK4F4nb4juMAABh

stdout | server/test/integration.test.js > Run terminal state — integration > returnToLobby rejects request while run is still playing and emits runError to requesting socket
Player disconnected: iMnI0t2oT0bqvjI_AABf

stdout | server/test/integration.test.js > Run terminal state — integration > returnToLobby rejects request while run is still playing and emits runError to requesting socket
Player disconnected: 3wtynbK4F4nb4juMAABh

stdout | server/test/integration.test.js > Rewards in run complete payload > runComplete payload contains per-player rewards with at least one card after a victory
Server listening on port 0

stdout | server/test/integration.test.js > Rewards in run complete payload > runComplete payload contains per-player rewards with at least one card after a victory
Player connected: tsQNm6_M1OPqe3ZbAABj

stdout | server/test/integration.test.js > Rewards in run complete payload > runComplete payload contains per-player rewards with at least one card after a victory
Player connected: OfU3cyc97_7UE2q7AABl

stdout | server/test/integration.test.js > Rewards in run complete payload > runComplete payload contains per-player rewards with at least one card after a victory
Player disconnected: tsQNm6_M1OPqe3ZbAABj

stdout | server/test/integration.test.js > Rewards in run complete payload > runComplete payload contains per-player rewards with at least one card after a victory
Player disconnected: OfU3cyc97_7UE2q7AABl

stdout | server/test/integration.test.js > Rewards in run complete payload > runFailed payload contains per-player rewards but no victory card
Server listening on port 0

stdout | server/test/integration.test.js > Rewards in run complete payload > runFailed payload contains per-player rewards but no victory card
Player connected: 3ZM_Loy8pd2vMWReAABn

stdout | server/test/integration.test.js > Rewards in run complete payload > runFailed payload contains per-player rewards but no victory card
Player connected: rQMuhpXQRMp8HaESAABp

stdout | server/test/integration.test.js > Rewards in run complete payload > runFailed payload contains per-player rewards but no victory card
Player disconnected: 3ZM_Loy8pd2vMWReAABn

stdout | server/test/integration.test.js > Rewards in run complete payload > runFailed payload contains per-player rewards but no victory card
Player disconnected: rQMuhpXQRMp8HaESAABp

stdout | server/test/integration.test.js > Rewards in run complete payload > currency picked up via lootPickup appears in player currency in the run summary
Server listening on port 0

stdout | server/test/integration.test.js > Rewards in run complete payload > currency picked up via lootPickup appears in player currency in the run summary
Player connected: BYCiL89tnTrG2UvHAABr

stdout | server/test/integration.test.js > Rewards in run complete payload > currency picked up via lootPickup appears in player currency in the run summary
Player connected: YehJJuVNtJj9F58gAABt

stdout | server/test/integration.test.js > Rewards in run complete payload > currency picked up via lootPickup appears in player currency in the run summary
[loot] picked up id=loot_test value=15 by BYCiL89tnTrG2UvHAABr (currency=15)

stdout | server/test/integration.test.js > Rewards in run complete payload > currency picked up via lootPickup appears in player currency in the run summary
Player disconnected: BYCiL89tnTrG2UvHAABr

stdout | server/test/integration.test.js > Rewards in run complete payload > currency picked up via lootPickup appears in player currency in the run summary
Player disconnected: YehJJuVNtJj9F58gAABt

stdout | server/test/integration.test.js > Reward state persistence across runs > after completing a run and returning to lobby, currency and ownedCards are preserved
Server listening on port 0

stdout | server/test/integration.test.js > Reward state persistence across runs > after completing a run and returning to lobby, currency and ownedCards are preserved
Player connected: uiG54QOhgYj-yK2xAABv

stdout | server/test/integration.test.js > Reward state persistence across runs > after completing a run and returning to lobby, currency and ownedCards are preserved
Player connected: a5dZKCgVZEI7g7R8AABx

stdout | server/test/integration.test.js > Reward state persistence across runs > after completing a run and returning to lobby, currency and ownedCards are preserved
Player disconnected: uiG54QOhgYj-yK2xAABv

stdout | server/test/integration.test.js > Reward state persistence across runs > after completing a run and returning to lobby, currency and ownedCards are preserved
Player disconnected: a5dZKCgVZEI7g7R8AABx

stdout | server/test/integration.test.js > Reward state persistence across runs > starting a second run after returning to lobby uses the same currency and ownedCards from previous run
Server listening on port 0

stdout | server/test/integration.test.js > Reward state persistence across runs > starting a second run after returning to lobby uses the same currency and ownedCards from previous run
Player connected: AJnjkGkwrGYSBq8JAABz

stdout | server/test/integration.test.js > Reward state persistence across runs > starting a second run after returning to lobby uses the same currency and ownedCards from previous run
Player connected: zh9JU9qOWqOL_VHkAAB1

stdout | server/test/integration.test.js > Reward state persistence across runs > starting a second run after returning to lobby uses the same currency and ownedCards from previous run
[loot] spawned id=3da587bd-d860-4b90-b0bd-22dce55a4f90 value=15

stdout | server/test/integration.test.js > Reward state persistence across runs > starting a second run after returning to lobby uses the same currency and ownedCards from previous run
Player disconnected: AJnjkGkwrGYSBq8JAABz

stdout | server/test/integration.test.js > Reward state persistence across runs > starting a second run after returning to lobby uses the same currency and ownedCards from previous run
Player disconnected: zh9JU9qOWqOL_VHkAAB1

stdout | server/test/integration.test.js > Reward state persistence across runs > returnPlayersToLobby preserves ownedCards and runRewards
Server listening on port 0

stdout | server/test/integration.test.js > Reward state persistence across runs > returnPlayersToLobby preserves ownedCards and runRewards
Player connected: -WzEFmfnBj3Lpk3lAAB3

stdout | server/test/integration.test.js > Reward state persistence across runs > returnPlayersToLobby preserves ownedCards and runRewards
Player connected: WIM2JkHOSVdg3HEgAAB5

stdout | server/test/integration.test.js > Reward state persistence across runs > returnPlayersToLobby preserves ownedCards and runRewards
Player disconnected: -WzEFmfnBj3Lpk3lAAB3

stdout | server/test/integration.test.js > Reward state persistence across runs > returnPlayersToLobby preserves ownedCards and runRewards
Player disconnected: WIM2JkHOSVdg3HEgAAB5

stdout | server/test/integration.test.js > Deck edit handlers — deckAddCard / deckRemoveCard > player A adds a card and receives deckUpdate; player B deck is unchanged
Server listening on port 0

stdout | server/test/integration.test.js > Deck edit handlers — deckAddCard / deckRemoveCard > player A adds a card and receives deckUpdate; player B deck is unchanged
Player connected: dhvihUsyVZouicJ_AAB7

stdout | server/test/integration.test.js > Deck edit handlers — deckAddCard / deckRemoveCard > player A adds a card and receives deckUpdate; player B deck is unchanged
Player connected: 6OqN1WAw6MmX6_yMAAB9

stdout | server/test/integration.test.js > Deck edit handlers — deckAddCard / deckRemoveCard > player A adds a card and receives deckUpdate; player B deck is unchanged
Player disconnected: dhvihUsyVZouicJ_AAB7

stdout | server/test/integration.test.js > Deck edit handlers — deckAddCard / deckRemoveCard > player A adds a card and receives deckUpdate; player B deck is unchanged
Player disconnected: 6OqN1WAw6MmX6_yMAAB9

stdout | server/test/integration.test.js > Deck edit handlers — deckAddCard / deckRemoveCard > player removes a card from deck and receives deckUpdate
Server listening on port 0

stdout | server/test/integration.test.js > Deck edit handlers — deckAddCard / deckRemoveCard > player removes a card from deck and receives deckUpdate
Player connected: ceBO1Ijgdo_Ef7FmAAB_

stdout | server/test/integration.test.js > Deck edit handlers — deckAddCard / deckRemoveCard > player removes a card from deck and receives deckUpdate
Player connected: kJmCOSIGXny27NLEAACB

stdout | server/test/integration.test.js > Deck edit handlers — deckAddCard / deckRemoveCard > player removes a card from deck and receives deckUpdate
Player disconnected: ceBO1Ijgdo_Ef7FmAAB_

stdout | server/test/integration.test.js > Deck edit handlers — deckAddCard / deckRemoveCard > player removes a card from deck and receives deckUpdate
Player disconnected: kJmCOSIGXny27NLEAACB

stdout | server/test/integration.test.js > Deck edit handlers — deckAddCard / deckRemoveCard > deckAddCard during playing phase is silently ignored
Server listening on port 0

stdout | server/test/integration.test.js > Deck edit handlers — deckAddCard / deckRemoveCard > deckAddCard during playing phase is silently ignored
Player connected: Khe12ICSR4i8iEcMAACD

stdout | server/test/integration.test.js > Deck edit handlers — deckAddCard / deckRemoveCard > deckAddCard during playing phase is silently ignored
Player connected: KEoTgh9vndTz3Z87AACF

stdout | server/test/integration.test.js > Deck edit handlers — deckAddCard / deckRemoveCard > deckAddCard during playing phase is silently ignored
Player disconnected: Khe12ICSR4i8iEcMAACD

stdout | server/test/integration.test.js > Deck edit handlers — deckAddCard / deckRemoveCard > deckAddCard during playing phase is silently ignored
Player disconnected: KEoTgh9vndTz3Z87AACF

stdout | server/test/integration.test.js > Deck edit handlers — deckAddCard / deckRemoveCard > deckRemoveCard during playing phase is silently ignored
Server listening on port 0

stdout | server/test/integration.test.js > Deck edit handlers — deckAddCard / deckRemoveCard > deckRemoveCard during playing phase is silently ignored
Player connected: EGhAuqvUEeVNRYdmAACH

stdout | server/test/integration.test.js > Deck edit handlers — deckAddCard / deckRemoveCard > deckRemoveCard during playing phase is silently ignored
Player connected: tdqP_oV_AZHkKwpfAACJ

stdout | server/test/integration.test.js > Deck edit handlers — deckAddCard / deckRemoveCard > deckRemoveCard during playing phase is silently ignored
Player disconnected: EGhAuqvUEeVNRYdmAACH

stdout | server/test/integration.test.js > Deck edit handlers — deckAddCard / deckRemoveCard > deckRemoveCard during playing phase is silently ignored
Player disconnected: tdqP_oV_AZHkKwpfAACJ

stdout | server/test/integration.test.js > Deck edit handlers — deckAddCard / deckRemoveCard > adding unknown card emits deckError
Server listening on port 0

stdout | server/test/integration.test.js > Deck edit handlers — deckAddCard / deckRemoveCard > adding unknown card emits deckError
Player connected: kLgfwrXfjAHP8AAzAACL

stdout | server/test/integration.test.js > Deck edit handlers — deckAddCard / deckRemoveCard > adding unknown card emits deckError
Player connected: UjVVQ5zcnlChC8TXAACN

stdout | server/test/integration.test.js > Deck edit handlers — deckAddCard / deckRemoveCard > adding unknown card emits deckError
Player disconnected: kLgfwrXfjAHP8AAzAACL

stdout | server/test/integration.test.js > Deck edit handlers — deckAddCard / deckRemoveCard > adding unknown card emits deckError
Player disconnected: UjVVQ5zcnlChC8TXAACN

stdout | server/test/integration.test.js > Deck edit handlers — deckAddCard / deckRemoveCard > removing card not in deck emits deckError
Server listening on port 0

stdout | server/test/integration.test.js > Deck edit handlers — deckAddCard / deckRemoveCard > removing card not in deck emits deckError
Player connected: Oir4oC0tI2fr8D34AACP

stdout | server/test/integration.test.js > Deck edit handlers — deckAddCard / deckRemoveCard > removing card not in deck emits deckError
Player connected: iaFqolyQ2biP6VmSAACR

stdout | server/test/integration.test.js > Deck edit handlers — deckAddCard / deckRemoveCard > removing card not in deck emits deckError
Player disconnected: Oir4oC0tI2fr8D34AACP

stdout | server/test/integration.test.js > Deck edit handlers — deckAddCard / deckRemoveCard > removing card not in deck emits deckError
Player disconnected: iaFqolyQ2biP6VmSAACR

stdout | server/test/integration.test.js > Deck edit handlers — deckAddCard / deckRemoveCard > adding too many copies of a card emits deckError
Server listening on port 0

stdout | server/test/integration.test.js > Deck edit handlers — deckAddCard / deckRemoveCard > adding too many copies of a card emits deckError
Player connected: JvOhDGO09PUeqdwlAACT

stdout | server/test/integration.test.js > Deck edit handlers — deckAddCard / deckRemoveCard > adding too many copies of a card emits deckError
Player connected: QkBgwPKYs8qaI2OpAACV

stdout | server/test/integration.test.js > Deck edit handlers — deckAddCard / deckRemoveCard > adding too many copies of a card emits deckError
Player disconnected: JvOhDGO09PUeqdwlAACT

stdout | server/test/integration.test.js > Deck edit handlers — deckAddCard / deckRemoveCard > adding too many copies of a card emits deckError
Player disconnected: QkBgwPKYs8qaI2OpAACV

stdout | server/test/integration.test.js > Deck edit handlers — deckAddCard / deckRemoveCard > two players can edit decks independently without affecting each other
Server listening on port 0

stdout | server/test/integration.test.js > Deck edit handlers — deckAddCard / deckRemoveCard > two players can edit decks independently without affecting each other
Player connected: b198QJMDlVhmSGH4AACX

stdout | server/test/integration.test.js > Deck edit handlers — deckAddCard / deckRemoveCard > two players can edit decks independently without affecting each other
Player connected: ESTyeSU9bGFEMG7WAACZ

stdout | server/test/integration.test.js > Deck edit handlers — deckAddCard / deckRemoveCard > two players can edit decks independently without affecting each other
Player disconnected: b198QJMDlVhmSGH4AACX

stdout | server/test/integration.test.js > Deck edit handlers — deckAddCard / deckRemoveCard > two players can edit decks independently without affecting each other
Player disconnected: ESTyeSU9bGFEMG7WAACZ

stdout | server/test/integration.test.js > Server Ready Validation and Deck-to-Hand > client receives init event containing selectedDeck and ownedCards
Server listening on port 0

stdout | server/test/integration.test.js > Server Ready Validation and Deck-to-Hand > client receives init event containing selectedDeck and ownedCards
Player connected: GD_2AaMCD526NWuyAACb

stdout | server/test/integration.test.js > Server Ready Validation and Deck-to-Hand > client receives init event containing selectedDeck and ownedCards
Player connected: 0nzODpXS-Qb8_8kiAACd

stdout | server/test/integration.test.js > Server Ready Validation and Deck-to-Hand > client receives init event containing selectedDeck and ownedCards
Player connected: kEp4s9WO-ygtb5S-AACf

stdout | server/test/integration.test.js > Server Ready Validation and Deck-to-Hand > client receives init event containing selectedDeck and ownedCards
Player disconnected: kEp4s9WO-ygtb5S-AACf

stdout | server/test/integration.test.js > Server Ready Validation and Deck-to-Hand > client receives init event containing selectedDeck and ownedCards
Player disconnected: GD_2AaMCD526NWuyAACb

stdout | server/test/integration.test.js > Server Ready Validation and Deck-to-Hand > client receives init event containing selectedDeck and ownedCards
Player disconnected: 0nzODpXS-Qb8_8kiAACd

stdout | server/test/integration.test.js > Server Ready Validation and Deck-to-Hand > ready is rejected with deckError when deck is too small
Server listening on port 0

stdout | server/test/integration.test.js > Server Ready Validation and Deck-to-Hand > ready is rejected with deckError when deck is too small
Player connected: KdHWX36scWPdOXqhAACh

stdout | server/test/integration.test.js > Server Ready Validation and Deck-to-Hand > ready is rejected with deckError when deck is too small
Player connected: zqSnIh0rI-jmKiHnAACj

stdout | server/test/integration.test.js > Server Ready Validation and Deck-to-Hand > ready is rejected with deckError when deck is too small
Player disconnected: KdHWX36scWPdOXqhAACh

stdout | server/test/integration.test.js > Server Ready Validation and Deck-to-Hand > ready is rejected with deckError when deck is too small
Player disconnected: zqSnIh0rI-jmKiHnAACj

stdout | server/test/integration.test.js > Server Ready Validation and Deck-to-Hand > a valid selected deck populates player.deck when the run starts
Server listening on port 0

stdout | server/test/integration.test.js > Server Ready Validation and Deck-to-Hand > a valid selected deck populates player.deck when the run starts
Player connected: GsC6ybJoJXTQP_GxAACl

stdout | server/test/integration.test.js > Server Ready Validation and Deck-to-Hand > a valid selected deck populates player.deck when the run starts
Player connected: jeAfe7sKY5VDuDRRAACn

stdout | server/test/integration.test.js > Server Ready Validation and Deck-to-Hand > a valid selected deck populates player.deck when the run starts
Player disconnected: GsC6ybJoJXTQP_GxAACl

stdout | server/test/integration.test.js > Server Ready Validation and Deck-to-Hand > a valid selected deck populates player.deck when the run starts
Player disconnected: jeAfe7sKY5VDuDRRAACn

stdout | server/test/integration.test.js > Enemy telegraph integration > enemy enters windup before damaging player
Server listening on port 0

stdout | server/test/integration.test.js > Enemy telegraph integration > enemy enters windup before damaging player
Player connected: L3tNeOp0shtx2g0kAACp

stdout | server/test/integration.test.js > Enemy telegraph integration > enemy enters windup before damaging player
Player disconnected: L3tNeOp0shtx2g0kAACp

stdout | server/test/integration.test.js > Enemy telegraph integration > moving out of range avoids damage
Server listening on port 0

stdout | server/test/integration.test.js > Enemy telegraph integration > moving out of range avoids damage
Player connected: 162zLcB6xEnHc2RGAACr

stderr | server/test/integration.test.js > Enemy telegraph integration > moving out of range avoids damage
Rejected move from 162zLcB6xEnHc2RGAACr: swept collision from (10.00, 30.00) to (8.24, 28.24)

stderr | server/test/integration.test.js > Enemy telegraph integration > moving out of range avoids damage
Rejected move from 162zLcB6xEnHc2RGAACr: swept collision from (10.00, 30.00) to (7.60, 27.60)

stderr | server/test/integration.test.js > Enemy telegraph integration > moving out of range avoids damage
Rejected move from 162zLcB6xEnHc2RGAACr: swept collision from (10.00, 30.00) to (7.60, 27.60)

stderr | server/test/integration.test.js > Enemy telegraph integration > moving out of range avoids damage
Rejected move from 162zLcB6xEnHc2RGAACr: swept collision from (10.00, 30.00) to (7.60, 27.60)

stderr | server/test/integration.test.js > Enemy telegraph integration > moving out of range avoids damage
Rejected move from 162zLcB6xEnHc2RGAACr: swept collision from (10.00, 30.00) to (7.60, 27.60)

stderr | server/test/integration.test.js > Enemy telegraph integration > moving out of range avoids damage
Rejected move from 162zLcB6xEnHc2RGAACr: swept collision from (10.00, 30.00) to (7.60, 27.60)

stderr | server/test/integration.test.js > Enemy telegraph integration > moving out of range avoids damage
Rejected move from 162zLcB6xEnHc2RGAACr: swept collision from (10.00, 30.00) to (7.60, 27.60)

stderr | server/test/integration.test.js > Enemy telegraph integration > moving out of range avoids damage
Rejected move from 162zLcB6xEnHc2RGAACr: swept collision from (10.00, 30.00) to (7.60, 27.60)

stderr | server/test/integration.test.js > Enemy telegraph integration > moving out of range avoids damage
Rejected move from 162zLcB6xEnHc2RGAACr: swept collision from (10.00, 30.00) to (7.60, 27.60)

stderr | server/test/integration.test.js > Enemy telegraph integration > moving out of range avoids damage
Rejected move from 162zLcB6xEnHc2RGAACr: swept collision from (10.00, 30.00) to (7.60, 27.60)

stdout | server/test/integration.test.js > Enemy telegraph integration > moving out of range avoids damage
Player disconnected: 162zLcB6xEnHc2RGAACr

stdout | server/test/integration.test.js > Enemy telegraph integration > standing still near enemy results in damage after windup + strike
Server listening on port 0

stdout | server/test/integration.test.js > Enemy telegraph integration > standing still near enemy results in damage after windup + strike
Player connected: TqMMA4rhshAfWF5MAACt

stdout | server/test/integration.test.js > Enemy telegraph integration > standing still near enemy results in damage after windup + strike
Player disconnected: TqMMA4rhshAfWF5MAACt

stdout | server/test/integration.test.js > Dungeon layout consistency > two clients connect to the same server and both receive the same layoutSeed in their init payload
Server listening on port 0

stdout | server/test/integration.test.js > Dungeon layout consistency > two clients connect to the same server and both receive the same layoutSeed in their init payload
Player connected: AzoINw0NAkJ4tWWUAACv

stdout | server/test/integration.test.js > Dungeon layout consistency > two clients connect to the same server and both receive the same layoutSeed in their init payload
Player connected: JxbQcKDRsSvotUyTAACx

stdout | server/test/integration.test.js > Dungeon layout consistency > two clients connect to the same server and both receive the same layoutSeed in their init payload
Player disconnected: AzoINw0NAkJ4tWWUAACv

stdout | server/test/integration.test.js > Dungeon layout consistency > two clients connect to the same server and both receive the same layoutSeed in their init payload
Player disconnected: JxbQcKDRsSvotUyTAACx

stdout | server/test/integration.test.js > Dungeon layout consistency > two clients receive identical layout.rooms arrays (same count, same positions/sizes)
Server listening on port 0

stdout | server/test/integration.test.js > Dungeon layout consistency > two clients receive identical layout.rooms arrays (same count, same positions/sizes)
Player connected: 8f8L_Bys08eZEoLLAACz

stdout | server/test/integration.test.js > Dungeon layout consistency > two clients receive identical layout.rooms arrays (same count, same positions/sizes)
Player connected: YftaN2bg06I11PKCAAC1

stdout | server/test/integration.test.js > Dungeon layout consistency > two clients receive identical layout.rooms arrays (same count, same positions/sizes)
Player disconnected: 8f8L_Bys08eZEoLLAACz

stdout | server/test/integration.test.js > Dungeon layout consistency > two clients receive identical layout.rooms arrays (same count, same positions/sizes)
Player disconnected: YftaN2bg06I11PKCAAC1

stdout | server/test/integration.test.js > Dungeon layout consistency > stateUpdate payloads include layoutSeed matching the original init seed
Server listening on port 0

stdout | server/test/integration.test.js > Dungeon layout consistency > stateUpdate payloads include layoutSeed matching the original init seed
Player connected: _Lnk35kOi7sAwBIfAAC3

stdout | server/test/integration.test.js > Dungeon layout consistency > stateUpdate payloads include layoutSeed matching the original init seed
Player disconnected: _Lnk35kOi7sAwBIfAAC3

stdout | server/test/integration.test.js > Dungeon layout consistency > after resetGameState() a new layout with a different seed is generated
Server listening on port 0

stdout | server/test/integration.test.js > Dungeon layout consistency > after resetGameState() a new layout with a different seed is generated
Player connected: i_kPtMSYFI8xpgpXAAC5

stdout | server/test/integration.test.js > Dungeon layout consistency > after resetGameState() a new layout with a different seed is generated
Player disconnected: i_kPtMSYFI8xpgpXAAC5

stdout | server/test/integration.test.js > Dungeon layout consistency > after resetGameState() a new layout with a different seed is generated
Player connected: aan3lx6gn--EMYlfAAC7

stdout | server/test/integration.test.js > Dungeon layout consistency > after resetGameState() a new layout with a different seed is generated
Player disconnected: aan3lx6gn--EMYlfAAC7

stdout | server/test/integration.test.js > Dungeon layout consistency > clampToDungeon() prevents player movement beyond dungeon bounds
Server listening on port 0

stdout | server/test/integration.test.js > Dungeon layout consistency > clampToDungeon() prevents player movement beyond dungeon bounds
Player connected: oy3nMUrjGfn-CwsZAAC9

stdout | server/test/integration.test.js > Dungeon layout consistency > clampToDungeon() prevents player movement beyond dungeon bounds
Player disconnected: oy3nMUrjGfn-CwsZAAC9

stdout | server/test/integration.test.js > Loot pickup throttle — idempotency > emitting lootPickup twice for the same loot ID only credits currency once
Server listening on port 0

stdout | server/test/integration.test.js > Loot pickup throttle — idempotency > emitting lootPickup twice for the same loot ID only credits currency once
Player connected: wBKXxP_SqbybBV3mAAC_

stdout | server/test/integration.test.js > Loot pickup throttle — idempotency > emitting lootPickup twice for the same loot ID only credits currency once
[loot] picked up id=loot_idempotent value=10 by wBKXxP_SqbybBV3mAAC_ (currency=10)

stdout | server/test/integration.test.js > Loot pickup throttle — idempotency > emitting lootPickup twice for the same loot ID only credits currency once
Player disconnected: wBKXxP_SqbybBV3mAAC_

stdout | server/test/integration.test.js > Loot pickup throttle — idempotency > emitting lootPickup for a non-existent loot ID is a no-op
Server listening on port 0

stdout | server/test/integration.test.js > Loot pickup throttle — idempotency > emitting lootPickup for a non-existent loot ID is a no-op
Player connected: 91Csn_YMn07jtz5vAADB

stdout | server/test/integration.test.js > Loot pickup throttle — idempotency > emitting lootPickup for a non-existent loot ID is a no-op
Player disconnected: 91Csn_YMn07jtz5vAADB

stdout | server/test/integration.test.js > Loot pickup — dead player exclusion > emitting lootPickup as a dead player leaves loot in gameState.loot and currency unchanged
Server listening on port 0

stdout | server/test/integration.test.js > Loot pickup — dead player exclusion > emitting lootPickup as a dead player leaves loot in gameState.loot and currency unchanged
Player connected: C_jcr2CqreVAP6c9AADD

stdout | server/test/integration.test.js > Loot pickup — dead player exclusion > emitting lootPickup as a dead player leaves loot in gameState.loot and currency unchanged
[loot] picked up id=loot_dead_test value=12 by C_jcr2CqreVAP6c9AADD (currency=12)

stdout | server/test/integration.test.js > Loot pickup — dead player exclusion > emitting lootPickup as a dead player leaves loot in gameState.loot and currency unchanged
Player disconnected: C_jcr2CqreVAP6c9AADD

stdout | server/test/integration.test.js > killing skirmisher via weapon card (integration) > player uses a weapon card to kill a skirmisher — hp goes to 0, enemy removed, defeatedEnemies incremented
Server listening on port 0

stdout | server/test/integration.test.js > killing skirmisher via weapon card (integration) > player uses a weapon card to kill a skirmisher — hp goes to 0, enemy removed, defeatedEnemies incremented
Player connected: JBpS0nI4RMYXhBzoAADF

stdout | server/test/integration.test.js > killing skirmisher via weapon card (integration) > player uses a weapon card to kill a skirmisher — hp goes to 0, enemy removed, defeatedEnemies incremented
[loot] spawned id=8218a978-089d-46e1-9b18-42909e13797f value=8

stdout | server/test/integration.test.js > killing skirmisher via weapon card (integration) > player uses a weapon card to kill a skirmisher — hp goes to 0, enemy removed, defeatedEnemies incremented
Player disconnected: JBpS0nI4RMYXhBzoAADF

stdout | server/test/integration.test.js > killing miniboss via weapon card (integration) > player uses weapon cards to kill a miniboss — requires multiple hits, defeatedEnemies incremented
Server listening on port 0

stdout | server/test/integration.test.js > killing miniboss via weapon card (integration) > player uses weapon cards to kill a miniboss — requires multiple hits, defeatedEnemies incremented
Player connected: U3mJrrUhuZgbjFLcAADH

stdout | server/test/integration.test.js > killing miniboss via weapon card (integration) > player uses weapon cards to kill a miniboss — requires multiple hits, defeatedEnemies incremented
[loot] spawned id=a14b91ae-462c-4d8b-8ab7-d91d8939575f value=15

stdout | server/test/integration.test.js > killing miniboss via weapon card (integration) > player uses weapon cards to kill a miniboss — requires multiple hits, defeatedEnemies incremented
Player disconnected: U3mJrrUhuZgbjFLcAADH

stdout | server/test/integration.test.js > spawner spawns skirmishers (integration) > initial enemy list contains a spawner after entering playing phase
Server listening on port 0

stdout | server/test/integration.test.js > spawner spawns skirmishers (integration) > initial enemy list contains a spawner after entering playing phase
Player connected: HcjPk2IDlaeUsk62AADJ

stdout | server/test/integration.test.js > spawner spawns skirmishers (integration) > initial enemy list contains a spawner after entering playing phase
Player disconnected: HcjPk2IDlaeUsk62AADJ

stdout | server/test/integration.test.js > spawner spawns skirmishers (integration) > enemy count increases after advancing time past spawnIntervalMs
Server listening on port 0

stdout | server/test/integration.test.js > spawner spawns skirmishers (integration) > enemy count increases after advancing time past spawnIntervalMs
Player connected: GlZsQn3sFb3sDJ9BAADL

stdout | server/test/integration.test.js > spawner spawns skirmishers (integration) > enemy count increases after advancing time past spawnIntervalMs
Player disconnected: GlZsQn3sFb3sDJ9BAADL

stdout | server/test/integration.test.js > spawner spawns skirmishers (integration) > new enemy has type skirmisher and spawnedBy matching spawner id
Server listening on port 0

stdout | server/test/integration.test.js > spawner spawns skirmishers (integration) > new enemy has type skirmisher and spawnedBy matching spawner id
Player connected: Zc2uI2a7FjCfOUkeAADN

stdout | server/test/integration.test.js > spawner spawns skirmishers (integration) > new enemy has type skirmisher and spawnedBy matching spawner id
Player disconnected: Zc2uI2a7FjCfOUkeAADN

stdout | server/test/integration.test.js > spawner spawns skirmishers (integration) > no regression: grunt and miniboss enemies still present and unaffected
Server listening on port 0

stdout | server/test/integration.test.js > spawner spawns skirmishers (integration) > no regression: grunt and miniboss enemies still present and unaffected
Player connected: KgMbPX31U6j_OPqeAADP

stdout | server/test/integration.test.js > spawner spawns skirmishers (integration) > no regression: grunt and miniboss enemies still present and unaffected
Player disconnected: KgMbPX31U6j_OPqeAADP

stdout | server/test/integration.test.js > Swept collision — tunneling rejection > a move that tunnels through a wall is rejected
Server listening on port 0

stdout | server/test/integration.test.js > Swept collision — tunneling rejection > a move that tunnels through a wall is rejected
Player connected: qIXNpA65yrfiWtnnAADR

stdout | server/test/integration.test.js > Swept collision — tunneling rejection > a move that tunnels through a wall is rejected
Player disconnected: qIXNpA65yrfiWtnnAADR

stdout | server/test/integration.test.js > Card cooldown — COOLDOWN_MS > a second useCard on the same slot within COOLDOWN_MS is rejected with cardError
Server listening on port 0

stdout | server/test/integration.test.js > Card cooldown — COOLDOWN_MS > a second useCard on the same slot within COOLDOWN_MS is rejected with cardError
Player connected: GKara86EtO2AfKqKAADT

stdout | server/test/integration.test.js > Card cooldown — COOLDOWN_MS > a second useCard on the same slot within COOLDOWN_MS is rejected with cardError
Player disconnected: GKara86EtO2AfKqKAADT

stdout | server/test/integration.test.js > Card cooldown — COOLDOWN_MS > useCard on the same slot succeeds after COOLDOWN_MS has elapsed
Server listening on port 0

stdout | server/test/integration.test.js > Card cooldown — COOLDOWN_MS > useCard on the same slot succeeds after COOLDOWN_MS has elapsed
Player connected: 2hc_lEpdi8Xpg9Q9AADV

stdout | server/test/integration.test.js > Card cooldown — COOLDOWN_MS > useCard on the same slot succeeds after COOLDOWN_MS has elapsed
Player disconnected: 2hc_lEpdi8Xpg9Q9AADV

stdout | server/test/integration.test.js > Elapsed cap — MAX_ELAPSED_MS > simulating a large time gap caps movement to MAX_ELAPSED_MS
Server listening on port 0

stdout | server/test/integration.test.js > Elapsed cap — MAX_ELAPSED_MS > simulating a large time gap caps movement to MAX_ELAPSED_MS
Player connected: HznE8-ZQEZz2Ko5WAADX

stdout | server/test/integration.test.js > Elapsed cap — MAX_ELAPSED_MS > simulating a large time gap caps movement to MAX_ELAPSED_MS
Player disconnected: HznE8-ZQEZz2Ko5WAADX

stdout | server/test/integration.test.js > Hand reconciliation — remainingCharges via stateUpdate > server corrections to remainingCharges are reflected in the client stateUpdate payload
Server listening on port 0

stdout | server/test/integration.test.js > Hand reconciliation — remainingCharges via stateUpdate > server corrections to remainingCharges are reflected in the client stateUpdate payload
Player connected: fF8_f-4S3SftkvhZAADZ

stdout | server/test/integration.test.js > Hand reconciliation — remainingCharges via stateUpdate > server corrections to remainingCharges are reflected in the client stateUpdate payload
Player disconnected: fF8_f-4S3SftkvhZAADZ

 ❯ |server| server/test/integration.test.js (75 tests | 2 failed) 24217ms
   ✓ Socket Integration — Connection Flow > client receives init event with id, state, layoutSeed, layout 21ms
   ✓ Socket Integration — Connection Flow > server registers the player in gameState.players 3ms
   ✓ Socket Integration — Move Event > emits move and server broadcasts stateUpdate with new position 154ms
   ✓ Socket Integration — Move Event > clamps position to dungeon bounds 105ms
   ✓ Socket Integration — Move Event > dead player cannot move 51ms
   ✓ Socket Integration — Move Event > applies MOVE_SPEED to normalized input with capped elapsed 103ms
   ✓ Socket Integration — Invalid Move Rejection > rejects move with missing fields 10ms
   ✓ Socket Integration — Invalid Move Rejection > rejects move with non-numeric fields 6ms
   ✓ Socket Integration — Invalid Move Rejection > rejects move with null payload 3ms
   ✓ Socket Integration — Invalid Move Rejection > rejects move with array payload 2ms
   ✓ Socket Integration — Invalid Move Rejection > rejects move with NaN fields 2ms
   ✓ Socket Integration — useCard Event > Weapon card > emits useCard, server processes cone attack and broadcasts cardUsed 53ms
   ✓ Socket Integration — useCard Event > Summon card > emits useCard, server processes radial AoE and deducts magic stones 52ms
   × Socket Integration — useCard Event > Summon card > rejects summon when not enough magic stones 79ms
     → expected -1 to be greater than or equal to 0
   ✓ Socket Integration — useCard Event > Monster card > emits useCard, server spawns a minion in gameState.minions 56ms
   ✓ Socket Integration — Heartbeat Event > client emits heartbeat, server responds with heartbeat_ack containing latency 12ms
   ✓ Socket Integration — Heartbeat Event > rejects heartbeat with invalid payload 205ms
   ✓ Socket Integration — Disconnect Event > removes player from gameState.players on disconnect 105ms
   ✓ Socket Integration — Disconnect Event > cleans up owned minions on disconnect 108ms
   ✓ Socket Integration — Last Player Disconnect Resets Run > resets gamePhase to lobby when last player disconnects during active run 109ms
   ✓ Socket Integration — Last Player Disconnect Resets Run > clears gameState.run when last player disconnects 109ms
   ✓ Socket Integration — Last Player Disconnect Resets Run > clears enemies, minions, and loot when last player disconnects 110ms
   ✓ Socket Integration — Last Player Disconnect Resets Run > does not reset run when a second player remains connected 167ms
   ✓ Socket Integration — Last Player Disconnect Resets Run > does not reset run when one of multiple players disconnects  5164ms
   ✓ Socket Integration — Last Player Disconnect Resets Run > resets to lobby when last player disconnects in terminal run state 113ms
   ✓ Socket Integration — Last Player Disconnect Resets Run > new connection receives clean lobby init after last player disconnects 160ms
   ✓ Socket Integration — Lobby / playerReady Flow > two players connect, both emit playerReady(true), both receive startGame 57ms
   ✓ Socket Integration — Lobby / playerReady Flow > broadcasts lobbyUpdate on playerReady 13ms
   ✓ dungeon run objective > both players receive state containing run object with correct initial values after game starts 56ms
   ✓ dungeon run objective > killing an enemy through useCard advances run.objective.defeatedEnemies by 1 57ms
   ✓ Run terminal state — integration > runComplete is emitted after the last enemy is defeated via a weapon card 58ms
   ✓ Run terminal state — integration > runFailed is emitted when all connected players are dead during a run 56ms
   ✓ Run terminal state — integration > returnToLobby resets gamePhase, clears run, empties enemies/minions/loot, and sets players to ready: false 58ms
   ✓ Run terminal state — integration > after returnToLobby, players can ready up and start a second run with a fresh objective 103ms
   ✓ Run terminal state — integration > ignores returnToLobby while the run is still playing 113ms
   ✓ Run terminal state — integration > returnToLobby rejects request while run is still playing and emits runError to requesting socket 55ms
   ✓ Rewards in run complete payload > runComplete payload contains per-player rewards with at least one card after a victory 58ms
   ✓ Rewards in run complete payload > runFailed payload contains per-player rewards but no victory card 56ms
   ✓ Rewards in run complete payload > currency picked up via lootPickup appears in player currency in the run summary 108ms
   ✓ Reward state persistence across runs > after completing a run and returning to lobby, currency and ownedCards are preserved 59ms
   ✓ Reward state persistence across runs > starting a second run after returning to lobby uses the same currency and ownedCards from previous run 106ms
   ✓ Reward state persistence across runs > returnPlayersToLobby preserves ownedCards and runRewards 59ms
   ✓ Deck edit handlers — deckAddCard / deckRemoveCard > player A adds a card and receives deckUpdate; player B deck is unchanged 114ms
   ✓ Deck edit handlers — deckAddCard / deckRemoveCard > player removes a card from deck and receives deckUpdate 14ms
   ✓ Deck edit handlers — deckAddCard / deckRemoveCard > deckAddCard during playing phase is silently ignored 257ms
   ✓ Deck edit handlers — deckAddCard / deckRemoveCard > deckRemoveCard during playing phase is silently ignored 256ms
   ✓ Deck edit handlers — deckAddCard / deckRemoveCard > adding unknown card emits deckError 5ms
   ✓ Deck edit handlers — deckAddCard / deckRemoveCard > removing card not in deck emits deckError 108ms
   ✓ Deck edit handlers — deckAddCard / deckRemoveCard > adding too many copies of a card emits deckError 15ms
   ✓ Deck edit handlers — deckAddCard / deckRemoveCard > two players can edit decks independently without affecting each other 109ms
   ✓ Server Ready Validation and Deck-to-Hand > client receives init event containing selectedDeck and ownedCards 60ms
   ✓ Server Ready Validation and Deck-to-Hand > ready is rejected with deckError when deck is too small 15ms
   ✓ Server Ready Validation and Deck-to-Hand > a valid selected deck populates player.deck when the run starts 54ms
   ✓ Enemy telegraph integration > enemy enters windup before damaging player  1055ms
   × Enemy telegraph integration > moving out of range avoids damage 1764ms
     → expected 90 to be 100 // Object.is equality
   ✓ Enemy telegraph integration > standing still near enemy results in damage after windup + strike  2556ms
   ✓ Dungeon layout consistency > two clients connect to the same server and both receive the same layoutSeed in their init payload 56ms
   ✓ Dungeon layout consistency > two clients receive identical layout.rooms arrays (same count, same positions/sizes) 62ms
   ✓ Dungeon layout consistency > stateUpdate payloads include layoutSeed matching the original init seed 103ms
   ✓ Dungeon layout consistency > after resetGameState() a new layout with a different seed is generated 115ms
   ✓ Dungeon layout consistency > clampToDungeon() prevents player movement beyond dungeon bounds 202ms
   ✓ Loot pickup throttle — idempotency > emitting lootPickup twice for the same loot ID only credits currency once 108ms
   ✓ Loot pickup throttle — idempotency > emitting lootPickup for a non-existent loot ID is a no-op 59ms
   ✓ Loot pickup — dead player exclusion > emitting lootPickup as a dead player leaves loot in gameState.loot and currency unchanged 110ms
   ✓ killing skirmisher via weapon card (integration) > player uses a weapon card to kill a skirmisher — hp goes to 0, enemy removed, defeatedEnemies incremented 57ms
   ✓ killing miniboss via weapon card (integration) > player uses weapon cards to kill a miniboss — requires multiple hits, defeatedEnemies incremented  2780ms
   ✓ spawner spawns skirmishers (integration) > initial enemy list contains a spawner after entering playing phase 54ms
   ✓ spawner spawns skirmishers (integration) > enemy count increases after advancing time past spawnIntervalMs 55ms
   ✓ spawner spawns skirmishers (integration) > new enemy has type skirmisher and spawnedBy matching spawner id 54ms
   ✓ spawner spawns skirmishers (integration) > no regression: grunt and miniboss enemies still present and unaffected  4558ms
   ✓ Swept collision — tunneling rejection > a move that tunnels through a wall is rejected 154ms
   ✓ Card cooldown — COOLDOWN_MS > a second useCard on the same slot within COOLDOWN_MS is rejected with cardError 57ms
   ✓ Card cooldown — COOLDOWN_MS > useCard on the same slot succeeds after COOLDOWN_MS has elapsed  957ms
   ✓ Elapsed cap — MAX_ELAPSED_MS > simulating a large time gap caps movement to MAX_ELAPSED_MS 103ms
   ✓ Hand reconciliation — remainingCharges via stateUpdate > server corrections to remainingCharges are reflected in the client stateUpdate payload 55ms

⎯⎯⎯⎯⎯⎯⎯ Failed Tests 2 ⎯⎯⎯⎯⎯⎯⎯

 FAIL  |server| server/test/integration.test.js > Socket Integration — useCard Event > Summon card > rejects summon when not enough magic stones
AssertionError: expected -1 to be greater than or equal to 0
 ❯ server/test/integration.test.js:479:23
    477|    // Find the slot with a summon card in hand
    478|    const summonSlot = player.hand.findIndex(c => c && c.type === 'summ…
    479|    expect(summonSlot).toBeGreaterThanOrEqual(0);
       |                       ^
    480|    const summonCard = player.hand[summonSlot];
    481| 

⎯⎯⎯⎯⎯⎯⎯⎯⎯⎯⎯⎯⎯⎯⎯⎯⎯⎯⎯⎯⎯⎯⎯⎯[1/2]⎯

 FAIL  |server| server/test/integration.test.js > Enemy telegraph integration > moving out of range avoids damage
AssertionError: expected 90 to be 100 // Object.is equality

[32m- Expected[39m
[31m+ Received[39m

[32m- 100[39m
[31m+ 90[39m

 ❯ server/test/integration.test.js:1964:21
    1962| 
    1963|   // Player HP should remain at initial value (100)
    1964|   expect(player.hp).toBe(100);
       |                     ^
    1965| 
    1966|   // Enemy should have cancelled the attack — attackState is no longer…

⎯⎯⎯⎯⎯⎯⎯⎯⎯⎯⎯⎯⎯⎯⎯⎯⎯⎯⎯⎯⎯⎯⎯⎯[2/2]⎯


 Test Files  1 failed | 3 passed (4)
      Tests  2 failed | 319 passed (321)
   Start at  21:48:01
   Duration  24.67s (transform 40ms, setup 12ms, collect 218ms, tests 24.59s, environment 189ms, prepare 193ms)

