
 RUN  v3.2.4 /home/matt/workspace/.autogame-worktrees/234-booth-quest-counter/game
      Coverage enabled with v8

stdout | client/test/questBooth.test.js > quest booth booth:action hook (main.js) > scrolls the quest panel into view for boothId quest in lobby and ignores other booths
[launchBooth] ready-up via booth

 ✓ |client| client/test/deck-viewer.test.js (21 tests) 147ms
stdout | client/test/key-item-dodge.test.js > dash VFX > triggerDashVFX applies squash scale when a player mesh exists
[initScene] Initializing Three.js scene...

 ✓ |client| client/test/key-item-dodge.test.js (4 tests) 376ms
stdout | client/test/characterBooth.test.js > character booth ?booth=character debug hook (main.js) > auto-opens once after hub lobby entry on localhost with ?booth=character
[initScene] Initializing Three.js scene...

stdout | client/test/characterBooth.test.js > character booth ?booth=character debug hook (main.js) > stays closed without the booth URL param
[initScene] Initializing Three.js scene...

 ✓ |client| client/test/questBooth.test.js (14 tests) 455ms
 ✓ |client| client/test/characterBooth.test.js (8 tests) 422ms
stdout | client/test/main.test.js > cardError handler — server hand rejection > shows a toast when the server rejects an unauthorized card use
[cardError] Card not in hand

stderr | client/test/main.test.js > createEnemyMesh() > creates a red cone for grunt (default) type
[renderer] failed to apply model "/models/grunt.glb" for "grunt": TypeError: Failed to parse URL from /models/grunt.glb
[90m    at new Request (node:internal/deps/undici/undici:9588:19)[39m
    at FileLoader.load [90m(file:///home/matt/workspace/.autogame-worktrees/234-booth-quest-counter/game/[39mnode_modules/[4m.pnpm[24m/three@0.184.0/node_modules/[4mthree[24m/build/three.core.js:44150:15[90m)[39m
[90m    ... 4 lines matching cause stack trace ...[39m
    at attachRegistryModel [90m(/home/matt/workspace/.autogame-worktrees/234-booth-quest-counter/game/[39mclient/renderer.js:502:11[90m)[39m
    at createEnemyMesh [90m(/home/matt/workspace/.autogame-worktrees/234-booth-quest-counter/game/[39mclient/renderer.js:2712:2[90m)[39m
    at [90m/home/matt/workspace/.autogame-worktrees/234-booth-quest-counter/game/[39mclient/test/main.test.js:2281:23
    at [90mfile:///home/matt/workspace/.autogame-worktrees/234-booth-quest-counter/game/[39mnode_modules/[4m.pnpm[24m/@vitest+runner@3.2.4/node_modules/[4m@vitest[24m/runner/dist/chunk-hooks.js:752:20 {
  [cause]: TypeError: Invalid URL: /models/grunt.glb
      at new URLImpl [90m(/home/matt/workspace/.autogame-worktrees/234-booth-quest-counter/game/[39mnode_modules/[4m.pnpm[24m/whatwg-url@14.2.0/node_modules/[4mwhatwg-url[24m/lib/URL-impl.js:20:13[90m)[39m
      at Object.exports.setup [90m(/home/matt/workspace/.autogame-worktrees/234-booth-quest-counter/game/[39mnode_modules/[4m.pnpm[24m/whatwg-url@14.2.0/node_modules/[4mwhatwg-url[24m/lib/URL.js:54:12[90m)[39m
      at new URL [90m(/home/matt/workspace/.autogame-worktrees/234-booth-quest-counter/game/[39mnode_modules/[4m.pnpm[24m/whatwg-url@14.2.0/node_modules/[4mwhatwg-url[24m/lib/URL.js:115:22[90m)[39m
  [90m    at new Request (node:internal/deps/undici/undici:9586:25)[39m
      at FileLoader.load [90m(file:///home/matt/workspace/.autogame-worktrees/234-booth-quest-counter/game/[39mnode_modules/[4m.pnpm[24m/three@0.184.0/node_modules/[4mthree[24m/build/three.core.js:44150:15[90m)[39m
      at GLTFLoader.load [90m(file:///home/matt/workspace/.autogame-worktrees/234-booth-quest-counter/game/[39mnode_modules/[4m.pnpm[24m/three@0.184.0/node_modules/[4mthree[24m/examples/jsm/loaders/GLTFLoader.js:319:10[90m)[39m
      at [90m/home/matt/workspace/.autogame-worktrees/234-booth-quest-counter/game/[39mclient/models.js:84:11
      at new Promise (<anonymous>)
      at loadModel [90m(/home/matt/workspace/.autogame-worktrees/234-booth-quest-counter/game/[39mclient/models.js:75:11[90m)[39m
      at attachRegistryModel [90m(/home/matt/workspace/.autogame-worktrees/234-booth-quest-counter/game/[39mclient/renderer.js:502:11[90m)[39m
}

stderr | client/test/main.test.js > createEnemyMesh() > creates an orange cone for skirmisher type
[renderer] failed to apply model "/models/skirmisher.glb" for "skirmisher": TypeError: Failed to parse URL from /models/skirmisher.glb
[90m    at new Request (node:internal/deps/undici/undici:9588:19)[39m
    at FileLoader.load [90m(file:///home/matt/workspace/.autogame-worktrees/234-booth-quest-counter/game/[39mnode_modules/[4m.pnpm[24m/three@0.184.0/node_modules/[4mthree[24m/build/three.core.js:44150:15[90m)[39m
[90m    ... 4 lines matching cause stack trace ...[39m
    at attachRegistryModel [90m(/home/matt/workspace/.autogame-worktrees/234-booth-quest-counter/game/[39mclient/renderer.js:502:11[90m)[39m
    at createEnemyMesh [90m(/home/matt/workspace/.autogame-worktrees/234-booth-quest-counter/game/[39mclient/renderer.js:2712:2[90m)[39m
    at [90m/home/matt/workspace/.autogame-worktrees/234-booth-quest-counter/game/[39mclient/test/main.test.js:2293:23
    at [90mfile:///home/matt/workspace/.autogame-worktrees/234-booth-quest-counter/game/[39mnode_modules/[4m.pnpm[24m/@vitest+runner@3.2.4/node_modules/[4m@vitest[24m/runner/dist/chunk-hooks.js:752:20 {
  [cause]: TypeError: Invalid URL: /models/skirmisher.glb
      at new URLImpl [90m(/home/matt/workspace/.autogame-worktrees/234-booth-quest-counter/game/[39mnode_modules/[4m.pnpm[24m/whatwg-url@14.2.0/node_modules/[4mwhatwg-url[24m/lib/URL-impl.js:20:13[90m)[39m
      at Object.exports.setup [90m(/home/matt/workspace/.autogame-worktrees/234-booth-quest-counter/game/[39mnode_modules/[4m.pnpm[24m/whatwg-url@14.2.0/node_modules/[4mwhatwg-url[24m/lib/URL.js:54:12[90m)[39m
      at new URL [90m(/home/matt/workspace/.autogame-worktrees/234-booth-quest-counter/game/[39mnode_modules/[4m.pnpm[24m/whatwg-url@14.2.0/node_modules/[4mwhatwg-url[24m/lib/URL.js:115:22[90m)[39m
  [90m    at new Request (node:internal/deps/undici/undici:9586:25)[39m
      at FileLoader.load [90m(file:///home/matt/workspace/.autogame-worktrees/234-booth-quest-counter/game/[39mnode_modules/[4m.pnpm[24m/three@0.184.0/node_modules/[4mthree[24m/build/three.core.js:44150:15[90m)[39m
      at GLTFLoader.load [90m(file:///home/matt/workspace/.autogame-worktrees/234-booth-quest-counter/game/[39mnode_modules/[4m.pnpm[24m/three@0.184.0/node_modules/[4mthree[24m/examples/jsm/loaders/GLTFLoader.js:319:10[90m)[39m
      at [90m/home/matt/workspace/.autogame-worktrees/234-booth-quest-counter/game/[39mclient/models.js:84:11
      at new Promise (<anonymous>)
      at loadModel [90m(/home/matt/workspace/.autogame-worktrees/234-booth-quest-counter/game/[39mclient/models.js:75:11[90m)[39m
      at attachRegistryModel [90m(/home/matt/workspace/.autogame-worktrees/234-booth-quest-counter/game/[39mclient/renderer.js:502:11[90m)[39m
}

stderr | client/test/main.test.js > createEnemyMesh() > creates a teal octahedron for spawner type
[renderer] failed to apply model "/models/spawner.glb" for "spawner": TypeError: Failed to parse URL from /models/spawner.glb
[90m    at new Request (node:internal/deps/undici/undici:9588:19)[39m
    at FileLoader.load [90m(file:///home/matt/workspace/.autogame-worktrees/234-booth-quest-counter/game/[39mnode_modules/[4m.pnpm[24m/three@0.184.0/node_modules/[4mthree[24m/build/three.core.js:44150:15[90m)[39m
[90m    ... 4 lines matching cause stack trace ...[39m
    at attachRegistryModel [90m(/home/matt/workspace/.autogame-worktrees/234-booth-quest-counter/game/[39mclient/renderer.js:502:11[90m)[39m
    at createEnemyMesh [90m(/home/matt/workspace/.autogame-worktrees/234-booth-quest-counter/game/[39mclient/renderer.js:2712:2[90m)[39m
    at [90m/home/matt/workspace/.autogame-worktrees/234-booth-quest-counter/game/[39mclient/test/main.test.js:2303:23
    at [90mfile:///home/matt/workspace/.autogame-worktrees/234-booth-quest-counter/game/[39mnode_modules/[4m.pnpm[24m/@vitest+runner@3.2.4/node_modules/[4m@vitest[24m/runner/dist/chunk-hooks.js:752:20 {
  [cause]: TypeError: Invalid URL: /models/spawner.glb
      at new URLImpl [90m(/home/matt/workspace/.autogame-worktrees/234-booth-quest-counter/game/[39mnode_modules/[4m.pnpm[24m/whatwg-url@14.2.0/node_modules/[4mwhatwg-url[24m/lib/URL-impl.js:20:13[90m)[39m
      at Object.exports.setup [90m(/home/matt/workspace/.autogame-worktrees/234-booth-quest-counter/game/[39mnode_modules/[4m.pnpm[24m/whatwg-url@14.2.0/node_modules/[4mwhatwg-url[24m/lib/URL.js:54:12[90m)[39m
      at new URL [90m(/home/matt/workspace/.autogame-worktrees/234-booth-quest-counter/game/[39mnode_modules/[4m.pnpm[24m/whatwg-url@14.2.0/node_modules/[4mwhatwg-url[24m/lib/URL.js:115:22[90m)[39m
  [90m    at new Request (node:internal/deps/undici/undici:9586:25)[39m
      at FileLoader.load [90m(file:///home/matt/workspace/.autogame-worktrees/234-booth-quest-counter/game/[39mnode_modules/[4m.pnpm[24m/three@0.184.0/node_modules/[4mthree[24m/build/three.core.js:44150:15[90m)[39m
      at GLTFLoader.load [90m(file:///home/matt/workspace/.autogame-worktrees/234-booth-quest-counter/game/[39mnode_modules/[4m.pnpm[24m/three@0.184.0/node_modules/[4mthree[24m/examples/jsm/loaders/GLTFLoader.js:319:10[90m)[39m
      at [90m/home/matt/workspace/.autogame-worktrees/234-booth-quest-counter/game/[39mclient/models.js:84:11
      at new Promise (<anonymous>)
      at loadModel [90m(/home/matt/workspace/.autogame-worktrees/234-booth-quest-counter/game/[39mclient/models.js:75:11[90m)[39m
      at attachRegistryModel [90m(/home/matt/workspace/.autogame-worktrees/234-booth-quest-counter/game/[39mclient/renderer.js:502:11[90m)[39m
}

stderr | client/test/main.test.js > createEnemyMesh() > creates a purple cone for miniboss type
[renderer] failed to apply model "/models/miniboss.glb" for "miniboss": TypeError: Failed to parse URL from /models/miniboss.glb
[90m    at new Request (node:internal/deps/undici/undici:9588:19)[39m
    at FileLoader.load [90m(file:///home/matt/workspace/.autogame-worktrees/234-booth-quest-counter/game/[39mnode_modules/[4m.pnpm[24m/three@0.184.0/node_modules/[4mthree[24m/build/three.core.js:44150:15[90m)[39m
[90m    ... 4 lines matching cause stack trace ...[39m
    at attachRegistryModel [90m(/home/matt/workspace/.autogame-worktrees/234-booth-quest-counter/game/[39mclient/renderer.js:502:11[90m)[39m
    at createEnemyMesh [90m(/home/matt/workspace/.autogame-worktrees/234-booth-quest-counter/game/[39mclient/renderer.js:2712:2[90m)[39m
    at [90m/home/matt/workspace/.autogame-worktrees/234-booth-quest-counter/game/[39mclient/test/main.test.js:2316:23
    at [90mfile:///home/matt/workspace/.autogame-worktrees/234-booth-quest-counter/game/[39mnode_modules/[4m.pnpm[24m/@vitest+runner@3.2.4/node_modules/[4m@vitest[24m/runner/dist/chunk-hooks.js:752:20 {
  [cause]: TypeError: Invalid URL: /models/miniboss.glb
      at new URLImpl [90m(/home/matt/workspace/.autogame-worktrees/234-booth-quest-counter/game/[39mnode_modules/[4m.pnpm[24m/whatwg-url@14.2.0/node_modules/[4mwhatwg-url[24m/lib/URL-impl.js:20:13[90m)[39m
      at Object.exports.setup [90m(/home/matt/workspace/.autogame-worktrees/234-booth-quest-counter/game/[39mnode_modules/[4m.pnpm[24m/whatwg-url@14.2.0/node_modules/[4mwhatwg-url[24m/lib/URL.js:54:12[90m)[39m
      at new URL [90m(/home/matt/workspace/.autogame-worktrees/234-booth-quest-counter/game/[39mnode_modules/[4m.pnpm[24m/whatwg-url@14.2.0/node_modules/[4mwhatwg-url[24m/lib/URL.js:115:22[90m)[39m
  [90m    at new Request (node:internal/deps/undici/undici:9586:25)[39m
      at FileLoader.load [90m(file:///home/matt/workspace/.autogame-worktrees/234-booth-quest-counter/game/[39mnode_modules/[4m.pnpm[24m/three@0.184.0/node_modules/[4mthree[24m/build/three.core.js:44150:15[90m)[39m
      at GLTFLoader.load [90m(file:///home/matt/workspace/.autogame-worktrees/234-booth-quest-counter/game/[39mnode_modules/[4m.pnpm[24m/three@0.184.0/node_modules/[4mthree[24m/examples/jsm/loaders/GLTFLoader.js:319:10[90m)[39m
      at [90m/home/matt/workspace/.autogame-worktrees/234-booth-quest-counter/game/[39mclient/models.js:84:11
      at new Promise (<anonymous>)
      at loadModel [90m(/home/matt/workspace/.autogame-worktrees/234-booth-quest-counter/game/[39mclient/models.js:75:11[90m)[39m
      at attachRegistryModel [90m(/home/matt/workspace/.autogame-worktrees/234-booth-quest-counter/game/[39mclient/renderer.js:502:11[90m)[39m
}

 ✓ |client| client/test/main.test.js (151 tests) 1143ms

 Test Files  5 passed (5)
      Tests  198 passed (198)
   Start at  05:35:06
   Duration  2.83s (transform 345ms, setup 157ms, collect 500ms, tests 2.54s, environment 1.71s, prepare 519ms)

 % Coverage report from v8
--------------|---------|----------|---------|---------|------------------------
File          | % Stmts | % Branch | % Funcs | % Lines | Uncovered Line #s      
--------------|---------|----------|---------|---------|------------------------
All files     |   55.15 |    65.11 |   41.93 |   55.15 |                        
 cards.js     |   78.15 |    63.33 |   77.77 |   78.15 | ...107,116-130,227-244 
 collision.js |   29.14 |      100 |    12.5 |   29.14 | ...228,234-242,248-253 
 delta.js     |   78.57 |      100 |       0 |   78.57 | 12-14                  
 hand.js      |   51.25 |    63.63 |   38.46 |   51.25 | ...140,156-157,160-163 
--------------|---------|----------|---------|---------|------------------------
