[createLobby] timeout waiting for #lobby visibility: page.waitForFunction: Timeout 10000ms exceeded.
[joinLobby] timeout waiting for #lobby visibility: page.waitForFunction: Timeout 10000ms exceeded.
{
  "url": "http://localhost:5176/",
  "ok": true,
  "ticketFile": "/home/matt/workspace/.autogame-worktrees/357-anim-event-horizon/tickets/357-anim-event-horizon/ticket.md",
  "capturePlanSource": "fallback",
  "capturePlanValid": true,
  "capturePlanAttempts": [],
  "capturePlanSummary": "Deterministic full-flow smoke capture: auth, lobby create/join, ready transition, movement, dodge/key-item with post-dodge cooldown probe.",
  "scenarios": [],
  "screenshots": [
    {
      "file": "01-initial.png",
      "player": "A",
      "description": "Both players in squad lobby."
    },
    {
      "file": "02-after-w.png",
      "player": "A",
      "description": "Gameplay after holding W."
    },
    {
      "file": "03-after-d.png",
      "player": "A",
      "description": "Gameplay after holding D."
    },
    {
      "file": "04-after-dodge.png",
      "player": "A",
      "description": "Gameplay after dodge roll with cooldown HUD."
    }
  ],
  "probes": [
    {
      "player": "A",
      "description": "After readying all players and entering gameplay.",
      "data": {
        "harnessState": {
          "debugScenario": null,
          "debugScenarioAllowed": true,
          "debugScenarioResult": null,
          "debugGodmodeResult": null,
          "debugTimeScale": 1,
          "debugTimeScaleResult": null,
          "debugTimeScaleAllowed": false,
          "objective": {
            "type": "defeat_enemies",
            "totalEnemies": 6,
            "activeEnemyCount": 2,
            "defeatedEnemies": 0,
            "label": "Initiate Vault: Sweep annex holding pens in scripted waves and breach the deeper vault wing."
          },
          "encounter": null,
          "bossEncounter": null,
          "runObjectiveComplete": false,
          "lastRunSummary": null,
          "sortieCompleteOverlayVisible": false,
          "myId": "f7d54f05-a99e-4a85-a377-de6fb713b537",
          "selectedDeck": [
            "d3885343-3b7f-4fd8-87a3-87f38f53a144",
            "9a212470-5e38-4f8b-827b-36e05f3b2dc6",
            "a16883eb-3c4d-4964-b334-90852c0cd10d",
            "dba4e6ee-214d-4a6f-8424-d49df3d0d6af",
            "5fd89eb6-6320-4901-9d69-cdeb2b5be6a4",
            "148561c6-c011-4dd2-a7fa-f9732e9b0235",
            "e13041f3-4a31-491f-8808-29c7e35a8223",
            "bbf3d201-3206-4c9e-82ac-383016e5b3de",
            "13e499e6-528a-4ea0-962d-34067957e4d6",
            "f84568fd-dead-499a-a057-ae62b96ebb1a",
            "598d59bc-57bc-4e5c-9dc6-a8fff41ade7f",
            "1dbe33a9-b54d-42d7-9a24-6ca8ce31a714"
          ],
          "phase": "playing",
          "runStatus": "playing",
          "suspendedRunSummary": null,
          "extracted": false,
          "telepipe": null,
          "layout": {
            "profile": "crowded",
            "seed": 352369970,
            "roomCount": 10,
            "startRoom": {
              "x": -9,
              "z": 27,
              "role": "start"
            }
          },
          "connectionState": "connected",
          "sceneInitialized": true,
          "hasCanvas": true,
          "lobbyVisible": false,
          "lobbyMenuDismissed": true,
          "characterBoothOpen": false,
          "deckEditorVisible": false,
          "runId": "f4fd2021-6dd6-489c-abbd-c14ff96358cb",
          "resumeBtnUsable": false,
          "abandonRunBtnUsable": false,
          "cardHandVisible": true,
          "status": "Latency: 1ms",
          "hpText": "60/100",
          "msText": "49/99",
          "currencyText": "Money 0",
          "currency": 0,
          "player": {
            "hp": 60,
            "magicStones": 49.90000000000046,
            "currency": 0,
            "debugGodmode": false,
            "dead": false,
            "x": -9,
            "y": 0.5,
            "z": 27,
            "equippedKeyItemId": "dodge_roll",
            "keyItemCooldownRemaining": 0,
            "cardUseState": null,
            "cardWindupUntil": 0,
            "cardWindupCardId": null,
            "slowedUntil": 0,
            "burningUntil": 0,
            "slowActive": false,
            "burnActive": false
          },
          "windupFlashing": false,
          "keyItemIndicatorOnCooldown": false,
          "keyItemIndicatorText": "",
          "players": 2,
          "squadmates": [
            {
              "id": "18f31b57-f0fd-4231-b773-746ea11f2c13",
              "x": -6,
              "z": 27
            }
          ],
          "enemies": 2,
          "enemyHp": [
            {
              "id": "c2005892-cbf7-487e-92f9-60309d9427b8",
              "hp": 100,
              "maxHp": 100,
              "type": "grunt",
              "spawnedBy": null,
              "x": -9,
              "z": 27,
              "slowedUntil": 0,
              "burningUntil": 0,
              "frozenUntil": 0,
              "slowActive": false,
              "burnActive": false
            },
            {
              "id": "acf6ebe2-4d40-4f00-9008-9bcc0397a2a4",
              "hp": 100,
              "maxHp": 100,
              "type": "grunt",
              "spawnedBy": null,
              "x": -8.866656090365723,
              "z": 28.069192429538816,
              "slowedUntil": 0,
              "burningUntil": 0,
              "frozenUntil": 0,
              "slowActive": false,
              "burnActive": false
            }
          ],
          "minions": [],
          "hand": [
            {
              "id": "iron_sword",
              "name": "Rust-Forged Saber",
              "type": "weapon",
              "remainingCharges": 5,
              "charges": 5,
              "activeMinionId": null,
              "burnMaxTtl": null,
              "burnLabel": "5/5",
              "creatureBurning": false,
              "isEvolved": false
            },
            {
              "id": "dungeon_drake",
              "name": "Vault Wyrm",
              "type": "creature",
              "remainingCharges": 1,
              "charges": 1,
              "activeMinionId": null,
              "burnMaxTtl": null,
              "burnLabel": "1/1",
              "creatureBurning": false,
              "isEvolved": false,
              "specialEffect": "burning_breath"
            },
            null,
            {
              "id": "iron_sword",
              "name": "Rust-Forged Saber",
              "type": "weapon",
              "remainingCharges": 5,
              "charges": 5,
              "activeMinionId": null,
              "burnMaxTtl": null,
              "burnLabel": "5/5",
              "creatureBurning": false,
              "isEvolved": false
            },
            {
              "id": "battle_familiar",
              "name": "Signal Familiar",
              "type": "spell",
              "remainingCharges": 1,
              "charges": 1,
              "activeMinionId": null,
              "burnMaxTtl": null,
              "burnLabel": "1/1",
              "creatureBurning": false,
              "isEvolved": false
            },
            null
          ],
          "inventory": [
            {
              "instanceId": "d3885343-3b7f-4fd8-87a3-87f38f53a144",
              "cardId": "iron_sword",
              "grind": 0
            },
            {
              "instanceId": "9a212470-5e38-4f8b-827b-36e05f3b2dc6",
              "cardId": "flame_blade",
              "grind": 0
            },
            {
              "instanceId": "a16883eb-3c4d-4964-b334-90852c0cd10d",
              "cardId": "battle_familiar",
              "grind": 0
            },
            {
              "instanceId": "dba4e6ee-214d-4a6f-8424-d49df3d0d6af",
              "cardId": "dungeon_drake",
              "grind": 0
            },
            {
              "instanceId": "5fd89eb6-6320-4901-9d69-cdeb2b5be6a4",
              "cardId": "iron_sword",
              "grind": 0
            },
            {
              "instanceId": "148561c6-c011-4dd2-a7fa-f9732e9b0235",
              "cardId": "iron_sword",
              "grind": 0
            },
            {
              "instanceId": "e13041f3-4a31-491f-8808-29c7e35a8223",
              "cardId": "iron_sword",
              "grind": 0
            },
            {
              "instanceId": "bbf3d201-3206-4c9e-82ac-383016e5b3de",
              "cardId": "battle_familiar",
              "grind": 0
            },
            {
              "instanceId": "13e499e6-528a-4ea0-962d-34067957e4d6",
              "cardId": "battle_familiar",
              "grind": 0
            },
            {
              "instanceId": "f84568fd-dead-499a-a057-ae62b96ebb1a",
              "cardId": "flame_blade",
              "grind": 0
            },
            {
              "instanceId": "598d59bc-57bc-4e5c-9dc6-a8fff41ade7f",
              "cardId": "flame_blade",
              "grind": 0
            },
            {
              "instanceId": "1dbe33a9-b54d-42d7-9a24-6ca8ce31a714",
              "cardId": "dungeon_drake",
              "grind": 0
            }
          ],
          "lastEvolutionResult": null
        },
        "keyItemIndicatorOnCooldown": false,
        "keyItemIndicatorText": "\n        \n        Dodge Roll\n        E\n        \n      ",
        "keyItemCooldownRemaining": 0,
        "status": "Latency: 1ms",
        "hasCanvas": true,
        "canvasCount": 2,
        "lobbyVisible": false,
        "cardHandVisible": true,
        "title": "Void Grimoire",
        "bodyText": "👤\nLv\n🔊\n⚙\nF7\nLV\n1\nHP\n60/100\nMS\n49/99\nDeck: 8/12\n⟡ 5\n✦ 2\n🐉 1\n✨ 0\nMoney 0\nLatency: 1ms\nDodge Roll\nE\nInitiate Vault\nPurged 0 / 6 hostiles\n01\nRewa: Rewa on channel. Move with WASD, close on the opening grunts, and strike with your melee weapon to start the sweep.\nClick to attack · press 1–6 to cast cards\n1\n⚔\nRust-Forged Saber\n5/5\n2\n🐉\nVault Wyrm\nBURNING BREATH\n600ms wind-up\n1/1\n4\n⚔\nRust-Forged Saber\n5/5\n5\n✦\nSignal Familiar\n50 MS\n1/1\nRewa: Rewa on channel. Move with WASD, close on the opening grunts, and strike with your melee weapon to start the sweep.\nANNEX LIAISON KADE\nEntry annex is live. Close with WASD and strike with your melee weapon — two grunts block the bulkhead."
      }
    },
    {
      "player": "A",
      "description": "After dodge roll — cooldown HUD should be active.",
      "data": {
        "harnessState": {
          "debugScenario": null,
          "debugScenarioAllowed": true,
          "debugScenarioResult": null,
          "debugGodmodeResult": null,
          "debugTimeScale": 1,
          "debugTimeScaleResult": null,
          "debugTimeScaleAllowed": false,
          "objective": {
            "type": "defeat_enemies",
            "totalEnemies": 6,
            "activeEnemyCount": 2,
            "defeatedEnemies": 0,
            "label": "Initiate Vault: Sweep annex holding pens in scripted waves and breach the deeper vault wing."
          },
          "encounter": null,
          "bossEncounter": null,
          "runObjectiveComplete": false,
          "lastRunSummary": null,
          "sortieCompleteOverlayVisible": false,
          "myId": "f7d54f05-a99e-4a85-a377-de6fb713b537",
          "selectedDeck": [
            "d3885343-3b7f-4fd8-87a3-87f38f53a144",
            "9a212470-5e38-4f8b-827b-36e05f3b2dc6",
            "a16883eb-3c4d-4964-b334-90852c0cd10d",
            "dba4e6ee-214d-4a6f-8424-d49df3d0d6af",
            "5fd89eb6-6320-4901-9d69-cdeb2b5be6a4",
            "148561c6-c011-4dd2-a7fa-f9732e9b0235",
            "e13041f3-4a31-491f-8808-29c7e35a8223",
            "bbf3d201-3206-4c9e-82ac-383016e5b3de",
            "13e499e6-528a-4ea0-962d-34067957e4d6",
            "f84568fd-dead-499a-a057-ae62b96ebb1a",
            "598d59bc-57bc-4e5c-9dc6-a8fff41ade7f",
            "1dbe33a9-b54d-42d7-9a24-6ca8ce31a714"
          ],
          "phase": "playing",
          "runStatus": "playing",
          "suspendedRunSummary": null,
          "extracted": false,
          "telepipe": null,
          "layout": {
            "profile": "crowded",
            "seed": 352369970,
            "roomCount": 10,
            "startRoom": {
              "x": -9,
              "z": 27,
              "role": "start"
            }
          },
          "connectionState": "connected",
          "sceneInitialized": true,
          "hasCanvas": true,
          "lobbyVisible": false,
          "lobbyMenuDismissed": true,
          "characterBoothOpen": false,
          "deckEditorVisible": false,
          "runId": "f4fd2021-6dd6-489c-abbd-c14ff96358cb",
          "resumeBtnUsable": false,
          "abandonRunBtnUsable": false,
          "cardHandVisible": true,
          "status": "Latency: 1ms",
          "hpText": "60/100",
          "msText": "50/99",
          "currencyText": "Money 0",
          "currency": 0,
          "player": {
            "hp": 60,
            "magicStones": 50.39000000000071,
            "currency": 0,
            "debugGodmode": false,
            "dead": false,
            "x": -7.65,
            "y": 0.5,
            "z": 19,
            "equippedKeyItemId": "dodge_roll",
            "keyItemCooldownRemaining": 406,
            "cardUseState": null,
            "cardWindupUntil": 0,
            "cardWindupCardId": null,
            "slowedUntil": 0,
            "burningUntil": 0,
            "slowActive": false,
            "burnActive": false
          },
          "windupFlashing": false,
          "keyItemIndicatorOnCooldown": true,
          "keyItemIndicatorText": "0.4",
          "players": 2,
          "squadmates": [
            {
              "id": "18f31b57-f0fd-4231-b773-746ea11f2c13",
              "x": -6,
              "z": 27
            }
          ],
          "enemies": 2,
          "enemyHp": [
            {
              "id": "c2005892-cbf7-487e-92f9-60309d9427b8",
              "hp": 100,
              "maxHp": 100,
              "type": "grunt",
              "spawnedBy": null,
              "x": -9,
              "z": 27,
              "slowedUntil": 0,
              "burningUntil": 0,
              "frozenUntil": 0,
              "slowActive": false,
              "burnActive": false
            },
            {
              "id": "acf6ebe2-4d40-4f00-9008-9bcc0397a2a4",
              "hp": 100,
              "maxHp": 100,
              "type": "grunt",
              "spawnedBy": null,
              "x": -8.866656090365723,
              "z": 28.069192429538816,
              "slowedUntil": 0,
              "burningUntil": 0,
              "frozenUntil": 0,
              "slowActive": false,
              "burnActive": false
            }
          ],
          "minions": [],
          "hand": [
            {
              "id": "iron_sword",
              "name": "Rust-Forged Saber",
              "type": "weapon",
              "remainingCharges": 5,
              "charges": 5,
              "activeMinionId": null,
              "burnMaxTtl": null,
              "burnLabel": "5/5",
              "creatureBurning": false,
              "isEvolved": false
            },
            {
              "id": "dungeon_drake",
              "name": "Vault Wyrm",
              "type": "creature",
              "remainingCharges": 1,
              "charges": 1,
              "activeMinionId": null,
              "burnMaxTtl": null,
              "burnLabel": "1/1",
              "creatureBurning": false,
              "isEvolved": false,
              "specialEffect": "burning_breath"
            },
            {
              "id": "battle_familiar",
              "name": "Signal Familiar",
              "type": "spell",
              "remainingCharges": 1,
              "charges": 1,
              "activeMinionId": null,
              "burnMaxTtl": null,
              "burnLabel": "1/1",
              "creatureBurning": false,
              "isEvolved": false
            },
            {
              "id": "iron_sword",
              "name": "Rust-Forged Saber",
              "type": "weapon",
              "remainingCharges": 5,
              "charges": 5,
              "activeMinionId": null,
              "burnMaxTtl": null,
              "burnLabel": "5/5",
              "creatureBurning": false,
              "isEvolved": false
            },
            {
              "id": "battle_familiar",
              "name": "Signal Familiar",
              "type": "spell",
              "remainingCharges": 1,
              "charges": 1,
              "activeMinionId": null,
              "burnMaxTtl": null,
              "burnLabel": "1/1",
              "creatureBurning": false,
              "isEvolved": false
            },
            null
          ],
          "inventory": [
            {
              "instanceId": "d3885343-3b7f-4fd8-87a3-87f38f53a144",
              "cardId": "iron_sword",
              "grind": 0
            },
            {
              "instanceId": "9a212470-5e38-4f8b-827b-36e05f3b2dc6",
              "cardId": "flame_blade",
              "grind": 0
            },
            {
              "instanceId": "a16883eb-3c4d-4964-b334-90852c0cd10d",
              "cardId": "battle_familiar",
              "grind": 0
            },
            {
              "instanceId": "dba4e6ee-214d-4a6f-8424-d49df3d0d6af",
              "cardId": "dungeon_drake",
              "grind": 0
            },
            {
              "instanceId": "5fd89eb6-6320-4901-9d69-cdeb2b5be6a4",
              "cardId": "iron_sword",
              "grind": 0
            },
            {
              "instanceId": "148561c6-c011-4dd2-a7fa-f9732e9b0235",
              "cardId": "iron_sword",
              "grind": 0
            },
            {
              "instanceId": "e13041f3-4a31-491f-8808-29c7e35a8223",
              "cardId": "iron_sword",
              "grind": 0
            },
            {
              "instanceId": "bbf3d201-3206-4c9e-82ac-383016e5b3de",
              "cardId": "battle_familiar",
              "grind": 0
            },
            {
              "instanceId": "13e499e6-528a-4ea0-962d-34067957e4d6",
              "cardId": "battle_familiar",
              "grind": 0
            },
            {
              "instanceId": "f84568fd-dead-499a-a057-ae62b96ebb1a",
              "cardId": "flame_blade",
              "grind": 0
            },
            {
              "instanceId": "598d59bc-57bc-4e5c-9dc6-a8fff41ade7f",
              "cardId": "flame_blade",
              "grind": 0
            },
            {
              "instanceId": "1dbe33a9-b54d-42d7-9a24-6ca8ce31a714",
              "cardId": "dungeon_drake",
              "grind": 0
            }
          ],
          "lastEvolutionResult": null
        },
        "keyItemIndicatorOnCooldown": true,
        "keyItemIndicatorText": "\n        \n        Dodge Roll\n        E\n        0.4\n      ",
        "keyItemCooldownRemaining": 406,
        "status": "Latency: 1ms",
        "hasCanvas": true,
        "canvasCount": 2,
        "lobbyVisible": false,
        "cardHandVisible": true,
        "title": "Void Grimoire",
        "bodyText": "👤\nLv\n🔊\n⚙\nF7\nLV\n1\nHP\n60/100\nMS\n50/99\nDeck: 7/12\n⟡ 5\n✦ 1\n🐉 1\n✨ 0\nMoney 0\nLatency: 1ms\nDodge Roll\nE\n0.4\nInitiate Vault\nPurged 0 / 6 hostiles\n01\nRewa: Rewa on channel. Move with WASD, close on the opening grunts, and strike with your melee weapon to start the sweep.\nClick to attack · press 1–6 to cast cards\n1\n⚔\nRust-Forged Saber\n5/5\n2\n🐉\nVault Wyrm\nBURNING BREATH\n600ms wind-up\n1/1\n3\n✦\nSignal Familiar\n50 MS\n1/1\n4\n⚔\nRust-Forged Saber\n5/5\n5\n✦\nSignal Familiar\n50 MS\n1/1"
      }
    },
    {
      "player": "A",
      "description": "Final capture probe.",
      "data": {
        "harnessState": {
          "debugScenario": null,
          "debugScenarioAllowed": true,
          "debugScenarioResult": null,
          "debugGodmodeResult": null,
          "debugTimeScale": 1,
          "debugTimeScaleResult": null,
          "debugTimeScaleAllowed": false,
          "objective": {
            "type": "defeat_enemies",
            "totalEnemies": 6,
            "activeEnemyCount": 2,
            "defeatedEnemies": 0,
            "label": "Initiate Vault: Sweep annex holding pens in scripted waves and breach the deeper vault wing."
          },
          "encounter": null,
          "bossEncounter": null,
          "runObjectiveComplete": false,
          "lastRunSummary": null,
          "sortieCompleteOverlayVisible": false,
          "myId": "f7d54f05-a99e-4a85-a377-de6fb713b537",
          "selectedDeck": [
            "d3885343-3b7f-4fd8-87a3-87f38f53a144",
            "9a212470-5e38-4f8b-827b-36e05f3b2dc6",
            "a16883eb-3c4d-4964-b334-90852c0cd10d",
            "dba4e6ee-214d-4a6f-8424-d49df3d0d6af",
            "5fd89eb6-6320-4901-9d69-cdeb2b5be6a4",
            "148561c6-c011-4dd2-a7fa-f9732e9b0235",
            "e13041f3-4a31-491f-8808-29c7e35a8223",
            "bbf3d201-3206-4c9e-82ac-383016e5b3de",
            "13e499e6-528a-4ea0-962d-34067957e4d6",
            "f84568fd-dead-499a-a057-ae62b96ebb1a",
            "598d59bc-57bc-4e5c-9dc6-a8fff41ade7f",
            "1dbe33a9-b54d-42d7-9a24-6ca8ce31a714"
          ],
          "phase": "playing",
          "runStatus": "playing",
          "suspendedRunSummary": null,
          "extracted": false,
          "telepipe": null,
          "layout": {
            "profile": "crowded",
            "seed": 352369970,
            "roomCount": 10,
            "startRoom": {
              "x": -9,
              "z": 27,
              "role": "start"
            }
          },
          "connectionState": "connected",
          "sceneInitialized": true,
          "hasCanvas": true,
          "lobbyVisible": false,
          "lobbyMenuDismissed": true,
          "characterBoothOpen": false,
          "deckEditorVisible": false,
          "runId": "f4fd2021-6dd6-489c-abbd-c14ff96358cb",
          "resumeBtnUsable": false,
          "abandonRunBtnUsable": false,
          "cardHandVisible": true,
          "status": "Latency: 1ms",
          "hpText": "60/100",
          "msText": "50/99",
          "currencyText": "Money 0",
          "currency": 0,
          "player": {
            "hp": 60,
            "magicStones": 50.43000000000073,
            "currency": 0,
            "debugGodmode": false,
            "dead": false,
            "x": -7.65,
            "y": 0.5,
            "z": 19,
            "equippedKeyItemId": "dodge_roll",
            "keyItemCooldownRemaining": 5,
            "cardUseState": null,
            "cardWindupUntil": 0,
            "cardWindupCardId": null,
            "slowedUntil": 0,
            "burningUntil": 0,
            "slowActive": false,
            "burnActive": false
          },
          "windupFlashing": false,
          "keyItemIndicatorOnCooldown": true,
          "keyItemIndicatorText": "0.0",
          "players": 2,
          "squadmates": [
            {
              "id": "18f31b57-f0fd-4231-b773-746ea11f2c13",
              "x": -6,
              "z": 27
            }
          ],
          "enemies": 2,
          "enemyHp": [
            {
              "id": "c2005892-cbf7-487e-92f9-60309d9427b8",
              "hp": 100,
              "maxHp": 100,
              "type": "grunt",
              "spawnedBy": null,
              "x": -8.852008656831215,
              "z": 27.02446553386091,
              "slowedUntil": 0,
              "burningUntil": 0,
              "frozenUntil": 0,
              "slowActive": false,
              "burnActive": false
            },
            {
              "id": "acf6ebe2-4d40-4f00-9008-9bcc0397a2a4",
              "hp": 100,
              "maxHp": 100,
              "type": "grunt",
              "spawnedBy": null,
              "x": -8.759013674913126,
              "z": 27.964726595911113,
              "slowedUntil": 0,
              "burningUntil": 0,
              "frozenUntil": 0,
              "slowActive": false,
              "burnActive": false
            }
          ],
          "minions": [],
          "hand": [
            {
              "id": "iron_sword",
              "name": "Rust-Forged Saber",
              "type": "weapon",
              "remainingCharges": 5,
              "charges": 5,
              "activeMinionId": null,
              "burnMaxTtl": null,
              "burnLabel": "5/5",
              "creatureBurning": false,
              "isEvolved": false
            },
            {
              "id": "dungeon_drake",
              "name": "Vault Wyrm",
              "type": "creature",
              "remainingCharges": 1,
              "charges": 1,
              "activeMinionId": null,
              "burnMaxTtl": null,
              "burnLabel": "1/1",
              "creatureBurning": false,
              "isEvolved": false,
              "specialEffect": "burning_breath"
            },
            {
              "id": "battle_familiar",
              "name": "Signal Familiar",
              "type": "spell",
              "remainingCharges": 1,
              "charges": 1,
              "activeMinionId": null,
              "burnMaxTtl": null,
              "burnLabel": "1/1",
              "creatureBurning": false,
              "isEvolved": false
            },
            {
              "id": "iron_sword",
              "name": "Rust-Forged Saber",
              "type": "weapon",
              "remainingCharges": 5,
              "charges": 5,
              "activeMinionId": null,
              "burnMaxTtl": null,
              "burnLabel": "5/5",
              "creatureBurning": false,
              "isEvolved": false
            },
            {
              "id": "battle_familiar",
              "name": "Signal Familiar",
              "type": "spell",
              "remainingCharges": 1,
              "charges": 1,
              "activeMinionId": null,
              "burnMaxTtl": null,
              "burnLabel": "1/1",
              "creatureBurning": false,
              "isEvolved": false
            },
            null
          ],
          "inventory": [
            {
              "instanceId": "d3885343-3b7f-4fd8-87a3-87f38f53a144",
              "cardId": "iron_sword",
              "grind": 0
            },
            {
              "instanceId": "9a212470-5e38-4f8b-827b-36e05f3b2dc6",
              "cardId": "flame_blade",
              "grind": 0
            },
            {
              "instanceId": "a16883eb-3c4d-4964-b334-90852c0cd10d",
              "cardId": "battle_familiar",
              "grind": 0
            },
            {
              "instanceId": "dba4e6ee-214d-4a6f-8424-d49df3d0d6af",
              "cardId": "dungeon_drake",
              "grind": 0
            },
            {
              "instanceId": "5fd89eb6-6320-4901-9d69-cdeb2b5be6a4",
              "cardId": "iron_sword",
              "grind": 0
            },
            {
              "instanceId": "148561c6-c011-4dd2-a7fa-f9732e9b0235",
              "cardId": "iron_sword",
              "grind": 0
            },
            {
              "instanceId": "e13041f3-4a31-491f-8808-29c7e35a8223",
              "cardId": "iron_sword",
              "grind": 0
            },
            {
              "instanceId": "bbf3d201-3206-4c9e-82ac-383016e5b3de",
              "cardId": "battle_familiar",
              "grind": 0
            },
            {
              "instanceId": "13e499e6-528a-4ea0-962d-34067957e4d6",
              "cardId": "battle_familiar",
              "grind": 0
            },
            {
              "instanceId": "f84568fd-dead-499a-a057-ae62b96ebb1a",
              "cardId": "flame_blade",
              "grind": 0
            },
            {
              "instanceId": "598d59bc-57bc-4e5c-9dc6-a8fff41ade7f",
              "cardId": "flame_blade",
              "grind": 0
            },
            {
              "instanceId": "1dbe33a9-b54d-42d7-9a24-6ca8ce31a714",
              "cardId": "dungeon_drake",
              "grind": 0
            }
          ],
          "lastEvolutionResult": null
        },
        "keyItemIndicatorOnCooldown": true,
        "keyItemIndicatorText": "\n        \n        Dodge Roll\n        E\n        0.0\n      ",
        "keyItemCooldownRemaining": 5,
        "status": "Latency: 1ms",
        "hasCanvas": true,
        "canvasCount": 2,
        "lobbyVisible": false,
        "cardHandVisible": true,
        "title": "Void Grimoire",
        "bodyText": "👤\nLv\n🔊\n⚙\nF7\nLV\n1\nHP\n60/100\nMS\n50/99\nDeck: 7/12\n⟡ 5\n✦ 1\n🐉 1\n✨ 0\nMoney 0\nLatency: 1ms\nDodge Roll\nE\n0.0\nInitiate Vault\nPurged 0 / 6 hostiles\n01\nRewa: Rewa on channel. Move with WASD, close on the opening grunts, and strike with your melee weapon to start the sweep.\nClick to attack · press 1–6 to cast cards\n1\n⚔\nRust-Forged Saber\n5/5\n2\n🐉\nVault Wyrm\nBURNING BREATH\n600ms wind-up\n1/1\n3\n✦\nSignal Familiar\n50 MS\n1/1\n4\n⚔\nRust-Forged Saber\n5/5\n5\n✦\nSignal Familiar\n50 MS\n1/1"
      }
    }
  ],
  "pageerrors": []
}
