{
  "url": "http://localhost:5173",
  "ok": true,
  "ticketFile": "/home/matt/workspace/autogame/tickets/123-key-item-field-medic-kit/ticket.md",
  "capturePlanSource": "fallback",
  "capturePlanValid": true,
  "capturePlanAttempts": [],
  "capturePlanSummary": "Deterministic full-flow smoke capture: auth, lobby create/join, ready transition, movement.",
  "scenarios": [],
  "screenshots": [
    {
      "file": "01-initial.png",
      "player": "A",
      "description": "Both players in squad lobby."
    },
    {
      "file": "02-after-w.png",
      "player": "A",
      "description": "Gameplay after holding W."
    },
    {
      "file": "03-after-d.png",
      "player": "A",
      "description": "Gameplay after holding D."
    }
  ],
  "probes": [
    {
      "player": "A",
      "description": "After readying all players and entering gameplay.",
      "data": {
        "harnessState": {
          "debugScenario": null,
          "debugScenarioAllowed": true,
          "debugScenarioResult": null,
          "myId": "3977338a-6934-40d7-9151-7a65d348b6e5",
          "phase": "playing",
          "runStatus": "playing",
          "extracted": false,
          "suspendedRunSummary": null,
          "telepipe": null,
          "connectionState": "connected",
          "sceneInitialized": true,
          "hasCanvas": true,
          "lobbyVisible": false,
          "cardHandVisible": true,
          "status": "Latency: 0ms",
          "hpText": "100/100",
          "msText": "49/99",
          "currencyText": "Money 0",
          "player": {
            "hp": 100,
            "magicStones": 49.07500000000004,
            "debugScenario": null,
            "dead": false,
            "x": -9,
            "z": 9
          },
          "players": 2,
          "enemies": 5,
          "enemyHp": [
            {
              "id": "4bddbe19-d649-4d8d-ab5b-999f023bd138",
              "hp": 40,
              "maxHp": 40
            },
            {
              "id": "2280c871-35e0-4767-8e15-74b563e290f1",
              "hp": 40,
              "maxHp": 40
            },
            {
              "id": "da2b8462-0ba9-4cf3-b6ff-ba011668fb8e",
              "hp": 100,
              "maxHp": 100
            },
            {
              "id": "ce91ec1f-65d7-4666-b1be-cd123b5a8a36",
              "hp": 300,
              "maxHp": 300
            },
            {
              "id": "9b88cba1-3a92-4557-9829-a3553af79304",
              "hp": 120,
              "maxHp": 120
            }
          ],
          "minions": [],
          "hand": [
            {
              "id": "iron_sword",
              "name": "Rust-Forged Saber",
              "type": "weapon",
              "remainingCharges": 5,
              "charges": 5,
              "activeMinionId": null,
              "burnMaxTtl": null,
              "burnLabel": "5/5",
              "creatureBurning": false,
              "isEvolved": false
            },
            {
              "id": "battle_familiar",
              "name": "Signal Familiar",
              "type": "spell",
              "remainingCharges": 1,
              "charges": 1,
              "activeMinionId": null,
              "burnMaxTtl": null,
              "burnLabel": "1/1",
              "creatureBurning": false,
              "isEvolved": false
            },
            null,
            {
              "id": "dungeon_drake",
              "name": "Vault Wyrm",
              "type": "creature",
              "remainingCharges": 1,
              "charges": 1,
              "activeMinionId": null,
              "burnMaxTtl": null,
              "burnLabel": "1/1",
              "creatureBurning": false,
              "isEvolved": false
            },
            {
              "id": "battle_familiar",
              "name": "Signal Familiar",
              "type": "spell",
              "remainingCharges": 1,
              "charges": 1,
              "activeMinionId": null,
              "burnMaxTtl": null,
              "burnLabel": "1/1",
              "creatureBurning": false,
              "isEvolved": false
            },
            null
          ]
        },
        "status": "Latency: 0ms",
        "hasCanvas": true,
        "canvasCount": 1,
        "lobbyVisible": false,
        "cardHandVisible": true,
        "title": "Void Grimoire",
        "bodyText": "👤\nLv\n🔊\n⚙\n39\nLV\n1\nHP\n100/100\nMS\n49/99\nDeck: 8/12\n⟡ 6\n✦ 1\n🐉 1\n✨ 0\nMoney 0\nLatency: 0ms\nInitiate Vault: Purge hostiles from the derelict annex sector.\nPurged 0 / 5 hostiles\n1\n⚔\nRust-Forged Saber\n5/5\n2\n✦\nSignal Familiar\n50 MS\n1/1\n4\n🐉\nVault Wyrm\n1/1\n5\n✦\nSignal Familiar\n50 MS\n1/1"
      }
    },
    {
      "player": "A",
      "description": "Final capture probe.",
      "data": {
        "harnessState": {
          "debugScenario": null,
          "debugScenarioAllowed": true,
          "debugScenarioResult": null,
          "myId": "3977338a-6934-40d7-9151-7a65d348b6e5",
          "phase": "playing",
          "runStatus": "playing",
          "extracted": false,
          "suspendedRunSummary": null,
          "telepipe": null,
          "connectionState": "connected",
          "sceneInitialized": true,
          "hasCanvas": true,
          "lobbyVisible": false,
          "cardHandVisible": true,
          "status": "Latency: 1ms",
          "hpText": "94/100",
          "msText": "49/99",
          "currencyText": "Money 0",
          "player": {
            "hp": 94,
            "magicStones": 49.48500000000025,
            "debugScenario": null,
            "dead": false,
            "x": -3.7,
            "z": -10.199999999999994
          },
          "players": 2,
          "enemies": 6,
          "enemyHp": [
            {
              "id": "4bddbe19-d649-4d8d-ab5b-999f023bd138",
              "hp": 40,
              "maxHp": 40
            },
            {
              "id": "2280c871-35e0-4767-8e15-74b563e290f1",
              "hp": 40,
              "maxHp": 40
            },
            {
              "id": "da2b8462-0ba9-4cf3-b6ff-ba011668fb8e",
              "hp": 100,
              "maxHp": 100
            },
            {
              "id": "ce91ec1f-65d7-4666-b1be-cd123b5a8a36",
              "hp": 300,
              "maxHp": 300
            },
            {
              "id": "9b88cba1-3a92-4557-9829-a3553af79304",
              "hp": 120,
              "maxHp": 120
            },
            {
              "id": "b1ddc5a6-212b-4b95-928c-8b6cb650415c",
              "hp": 40,
              "maxHp": 40
            }
          ],
          "minions": [],
          "hand": [
            {
              "id": "iron_sword",
              "name": "Rust-Forged Saber",
              "type": "weapon",
              "remainingCharges": 5,
              "charges": 5,
              "activeMinionId": null,
              "burnMaxTtl": null,
              "burnLabel": "5/5",
              "creatureBurning": false,
              "isEvolved": false
            },
            {
              "id": "battle_familiar",
              "name": "Signal Familiar",
              "type": "spell",
              "remainingCharges": 1,
              "charges": 1,
              "activeMinionId": null,
              "burnMaxTtl": null,
              "burnLabel": "1/1",
              "creatureBurning": false,
              "isEvolved": false
            },
            null,
            {
              "id": "dungeon_drake",
              "name": "Vault Wyrm",
              "type": "creature",
              "remainingCharges": 1,
              "charges": 1,
              "activeMinionId": null,
              "burnMaxTtl": null,
              "burnLabel": "1/1",
              "creatureBurning": false,
              "isEvolved": false
            },
            {
              "id": "battle_familiar",
              "name": "Signal Familiar",
              "type": "spell",
              "remainingCharges": 1,
              "charges": 1,
              "activeMinionId": null,
              "burnMaxTtl": null,
              "burnLabel": "1/1",
              "creatureBurning": false,
              "isEvolved": false
            },
            null
          ]
        },
        "status": "Latency: 1ms",
        "hasCanvas": true,
        "canvasCount": 1,
        "lobbyVisible": false,
        "cardHandVisible": true,
        "title": "Void Grimoire",
        "bodyText": "👤\nLv\n🔊\n⚙\n39\nLV\n1\nHP\n94/100\nMS\n49/99\nDeck: 8/12\n⟡ 6\n✦ 1\n🐉 1\n✨ 0\nMoney 0\nLatency: 1ms\nInitiate Vault: Purge hostiles from the derelict annex sector.\nPurged 0 / 5 hostiles\n1\n⚔\nRust-Forged Saber\n5/5\n2\n✦\nSignal Familiar\n50 MS\n1/1\n4\n🐉\nVault Wyrm\n1/1\n5\n✦\nSignal Familiar\n50 MS\n1/1\n-6"
      }
    }
  ],
  "pageerrors": []
}
