[createLobby] timeout waiting for #lobby visibility: page.waitForFunction: Timeout 10000ms exceeded.
[joinLobby] timeout waiting for #lobby visibility: page.waitForFunction: Timeout 10000ms exceeded.
{
  "url": "http://localhost:5178/",
  "ok": true,
  "ticketFile": "/home/matt/workspace/.autogame-worktrees/hosting-make-storageprovider-async-and-remove-deasync-perf-u-3qd3/tickets/hosting-make-storageprovider-async-and-remove-deasync-perf-u-3qd3/ticket.md",
  "capturePlanSource": "fallback",
  "capturePlanValid": true,
  "capturePlanAttempts": [],
  "capturePlanSummary": "Deterministic full-flow smoke capture: auth, lobby create/join, ready transition, movement, dodge/key-item with post-dodge cooldown probe.",
  "scenarios": [],
  "screenshots": [
    {
      "file": "01-initial.png",
      "player": "A",
      "description": "Both players in squad lobby."
    },
    {
      "file": "02-after-w.png",
      "player": "A",
      "description": "Gameplay after holding W."
    },
    {
      "file": "03-after-d.png",
      "player": "A",
      "description": "Gameplay after holding D."
    },
    {
      "file": "04-after-dodge.png",
      "player": "A",
      "description": "Gameplay after dodge roll with cooldown HUD."
    }
  ],
  "probes": [
    {
      "player": "A",
      "description": "After readying all players and entering gameplay.",
      "data": {
        "harnessState": {
          "debugScenario": null,
          "debugScenarioAllowed": true,
          "debugScenarioResult": null,
          "debugGodmodeResult": null,
          "debugTimeScale": 1,
          "debugTimeScaleResult": null,
          "debugTimeScaleAllowed": false,
          "objective": {
            "type": "defeat_enemies",
            "totalEnemies": 6,
            "activeEnemyCount": 2,
            "defeatedEnemies": 0,
            "label": "Initiate Vault: Sweep annex holding pens in scripted waves and breach the deeper vault wing."
          },
          "encounter": null,
          "bossEncounter": null,
          "runObjectiveComplete": false,
          "lastRunSummary": null,
          "sortieCompleteOverlayVisible": false,
          "myId": "4c927b2b-03ac-435d-9ee5-bc6c9ebb30f9",
          "selectedDeck": [
            "dfddcbca-0609-44ed-9f18-f2fa59c17c29",
            "60d70054-2f36-4e01-9f9f-b83ca67be619",
            "67abe258-0318-4c0d-943b-abc404289ab7",
            "9fbd4170-fc80-4df2-b4a0-a5f851c31531",
            "84a5935c-8006-4ad3-a5ed-bd1073fee70b",
            "346ef764-8dac-4613-98ca-9d2caac8cb5f",
            "fd19a62b-eb6c-4569-83f7-67d4724de531",
            "8260095e-7106-444a-a6c7-051b23445369",
            "eecc0f6a-deb0-4ea1-a0e1-aa2bf3ed66fa",
            "4c0ce8e7-c856-4d8e-880f-dce87c689574",
            "21a60c00-7c89-4831-ac2a-a2264e807f07",
            "16f299b5-21a6-4a30-a76f-a44cced8f747"
          ],
          "phase": "playing",
          "runStatus": "playing",
          "suspendedRunSummary": null,
          "extracted": false,
          "telepipe": null,
          "layout": {
            "profile": "crowded",
            "seed": 352369970,
            "roomCount": 10,
            "startRoom": {
              "x": -9,
              "z": 27,
              "role": "start"
            }
          },
          "connectionState": "connected",
          "sceneInitialized": true,
          "hasCanvas": true,
          "lobbyVisible": false,
          "lobbyMenuDismissed": true,
          "characterBoothOpen": false,
          "deckEditorVisible": false,
          "runId": "eb98d4fa-1ead-420f-badb-508b3037fcd4",
          "resumeBtnUsable": false,
          "abandonRunBtnUsable": false,
          "cardHandVisible": true,
          "status": "Latency: 1ms",
          "hpText": "100/100",
          "msText": "99/99",
          "currencyText": "Money 0",
          "currency": 0,
          "player": {
            "hp": 100,
            "magicStones": 99,
            "currency": 0,
            "debugGodmode": false,
            "dead": false,
            "x": -9,
            "y": 0.5,
            "z": 27,
            "equippedKeyItemId": "dodge_roll",
            "keyItemCooldownRemaining": 0,
            "cardUseState": null,
            "cardWindupUntil": 0,
            "cardWindupCardId": null,
            "slowedUntil": 0,
            "burningUntil": 0,
            "slowActive": false,
            "burnActive": false
          },
          "windupFlashing": false,
          "keyItemIndicatorOnCooldown": false,
          "keyItemIndicatorText": "",
          "players": 2,
          "squadmates": [
            {
              "id": "c12976e4-38a6-4437-a3db-ea5418877b09",
              "x": -6,
              "z": 27
            }
          ],
          "enemies": 2,
          "enemyHp": [
            {
              "id": "fe6afd56-a43d-4493-bee8-1de71700d428",
              "hp": 100,
              "maxHp": 100,
              "type": "grunt",
              "spawnedBy": null,
              "x": -8.218181169991757,
              "z": 22.16644443184903,
              "slowedUntil": 0,
              "burningUntil": 0,
              "frozenUntil": 0,
              "slowActive": false,
              "burnActive": false
            },
            {
              "id": "a092913b-9f48-4a8d-8ae9-419cf919a892",
              "hp": 100,
              "maxHp": 100,
              "type": "grunt",
              "spawnedBy": null,
              "x": -10.660292209270894,
              "z": 23.214584552089192,
              "slowedUntil": 0,
              "burningUntil": 0,
              "frozenUntil": 0,
              "slowActive": false,
              "burnActive": false
            }
          ],
          "minions": [],
          "hand": [
            {
              "id": "iron_sword",
              "name": "Rust-Forged Saber",
              "type": "weapon",
              "remainingCharges": 5,
              "charges": 5,
              "activeMinionId": null,
              "burnMaxTtl": null,
              "burnLabel": "5/5",
              "creatureBurning": false,
              "isEvolved": false
            },
            {
              "id": "iron_sword",
              "name": "Rust-Forged Saber",
              "type": "weapon",
              "remainingCharges": 5,
              "charges": 5,
              "activeMinionId": null,
              "burnMaxTtl": null,
              "burnLabel": "5/5",
              "creatureBurning": false,
              "isEvolved": false
            },
            null,
            {
              "id": "flame_blade",
              "name": "Solar Edge",
              "type": "weapon",
              "remainingCharges": 2,
              "charges": 2,
              "activeMinionId": null,
              "burnMaxTtl": null,
              "burnLabel": "2/2",
              "creatureBurning": false,
              "isEvolved": false
            },
            {
              "id": "dungeon_drake",
              "name": "Vault Wyrm",
              "type": "creature",
              "remainingCharges": 1,
              "charges": 1,
              "activeMinionId": null,
              "burnMaxTtl": null,
              "burnLabel": "1/1",
              "creatureBurning": false,
              "isEvolved": false,
              "specialEffect": "burning_breath"
            },
            null
          ],
          "inventory": [
            {
              "instanceId": "dfddcbca-0609-44ed-9f18-f2fa59c17c29",
              "cardId": "iron_sword",
              "grind": 0
            },
            {
              "instanceId": "60d70054-2f36-4e01-9f9f-b83ca67be619",
              "cardId": "flame_blade",
              "grind": 0
            },
            {
              "instanceId": "67abe258-0318-4c0d-943b-abc404289ab7",
              "cardId": "battle_familiar",
              "grind": 0
            },
            {
              "instanceId": "9fbd4170-fc80-4df2-b4a0-a5f851c31531",
              "cardId": "dungeon_drake",
              "grind": 0
            },
            {
              "instanceId": "84a5935c-8006-4ad3-a5ed-bd1073fee70b",
              "cardId": "iron_sword",
              "grind": 0
            },
            {
              "instanceId": "346ef764-8dac-4613-98ca-9d2caac8cb5f",
              "cardId": "iron_sword",
              "grind": 0
            },
            {
              "instanceId": "fd19a62b-eb6c-4569-83f7-67d4724de531",
              "cardId": "iron_sword",
              "grind": 0
            },
            {
              "instanceId": "8260095e-7106-444a-a6c7-051b23445369",
              "cardId": "battle_familiar",
              "grind": 0
            },
            {
              "instanceId": "eecc0f6a-deb0-4ea1-a0e1-aa2bf3ed66fa",
              "cardId": "battle_familiar",
              "grind": 0
            },
            {
              "instanceId": "4c0ce8e7-c856-4d8e-880f-dce87c689574",
              "cardId": "flame_blade",
              "grind": 0
            },
            {
              "instanceId": "21a60c00-7c89-4831-ac2a-a2264e807f07",
              "cardId": "flame_blade",
              "grind": 0
            },
            {
              "instanceId": "16f299b5-21a6-4a30-a76f-a44cced8f747",
              "cardId": "dungeon_drake",
              "grind": 0
            }
          ],
          "lastEvolutionResult": null
        },
        "keyItemIndicatorOnCooldown": false,
        "keyItemIndicatorText": "\n          \n          Dodge Roll\n          E\n          \n        ",
        "keyItemCooldownRemaining": 0,
        "status": "Latency: 1ms",
        "hasCanvas": true,
        "canvasCount": 2,
        "lobbyVisible": false,
        "cardHandVisible": true,
        "title": "Void Grimoire",
        "bodyText": "👤\nLv\n🔊\n⚙\nPL\nLV\n1\nHP\n100/100\nMS\n99/99\nDeck: 8/12\n⟡ 4\n✦ 3\n🐉 1\n✨ 0\nMoney 0\nLatency: 1ms\nDodge Roll\nE\nRewa: Rewa on channel. Move with WASD, close on the opening grunts, and strike with your melee weapon to start the sweep.\n01\nRewa: Rewa on channel. Move with WASD, close on the opening grunts, and strike with your melee weapon to start the sweep.\nInitiate Vault\nPurged 0 / 6 hostiles\nClick to attack · press 1–6 to cast cards · E for key item\n1\n⚔\nRust-Forged Saber\n5/5\n2\n⚔\nRust-Forged Saber\n5/5\n4\n⚔\nSolar Edge\n650ms wind-up\n2/2\n5\n🔥\nVault Wyrm\nBURNING BREATH\n600ms wind-up\n1/1\nANNEX LIAISON KADE\nEntry annex is live. Close with WASD and strike with your melee weapon — two grunts block the bulkhead."
      }
    },
    {
      "player": "A",
      "description": "After dodge roll — cooldown HUD should be active.",
      "data": {
        "harnessState": {
          "debugScenario": null,
          "debugScenarioAllowed": true,
          "debugScenarioResult": null,
          "debugGodmodeResult": null,
          "debugTimeScale": 1,
          "debugTimeScaleResult": null,
          "debugTimeScaleAllowed": false,
          "objective": {
            "type": "defeat_enemies",
            "totalEnemies": 6,
            "activeEnemyCount": 2,
            "defeatedEnemies": 0,
            "label": "Initiate Vault: Sweep annex holding pens in scripted waves and breach the deeper vault wing."
          },
          "encounter": null,
          "bossEncounter": null,
          "runObjectiveComplete": false,
          "lastRunSummary": null,
          "sortieCompleteOverlayVisible": false,
          "myId": "4c927b2b-03ac-435d-9ee5-bc6c9ebb30f9",
          "selectedDeck": [
            "dfddcbca-0609-44ed-9f18-f2fa59c17c29",
            "60d70054-2f36-4e01-9f9f-b83ca67be619",
            "67abe258-0318-4c0d-943b-abc404289ab7",
            "9fbd4170-fc80-4df2-b4a0-a5f851c31531",
            "84a5935c-8006-4ad3-a5ed-bd1073fee70b",
            "346ef764-8dac-4613-98ca-9d2caac8cb5f",
            "fd19a62b-eb6c-4569-83f7-67d4724de531",
            "8260095e-7106-444a-a6c7-051b23445369",
            "eecc0f6a-deb0-4ea1-a0e1-aa2bf3ed66fa",
            "4c0ce8e7-c856-4d8e-880f-dce87c689574",
            "21a60c00-7c89-4831-ac2a-a2264e807f07",
            "16f299b5-21a6-4a30-a76f-a44cced8f747"
          ],
          "phase": "playing",
          "runStatus": "playing",
          "suspendedRunSummary": null,
          "extracted": false,
          "telepipe": null,
          "layout": {
            "profile": "crowded",
            "seed": 352369970,
            "roomCount": 10,
            "startRoom": {
              "x": -9,
              "z": 27,
              "role": "start"
            }
          },
          "connectionState": "connected",
          "sceneInitialized": true,
          "hasCanvas": true,
          "lobbyVisible": false,
          "lobbyMenuDismissed": true,
          "characterBoothOpen": false,
          "deckEditorVisible": false,
          "runId": "eb98d4fa-1ead-420f-badb-508b3037fcd4",
          "resumeBtnUsable": false,
          "abandonRunBtnUsable": false,
          "cardHandVisible": true,
          "status": "Latency: 0ms",
          "hpText": "90/100",
          "msText": "99/99",
          "currencyText": "Money 0",
          "currency": 0,
          "player": {
            "hp": 90,
            "magicStones": 99,
            "currency": 0,
            "debugGodmode": false,
            "dead": false,
            "x": -7.65,
            "y": 0.5,
            "z": 19,
            "equippedKeyItemId": "dodge_roll",
            "keyItemCooldownRemaining": 365,
            "cardUseState": null,
            "cardWindupUntil": 0,
            "cardWindupCardId": null,
            "slowedUntil": 0,
            "burningUntil": 0,
            "slowActive": false,
            "burnActive": false
          },
          "windupFlashing": false,
          "keyItemIndicatorOnCooldown": true,
          "keyItemIndicatorText": "0.4",
          "players": 2,
          "squadmates": [
            {
              "id": "c12976e4-38a6-4437-a3db-ea5418877b09",
              "x": -6,
              "z": 27
            }
          ],
          "enemies": 2,
          "enemyHp": [
            {
              "id": "fe6afd56-a43d-4493-bee8-1de71700d428",
              "hp": 100,
              "maxHp": 100,
              "type": "grunt",
              "spawnedBy": null,
              "x": -6.504603204153868,
              "z": 23.09762836494977,
              "slowedUntil": 0,
              "burningUntil": 0,
              "frozenUntil": 0,
              "slowActive": false,
              "burnActive": false
            },
            {
              "id": "a092913b-9f48-4a8d-8ae9-419cf919a892",
              "hp": 100,
              "maxHp": 100,
              "type": "grunt",
              "spawnedBy": null,
              "x": -9.513586562885633,
              "z": 25.223540436272415,
              "slowedUntil": 0,
              "burningUntil": 0,
              "frozenUntil": 0,
              "slowActive": false,
              "burnActive": false
            }
          ],
          "minions": [],
          "hand": [
            {
              "id": "iron_sword",
              "name": "Rust-Forged Saber",
              "type": "weapon",
              "remainingCharges": 5,
              "charges": 5,
              "activeMinionId": null,
              "burnMaxTtl": null,
              "burnLabel": "5/5",
              "creatureBurning": false,
              "isEvolved": false
            },
            {
              "id": "iron_sword",
              "name": "Rust-Forged Saber",
              "type": "weapon",
              "remainingCharges": 5,
              "charges": 5,
              "activeMinionId": null,
              "burnMaxTtl": null,
              "burnLabel": "5/5",
              "creatureBurning": false,
              "isEvolved": false
            },
            {
              "id": "dungeon_drake",
              "name": "Vault Wyrm",
              "type": "creature",
              "remainingCharges": 1,
              "charges": 1,
              "activeMinionId": null,
              "burnMaxTtl": null,
              "burnLabel": "1/1",
              "creatureBurning": false,
              "isEvolved": false,
              "specialEffect": "burning_breath"
            },
            {
              "id": "flame_blade",
              "name": "Solar Edge",
              "type": "weapon",
              "remainingCharges": 2,
              "charges": 2,
              "activeMinionId": null,
              "burnMaxTtl": null,
              "burnLabel": "2/2",
              "creatureBurning": false,
              "isEvolved": false
            },
            {
              "id": "dungeon_drake",
              "name": "Vault Wyrm",
              "type": "creature",
              "remainingCharges": 1,
              "charges": 1,
              "activeMinionId": null,
              "burnMaxTtl": null,
              "burnLabel": "1/1",
              "creatureBurning": false,
              "isEvolved": false,
              "specialEffect": "burning_breath"
            },
            null
          ],
          "inventory": [
            {
              "instanceId": "dfddcbca-0609-44ed-9f18-f2fa59c17c29",
              "cardId": "iron_sword",
              "grind": 0
            },
            {
              "instanceId": "60d70054-2f36-4e01-9f9f-b83ca67be619",
              "cardId": "flame_blade",
              "grind": 0
            },
            {
              "instanceId": "67abe258-0318-4c0d-943b-abc404289ab7",
              "cardId": "battle_familiar",
              "grind": 0
            },
            {
              "instanceId": "9fbd4170-fc80-4df2-b4a0-a5f851c31531",
              "cardId": "dungeon_drake",
              "grind": 0
            },
            {
              "instanceId": "84a5935c-8006-4ad3-a5ed-bd1073fee70b",
              "cardId": "iron_sword",
              "grind": 0
            },
            {
              "instanceId": "346ef764-8dac-4613-98ca-9d2caac8cb5f",
              "cardId": "iron_sword",
              "grind": 0
            },
            {
              "instanceId": "fd19a62b-eb6c-4569-83f7-67d4724de531",
              "cardId": "iron_sword",
              "grind": 0
            },
            {
              "instanceId": "8260095e-7106-444a-a6c7-051b23445369",
              "cardId": "battle_familiar",
              "grind": 0
            },
            {
              "instanceId": "eecc0f6a-deb0-4ea1-a0e1-aa2bf3ed66fa",
              "cardId": "battle_familiar",
              "grind": 0
            },
            {
              "instanceId": "4c0ce8e7-c856-4d8e-880f-dce87c689574",
              "cardId": "flame_blade",
              "grind": 0
            },
            {
              "instanceId": "21a60c00-7c89-4831-ac2a-a2264e807f07",
              "cardId": "flame_blade",
              "grind": 0
            },
            {
              "instanceId": "16f299b5-21a6-4a30-a76f-a44cced8f747",
              "cardId": "dungeon_drake",
              "grind": 0
            }
          ],
          "lastEvolutionResult": null
        },
        "keyItemIndicatorOnCooldown": true,
        "keyItemIndicatorText": "\n          \n          Dodge Roll\n          E\n          0.4\n        ",
        "keyItemCooldownRemaining": 365,
        "status": "Latency: 0ms",
        "hasCanvas": true,
        "canvasCount": 2,
        "lobbyVisible": false,
        "cardHandVisible": true,
        "title": "Void Grimoire",
        "bodyText": "👤\nLv\n🔊\n⚙\nPL\nLV\n1\nHP\n90/100\nMS\n99/99\nDeck: 7/12\n⟡ 4\n✦ 3\n🐉 0\n✨ 0\nMoney 0\nLatency: 0ms\nDodge Roll\nE\n0.4\n01\nRewa: Rewa on channel. Move with WASD, close on the opening grunts, and strike with your melee weapon to start the sweep.\nInitiate Vault\nPurged 0 / 6 hostiles\nClick to attack · press 1–6 to cast cards · E for key item\n1\n⚔\nRust-Forged Saber\n5/5\n2\n⚔\nRust-Forged Saber\n5/5\n3\n🔥\nVault Wyrm\nBURNING BREATH\n600ms wind-up\n1/1\n4\n⚔\nSolar Edge\n650ms wind-up\n2/2\n5\n🔥\nVault Wyrm\nBURNING BREATH\n600ms wind-up\n1/1"
      }
    },
    {
      "player": "A",
      "description": "Final capture probe.",
      "data": {
        "harnessState": {
          "debugScenario": null,
          "debugScenarioAllowed": true,
          "debugScenarioResult": null,
          "debugGodmodeResult": null,
          "debugTimeScale": 1,
          "debugTimeScaleResult": null,
          "debugTimeScaleAllowed": false,
          "objective": {
            "type": "defeat_enemies",
            "totalEnemies": 6,
            "activeEnemyCount": 2,
            "defeatedEnemies": 0,
            "label": "Initiate Vault: Sweep annex holding pens in scripted waves and breach the deeper vault wing."
          },
          "encounter": null,
          "bossEncounter": null,
          "runObjectiveComplete": false,
          "lastRunSummary": null,
          "sortieCompleteOverlayVisible": false,
          "myId": "4c927b2b-03ac-435d-9ee5-bc6c9ebb30f9",
          "selectedDeck": [
            "dfddcbca-0609-44ed-9f18-f2fa59c17c29",
            "60d70054-2f36-4e01-9f9f-b83ca67be619",
            "67abe258-0318-4c0d-943b-abc404289ab7",
            "9fbd4170-fc80-4df2-b4a0-a5f851c31531",
            "84a5935c-8006-4ad3-a5ed-bd1073fee70b",
            "346ef764-8dac-4613-98ca-9d2caac8cb5f",
            "fd19a62b-eb6c-4569-83f7-67d4724de531",
            "8260095e-7106-444a-a6c7-051b23445369",
            "eecc0f6a-deb0-4ea1-a0e1-aa2bf3ed66fa",
            "4c0ce8e7-c856-4d8e-880f-dce87c689574",
            "21a60c00-7c89-4831-ac2a-a2264e807f07",
            "16f299b5-21a6-4a30-a76f-a44cced8f747"
          ],
          "phase": "playing",
          "runStatus": "playing",
          "suspendedRunSummary": null,
          "extracted": false,
          "telepipe": null,
          "layout": {
            "profile": "crowded",
            "seed": 352369970,
            "roomCount": 10,
            "startRoom": {
              "x": -9,
              "z": 27,
              "role": "start"
            }
          },
          "connectionState": "connected",
          "sceneInitialized": true,
          "hasCanvas": true,
          "lobbyVisible": false,
          "lobbyMenuDismissed": true,
          "characterBoothOpen": false,
          "deckEditorVisible": false,
          "runId": "eb98d4fa-1ead-420f-badb-508b3037fcd4",
          "resumeBtnUsable": false,
          "abandonRunBtnUsable": false,
          "cardHandVisible": true,
          "status": "Latency: 0ms",
          "hpText": "90/100",
          "msText": "99/99",
          "currencyText": "Money 0",
          "currency": 0,
          "player": {
            "hp": 90,
            "magicStones": 99,
            "currency": 0,
            "debugGodmode": false,
            "dead": false,
            "x": -7.65,
            "y": 0.5,
            "z": 19,
            "equippedKeyItemId": "dodge_roll",
            "keyItemCooldownRemaining": 0,
            "cardUseState": null,
            "cardWindupUntil": 0,
            "cardWindupCardId": null,
            "slowedUntil": 0,
            "burningUntil": 0,
            "slowActive": false,
            "burnActive": false
          },
          "windupFlashing": false,
          "keyItemIndicatorOnCooldown": false,
          "keyItemIndicatorText": "",
          "players": 2,
          "squadmates": [
            {
              "id": "c12976e4-38a6-4437-a3db-ea5418877b09",
              "x": -6,
              "z": 27
            }
          ],
          "enemies": 2,
          "enemyHp": [
            {
              "id": "fe6afd56-a43d-4493-bee8-1de71700d428",
              "hp": 100,
              "maxHp": 100,
              "type": "grunt",
              "spawnedBy": null,
              "x": -6.504603204153868,
              "z": 23.09762836494977,
              "slowedUntil": 0,
              "burningUntil": 0,
              "frozenUntil": 0,
              "slowActive": false,
              "burnActive": false
            },
            {
              "id": "a092913b-9f48-4a8d-8ae9-419cf919a892",
              "hp": 100,
              "maxHp": 100,
              "type": "grunt",
              "spawnedBy": null,
              "x": -9.513586562885633,
              "z": 25.223540436272415,
              "slowedUntil": 0,
              "burningUntil": 0,
              "frozenUntil": 0,
              "slowActive": false,
              "burnActive": false
            }
          ],
          "minions": [],
          "hand": [
            {
              "id": "iron_sword",
              "name": "Rust-Forged Saber",
              "type": "weapon",
              "remainingCharges": 5,
              "charges": 5,
              "activeMinionId": null,
              "burnMaxTtl": null,
              "burnLabel": "5/5",
              "creatureBurning": false,
              "isEvolved": false
            },
            {
              "id": "iron_sword",
              "name": "Rust-Forged Saber",
              "type": "weapon",
              "remainingCharges": 5,
              "charges": 5,
              "activeMinionId": null,
              "burnMaxTtl": null,
              "burnLabel": "5/5",
              "creatureBurning": false,
              "isEvolved": false
            },
            {
              "id": "dungeon_drake",
              "name": "Vault Wyrm",
              "type": "creature",
              "remainingCharges": 1,
              "charges": 1,
              "activeMinionId": null,
              "burnMaxTtl": null,
              "burnLabel": "1/1",
              "creatureBurning": false,
              "isEvolved": false,
              "specialEffect": "burning_breath"
            },
            {
              "id": "flame_blade",
              "name": "Solar Edge",
              "type": "weapon",
              "remainingCharges": 2,
              "charges": 2,
              "activeMinionId": null,
              "burnMaxTtl": null,
              "burnLabel": "2/2",
              "creatureBurning": false,
              "isEvolved": false
            },
            {
              "id": "dungeon_drake",
              "name": "Vault Wyrm",
              "type": "creature",
              "remainingCharges": 1,
              "charges": 1,
              "activeMinionId": null,
              "burnMaxTtl": null,
              "burnLabel": "1/1",
              "creatureBurning": false,
              "isEvolved": false,
              "specialEffect": "burning_breath"
            },
            null
          ],
          "inventory": [
            {
              "instanceId": "dfddcbca-0609-44ed-9f18-f2fa59c17c29",
              "cardId": "iron_sword",
              "grind": 0
            },
            {
              "instanceId": "60d70054-2f36-4e01-9f9f-b83ca67be619",
              "cardId": "flame_blade",
              "grind": 0
            },
            {
              "instanceId": "67abe258-0318-4c0d-943b-abc404289ab7",
              "cardId": "battle_familiar",
              "grind": 0
            },
            {
              "instanceId": "9fbd4170-fc80-4df2-b4a0-a5f851c31531",
              "cardId": "dungeon_drake",
              "grind": 0
            },
            {
              "instanceId": "84a5935c-8006-4ad3-a5ed-bd1073fee70b",
              "cardId": "iron_sword",
              "grind": 0
            },
            {
              "instanceId": "346ef764-8dac-4613-98ca-9d2caac8cb5f",
              "cardId": "iron_sword",
              "grind": 0
            },
            {
              "instanceId": "fd19a62b-eb6c-4569-83f7-67d4724de531",
              "cardId": "iron_sword",
              "grind": 0
            },
            {
              "instanceId": "8260095e-7106-444a-a6c7-051b23445369",
              "cardId": "battle_familiar",
              "grind": 0
            },
            {
              "instanceId": "eecc0f6a-deb0-4ea1-a0e1-aa2bf3ed66fa",
              "cardId": "battle_familiar",
              "grind": 0
            },
            {
              "instanceId": "4c0ce8e7-c856-4d8e-880f-dce87c689574",
              "cardId": "flame_blade",
              "grind": 0
            },
            {
              "instanceId": "21a60c00-7c89-4831-ac2a-a2264e807f07",
              "cardId": "flame_blade",
              "grind": 0
            },
            {
              "instanceId": "16f299b5-21a6-4a30-a76f-a44cced8f747",
              "cardId": "dungeon_drake",
              "grind": 0
            }
          ],
          "lastEvolutionResult": null
        },
        "keyItemIndicatorOnCooldown": false,
        "keyItemIndicatorText": "\n          \n          Dodge Roll\n          E\n          \n        ",
        "keyItemCooldownRemaining": 0,
        "status": "Latency: 0ms",
        "hasCanvas": true,
        "canvasCount": 2,
        "lobbyVisible": false,
        "cardHandVisible": true,
        "title": "Void Grimoire",
        "bodyText": "👤\nLv\n🔊\n⚙\nPL\nLV\n1\nHP\n90/100\nMS\n99/99\nDeck: 7/12\n⟡ 4\n✦ 3\n🐉 0\n✨ 0\nMoney 0\nLatency: 0ms\nDodge Roll\nE\n01\nRewa: Rewa on channel. Move with WASD, close on the opening grunts, and strike with your melee weapon to start the sweep.\nInitiate Vault\nPurged 0 / 6 hostiles\nClick to attack · press 1–6 to cast cards · E for key item\n1\n⚔\nRust-Forged Saber\n5/5\n2\n⚔\nRust-Forged Saber\n5/5\n3\n🔥\nVault Wyrm\nBURNING BREATH\n600ms wind-up\n1/1\n4\n⚔\nSolar Edge\n650ms wind-up\n2/2\n5\n🔥\nVault Wyrm\nBURNING BREATH\n600ms wind-up\n1/1"
      }
    }
  ],
  "pageerrors": []
}
