
 RUN  v3.2.4 /home/matt/workspace/.autogame-worktrees/339-anim-excalibur-photon/game
      Coverage enabled with v8

stdout | client/test/avatar-cosmetic-render.test.js > avatar cosmetic render (hub + in-run) > lobby hub layout builds local avatar whose cosmeticKey matches non-default cosmetic
[initScene] Initializing Three.js scene...

stderr | client/test/models-registry.test.js > loadModel() resilience > resolves null for a missing path without throwing
[models] failed to load model "/models/__missing__.glb": Error: 404
    at t.<anonymous> [90m(/home/matt/workspace/.autogame-worktrees/339-anim-excalibur-photon/game/[39mclient/test/models-registry.test.js:101:12[90m)[39m
    at t.mockCall [90m(file:///home/matt/workspace/.autogame-worktrees/339-anim-excalibur-photon/game/[39mnode_modules/[4m.pnpm[24m/@vitest+spy@3.2.4/node_modules/[4m@vitest[24m/spy/dist/index.js:96:15[90m)[39m
    at t.spy [as load] [90m(file:///home/matt/workspace/.autogame-worktrees/339-anim-excalibur-photon/game/[39mnode_modules/[4m.pnpm[24m/tinyspy@4.0.4/node_modules/[4mtinyspy[24m/dist/index.js:47:80[90m)[39m
    at [90m/home/matt/workspace/.autogame-worktrees/339-anim-excalibur-photon/game/[39mclient/models.js:89:11
    at new Promise (<anonymous>)
    at Module.loadModel [90m(/home/matt/workspace/.autogame-worktrees/339-anim-excalibur-photon/game/[39mclient/models.js:80:11[90m)[39m
    at [90m/home/matt/workspace/.autogame-worktrees/339-anim-excalibur-photon/game/[39mclient/test/models-registry.test.js:104:16
    at [90mfile:///home/matt/workspace/.autogame-worktrees/339-anim-excalibur-photon/game/[39mnode_modules/[4m.pnpm[24m/@vitest+runner@3.2.4/node_modules/[4m@vitest[24m/runner/dist/chunk-hooks.js:155:11
    at [90mfile:///home/matt/workspace/.autogame-worktrees/339-anim-excalibur-photon/game/[39mnode_modules/[4m.pnpm[24m/@vitest+runner@3.2.4/node_modules/[4m@vitest[24m/runner/dist/chunk-hooks.js:752:26
    at [90mfile:///home/matt/workspace/.autogame-worktrees/339-anim-excalibur-photon/game/[39mnode_modules/[4m.pnpm[24m/@vitest+runner@3.2.4/node_modules/[4m@vitest[24m/runner/dist/chunk-hooks.js:1897:20

stderr | client/test/models-registry.test.js > loadModel() resilience > caches failure so the same missing path is not re-fetched
[models] failed to load model "/models/__missing__.glb": Error: 404
    at t.<anonymous> [90m(/home/matt/workspace/.autogame-worktrees/339-anim-excalibur-photon/game/[39mclient/test/models-registry.test.js:109:12[90m)[39m
    at t.mockCall [90m(file:///home/matt/workspace/.autogame-worktrees/339-anim-excalibur-photon/game/[39mnode_modules/[4m.pnpm[24m/@vitest+spy@3.2.4/node_modules/[4m@vitest[24m/spy/dist/index.js:96:15[90m)[39m
    at t.spy [as load] [90m(file:///home/matt/workspace/.autogame-worktrees/339-anim-excalibur-photon/game/[39mnode_modules/[4m.pnpm[24m/tinyspy@4.0.4/node_modules/[4mtinyspy[24m/dist/index.js:47:80[90m)[39m
    at [90m/home/matt/workspace/.autogame-worktrees/339-anim-excalibur-photon/game/[39mclient/models.js:89:11
    at new Promise (<anonymous>)
    at Module.loadModel [90m(/home/matt/workspace/.autogame-worktrees/339-anim-excalibur-photon/game/[39mclient/models.js:80:11[90m)[39m
    at [90m/home/matt/workspace/.autogame-worktrees/339-anim-excalibur-photon/game/[39mclient/test/models-registry.test.js:112:9
    at [90mfile:///home/matt/workspace/.autogame-worktrees/339-anim-excalibur-photon/game/[39mnode_modules/[4m.pnpm[24m/@vitest+runner@3.2.4/node_modules/[4m@vitest[24m/runner/dist/chunk-hooks.js:155:11
    at [90mfile:///home/matt/workspace/.autogame-worktrees/339-anim-excalibur-photon/game/[39mnode_modules/[4m.pnpm[24m/@vitest+runner@3.2.4/node_modules/[4m@vitest[24m/runner/dist/chunk-hooks.js:752:26
    at [90mfile:///home/matt/workspace/.autogame-worktrees/339-anim-excalibur-photon/game/[39mnode_modules/[4m.pnpm[24m/@vitest+runner@3.2.4/node_modules/[4m@vitest[24m/runner/dist/chunk-hooks.js:1897:20

 ✓ |client| client/test/cardRenderers.test.js (138 tests) 72ms
stdout | client/test/renderer-loot.test.js > renderer loot helpers > getPickedUpLootIds reflects lootPickupAttempts after walk-over pickup
[initScene] Initializing Three.js scene...

stdout | client/test/hub-presence-avatars.test.js > hub presence avatars (lobby) > builds meshes for local and remote lobby players
[initScene] Initializing Three.js scene...

stdout | client/test/boothPrompt.test.js > booth interaction prompt > shows the prompt on zone enter and hides it on exit
[initScene] Initializing Three.js scene...

stdout | client/test/renderer-clock.test.js > renderer animation loop clock > uses THREE.Clock.getDelta without requiring a clock.update method
[initScene] Initializing Three.js scene...

 ✓ |client| client/test/input.test.js (39 tests) 48ms
stdout | client/test/renderer-minion-summon.test.js > minion summon scale-in > records spawn time and starts new minion meshes below full scale
[initScene] Initializing Three.js scene...

stdout | client/test/renderer-registry-normalize.test.js > field medic VFX > triggerMedicAllyHealVFX spawns telegraph ring and particle burst primitives
[initScene] Initializing Three.js scene...

stdout | client/test/renderer-registry-normalize.test.js > field medic VFX > triggerMedicEnergyBeadVFX spawns corridor, trail, decal, and burst along the bead vector
[initScene] Initializing Three.js scene...

stdout | client/test/renderer-shield-bar.test.js > enemy shield bar > createEnemyShieldBarMesh uses cyan above the enemy half-height
[initScene] Initializing Three.js scene...

stderr | client/test/models-registry.test.js > registry attach fallback (renderer) > createPlayerAvatar keeps procedural visible when the model fails to load
[models] failed to load model "/models/player.glb": Error: 404
    at t.<anonymous> [90m(/home/matt/workspace/.autogame-worktrees/339-anim-excalibur-photon/game/[39mclient/test/models-registry.test.js:166:12[90m)[39m
    at t.mockCall [90m(file:///home/matt/workspace/.autogame-worktrees/339-anim-excalibur-photon/game/[39mnode_modules/[4m.pnpm[24m/@vitest+spy@3.2.4/node_modules/[4m@vitest[24m/spy/dist/index.js:96:15[90m)[39m
    at t.spy [as load] [90m(file:///home/matt/workspace/.autogame-worktrees/339-anim-excalibur-photon/game/[39mnode_modules/[4m.pnpm[24m/tinyspy@4.0.4/node_modules/[4mtinyspy[24m/dist/index.js:47:80[90m)[39m
    at [90m/home/matt/workspace/.autogame-worktrees/339-anim-excalibur-photon/game/[39mclient/models.js:89:11
    at new Promise (<anonymous>)
    at loadModel [90m(/home/matt/workspace/.autogame-worktrees/339-anim-excalibur-photon/game/[39mclient/models.js:80:11[90m)[39m
    at attachRegistryModel [90m(/home/matt/workspace/.autogame-worktrees/339-anim-excalibur-photon/game/[39mclient/renderer.js:639:11[90m)[39m
    at Module.createPlayerAvatar [90m(/home/matt/workspace/.autogame-worktrees/339-anim-excalibur-photon/game/[39mclient/renderer.js:2262:2[90m)[39m
    at [90m/home/matt/workspace/.autogame-worktrees/339-anim-excalibur-photon/game/[39mclient/test/models-registry.test.js:169:18
    at [90mfile:///home/matt/workspace/.autogame-worktrees/339-anim-excalibur-photon/game/[39mnode_modules/[4m.pnpm[24m/@vitest+runner@3.2.4/node_modules/[4m@vitest[24m/runner/dist/chunk-hooks.js:155:11

stderr | client/test/models-registry.test.js > registry attach fallback (renderer) > createEnemyMesh keeps procedural visible when loadModel resolves null
[models] failed to load model "/models/grunt.glb": Error: 404
    at t.<anonymous> [90m(/home/matt/workspace/.autogame-worktrees/339-anim-excalibur-photon/game/[39mclient/test/models-registry.test.js:183:12[90m)[39m
    at t.mockCall [90m(file:///home/matt/workspace/.autogame-worktrees/339-anim-excalibur-photon/game/[39mnode_modules/[4m.pnpm[24m/@vitest+spy@3.2.4/node_modules/[4m@vitest[24m/spy/dist/index.js:96:15[90m)[39m
    at t.spy [as load] [90m(file:///home/matt/workspace/.autogame-worktrees/339-anim-excalibur-photon/game/[39mnode_modules/[4m.pnpm[24m/tinyspy@4.0.4/node_modules/[4mtinyspy[24m/dist/index.js:47:80[90m)[39m
    at [90m/home/matt/workspace/.autogame-worktrees/339-anim-excalibur-photon/game/[39mclient/models.js:89:11
    at new Promise (<anonymous>)
    at loadModel [90m(/home/matt/workspace/.autogame-worktrees/339-anim-excalibur-photon/game/[39mclient/models.js:80:11[90m)[39m
    at attachRegistryModel [90m(/home/matt/workspace/.autogame-worktrees/339-anim-excalibur-photon/game/[39mclient/renderer.js:639:11[90m)[39m
    at Module.createEnemyMesh [90m(/home/matt/workspace/.autogame-worktrees/339-anim-excalibur-photon/game/[39mclient/renderer.js:3079:2[90m)[39m
    at [90m/home/matt/workspace/.autogame-worktrees/339-anim-excalibur-photon/game/[39mclient/test/models-registry.test.js:186:16
    at [90mfile:///home/matt/workspace/.autogame-worktrees/339-anim-excalibur-photon/game/[39mnode_modules/[4m.pnpm[24m/@vitest+runner@3.2.4/node_modules/[4m@vitest[24m/runner/dist/chunk-hooks.js:155:11

stdout | client/test/hub-lobby-render.test.js > hub lobby render > renders the hub during the lobby and spawns the local avatar on the hub floor
[initScene] Initializing Three.js scene...

stderr | client/test/renderer-loot.test.js > renderer loot helpers > getPickedUpLootIds reflects lootPickupAttempts after walk-over pickup
[renderer] failed to apply model "/models/player.glb" for "player": TypeError: Failed to parse URL from /models/player.glb
[90m    at new Request (node:internal/deps/undici/undici:9588:19)[39m
    at FileLoader.load [90m(file:///home/matt/workspace/.autogame-worktrees/339-anim-excalibur-photon/game/[39mnode_modules/[4m.pnpm[24m/three@0.184.0/node_modules/[4mthree[24m/build/three.core.js:44150:15[90m)[39m
[90m    ... 4 lines matching cause stack trace ...[39m
    at attachRegistryModel [90m(/home/matt/workspace/.autogame-worktrees/339-anim-excalibur-photon/game/[39mclient/renderer.js:639:11[90m)[39m
    at createPlayerAvatar [90m(/home/matt/workspace/.autogame-worktrees/339-anim-excalibur-photon/game/[39mclient/renderer.js:2262:2[90m)[39m
    at animate [90m(/home/matt/workspace/.autogame-worktrees/339-anim-excalibur-photon/game/[39mclient/renderer.js:5552:20[90m)[39m
    at [90m/home/matt/workspace/.autogame-worktrees/339-anim-excalibur-photon/game/[39mclient/test/renderer-loot.test.js:44:3 {
  [cause]: TypeError: Invalid URL: /models/player.glb
      at new URLImpl [90m(/home/matt/workspace/.autogame-worktrees/339-anim-excalibur-photon/game/[39mnode_modules/[4m.pnpm[24m/whatwg-url@14.2.0/node_modules/[4mwhatwg-url[24m/lib/URL-impl.js:20:13[90m)[39m
      at Object.exports.setup [90m(/home/matt/workspace/.autogame-worktrees/339-anim-excalibur-photon/game/[39mnode_modules/[4m.pnpm[24m/whatwg-url@14.2.0/node_modules/[4mwhatwg-url[24m/lib/URL.js:54:12[90m)[39m
      at new URL [90m(/home/matt/workspace/.autogame-worktrees/339-anim-excalibur-photon/game/[39mnode_modules/[4m.pnpm[24m/whatwg-url@14.2.0/node_modules/[4mwhatwg-url[24m/lib/URL.js:115:22[90m)[39m
  [90m    at new Request (node:internal/deps/undici/undici:9586:25)[39m
      at FileLoader.load [90m(file:///home/matt/workspace/.autogame-worktrees/339-anim-excalibur-photon/game/[39mnode_modules/[4m.pnpm[24m/three@0.184.0/node_modules/[4mthree[24m/build/three.core.js:44150:15[90m)[39m
      at GLTFLoader.load [90m(file:///home/matt/workspace/.autogame-worktrees/339-anim-excalibur-photon/game/[39mnode_modules/[4m.pnpm[24m/three@0.184.0/node_modules/[4mthree[24m/examples/jsm/loaders/GLTFLoader.js:319:10[90m)[39m
      at [90m/home/matt/workspace/.autogame-worktrees/339-anim-excalibur-photon/game/[39mclient/models.js:89:11
      at new Promise (<anonymous>)
      at loadModel [90m(/home/matt/workspace/.autogame-worktrees/339-anim-excalibur-photon/game/[39mclient/models.js:80:11[90m)[39m
      at attachRegistryModel [90m(/home/matt/workspace/.autogame-worktrees/339-anim-excalibur-photon/game/[39mclient/renderer.js:639:11[90m)[39m
}

stderr | client/test/hub-presence-avatars.test.js > hub presence avatars (lobby) > builds meshes for local and remote lobby players
[renderer] failed to apply model "/models/player.glb" for "player": TypeError: Failed to parse URL from /models/player.glb
[90m    at new Request (node:internal/deps/undici/undici:9588:19)[39m
    at FileLoader.load [90m(file:///home/matt/workspace/.autogame-worktrees/339-anim-excalibur-photon/game/[39mnode_modules/[4m.pnpm[24m/three@0.184.0/node_modules/[4mthree[24m/build/three.core.js:44150:15[90m)[39m
[90m    ... 4 lines matching cause stack trace ...[39m
    at attachRegistryModel [90m(/home/matt/workspace/.autogame-worktrees/339-anim-excalibur-photon/game/[39mclient/renderer.js:639:11[90m)[39m
    at createPlayerAvatar [90m(/home/matt/workspace/.autogame-worktrees/339-anim-excalibur-photon/game/[39mclient/renderer.js:2262:2[90m)[39m
    at animate [90m(/home/matt/workspace/.autogame-worktrees/339-anim-excalibur-photon/game/[39mclient/renderer.js:5552:20[90m)[39m
    at [90m/home/matt/workspace/.autogame-worktrees/339-anim-excalibur-photon/game/[39mclient/test/hub-presence-avatars.test.js:187:3 {
  [cause]: TypeError: Invalid URL: /models/player.glb
      at new URLImpl [90m(/home/matt/workspace/.autogame-worktrees/339-anim-excalibur-photon/game/[39mnode_modules/[4m.pnpm[24m/whatwg-url@14.2.0/node_modules/[4mwhatwg-url[24m/lib/URL-impl.js:20:13[90m)[39m
      at Object.exports.setup [90m(/home/matt/workspace/.autogame-worktrees/339-anim-excalibur-photon/game/[39mnode_modules/[4m.pnpm[24m/whatwg-url@14.2.0/node_modules/[4mwhatwg-url[24m/lib/URL.js:54:12[90m)[39m
      at new URL [90m(/home/matt/workspace/.autogame-worktrees/339-anim-excalibur-photon/game/[39mnode_modules/[4m.pnpm[24m/whatwg-url@14.2.0/node_modules/[4mwhatwg-url[24m/lib/URL.js:115:22[90m)[39m
  [90m    at new Request (node:internal/deps/undici/undici:9586:25)[39m
      at FileLoader.load [90m(file:///home/matt/workspace/.autogame-worktrees/339-anim-excalibur-photon/game/[39mnode_modules/[4m.pnpm[24m/three@0.184.0/node_modules/[4mthree[24m/build/three.core.js:44150:15[90m)[39m
      at GLTFLoader.load [90m(file:///home/matt/workspace/.autogame-worktrees/339-anim-excalibur-photon/game/[39mnode_modules/[4m.pnpm[24m/three@0.184.0/node_modules/[4mthree[24m/examples/jsm/loaders/GLTFLoader.js:319:10[90m)[39m
      at [90m/home/matt/workspace/.autogame-worktrees/339-anim-excalibur-photon/game/[39mclient/models.js:89:11
      at new Promise (<anonymous>)
      at loadModel [90m(/home/matt/workspace/.autogame-worktrees/339-anim-excalibur-photon/game/[39mclient/models.js:80:11[90m)[39m
      at attachRegistryModel [90m(/home/matt/workspace/.autogame-worktrees/339-anim-excalibur-photon/game/[39mclient/renderer.js:639:11[90m)[39m
}
[renderer] failed to apply model "/models/player.glb" for "player": TypeError: Failed to parse URL from /models/player.glb
[90m    at new Request (node:internal/deps/undici/undici:9588:19)[39m
    at FileLoader.load [90m(file:///home/matt/workspace/.autogame-worktrees/339-anim-excalibur-photon/game/[39mnode_modules/[4m.pnpm[24m/three@0.184.0/node_modules/[4mthree[24m/build/three.core.js:44150:15[90m)[39m
[90m    ... 4 lines matching cause stack trace ...[39m
    at attachRegistryModel [90m(/home/matt/workspace/.autogame-worktrees/339-anim-excalibur-photon/game/[39mclient/renderer.js:639:11[90m)[39m
    at createPlayerAvatar [90m(/home/matt/workspace/.autogame-worktrees/339-anim-excalibur-photon/game/[39mclient/renderer.js:2262:2[90m)[39m
    at animate [90m(/home/matt/workspace/.autogame-worktrees/339-anim-excalibur-photon/game/[39mclient/renderer.js:5552:20[90m)[39m
    at [90m/home/matt/workspace/.autogame-worktrees/339-anim-excalibur-photon/game/[39mclient/test/hub-presence-avatars.test.js:187:3 {
  [cause]: TypeError: Invalid URL: /models/player.glb
      at new URLImpl [90m(/home/matt/workspace/.autogame-worktrees/339-anim-excalibur-photon/game/[39mnode_modules/[4m.pnpm[24m/whatwg-url@14.2.0/node_modules/[4mwhatwg-url[24m/lib/URL-impl.js:20:13[90m)[39m
      at Object.exports.setup [90m(/home/matt/workspace/.autogame-worktrees/339-anim-excalibur-photon/game/[39mnode_modules/[4m.pnpm[24m/whatwg-url@14.2.0/node_modules/[4mwhatwg-url[24m/lib/URL.js:54:12[90m)[39m
      at new URL [90m(/home/matt/workspace/.autogame-worktrees/339-anim-excalibur-photon/game/[39mnode_modules/[4m.pnpm[24m/whatwg-url@14.2.0/node_modules/[4mwhatwg-url[24m/lib/URL.js:115:22[90m)[39m
  [90m    at new Request (node:internal/deps/undici/undici:9586:25)[39m
      at FileLoader.load [90m(file:///home/matt/workspace/.autogame-worktrees/339-anim-excalibur-photon/game/[39mnode_modules/[4m.pnpm[24m/three@0.184.0/node_modules/[4mthree[24m/build/three.core.js:44150:15[90m)[39m
      at GLTFLoader.load [90m(file:///home/matt/workspace/.autogame-worktrees/339-anim-excalibur-photon/game/[39mnode_modules/[4m.pnpm[24m/three@0.184.0/node_modules/[4mthree[24m/examples/jsm/loaders/GLTFLoader.js:319:10[90m)[39m
      at [90m/home/matt/workspace/.autogame-worktrees/339-anim-excalibur-photon/game/[39mclient/models.js:89:11
      at new Promise (<anonymous>)
      at loadModel [90m(/home/matt/workspace/.autogame-worktrees/339-anim-excalibur-photon/game/[39mclient/models.js:80:11[90m)[39m
      at attachRegistryModel [90m(/home/matt/workspace/.autogame-worktrees/339-anim-excalibur-photon/game/[39mclient/renderer.js:639:11[90m)[39m
}

stderr | client/test/boothPrompt.test.js > booth interaction prompt > shows the prompt on zone enter and hides it on exit
[renderer] failed to apply model "/models/player.glb" for "player": TypeError: Failed to parse URL from /models/player.glb
[90m    at new Request (node:internal/deps/undici/undici:9588:19)[39m
    at FileLoader.load [90m(file:///home/matt/workspace/.autogame-worktrees/339-anim-excalibur-photon/game/[39mnode_modules/[4m.pnpm[24m/three@0.184.0/node_modules/[4mthree[24m/build/three.core.js:44150:15[90m)[39m
[90m    ... 4 lines matching cause stack trace ...[39m
    at attachRegistryModel [90m(/home/matt/workspace/.autogame-worktrees/339-anim-excalibur-photon/game/[39mclient/renderer.js:639:11[90m)[39m
    at createPlayerAvatar [90m(/home/matt/workspace/.autogame-worktrees/339-anim-excalibur-photon/game/[39mclient/renderer.js:2262:2[90m)[39m
    at Module.animate [90m(/home/matt/workspace/.autogame-worktrees/339-anim-excalibur-photon/game/[39mclient/renderer.js:5552:20[90m)[39m
    at [90m/home/matt/workspace/.autogame-worktrees/339-anim-excalibur-photon/game/[39mclient/test/boothPrompt.test.js:76:12 {
  [cause]: TypeError: Invalid URL: /models/player.glb
      at new URLImpl [90m(/home/matt/workspace/.autogame-worktrees/339-anim-excalibur-photon/game/[39mnode_modules/[4m.pnpm[24m/whatwg-url@14.2.0/node_modules/[4mwhatwg-url[24m/lib/URL-impl.js:20:13[90m)[39m
      at Object.exports.setup [90m(/home/matt/workspace/.autogame-worktrees/339-anim-excalibur-photon/game/[39mnode_modules/[4m.pnpm[24m/whatwg-url@14.2.0/node_modules/[4mwhatwg-url[24m/lib/URL.js:54:12[90m)[39m
      at new URL [90m(/home/matt/workspace/.autogame-worktrees/339-anim-excalibur-photon/game/[39mnode_modules/[4m.pnpm[24m/whatwg-url@14.2.0/node_modules/[4mwhatwg-url[24m/lib/URL.js:115:22[90m)[39m
  [90m    at new Request (node:internal/deps/undici/undici:9586:25)[39m
      at FileLoader.load [90m(file:///home/matt/workspace/.autogame-worktrees/339-anim-excalibur-photon/game/[39mnode_modules/[4m.pnpm[24m/three@0.184.0/node_modules/[4mthree[24m/build/three.core.js:44150:15[90m)[39m
      at GLTFLoader.load [90m(file:///home/matt/workspace/.autogame-worktrees/339-anim-excalibur-photon/game/[39mnode_modules/[4m.pnpm[24m/three@0.184.0/node_modules/[4mthree[24m/examples/jsm/loaders/GLTFLoader.js:319:10[90m)[39m
      at [90m/home/matt/workspace/.autogame-worktrees/339-anim-excalibur-photon/game/[39mclient/models.js:89:11
      at new Promise (<anonymous>)
      at loadModel [90m(/home/matt/workspace/.autogame-worktrees/339-anim-excalibur-photon/game/[39mclient/models.js:80:11[90m)[39m
      at attachRegistryModel [90m(/home/matt/workspace/.autogame-worktrees/339-anim-excalibur-photon/game/[39mclient/renderer.js:639:11[90m)[39m
}

stderr | client/test/renderer-minion-summon.test.js > minion summon scale-in > records spawn time and starts new minion meshes below full scale
[renderer] failed to apply model "/models/player.glb" for "player": TypeError: Failed to parse URL from /models/player.glb
[90m    at new Request (node:internal/deps/undici/undici:9588:19)[39m
    at FileLoader.load [90m(file:///home/matt/workspace/.autogame-worktrees/339-anim-excalibur-photon/game/[39mnode_modules/[4m.pnpm[24m/three@0.184.0/node_modules/[4mthree[24m/build/three.core.js:44150:15[90m)[39m
[90m    ... 4 lines matching cause stack trace ...[39m
    at attachRegistryModel [90m(/home/matt/workspace/.autogame-worktrees/339-anim-excalibur-photon/game/[39mclient/renderer.js:639:11[90m)[39m
    at createPlayerAvatar [90m(/home/matt/workspace/.autogame-worktrees/339-anim-excalibur-photon/game/[39mclient/renderer.js:2262:2[90m)[39m
    at animate [90m(/home/matt/workspace/.autogame-worktrees/339-anim-excalibur-photon/game/[39mclient/renderer.js:5552:20[90m)[39m
    at [90m/home/matt/workspace/.autogame-worktrees/339-anim-excalibur-photon/game/[39mclient/test/renderer-minion-summon.test.js:38:3 {
  [cause]: TypeError: Invalid URL: /models/player.glb
      at new URLImpl [90m(/home/matt/workspace/.autogame-worktrees/339-anim-excalibur-photon/game/[39mnode_modules/[4m.pnpm[24m/whatwg-url@14.2.0/node_modules/[4mwhatwg-url[24m/lib/URL-impl.js:20:13[90m)[39m
      at Object.exports.setup [90m(/home/matt/workspace/.autogame-worktrees/339-anim-excalibur-photon/game/[39mnode_modules/[4m.pnpm[24m/whatwg-url@14.2.0/node_modules/[4mwhatwg-url[24m/lib/URL.js:54:12[90m)[39m
      at new URL [90m(/home/matt/workspace/.autogame-worktrees/339-anim-excalibur-photon/game/[39mnode_modules/[4m.pnpm[24m/whatwg-url@14.2.0/node_modules/[4mwhatwg-url[24m/lib/URL.js:115:22[90m)[39m
  [90m    at new Request (node:internal/deps/undici/undici:9586:25)[39m
      at FileLoader.load [90m(file:///home/matt/workspace/.autogame-worktrees/339-anim-excalibur-photon/game/[39mnode_modules/[4m.pnpm[24m/three@0.184.0/node_modules/[4mthree[24m/build/three.core.js:44150:15[90m)[39m
      at GLTFLoader.load [90m(file:///home/matt/workspace/.autogame-worktrees/339-anim-excalibur-photon/game/[39mnode_modules/[4m.pnpm[24m/three@0.184.0/node_modules/[4mthree[24m/examples/jsm/loaders/GLTFLoader.js:319:10[90m)[39m
      at [90m/home/matt/workspace/.autogame-worktrees/339-anim-excalibur-photon/game/[39mclient/models.js:89:11
      at new Promise (<anonymous>)
      at loadModel [90m(/home/matt/workspace/.autogame-worktrees/339-anim-excalibur-photon/game/[39mclient/models.js:80:11[90m)[39m
      at attachRegistryModel [90m(/home/matt/workspace/.autogame-worktrees/339-anim-excalibur-photon/game/[39mclient/renderer.js:639:11[90m)[39m
}

 ✓ |client| client/test/settings-effects.test.js (2 tests) 190ms
stderr | client/test/hub-lobby-render.test.js > hub lobby render > renders the hub during the lobby and spawns the local avatar on the hub floor
[renderer] failed to apply model "/models/player.glb" for "player": TypeError: Failed to parse URL from /models/player.glb
[90m    at new Request (node:internal/deps/undici/undici:9588:19)[39m
    at FileLoader.load [90m(file:///home/matt/workspace/.autogame-worktrees/339-anim-excalibur-photon/game/[39mnode_modules/[4m.pnpm[24m/three@0.184.0/node_modules/[4mthree[24m/build/three.core.js:44150:15[90m)[39m
[90m    ... 4 lines matching cause stack trace ...[39m
    at attachRegistryModel [90m(/home/matt/workspace/.autogame-worktrees/339-anim-excalibur-photon/game/[39mclient/renderer.js:639:11[90m)[39m
    at createPlayerAvatar [90m(/home/matt/workspace/.autogame-worktrees/339-anim-excalibur-photon/game/[39mclient/renderer.js:2262:2[90m)[39m
    at animate [90m(/home/matt/workspace/.autogame-worktrees/339-anim-excalibur-photon/game/[39mclient/renderer.js:5552:20[90m)[39m
    at [90m/home/matt/workspace/.autogame-worktrees/339-anim-excalibur-photon/game/[39mclient/test/hub-lobby-render.test.js:74:3 {
  [cause]: TypeError: Invalid URL: /models/player.glb
      at new URLImpl [90m(/home/matt/workspace/.autogame-worktrees/339-anim-excalibur-photon/game/[39mnode_modules/[4m.pnpm[24m/whatwg-url@14.2.0/node_modules/[4mwhatwg-url[24m/lib/URL-impl.js:20:13[90m)[39m
      at Object.exports.setup [90m(/home/matt/workspace/.autogame-worktrees/339-anim-excalibur-photon/game/[39mnode_modules/[4m.pnpm[24m/whatwg-url@14.2.0/node_modules/[4mwhatwg-url[24m/lib/URL.js:54:12[90m)[39m
      at new URL [90m(/home/matt/workspace/.autogame-worktrees/339-anim-excalibur-photon/game/[39mnode_modules/[4m.pnpm[24m/whatwg-url@14.2.0/node_modules/[4mwhatwg-url[24m/lib/URL.js:115:22[90m)[39m
  [90m    at new Request (node:internal/deps/undici/undici:9586:25)[39m
      at FileLoader.load [90m(file:///home/matt/workspace/.autogame-worktrees/339-anim-excalibur-photon/game/[39mnode_modules/[4m.pnpm[24m/three@0.184.0/node_modules/[4mthree[24m/build/three.core.js:44150:15[90m)[39m
      at GLTFLoader.load [90m(file:///home/matt/workspace/.autogame-worktrees/339-anim-excalibur-photon/game/[39mnode_modules/[4m.pnpm[24m/three@0.184.0/node_modules/[4mthree[24m/examples/jsm/loaders/GLTFLoader.js:319:10[90m)[39m
      at [90m/home/matt/workspace/.autogame-worktrees/339-anim-excalibur-photon/game/[39mclient/models.js:89:11
      at new Promise (<anonymous>)
      at loadModel [90m(/home/matt/workspace/.autogame-worktrees/339-anim-excalibur-photon/game/[39mclient/models.js:80:11[90m)[39m
      at attachRegistryModel [90m(/home/matt/workspace/.autogame-worktrees/339-anim-excalibur-photon/game/[39mclient/renderer.js:639:11[90m)[39m
}

stderr | client/test/keyItemProp.test.js > createPlayerAvatar key-item prop > seats the equipped prop on the avatar and tracks the shown id
[renderer] failed to apply model "/models/player.glb" for "player": TypeError: Failed to parse URL from /models/player.glb
[90m    at new Request (node:internal/deps/undici/undici:9588:19)[39m
    at FileLoader.load [90m(file:///home/matt/workspace/.autogame-worktrees/339-anim-excalibur-photon/game/[39mnode_modules/[4m.pnpm[24m/three@0.184.0/node_modules/[4mthree[24m/build/three.core.js:44150:15[90m)[39m
[90m    ... 4 lines matching cause stack trace ...[39m
    at attachRegistryModel [90m(/home/matt/workspace/.autogame-worktrees/339-anim-excalibur-photon/game/[39mclient/renderer.js:639:11[90m)[39m
    at createPlayerAvatar [90m(/home/matt/workspace/.autogame-worktrees/339-anim-excalibur-photon/game/[39mclient/renderer.js:2262:2[90m)[39m
    at [90m/home/matt/workspace/.autogame-worktrees/339-anim-excalibur-photon/game/[39mclient/test/keyItemProp.test.js:50:36
    at [90mfile:///home/matt/workspace/.autogame-worktrees/339-anim-excalibur-photon/game/[39mnode_modules/[4m.pnpm[24m/@vitest+runner@3.2.4/node_modules/[4m@vitest[24m/runner/dist/chunk-hooks.js:155:11 {
  [cause]: TypeError: Invalid URL: /models/player.glb
      at new URLImpl [90m(/home/matt/workspace/.autogame-worktrees/339-anim-excalibur-photon/game/[39mnode_modules/[4m.pnpm[24m/whatwg-url@14.2.0/node_modules/[4mwhatwg-url[24m/lib/URL-impl.js:20:13[90m)[39m
      at Object.exports.setup [90m(/home/matt/workspace/.autogame-worktrees/339-anim-excalibur-photon/game/[39mnode_modules/[4m.pnpm[24m/whatwg-url@14.2.0/node_modules/[4mwhatwg-url[24m/lib/URL.js:54:12[90m)[39m
      at new URL [90m(/home/matt/workspace/.autogame-worktrees/339-anim-excalibur-photon/game/[39mnode_modules/[4m.pnpm[24m/whatwg-url@14.2.0/node_modules/[4mwhatwg-url[24m/lib/URL.js:115:22[90m)[39m
  [90m    at new Request (node:internal/deps/undici/undici:9586:25)[39m
      at FileLoader.load [90m(file:///home/matt/workspace/.autogame-worktrees/339-anim-excalibur-photon/game/[39mnode_modules/[4m.pnpm[24m/three@0.184.0/node_modules/[4mthree[24m/build/three.core.js:44150:15[90m)[39m
      at GLTFLoader.load [90m(file:///home/matt/workspace/.autogame-worktrees/339-anim-excalibur-photon/game/[39mnode_modules/[4m.pnpm[24m/three@0.184.0/node_modules/[4mthree[24m/examples/jsm/loaders/GLTFLoader.js:319:10[90m)[39m
      at [90m/home/matt/workspace/.autogame-worktrees/339-anim-excalibur-photon/game/[39mclient/models.js:89:11
      at new Promise (<anonymous>)
      at loadModel [90m(/home/matt/workspace/.autogame-worktrees/339-anim-excalibur-photon/game/[39mclient/models.js:80:11[90m)[39m
      at attachRegistryModel [90m(/home/matt/workspace/.autogame-worktrees/339-anim-excalibur-photon/game/[39mclient/renderer.js:639:11[90m)[39m
}

stderr | client/test/keyItemProp.test.js > createPlayerAvatar key-item prop > adds no prop for an unequipped/none key item
[renderer] failed to apply model "/models/player.glb" for "player": TypeError: Failed to parse URL from /models/player.glb
[90m    at new Request (node:internal/deps/undici/undici:9588:19)[39m
    at FileLoader.load [90m(file:///home/matt/workspace/.autogame-worktrees/339-anim-excalibur-photon/game/[39mnode_modules/[4m.pnpm[24m/three@0.184.0/node_modules/[4mthree[24m/build/three.core.js:44150:15[90m)[39m
[90m    ... 4 lines matching cause stack trace ...[39m
    at attachRegistryModel [90m(/home/matt/workspace/.autogame-worktrees/339-anim-excalibur-photon/game/[39mclient/renderer.js:639:11[90m)[39m
    at createPlayerAvatar [90m(/home/matt/workspace/.autogame-worktrees/339-anim-excalibur-photon/game/[39mclient/renderer.js:2262:2[90m)[39m
    at [90m/home/matt/workspace/.autogame-worktrees/339-anim-excalibur-photon/game/[39mclient/test/keyItemProp.test.js:50:36
    at [90mfile:///home/matt/workspace/.autogame-worktrees/339-anim-excalibur-photon/game/[39mnode_modules/[4m.pnpm[24m/@vitest+runner@3.2.4/node_modules/[4m@vitest[24m/runner/dist/chunk-hooks.js:155:11 {
  [cause]: TypeError: Invalid URL: /models/player.glb
      at new URLImpl [90m(/home/matt/workspace/.autogame-worktrees/339-anim-excalibur-photon/game/[39mnode_modules/[4m.pnpm[24m/whatwg-url@14.2.0/node_modules/[4mwhatwg-url[24m/lib/URL-impl.js:20:13[90m)[39m
      at Object.exports.setup [90m(/home/matt/workspace/.autogame-worktrees/339-anim-excalibur-photon/game/[39mnode_modules/[4m.pnpm[24m/whatwg-url@14.2.0/node_modules/[4mwhatwg-url[24m/lib/URL.js:54:12[90m)[39m
      at new URL [90m(/home/matt/workspace/.autogame-worktrees/339-anim-excalibur-photon/game/[39mnode_modules/[4m.pnpm[24m/whatwg-url@14.2.0/node_modules/[4mwhatwg-url[24m/lib/URL.js:115:22[90m)[39m
  [90m    at new Request (node:internal/deps/undici/undici:9586:25)[39m
      at FileLoader.load [90m(file:///home/matt/workspace/.autogame-worktrees/339-anim-excalibur-photon/game/[39mnode_modules/[4m.pnpm[24m/three@0.184.0/node_modules/[4mthree[24m/build/three.core.js:44150:15[90m)[39m
      at GLTFLoader.load [90m(file:///home/matt/workspace/.autogame-worktrees/339-anim-excalibur-photon/game/[39mnode_modules/[4m.pnpm[24m/three@0.184.0/node_modules/[4mthree[24m/examples/jsm/loaders/GLTFLoader.js:319:10[90m)[39m
      at [90m/home/matt/workspace/.autogame-worktrees/339-anim-excalibur-photon/game/[39mclient/models.js:89:11
      at new Promise (<anonymous>)
      at loadModel [90m(/home/matt/workspace/.autogame-worktrees/339-anim-excalibur-photon/game/[39mclient/models.js:80:11[90m)[39m
      at attachRegistryModel [90m(/home/matt/workspace/.autogame-worktrees/339-anim-excalibur-photon/game/[39mclient/renderer.js:639:11[90m)[39m
}

 ✓ |client| client/test/renderer-registry-normalize.test.js (17 tests) 21ms
stdout | client/test/avatar-cosmetic-render.test.js > avatar cosmetic render (hub + in-run) > playing quest layout builds the same avatar with cosmetic applied after mocked glTF load
[initScene] Initializing Three.js scene...

 ✓ |client| client/test/renderer-clock.test.js (1 test) 508ms
   ✓ renderer animation loop clock > uses THREE.Clock.getDelta without requiring a clock.update method  506ms
 ✓ |client| client/test/models-registry.test.js (10 tests) 107ms
stdout | client/test/renderer-shield-bar.test.js > enemy shield bar > updateEnemyShieldBarMesh scales by shieldHp / maxShieldHp
[initScene] Initializing Three.js scene...

 ✓ |client| client/test/keyItemProp.test.js (7 tests) 68ms
stdout | client/test/lobby-menu-dismiss.test.js > lobby menu dismiss guard (main.js) > hub lobby join starts with #lobby hidden and lobbyMenuDismissed true
[initScene] Initializing Three.js scene...

stdout | client/test/boothPrompt.test.js > booth interaction prompt > hides the prompt when the rendered scene is not the hub
[initScene] Initializing Three.js scene...

stdout | client/test/hub-presence-avatars.test.js > hub presence avatars (lobby) > moves the remote mesh when hub presence coordinates change
[initScene] Initializing Three.js scene...

 ✓ |client| client/test/deck-viewer.test.js (21 tests) 333ms
   ✓ renderDeckViewer() / renderDeckStack() > renders draw pile cards with type icons and toggles via V key  326ms
 ✓ |client| client/test/boss-encounter-hud-wiring.test.js (6 tests) 489ms
   ✓ boss-encounter HUD wiring in main.js > populates the model and shows the HUD for an active encounter with a live boss  480ms
stderr | client/test/renderer-variant.test.js > warded variant visuals > createEnemyMesh stores _origColor from the type palette
[renderer] failed to apply model "/models/grunt.glb" for "grunt": TypeError: Failed to parse URL from /models/grunt.glb
[90m    at new Request (node:internal/deps/undici/undici:9588:19)[39m
    at FileLoader.load [90m(file:///home/matt/workspace/.autogame-worktrees/339-anim-excalibur-photon/game/[39mnode_modules/[4m.pnpm[24m/three@0.184.0/node_modules/[4mthree[24m/build/three.core.js:44150:15[90m)[39m
[90m    ... 4 lines matching cause stack trace ...[39m
    at attachRegistryModel [90m(/home/matt/workspace/.autogame-worktrees/339-anim-excalibur-photon/game/[39mclient/renderer.js:639:11[90m)[39m
    at createEnemyMesh [90m(/home/matt/workspace/.autogame-worktrees/339-anim-excalibur-photon/game/[39mclient/renderer.js:3079:2[90m)[39m
    at [90m/home/matt/workspace/.autogame-worktrees/339-anim-excalibur-photon/game/[39mclient/test/renderer-variant.test.js:29:16
[90m    at processTicksAndRejections (node:internal/process/task_queues:105:5)[39m {
  [cause]: TypeError: Invalid URL: /models/grunt.glb
      at new URLImpl [90m(/home/matt/workspace/.autogame-worktrees/339-anim-excalibur-photon/game/[39mnode_modules/[4m.pnpm[24m/whatwg-url@14.2.0/node_modules/[4mwhatwg-url[24m/lib/URL-impl.js:20:13[90m)[39m
      at Object.exports.setup [90m(/home/matt/workspace/.autogame-worktrees/339-anim-excalibur-photon/game/[39mnode_modules/[4m.pnpm[24m/whatwg-url@14.2.0/node_modules/[4mwhatwg-url[24m/lib/URL.js:54:12[90m)[39m
      at new URL [90m(/home/matt/workspace/.autogame-worktrees/339-anim-excalibur-photon/game/[39mnode_modules/[4m.pnpm[24m/whatwg-url@14.2.0/node_modules/[4mwhatwg-url[24m/lib/URL.js:115:22[90m)[39m
  [90m    at new Request (node:internal/deps/undici/undici:9586:25)[39m
      at FileLoader.load [90m(file:///home/matt/workspace/.autogame-worktrees/339-anim-excalibur-photon/game/[39mnode_modules/[4m.pnpm[24m/three@0.184.0/node_modules/[4mthree[24m/build/three.core.js:44150:15[90m)[39m
      at GLTFLoader.load [90m(file:///home/matt/workspace/.autogame-worktrees/339-anim-excalibur-photon/game/[39mnode_modules/[4m.pnpm[24m/three@0.184.0/node_modules/[4mthree[24m/examples/jsm/loaders/GLTFLoader.js:319:10[90m)[39m
      at [90m/home/matt/workspace/.autogame-worktrees/339-anim-excalibur-photon/game/[39mclient/models.js:89:11
      at new Promise (<anonymous>)
      at loadModel [90m(/home/matt/workspace/.autogame-worktrees/339-anim-excalibur-photon/game/[39mclient/models.js:80:11[90m)[39m
      at attachRegistryModel [90m(/home/matt/workspace/.autogame-worktrees/339-anim-excalibur-photon/game/[39mclient/renderer.js:639:11[90m)[39m
}

stdout | client/test/renderer-loot.test.js > renderer loot helpers > markLootCollected shows "+N MS" for magic stone pickups
[initScene] Initializing Three.js scene...

stdout | client/test/renderer-minion-summon.test.js > minion summon scale-in > does not re-trigger spawn scale-in when the minion id was already seen
[initScene] Initializing Three.js scene...

stdout | client/test/hub-lobby-render.test.js > hub lobby render > rebuilds to the quest layout on deploy, moving the avatar off the hub
[initScene] Initializing Three.js scene...

stdout | client/test/spire-atmosphere.test.js > spire-ascent atmosphere > resetAtmosphere restores default background and removes fog
[initScene] Initializing Three.js scene...

stdout | client/test/renderer-shield-bar.test.js > enemy shield bar > animate sync creates, updates, and disposes shield bars from game state
[initScene] Initializing Three.js scene...

 ✓ |client| client/test/avatar-cosmetic.test.js (11 tests) 317ms
stdout | client/test/avatar-cosmetic-render.test.js > avatar cosmetic render (hub + in-run) > rebuilds avatar when cosmetic changes between animate() calls
[initScene] Initializing Three.js scene...

stdout | client/test/fire-atmosphere.test.js > fire-cavern atmosphere > resetAtmosphere restores default background and removes fog
[initScene] Initializing Three.js scene...

stdout | client/test/questBooth.test.js > quest booth booth:action hook (main.js) > reveals and scrolls the quest panel into view for boothId quest in lobby and ignores other booths
[launchBooth] ready-up via booth
[launchBooth] ready-up via booth

stderr | client/test/renderer-shield-bar.test.js > enemy shield bar > animate sync creates, updates, and disposes shield bars from game state
[renderer] failed to apply model "/models/player.glb" for "player": TypeError: Failed to parse URL from /models/player.glb
[90m    at new Request (node:internal/deps/undici/undici:9588:19)[39m
    at FileLoader.load [90m(file:///home/matt/workspace/.autogame-worktrees/339-anim-excalibur-photon/game/[39mnode_modules/[4m.pnpm[24m/three@0.184.0/node_modules/[4mthree[24m/build/three.core.js:44150:15[90m)[39m
[90m    ... 4 lines matching cause stack trace ...[39m
    at attachRegistryModel [90m(/home/matt/workspace/.autogame-worktrees/339-anim-excalibur-photon/game/[39mclient/renderer.js:639:11[90m)[39m
    at createPlayerAvatar [90m(/home/matt/workspace/.autogame-worktrees/339-anim-excalibur-photon/game/[39mclient/renderer.js:2262:2[90m)[39m
    at animate [90m(/home/matt/workspace/.autogame-worktrees/339-anim-excalibur-photon/game/[39mclient/renderer.js:5552:20[90m)[39m
    at [90m/home/matt/workspace/.autogame-worktrees/339-anim-excalibur-photon/game/[39mclient/test/renderer-shield-bar.test.js:75:3 {
  [cause]: TypeError: Invalid URL: /models/player.glb
      at new URLImpl [90m(/home/matt/workspace/.autogame-worktrees/339-anim-excalibur-photon/game/[39mnode_modules/[4m.pnpm[24m/whatwg-url@14.2.0/node_modules/[4mwhatwg-url[24m/lib/URL-impl.js:20:13[90m)[39m
      at Object.exports.setup [90m(/home/matt/workspace/.autogame-worktrees/339-anim-excalibur-photon/game/[39mnode_modules/[4m.pnpm[24m/whatwg-url@14.2.0/node_modules/[4mwhatwg-url[24m/lib/URL.js:54:12[90m)[39m
      at new URL [90m(/home/matt/workspace/.autogame-worktrees/339-anim-excalibur-photon/game/[39mnode_modules/[4m.pnpm[24m/whatwg-url@14.2.0/node_modules/[4mwhatwg-url[24m/lib/URL.js:115:22[90m)[39m
  [90m    at new Request (node:internal/deps/undici/undici:9586:25)[39m
      at FileLoader.load [90m(file:///home/matt/workspace/.autogame-worktrees/339-anim-excalibur-photon/game/[39mnode_modules/[4m.pnpm[24m/three@0.184.0/node_modules/[4mthree[24m/build/three.core.js:44150:15[90m)[39m
      at GLTFLoader.load [90m(file:///home/matt/workspace/.autogame-worktrees/339-anim-excalibur-photon/game/[39mnode_modules/[4m.pnpm[24m/three@0.184.0/node_modules/[4mthree[24m/examples/jsm/loaders/GLTFLoader.js:319:10[90m)[39m
      at [90m/home/matt/workspace/.autogame-worktrees/339-anim-excalibur-photon/game/[39mclient/models.js:89:11
      at new Promise (<anonymous>)
      at loadModel [90m(/home/matt/workspace/.autogame-worktrees/339-anim-excalibur-photon/game/[39mclient/models.js:80:11[90m)[39m
      at attachRegistryModel [90m(/home/matt/workspace/.autogame-worktrees/339-anim-excalibur-photon/game/[39mclient/renderer.js:639:11[90m)[39m
}
[renderer] failed to apply model "/models/grunt.glb" for "grunt": TypeError: Failed to parse URL from /models/grunt.glb
[90m    at new Request (node:internal/deps/undici/undici:9588:19)[39m
    at FileLoader.load [90m(file:///home/matt/workspace/.autogame-worktrees/339-anim-excalibur-photon/game/[39mnode_modules/[4m.pnpm[24m/three@0.184.0/node_modules/[4mthree[24m/build/three.core.js:44150:15[90m)[39m
[90m    ... 4 lines matching cause stack trace ...[39m
    at attachRegistryModel [90m(/home/matt/workspace/.autogame-worktrees/339-anim-excalibur-photon/game/[39mclient/renderer.js:639:11[90m)[39m
    at createEnemyMesh [90m(/home/matt/workspace/.autogame-worktrees/339-anim-excalibur-photon/game/[39mclient/renderer.js:3079:2[90m)[39m
    at animate [90m(/home/matt/workspace/.autogame-worktrees/339-anim-excalibur-photon/game/[39mclient/renderer.js:5783:18[90m)[39m
    at [90m/home/matt/workspace/.autogame-worktrees/339-anim-excalibur-photon/game/[39mclient/test/renderer-shield-bar.test.js:75:3 {
  [cause]: TypeError: Invalid URL: /models/grunt.glb
      at new URLImpl [90m(/home/matt/workspace/.autogame-worktrees/339-anim-excalibur-photon/game/[39mnode_modules/[4m.pnpm[24m/whatwg-url@14.2.0/node_modules/[4mwhatwg-url[24m/lib/URL-impl.js:20:13[90m)[39m
      at Object.exports.setup [90m(/home/matt/workspace/.autogame-worktrees/339-anim-excalibur-photon/game/[39mnode_modules/[4m.pnpm[24m/whatwg-url@14.2.0/node_modules/[4mwhatwg-url[24m/lib/URL.js:54:12[90m)[39m
      at new URL [90m(/home/matt/workspace/.autogame-worktrees/339-anim-excalibur-photon/game/[39mnode_modules/[4m.pnpm[24m/whatwg-url@14.2.0/node_modules/[4mwhatwg-url[24m/lib/URL.js:115:22[90m)[39m
  [90m    at new Request (node:internal/deps/undici/undici:9586:25)[39m
      at FileLoader.load [90m(file:///home/matt/workspace/.autogame-worktrees/339-anim-excalibur-photon/game/[39mnode_modules/[4m.pnpm[24m/three@0.184.0/node_modules/[4mthree[24m/build/three.core.js:44150:15[90m)[39m
      at GLTFLoader.load [90m(file:///home/matt/workspace/.autogame-worktrees/339-anim-excalibur-photon/game/[39mnode_modules/[4m.pnpm[24m/three@0.184.0/node_modules/[4mthree[24m/examples/jsm/loaders/GLTFLoader.js:319:10[90m)[39m
      at [90m/home/matt/workspace/.autogame-worktrees/339-anim-excalibur-photon/game/[39mclient/models.js:89:11
      at new Promise (<anonymous>)
      at loadModel [90m(/home/matt/workspace/.autogame-worktrees/339-anim-excalibur-photon/game/[39mclient/models.js:80:11[90m)[39m
      at attachRegistryModel [90m(/home/matt/workspace/.autogame-worktrees/339-anim-excalibur-photon/game/[39mclient/renderer.js:639:11[90m)[39m
}
[renderer] failed to apply model "/models/grunt.glb" for "grunt": TypeError: Failed to parse URL from /models/grunt.glb
[90m    at new Request (node:internal/deps/undici/undici:9588:19)[39m
    at FileLoader.load [90m(file:///home/matt/workspace/.autogame-worktrees/339-anim-excalibur-photon/game/[39mnode_modules/[4m.pnpm[24m/three@0.184.0/node_modules/[4mthree[24m/build/three.core.js:44150:15[90m)[39m
[90m    ... 4 lines matching cause stack trace ...[39m
    at attachRegistryModel [90m(/home/matt/workspace/.autogame-worktrees/339-anim-excalibur-photon/game/[39mclient/renderer.js:639:11[90m)[39m
    at createEnemyMesh [90m(/home/matt/workspace/.autogame-worktrees/339-anim-excalibur-photon/game/[39mclient/renderer.js:3079:2[90m)[39m
    at animate [90m(/home/matt/workspace/.autogame-worktrees/339-anim-excalibur-photon/game/[39mclient/renderer.js:5783:18[90m)[39m
    at [90m/home/matt/workspace/.autogame-worktrees/339-anim-excalibur-photon/game/[39mclient/test/renderer-shield-bar.test.js:75:3 {
  [cause]: TypeError: Invalid URL: /models/grunt.glb
      at new URLImpl [90m(/home/matt/workspace/.autogame-worktrees/339-anim-excalibur-photon/game/[39mnode_modules/[4m.pnpm[24m/whatwg-url@14.2.0/node_modules/[4mwhatwg-url[24m/lib/URL-impl.js:20:13[90m)[39m
      at Object.exports.setup [90m(/home/matt/workspace/.autogame-worktrees/339-anim-excalibur-photon/game/[39mnode_modules/[4m.pnpm[24m/whatwg-url@14.2.0/node_modules/[4mwhatwg-url[24m/lib/URL.js:54:12[90m)[39m
      at new URL [90m(/home/matt/workspace/.autogame-worktrees/339-anim-excalibur-photon/game/[39mnode_modules/[4m.pnpm[24m/whatwg-url@14.2.0/node_modules/[4mwhatwg-url[24m/lib/URL.js:115:22[90m)[39m
  [90m    at new Request (node:internal/deps/undici/undici:9586:25)[39m
      at FileLoader.load [90m(file:///home/matt/workspace/.autogame-worktrees/339-anim-excalibur-photon/game/[39mnode_modules/[4m.pnpm[24m/three@0.184.0/node_modules/[4mthree[24m/build/three.core.js:44150:15[90m)[39m
      at GLTFLoader.load [90m(file:///home/matt/workspace/.autogame-worktrees/339-anim-excalibur-photon/game/[39mnode_modules/[4m.pnpm[24m/three@0.184.0/node_modules/[4mthree[24m/examples/jsm/loaders/GLTFLoader.js:319:10[90m)[39m
      at [90m/home/matt/workspace/.autogame-worktrees/339-anim-excalibur-photon/game/[39mclient/models.js:89:11
      at new Promise (<anonymous>)
      at loadModel [90m(/home/matt/workspace/.autogame-worktrees/339-anim-excalibur-photon/game/[39mclient/models.js:80:11[90m)[39m
      at attachRegistryModel [90m(/home/matt/workspace/.autogame-worktrees/339-anim-excalibur-photon/game/[39mclient/renderer.js:639:11[90m)[39m
}

 ✓ |client| client/test/renderer-minion-summon.test.js (2 tests) 555ms
   ✓ minion summon scale-in > records spawn time and starts new minion meshes below full scale  336ms
stdout | client/test/boothPrompt.test.js > booth interaction prompt > emits boothInteract for the in-range booth and nothing when out of range
[initScene] Initializing Three.js scene...

 ✓ |client| client/test/hub-lobby-render.test.js (2 tests) 465ms
stdout | client/test/renderer-loot.test.js > renderer loot helpers > markLootCollected plays loot SFX only for magic stone pickups
[initScene] Initializing Three.js scene...

stdout | client/test/spire-atmosphere.test.js > spire-ascent atmosphere > rebuildDungeonLayout re-inits spire atmosphere when swapping layouts
[initScene] Initializing Three.js scene...

stdout | client/test/lobby-menu-dismiss.test.js > lobby menu dismiss guard (main.js) > dismissGameLobby then lobby-phase stateUpdate keeps #lobby hidden
[initScene] Initializing Three.js scene...

 ✓ |client| client/test/dungeon.test.js (96 tests) 587ms
stdout | client/test/hub-presence-avatars.test.js > hub presence avatars (lobby) > applyHubPresence sequence updates remote mesh position and cosmeticKey
[initScene] Initializing Three.js scene...

stdout | client/test/renderer-shield-bar.test.js > enemy shield bar > does not create a shield bar when shieldHp is absent or zero
[initScene] Initializing Three.js scene...

stdout | client/test/renderer-variant.test.js > warded variant visuals > applyVariantMarker uses per-variant badge colors on the marker mesh
[initScene] Initializing Three.js scene...

 ✓ |client| client/test/boothDeck.test.js (4 tests) 702ms
   ✓ deck booth via booth:action > opens the loadout bay when booth:action targets the deck booth  349ms
   ✓ deck booth via booth:action > populates the deck editor and deck-add still emits deckAddCard  325ms
 ✓ |client| client/test/boothPrompt.test.js (5 tests) 697ms
   ✓ booth interaction prompt > shows the prompt on zone enter and hides it on exit  319ms
stdout | client/test/fire-atmosphere.test.js > fire-cavern atmosphere > rebuildDungeonLayout re-inits fire atmosphere when swapping layouts
[initScene] Initializing Three.js scene...

 ✓ |client| client/test/spire-atmosphere.test.js (4 tests) 803ms
   ✓ spire-ascent atmosphere > lerpSpireAtmosphere(0) is darker than lerpSpireAtmosphere(1) for background and fog  323ms
 ✓ |client| client/test/avatar-cosmetic-render.test.js (3 tests) 772ms
   ✓ avatar cosmetic render (hub + in-run) > rebuilds avatar when cosmetic changes between animate() calls  332ms
stdout | client/test/renderer-loot.test.js > renderer loot helpers > updateCollectingLoot disposes cloned loot materials when animation finishes
[initScene] Initializing Three.js scene...

 ✓ |client| client/test/renderer-shield-bar.test.js (4 tests) 871ms
   ✓ enemy shield bar > createEnemyShieldBarMesh uses cyan above the enemy half-height  333ms
stdout | client/test/key-item-dodge.test.js > dash VFX > triggerDashVFX applies squash scale when a player mesh exists
[initScene] Initializing Three.js scene...

 ✓ |client| client/test/fire-atmosphere.test.js (4 tests) 911ms
   ✓ fire-cavern atmosphere > lerpFireCavernAtmosphere(1) has higher red/orange channel sum than lerpFireCavernAtmosphere(0)  328ms
 ✓ |client| client/test/renderer-loot.test.js (4 tests) 873ms
   ✓ renderer loot helpers > getPickedUpLootIds reflects lootPickupAttempts after walk-over pickup  313ms
stdout | client/test/lobby-menu-dismiss.test.js > lobby menu dismiss guard (main.js) > hubPresenceUpdate and applyHubPresence while dismissed do not show #lobby
[initScene] Initializing Three.js scene...

 ✓ |client| client/test/debug-hatswap-hook.test.js (3 tests) 1029ms
   ✓ ?booth=hatswap debug hook (main.js requestBoothDebugOpen) > opens the character booth and requests hats-unlocked once on localhost  462ms
stdout | client/test/hub-presence-avatars.test.js > hub presence avatars (lobby) > applyHubPresence removedPlayerIds disposes remote avatar mesh
[initScene] Initializing Three.js scene...

 ✓ |client| client/test/renderer-variant.test.js (6 tests) 1216ms
   ✓ warded variant visuals > variantMarkerColor returns cyan for warded and magenta for other variants  352ms
stdout | client/test/lobby-menu-dismiss.test.js > lobby menu dismiss guard (main.js) > deck booth open shows #lobby and clears the dismissed flag
[initScene] Initializing Three.js scene...

 ✓ |client| client/test/hub-presence-avatars.test.js (4 tests) 1193ms
   ✓ hub presence avatars (lobby) > builds meshes for local and remote lobby players  420ms
   ✓ hub presence avatars (lobby) > applyHubPresence sequence updates remote mesh position and cosmeticKey  352ms
 ✓ |client| client/test/boothShop.test.js (5 tests) 1110ms
   ✓ shop booth via booth:action > opens the card shop when booth:action targets the shop booth  378ms
   ✓ shop booth via booth:action > emits buyShopCard when the buy button is clicked after booth open  338ms
   ✓ shop booth via booth:action > emits sellCard when a sell button is clicked after booth open  330ms
 ✓ |client| client/test/renderer-telepipe-portal.test.js (7 tests) 1199ms
 ✓ |client| client/test/key-item-dodge.test.js (4 tests) 1295ms
   ✓ key item cooldown HUD > updateKeyItemCooldownHud toggles cooldown class and countdown text  458ms
   ✓ key item cooldown HUD > flashKeyItemIndicator adds flash-success then clears after timeout  357ms
stdout | client/test/debug-godmode.test.js > debug godmode toggle (main.js) > mirrors debugGodmode onto local player when toggle succeeds
[debugGodmode] enabled
[debugGodmode] enabled
[debugGodmode] enabled
[debugGodmode] enabled
[debugGodmode] enabled

stdout | server/test/server.test.js
[users] Loaded 4 user record(s) from /home/matt/workspace/.autogame-worktrees/339-anim-excalibur-photon/game/data/users.json
[server] Layout for quest "training_caverns" tier 1: seed=352369970, profile=crowded, rooms=10
[server] Dungeon bounds: x [-36.0, 36.0], z [-18.0, 36.0]

 ✓ |client| client/test/lockOn.test.js (28 tests) 12ms
 ✓ |client| client/test/collision-hand.test.js (53 tests) 20ms
stdout | client/test/lobby-menu-dismiss.test.js > lobby menu dismiss guard (main.js) > shop booth open shows #lobby and clears the dismissed flag
[initScene] Initializing Three.js scene...

 ✓ |client| client/test/gamepad-profiles.test.js (18 tests) 17ms
 ✓ |client| client/test/controller-calibration.test.js (2 tests) 6ms
stdout | server/test/server.test.js > updateMinions() > removes dead enemies and spawns magic stone and currency loot on death
[loot] magic stone drop id=96f5f10f-3356-4196-ba0b-ff1fb36e5dfc value=20 at (0.0, 0.0)
[loot] currency drop id=1fe7b167-018a-4358-bd08-e3990a905589 value=8 at (0.0, 0.0)

stdout | server/test/server.test.js > spawnLoot(layout, rng) > creates loot with correct structure when it spawns
[loot] spawned id=5c9297fa-a330-4925-a9fa-bacde643b5de value=11

stdout | server/test/server.test.js > spawnLoot(layout, rng) > loot value is in range [5, 20)
[loot] spawned id=1aabdfba-f8a9-4fc3-b186-10b7accb5f5a value=13

stdout | server/test/server.test.js > spawnLoot(layout, rng) > loot createdAt is a timestamp
[loot] spawned id=817f2d15-0f85-4375-a354-5324bbe592d5 value=11

stdout | server/test/server.test.js > spawnLoot(layout, rng) > spawns loot in treasure room when one exists
[loot] spawned id=9b9dd0a3-c747-4c0e-9fe4-cddd727d857b value=11

stdout | server/test/server.test.js > spawnLoot(layout, rng) > falls back to non-start room when no treasure room exists
[loot] spawned id=6aa3e507-ac62-415a-9df9-3021aca7b2d2 value=11

 ✓ |client| client/test/cosmeticAppearance.test.js (6 tests) 7ms
 ✓ |client| client/test/debug-godmode.test.js (6 tests) 1517ms
   ✓ debug godmode toggle (main.js) > Shift+G emits toggleDebugGodmode when debugScenarioAllowed is true  421ms
   ✓ debug godmode toggle (main.js) > Shift+G does not emit toggleDebugGodmode when debugScenarioAllowed is false  308ms
stdout | client/test/main.test.js > cardError handler — server hand rejection > shows a toast when the server rejects an unauthorized card use
[cardError] Card not in hand
[cardError] Card not in hand
[cardError] Card not in hand
[cardError] Card not in hand
[cardError] Card not in hand

 ✓ |client| client/test/gamepad.test.js (14 tests) 13ms
 ✓ |client| client/test/vfx-primitives.test.js (6 tests) 14ms
stdout | server/test/server.test.js > enemy magic stone drops and discard > removeDeadEnemies skips currency loot when the drop chance fails
[loot] magic stone drop id=2a84d0d8-e298-4e73-90ec-316f89d571aa value=20 at (4.0, -2.0)

stdout | server/test/server.test.js > enemy magic stone drops and discard > removeDeadEnemies spawns magic stone and currency loot at the enemy position
[loot] magic stone drop id=72e1fd9a-b308-4002-bafa-1be1b4f32c02 value=20 at (4.0, -2.0)
[loot] currency drop id=63cb724c-adc6-49ae-8744-532585a0a49f value=8 at (4.0, -2.0)

stdout | server/test/server.test.js > cleanupStalePlayers > removes players inactive for STALE_THRESHOLD ms
Player disconnected due to inactivity: p1

stdout | server/test/server.test.js > cleanupStalePlayers > removes multiple stale players
Player disconnected due to inactivity: p1
Player disconnected due to inactivity: p2

stdout | server/test/server.test.js > cleanupStalePlayers > calls savePlayerData before deleting stale player
Player disconnected due to inactivity: p1

stdout | server/test/server.test.js > cleanupStalePlayers > saves stale player data even when provider is null (no crash)
Player disconnected due to inactivity: p1

stdout | server/test/server.test.js > cleanupStalePlayers > saves multiple stale players before deleting
Player disconnected due to inactivity: p1
Player disconnected due to inactivity: p2

stdout | server/test/server.test.js > cleanupStalePlayers > disconnects socket by matching socket.playerId (not socket.id)
Player disconnected due to inactivity: p1

stdout | server/test/server.test.js > cleanupStalePlayers > gracefully handles stale player with no connected socket
Player disconnected due to inactivity: p1

stdout | server/test/server.test.js > run state > quest-objective-near-complete debug scenario > leaves one low-HP enemy and reaches victory when it is defeated
[loot] magic stone drop id=96167ded-a869-4e3c-94a8-a17dde9f56c2 value=20 at (5.0, 0.0)

stdout | server/test/server.test.js > run state > telepipe extract hub return > tryEnterTelepipe extracts one player while another remains active
[telepipe] player p1 extracted

stdout | server/test/server.test.js > run state > telepipe extract hub return > telepipe extract returns squad to hub with cleared world and captured checkpoint
[telepipe] player p1 extracted
[telepipe] player p2 extracted
[run] checkpoint captured
[run] extracted to hub: Initiate Vault

stdout | server/test/server.test.js > run state > telepipe extract hub return > suspendRunToLobby captures world snapshot with enemy ids, objective, and layout
[telepipe] player p1 extracted
[telepipe] player p2 extracted
[run] checkpoint captured
[run] extracted to hub: Initiate Vault

 ✓ |client| client/test/lobby-menu-dismiss.test.js (6 tests) 1541ms
   ✓ lobby menu dismiss guard (main.js) > hub lobby join starts with #lobby hidden and lobbyMenuDismissed true  453ms
   ✓ lobby menu dismiss guard (main.js) > dismissGameLobby then lobby-phase stateUpdate keeps #lobby hidden  312ms
stdout | server/test/server.test.js > run state > telepipe extract hub return > checkAllReady after telepipe extract restores full world snapshot on resume
[telepipe] player p1 extracted
[telepipe] player p2 extracted
[run] checkpoint captured
[run] extracted to hub: Initiate Vault
[run] checkpoint restored

stdout | server/test/server.test.js > run state > telepipe extract hub return > checkAllReady after telepipe extract resumes suspended dungeon run
[telepipe] player p1 extracted
[telepipe] player p2 extracted
[run] checkpoint captured
[run] extracted to hub: Initiate Vault
[run] checkpoint restored

stdout | server/test/server.test.js > run state > telepipe extract hub return > new sortie after abandon resets card charges but preserves hp and magicStones
[telepipe] player p1 extracted
[telepipe] player p2 extracted
[run] checkpoint captured
[run] extracted to hub: Initiate Vault

stdout | server/test/server.test.js > run state > telepipe extract hub return > checkAllReady fresh deploy preserves existing hp and magicStones
[loot] spawned id=3f09600d-eadb-4481-bf9a-44199ee96f74 value=15

stdout | server/test/server.test.js > run state > telepipe extract hub return > telepipe resume redeploy preserves hp, magicStones, and card charges
[loot] spawned id=5add0696-af22-47e5-ab49-9f067d2b927a value=18
[telepipe] player p1 extracted
[run] checkpoint captured
[run] extracted to hub: Initiate Vault
[run] checkpoint restored

stdout | server/test/server.test.js > run state > telepipe extract hub return > checkAllReady injects telepipe for telepipe-ready debug scenario
[loot] spawned id=709e4007-64cc-40af-81dd-6b2cdfc44e21 value=20

stdout | server/test/server.test.js > run state > telepipe extract hub return > portal proximity grace prevents immediate extraction after placement
[telepipe] player p1 extracted

stdout | server/test/server.test.js > run state > telepipe extract hub return > single extract keeps dungeon running until all players leave
[telepipe] player p1 extracted

stdout | server/test/server.test.js > run state > card charge persistence — telepipe resume vs new sortie > telepipe-resume: spend charges → full extract → redeploy preserves remainingCharges, hp, and magicStones
[telepipe] player p1 extracted
[telepipe] player p2 extracted
[run] checkpoint captured
[run] extracted to hub: Initiate Vault
[run] checkpoint restored

stderr | client/test/main.test.js > createEnemyMesh() > creates a red cone for grunt (default) type
[renderer] failed to apply model "/models/grunt.glb" for "grunt": TypeError: Failed to parse URL from /models/grunt.glb
[90m    at new Request (node:internal/deps/undici/undici:9588:19)[39m
    at FileLoader.load [90m(file:///home/matt/workspace/.autogame-worktrees/339-anim-excalibur-photon/game/[39mnode_modules/[4m.pnpm[24m/three@0.184.0/node_modules/[4mthree[24m/build/three.core.js:44150:15[90m)[39m
[90m    ... 4 lines matching cause stack trace ...[39m
    at attachRegistryModel [90m(/home/matt/workspace/.autogame-worktrees/339-anim-excalibur-photon/game/[39mclient/renderer.js:639:11[90m)[39m
    at createEnemyMesh [90m(/home/matt/workspace/.autogame-worktrees/339-anim-excalibur-photon/game/[39mclient/renderer.js:3079:2[90m)[39m
    at [90m/home/matt/workspace/.autogame-worktrees/339-anim-excalibur-photon/game/[39mclient/test/main.test.js:2598:23
    at [90mfile:///home/matt/workspace/.autogame-worktrees/339-anim-excalibur-photon/game/[39mnode_modules/[4m.pnpm[24m/@vitest+runner@3.2.4/node_modules/[4m@vitest[24m/runner/dist/chunk-hooks.js:752:20 {
  [cause]: TypeError: Invalid URL: /models/grunt.glb
      at new URLImpl [90m(/home/matt/workspace/.autogame-worktrees/339-anim-excalibur-photon/game/[39mnode_modules/[4m.pnpm[24m/whatwg-url@14.2.0/node_modules/[4mwhatwg-url[24m/lib/URL-impl.js:20:13[90m)[39m
      at Object.exports.setup [90m(/home/matt/workspace/.autogame-worktrees/339-anim-excalibur-photon/game/[39mnode_modules/[4m.pnpm[24m/whatwg-url@14.2.0/node_modules/[4mwhatwg-url[24m/lib/URL.js:54:12[90m)[39m
      at new URL [90m(/home/matt/workspace/.autogame-worktrees/339-anim-excalibur-photon/game/[39mnode_modules/[4m.pnpm[24m/whatwg-url@14.2.0/node_modules/[4mwhatwg-url[24m/lib/URL.js:115:22[90m)[39m
  [90m    at new Request (node:internal/deps/undici/undici:9586:25)[39m
      at FileLoader.load [90m(file:///home/matt/workspace/.autogame-worktrees/339-anim-excalibur-photon/game/[39mnode_modules/[4m.pnpm[24m/three@0.184.0/node_modules/[4mthree[24m/build/three.core.js:44150:15[90m)[39m
      at GLTFLoader.load [90m(file:///home/matt/workspace/.autogame-worktrees/339-anim-excalibur-photon/game/[39mnode_modules/[4m.pnpm[24m/three@0.184.0/node_modules/[4mthree[24m/examples/jsm/loaders/GLTFLoader.js:319:10[90m)[39m
      at [90m/home/matt/workspace/.autogame-worktrees/339-anim-excalibur-photon/game/[39mclient/models.js:89:11
      at new Promise (<anonymous>)
      at loadModel [90m(/home/matt/workspace/.autogame-worktrees/339-anim-excalibur-photon/game/[39mclient/models.js:80:11[90m)[39m
      at attachRegistryModel [90m(/home/matt/workspace/.autogame-worktrees/339-anim-excalibur-photon/game/[39mclient/renderer.js:639:11[90m)[39m
}

stderr | client/test/main.test.js > createEnemyMesh() > creates an orange cone for skirmisher type
[renderer] failed to apply model "/models/skirmisher.glb" for "skirmisher": TypeError: Failed to parse URL from /models/skirmisher.glb
[90m    at new Request (node:internal/deps/undici/undici:9588:19)[39m
    at FileLoader.load [90m(file:///home/matt/workspace/.autogame-worktrees/339-anim-excalibur-photon/game/[39mnode_modules/[4m.pnpm[24m/three@0.184.0/node_modules/[4mthree[24m/build/three.core.js:44150:15[90m)[39m
[90m    ... 4 lines matching cause stack trace ...[39m
    at attachRegistryModel [90m(/home/matt/workspace/.autogame-worktrees/339-anim-excalibur-photon/game/[39mclient/renderer.js:639:11[90m)[39m
    at createEnemyMesh [90m(/home/matt/workspace/.autogame-worktrees/339-anim-excalibur-photon/game/[39mclient/renderer.js:3079:2[90m)[39m
    at [90m/home/matt/workspace/.autogame-worktrees/339-anim-excalibur-photon/game/[39mclient/test/main.test.js:2610:23
    at [90mfile:///home/matt/workspace/.autogame-worktrees/339-anim-excalibur-photon/game/[39mnode_modules/[4m.pnpm[24m/@vitest+runner@3.2.4/node_modules/[4m@vitest[24m/runner/dist/chunk-hooks.js:752:20 {
  [cause]: TypeError: Invalid URL: /models/skirmisher.glb
      at new URLImpl [90m(/home/matt/workspace/.autogame-worktrees/339-anim-excalibur-photon/game/[39mnode_modules/[4m.pnpm[24m/whatwg-url@14.2.0/node_modules/[4mwhatwg-url[24m/lib/URL-impl.js:20:13[90m)[39m
      at Object.exports.setup [90m(/home/matt/workspace/.autogame-worktrees/339-anim-excalibur-photon/game/[39mnode_modules/[4m.pnpm[24m/whatwg-url@14.2.0/node_modules/[4mwhatwg-url[24m/lib/URL.js:54:12[90m)[39m
      at new URL [90m(/home/matt/workspace/.autogame-worktrees/339-anim-excalibur-photon/game/[39mnode_modules/[4m.pnpm[24m/whatwg-url@14.2.0/node_modules/[4mwhatwg-url[24m/lib/URL.js:115:22[90m)[39m
  [90m    at new Request (node:internal/deps/undici/undici:9586:25)[39m
      at FileLoader.load [90m(file:///home/matt/workspace/.autogame-worktrees/339-anim-excalibur-photon/game/[39mnode_modules/[4m.pnpm[24m/three@0.184.0/node_modules/[4mthree[24m/build/three.core.js:44150:15[90m)[39m
      at GLTFLoader.load [90m(file:///home/matt/workspace/.autogame-worktrees/339-anim-excalibur-photon/game/[39mnode_modules/[4m.pnpm[24m/three@0.184.0/node_modules/[4mthree[24m/examples/jsm/loaders/GLTFLoader.js:319:10[90m)[39m
      at [90m/home/matt/workspace/.autogame-worktrees/339-anim-excalibur-photon/game/[39mclient/models.js:89:11
      at new Promise (<anonymous>)
      at loadModel [90m(/home/matt/workspace/.autogame-worktrees/339-anim-excalibur-photon/game/[39mclient/models.js:80:11[90m)[39m
      at attachRegistryModel [90m(/home/matt/workspace/.autogame-worktrees/339-anim-excalibur-photon/game/[39mclient/renderer.js:639:11[90m)[39m
}

stderr | client/test/main.test.js > createEnemyMesh() > creates a teal octahedron for spawner type
[renderer] failed to apply model "/models/spawner.glb" for "spawner": TypeError: Failed to parse URL from /models/spawner.glb
[90m    at new Request (node:internal/deps/undici/undici:9588:19)[39m
    at FileLoader.load [90m(file:///home/matt/workspace/.autogame-worktrees/339-anim-excalibur-photon/game/[39mnode_modules/[4m.pnpm[24m/three@0.184.0/node_modules/[4mthree[24m/build/three.core.js:44150:15[90m)[39m
[90m    ... 4 lines matching cause stack trace ...[39m
    at attachRegistryModel [90m(/home/matt/workspace/.autogame-worktrees/339-anim-excalibur-photon/game/[39mclient/renderer.js:639:11[90m)[39m
    at createEnemyMesh [90m(/home/matt/workspace/.autogame-worktrees/339-anim-excalibur-photon/game/[39mclient/renderer.js:3079:2[90m)[39m
    at [90m/home/matt/workspace/.autogame-worktrees/339-anim-excalibur-photon/game/[39mclient/test/main.test.js:2620:23
    at [90mfile:///home/matt/workspace/.autogame-worktrees/339-anim-excalibur-photon/game/[39mnode_modules/[4m.pnpm[24m/@vitest+runner@3.2.4/node_modules/[4m@vitest[24m/runner/dist/chunk-hooks.js:752:20 {
  [cause]: TypeError: Invalid URL: /models/spawner.glb
      at new URLImpl [90m(/home/matt/workspace/.autogame-worktrees/339-anim-excalibur-photon/game/[39mnode_modules/[4m.pnpm[24m/whatwg-url@14.2.0/node_modules/[4mwhatwg-url[24m/lib/URL-impl.js:20:13[90m)[39m
      at Object.exports.setup [90m(/home/matt/workspace/.autogame-worktrees/339-anim-excalibur-photon/game/[39mnode_modules/[4m.pnpm[24m/whatwg-url@14.2.0/node_modules/[4mwhatwg-url[24m/lib/URL.js:54:12[90m)[39m
      at new URL [90m(/home/matt/workspace/.autogame-worktrees/339-anim-excalibur-photon/game/[39mnode_modules/[4m.pnpm[24m/whatwg-url@14.2.0/node_modules/[4mwhatwg-url[24m/lib/URL.js:115:22[90m)[39m
  [90m    at new Request (node:internal/deps/undici/undici:9586:25)[39m
      at FileLoader.load [90m(file:///home/matt/workspace/.autogame-worktrees/339-anim-excalibur-photon/game/[39mnode_modules/[4m.pnpm[24m/three@0.184.0/node_modules/[4mthree[24m/build/three.core.js:44150:15[90m)[39m
      at GLTFLoader.load [90m(file:///home/matt/workspace/.autogame-worktrees/339-anim-excalibur-photon/game/[39mnode_modules/[4m.pnpm[24m/three@0.184.0/node_modules/[4mthree[24m/examples/jsm/loaders/GLTFLoader.js:319:10[90m)[39m
      at [90m/home/matt/workspace/.autogame-worktrees/339-anim-excalibur-photon/game/[39mclient/models.js:89:11
      at new Promise (<anonymous>)
      at loadModel [90m(/home/matt/workspace/.autogame-worktrees/339-anim-excalibur-photon/game/[39mclient/models.js:80:11[90m)[39m
      at attachRegistryModel [90m(/home/matt/workspace/.autogame-worktrees/339-anim-excalibur-photon/game/[39mclient/renderer.js:639:11[90m)[39m
}

stderr | client/test/main.test.js > createEnemyMesh() > creates a warm emissive octahedron for ember_wraith type
[renderer] failed to apply model "/models/grunt.glb" for "grunt": TypeError: Failed to parse URL from /models/grunt.glb
[90m    at new Request (node:internal/deps/undici/undici:9588:19)[39m
    at FileLoader.load [90m(file:///home/matt/workspace/.autogame-worktrees/339-anim-excalibur-photon/game/[39mnode_modules/[4m.pnpm[24m/three@0.184.0/node_modules/[4mthree[24m/build/three.core.js:44150:15[90m)[39m
[90m    ... 4 lines matching cause stack trace ...[39m
    at attachRegistryModel [90m(/home/matt/workspace/.autogame-worktrees/339-anim-excalibur-photon/game/[39mclient/renderer.js:639:11[90m)[39m
    at createEnemyMesh [90m(/home/matt/workspace/.autogame-worktrees/339-anim-excalibur-photon/game/[39mclient/renderer.js:3079:2[90m)[39m
    at [90m/home/matt/workspace/.autogame-worktrees/339-anim-excalibur-photon/game/[39mclient/test/main.test.js:2598:23
    at [90mfile:///home/matt/workspace/.autogame-worktrees/339-anim-excalibur-photon/game/[39mnode_modules/[4m.pnpm[24m/@vitest+runner@3.2.4/node_modules/[4m@vitest[24m/runner/dist/chunk-hooks.js:752:20 {
  [cause]: TypeError: Invalid URL: /models/grunt.glb
      at new URLImpl [90m(/home/matt/workspace/.autogame-worktrees/339-anim-excalibur-photon/game/[39mnode_modules/[4m.pnpm[24m/whatwg-url@14.2.0/node_modules/[4mwhatwg-url[24m/lib/URL-impl.js:20:13[90m)[39m
      at Object.exports.setup [90m(/home/matt/workspace/.autogame-worktrees/339-anim-excalibur-photon/game/[39mnode_modules/[4m.pnpm[24m/whatwg-url@14.2.0/node_modules/[4mwhatwg-url[24m/lib/URL.js:54:12[90m)[39m
      at new URL [90m(/home/matt/workspace/.autogame-worktrees/339-anim-excalibur-photon/game/[39mnode_modules/[4m.pnpm[24m/whatwg-url@14.2.0/node_modules/[4mwhatwg-url[24m/lib/URL.js:115:22[90m)[39m
  [90m    at new Request (node:internal/deps/undici/undici:9586:25)[39m
      at FileLoader.load [90m(file:///home/matt/workspace/.autogame-worktrees/339-anim-excalibur-photon/game/[39mnode_modules/[4m.pnpm[24m/three@0.184.0/node_modules/[4mthree[24m/build/three.core.js:44150:15[90m)[39m
      at GLTFLoader.load [90m(file:///home/matt/workspace/.autogame-worktrees/339-anim-excalibur-photon/game/[39mnode_modules/[4m.pnpm[24m/three@0.184.0/node_modules/[4mthree[24m/examples/jsm/loaders/GLTFLoader.js:319:10[90m)[39m
      at [90m/home/matt/workspace/.autogame-worktrees/339-anim-excalibur-photon/game/[39mclient/models.js:89:11
      at new Promise (<anonymous>)
      at loadModel [90m(/home/matt/workspace/.autogame-worktrees/339-anim-excalibur-photon/game/[39mclient/models.js:80:11[90m)[39m
      at attachRegistryModel [90m(/home/matt/workspace/.autogame-worktrees/339-anim-excalibur-photon/game/[39mclient/renderer.js:639:11[90m)[39m
}

stderr | client/test/main.test.js > createEnemyMesh() > creates a purple cone for miniboss type
[renderer] failed to apply model "/models/miniboss.glb" for "miniboss": TypeError: Failed to parse URL from /models/miniboss.glb
[90m    at new Request (node:internal/deps/undici/undici:9588:19)[39m
    at FileLoader.load [90m(file:///home/matt/workspace/.autogame-worktrees/339-anim-excalibur-photon/game/[39mnode_modules/[4m.pnpm[24m/three@0.184.0/node_modules/[4mthree[24m/build/three.core.js:44150:15[90m)[39m
[90m    ... 4 lines matching cause stack trace ...[39m
    at attachRegistryModel [90m(/home/matt/workspace/.autogame-worktrees/339-anim-excalibur-photon/game/[39mclient/renderer.js:639:11[90m)[39m
    at createEnemyMesh [90m(/home/matt/workspace/.autogame-worktrees/339-anim-excalibur-photon/game/[39mclient/renderer.js:3079:2[90m)[39m
    at [90m/home/matt/workspace/.autogame-worktrees/339-anim-excalibur-photon/game/[39mclient/test/main.test.js:2662:23
    at [90mfile:///home/matt/workspace/.autogame-worktrees/339-anim-excalibur-photon/game/[39mnode_modules/[4m.pnpm[24m/@vitest+runner@3.2.4/node_modules/[4m@vitest[24m/runner/dist/chunk-hooks.js:752:20 {
  [cause]: TypeError: Invalid URL: /models/miniboss.glb
      at new URLImpl [90m(/home/matt/workspace/.autogame-worktrees/339-anim-excalibur-photon/game/[39mnode_modules/[4m.pnpm[24m/whatwg-url@14.2.0/node_modules/[4mwhatwg-url[24m/lib/URL-impl.js:20:13[90m)[39m
      at Object.exports.setup [90m(/home/matt/workspace/.autogame-worktrees/339-anim-excalibur-photon/game/[39mnode_modules/[4m.pnpm[24m/whatwg-url@14.2.0/node_modules/[4mwhatwg-url[24m/lib/URL.js:54:12[90m)[39m
      at new URL [90m(/home/matt/workspace/.autogame-worktrees/339-anim-excalibur-photon/game/[39mnode_modules/[4m.pnpm[24m/whatwg-url@14.2.0/node_modules/[4mwhatwg-url[24m/lib/URL.js:115:22[90m)[39m
  [90m    at new Request (node:internal/deps/undici/undici:9586:25)[39m
      at FileLoader.load [90m(file:///home/matt/workspace/.autogame-worktrees/339-anim-excalibur-photon/game/[39mnode_modules/[4m.pnpm[24m/three@0.184.0/node_modules/[4mthree[24m/build/three.core.js:44150:15[90m)[39m
      at GLTFLoader.load [90m(file:///home/matt/workspace/.autogame-worktrees/339-anim-excalibur-photon/game/[39mnode_modules/[4m.pnpm[24m/three@0.184.0/node_modules/[4mthree[24m/examples/jsm/loaders/GLTFLoader.js:319:10[90m)[39m
      at [90m/home/matt/workspace/.autogame-worktrees/339-anim-excalibur-photon/game/[39mclient/models.js:89:11
      at new Promise (<anonymous>)
      at loadModel [90m(/home/matt/workspace/.autogame-worktrees/339-anim-excalibur-photon/game/[39mclient/models.js:80:11[90m)[39m
      at attachRegistryModel [90m(/home/matt/workspace/.autogame-worktrees/339-anim-excalibur-photon/game/[39mclient/renderer.js:639:11[90m)[39m
}

stdout | server/test/server.test.js > run state > card charge persistence — telepipe resume vs new sortie > new sortie: spend charges → full extract → abandon → redeploy resets charges and run id
[telepipe] player p1 extracted
[telepipe] player p2 extracted
[run] checkpoint captured
[run] extracted to hub: Initiate Vault

stdout | server/test/server.test.js > run state > card charge persistence — telepipe resume vs new sortie > regression: neither path resets hp to MAX_HP or magicStones to STARTING_MAGIC_STONES
[telepipe] player p1 extracted
[telepipe] player p2 extracted
[run] checkpoint captured
[run] extracted to hub: Initiate Vault
[run] checkpoint restored
[telepipe] player p1 extracted
[telepipe] player p2 extracted
[run] checkpoint captured
[run] extracted to hub: Initiate Vault
[loot] spawned id=6e88fff6-1518-4608-8ab7-ea824fe64f43 value=6

 ✓ |client| client/test/windup-charge.test.js (10 tests) 11ms
 ✓ |client| client/test/local-slow-prediction.test.js (5 tests) 11ms
stdout | server/test/server.test.js > run state > variant enemy bonus drops > spawns an extra magic-stone loot entry for a variant enemy
[loot] magic stone drop id=8b0de79b-09da-4724-96cb-ef4acea8303f value=20 at (4.0, -2.0)
[loot] variant bonus magic stone drop id=3a6f071e-5b5e-4a5b-b882-4f687d58cfb6 value=15 at (4.0, -2.0)

stdout | server/test/server.test.js > run state > variant enemy bonus drops > spawns only the normal magic-stone loot entry for a non-variant enemy
[loot] magic stone drop id=9c6cd1bc-e064-40d1-8c9d-844c7871e8c1 value=20 at (4.0, -2.0)

stdout | server/test/server.test.js > card sell and trade economy > getCardSellValue returns configured sell prices
[server] Layout for quest "training_caverns" tier 1: seed=352369970, profile=crowded, rooms=10

stdout | server/test/server.test.js > card sell and trade economy > getCardBuyValue is double the sell value
[server] Layout for quest "training_caverns" tier 1: seed=352369970, profile=crowded, rooms=10

stdout | server/test/server.test.js > card sell and trade economy > pickShopOffer returns a valid card from the shop pool
[server] Layout for quest "training_caverns" tier 1: seed=352369970, profile=crowded, rooms=10

stdout | server/test/server.test.js > card sell and trade economy > buyShopCard grants a card and deducts gold
[server] Layout for quest "training_caverns" tier 1: seed=352369970, profile=crowded, rooms=10

stdout | server/test/server.test.js > card sell and trade economy > buyShopCard adds to inventory only when the selected deck is full
[server] Layout for quest "training_caverns" tier 1: seed=352369970, profile=crowded, rooms=10

stdout | server/test/server.test.js > card sell and trade economy > buyShopCard rejects insufficient gold
[server] Layout for quest "training_caverns" tier 1: seed=352369970, profile=crowded, rooms=10

stdout | server/test/server.test.js > card sell and trade economy > canSellCardInstance rejects selling deck-required copies
[server] Layout for quest "training_caverns" tier 1: seed=352369970, profile=crowded, rooms=10

stdout | server/test/server.test.js > card sell and trade economy > sellCard removes an extra copy and grants currency
[server] Layout for quest "training_caverns" tier 1: seed=352369970, profile=crowded, rooms=10

stdout | server/test/server.test.js > card sell and trade economy > offerCardTrade and respondCardTrade swap one instance each
[server] Layout for quest "training_caverns" tier 1: seed=352369970, profile=crowded, rooms=10

stdout | server/test/server.test.js > card sell and trade economy > respondCardTrade reject does not mutate inventories
[server] Layout for quest "training_caverns" tier 1: seed=352369970, profile=crowded, rooms=10

 ✓ |client| client/test/camera-height.test.js (2 tests) 5ms
stdout | server/test/server.test.js > spawnEnemy() variant field > produces variant (tag or null) on every combat spawn
[server] Layout for quest "training_caverns" tier 1: seed=352369970, profile=crowded, rooms=10

stdout | server/test/server.test.js > spawnEnemies() mixed pack > produces quest.enemyCount enemies drawn from the default quest pool
[server] Layout for quest "training_caverns" tier 1: seed=352369970, profile=crowded, rooms=10

stdout | server/test/server.test.js > spawnEnemies() mixed pack > spawns crystals and combat enemies for crystal rescue
[server] Layout for quest "training_caverns" tier 1: seed=352369970, profile=crowded, rooms=10

stdout | server/test/server.test.js > spawnEnemies() mixed pack > spawns crystals and combat enemies for crystal rescue
[crystal] spawned id=2444dc0a-99b3-455f-853f-ac3597d0fd7e at (24.7, -8.4)
[crystal] spawned id=da71e46c-8622-4d1a-b019-2035a04ac706 at (6.4, 13.6)
[crystal] spawned id=400d887c-be67-4df5-8f5e-52f00e67ee00 at (28.3, 27.4)

stdout | server/test/server.test.js > spawnEnemies() mixed pack > places crystal rescue enemies near the start room
[server] Layout for quest "training_caverns" tier 1: seed=352369970, profile=crowded, rooms=10

stdout | server/test/server.test.js > spawnEnemies() mixed pack > places crystal rescue enemies near the start room
[crystal] spawned id=13b9b0d0-7f6c-443c-aee6-4ed7b3555ac8 at (24.7, -8.4)
[crystal] spawned id=a1251016-853a-4295-9da5-4b0a77d5a15b at (6.4, 13.6)
[crystal] spawned id=46a99fa6-2d1e-4d1b-9fd7-3f6041c7145d at (28.3, 27.4)
[loot] spawned id=fb6868d5-9ec3-4268-804e-551983452f93 value=16

 ✓ |client| client/test/slippery_movement.test.js (3 tests) 10ms
stdout | server/test/server.test.js > Role-aware spawning constraints > enemy spawn positions exclude the start room when combat rooms exist
[server] Layout for quest "training_caverns" tier 1: seed=352369970, profile=crowded, rooms=10

stdout | server/test/server.test.js > Role-aware spawning constraints > enemy spawn positions exclude the start room when combat rooms exist
[loot] spawned id=bba71240-03bb-4295-9089-78121e5ea3d2 value=8

stdout | server/test/server.test.js > Role-aware spawning constraints > loot spawn positions prefer treasure room when one exists
[server] Layout for quest "training_caverns" tier 1: seed=352369970, profile=crowded, rooms=10

stdout | server/test/server.test.js > isEntityPositionBlocked(x, z, radius) > returns false for a position in the center of a room
[server] Layout for quest "training_caverns" tier 1: seed=352369970, profile=crowded, rooms=10

stdout | server/test/server.test.js > isEntityPositionBlocked(x, z, radius) > returns true for a position inside a wall
[server] Layout for quest "training_caverns" tier 1: seed=352369970, profile=crowded, rooms=10

stdout | server/test/server.test.js > isEntityPositionBlocked(x, z, radius) > accepts a custom radius parameter
[server] Layout for quest "training_caverns" tier 1: seed=352369970, profile=crowded, rooms=10

stdout | server/test/server.test.js > isEntityPositionBlocked(x, z, radius) > defaults to ENTITY_RADIUS when radius is omitted
[server] Layout for quest "training_caverns" tier 1: seed=352369970, profile=crowded, rooms=10

stdout | server/test/server.test.js > moveEntityToward(entity, target, maxDistance, options) > moves entity toward target in open space
[server] Layout for quest "training_caverns" tier 1: seed=352369970, profile=crowded, rooms=10

stdout | server/test/server.test.js > moveEntityToward(entity, target, maxDistance, options) > reaches target when distance is less than maxDistance
[server] Layout for quest "training_caverns" tier 1: seed=352369970, profile=crowded, rooms=10

stdout | server/test/server.test.js > moveEntityToward(entity, target, maxDistance, options) > returns reached when entity is already within stopDistance
[server] Layout for quest "training_caverns" tier 1: seed=352369970, profile=crowded, rooms=10

stdout | server/test/server.test.js > moveEntityToward(entity, target, maxDistance, options) > respects custom stopDistance option
[server] Layout for quest "training_caverns" tier 1: seed=352369970, profile=crowded, rooms=10

stdout | server/test/server.test.js > moveEntityToward(entity, target, maxDistance, options) > returns reached: true after direct move lands within stopDistance
[server] Layout for quest "training_caverns" tier 1: seed=352369970, profile=crowded, rooms=10

stdout | server/test/server.test.js > moveEntityToward(entity, target, maxDistance, options) > returns reached: false after wall-slide leaves entity beyond stopDistance
[server] Layout for quest "training_caverns" tier 1: seed=352369970, profile=crowded, rooms=10

stdout | server/test/server.test.js > moveEntityToward(entity, target, maxDistance, options) > returns reached: false after direct move when entity remains farther than stopDistance
[server] Layout for quest "training_caverns" tier 1: seed=352369970, profile=crowded, rooms=10

stdout | server/test/server.test.js > moveEntityToward(entity, target, maxDistance, options) > clamps final position to dungeon bounds
[server] Layout for quest "training_caverns" tier 1: seed=352369970, profile=crowded, rooms=10

stdout | server/test/server.test.js > moveEntityToward(entity, target, maxDistance, options) > returns blocked when direct movement hits a wall and both axes are blocked
[server] Layout for quest "training_caverns" tier 1: seed=352369970, profile=crowded, rooms=10

stdout | server/test/server.test.js > moveEntityToward(entity, target, maxDistance, options) > performs wall-slide when direct movement is blocked but one axis is free
[server] Layout for quest "training_caverns" tier 1: seed=352369970, profile=crowded, rooms=10

stdout | server/test/server.test.js > moveEntityToward(entity, target, maxDistance, options) > wall-slide moves only the free axis when the other is blocked
[server] Layout for quest "training_caverns" tier 1: seed=352369970, profile=crowded, rooms=10

stdout | server/test/server.test.js > moveEntityToward(entity, target, maxDistance, options) > is deterministic — no timers, randomness, or socket emissions
[server] Layout for quest "training_caverns" tier 1: seed=352369970, profile=crowded, rooms=10

stdout | server/test/server.test.js > moveEntityToward(entity, target, maxDistance, options) > uses custom radius from options
[server] Layout for quest "training_caverns" tier 1: seed=352369970, profile=crowded, rooms=10

stdout | server/test/server.test.js > moveEntityToward(entity, target, maxDistance, options) > assigns entity x and z only to the validated final position
[server] Layout for quest "training_caverns" tier 1: seed=352369970, profile=crowded, rooms=10

 ✓ |server| server/test/server.test.js (392 tests) 352ms
stdout | client/test/characterBooth.test.js > character booth ?booth=character debug hook (main.js) > auto-opens once after hub lobby entry on localhost with ?booth=character
[initScene] Initializing Three.js scene...

 ✓ |client| client/test/questBooth.test.js (17 tests) 1892ms
   ✓ quest booth booth:action hook (main.js) > shows #lobby and reveals the quest panel when the menu starts dismissed  319ms
stdout | client/test/characterBooth.test.js > character booth ?booth=character debug hook (main.js) > stays closed without the booth URL param
[initScene] Initializing Three.js scene...

 ✓ |client| client/test/characterBooth.test.js (13 tests) 1954ms
stdout | client/test/main.test.js > suspended run resume/abandon UI > resume button triggers the launch-booth ready-up path
[launchBooth] ready-up via booth

 ✓ |client| client/test/main.test.js (173 tests) 2805ms
   ✓ renderDeckEditor() > populates owned card counts and deck size from mock data  339ms

 Test Files  43 passed (43)
      Tests  1163 passed (1163)
   Start at  11:10:57
   Duration  5.39s (transform 2.56s, setup 2.22s, collect 7.41s, tests 26.62s, environment 27.07s, prepare 7.47s)

 % Coverage report from v8
---------------|---------|----------|---------|---------|-----------------------
File           | % Stmts | % Branch | % Funcs | % Lines | Uncovered Line #s     
---------------|---------|----------|---------|---------|-----------------------
All files      |   66.44 |    72.54 |   48.27 |   66.44 |                       
 client        |   87.69 |    77.08 |   83.33 |   87.69 |                       
  cards.js     |   84.89 |    64.51 |   88.88 |   84.89 | ...99,102-107,234-251 
  collision.js |   88.94 |    73.91 |     100 |   88.94 | ...98,200-201,243-244 
  delta.js     |     100 |       50 |     100 |     100 | 12                    
  hand.js      |    89.2 |    92.85 |   70.58 |    89.2 | ...96,175-176,179-182 
 server        |   58.35 |    61.66 |   23.52 |   58.35 |                       
  index.js     |   58.35 |    61.66 |   23.52 |   58.35 | ...459-1653,1657-1659 
---------------|---------|----------|---------|---------|-----------------------
