{
  "url": "http://localhost:5176/",
  "ok": true,
  "ticketFile": "/home/matt/workspace/.autogame-worktrees/254-level2-mechanics-and-reference/tickets/254-level2-mechanics-and-reference/ticket.md",
  "capturePlanSource": "fallback",
  "capturePlanValid": true,
  "capturePlanAttempts": [],
  "capturePlanSummary": "Deterministic full-flow smoke capture: auth, lobby create/join, ready transition, movement, dodge/key-item with post-dodge cooldown probe.",
  "scenarios": [],
  "screenshots": [
    {
      "file": "01-initial.png",
      "player": "A",
      "description": "Both players in squad lobby."
    },
    {
      "file": "02-after-w.png",
      "player": "A",
      "description": "Gameplay after holding W."
    },
    {
      "file": "03-after-d.png",
      "player": "A",
      "description": "Gameplay after holding D."
    },
    {
      "file": "04-after-dodge.png",
      "player": "A",
      "description": "Gameplay after dodge roll with cooldown HUD."
    }
  ],
  "probes": [
    {
      "player": "A",
      "description": "After readying all players and entering gameplay.",
      "data": {
        "harnessState": {
          "debugScenario": null,
          "debugScenarioAllowed": true,
          "debugScenarioResult": null,
          "objective": {
            "type": "defeat_enemies",
            "totalEnemies": 5,
            "defeatedEnemies": 0,
            "label": "Initiate Vault: Purge hostiles from the derelict annex sector."
          },
          "runObjectiveComplete": false,
          "lastRunSummary": null,
          "myId": "6631a4f6-3f2a-490b-bbd4-a5fad2974eb3",
          "selectedDeck": [
            "c3a8a674-bcc7-4607-b2d0-599997708f45",
            "15169506-0a80-47b6-8af1-3cb6def275be",
            "355c25c7-5c33-43cc-bec3-82d17663c74f",
            "df16b01a-72f0-4a79-b578-2b2ed85612b2",
            "6205a031-3fef-43a5-b2d4-561aff9051c0",
            "43835cf2-54f3-422e-a4a3-d6c0a6cbb8ba",
            "ada55e25-4144-4ecc-8eeb-b45d814797b6",
            "cb16e7a9-79b3-400a-802f-9d2c50b042da",
            "0db29e82-a2bc-4e16-b764-a227a52d3c12",
            "36612a1b-e480-4bac-ba85-dd5c0c09251d",
            "e0892ab0-9179-4b7a-ae06-34f9980124e6",
            "166cdb45-e716-4e2c-aae4-97900f6e6f80"
          ],
          "phase": "playing",
          "runStatus": "playing",
          "extracted": false,
          "suspendedRunSummary": null,
          "telepipe": null,
          "layout": {
            "profile": "crowded",
            "seed": 352369970,
            "roomCount": 10,
            "startRoom": {
              "x": -9,
              "z": 27,
              "role": "start"
            }
          },
          "connectionState": "connected",
          "sceneInitialized": true,
          "hasCanvas": true,
          "lobbyVisible": false,
          "deckEditorVisible": true,
          "readyBtnUsable": false,
          "cardHandVisible": true,
          "status": "Latency: 1ms",
          "hpText": "100/100",
          "msText": "49/99",
          "currencyText": "Money 0",
          "player": {
            "hp": 100,
            "magicStones": 49.10000000000005,
            "dead": false,
            "x": -9,
            "z": 27,
            "equippedKeyItemId": "dodge_roll",
            "keyItemCooldownRemaining": 0
          },
          "keyItemIndicatorOnCooldown": false,
          "keyItemIndicatorText": "",
          "players": 2,
          "enemies": 5,
          "enemyHp": [
            {
              "id": "60b7da06-ebad-45ca-8caa-1aa64c95d98c",
              "hp": 40,
              "maxHp": 40,
              "type": "skirmisher",
              "spawnedBy": null
            },
            {
              "id": "73ca2ff6-04f8-44b4-b2f7-a4a26c20b4de",
              "hp": 40,
              "maxHp": 40,
              "type": "skirmisher",
              "spawnedBy": null
            },
            {
              "id": "db3fe46a-63cd-4795-b9e0-6838fa5a2ba6",
              "hp": 40,
              "maxHp": 40,
              "type": "skirmisher",
              "spawnedBy": null
            },
            {
              "id": "9d804b9d-316f-499b-baad-1cc39144bd0d",
              "hp": 100,
              "maxHp": 100,
              "type": "grunt",
              "spawnedBy": null
            },
            {
              "id": "a0109338-f4c8-40a1-b1a9-289c5ea7f0df",
              "hp": 40,
              "maxHp": 40,
              "type": "skirmisher",
              "spawnedBy": null
            }
          ],
          "minions": [],
          "hand": [
            {
              "id": "flame_blade",
              "name": "Solar Edge",
              "type": "weapon",
              "remainingCharges": 3,
              "charges": 3,
              "activeMinionId": null,
              "burnMaxTtl": null,
              "burnLabel": "3/3",
              "creatureBurning": false,
              "isEvolved": false
            },
            {
              "id": "iron_sword",
              "name": "Rust-Forged Saber",
              "type": "weapon",
              "remainingCharges": 5,
              "charges": 5,
              "activeMinionId": null,
              "burnMaxTtl": null,
              "burnLabel": "5/5",
              "creatureBurning": false,
              "isEvolved": false
            },
            null,
            {
              "id": "flame_blade",
              "name": "Solar Edge",
              "type": "weapon",
              "remainingCharges": 3,
              "charges": 3,
              "activeMinionId": null,
              "burnMaxTtl": null,
              "burnLabel": "3/3",
              "creatureBurning": false,
              "isEvolved": false
            },
            {
              "id": "flame_blade",
              "name": "Solar Edge",
              "type": "weapon",
              "remainingCharges": 3,
              "charges": 3,
              "activeMinionId": null,
              "burnMaxTtl": null,
              "burnLabel": "3/3",
              "creatureBurning": false,
              "isEvolved": false
            },
            null
          ],
          "inventory": [
            {
              "instanceId": "c3a8a674-bcc7-4607-b2d0-599997708f45",
              "cardId": "iron_sword",
              "grind": 0
            },
            {
              "instanceId": "15169506-0a80-47b6-8af1-3cb6def275be",
              "cardId": "flame_blade",
              "grind": 0
            },
            {
              "instanceId": "355c25c7-5c33-43cc-bec3-82d17663c74f",
              "cardId": "battle_familiar",
              "grind": 0
            },
            {
              "instanceId": "df16b01a-72f0-4a79-b578-2b2ed85612b2",
              "cardId": "dungeon_drake",
              "grind": 0
            },
            {
              "instanceId": "6205a031-3fef-43a5-b2d4-561aff9051c0",
              "cardId": "iron_sword",
              "grind": 0
            },
            {
              "instanceId": "43835cf2-54f3-422e-a4a3-d6c0a6cbb8ba",
              "cardId": "iron_sword",
              "grind": 0
            },
            {
              "instanceId": "ada55e25-4144-4ecc-8eeb-b45d814797b6",
              "cardId": "iron_sword",
              "grind": 0
            },
            {
              "instanceId": "cb16e7a9-79b3-400a-802f-9d2c50b042da",
              "cardId": "battle_familiar",
              "grind": 0
            },
            {
              "instanceId": "0db29e82-a2bc-4e16-b764-a227a52d3c12",
              "cardId": "battle_familiar",
              "grind": 0
            },
            {
              "instanceId": "36612a1b-e480-4bac-ba85-dd5c0c09251d",
              "cardId": "flame_blade",
              "grind": 0
            },
            {
              "instanceId": "e0892ab0-9179-4b7a-ae06-34f9980124e6",
              "cardId": "flame_blade",
              "grind": 0
            },
            {
              "instanceId": "166cdb45-e716-4e2c-aae4-97900f6e6f80",
              "cardId": "dungeon_drake",
              "grind": 0
            }
          ],
          "lastEvolutionResult": null
        },
        "keyItemIndicatorOnCooldown": false,
        "keyItemIndicatorText": "",
        "keyItemCooldownRemaining": 0,
        "status": "Latency: 1ms",
        "hasCanvas": true,
        "canvasCount": 3,
        "lobbyVisible": false,
        "cardHandVisible": true,
        "title": "Void Grimoire",
        "bodyText": "👤\nLv\n🔊\n⚙\n66\nLV\n1\nHP\n100/100\nMS\n49/99\nDeck: 0/0\n⟡ 0\n✦ 0\n🐉 0\n✨ 0\nMoney 0\nLatency: 1ms\nInitiate Vault\nPurged 0 / 5 hostiles\nClick to attack · press 1–6 to cast cards\n1\n⚔\nSolar Edge\n3/3\n2\n⚔\nRust-Forged Saber\n5/5\n4\n⚔\nSolar Edge\n3/3\n5\n⚔\nSolar Edge\n3/3"
      }
    },
    {
      "player": "A",
      "description": "After dodge roll — cooldown HUD should be active.",
      "data": {
        "harnessState": {
          "debugScenario": null,
          "debugScenarioAllowed": true,
          "debugScenarioResult": null,
          "objective": {
            "type": "defeat_enemies",
            "totalEnemies": 5,
            "defeatedEnemies": 0,
            "label": "Initiate Vault: Purge hostiles from the derelict annex sector."
          },
          "runObjectiveComplete": false,
          "lastRunSummary": null,
          "myId": "6631a4f6-3f2a-490b-bbd4-a5fad2974eb3",
          "selectedDeck": [
            "c3a8a674-bcc7-4607-b2d0-599997708f45",
            "15169506-0a80-47b6-8af1-3cb6def275be",
            "355c25c7-5c33-43cc-bec3-82d17663c74f",
            "df16b01a-72f0-4a79-b578-2b2ed85612b2",
            "6205a031-3fef-43a5-b2d4-561aff9051c0",
            "43835cf2-54f3-422e-a4a3-d6c0a6cbb8ba",
            "ada55e25-4144-4ecc-8eeb-b45d814797b6",
            "cb16e7a9-79b3-400a-802f-9d2c50b042da",
            "0db29e82-a2bc-4e16-b764-a227a52d3c12",
            "36612a1b-e480-4bac-ba85-dd5c0c09251d",
            "e0892ab0-9179-4b7a-ae06-34f9980124e6",
            "166cdb45-e716-4e2c-aae4-97900f6e6f80"
          ],
          "phase": "playing",
          "runStatus": "playing",
          "extracted": false,
          "suspendedRunSummary": null,
          "telepipe": null,
          "layout": {
            "profile": "crowded",
            "seed": 352369970,
            "roomCount": 10,
            "startRoom": {
              "x": -9,
              "z": 27,
              "role": "start"
            }
          },
          "connectionState": "connected",
          "sceneInitialized": true,
          "hasCanvas": true,
          "lobbyVisible": false,
          "deckEditorVisible": true,
          "readyBtnUsable": false,
          "cardHandVisible": true,
          "status": "Latency: 1ms",
          "hpText": "88/100",
          "msText": "49/99",
          "currencyText": "Money 0",
          "player": {
            "hp": 88,
            "magicStones": 49.750000000000384,
            "dead": false,
            "x": -2.400000000000003,
            "z": 7.799999999999979,
            "equippedKeyItemId": "dodge_roll",
            "keyItemCooldownRemaining": 300
          },
          "keyItemIndicatorOnCooldown": true,
          "keyItemIndicatorText": "0.3",
          "players": 2,
          "enemies": 5,
          "enemyHp": [
            {
              "id": "60b7da06-ebad-45ca-8caa-1aa64c95d98c",
              "hp": 40,
              "maxHp": 40,
              "type": "skirmisher",
              "spawnedBy": null
            },
            {
              "id": "73ca2ff6-04f8-44b4-b2f7-a4a26c20b4de",
              "hp": 40,
              "maxHp": 40,
              "type": "skirmisher",
              "spawnedBy": null
            },
            {
              "id": "db3fe46a-63cd-4795-b9e0-6838fa5a2ba6",
              "hp": 40,
              "maxHp": 40,
              "type": "skirmisher",
              "spawnedBy": null
            },
            {
              "id": "9d804b9d-316f-499b-baad-1cc39144bd0d",
              "hp": 100,
              "maxHp": 100,
              "type": "grunt",
              "spawnedBy": null
            },
            {
              "id": "a0109338-f4c8-40a1-b1a9-289c5ea7f0df",
              "hp": 40,
              "maxHp": 40,
              "type": "skirmisher",
              "spawnedBy": null
            }
          ],
          "minions": [],
          "hand": [
            {
              "id": "flame_blade",
              "name": "Solar Edge",
              "type": "weapon",
              "remainingCharges": 3,
              "charges": 3,
              "activeMinionId": null,
              "burnMaxTtl": null,
              "burnLabel": "3/3",
              "creatureBurning": false,
              "isEvolved": false
            },
            {
              "id": "iron_sword",
              "name": "Rust-Forged Saber",
              "type": "weapon",
              "remainingCharges": 5,
              "charges": 5,
              "activeMinionId": null,
              "burnMaxTtl": null,
              "burnLabel": "5/5",
              "creatureBurning": false,
              "isEvolved": false
            },
            {
              "id": "dungeon_drake",
              "name": "Vault Wyrm",
              "type": "creature",
              "remainingCharges": 1,
              "charges": 1,
              "activeMinionId": null,
              "burnMaxTtl": null,
              "burnLabel": "1/1",
              "creatureBurning": false,
              "isEvolved": false
            },
            {
              "id": "flame_blade",
              "name": "Solar Edge",
              "type": "weapon",
              "remainingCharges": 3,
              "charges": 3,
              "activeMinionId": null,
              "burnMaxTtl": null,
              "burnLabel": "3/3",
              "creatureBurning": false,
              "isEvolved": false
            },
            {
              "id": "flame_blade",
              "name": "Solar Edge",
              "type": "weapon",
              "remainingCharges": 3,
              "charges": 3,
              "activeMinionId": null,
              "burnMaxTtl": null,
              "burnLabel": "3/3",
              "creatureBurning": false,
              "isEvolved": false
            },
            null
          ],
          "inventory": [
            {
              "instanceId": "c3a8a674-bcc7-4607-b2d0-599997708f45",
              "cardId": "iron_sword",
              "grind": 0
            },
            {
              "instanceId": "15169506-0a80-47b6-8af1-3cb6def275be",
              "cardId": "flame_blade",
              "grind": 0
            },
            {
              "instanceId": "355c25c7-5c33-43cc-bec3-82d17663c74f",
              "cardId": "battle_familiar",
              "grind": 0
            },
            {
              "instanceId": "df16b01a-72f0-4a79-b578-2b2ed85612b2",
              "cardId": "dungeon_drake",
              "grind": 0
            },
            {
              "instanceId": "6205a031-3fef-43a5-b2d4-561aff9051c0",
              "cardId": "iron_sword",
              "grind": 0
            },
            {
              "instanceId": "43835cf2-54f3-422e-a4a3-d6c0a6cbb8ba",
              "cardId": "iron_sword",
              "grind": 0
            },
            {
              "instanceId": "ada55e25-4144-4ecc-8eeb-b45d814797b6",
              "cardId": "iron_sword",
              "grind": 0
            },
            {
              "instanceId": "cb16e7a9-79b3-400a-802f-9d2c50b042da",
              "cardId": "battle_familiar",
              "grind": 0
            },
            {
              "instanceId": "0db29e82-a2bc-4e16-b764-a227a52d3c12",
              "cardId": "battle_familiar",
              "grind": 0
            },
            {
              "instanceId": "36612a1b-e480-4bac-ba85-dd5c0c09251d",
              "cardId": "flame_blade",
              "grind": 0
            },
            {
              "instanceId": "e0892ab0-9179-4b7a-ae06-34f9980124e6",
              "cardId": "flame_blade",
              "grind": 0
            },
            {
              "instanceId": "166cdb45-e716-4e2c-aae4-97900f6e6f80",
              "cardId": "dungeon_drake",
              "grind": 0
            }
          ],
          "lastEvolutionResult": null
        },
        "keyItemIndicatorOnCooldown": true,
        "keyItemIndicatorText": "0.3",
        "keyItemCooldownRemaining": 300,
        "status": "Latency: 1ms",
        "hasCanvas": true,
        "canvasCount": 3,
        "lobbyVisible": false,
        "cardHandVisible": true,
        "title": "Void Grimoire",
        "bodyText": "👤\nLv\n🔊\n⚙\n66\nLV\n1\nHP\n88/100\nMS\n49/99\nDeck: 0/0\n⟡ 0\n✦ 0\n🐉 0\n✨ 0\nMoney 0\nLatency: 1ms\n0.3\nInitiate Vault\nPurged 0 / 5 hostiles\nClick to attack · press 1–6 to cast cards\n1\n⚔\nSolar Edge\n3/3\n2\n⚔\nRust-Forged Saber\n5/5\n3\n🐉\nVault Wyrm\n1/1\n4\n⚔\nSolar Edge\n3/3\n5\n⚔\nSolar Edge\n3/3"
      }
    },
    {
      "player": "A",
      "description": "Final capture probe.",
      "data": {
        "harnessState": {
          "debugScenario": null,
          "debugScenarioAllowed": true,
          "debugScenarioResult": null,
          "objective": {
            "type": "defeat_enemies",
            "totalEnemies": 5,
            "defeatedEnemies": 0,
            "label": "Initiate Vault: Purge hostiles from the derelict annex sector."
          },
          "runObjectiveComplete": false,
          "lastRunSummary": null,
          "myId": "6631a4f6-3f2a-490b-bbd4-a5fad2974eb3",
          "selectedDeck": [
            "c3a8a674-bcc7-4607-b2d0-599997708f45",
            "15169506-0a80-47b6-8af1-3cb6def275be",
            "355c25c7-5c33-43cc-bec3-82d17663c74f",
            "df16b01a-72f0-4a79-b578-2b2ed85612b2",
            "6205a031-3fef-43a5-b2d4-561aff9051c0",
            "43835cf2-54f3-422e-a4a3-d6c0a6cbb8ba",
            "ada55e25-4144-4ecc-8eeb-b45d814797b6",
            "cb16e7a9-79b3-400a-802f-9d2c50b042da",
            "0db29e82-a2bc-4e16-b764-a227a52d3c12",
            "36612a1b-e480-4bac-ba85-dd5c0c09251d",
            "e0892ab0-9179-4b7a-ae06-34f9980124e6",
            "166cdb45-e716-4e2c-aae4-97900f6e6f80"
          ],
          "phase": "playing",
          "runStatus": "playing",
          "extracted": false,
          "suspendedRunSummary": null,
          "telepipe": null,
          "layout": {
            "profile": "crowded",
            "seed": 352369970,
            "roomCount": 10,
            "startRoom": {
              "x": -9,
              "z": 27,
              "role": "start"
            }
          },
          "connectionState": "connected",
          "sceneInitialized": true,
          "hasCanvas": true,
          "lobbyVisible": false,
          "deckEditorVisible": true,
          "readyBtnUsable": false,
          "cardHandVisible": true,
          "status": "Latency: 1ms",
          "hpText": "88/100",
          "msText": "49/99",
          "currencyText": "Money 0",
          "player": {
            "hp": 88,
            "magicStones": 49.810000000000414,
            "dead": false,
            "x": -2.400000000000003,
            "z": 7.799999999999979,
            "equippedKeyItemId": "dodge_roll",
            "keyItemCooldownRemaining": 0
          },
          "keyItemIndicatorOnCooldown": false,
          "keyItemIndicatorText": "",
          "players": 2,
          "enemies": 5,
          "enemyHp": [
            {
              "id": "60b7da06-ebad-45ca-8caa-1aa64c95d98c",
              "hp": 40,
              "maxHp": 40,
              "type": "skirmisher",
              "spawnedBy": null
            },
            {
              "id": "73ca2ff6-04f8-44b4-b2f7-a4a26c20b4de",
              "hp": 40,
              "maxHp": 40,
              "type": "skirmisher",
              "spawnedBy": null
            },
            {
              "id": "db3fe46a-63cd-4795-b9e0-6838fa5a2ba6",
              "hp": 40,
              "maxHp": 40,
              "type": "skirmisher",
              "spawnedBy": null
            },
            {
              "id": "9d804b9d-316f-499b-baad-1cc39144bd0d",
              "hp": 100,
              "maxHp": 100,
              "type": "grunt",
              "spawnedBy": null
            },
            {
              "id": "a0109338-f4c8-40a1-b1a9-289c5ea7f0df",
              "hp": 40,
              "maxHp": 40,
              "type": "skirmisher",
              "spawnedBy": null
            }
          ],
          "minions": [],
          "hand": [
            {
              "id": "flame_blade",
              "name": "Solar Edge",
              "type": "weapon",
              "remainingCharges": 3,
              "charges": 3,
              "activeMinionId": null,
              "burnMaxTtl": null,
              "burnLabel": "3/3",
              "creatureBurning": false,
              "isEvolved": false
            },
            {
              "id": "iron_sword",
              "name": "Rust-Forged Saber",
              "type": "weapon",
              "remainingCharges": 5,
              "charges": 5,
              "activeMinionId": null,
              "burnMaxTtl": null,
              "burnLabel": "5/5",
              "creatureBurning": false,
              "isEvolved": false
            },
            {
              "id": "dungeon_drake",
              "name": "Vault Wyrm",
              "type": "creature",
              "remainingCharges": 1,
              "charges": 1,
              "activeMinionId": null,
              "burnMaxTtl": null,
              "burnLabel": "1/1",
              "creatureBurning": false,
              "isEvolved": false
            },
            {
              "id": "flame_blade",
              "name": "Solar Edge",
              "type": "weapon",
              "remainingCharges": 3,
              "charges": 3,
              "activeMinionId": null,
              "burnMaxTtl": null,
              "burnLabel": "3/3",
              "creatureBurning": false,
              "isEvolved": false
            },
            {
              "id": "flame_blade",
              "name": "Solar Edge",
              "type": "weapon",
              "remainingCharges": 3,
              "charges": 3,
              "activeMinionId": null,
              "burnMaxTtl": null,
              "burnLabel": "3/3",
              "creatureBurning": false,
              "isEvolved": false
            },
            null
          ],
          "inventory": [
            {
              "instanceId": "c3a8a674-bcc7-4607-b2d0-599997708f45",
              "cardId": "iron_sword",
              "grind": 0
            },
            {
              "instanceId": "15169506-0a80-47b6-8af1-3cb6def275be",
              "cardId": "flame_blade",
              "grind": 0
            },
            {
              "instanceId": "355c25c7-5c33-43cc-bec3-82d17663c74f",
              "cardId": "battle_familiar",
              "grind": 0
            },
            {
              "instanceId": "df16b01a-72f0-4a79-b578-2b2ed85612b2",
              "cardId": "dungeon_drake",
              "grind": 0
            },
            {
              "instanceId": "6205a031-3fef-43a5-b2d4-561aff9051c0",
              "cardId": "iron_sword",
              "grind": 0
            },
            {
              "instanceId": "43835cf2-54f3-422e-a4a3-d6c0a6cbb8ba",
              "cardId": "iron_sword",
              "grind": 0
            },
            {
              "instanceId": "ada55e25-4144-4ecc-8eeb-b45d814797b6",
              "cardId": "iron_sword",
              "grind": 0
            },
            {
              "instanceId": "cb16e7a9-79b3-400a-802f-9d2c50b042da",
              "cardId": "battle_familiar",
              "grind": 0
            },
            {
              "instanceId": "0db29e82-a2bc-4e16-b764-a227a52d3c12",
              "cardId": "battle_familiar",
              "grind": 0
            },
            {
              "instanceId": "36612a1b-e480-4bac-ba85-dd5c0c09251d",
              "cardId": "flame_blade",
              "grind": 0
            },
            {
              "instanceId": "e0892ab0-9179-4b7a-ae06-34f9980124e6",
              "cardId": "flame_blade",
              "grind": 0
            },
            {
              "instanceId": "166cdb45-e716-4e2c-aae4-97900f6e6f80",
              "cardId": "dungeon_drake",
              "grind": 0
            }
          ],
          "lastEvolutionResult": null
        },
        "keyItemIndicatorOnCooldown": false,
        "keyItemIndicatorText": "",
        "keyItemCooldownRemaining": 0,
        "status": "Latency: 1ms",
        "hasCanvas": true,
        "canvasCount": 3,
        "lobbyVisible": false,
        "cardHandVisible": true,
        "title": "Void Grimoire",
        "bodyText": "👤\nLv\n🔊\n⚙\n66\nLV\n1\nHP\n88/100\nMS\n49/99\nDeck: 0/0\n⟡ 0\n✦ 0\n🐉 0\n✨ 0\nMoney 0\nLatency: 1ms\nInitiate Vault\nPurged 0 / 5 hostiles\nClick to attack · press 1–6 to cast cards\n1\n⚔\nSolar Edge\n3/3\n2\n⚔\nRust-Forged Saber\n5/5\n3\n🐉\nVault Wyrm\n1/1\n4\n⚔\nSolar Edge\n3/3\n5\n⚔\nSolar Edge\n3/3"
      }
    }
  ],
  "pageerrors": []
}
