[createLobby] timeout waiting for #lobby visibility: page.waitForFunction: Timeout 10000ms exceeded.
[joinLobby] timeout waiting for #lobby visibility: page.waitForFunction: Timeout 10000ms exceeded.
{
  "url": "http://localhost:5175/",
  "ok": true,
  "ticketFile": "/home/matt/workspace/.autogame-worktrees/382-ice-tier2-frost-crossing-and-miniboss/tickets/382-ice-tier2-frost-crossing-and-miniboss/ticket.md",
  "capturePlanSource": "fallback",
  "capturePlanValid": true,
  "capturePlanAttempts": [],
  "capturePlanSummary": "Deterministic full-flow smoke capture: auth, lobby create/join, ready transition, movement, dodge/key-item with post-dodge cooldown probe.",
  "scenarios": [],
  "screenshots": [
    {
      "file": "01-initial.png",
      "player": "A",
      "description": "Both players in squad lobby."
    },
    {
      "file": "02-after-w.png",
      "player": "A",
      "description": "Gameplay after holding W."
    },
    {
      "file": "03-after-d.png",
      "player": "A",
      "description": "Gameplay after holding D."
    },
    {
      "file": "04-after-dodge.png",
      "player": "A",
      "description": "Gameplay after dodge roll with cooldown HUD."
    }
  ],
  "probes": [
    {
      "player": "A",
      "description": "After readying all players and entering gameplay.",
      "data": {
        "harnessState": {
          "debugScenario": null,
          "debugScenarioAllowed": true,
          "debugScenarioResult": null,
          "debugGodmodeResult": null,
          "objective": {
            "type": "defeat_enemies",
            "totalEnemies": 6,
            "activeEnemyCount": 2,
            "defeatedEnemies": 0,
            "label": "Initiate Vault: Sweep annex holding pens in scripted waves and breach the deeper vault wing."
          },
          "encounter": null,
          "bossEncounter": null,
          "runObjectiveComplete": false,
          "lastRunSummary": null,
          "sortieCompleteOverlayVisible": false,
          "myId": "9f878e1d-028e-4fb0-a333-0326d4f0451e",
          "selectedDeck": [
            "93d00e67-eeef-486d-a677-75957257848b",
            "b21292c9-cda8-4754-9798-315c45c63ae5",
            "d88bdffd-99f1-45d4-bf2e-3c9ba3569a44",
            "4fcea2fc-3514-4f9c-b18f-946cc975d95c",
            "7c02095c-bc30-4493-b3cb-4385cd063767",
            "7afc0405-406f-41ee-9f0d-3027c2137e10",
            "3d49a47e-69ed-4104-b4b4-7ba25749ba25",
            "f3e2a61a-9f05-4ef9-b58d-67660ea40aee",
            "ad51b893-b80a-47ae-becd-3522d6135c1a",
            "0a409961-a972-41ec-8c82-9d9216f098c1",
            "4cea253f-9bf7-424b-8b53-c9315a0207b6",
            "0af36fda-6d4c-4d60-8af3-0913e5bef13c"
          ],
          "phase": "playing",
          "runStatus": "playing",
          "suspendedRunSummary": null,
          "extracted": false,
          "telepipe": null,
          "layout": {
            "profile": "crowded",
            "seed": 352369970,
            "roomCount": 10,
            "startRoom": {
              "x": -9,
              "z": 27,
              "role": "start"
            }
          },
          "connectionState": "connected",
          "sceneInitialized": true,
          "hasCanvas": true,
          "lobbyVisible": false,
          "lobbyMenuDismissed": true,
          "characterBoothOpen": false,
          "deckEditorVisible": false,
          "runId": "5b2105ed-239a-4a00-a1b1-59777c596bc3",
          "resumeBtnUsable": false,
          "abandonRunBtnUsable": false,
          "cardHandVisible": true,
          "status": "Latency: 1ms",
          "hpText": "60/100",
          "msText": "99/99",
          "currencyText": "Money 0",
          "currency": 0,
          "player": {
            "hp": 60,
            "magicStones": 99,
            "currency": 0,
            "debugGodmode": false,
            "dead": false,
            "x": -9,
            "y": 0.5,
            "z": 27,
            "equippedKeyItemId": "dodge_roll",
            "keyItemCooldownRemaining": 0,
            "cardUseState": null,
            "cardWindupUntil": 0,
            "cardWindupCardId": null,
            "slowedUntil": 0,
            "burningUntil": 0,
            "slowActive": false,
            "burnActive": false
          },
          "windupFlashing": false,
          "keyItemIndicatorOnCooldown": false,
          "keyItemIndicatorText": "",
          "players": 2,
          "squadmates": [
            {
              "id": "d188bcf9-3b95-4cdf-a565-6b151c21fc20",
              "x": -6,
              "z": 27
            }
          ],
          "enemies": 2,
          "enemyHp": [
            {
              "id": "cee34b0e-6b40-44d6-a3ce-cb6e05bd6395",
              "hp": 100,
              "maxHp": 100,
              "type": "grunt",
              "spawnedBy": null,
              "x": -9,
              "z": 27,
              "slowedUntil": 0,
              "burningUntil": 0,
              "frozenUntil": 0,
              "slowActive": false,
              "burnActive": false
            },
            {
              "id": "d9fe0325-68ca-4ba1-9c05-14d8b66052d1",
              "hp": 100,
              "maxHp": 100,
              "type": "grunt",
              "spawnedBy": null,
              "x": -8.866656090365723,
              "z": 28.069192429538816,
              "slowedUntil": 0,
              "burningUntil": 0,
              "frozenUntil": 0,
              "slowActive": false,
              "burnActive": false
            }
          ],
          "minions": [],
          "hand": [
            {
              "id": "dungeon_drake",
              "name": "Vault Wyrm",
              "type": "creature",
              "remainingCharges": 1,
              "charges": 1,
              "activeMinionId": null,
              "burnMaxTtl": null,
              "burnLabel": "1/1",
              "creatureBurning": false,
              "isEvolved": false,
              "specialEffect": "burning_breath"
            },
            {
              "id": "battle_familiar",
              "name": "Signal Familiar",
              "type": "spell",
              "remainingCharges": 1,
              "charges": 1,
              "activeMinionId": null,
              "burnMaxTtl": null,
              "burnLabel": "1/1",
              "creatureBurning": false,
              "isEvolved": false
            },
            null,
            {
              "id": "flame_blade",
              "name": "Solar Edge",
              "type": "weapon",
              "remainingCharges": 2,
              "charges": 2,
              "activeMinionId": null,
              "burnMaxTtl": null,
              "burnLabel": "2/2",
              "creatureBurning": false,
              "isEvolved": false
            },
            {
              "id": "battle_familiar",
              "name": "Signal Familiar",
              "type": "spell",
              "remainingCharges": 1,
              "charges": 1,
              "activeMinionId": null,
              "burnMaxTtl": null,
              "burnLabel": "1/1",
              "creatureBurning": false,
              "isEvolved": false
            },
            null
          ],
          "inventory": [
            {
              "instanceId": "93d00e67-eeef-486d-a677-75957257848b",
              "cardId": "iron_sword",
              "grind": 0
            },
            {
              "instanceId": "b21292c9-cda8-4754-9798-315c45c63ae5",
              "cardId": "flame_blade",
              "grind": 0
            },
            {
              "instanceId": "d88bdffd-99f1-45d4-bf2e-3c9ba3569a44",
              "cardId": "battle_familiar",
              "grind": 0
            },
            {
              "instanceId": "4fcea2fc-3514-4f9c-b18f-946cc975d95c",
              "cardId": "dungeon_drake",
              "grind": 0
            },
            {
              "instanceId": "7c02095c-bc30-4493-b3cb-4385cd063767",
              "cardId": "iron_sword",
              "grind": 0
            },
            {
              "instanceId": "7afc0405-406f-41ee-9f0d-3027c2137e10",
              "cardId": "iron_sword",
              "grind": 0
            },
            {
              "instanceId": "3d49a47e-69ed-4104-b4b4-7ba25749ba25",
              "cardId": "iron_sword",
              "grind": 0
            },
            {
              "instanceId": "f3e2a61a-9f05-4ef9-b58d-67660ea40aee",
              "cardId": "battle_familiar",
              "grind": 0
            },
            {
              "instanceId": "ad51b893-b80a-47ae-becd-3522d6135c1a",
              "cardId": "battle_familiar",
              "grind": 0
            },
            {
              "instanceId": "0a409961-a972-41ec-8c82-9d9216f098c1",
              "cardId": "flame_blade",
              "grind": 0
            },
            {
              "instanceId": "4cea253f-9bf7-424b-8b53-c9315a0207b6",
              "cardId": "flame_blade",
              "grind": 0
            },
            {
              "instanceId": "0af36fda-6d4c-4d60-8af3-0913e5bef13c",
              "cardId": "dungeon_drake",
              "grind": 0
            }
          ],
          "lastEvolutionResult": null
        },
        "keyItemIndicatorOnCooldown": false,
        "keyItemIndicatorText": "\n        \n        Dodge Roll\n        E\n        \n      ",
        "keyItemCooldownRemaining": 0,
        "status": "Latency: 1ms",
        "hasCanvas": true,
        "canvasCount": 2,
        "lobbyVisible": false,
        "cardHandVisible": true,
        "title": "Void Grimoire",
        "bodyText": "👤\nLv\n🔊\n⚙\n9F\nLV\n1\nHP\n60/100\nMS\n99/99\nDeck: 8/12\n⟡ 6\n✦ 1\n🐉 1\n✨ 0\nMoney 0\nLatency: 1ms\nDodge Roll\nE\nInitiate Vault\nPurged 0 / 6 hostiles\n01\nRewa: Rewa on channel. Move with WASD, close on the opening grunts, and strike with your melee weapon to start the sweep.\nClick to attack · press 1–6 to cast cards\n1\n🐉\nVault Wyrm\nBURNING BREATH\n600ms wind-up\n1/1\n2\n✦\nSignal Familiar\n50 MS\n1/1\n4\n⚔\nSolar Edge\n650ms wind-up\n2/2\n5\n✦\nSignal Familiar\n50 MS\n1/1\nRewa: Rewa on channel. Move with WASD, close on the opening grunts, and strike with your melee weapon to start the sweep.\nANNEX LIAISON KADE\nEntry annex is live. Close with WASD and strike with your melee weapon — two grunts block the bulkhead."
      }
    },
    {
      "player": "A",
      "description": "After dodge roll — cooldown HUD should be active.",
      "data": {
        "harnessState": {
          "debugScenario": null,
          "debugScenarioAllowed": true,
          "debugScenarioResult": null,
          "debugGodmodeResult": null,
          "objective": {
            "type": "defeat_enemies",
            "totalEnemies": 6,
            "activeEnemyCount": 2,
            "defeatedEnemies": 0,
            "label": "Initiate Vault: Sweep annex holding pens in scripted waves and breach the deeper vault wing."
          },
          "encounter": null,
          "bossEncounter": null,
          "runObjectiveComplete": false,
          "lastRunSummary": null,
          "sortieCompleteOverlayVisible": false,
          "myId": "9f878e1d-028e-4fb0-a333-0326d4f0451e",
          "selectedDeck": [
            "93d00e67-eeef-486d-a677-75957257848b",
            "b21292c9-cda8-4754-9798-315c45c63ae5",
            "d88bdffd-99f1-45d4-bf2e-3c9ba3569a44",
            "4fcea2fc-3514-4f9c-b18f-946cc975d95c",
            "7c02095c-bc30-4493-b3cb-4385cd063767",
            "7afc0405-406f-41ee-9f0d-3027c2137e10",
            "3d49a47e-69ed-4104-b4b4-7ba25749ba25",
            "f3e2a61a-9f05-4ef9-b58d-67660ea40aee",
            "ad51b893-b80a-47ae-becd-3522d6135c1a",
            "0a409961-a972-41ec-8c82-9d9216f098c1",
            "4cea253f-9bf7-424b-8b53-c9315a0207b6",
            "0af36fda-6d4c-4d60-8af3-0913e5bef13c"
          ],
          "phase": "playing",
          "runStatus": "playing",
          "suspendedRunSummary": null,
          "extracted": false,
          "telepipe": null,
          "layout": {
            "profile": "crowded",
            "seed": 352369970,
            "roomCount": 10,
            "startRoom": {
              "x": -9,
              "z": 27,
              "role": "start"
            }
          },
          "connectionState": "connected",
          "sceneInitialized": true,
          "hasCanvas": true,
          "lobbyVisible": false,
          "lobbyMenuDismissed": true,
          "characterBoothOpen": false,
          "deckEditorVisible": false,
          "runId": "5b2105ed-239a-4a00-a1b1-59777c596bc3",
          "resumeBtnUsable": false,
          "abandonRunBtnUsable": false,
          "cardHandVisible": true,
          "status": "Latency: 1ms",
          "hpText": "60/100",
          "msText": "99/99",
          "currencyText": "Money 0",
          "currency": 0,
          "player": {
            "hp": 60,
            "magicStones": 99,
            "currency": 0,
            "debugGodmode": false,
            "dead": false,
            "x": -7.65,
            "y": 0.5,
            "z": 19,
            "equippedKeyItemId": "dodge_roll",
            "keyItemCooldownRemaining": 428,
            "cardUseState": null,
            "cardWindupUntil": 0,
            "cardWindupCardId": null,
            "slowedUntil": 0,
            "burningUntil": 0,
            "slowActive": false,
            "burnActive": false
          },
          "windupFlashing": false,
          "keyItemIndicatorOnCooldown": true,
          "keyItemIndicatorText": "0.4",
          "players": 2,
          "squadmates": [
            {
              "id": "d188bcf9-3b95-4cdf-a565-6b151c21fc20",
              "x": -6,
              "z": 27
            }
          ],
          "enemies": 2,
          "enemyHp": [
            {
              "id": "cee34b0e-6b40-44d6-a3ce-cb6e05bd6395",
              "hp": 100,
              "maxHp": 100,
              "type": "grunt",
              "spawnedBy": null,
              "x": -9,
              "z": 27,
              "slowedUntil": 0,
              "burningUntil": 0,
              "frozenUntil": 0,
              "slowActive": false,
              "burnActive": false
            },
            {
              "id": "d9fe0325-68ca-4ba1-9c05-14d8b66052d1",
              "hp": 100,
              "maxHp": 100,
              "type": "grunt",
              "spawnedBy": null,
              "x": -8.866656090365723,
              "z": 28.069192429538816,
              "slowedUntil": 0,
              "burningUntil": 0,
              "frozenUntil": 0,
              "slowActive": false,
              "burnActive": false
            }
          ],
          "minions": [],
          "hand": [
            {
              "id": "dungeon_drake",
              "name": "Vault Wyrm",
              "type": "creature",
              "remainingCharges": 1,
              "charges": 1,
              "activeMinionId": null,
              "burnMaxTtl": null,
              "burnLabel": "1/1",
              "creatureBurning": false,
              "isEvolved": false,
              "specialEffect": "burning_breath"
            },
            {
              "id": "battle_familiar",
              "name": "Signal Familiar",
              "type": "spell",
              "remainingCharges": 1,
              "charges": 1,
              "activeMinionId": null,
              "burnMaxTtl": null,
              "burnLabel": "1/1",
              "creatureBurning": false,
              "isEvolved": false
            },
            {
              "id": "flame_blade",
              "name": "Solar Edge",
              "type": "weapon",
              "remainingCharges": 2,
              "charges": 2,
              "activeMinionId": null,
              "burnMaxTtl": null,
              "burnLabel": "2/2",
              "creatureBurning": false,
              "isEvolved": false
            },
            {
              "id": "flame_blade",
              "name": "Solar Edge",
              "type": "weapon",
              "remainingCharges": 2,
              "charges": 2,
              "activeMinionId": null,
              "burnMaxTtl": null,
              "burnLabel": "2/2",
              "creatureBurning": false,
              "isEvolved": false
            },
            {
              "id": "battle_familiar",
              "name": "Signal Familiar",
              "type": "spell",
              "remainingCharges": 1,
              "charges": 1,
              "activeMinionId": null,
              "burnMaxTtl": null,
              "burnLabel": "1/1",
              "creatureBurning": false,
              "isEvolved": false
            },
            null
          ],
          "inventory": [
            {
              "instanceId": "93d00e67-eeef-486d-a677-75957257848b",
              "cardId": "iron_sword",
              "grind": 0
            },
            {
              "instanceId": "b21292c9-cda8-4754-9798-315c45c63ae5",
              "cardId": "flame_blade",
              "grind": 0
            },
            {
              "instanceId": "d88bdffd-99f1-45d4-bf2e-3c9ba3569a44",
              "cardId": "battle_familiar",
              "grind": 0
            },
            {
              "instanceId": "4fcea2fc-3514-4f9c-b18f-946cc975d95c",
              "cardId": "dungeon_drake",
              "grind": 0
            },
            {
              "instanceId": "7c02095c-bc30-4493-b3cb-4385cd063767",
              "cardId": "iron_sword",
              "grind": 0
            },
            {
              "instanceId": "7afc0405-406f-41ee-9f0d-3027c2137e10",
              "cardId": "iron_sword",
              "grind": 0
            },
            {
              "instanceId": "3d49a47e-69ed-4104-b4b4-7ba25749ba25",
              "cardId": "iron_sword",
              "grind": 0
            },
            {
              "instanceId": "f3e2a61a-9f05-4ef9-b58d-67660ea40aee",
              "cardId": "battle_familiar",
              "grind": 0
            },
            {
              "instanceId": "ad51b893-b80a-47ae-becd-3522d6135c1a",
              "cardId": "battle_familiar",
              "grind": 0
            },
            {
              "instanceId": "0a409961-a972-41ec-8c82-9d9216f098c1",
              "cardId": "flame_blade",
              "grind": 0
            },
            {
              "instanceId": "4cea253f-9bf7-424b-8b53-c9315a0207b6",
              "cardId": "flame_blade",
              "grind": 0
            },
            {
              "instanceId": "0af36fda-6d4c-4d60-8af3-0913e5bef13c",
              "cardId": "dungeon_drake",
              "grind": 0
            }
          ],
          "lastEvolutionResult": null
        },
        "keyItemIndicatorOnCooldown": true,
        "keyItemIndicatorText": "\n        \n        Dodge Roll\n        E\n        0.4\n      ",
        "keyItemCooldownRemaining": 428,
        "status": "Latency: 1ms",
        "hasCanvas": true,
        "canvasCount": 2,
        "lobbyVisible": false,
        "cardHandVisible": true,
        "title": "Void Grimoire",
        "bodyText": "👤\nLv\n🔊\n⚙\n9F\nLV\n1\nHP\n60/100\nMS\n99/99\nDeck: 7/12\n⟡ 5\n✦ 1\n🐉 1\n✨ 0\nMoney 0\nLatency: 1ms\nDodge Roll\nE\n0.4\nInitiate Vault\nPurged 0 / 6 hostiles\n01\nRewa: Rewa on channel. Move with WASD, close on the opening grunts, and strike with your melee weapon to start the sweep.\nClick to attack · press 1–6 to cast cards\n1\n🐉\nVault Wyrm\nBURNING BREATH\n600ms wind-up\n1/1\n2\n✦\nSignal Familiar\n50 MS\n1/1\n3\n⚔\nSolar Edge\n650ms wind-up\n2/2\n4\n⚔\nSolar Edge\n650ms wind-up\n2/2\n5\n✦\nSignal Familiar\n50 MS\n1/1"
      }
    },
    {
      "player": "A",
      "description": "Final capture probe.",
      "data": {
        "harnessState": {
          "debugScenario": null,
          "debugScenarioAllowed": true,
          "debugScenarioResult": null,
          "debugGodmodeResult": null,
          "objective": {
            "type": "defeat_enemies",
            "totalEnemies": 6,
            "activeEnemyCount": 2,
            "defeatedEnemies": 0,
            "label": "Initiate Vault: Sweep annex holding pens in scripted waves and breach the deeper vault wing."
          },
          "encounter": null,
          "bossEncounter": null,
          "runObjectiveComplete": false,
          "lastRunSummary": null,
          "sortieCompleteOverlayVisible": false,
          "myId": "9f878e1d-028e-4fb0-a333-0326d4f0451e",
          "selectedDeck": [
            "93d00e67-eeef-486d-a677-75957257848b",
            "b21292c9-cda8-4754-9798-315c45c63ae5",
            "d88bdffd-99f1-45d4-bf2e-3c9ba3569a44",
            "4fcea2fc-3514-4f9c-b18f-946cc975d95c",
            "7c02095c-bc30-4493-b3cb-4385cd063767",
            "7afc0405-406f-41ee-9f0d-3027c2137e10",
            "3d49a47e-69ed-4104-b4b4-7ba25749ba25",
            "f3e2a61a-9f05-4ef9-b58d-67660ea40aee",
            "ad51b893-b80a-47ae-becd-3522d6135c1a",
            "0a409961-a972-41ec-8c82-9d9216f098c1",
            "4cea253f-9bf7-424b-8b53-c9315a0207b6",
            "0af36fda-6d4c-4d60-8af3-0913e5bef13c"
          ],
          "phase": "playing",
          "runStatus": "playing",
          "suspendedRunSummary": null,
          "extracted": false,
          "telepipe": null,
          "layout": {
            "profile": "crowded",
            "seed": 352369970,
            "roomCount": 10,
            "startRoom": {
              "x": -9,
              "z": 27,
              "role": "start"
            }
          },
          "connectionState": "connected",
          "sceneInitialized": true,
          "hasCanvas": true,
          "lobbyVisible": false,
          "lobbyMenuDismissed": true,
          "characterBoothOpen": false,
          "deckEditorVisible": false,
          "runId": "5b2105ed-239a-4a00-a1b1-59777c596bc3",
          "resumeBtnUsable": false,
          "abandonRunBtnUsable": false,
          "cardHandVisible": true,
          "status": "Latency: 1ms",
          "hpText": "60/100",
          "msText": "99/99",
          "currencyText": "Money 0",
          "currency": 0,
          "player": {
            "hp": 60,
            "magicStones": 99,
            "currency": 0,
            "debugGodmode": false,
            "dead": false,
            "x": -7.65,
            "y": 0.5,
            "z": 19,
            "equippedKeyItemId": "dodge_roll",
            "keyItemCooldownRemaining": 0,
            "cardUseState": null,
            "cardWindupUntil": 0,
            "cardWindupCardId": null,
            "slowedUntil": 0,
            "burningUntil": 0,
            "slowActive": false,
            "burnActive": false
          },
          "windupFlashing": false,
          "keyItemIndicatorOnCooldown": false,
          "keyItemIndicatorText": "",
          "players": 2,
          "squadmates": [
            {
              "id": "d188bcf9-3b95-4cdf-a565-6b151c21fc20",
              "x": -6,
              "z": 27
            }
          ],
          "enemies": 2,
          "enemyHp": [
            {
              "id": "cee34b0e-6b40-44d6-a3ce-cb6e05bd6395",
              "hp": 100,
              "maxHp": 100,
              "type": "grunt",
              "spawnedBy": null,
              "x": -9.346157973874794,
              "z": 26.948282912660343,
              "slowedUntil": 0,
              "burningUntil": 0,
              "frozenUntil": 0,
              "slowActive": false,
              "burnActive": false
            },
            {
              "id": "d9fe0325-68ca-4ba1-9c05-14d8b66052d1",
              "hp": 100,
              "maxHp": 100,
              "type": "grunt",
              "spawnedBy": null,
              "x": -9.086849864093963,
              "z": 27.79713599787193,
              "slowedUntil": 0,
              "burningUntil": 0,
              "frozenUntil": 0,
              "slowActive": false,
              "burnActive": false
            }
          ],
          "minions": [],
          "hand": [
            {
              "id": "dungeon_drake",
              "name": "Vault Wyrm",
              "type": "creature",
              "remainingCharges": 1,
              "charges": 1,
              "activeMinionId": null,
              "burnMaxTtl": null,
              "burnLabel": "1/1",
              "creatureBurning": false,
              "isEvolved": false,
              "specialEffect": "burning_breath"
            },
            {
              "id": "battle_familiar",
              "name": "Signal Familiar",
              "type": "spell",
              "remainingCharges": 1,
              "charges": 1,
              "activeMinionId": null,
              "burnMaxTtl": null,
              "burnLabel": "1/1",
              "creatureBurning": false,
              "isEvolved": false
            },
            {
              "id": "flame_blade",
              "name": "Solar Edge",
              "type": "weapon",
              "remainingCharges": 2,
              "charges": 2,
              "activeMinionId": null,
              "burnMaxTtl": null,
              "burnLabel": "2/2",
              "creatureBurning": false,
              "isEvolved": false
            },
            {
              "id": "flame_blade",
              "name": "Solar Edge",
              "type": "weapon",
              "remainingCharges": 2,
              "charges": 2,
              "activeMinionId": null,
              "burnMaxTtl": null,
              "burnLabel": "2/2",
              "creatureBurning": false,
              "isEvolved": false
            },
            {
              "id": "battle_familiar",
              "name": "Signal Familiar",
              "type": "spell",
              "remainingCharges": 1,
              "charges": 1,
              "activeMinionId": null,
              "burnMaxTtl": null,
              "burnLabel": "1/1",
              "creatureBurning": false,
              "isEvolved": false
            },
            null
          ],
          "inventory": [
            {
              "instanceId": "93d00e67-eeef-486d-a677-75957257848b",
              "cardId": "iron_sword",
              "grind": 0
            },
            {
              "instanceId": "b21292c9-cda8-4754-9798-315c45c63ae5",
              "cardId": "flame_blade",
              "grind": 0
            },
            {
              "instanceId": "d88bdffd-99f1-45d4-bf2e-3c9ba3569a44",
              "cardId": "battle_familiar",
              "grind": 0
            },
            {
              "instanceId": "4fcea2fc-3514-4f9c-b18f-946cc975d95c",
              "cardId": "dungeon_drake",
              "grind": 0
            },
            {
              "instanceId": "7c02095c-bc30-4493-b3cb-4385cd063767",
              "cardId": "iron_sword",
              "grind": 0
            },
            {
              "instanceId": "7afc0405-406f-41ee-9f0d-3027c2137e10",
              "cardId": "iron_sword",
              "grind": 0
            },
            {
              "instanceId": "3d49a47e-69ed-4104-b4b4-7ba25749ba25",
              "cardId": "iron_sword",
              "grind": 0
            },
            {
              "instanceId": "f3e2a61a-9f05-4ef9-b58d-67660ea40aee",
              "cardId": "battle_familiar",
              "grind": 0
            },
            {
              "instanceId": "ad51b893-b80a-47ae-becd-3522d6135c1a",
              "cardId": "battle_familiar",
              "grind": 0
            },
            {
              "instanceId": "0a409961-a972-41ec-8c82-9d9216f098c1",
              "cardId": "flame_blade",
              "grind": 0
            },
            {
              "instanceId": "4cea253f-9bf7-424b-8b53-c9315a0207b6",
              "cardId": "flame_blade",
              "grind": 0
            },
            {
              "instanceId": "0af36fda-6d4c-4d60-8af3-0913e5bef13c",
              "cardId": "dungeon_drake",
              "grind": 0
            }
          ],
          "lastEvolutionResult": null
        },
        "keyItemIndicatorOnCooldown": false,
        "keyItemIndicatorText": "\n        \n        Dodge Roll\n        E\n        \n      ",
        "keyItemCooldownRemaining": 0,
        "status": "Latency: 1ms",
        "hasCanvas": true,
        "canvasCount": 2,
        "lobbyVisible": false,
        "cardHandVisible": true,
        "title": "Void Grimoire",
        "bodyText": "👤\nLv\n🔊\n⚙\n9F\nLV\n1\nHP\n60/100\nMS\n99/99\nDeck: 7/12\n⟡ 5\n✦ 1\n🐉 1\n✨ 0\nMoney 0\nLatency: 1ms\nDodge Roll\nE\nInitiate Vault\nPurged 0 / 6 hostiles\n01\nRewa: Rewa on channel. Move with WASD, close on the opening grunts, and strike with your melee weapon to start the sweep.\nClick to attack · press 1–6 to cast cards\n1\n🐉\nVault Wyrm\nBURNING BREATH\n600ms wind-up\n1/1\n2\n✦\nSignal Familiar\n50 MS\n1/1\n3\n⚔\nSolar Edge\n650ms wind-up\n2/2\n4\n⚔\nSolar Edge\n650ms wind-up\n2/2\n5\n✦\nSignal Familiar\n50 MS\n1/1"
      }
    }
  ],
  "pageerrors": []
}
