[joinLobby] timeout waiting for #lobby visibility: page.waitForFunction: Timeout 10000ms exceeded.
{
  "url": "http://localhost:5177/",
  "ok": false,
  "ticketFile": "/home/matt/workspace/.autogame-worktrees/265-sec-debug-gate-no-header-spoof/tickets/265-sec-debug-gate-no-header-spoof/ticket.md",
  "capturePlanSource": "fallback",
  "capturePlanValid": true,
  "capturePlanAttempts": [],
  "capturePlanSummary": "Deterministic full-flow smoke capture: auth, lobby create/join, ready transition, movement, dodge/key-item with post-dodge cooldown probe.",
  "scenarios": [],
  "screenshots": [
    {
      "file": "01-initial.png",
      "player": "A",
      "description": "Both players in squad lobby."
    }
  ],
  "probes": [],
  "error": "page.waitForFunction: Timeout 12000ms exceeded.",
  "pageerrors": []
}
