
 RUN  v3.2.4 /home/matt/workspace/.autogame-worktrees/188-character-customization-client-proportion-sliders/game
      Coverage enabled with v8

stderr | client/test/models-registry.test.js > loadModel() resilience > resolves null for a missing path without throwing
[models] failed to load model "/models/__missing__.glb": Error: 404
    at t.<anonymous> [90m(/home/matt/workspace/.autogame-worktrees/188-character-customization-client-proportion-sliders/game/[39mclient/test/models-registry.test.js:91:12[90m)[39m
    at t.mockCall [90m(file:///home/matt/workspace/.autogame-worktrees/188-character-customization-client-proportion-sliders/game/[39mnode_modules/[4m.pnpm[24m/@vitest+spy@3.2.4/node_modules/[4m@vitest[24m/spy/dist/index.js:96:15[90m)[39m
    at t.spy [as load] [90m(file:///home/matt/workspace/.autogame-worktrees/188-character-customization-client-proportion-sliders/game/[39mnode_modules/[4m.pnpm[24m/tinyspy@4.0.4/node_modules/[4mtinyspy[24m/dist/index.js:47:80[90m)[39m
    at [90m/home/matt/workspace/.autogame-worktrees/188-character-customization-client-proportion-sliders/game/[39mclient/models.js:83:11
    at new Promise (<anonymous>)
    at Module.loadModel [90m(/home/matt/workspace/.autogame-worktrees/188-character-customization-client-proportion-sliders/game/[39mclient/models.js:74:11[90m)[39m
    at [90m/home/matt/workspace/.autogame-worktrees/188-character-customization-client-proportion-sliders/game/[39mclient/test/models-registry.test.js:94:16
    at [90mfile:///home/matt/workspace/.autogame-worktrees/188-character-customization-client-proportion-sliders/game/[39mnode_modules/[4m.pnpm[24m/@vitest+runner@3.2.4/node_modules/[4m@vitest[24m/runner/dist/chunk-hooks.js:155:11
    at [90mfile:///home/matt/workspace/.autogame-worktrees/188-character-customization-client-proportion-sliders/game/[39mnode_modules/[4m.pnpm[24m/@vitest+runner@3.2.4/node_modules/[4m@vitest[24m/runner/dist/chunk-hooks.js:752:26
    at [90mfile:///home/matt/workspace/.autogame-worktrees/188-character-customization-client-proportion-sliders/game/[39mnode_modules/[4m.pnpm[24m/@vitest+runner@3.2.4/node_modules/[4m@vitest[24m/runner/dist/chunk-hooks.js:1897:20

stderr | client/test/models-registry.test.js > loadModel() resilience > caches failure so the same missing path is not re-fetched
[models] failed to load model "/models/__missing__.glb": Error: 404
    at t.<anonymous> [90m(/home/matt/workspace/.autogame-worktrees/188-character-customization-client-proportion-sliders/game/[39mclient/test/models-registry.test.js:99:12[90m)[39m
    at t.mockCall [90m(file:///home/matt/workspace/.autogame-worktrees/188-character-customization-client-proportion-sliders/game/[39mnode_modules/[4m.pnpm[24m/@vitest+spy@3.2.4/node_modules/[4m@vitest[24m/spy/dist/index.js:96:15[90m)[39m
    at t.spy [as load] [90m(file:///home/matt/workspace/.autogame-worktrees/188-character-customization-client-proportion-sliders/game/[39mnode_modules/[4m.pnpm[24m/tinyspy@4.0.4/node_modules/[4mtinyspy[24m/dist/index.js:47:80[90m)[39m
    at [90m/home/matt/workspace/.autogame-worktrees/188-character-customization-client-proportion-sliders/game/[39mclient/models.js:83:11
    at new Promise (<anonymous>)
    at Module.loadModel [90m(/home/matt/workspace/.autogame-worktrees/188-character-customization-client-proportion-sliders/game/[39mclient/models.js:74:11[90m)[39m
    at [90m/home/matt/workspace/.autogame-worktrees/188-character-customization-client-proportion-sliders/game/[39mclient/test/models-registry.test.js:102:9
    at [90mfile:///home/matt/workspace/.autogame-worktrees/188-character-customization-client-proportion-sliders/game/[39mnode_modules/[4m.pnpm[24m/@vitest+runner@3.2.4/node_modules/[4m@vitest[24m/runner/dist/chunk-hooks.js:155:11
    at [90mfile:///home/matt/workspace/.autogame-worktrees/188-character-customization-client-proportion-sliders/game/[39mnode_modules/[4m.pnpm[24m/@vitest+runner@3.2.4/node_modules/[4m@vitest[24m/runner/dist/chunk-hooks.js:752:26
    at [90mfile:///home/matt/workspace/.autogame-worktrees/188-character-customization-client-proportion-sliders/game/[39mnode_modules/[4m.pnpm[24m/@vitest+runner@3.2.4/node_modules/[4m@vitest[24m/runner/dist/chunk-hooks.js:1897:20

stdout | client/test/renderer-loot.test.js > renderer loot helpers > getPickedUpLootIds reflects lootPickupAttempts after walk-over pickup
[initScene] Initializing Three.js scene...

stdout | client/test/renderer-clock.test.js > renderer animation loop clock > uses THREE.Clock.getDelta without requiring a clock.update method
[initScene] Initializing Three.js scene...

 ✓ |client| client/test/controller-calibration.test.js (2 tests) 4ms
 ✓ |client| client/test/gamepad.test.js (14 tests) 6ms
stderr | client/test/renderer-loot.test.js > renderer loot helpers > getPickedUpLootIds reflects lootPickupAttempts after walk-over pickup
[renderer] failed to apply model "/models/player.glb" for "player": TypeError: Failed to parse URL from /models/player.glb
[90m    at new Request (node:internal/deps/undici/undici:9588:19)[39m
    at FileLoader.load [90m(file:///home/matt/workspace/.autogame-worktrees/188-character-customization-client-proportion-sliders/game/[39mnode_modules/[4m.pnpm[24m/three@0.184.0/node_modules/[4mthree[24m/build/three.core.js:44150:15[90m)[39m
[90m    ... 4 lines matching cause stack trace ...[39m
    at attachRegistryModel [90m(/home/matt/workspace/.autogame-worktrees/188-character-customization-client-proportion-sliders/game/[39mclient/renderer.js:370:11[90m)[39m
    at createPlayerAvatar [90m(/home/matt/workspace/.autogame-worktrees/188-character-customization-client-proportion-sliders/game/[39mclient/renderer.js:1445:2[90m)[39m
    at animate [90m(/home/matt/workspace/.autogame-worktrees/188-character-customization-client-proportion-sliders/game/[39mclient/renderer.js:3418:20[90m)[39m
    at [90m/home/matt/workspace/.autogame-worktrees/188-character-customization-client-proportion-sliders/game/[39mclient/test/renderer-loot.test.js:44:3 {
  [cause]: TypeError: Invalid URL: /models/player.glb
      at new URLImpl [90m(/home/matt/workspace/.autogame-worktrees/188-character-customization-client-proportion-sliders/game/[39mnode_modules/[4m.pnpm[24m/whatwg-url@14.2.0/node_modules/[4mwhatwg-url[24m/lib/URL-impl.js:20:13[90m)[39m
      at Object.exports.setup [90m(/home/matt/workspace/.autogame-worktrees/188-character-customization-client-proportion-sliders/game/[39mnode_modules/[4m.pnpm[24m/whatwg-url@14.2.0/node_modules/[4mwhatwg-url[24m/lib/URL.js:54:12[90m)[39m
      at new URL [90m(/home/matt/workspace/.autogame-worktrees/188-character-customization-client-proportion-sliders/game/[39mnode_modules/[4m.pnpm[24m/whatwg-url@14.2.0/node_modules/[4mwhatwg-url[24m/lib/URL.js:115:22[90m)[39m
  [90m    at new Request (node:internal/deps/undici/undici:9586:25)[39m
      at FileLoader.load [90m(file:///home/matt/workspace/.autogame-worktrees/188-character-customization-client-proportion-sliders/game/[39mnode_modules/[4m.pnpm[24m/three@0.184.0/node_modules/[4mthree[24m/build/three.core.js:44150:15[90m)[39m
      at GLTFLoader.load [90m(file:///home/matt/workspace/.autogame-worktrees/188-character-customization-client-proportion-sliders/game/[39mnode_modules/[4m.pnpm[24m/three@0.184.0/node_modules/[4mthree[24m/examples/jsm/loaders/GLTFLoader.js:319:10[90m)[39m
      at [90m/home/matt/workspace/.autogame-worktrees/188-character-customization-client-proportion-sliders/game/[39mclient/models.js:83:11
      at new Promise (<anonymous>)
      at loadModel [90m(/home/matt/workspace/.autogame-worktrees/188-character-customization-client-proportion-sliders/game/[39mclient/models.js:74:11[90m)[39m
      at attachRegistryModel [90m(/home/matt/workspace/.autogame-worktrees/188-character-customization-client-proportion-sliders/game/[39mclient/renderer.js:370:11[90m)[39m
}

stdout | client/test/renderer-loot.test.js > renderer loot helpers > markLootCollected shows "+N MS" for magic stone pickups
[initScene] Initializing Three.js scene...

 ✓ |client| client/test/input.test.js (32 tests) 19ms
stderr | client/test/models-registry.test.js > registry attach fallback (renderer) > createPlayerAvatar keeps procedural visible when the model fails to load
[models] failed to load model "/models/player.glb": Error: 404
    at t.<anonymous> [90m(/home/matt/workspace/.autogame-worktrees/188-character-customization-client-proportion-sliders/game/[39mclient/test/models-registry.test.js:139:12[90m)[39m
    at t.mockCall [90m(file:///home/matt/workspace/.autogame-worktrees/188-character-customization-client-proportion-sliders/game/[39mnode_modules/[4m.pnpm[24m/@vitest+spy@3.2.4/node_modules/[4m@vitest[24m/spy/dist/index.js:96:15[90m)[39m
    at t.spy [as load] [90m(file:///home/matt/workspace/.autogame-worktrees/188-character-customization-client-proportion-sliders/game/[39mnode_modules/[4m.pnpm[24m/tinyspy@4.0.4/node_modules/[4mtinyspy[24m/dist/index.js:47:80[90m)[39m
    at [90m/home/matt/workspace/.autogame-worktrees/188-character-customization-client-proportion-sliders/game/[39mclient/models.js:83:11
    at new Promise (<anonymous>)
    at loadModel [90m(/home/matt/workspace/.autogame-worktrees/188-character-customization-client-proportion-sliders/game/[39mclient/models.js:74:11[90m)[39m
    at attachRegistryModel [90m(/home/matt/workspace/.autogame-worktrees/188-character-customization-client-proportion-sliders/game/[39mclient/renderer.js:370:11[90m)[39m
    at Module.createPlayerAvatar [90m(/home/matt/workspace/.autogame-worktrees/188-character-customization-client-proportion-sliders/game/[39mclient/renderer.js:1445:2[90m)[39m
    at [90m/home/matt/workspace/.autogame-worktrees/188-character-customization-client-proportion-sliders/game/[39mclient/test/models-registry.test.js:142:18
    at [90mfile:///home/matt/workspace/.autogame-worktrees/188-character-customization-client-proportion-sliders/game/[39mnode_modules/[4m.pnpm[24m/@vitest+runner@3.2.4/node_modules/[4m@vitest[24m/runner/dist/chunk-hooks.js:155:11

stderr | client/test/models-registry.test.js > registry attach fallback (renderer) > createEnemyMesh keeps procedural visible when loadModel resolves null
[models] failed to load model "/models/grunt.glb": Error: 404
    at t.<anonymous> [90m(/home/matt/workspace/.autogame-worktrees/188-character-customization-client-proportion-sliders/game/[39mclient/test/models-registry.test.js:156:12[90m)[39m
    at t.mockCall [90m(file:///home/matt/workspace/.autogame-worktrees/188-character-customization-client-proportion-sliders/game/[39mnode_modules/[4m.pnpm[24m/@vitest+spy@3.2.4/node_modules/[4m@vitest[24m/spy/dist/index.js:96:15[90m)[39m
    at t.spy [as load] [90m(file:///home/matt/workspace/.autogame-worktrees/188-character-customization-client-proportion-sliders/game/[39mnode_modules/[4m.pnpm[24m/tinyspy@4.0.4/node_modules/[4mtinyspy[24m/dist/index.js:47:80[90m)[39m
    at [90m/home/matt/workspace/.autogame-worktrees/188-character-customization-client-proportion-sliders/game/[39mclient/models.js:83:11
    at new Promise (<anonymous>)
    at loadModel [90m(/home/matt/workspace/.autogame-worktrees/188-character-customization-client-proportion-sliders/game/[39mclient/models.js:74:11[90m)[39m
    at attachRegistryModel [90m(/home/matt/workspace/.autogame-worktrees/188-character-customization-client-proportion-sliders/game/[39mclient/renderer.js:370:11[90m)[39m
    at Module.createEnemyMesh [90m(/home/matt/workspace/.autogame-worktrees/188-character-customization-client-proportion-sliders/game/[39mclient/renderer.js:2079:2[90m)[39m
    at [90m/home/matt/workspace/.autogame-worktrees/188-character-customization-client-proportion-sliders/game/[39mclient/test/models-registry.test.js:159:16
    at [90mfile:///home/matt/workspace/.autogame-worktrees/188-character-customization-client-proportion-sliders/game/[39mnode_modules/[4m.pnpm[24m/@vitest+runner@3.2.4/node_modules/[4m@vitest[24m/runner/dist/chunk-hooks.js:155:11

 ✓ |client| client/test/renderer-clock.test.js (1 test) 101ms
 ✓ |client| client/test/renderer-registry-normalize.test.js (12 tests) 5ms
stdout | client/test/renderer-loot.test.js > renderer loot helpers > markLootCollected plays loot SFX only for magic stone pickups
[initScene] Initializing Three.js scene...

 ✓ |client| client/test/models-registry.test.js (8 tests) 81ms
stdout | client/test/renderer-loot.test.js > renderer loot helpers > updateCollectingLoot disposes cloned loot materials when animation finishes
[initScene] Initializing Three.js scene...

 ✓ |client| client/test/renderer-loot.test.js (4 tests) 236ms
stdout | client/test/key-item-dodge.test.js > dash VFX > triggerDashVFX applies squash scale when a player mesh exists
[initScene] Initializing Three.js scene...

 ✓ |client| client/test/deck-viewer.test.js (15 tests) 159ms
 ✓ |client| client/test/settings-effects.test.js (2 tests) 61ms
 ✓ |client| client/test/key-item-dodge.test.js (4 tests) 269ms
stdout | client/test/main.test.js > cardError handler — server hand rejection > shows a toast when the server rejects an unauthorized card use
[cardError] Card not in hand

stderr | client/test/main.test.js > createEnemyMesh() > creates a red cone for grunt (default) type
[renderer] failed to apply model "/models/grunt.glb" for "grunt": TypeError: Failed to parse URL from /models/grunt.glb
[90m    at new Request (node:internal/deps/undici/undici:9588:19)[39m
    at FileLoader.load [90m(file:///home/matt/workspace/.autogame-worktrees/188-character-customization-client-proportion-sliders/game/[39mnode_modules/[4m.pnpm[24m/three@0.184.0/node_modules/[4mthree[24m/build/three.core.js:44150:15[90m)[39m
[90m    ... 4 lines matching cause stack trace ...[39m
    at attachRegistryModel [90m(/home/matt/workspace/.autogame-worktrees/188-character-customization-client-proportion-sliders/game/[39mclient/renderer.js:370:11[90m)[39m
    at createEnemyMesh [90m(/home/matt/workspace/.autogame-worktrees/188-character-customization-client-proportion-sliders/game/[39mclient/renderer.js:2079:2[90m)[39m
    at [90m/home/matt/workspace/.autogame-worktrees/188-character-customization-client-proportion-sliders/game/[39mclient/test/main.test.js:2172:23
    at [90mfile:///home/matt/workspace/.autogame-worktrees/188-character-customization-client-proportion-sliders/game/[39mnode_modules/[4m.pnpm[24m/@vitest+runner@3.2.4/node_modules/[4m@vitest[24m/runner/dist/chunk-hooks.js:752:20 {
  [cause]: TypeError: Invalid URL: /models/grunt.glb
      at new URLImpl [90m(/home/matt/workspace/.autogame-worktrees/188-character-customization-client-proportion-sliders/game/[39mnode_modules/[4m.pnpm[24m/whatwg-url@14.2.0/node_modules/[4mwhatwg-url[24m/lib/URL-impl.js:20:13[90m)[39m
      at Object.exports.setup [90m(/home/matt/workspace/.autogame-worktrees/188-character-customization-client-proportion-sliders/game/[39mnode_modules/[4m.pnpm[24m/whatwg-url@14.2.0/node_modules/[4mwhatwg-url[24m/lib/URL.js:54:12[90m)[39m
      at new URL [90m(/home/matt/workspace/.autogame-worktrees/188-character-customization-client-proportion-sliders/game/[39mnode_modules/[4m.pnpm[24m/whatwg-url@14.2.0/node_modules/[4mwhatwg-url[24m/lib/URL.js:115:22[90m)[39m
  [90m    at new Request (node:internal/deps/undici/undici:9586:25)[39m
      at FileLoader.load [90m(file:///home/matt/workspace/.autogame-worktrees/188-character-customization-client-proportion-sliders/game/[39mnode_modules/[4m.pnpm[24m/three@0.184.0/node_modules/[4mthree[24m/build/three.core.js:44150:15[90m)[39m
      at GLTFLoader.load [90m(file:///home/matt/workspace/.autogame-worktrees/188-character-customization-client-proportion-sliders/game/[39mnode_modules/[4m.pnpm[24m/three@0.184.0/node_modules/[4mthree[24m/examples/jsm/loaders/GLTFLoader.js:319:10[90m)[39m
      at [90m/home/matt/workspace/.autogame-worktrees/188-character-customization-client-proportion-sliders/game/[39mclient/models.js:83:11
      at new Promise (<anonymous>)
      at loadModel [90m(/home/matt/workspace/.autogame-worktrees/188-character-customization-client-proportion-sliders/game/[39mclient/models.js:74:11[90m)[39m
      at attachRegistryModel [90m(/home/matt/workspace/.autogame-worktrees/188-character-customization-client-proportion-sliders/game/[39mclient/renderer.js:370:11[90m)[39m
}

stderr | client/test/main.test.js > createEnemyMesh() > creates an orange cone for skirmisher type
[renderer] failed to apply model "/models/skirmisher.glb" for "skirmisher": TypeError: Failed to parse URL from /models/skirmisher.glb
[90m    at new Request (node:internal/deps/undici/undici:9588:19)[39m
    at FileLoader.load [90m(file:///home/matt/workspace/.autogame-worktrees/188-character-customization-client-proportion-sliders/game/[39mnode_modules/[4m.pnpm[24m/three@0.184.0/node_modules/[4mthree[24m/build/three.core.js:44150:15[90m)[39m
[90m    ... 4 lines matching cause stack trace ...[39m
    at attachRegistryModel [90m(/home/matt/workspace/.autogame-worktrees/188-character-customization-client-proportion-sliders/game/[39mclient/renderer.js:370:11[90m)[39m
    at createEnemyMesh [90m(/home/matt/workspace/.autogame-worktrees/188-character-customization-client-proportion-sliders/game/[39mclient/renderer.js:2079:2[90m)[39m
    at [90m/home/matt/workspace/.autogame-worktrees/188-character-customization-client-proportion-sliders/game/[39mclient/test/main.test.js:2184:23
    at [90mfile:///home/matt/workspace/.autogame-worktrees/188-character-customization-client-proportion-sliders/game/[39mnode_modules/[4m.pnpm[24m/@vitest+runner@3.2.4/node_modules/[4m@vitest[24m/runner/dist/chunk-hooks.js:752:20 {
  [cause]: TypeError: Invalid URL: /models/skirmisher.glb
      at new URLImpl [90m(/home/matt/workspace/.autogame-worktrees/188-character-customization-client-proportion-sliders/game/[39mnode_modules/[4m.pnpm[24m/whatwg-url@14.2.0/node_modules/[4mwhatwg-url[24m/lib/URL-impl.js:20:13[90m)[39m
      at Object.exports.setup [90m(/home/matt/workspace/.autogame-worktrees/188-character-customization-client-proportion-sliders/game/[39mnode_modules/[4m.pnpm[24m/whatwg-url@14.2.0/node_modules/[4mwhatwg-url[24m/lib/URL.js:54:12[90m)[39m
      at new URL [90m(/home/matt/workspace/.autogame-worktrees/188-character-customization-client-proportion-sliders/game/[39mnode_modules/[4m.pnpm[24m/whatwg-url@14.2.0/node_modules/[4mwhatwg-url[24m/lib/URL.js:115:22[90m)[39m
  [90m    at new Request (node:internal/deps/undici/undici:9586:25)[39m
      at FileLoader.load [90m(file:///home/matt/workspace/.autogame-worktrees/188-character-customization-client-proportion-sliders/game/[39mnode_modules/[4m.pnpm[24m/three@0.184.0/node_modules/[4mthree[24m/build/three.core.js:44150:15[90m)[39m
      at GLTFLoader.load [90m(file:///home/matt/workspace/.autogame-worktrees/188-character-customization-client-proportion-sliders/game/[39mnode_modules/[4m.pnpm[24m/three@0.184.0/node_modules/[4mthree[24m/examples/jsm/loaders/GLTFLoader.js:319:10[90m)[39m
      at [90m/home/matt/workspace/.autogame-worktrees/188-character-customization-client-proportion-sliders/game/[39mclient/models.js:83:11
      at new Promise (<anonymous>)
      at loadModel [90m(/home/matt/workspace/.autogame-worktrees/188-character-customization-client-proportion-sliders/game/[39mclient/models.js:74:11[90m)[39m
      at attachRegistryModel [90m(/home/matt/workspace/.autogame-worktrees/188-character-customization-client-proportion-sliders/game/[39mclient/renderer.js:370:11[90m)[39m
}

stderr | client/test/main.test.js > createEnemyMesh() > creates a teal octahedron for spawner type
[renderer] failed to apply model "/models/spawner.glb" for "spawner": TypeError: Failed to parse URL from /models/spawner.glb
[90m    at new Request (node:internal/deps/undici/undici:9588:19)[39m
    at FileLoader.load [90m(file:///home/matt/workspace/.autogame-worktrees/188-character-customization-client-proportion-sliders/game/[39mnode_modules/[4m.pnpm[24m/three@0.184.0/node_modules/[4mthree[24m/build/three.core.js:44150:15[90m)[39m
[90m    ... 4 lines matching cause stack trace ...[39m
    at attachRegistryModel [90m(/home/matt/workspace/.autogame-worktrees/188-character-customization-client-proportion-sliders/game/[39mclient/renderer.js:370:11[90m)[39m
    at createEnemyMesh [90m(/home/matt/workspace/.autogame-worktrees/188-character-customization-client-proportion-sliders/game/[39mclient/renderer.js:2079:2[90m)[39m
    at [90m/home/matt/workspace/.autogame-worktrees/188-character-customization-client-proportion-sliders/game/[39mclient/test/main.test.js:2194:23
    at [90mfile:///home/matt/workspace/.autogame-worktrees/188-character-customization-client-proportion-sliders/game/[39mnode_modules/[4m.pnpm[24m/@vitest+runner@3.2.4/node_modules/[4m@vitest[24m/runner/dist/chunk-hooks.js:752:20 {
  [cause]: TypeError: Invalid URL: /models/spawner.glb
      at new URLImpl [90m(/home/matt/workspace/.autogame-worktrees/188-character-customization-client-proportion-sliders/game/[39mnode_modules/[4m.pnpm[24m/whatwg-url@14.2.0/node_modules/[4mwhatwg-url[24m/lib/URL-impl.js:20:13[90m)[39m
      at Object.exports.setup [90m(/home/matt/workspace/.autogame-worktrees/188-character-customization-client-proportion-sliders/game/[39mnode_modules/[4m.pnpm[24m/whatwg-url@14.2.0/node_modules/[4mwhatwg-url[24m/lib/URL.js:54:12[90m)[39m
      at new URL [90m(/home/matt/workspace/.autogame-worktrees/188-character-customization-client-proportion-sliders/game/[39mnode_modules/[4m.pnpm[24m/whatwg-url@14.2.0/node_modules/[4mwhatwg-url[24m/lib/URL.js:115:22[90m)[39m
  [90m    at new Request (node:internal/deps/undici/undici:9586:25)[39m
      at FileLoader.load [90m(file:///home/matt/workspace/.autogame-worktrees/188-character-customization-client-proportion-sliders/game/[39mnode_modules/[4m.pnpm[24m/three@0.184.0/node_modules/[4mthree[24m/build/three.core.js:44150:15[90m)[39m
      at GLTFLoader.load [90m(file:///home/matt/workspace/.autogame-worktrees/188-character-customization-client-proportion-sliders/game/[39mnode_modules/[4m.pnpm[24m/three@0.184.0/node_modules/[4mthree[24m/examples/jsm/loaders/GLTFLoader.js:319:10[90m)[39m
      at [90m/home/matt/workspace/.autogame-worktrees/188-character-customization-client-proportion-sliders/game/[39mclient/models.js:83:11
      at new Promise (<anonymous>)
      at loadModel [90m(/home/matt/workspace/.autogame-worktrees/188-character-customization-client-proportion-sliders/game/[39mclient/models.js:74:11[90m)[39m
      at attachRegistryModel [90m(/home/matt/workspace/.autogame-worktrees/188-character-customization-client-proportion-sliders/game/[39mclient/renderer.js:370:11[90m)[39m
}

stderr | client/test/main.test.js > createEnemyMesh() > creates a purple cone for miniboss type
[renderer] failed to apply model "/models/miniboss.glb" for "miniboss": TypeError: Failed to parse URL from /models/miniboss.glb
[90m    at new Request (node:internal/deps/undici/undici:9588:19)[39m
    at FileLoader.load [90m(file:///home/matt/workspace/.autogame-worktrees/188-character-customization-client-proportion-sliders/game/[39mnode_modules/[4m.pnpm[24m/three@0.184.0/node_modules/[4mthree[24m/build/three.core.js:44150:15[90m)[39m
[90m    ... 4 lines matching cause stack trace ...[39m
    at attachRegistryModel [90m(/home/matt/workspace/.autogame-worktrees/188-character-customization-client-proportion-sliders/game/[39mclient/renderer.js:370:11[90m)[39m
    at createEnemyMesh [90m(/home/matt/workspace/.autogame-worktrees/188-character-customization-client-proportion-sliders/game/[39mclient/renderer.js:2079:2[90m)[39m
    at [90m/home/matt/workspace/.autogame-worktrees/188-character-customization-client-proportion-sliders/game/[39mclient/test/main.test.js:2207:23
    at [90mfile:///home/matt/workspace/.autogame-worktrees/188-character-customization-client-proportion-sliders/game/[39mnode_modules/[4m.pnpm[24m/@vitest+runner@3.2.4/node_modules/[4m@vitest[24m/runner/dist/chunk-hooks.js:752:20 {
  [cause]: TypeError: Invalid URL: /models/miniboss.glb
      at new URLImpl [90m(/home/matt/workspace/.autogame-worktrees/188-character-customization-client-proportion-sliders/game/[39mnode_modules/[4m.pnpm[24m/whatwg-url@14.2.0/node_modules/[4mwhatwg-url[24m/lib/URL-impl.js:20:13[90m)[39m
      at Object.exports.setup [90m(/home/matt/workspace/.autogame-worktrees/188-character-customization-client-proportion-sliders/game/[39mnode_modules/[4m.pnpm[24m/whatwg-url@14.2.0/node_modules/[4mwhatwg-url[24m/lib/URL.js:54:12[90m)[39m
      at new URL [90m(/home/matt/workspace/.autogame-worktrees/188-character-customization-client-proportion-sliders/game/[39mnode_modules/[4m.pnpm[24m/whatwg-url@14.2.0/node_modules/[4mwhatwg-url[24m/lib/URL.js:115:22[90m)[39m
  [90m    at new Request (node:internal/deps/undici/undici:9586:25)[39m
      at FileLoader.load [90m(file:///home/matt/workspace/.autogame-worktrees/188-character-customization-client-proportion-sliders/game/[39mnode_modules/[4m.pnpm[24m/three@0.184.0/node_modules/[4mthree[24m/build/three.core.js:44150:15[90m)[39m
      at GLTFLoader.load [90m(file:///home/matt/workspace/.autogame-worktrees/188-character-customization-client-proportion-sliders/game/[39mnode_modules/[4m.pnpm[24m/three@0.184.0/node_modules/[4mthree[24m/examples/jsm/loaders/GLTFLoader.js:319:10[90m)[39m
      at [90m/home/matt/workspace/.autogame-worktrees/188-character-customization-client-proportion-sliders/game/[39mclient/models.js:83:11
      at new Promise (<anonymous>)
      at loadModel [90m(/home/matt/workspace/.autogame-worktrees/188-character-customization-client-proportion-sliders/game/[39mclient/models.js:74:11[90m)[39m
      at attachRegistryModel [90m(/home/matt/workspace/.autogame-worktrees/188-character-customization-client-proportion-sliders/game/[39mclient/renderer.js:370:11[90m)[39m
}

 ✓ |client| client/test/main.test.js (141 tests) 930ms

 Test Files  11 passed (11)
      Tests  235 passed (235)
   Start at  05:45:22
   Duration  2.07s (transform 186ms, setup 213ms, collect 495ms, tests 1.87s, environment 3.38s, prepare 774ms)

 % Coverage report from v8
--------------|---------|----------|---------|---------|------------------------
File          | % Stmts | % Branch | % Funcs | % Lines | Uncovered Line #s      
--------------|---------|----------|---------|---------|------------------------
All files     |   69.51 |    62.16 |   32.25 |   69.51 |                        
 cards.js     |      91 |    62.96 |   66.66 |      91 | ...471,480-494,588-605 
 collision.js |   20.81 |      100 |       0 |   20.81 | ...216,222-230,236-241 
 delta.js     |     100 |       50 |     100 |     100 | 12                     
 hand.js      |   46.25 |     62.5 |   23.07 |   46.25 | ...140,156-157,160-163 
--------------|---------|----------|---------|---------|------------------------
