[createLobby] timeout waiting for #lobby visibility: page.waitForFunction: Timeout 10000ms exceeded.
[joinLobby] timeout waiting for #lobby visibility: page.waitForFunction: Timeout 10000ms exceeded.
{
  "url": "http://localhost:5175/",
  "ok": true,
  "ticketFile": "/home/matt/workspace/.autogame-worktrees/hosting-multi-instance-auth-rate-limit-readiness-shared-jwt-bzdk/tickets/hosting-multi-instance-auth-rate-limit-readiness-shared-jwt-bzdk/ticket.md",
  "capturePlanSource": "fallback",
  "capturePlanValid": true,
  "capturePlanAttempts": [],
  "capturePlanSummary": "Deterministic full-flow smoke capture: auth, lobby create/join, ready transition, movement, dodge/key-item with post-dodge cooldown probe.",
  "scenarios": [],
  "screenshots": [
    {
      "file": "01-initial.png",
      "player": "A",
      "description": "Both players in squad lobby."
    },
    {
      "file": "02-after-w.png",
      "player": "A",
      "description": "Gameplay after holding W."
    },
    {
      "file": "03-after-d.png",
      "player": "A",
      "description": "Gameplay after holding D."
    },
    {
      "file": "04-after-dodge.png",
      "player": "A",
      "description": "Gameplay after dodge roll with cooldown HUD."
    }
  ],
  "probes": [
    {
      "player": "A",
      "description": "After readying all players and entering gameplay.",
      "data": {
        "harnessState": {
          "debugScenario": null,
          "debugScenarioAllowed": true,
          "debugScenarioResult": null,
          "debugGodmodeResult": null,
          "debugTimeScale": 1,
          "debugTimeScaleResult": null,
          "debugTimeScaleAllowed": false,
          "objective": {
            "type": "defeat_enemies",
            "totalEnemies": 6,
            "activeEnemyCount": 2,
            "defeatedEnemies": 0,
            "label": "Initiate Vault: Sweep annex holding pens in scripted waves and breach the deeper vault wing."
          },
          "encounter": null,
          "bossEncounter": null,
          "runObjectiveComplete": false,
          "lastRunSummary": null,
          "sortieCompleteOverlayVisible": false,
          "myId": "ae05ee41-b0e4-4e94-9827-68fb2b0024ca",
          "selectedDeck": [
            "858937ad-77d8-493f-929e-eca880f15ce2",
            "9b1a3a78-a1f1-4358-8702-c01bbd7fafb0",
            "a59aae16-dd13-4ca6-b338-f15ae3f38c66",
            "b76e583c-2e27-41a6-bf9d-73c3279393b7",
            "7fbd82a8-1729-499f-b059-5f638337dbe6",
            "2e4eceb6-cb85-4e20-996d-35924deed36c",
            "c605096b-792b-4438-a8d9-4e452bf9e189",
            "8a49b31c-c376-4b23-9458-9e1c071f7684",
            "5517a94b-abae-433f-9285-c3dcc998c6d9",
            "5811b82e-5e93-49b1-8e5e-0442be01c5dd",
            "3f95b890-1df5-46ad-829a-3166293629e6",
            "94d5832f-fbf6-4e19-8638-4bb14e979861"
          ],
          "phase": "playing",
          "runStatus": "playing",
          "suspendedRunSummary": null,
          "extracted": false,
          "telepipe": null,
          "layout": {
            "profile": "crowded",
            "seed": 352369970,
            "roomCount": 10,
            "startRoom": {
              "x": -9,
              "z": 27,
              "role": "start"
            }
          },
          "connectionState": "connected",
          "sceneInitialized": true,
          "hasCanvas": true,
          "lobbyVisible": false,
          "lobbyMenuDismissed": true,
          "characterBoothOpen": false,
          "deckEditorVisible": false,
          "runId": "c5ac08de-f1e6-4e6e-9a9a-4f84bacf6765",
          "resumeBtnUsable": false,
          "abandonRunBtnUsable": false,
          "cardHandVisible": true,
          "status": "Latency: 1ms",
          "hpText": "100/100",
          "msText": "49/99",
          "currencyText": "Money 0",
          "currency": 0,
          "player": {
            "hp": 100,
            "magicStones": 49.91500000000047,
            "currency": 0,
            "debugGodmode": false,
            "dead": false,
            "x": -9,
            "y": 0.5,
            "z": 27,
            "equippedKeyItemId": "dodge_roll",
            "keyItemCooldownRemaining": 0,
            "cardUseState": null,
            "cardWindupUntil": 0,
            "cardWindupCardId": null,
            "slowedUntil": 0,
            "burningUntil": 0,
            "slowActive": false,
            "burnActive": false
          },
          "windupFlashing": false,
          "keyItemIndicatorOnCooldown": false,
          "keyItemIndicatorText": "",
          "players": 2,
          "squadmates": [
            {
              "id": "8170e55b-a41e-4f98-910f-bfc4f4f3b773",
              "x": -6,
              "z": 27
            }
          ],
          "enemies": 2,
          "enemyHp": [
            {
              "id": "881449ee-7965-45d9-b5f9-96d306ea9adf",
              "hp": 100,
              "maxHp": 100,
              "type": "grunt",
              "spawnedBy": null,
              "x": -8.22150015846941,
              "z": 22.315777317528898,
              "slowedUntil": 0,
              "burningUntil": 0,
              "frozenUntil": 0,
              "slowActive": false,
              "burnActive": false
            },
            {
              "id": "771a99ce-c5e1-4894-9561-aa23475e6016",
              "hp": 100,
              "maxHp": 100,
              "type": "grunt",
              "spawnedBy": null,
              "x": -9.40000432927597,
              "z": 22.50263188579129,
              "slowedUntil": 0,
              "burningUntil": 0,
              "frozenUntil": 0,
              "slowActive": false,
              "burnActive": false
            }
          ],
          "minions": [],
          "hand": [
            {
              "id": "flame_blade",
              "name": "Solar Edge",
              "type": "weapon",
              "remainingCharges": 2,
              "charges": 2,
              "activeMinionId": null,
              "burnMaxTtl": null,
              "burnLabel": "2/2",
              "creatureBurning": false,
              "isEvolved": false
            },
            {
              "id": "battle_familiar",
              "name": "Signal Familiar",
              "type": "spell",
              "remainingCharges": 1,
              "charges": 1,
              "activeMinionId": null,
              "burnMaxTtl": null,
              "burnLabel": "1/1",
              "creatureBurning": false,
              "isEvolved": false
            },
            null,
            {
              "id": "dungeon_drake",
              "name": "Vault Wyrm",
              "type": "creature",
              "remainingCharges": 1,
              "charges": 1,
              "activeMinionId": null,
              "burnMaxTtl": null,
              "burnLabel": "1/1",
              "creatureBurning": false,
              "isEvolved": false,
              "specialEffect": "burning_breath"
            },
            {
              "id": "battle_familiar",
              "name": "Signal Familiar",
              "type": "spell",
              "remainingCharges": 1,
              "charges": 1,
              "activeMinionId": null,
              "burnMaxTtl": null,
              "burnLabel": "1/1",
              "creatureBurning": false,
              "isEvolved": false
            },
            null
          ],
          "inventory": [
            {
              "instanceId": "858937ad-77d8-493f-929e-eca880f15ce2",
              "cardId": "iron_sword",
              "grind": 0
            },
            {
              "instanceId": "9b1a3a78-a1f1-4358-8702-c01bbd7fafb0",
              "cardId": "flame_blade",
              "grind": 0
            },
            {
              "instanceId": "a59aae16-dd13-4ca6-b338-f15ae3f38c66",
              "cardId": "battle_familiar",
              "grind": 0
            },
            {
              "instanceId": "b76e583c-2e27-41a6-bf9d-73c3279393b7",
              "cardId": "dungeon_drake",
              "grind": 0
            },
            {
              "instanceId": "7fbd82a8-1729-499f-b059-5f638337dbe6",
              "cardId": "iron_sword",
              "grind": 0
            },
            {
              "instanceId": "2e4eceb6-cb85-4e20-996d-35924deed36c",
              "cardId": "iron_sword",
              "grind": 0
            },
            {
              "instanceId": "c605096b-792b-4438-a8d9-4e452bf9e189",
              "cardId": "iron_sword",
              "grind": 0
            },
            {
              "instanceId": "8a49b31c-c376-4b23-9458-9e1c071f7684",
              "cardId": "battle_familiar",
              "grind": 0
            },
            {
              "instanceId": "5517a94b-abae-433f-9285-c3dcc998c6d9",
              "cardId": "battle_familiar",
              "grind": 0
            },
            {
              "instanceId": "5811b82e-5e93-49b1-8e5e-0442be01c5dd",
              "cardId": "flame_blade",
              "grind": 0
            },
            {
              "instanceId": "3f95b890-1df5-46ad-829a-3166293629e6",
              "cardId": "flame_blade",
              "grind": 0
            },
            {
              "instanceId": "94d5832f-fbf6-4e19-8638-4bb14e979861",
              "cardId": "dungeon_drake",
              "grind": 0
            }
          ],
          "lastEvolutionResult": null
        },
        "keyItemIndicatorOnCooldown": false,
        "keyItemIndicatorText": "\n          \n          Dodge Roll\n          E\n          \n        ",
        "keyItemCooldownRemaining": 0,
        "status": "Latency: 1ms",
        "hasCanvas": true,
        "canvasCount": 2,
        "lobbyVisible": false,
        "cardHandVisible": true,
        "title": "Void Grimoire",
        "bodyText": "👤\nLv\n🔊\n⚙\nPL\nLV\n1\nHP\n100/100\nMS\n49/99\nDeck: 8/12\n⟡ 6\n✦ 1\n🐉 1\n✨ 0\nMoney 0\nLatency: 1ms\nDodge Roll\nE\nRewa: Rewa on channel. Move with WASD, close on the opening grunts, and strike with your melee weapon to start the sweep.\n01\nRewa: Rewa on channel. Move with WASD, close on the opening grunts, and strike with your melee weapon to start the sweep.\nInitiate Vault\nPurged 0 / 6 hostiles\nClick to attack · press 1–6 to cast cards · E for key item\n1\n⚔\nSolar Edge\n650ms wind-up\n2/2\n2\n✦\nSignal Familiar\n50 MS\n1/1\n4\n🔥\nVault Wyrm\nBURNING BREATH\n600ms wind-up\n1/1\n5\n✦\nSignal Familiar\n50 MS\n1/1\nANNEX LIAISON KADE\nEntry annex is live. Close with WASD and strike with your melee weapon — two grunts block the bulkhead."
      }
    },
    {
      "player": "A",
      "description": "After dodge roll — cooldown HUD should be active.",
      "data": {
        "harnessState": {
          "debugScenario": null,
          "debugScenarioAllowed": true,
          "debugScenarioResult": null,
          "debugGodmodeResult": null,
          "debugTimeScale": 1,
          "debugTimeScaleResult": null,
          "debugTimeScaleAllowed": false,
          "objective": {
            "type": "defeat_enemies",
            "totalEnemies": 6,
            "activeEnemyCount": 2,
            "defeatedEnemies": 0,
            "label": "Initiate Vault: Sweep annex holding pens in scripted waves and breach the deeper vault wing."
          },
          "encounter": null,
          "bossEncounter": null,
          "runObjectiveComplete": false,
          "lastRunSummary": null,
          "sortieCompleteOverlayVisible": false,
          "myId": "ae05ee41-b0e4-4e94-9827-68fb2b0024ca",
          "selectedDeck": [
            "858937ad-77d8-493f-929e-eca880f15ce2",
            "9b1a3a78-a1f1-4358-8702-c01bbd7fafb0",
            "a59aae16-dd13-4ca6-b338-f15ae3f38c66",
            "b76e583c-2e27-41a6-bf9d-73c3279393b7",
            "7fbd82a8-1729-499f-b059-5f638337dbe6",
            "2e4eceb6-cb85-4e20-996d-35924deed36c",
            "c605096b-792b-4438-a8d9-4e452bf9e189",
            "8a49b31c-c376-4b23-9458-9e1c071f7684",
            "5517a94b-abae-433f-9285-c3dcc998c6d9",
            "5811b82e-5e93-49b1-8e5e-0442be01c5dd",
            "3f95b890-1df5-46ad-829a-3166293629e6",
            "94d5832f-fbf6-4e19-8638-4bb14e979861"
          ],
          "phase": "playing",
          "runStatus": "playing",
          "suspendedRunSummary": null,
          "extracted": false,
          "telepipe": null,
          "layout": {
            "profile": "crowded",
            "seed": 352369970,
            "roomCount": 10,
            "startRoom": {
              "x": -9,
              "z": 27,
              "role": "start"
            }
          },
          "connectionState": "connected",
          "sceneInitialized": true,
          "hasCanvas": true,
          "lobbyVisible": false,
          "lobbyMenuDismissed": true,
          "characterBoothOpen": false,
          "deckEditorVisible": false,
          "runId": "c5ac08de-f1e6-4e6e-9a9a-4f84bacf6765",
          "resumeBtnUsable": false,
          "abandonRunBtnUsable": false,
          "cardHandVisible": true,
          "status": "Latency: 1ms",
          "hpText": "90/100",
          "msText": "50/99",
          "currencyText": "Money 0",
          "currency": 0,
          "player": {
            "hp": 90,
            "magicStones": 50.415000000000724,
            "currency": 0,
            "debugGodmode": false,
            "dead": false,
            "x": -7.65,
            "y": 0.5,
            "z": 19,
            "equippedKeyItemId": "dodge_roll",
            "keyItemCooldownRemaining": 393,
            "cardUseState": null,
            "cardWindupUntil": 0,
            "cardWindupCardId": null,
            "slowedUntil": 0,
            "burningUntil": 0,
            "slowActive": false,
            "burnActive": false
          },
          "windupFlashing": false,
          "keyItemIndicatorOnCooldown": true,
          "keyItemIndicatorText": "0.4",
          "players": 2,
          "squadmates": [
            {
              "id": "8170e55b-a41e-4f98-910f-bfc4f4f3b773",
              "x": -6,
              "z": 27
            }
          ],
          "enemies": 2,
          "enemyHp": [
            {
              "id": "881449ee-7965-45d9-b5f9-96d306ea9adf",
              "hp": 100,
              "maxHp": 100,
              "type": "grunt",
              "spawnedBy": null,
              "x": -6.061212563999835,
              "z": 23.059014185344928,
              "slowedUntil": 0,
              "burningUntil": 0,
              "frozenUntil": 0,
              "slowActive": false,
              "burnActive": false
            },
            {
              "id": "771a99ce-c5e1-4894-9561-aa23475e6016",
              "hp": 100,
              "maxHp": 100,
              "type": "grunt",
              "spawnedBy": null,
              "x": -7.200016234784886,
              "z": 22.50986957171733,
              "slowedUntil": 0,
              "burningUntil": 0,
              "frozenUntil": 0,
              "slowActive": false,
              "burnActive": false
            }
          ],
          "minions": [],
          "hand": [
            {
              "id": "flame_blade",
              "name": "Solar Edge",
              "type": "weapon",
              "remainingCharges": 2,
              "charges": 2,
              "activeMinionId": null,
              "burnMaxTtl": null,
              "burnLabel": "2/2",
              "creatureBurning": false,
              "isEvolved": false
            },
            {
              "id": "battle_familiar",
              "name": "Signal Familiar",
              "type": "spell",
              "remainingCharges": 1,
              "charges": 1,
              "activeMinionId": null,
              "burnMaxTtl": null,
              "burnLabel": "1/1",
              "creatureBurning": false,
              "isEvolved": false
            },
            {
              "id": "flame_blade",
              "name": "Solar Edge",
              "type": "weapon",
              "remainingCharges": 2,
              "charges": 2,
              "activeMinionId": null,
              "burnMaxTtl": null,
              "burnLabel": "2/2",
              "creatureBurning": false,
              "isEvolved": false
            },
            {
              "id": "dungeon_drake",
              "name": "Vault Wyrm",
              "type": "creature",
              "remainingCharges": 1,
              "charges": 1,
              "activeMinionId": null,
              "burnMaxTtl": null,
              "burnLabel": "1/1",
              "creatureBurning": false,
              "isEvolved": false,
              "specialEffect": "burning_breath"
            },
            {
              "id": "battle_familiar",
              "name": "Signal Familiar",
              "type": "spell",
              "remainingCharges": 1,
              "charges": 1,
              "activeMinionId": null,
              "burnMaxTtl": null,
              "burnLabel": "1/1",
              "creatureBurning": false,
              "isEvolved": false
            },
            null
          ],
          "inventory": [
            {
              "instanceId": "858937ad-77d8-493f-929e-eca880f15ce2",
              "cardId": "iron_sword",
              "grind": 0
            },
            {
              "instanceId": "9b1a3a78-a1f1-4358-8702-c01bbd7fafb0",
              "cardId": "flame_blade",
              "grind": 0
            },
            {
              "instanceId": "a59aae16-dd13-4ca6-b338-f15ae3f38c66",
              "cardId": "battle_familiar",
              "grind": 0
            },
            {
              "instanceId": "b76e583c-2e27-41a6-bf9d-73c3279393b7",
              "cardId": "dungeon_drake",
              "grind": 0
            },
            {
              "instanceId": "7fbd82a8-1729-499f-b059-5f638337dbe6",
              "cardId": "iron_sword",
              "grind": 0
            },
            {
              "instanceId": "2e4eceb6-cb85-4e20-996d-35924deed36c",
              "cardId": "iron_sword",
              "grind": 0
            },
            {
              "instanceId": "c605096b-792b-4438-a8d9-4e452bf9e189",
              "cardId": "iron_sword",
              "grind": 0
            },
            {
              "instanceId": "8a49b31c-c376-4b23-9458-9e1c071f7684",
              "cardId": "battle_familiar",
              "grind": 0
            },
            {
              "instanceId": "5517a94b-abae-433f-9285-c3dcc998c6d9",
              "cardId": "battle_familiar",
              "grind": 0
            },
            {
              "instanceId": "5811b82e-5e93-49b1-8e5e-0442be01c5dd",
              "cardId": "flame_blade",
              "grind": 0
            },
            {
              "instanceId": "3f95b890-1df5-46ad-829a-3166293629e6",
              "cardId": "flame_blade",
              "grind": 0
            },
            {
              "instanceId": "94d5832f-fbf6-4e19-8638-4bb14e979861",
              "cardId": "dungeon_drake",
              "grind": 0
            }
          ],
          "lastEvolutionResult": null
        },
        "keyItemIndicatorOnCooldown": true,
        "keyItemIndicatorText": "\n          \n          Dodge Roll\n          E\n          0.4\n        ",
        "keyItemCooldownRemaining": 393,
        "status": "Latency: 1ms",
        "hasCanvas": true,
        "canvasCount": 2,
        "lobbyVisible": false,
        "cardHandVisible": true,
        "title": "Void Grimoire",
        "bodyText": "👤\nLv\n🔊\n⚙\nPL\nLV\n1\nHP\n90/100\nMS\n50/99\nDeck: 7/12\n⟡ 5\n✦ 1\n🐉 1\n✨ 0\nMoney 0\nLatency: 1ms\nDodge Roll\nE\n0.4\n01\nRewa: Rewa on channel. Move with WASD, close on the opening grunts, and strike with your melee weapon to start the sweep.\nInitiate Vault\nPurged 0 / 6 hostiles\nClick to attack · press 1–6 to cast cards · E for key item\n1\n⚔\nSolar Edge\n650ms wind-up\n2/2\n2\n✦\nSignal Familiar\n50 MS\n1/1\n3\n⚔\nSolar Edge\n650ms wind-up\n2/2\n4\n🔥\nVault Wyrm\nBURNING BREATH\n600ms wind-up\n1/1\n5\n✦\nSignal Familiar\n50 MS\n1/1"
      }
    },
    {
      "player": "A",
      "description": "Final capture probe.",
      "data": {
        "harnessState": {
          "debugScenario": null,
          "debugScenarioAllowed": true,
          "debugScenarioResult": null,
          "debugGodmodeResult": null,
          "debugTimeScale": 1,
          "debugTimeScaleResult": null,
          "debugTimeScaleAllowed": false,
          "objective": {
            "type": "defeat_enemies",
            "totalEnemies": 6,
            "activeEnemyCount": 2,
            "defeatedEnemies": 0,
            "label": "Initiate Vault: Sweep annex holding pens in scripted waves and breach the deeper vault wing."
          },
          "encounter": null,
          "bossEncounter": null,
          "runObjectiveComplete": false,
          "lastRunSummary": null,
          "sortieCompleteOverlayVisible": false,
          "myId": "ae05ee41-b0e4-4e94-9827-68fb2b0024ca",
          "selectedDeck": [
            "858937ad-77d8-493f-929e-eca880f15ce2",
            "9b1a3a78-a1f1-4358-8702-c01bbd7fafb0",
            "a59aae16-dd13-4ca6-b338-f15ae3f38c66",
            "b76e583c-2e27-41a6-bf9d-73c3279393b7",
            "7fbd82a8-1729-499f-b059-5f638337dbe6",
            "2e4eceb6-cb85-4e20-996d-35924deed36c",
            "c605096b-792b-4438-a8d9-4e452bf9e189",
            "8a49b31c-c376-4b23-9458-9e1c071f7684",
            "5517a94b-abae-433f-9285-c3dcc998c6d9",
            "5811b82e-5e93-49b1-8e5e-0442be01c5dd",
            "3f95b890-1df5-46ad-829a-3166293629e6",
            "94d5832f-fbf6-4e19-8638-4bb14e979861"
          ],
          "phase": "playing",
          "runStatus": "playing",
          "suspendedRunSummary": null,
          "extracted": false,
          "telepipe": null,
          "layout": {
            "profile": "crowded",
            "seed": 352369970,
            "roomCount": 10,
            "startRoom": {
              "x": -9,
              "z": 27,
              "role": "start"
            }
          },
          "connectionState": "connected",
          "sceneInitialized": true,
          "hasCanvas": true,
          "lobbyVisible": false,
          "lobbyMenuDismissed": true,
          "characterBoothOpen": false,
          "deckEditorVisible": false,
          "runId": "c5ac08de-f1e6-4e6e-9a9a-4f84bacf6765",
          "resumeBtnUsable": false,
          "abandonRunBtnUsable": false,
          "cardHandVisible": true,
          "status": "Latency: 1ms",
          "hpText": "80/100",
          "msText": "50/99",
          "currencyText": "Money 0",
          "currency": 0,
          "player": {
            "hp": 80,
            "magicStones": 50.46000000000075,
            "currency": 0,
            "debugGodmode": false,
            "dead": false,
            "x": -7.65,
            "y": 0.5,
            "z": 19,
            "equippedKeyItemId": "dodge_roll",
            "keyItemCooldownRemaining": 0,
            "cardUseState": null,
            "cardWindupUntil": 0,
            "cardWindupCardId": null,
            "slowedUntil": 0,
            "burningUntil": 0,
            "slowActive": false,
            "burnActive": false
          },
          "windupFlashing": false,
          "keyItemIndicatorOnCooldown": false,
          "keyItemIndicatorText": "",
          "players": 2,
          "squadmates": [
            {
              "id": "8170e55b-a41e-4f98-910f-bfc4f4f3b773",
              "x": -6,
              "z": 27
            }
          ],
          "enemies": 2,
          "enemyHp": [
            {
              "id": "881449ee-7965-45d9-b5f9-96d306ea9adf",
              "hp": 100,
              "maxHp": 100,
              "type": "grunt",
              "spawnedBy": null,
              "x": -6.061212563999835,
              "z": 23.059014185344928,
              "slowedUntil": 0,
              "burningUntil": 0,
              "frozenUntil": 0,
              "slowActive": false,
              "burnActive": false
            },
            {
              "id": "771a99ce-c5e1-4894-9561-aa23475e6016",
              "hp": 100,
              "maxHp": 100,
              "type": "grunt",
              "spawnedBy": null,
              "x": -7.200016234784886,
              "z": 22.50986957171733,
              "slowedUntil": 0,
              "burningUntil": 0,
              "frozenUntil": 0,
              "slowActive": false,
              "burnActive": false
            }
          ],
          "minions": [],
          "hand": [
            {
              "id": "flame_blade",
              "name": "Solar Edge",
              "type": "weapon",
              "remainingCharges": 2,
              "charges": 2,
              "activeMinionId": null,
              "burnMaxTtl": null,
              "burnLabel": "2/2",
              "creatureBurning": false,
              "isEvolved": false
            },
            {
              "id": "battle_familiar",
              "name": "Signal Familiar",
              "type": "spell",
              "remainingCharges": 1,
              "charges": 1,
              "activeMinionId": null,
              "burnMaxTtl": null,
              "burnLabel": "1/1",
              "creatureBurning": false,
              "isEvolved": false
            },
            {
              "id": "flame_blade",
              "name": "Solar Edge",
              "type": "weapon",
              "remainingCharges": 2,
              "charges": 2,
              "activeMinionId": null,
              "burnMaxTtl": null,
              "burnLabel": "2/2",
              "creatureBurning": false,
              "isEvolved": false
            },
            {
              "id": "dungeon_drake",
              "name": "Vault Wyrm",
              "type": "creature",
              "remainingCharges": 1,
              "charges": 1,
              "activeMinionId": null,
              "burnMaxTtl": null,
              "burnLabel": "1/1",
              "creatureBurning": false,
              "isEvolved": false,
              "specialEffect": "burning_breath"
            },
            {
              "id": "battle_familiar",
              "name": "Signal Familiar",
              "type": "spell",
              "remainingCharges": 1,
              "charges": 1,
              "activeMinionId": null,
              "burnMaxTtl": null,
              "burnLabel": "1/1",
              "creatureBurning": false,
              "isEvolved": false
            },
            null
          ],
          "inventory": [
            {
              "instanceId": "858937ad-77d8-493f-929e-eca880f15ce2",
              "cardId": "iron_sword",
              "grind": 0
            },
            {
              "instanceId": "9b1a3a78-a1f1-4358-8702-c01bbd7fafb0",
              "cardId": "flame_blade",
              "grind": 0
            },
            {
              "instanceId": "a59aae16-dd13-4ca6-b338-f15ae3f38c66",
              "cardId": "battle_familiar",
              "grind": 0
            },
            {
              "instanceId": "b76e583c-2e27-41a6-bf9d-73c3279393b7",
              "cardId": "dungeon_drake",
              "grind": 0
            },
            {
              "instanceId": "7fbd82a8-1729-499f-b059-5f638337dbe6",
              "cardId": "iron_sword",
              "grind": 0
            },
            {
              "instanceId": "2e4eceb6-cb85-4e20-996d-35924deed36c",
              "cardId": "iron_sword",
              "grind": 0
            },
            {
              "instanceId": "c605096b-792b-4438-a8d9-4e452bf9e189",
              "cardId": "iron_sword",
              "grind": 0
            },
            {
              "instanceId": "8a49b31c-c376-4b23-9458-9e1c071f7684",
              "cardId": "battle_familiar",
              "grind": 0
            },
            {
              "instanceId": "5517a94b-abae-433f-9285-c3dcc998c6d9",
              "cardId": "battle_familiar",
              "grind": 0
            },
            {
              "instanceId": "5811b82e-5e93-49b1-8e5e-0442be01c5dd",
              "cardId": "flame_blade",
              "grind": 0
            },
            {
              "instanceId": "3f95b890-1df5-46ad-829a-3166293629e6",
              "cardId": "flame_blade",
              "grind": 0
            },
            {
              "instanceId": "94d5832f-fbf6-4e19-8638-4bb14e979861",
              "cardId": "dungeon_drake",
              "grind": 0
            }
          ],
          "lastEvolutionResult": null
        },
        "keyItemIndicatorOnCooldown": false,
        "keyItemIndicatorText": "\n          \n          Dodge Roll\n          E\n          \n        ",
        "keyItemCooldownRemaining": 0,
        "status": "Latency: 1ms",
        "hasCanvas": true,
        "canvasCount": 2,
        "lobbyVisible": false,
        "cardHandVisible": true,
        "title": "Void Grimoire",
        "bodyText": "👤\nLv\n🔊\n⚙\nPL\nLV\n1\nHP\n80/100\nMS\n50/99\nDeck: 7/12\n⟡ 5\n✦ 1\n🐉 1\n✨ 0\nMoney 0\nLatency: 1ms\nDodge Roll\nE\n01\nRewa: Rewa on channel. Move with WASD, close on the opening grunts, and strike with your melee weapon to start the sweep.\nInitiate Vault\nPurged 0 / 6 hostiles\nClick to attack · press 1–6 to cast cards · E for key item\n1\n⚔\nSolar Edge\n650ms wind-up\n2/2\n2\n✦\nSignal Familiar\n50 MS\n1/1\n3\n⚔\nSolar Edge\n650ms wind-up\n2/2\n4\n🔥\nVault Wyrm\nBURNING BREATH\n600ms wind-up\n1/1\n5\n✦\nSignal Familiar\n50 MS\n1/1\n-10"
      }
    }
  ],
  "pageerrors": []
}
