[createLobby] timeout waiting for #lobby visibility: page.waitForFunction: Timeout 10000ms exceeded.
{
  "url": "http://localhost:5176/",
  "ok": true,
  "ticketFile": "/home/matt/workspace/.autogame-worktrees/server-convert-debugscenarios-js-113-branch-if-chain-to-a-re-7wr7/tickets/server-convert-debugscenarios-js-113-branch-if-chain-to-a-re-7wr7/ticket.md",
  "capturePlanSource": "fallback",
  "capturePlanValid": true,
  "capturePlanAttempts": [],
  "capturePlanSummary": "Deterministic solo Telepipe suspend/resume capture: auth, solo lobby + deploy, telepipe-ready scenario, then in-dungeon / suspended-lobby / resumed-dungeon screenshots with before/after probes around the suspendRunToLobby → restoreRunCheckpoint transition.",
  "scenarios": [
    "telepipe-ready"
  ],
  "screenshots": [
    {
      "file": "01-in-dungeon.png",
      "player": "A",
      "description": "Solo player in the dungeon with a telepipe in hand slot 0, before suspending."
    },
    {
      "file": "02-suspended-lobby.png",
      "player": "A",
      "description": "Lobby after the solo telepipe extraction suspended the run."
    },
    {
      "file": "03-resumed-dungeon.png",
      "player": "A",
      "description": "Resumed dungeon after re-deploying from the suspended lobby."
    }
  ],
  "probes": [
    {
      "player": "A",
      "description": "PRE-SUSPEND state: record player x/z, enemyHp count, and layout (profile + seed) before placing the telepipe. Stashes the live enemy set (id -> hp/type/spawnedBy) as the checkpoint baseline, since the suspended lobby clears live enemies.",
      "data": {
        "harnessState": {
          "debugScenario": null,
          "debugScenarioAllowed": true,
          "debugScenarioResult": {
            "ok": true,
            "scenario": "telepipe-ready"
          },
          "debugGodmodeResult": null,
          "debugTimeScale": 1,
          "debugTimeScaleResult": null,
          "debugTimeScaleAllowed": false,
          "objective": {
            "type": "defeat_enemies",
            "totalEnemies": 6,
            "activeEnemyCount": 2,
            "defeatedEnemies": 0,
            "label": "Initiate Vault: Sweep annex holding pens in scripted waves and breach the deeper vault wing."
          },
          "encounter": null,
          "bossEncounter": null,
          "runObjectiveComplete": false,
          "lastRunSummary": null,
          "sortieCompleteOverlayVisible": false,
          "myId": "6253cc8e-77c3-4b0f-a827-189663e58fd1",
          "selectedDeck": [
            "bdf9b6dd-5262-487a-9a3e-a88a1a5c25d0",
            "2371bd04-13a2-44a2-88fc-f5c21352fa9f",
            "bb41cfd7-295a-4d48-ada3-11aa37cc3d0c",
            "bbfecf08-bb26-4656-9347-e781105e71fd",
            "36b49d2b-aced-4d1b-b388-126eb10955a0",
            "0eedb948-df5f-4e2a-b153-83f6db809369",
            "e2d1d1bc-a31d-450d-89fa-b7e0002082ac",
            "c521c936-a436-4e4e-b54c-70b9c6d467cb",
            "00d19ea9-5035-4e0b-873b-b1919b33569a",
            "e087910a-2069-41fb-9887-4ea296dc626f",
            "0528042c-7a68-4106-9245-e149533f4fa3",
            "86c43758-04ff-44a3-8da2-ba1d698cbb3f"
          ],
          "phase": "playing",
          "runStatus": "playing",
          "suspendedRunSummary": null,
          "extracted": false,
          "telepipe": null,
          "layout": {
            "profile": "crowded",
            "seed": 352369970,
            "roomCount": 10,
            "startRoom": {
              "x": -9,
              "z": 27,
              "role": "start"
            }
          },
          "connectionState": "connected",
          "sceneInitialized": true,
          "hasCanvas": true,
          "lobbyVisible": false,
          "lobbyMenuDismissed": true,
          "characterBoothOpen": false,
          "deckEditorVisible": false,
          "runId": "d7af000d-25ec-476f-80f5-2a8ad994b41b",
          "resumeBtnUsable": false,
          "abandonRunBtnUsable": false,
          "cardHandVisible": true,
          "status": "Latency: 1ms",
          "hpText": "80/100",
          "msText": "99/99",
          "currencyText": "Money 0",
          "currency": 0,
          "player": {
            "hp": 80,
            "magicStones": 99,
            "currency": 0,
            "debugGodmode": false,
            "dead": false,
            "x": -9,
            "y": 0.5,
            "z": 27,
            "equippedKeyItemId": "dodge_roll",
            "keyItemCooldownRemaining": 0,
            "cardUseState": null,
            "cardWindupUntil": 0,
            "cardWindupCardId": null,
            "slowedUntil": 0,
            "burningUntil": 0,
            "slowActive": false,
            "burnActive": false
          },
          "windupFlashing": false,
          "keyItemIndicatorOnCooldown": false,
          "keyItemIndicatorText": "",
          "players": 1,
          "squadmates": [],
          "enemies": 2,
          "enemyHp": [
            {
              "id": "1137bcef-62be-4328-9447-6d92de609a22",
              "hp": 100,
              "maxHp": 100,
              "type": "grunt",
              "spawnedBy": null,
              "x": -9,
              "z": 27,
              "slowedUntil": 0,
              "burningUntil": 0,
              "frozenUntil": 0,
              "slowActive": false,
              "burnActive": false
            },
            {
              "id": "030a3f0a-0f68-4eae-9fa5-0f5d4cfbf2d0",
              "hp": 100,
              "maxHp": 100,
              "type": "grunt",
              "spawnedBy": null,
              "x": -8.866656090365723,
              "z": 28.069192429538816,
              "slowedUntil": 0,
              "burningUntil": 0,
              "frozenUntil": 0,
              "slowActive": false,
              "burnActive": false
            }
          ],
          "minions": [],
          "hand": [
            {
              "id": "telepipe",
              "name": "Telepipe",
              "type": "spell",
              "remainingCharges": 1,
              "charges": 1,
              "activeMinionId": null,
              "burnMaxTtl": null,
              "burnLabel": "1/1",
              "creatureBurning": false,
              "isEvolved": false
            },
            {
              "id": "battle_familiar",
              "name": "Signal Familiar",
              "type": "spell",
              "remainingCharges": 1,
              "charges": 1,
              "activeMinionId": null,
              "burnMaxTtl": null,
              "burnLabel": "1/1",
              "creatureBurning": false,
              "isEvolved": false
            },
            null,
            {
              "id": "iron_sword",
              "name": "Rust-Forged Saber",
              "type": "weapon",
              "remainingCharges": 5,
              "charges": 5,
              "activeMinionId": null,
              "burnMaxTtl": null,
              "burnLabel": "5/5",
              "creatureBurning": false,
              "isEvolved": false
            },
            {
              "id": "iron_sword",
              "name": "Rust-Forged Saber",
              "type": "weapon",
              "remainingCharges": 5,
              "charges": 5,
              "activeMinionId": null,
              "burnMaxTtl": null,
              "burnLabel": "5/5",
              "creatureBurning": false,
              "isEvolved": false
            },
            null
          ],
          "inventory": [
            {
              "instanceId": "bdf9b6dd-5262-487a-9a3e-a88a1a5c25d0",
              "cardId": "iron_sword",
              "grind": 0
            },
            {
              "instanceId": "2371bd04-13a2-44a2-88fc-f5c21352fa9f",
              "cardId": "flame_blade",
              "grind": 0
            },
            {
              "instanceId": "bb41cfd7-295a-4d48-ada3-11aa37cc3d0c",
              "cardId": "battle_familiar",
              "grind": 0
            },
            {
              "instanceId": "bbfecf08-bb26-4656-9347-e781105e71fd",
              "cardId": "dungeon_drake",
              "grind": 0
            },
            {
              "instanceId": "36b49d2b-aced-4d1b-b388-126eb10955a0",
              "cardId": "iron_sword",
              "grind": 0
            },
            {
              "instanceId": "0eedb948-df5f-4e2a-b153-83f6db809369",
              "cardId": "iron_sword",
              "grind": 0
            },
            {
              "instanceId": "e2d1d1bc-a31d-450d-89fa-b7e0002082ac",
              "cardId": "iron_sword",
              "grind": 0
            },
            {
              "instanceId": "c521c936-a436-4e4e-b54c-70b9c6d467cb",
              "cardId": "battle_familiar",
              "grind": 0
            },
            {
              "instanceId": "00d19ea9-5035-4e0b-873b-b1919b33569a",
              "cardId": "battle_familiar",
              "grind": 0
            },
            {
              "instanceId": "e087910a-2069-41fb-9887-4ea296dc626f",
              "cardId": "flame_blade",
              "grind": 0
            },
            {
              "instanceId": "0528042c-7a68-4106-9245-e149533f4fa3",
              "cardId": "flame_blade",
              "grind": 0
            },
            {
              "instanceId": "86c43758-04ff-44a3-8da2-ba1d698cbb3f",
              "cardId": "dungeon_drake",
              "grind": 0
            }
          ],
          "lastEvolutionResult": null
        },
        "keyItemIndicatorOnCooldown": false,
        "keyItemIndicatorText": "\n        \n        Dodge Roll\n        E\n        \n      ",
        "keyItemCooldownRemaining": 0,
        "status": "Latency: 1ms",
        "hasCanvas": true,
        "canvasCount": 2,
        "lobbyVisible": false,
        "cardHandVisible": true,
        "title": "Void Grimoire",
        "bodyText": "👤\nLv\n🔊\n⚙\n62\nLV\n1\nHP\n80/100\nMS\n99/99\nDeck: 8/12\n⟡ 4\n✦ 2\n🐉 2\n✨ 0\nMoney 0\nLatency: 1ms\nDodge Roll\nE\nInitiate Vault\nPurged 0 / 6 hostiles\n01\nRewa: Rewa on channel. Move with WASD, close on the opening grunts, and strike with your melee weapon to start the sweep.\nClick to attack · press 1–6 to cast cards\n1\n⬡\nTelepipe\n1/1\n2\n✦\nSignal Familiar\n50 MS\n1/1\n4\n⚔\nRust-Forged Saber\n5/5\n5\n⚔\nRust-Forged Saber\n5/5\nRewa: Rewa on channel. Move with WASD, close on the opening grunts, and strike with your melee weapon to start the sweep.\nANNEX LIAISON KADE\nEntry annex is live. Close with WASD and strike with your melee weapon — two grunts block the bulkhead."
      }
    },
    {
      "player": "A",
      "description": "SUSPENDED state: record runStatus/suspendedRunSummary (questId, questName, objective totalEnemies/defeatedEnemies) after suspendRunToLobby. Expect runStatus === \"suspended\" or suspendedRunSummary present; abandonRunBtnUsable when sub-ticket 09 lands.",
      "data": {
        "harnessState": {
          "debugScenario": null,
          "debugScenarioAllowed": true,
          "debugScenarioResult": {
            "ok": true,
            "scenario": "telepipe-ready"
          },
          "debugGodmodeResult": null,
          "debugTimeScale": 1,
          "debugTimeScaleResult": null,
          "debugTimeScaleAllowed": false,
          "objective": null,
          "encounter": null,
          "bossEncounter": null,
          "runObjectiveComplete": false,
          "lastRunSummary": null,
          "sortieCompleteOverlayVisible": false,
          "myId": "6253cc8e-77c3-4b0f-a827-189663e58fd1",
          "selectedDeck": [
            "bdf9b6dd-5262-487a-9a3e-a88a1a5c25d0",
            "2371bd04-13a2-44a2-88fc-f5c21352fa9f",
            "bb41cfd7-295a-4d48-ada3-11aa37cc3d0c",
            "bbfecf08-bb26-4656-9347-e781105e71fd",
            "36b49d2b-aced-4d1b-b388-126eb10955a0",
            "0eedb948-df5f-4e2a-b153-83f6db809369",
            "e2d1d1bc-a31d-450d-89fa-b7e0002082ac",
            "c521c936-a436-4e4e-b54c-70b9c6d467cb",
            "00d19ea9-5035-4e0b-873b-b1919b33569a",
            "e087910a-2069-41fb-9887-4ea296dc626f",
            "0528042c-7a68-4106-9245-e149533f4fa3",
            "86c43758-04ff-44a3-8da2-ba1d698cbb3f"
          ],
          "phase": "lobby",
          "runStatus": "suspended",
          "suspendedRunSummary": {
            "questId": "training_caverns",
            "questName": "Initiate Vault",
            "objective": {
              "type": "defeat_enemies",
              "label": "Initiate Vault: Sweep annex holding pens in scripted waves and breach the deeper vault wing.",
              "totalEnemies": 6,
              "defeatedEnemies": 0,
              "activeEnemyCount": 2
            }
          },
          "extracted": false,
          "telepipe": null,
          "layout": {
            "profile": "hub",
            "seed": 352369970,
            "roomCount": 3,
            "startRoom": {
              "x": -20,
              "z": 0,
              "role": "start"
            }
          },
          "connectionState": "connected",
          "sceneInitialized": true,
          "hasCanvas": true,
          "lobbyVisible": true,
          "lobbyMenuDismissed": false,
          "characterBoothOpen": false,
          "deckEditorVisible": false,
          "runId": null,
          "resumeBtnUsable": true,
          "abandonRunBtnUsable": true,
          "cardHandVisible": false,
          "status": "Latency: 1ms",
          "hpText": "60/100",
          "msText": "99/99",
          "currencyText": "Money 0",
          "currency": 0,
          "player": {
            "hp": 60,
            "magicStones": 99,
            "currency": 0,
            "debugGodmode": false,
            "dead": false,
            "x": -20,
            "y": 0.5,
            "z": 0,
            "equippedKeyItemId": "dodge_roll",
            "keyItemCooldownRemaining": 0,
            "cardUseState": null,
            "cardWindupUntil": 0,
            "cardWindupCardId": null,
            "slowedUntil": 0,
            "burningUntil": 0,
            "slowActive": false,
            "burnActive": false
          },
          "windupFlashing": false,
          "keyItemIndicatorOnCooldown": false,
          "keyItemIndicatorText": "",
          "players": 1,
          "squadmates": [],
          "enemies": 0,
          "enemyHp": [],
          "minions": [],
          "hand": [],
          "inventory": [
            {
              "instanceId": "bdf9b6dd-5262-487a-9a3e-a88a1a5c25d0",
              "cardId": "iron_sword",
              "grind": 0
            },
            {
              "instanceId": "2371bd04-13a2-44a2-88fc-f5c21352fa9f",
              "cardId": "flame_blade",
              "grind": 0
            },
            {
              "instanceId": "bb41cfd7-295a-4d48-ada3-11aa37cc3d0c",
              "cardId": "battle_familiar",
              "grind": 0
            },
            {
              "instanceId": "bbfecf08-bb26-4656-9347-e781105e71fd",
              "cardId": "dungeon_drake",
              "grind": 0
            },
            {
              "instanceId": "36b49d2b-aced-4d1b-b388-126eb10955a0",
              "cardId": "iron_sword",
              "grind": 0
            },
            {
              "instanceId": "0eedb948-df5f-4e2a-b153-83f6db809369",
              "cardId": "iron_sword",
              "grind": 0
            },
            {
              "instanceId": "e2d1d1bc-a31d-450d-89fa-b7e0002082ac",
              "cardId": "iron_sword",
              "grind": 0
            },
            {
              "instanceId": "c521c936-a436-4e4e-b54c-70b9c6d467cb",
              "cardId": "battle_familiar",
              "grind": 0
            },
            {
              "instanceId": "00d19ea9-5035-4e0b-873b-b1919b33569a",
              "cardId": "battle_familiar",
              "grind": 0
            },
            {
              "instanceId": "e087910a-2069-41fb-9887-4ea296dc626f",
              "cardId": "flame_blade",
              "grind": 0
            },
            {
              "instanceId": "0528042c-7a68-4106-9245-e149533f4fa3",
              "cardId": "flame_blade",
              "grind": 0
            },
            {
              "instanceId": "86c43758-04ff-44a3-8da2-ba1d698cbb3f",
              "cardId": "dungeon_drake",
              "grind": 0
            }
          ],
          "lastEvolutionResult": null
        },
        "keyItemIndicatorOnCooldown": false,
        "keyItemIndicatorText": "\n        \n        \n        \n        \n      ",
        "keyItemCooldownRemaining": 0,
        "status": "Latency: 1ms",
        "hasCanvas": true,
        "canvasCount": 2,
        "lobbyVisible": true,
        "cardHandVisible": false,
        "title": "Void Grimoire",
        "bodyText": "👤\n🔊\n⚙\n62\nLV\n1\nHP\n60/100\nMoney 0\nLatency: 1ms\nResume expedition — Initiate Vault\nResume sortie\nAbort Sortie\nReturn to Registry\nLobby Connection\n×\nPLAYERS\n6253cc8e-77c3-4b0f-a827-189663e58fd1 — Standby\nPhoton Forge\nCard Economy\nMedic\nKey Items\nINVENTORY\n⚔\nRust-Forged Saber\n⚔\nSolar Edge\n✦\nSignal Familiar\n🐉\nVault Wyrm\n⚔\nRust-Forged Saber\n⚔\nRust-Forged Saber\n⚔\nRust-Forged Saber\n✦\nSignal Familiar\n✦\nSignal Familiar\n⚔\nSolar Edge\n⚔\nSolar Edge\n🐉\nVault Wyrm\nSELECT A CARD\nChoose an inventory card to preview attune bonuses.\nAttune: — Money\nAttune\nSTAT\tCURRENT\tAFTER ATTUNE"
      }
    },
    {
      "player": "A",
      "description": "RESUMED state: assert the run is preserved — same layout seed/profile and enemy set as the pre-suspend probe, and no lingering runStatus === \"suspended\".",
      "data": {
        "harnessState": {
          "debugScenario": null,
          "debugScenarioAllowed": true,
          "debugScenarioResult": {
            "ok": true,
            "scenario": "telepipe-ready"
          },
          "debugGodmodeResult": null,
          "debugTimeScale": 1,
          "debugTimeScaleResult": null,
          "debugTimeScaleAllowed": false,
          "objective": {
            "type": "defeat_enemies",
            "totalEnemies": 6,
            "activeEnemyCount": 2,
            "defeatedEnemies": 0,
            "label": "Initiate Vault: Sweep annex holding pens in scripted waves and breach the deeper vault wing."
          },
          "encounter": null,
          "bossEncounter": null,
          "runObjectiveComplete": false,
          "lastRunSummary": null,
          "sortieCompleteOverlayVisible": false,
          "myId": "6253cc8e-77c3-4b0f-a827-189663e58fd1",
          "selectedDeck": [
            "bdf9b6dd-5262-487a-9a3e-a88a1a5c25d0",
            "2371bd04-13a2-44a2-88fc-f5c21352fa9f",
            "bb41cfd7-295a-4d48-ada3-11aa37cc3d0c",
            "bbfecf08-bb26-4656-9347-e781105e71fd",
            "36b49d2b-aced-4d1b-b388-126eb10955a0",
            "0eedb948-df5f-4e2a-b153-83f6db809369",
            "e2d1d1bc-a31d-450d-89fa-b7e0002082ac",
            "c521c936-a436-4e4e-b54c-70b9c6d467cb",
            "00d19ea9-5035-4e0b-873b-b1919b33569a",
            "e087910a-2069-41fb-9887-4ea296dc626f",
            "0528042c-7a68-4106-9245-e149533f4fa3",
            "86c43758-04ff-44a3-8da2-ba1d698cbb3f"
          ],
          "phase": "playing",
          "runStatus": "playing",
          "suspendedRunSummary": null,
          "extracted": false,
          "telepipe": {
            "x": -9,
            "z": 27,
            "placedBy": "6253cc8e-77c3-4b0f-a827-189663e58fd1",
            "placedAt": 1781142824552
          },
          "layout": {
            "profile": "crowded",
            "seed": 352369970,
            "roomCount": 10,
            "startRoom": {
              "x": -9,
              "z": 27,
              "role": "start"
            }
          },
          "connectionState": "connected",
          "sceneInitialized": true,
          "hasCanvas": true,
          "lobbyVisible": false,
          "lobbyMenuDismissed": false,
          "characterBoothOpen": false,
          "deckEditorVisible": false,
          "runId": "d7af000d-25ec-476f-80f5-2a8ad994b41b",
          "resumeBtnUsable": false,
          "abandonRunBtnUsable": false,
          "cardHandVisible": true,
          "status": "Latency: 0ms",
          "hpText": "40/100",
          "msText": "99/99",
          "currencyText": "Money 0",
          "currency": 0,
          "player": {
            "hp": 40,
            "magicStones": 99,
            "currency": 0,
            "debugGodmode": false,
            "dead": false,
            "x": -6,
            "y": 0.5,
            "z": 27,
            "equippedKeyItemId": "dodge_roll",
            "keyItemCooldownRemaining": 0,
            "cardUseState": null,
            "cardWindupUntil": 0,
            "cardWindupCardId": null,
            "slowedUntil": 0,
            "burningUntil": 0,
            "slowActive": false,
            "burnActive": false
          },
          "windupFlashing": false,
          "keyItemIndicatorOnCooldown": false,
          "keyItemIndicatorText": "",
          "players": 1,
          "squadmates": [],
          "enemies": 2,
          "enemyHp": [
            {
              "id": "1137bcef-62be-4328-9447-6d92de609a22",
              "hp": 100,
              "maxHp": 100,
              "type": "grunt",
              "spawnedBy": null,
              "x": -9,
              "z": 27,
              "slowedUntil": 0,
              "burningUntil": 0,
              "frozenUntil": 0,
              "slowActive": false,
              "burnActive": false
            },
            {
              "id": "030a3f0a-0f68-4eae-9fa5-0f5d4cfbf2d0",
              "hp": 100,
              "maxHp": 100,
              "type": "grunt",
              "spawnedBy": null,
              "x": -8.866656090365723,
              "z": 28.069192429538816,
              "slowedUntil": 0,
              "burningUntil": 0,
              "frozenUntil": 0,
              "slowActive": false,
              "burnActive": false
            }
          ],
          "minions": [],
          "hand": [
            {
              "id": "iron_sword",
              "name": "Rust-Forged Saber",
              "type": "weapon",
              "remainingCharges": 5,
              "charges": 5,
              "activeMinionId": null,
              "burnMaxTtl": null,
              "burnLabel": "5/5",
              "creatureBurning": false,
              "isEvolved": false
            },
            {
              "id": "battle_familiar",
              "name": "Signal Familiar",
              "type": "spell",
              "remainingCharges": 1,
              "charges": 1,
              "activeMinionId": null,
              "burnMaxTtl": null,
              "burnLabel": "1/1",
              "creatureBurning": false,
              "isEvolved": false
            },
            null,
            {
              "id": "iron_sword",
              "name": "Rust-Forged Saber",
              "type": "weapon",
              "remainingCharges": 5,
              "charges": 5,
              "activeMinionId": null,
              "burnMaxTtl": null,
              "burnLabel": "5/5",
              "creatureBurning": false,
              "isEvolved": false
            },
            {
              "id": "iron_sword",
              "name": "Rust-Forged Saber",
              "type": "weapon",
              "remainingCharges": 5,
              "charges": 5,
              "activeMinionId": null,
              "burnMaxTtl": null,
              "burnLabel": "5/5",
              "creatureBurning": false,
              "isEvolved": false
            },
            null
          ],
          "inventory": [
            {
              "instanceId": "bdf9b6dd-5262-487a-9a3e-a88a1a5c25d0",
              "cardId": "iron_sword",
              "grind": 0
            },
            {
              "instanceId": "2371bd04-13a2-44a2-88fc-f5c21352fa9f",
              "cardId": "flame_blade",
              "grind": 0
            },
            {
              "instanceId": "bb41cfd7-295a-4d48-ada3-11aa37cc3d0c",
              "cardId": "battle_familiar",
              "grind": 0
            },
            {
              "instanceId": "bbfecf08-bb26-4656-9347-e781105e71fd",
              "cardId": "dungeon_drake",
              "grind": 0
            },
            {
              "instanceId": "36b49d2b-aced-4d1b-b388-126eb10955a0",
              "cardId": "iron_sword",
              "grind": 0
            },
            {
              "instanceId": "0eedb948-df5f-4e2a-b153-83f6db809369",
              "cardId": "iron_sword",
              "grind": 0
            },
            {
              "instanceId": "e2d1d1bc-a31d-450d-89fa-b7e0002082ac",
              "cardId": "iron_sword",
              "grind": 0
            },
            {
              "instanceId": "c521c936-a436-4e4e-b54c-70b9c6d467cb",
              "cardId": "battle_familiar",
              "grind": 0
            },
            {
              "instanceId": "00d19ea9-5035-4e0b-873b-b1919b33569a",
              "cardId": "battle_familiar",
              "grind": 0
            },
            {
              "instanceId": "e087910a-2069-41fb-9887-4ea296dc626f",
              "cardId": "flame_blade",
              "grind": 0
            },
            {
              "instanceId": "0528042c-7a68-4106-9245-e149533f4fa3",
              "cardId": "flame_blade",
              "grind": 0
            },
            {
              "instanceId": "86c43758-04ff-44a3-8da2-ba1d698cbb3f",
              "cardId": "dungeon_drake",
              "grind": 0
            }
          ],
          "lastEvolutionResult": null
        },
        "keyItemIndicatorOnCooldown": false,
        "keyItemIndicatorText": "\n        \n        Dodge Roll\n        E\n        \n      ",
        "keyItemCooldownRemaining": 0,
        "status": "Latency: 0ms",
        "hasCanvas": true,
        "canvasCount": 2,
        "lobbyVisible": false,
        "cardHandVisible": true,
        "title": "Void Grimoire",
        "bodyText": "👤\nLv\n🔊\n⚙\n62\nLV\n1\nHP\n40/100\nMS\n99/99\nDeck: 7/11\n⟡ 3\n✦ 2\n🐉 2\n✨ 0\nMoney 0\nLatency: 0ms\nDodge Roll\nE\nInitiate Vault\nPurged 0 / 6 hostiles\nClick to attack · press 1–6 to cast cards\n1\n⚔\nRust-Forged Saber\n5/5\n2\n✦\nSignal Familiar\n50 MS\n1/1\n4\n⚔\nRust-Forged Saber\n5/5\n5\n⚔\nRust-Forged Saber\n5/5\n-20"
      }
    },
    {
      "player": "A",
      "description": "VERIFY preservation: compare the resumed enemy set against the pre-suspend baseline and the stashed suspended objective. Records a `preservation` block (preserved/missing/hpChanged ids, added spawner-add enemies, objective echo) and FAILS the capture on any genuine restore mismatch.",
      "data": {
        "preservation": {
          "preSuspendEnemyCount": 2,
          "resumedEnemyCount": 2,
          "originalPreSuspendEnemyCount": 2,
          "preservedIds": 2,
          "missingIds": [],
          "hpChangedIds": [],
          "addedEnemies": [],
          "addedAllSpawnerAdds": true,
          "objective": {
            "type": "defeat_enemies",
            "totalEnemies": 6,
            "activeEnemyCount": 2,
            "defeatedEnemies": 0
          }
        },
        "harnessState": {
          "debugScenario": null,
          "debugScenarioAllowed": true,
          "debugScenarioResult": {
            "ok": true,
            "scenario": "telepipe-ready"
          },
          "debugGodmodeResult": null,
          "debugTimeScale": 1,
          "debugTimeScaleResult": null,
          "debugTimeScaleAllowed": false,
          "objective": {
            "type": "defeat_enemies",
            "totalEnemies": 6,
            "activeEnemyCount": 2,
            "defeatedEnemies": 0,
            "label": "Initiate Vault: Sweep annex holding pens in scripted waves and breach the deeper vault wing."
          },
          "encounter": null,
          "bossEncounter": null,
          "runObjectiveComplete": false,
          "lastRunSummary": null,
          "sortieCompleteOverlayVisible": false,
          "myId": "6253cc8e-77c3-4b0f-a827-189663e58fd1",
          "selectedDeck": [
            "bdf9b6dd-5262-487a-9a3e-a88a1a5c25d0",
            "2371bd04-13a2-44a2-88fc-f5c21352fa9f",
            "bb41cfd7-295a-4d48-ada3-11aa37cc3d0c",
            "bbfecf08-bb26-4656-9347-e781105e71fd",
            "36b49d2b-aced-4d1b-b388-126eb10955a0",
            "0eedb948-df5f-4e2a-b153-83f6db809369",
            "e2d1d1bc-a31d-450d-89fa-b7e0002082ac",
            "c521c936-a436-4e4e-b54c-70b9c6d467cb",
            "00d19ea9-5035-4e0b-873b-b1919b33569a",
            "e087910a-2069-41fb-9887-4ea296dc626f",
            "0528042c-7a68-4106-9245-e149533f4fa3",
            "86c43758-04ff-44a3-8da2-ba1d698cbb3f"
          ],
          "phase": "playing",
          "runStatus": "playing",
          "suspendedRunSummary": null,
          "extracted": false,
          "telepipe": {
            "x": -9,
            "z": 27,
            "placedBy": "6253cc8e-77c3-4b0f-a827-189663e58fd1",
            "placedAt": 1781142824552
          },
          "layout": {
            "profile": "crowded",
            "seed": 352369970,
            "roomCount": 10,
            "startRoom": {
              "x": -9,
              "z": 27,
              "role": "start"
            }
          },
          "connectionState": "connected",
          "sceneInitialized": true,
          "hasCanvas": true,
          "lobbyVisible": false,
          "lobbyMenuDismissed": false,
          "characterBoothOpen": false,
          "deckEditorVisible": false,
          "runId": "d7af000d-25ec-476f-80f5-2a8ad994b41b",
          "resumeBtnUsable": false,
          "abandonRunBtnUsable": false,
          "cardHandVisible": true,
          "status": "Latency: 0ms",
          "hpText": "40/100",
          "msText": "99/99",
          "currencyText": "Money 0",
          "currency": 0,
          "player": {
            "hp": 40,
            "magicStones": 99,
            "currency": 0,
            "debugGodmode": false,
            "dead": false,
            "x": -6,
            "y": 0.5,
            "z": 27,
            "equippedKeyItemId": "dodge_roll",
            "keyItemCooldownRemaining": 0,
            "cardUseState": null,
            "cardWindupUntil": 0,
            "cardWindupCardId": null,
            "slowedUntil": 0,
            "burningUntil": 0,
            "slowActive": false,
            "burnActive": false
          },
          "windupFlashing": false,
          "keyItemIndicatorOnCooldown": false,
          "keyItemIndicatorText": "",
          "players": 1,
          "squadmates": [],
          "enemies": 2,
          "enemyHp": [
            {
              "id": "1137bcef-62be-4328-9447-6d92de609a22",
              "hp": 100,
              "maxHp": 100,
              "type": "grunt",
              "spawnedBy": null,
              "x": -9,
              "z": 27,
              "slowedUntil": 0,
              "burningUntil": 0,
              "frozenUntil": 0,
              "slowActive": false,
              "burnActive": false
            },
            {
              "id": "030a3f0a-0f68-4eae-9fa5-0f5d4cfbf2d0",
              "hp": 100,
              "maxHp": 100,
              "type": "grunt",
              "spawnedBy": null,
              "x": -8.866656090365723,
              "z": 28.069192429538816,
              "slowedUntil": 0,
              "burningUntil": 0,
              "frozenUntil": 0,
              "slowActive": false,
              "burnActive": false
            }
          ],
          "minions": [],
          "hand": [
            {
              "id": "iron_sword",
              "name": "Rust-Forged Saber",
              "type": "weapon",
              "remainingCharges": 5,
              "charges": 5,
              "activeMinionId": null,
              "burnMaxTtl": null,
              "burnLabel": "5/5",
              "creatureBurning": false,
              "isEvolved": false
            },
            {
              "id": "battle_familiar",
              "name": "Signal Familiar",
              "type": "spell",
              "remainingCharges": 1,
              "charges": 1,
              "activeMinionId": null,
              "burnMaxTtl": null,
              "burnLabel": "1/1",
              "creatureBurning": false,
              "isEvolved": false
            },
            null,
            {
              "id": "iron_sword",
              "name": "Rust-Forged Saber",
              "type": "weapon",
              "remainingCharges": 5,
              "charges": 5,
              "activeMinionId": null,
              "burnMaxTtl": null,
              "burnLabel": "5/5",
              "creatureBurning": false,
              "isEvolved": false
            },
            {
              "id": "iron_sword",
              "name": "Rust-Forged Saber",
              "type": "weapon",
              "remainingCharges": 5,
              "charges": 5,
              "activeMinionId": null,
              "burnMaxTtl": null,
              "burnLabel": "5/5",
              "creatureBurning": false,
              "isEvolved": false
            },
            null
          ],
          "inventory": [
            {
              "instanceId": "bdf9b6dd-5262-487a-9a3e-a88a1a5c25d0",
              "cardId": "iron_sword",
              "grind": 0
            },
            {
              "instanceId": "2371bd04-13a2-44a2-88fc-f5c21352fa9f",
              "cardId": "flame_blade",
              "grind": 0
            },
            {
              "instanceId": "bb41cfd7-295a-4d48-ada3-11aa37cc3d0c",
              "cardId": "battle_familiar",
              "grind": 0
            },
            {
              "instanceId": "bbfecf08-bb26-4656-9347-e781105e71fd",
              "cardId": "dungeon_drake",
              "grind": 0
            },
            {
              "instanceId": "36b49d2b-aced-4d1b-b388-126eb10955a0",
              "cardId": "iron_sword",
              "grind": 0
            },
            {
              "instanceId": "0eedb948-df5f-4e2a-b153-83f6db809369",
              "cardId": "iron_sword",
              "grind": 0
            },
            {
              "instanceId": "e2d1d1bc-a31d-450d-89fa-b7e0002082ac",
              "cardId": "iron_sword",
              "grind": 0
            },
            {
              "instanceId": "c521c936-a436-4e4e-b54c-70b9c6d467cb",
              "cardId": "battle_familiar",
              "grind": 0
            },
            {
              "instanceId": "00d19ea9-5035-4e0b-873b-b1919b33569a",
              "cardId": "battle_familiar",
              "grind": 0
            },
            {
              "instanceId": "e087910a-2069-41fb-9887-4ea296dc626f",
              "cardId": "flame_blade",
              "grind": 0
            },
            {
              "instanceId": "0528042c-7a68-4106-9245-e149533f4fa3",
              "cardId": "flame_blade",
              "grind": 0
            },
            {
              "instanceId": "86c43758-04ff-44a3-8da2-ba1d698cbb3f",
              "cardId": "dungeon_drake",
              "grind": 0
            }
          ],
          "lastEvolutionResult": null
        }
      }
    },
    {
      "player": "A",
      "description": "Final capture probe.",
      "data": {
        "harnessState": {
          "debugScenario": null,
          "debugScenarioAllowed": true,
          "debugScenarioResult": {
            "ok": true,
            "scenario": "telepipe-ready"
          },
          "debugGodmodeResult": null,
          "debugTimeScale": 1,
          "debugTimeScaleResult": null,
          "debugTimeScaleAllowed": false,
          "objective": {
            "type": "defeat_enemies",
            "totalEnemies": 6,
            "activeEnemyCount": 2,
            "defeatedEnemies": 0,
            "label": "Initiate Vault: Sweep annex holding pens in scripted waves and breach the deeper vault wing."
          },
          "encounter": null,
          "bossEncounter": null,
          "runObjectiveComplete": false,
          "lastRunSummary": null,
          "sortieCompleteOverlayVisible": false,
          "myId": "6253cc8e-77c3-4b0f-a827-189663e58fd1",
          "selectedDeck": [
            "bdf9b6dd-5262-487a-9a3e-a88a1a5c25d0",
            "2371bd04-13a2-44a2-88fc-f5c21352fa9f",
            "bb41cfd7-295a-4d48-ada3-11aa37cc3d0c",
            "bbfecf08-bb26-4656-9347-e781105e71fd",
            "36b49d2b-aced-4d1b-b388-126eb10955a0",
            "0eedb948-df5f-4e2a-b153-83f6db809369",
            "e2d1d1bc-a31d-450d-89fa-b7e0002082ac",
            "c521c936-a436-4e4e-b54c-70b9c6d467cb",
            "00d19ea9-5035-4e0b-873b-b1919b33569a",
            "e087910a-2069-41fb-9887-4ea296dc626f",
            "0528042c-7a68-4106-9245-e149533f4fa3",
            "86c43758-04ff-44a3-8da2-ba1d698cbb3f"
          ],
          "phase": "playing",
          "runStatus": "playing",
          "suspendedRunSummary": null,
          "extracted": false,
          "telepipe": {
            "x": -9,
            "z": 27,
            "placedBy": "6253cc8e-77c3-4b0f-a827-189663e58fd1",
            "placedAt": 1781142824552
          },
          "layout": {
            "profile": "crowded",
            "seed": 352369970,
            "roomCount": 10,
            "startRoom": {
              "x": -9,
              "z": 27,
              "role": "start"
            }
          },
          "connectionState": "connected",
          "sceneInitialized": true,
          "hasCanvas": true,
          "lobbyVisible": false,
          "lobbyMenuDismissed": false,
          "characterBoothOpen": false,
          "deckEditorVisible": false,
          "runId": "d7af000d-25ec-476f-80f5-2a8ad994b41b",
          "resumeBtnUsable": false,
          "abandonRunBtnUsable": false,
          "cardHandVisible": true,
          "status": "Latency: 0ms",
          "hpText": "40/100",
          "msText": "99/99",
          "currencyText": "Money 0",
          "currency": 0,
          "player": {
            "hp": 40,
            "magicStones": 99,
            "currency": 0,
            "debugGodmode": false,
            "dead": false,
            "x": -6,
            "y": 0.5,
            "z": 27,
            "equippedKeyItemId": "dodge_roll",
            "keyItemCooldownRemaining": 0,
            "cardUseState": null,
            "cardWindupUntil": 0,
            "cardWindupCardId": null,
            "slowedUntil": 0,
            "burningUntil": 0,
            "slowActive": false,
            "burnActive": false
          },
          "windupFlashing": false,
          "keyItemIndicatorOnCooldown": false,
          "keyItemIndicatorText": "",
          "players": 1,
          "squadmates": [],
          "enemies": 2,
          "enemyHp": [
            {
              "id": "1137bcef-62be-4328-9447-6d92de609a22",
              "hp": 100,
              "maxHp": 100,
              "type": "grunt",
              "spawnedBy": null,
              "x": -9,
              "z": 27,
              "slowedUntil": 0,
              "burningUntil": 0,
              "frozenUntil": 0,
              "slowActive": false,
              "burnActive": false
            },
            {
              "id": "030a3f0a-0f68-4eae-9fa5-0f5d4cfbf2d0",
              "hp": 100,
              "maxHp": 100,
              "type": "grunt",
              "spawnedBy": null,
              "x": -8.866656090365723,
              "z": 28.069192429538816,
              "slowedUntil": 0,
              "burningUntil": 0,
              "frozenUntil": 0,
              "slowActive": false,
              "burnActive": false
            }
          ],
          "minions": [],
          "hand": [
            {
              "id": "iron_sword",
              "name": "Rust-Forged Saber",
              "type": "weapon",
              "remainingCharges": 5,
              "charges": 5,
              "activeMinionId": null,
              "burnMaxTtl": null,
              "burnLabel": "5/5",
              "creatureBurning": false,
              "isEvolved": false
            },
            {
              "id": "battle_familiar",
              "name": "Signal Familiar",
              "type": "spell",
              "remainingCharges": 1,
              "charges": 1,
              "activeMinionId": null,
              "burnMaxTtl": null,
              "burnLabel": "1/1",
              "creatureBurning": false,
              "isEvolved": false
            },
            null,
            {
              "id": "iron_sword",
              "name": "Rust-Forged Saber",
              "type": "weapon",
              "remainingCharges": 5,
              "charges": 5,
              "activeMinionId": null,
              "burnMaxTtl": null,
              "burnLabel": "5/5",
              "creatureBurning": false,
              "isEvolved": false
            },
            {
              "id": "iron_sword",
              "name": "Rust-Forged Saber",
              "type": "weapon",
              "remainingCharges": 5,
              "charges": 5,
              "activeMinionId": null,
              "burnMaxTtl": null,
              "burnLabel": "5/5",
              "creatureBurning": false,
              "isEvolved": false
            },
            null
          ],
          "inventory": [
            {
              "instanceId": "bdf9b6dd-5262-487a-9a3e-a88a1a5c25d0",
              "cardId": "iron_sword",
              "grind": 0
            },
            {
              "instanceId": "2371bd04-13a2-44a2-88fc-f5c21352fa9f",
              "cardId": "flame_blade",
              "grind": 0
            },
            {
              "instanceId": "bb41cfd7-295a-4d48-ada3-11aa37cc3d0c",
              "cardId": "battle_familiar",
              "grind": 0
            },
            {
              "instanceId": "bbfecf08-bb26-4656-9347-e781105e71fd",
              "cardId": "dungeon_drake",
              "grind": 0
            },
            {
              "instanceId": "36b49d2b-aced-4d1b-b388-126eb10955a0",
              "cardId": "iron_sword",
              "grind": 0
            },
            {
              "instanceId": "0eedb948-df5f-4e2a-b153-83f6db809369",
              "cardId": "iron_sword",
              "grind": 0
            },
            {
              "instanceId": "e2d1d1bc-a31d-450d-89fa-b7e0002082ac",
              "cardId": "iron_sword",
              "grind": 0
            },
            {
              "instanceId": "c521c936-a436-4e4e-b54c-70b9c6d467cb",
              "cardId": "battle_familiar",
              "grind": 0
            },
            {
              "instanceId": "00d19ea9-5035-4e0b-873b-b1919b33569a",
              "cardId": "battle_familiar",
              "grind": 0
            },
            {
              "instanceId": "e087910a-2069-41fb-9887-4ea296dc626f",
              "cardId": "flame_blade",
              "grind": 0
            },
            {
              "instanceId": "0528042c-7a68-4106-9245-e149533f4fa3",
              "cardId": "flame_blade",
              "grind": 0
            },
            {
              "instanceId": "86c43758-04ff-44a3-8da2-ba1d698cbb3f",
              "cardId": "dungeon_drake",
              "grind": 0
            }
          ],
          "lastEvolutionResult": null
        },
        "keyItemIndicatorOnCooldown": false,
        "keyItemIndicatorText": "\n        \n        Dodge Roll\n        E\n        \n      ",
        "keyItemCooldownRemaining": 0,
        "status": "Latency: 0ms",
        "hasCanvas": true,
        "canvasCount": 2,
        "lobbyVisible": false,
        "cardHandVisible": true,
        "title": "Void Grimoire",
        "bodyText": "👤\nLv\n🔊\n⚙\n62\nLV\n1\nHP\n40/100\nMS\n99/99\nDeck: 7/11\n⟡ 3\n✦ 2\n🐉 2\n✨ 0\nMoney 0\nLatency: 0ms\nDodge Roll\nE\nInitiate Vault\nPurged 0 / 6 hostiles\nClick to attack · press 1–6 to cast cards\n1\n⚔\nRust-Forged Saber\n5/5\n2\n✦\nSignal Familiar\n50 MS\n1/1\n4\n⚔\nRust-Forged Saber\n5/5\n5\n⚔\nRust-Forged Saber\n5/5"
      }
    }
  ],
  "pageerrors": []
}
