{
  "url": "http://localhost:5174/",
  "ok": true,
  "ticketFile": "/home/matt/workspace/.autogame-worktrees/wave-gated-doors-blocking-gates-in-passages-that-unlock-when-o0vv.2/tickets/wave-gated-doors-blocking-gates-in-passages-that-unlock-when-o0vv.2/ticket.md",
  "capturePlanSource": "fallback",
  "capturePlanValid": true,
  "capturePlanAttempts": [],
  "capturePlanSummary": "Deterministic solo Telepipe suspend/resume capture: auth, solo lobby + deploy, telepipe-ready scenario, then in-dungeon / suspended-lobby / resumed-dungeon screenshots with before/after probes around the suspendRunToLobby → restoreRunCheckpoint transition.",
  "scenarios": [
    "telepipe-ready"
  ],
  "screenshots": [
    {
      "file": "01-in-dungeon.png",
      "player": "A",
      "description": "Solo player in the dungeon with a telepipe in hand slot 0, before suspending."
    },
    {
      "file": "02-suspended-lobby.png",
      "player": "A",
      "description": "Lobby after the solo telepipe extraction suspended the run."
    },
    {
      "file": "03-resumed-dungeon.png",
      "player": "A",
      "description": "Resumed dungeon after re-deploying from the suspended lobby."
    }
  ],
  "probes": [
    {
      "player": "A",
      "description": "PRE-SUSPEND state: record player x/z, enemyHp count, and layout (profile + seed) before placing the telepipe. Stashes the live enemy set (id -> hp/type/spawnedBy) as the checkpoint baseline, since the suspended lobby clears live enemies.",
      "data": {
        "harnessState": {
          "debugScenario": null,
          "debugScenarioAllowed": true,
          "debugScenarioResult": {
            "ok": true,
            "scenario": "telepipe-ready"
          },
          "debugGodmodeResult": null,
          "objective": {
            "type": "defeat_enemies",
            "totalEnemies": 6,
            "activeEnemyCount": 2,
            "defeatedEnemies": 0,
            "label": "Initiate Vault: Sweep annex holding pens in scripted waves and breach the deeper vault wing."
          },
          "encounter": null,
          "bossEncounter": null,
          "runObjectiveComplete": false,
          "lastRunSummary": null,
          "sortieCompleteOverlayVisible": false,
          "myId": "722b443e-3b3c-4049-8d05-3655e6c492f8",
          "selectedDeck": [
            "771f27c9-a52e-456d-9080-d70df83a16c0",
            "9dea07f5-3271-4315-a007-e0617724c2d8",
            "90b7d487-c1af-4688-81f7-92feec010c15",
            "9f040682-12f4-4977-9b2c-e66bb6f57720",
            "896f2bcd-7a7c-4c89-ac36-409dcff35621",
            "9924bbbb-85c2-4ab4-863f-f4641b4f9e65",
            "6507fbaa-98c1-4e80-b816-15cac30ee9e0",
            "b9d6f8be-5160-4551-b140-b1ae655426d8",
            "858e0d82-d17d-4e5e-99e3-6e846d701df3",
            "e4a3718b-6890-4cec-a689-a81c9a27dbb9",
            "329b57b4-e132-4be2-9520-c390f8d74da4",
            "8b3e9ef9-8abd-4a7c-b0c3-33d573aa884e"
          ],
          "phase": "playing",
          "runStatus": "playing",
          "suspendedRunSummary": null,
          "extracted": false,
          "telepipe": null,
          "layout": {
            "profile": "crowded",
            "seed": 352369970,
            "roomCount": 10,
            "startRoom": {
              "x": -9,
              "z": 27,
              "role": "start"
            }
          },
          "connectionState": "connected",
          "sceneInitialized": true,
          "hasCanvas": true,
          "lobbyVisible": false,
          "lobbyMenuDismissed": false,
          "characterBoothOpen": false,
          "deckEditorVisible": false,
          "runId": "926810cf-a4db-4a26-8f5a-8d28525bc790",
          "resumeBtnUsable": false,
          "abandonRunBtnUsable": false,
          "cardHandVisible": true,
          "status": "Latency: 1ms",
          "hpText": "80/100",
          "msText": "99/99",
          "currencyText": "Money 0",
          "currency": 0,
          "player": {
            "hp": 80,
            "magicStones": 99,
            "currency": 0,
            "debugGodmode": false,
            "dead": false,
            "x": -9,
            "y": 0.5,
            "z": 27,
            "equippedKeyItemId": "dodge_roll",
            "keyItemCooldownRemaining": 0,
            "cardUseState": null,
            "cardWindupUntil": 0,
            "cardWindupCardId": null,
            "slowedUntil": 0,
            "burningUntil": 0,
            "slowActive": false,
            "burnActive": false
          },
          "windupFlashing": false,
          "keyItemIndicatorOnCooldown": false,
          "keyItemIndicatorText": "",
          "players": 1,
          "squadmates": [],
          "enemies": 2,
          "enemyHp": [
            {
              "id": "7c885801-0748-4d47-8f09-36f88a9921ef",
              "hp": 100,
              "maxHp": 100,
              "type": "grunt",
              "spawnedBy": null,
              "x": -9,
              "z": 27,
              "slowedUntil": 0,
              "burningUntil": 0,
              "frozenUntil": 0,
              "slowActive": false,
              "burnActive": false
            },
            {
              "id": "c2a7cbdc-df6d-47a7-8d80-37eca33b7f84",
              "hp": 100,
              "maxHp": 100,
              "type": "grunt",
              "spawnedBy": null,
              "x": -8.866656090365723,
              "z": 28.069192429538816,
              "slowedUntil": 0,
              "burningUntil": 0,
              "frozenUntil": 0,
              "slowActive": false,
              "burnActive": false
            }
          ],
          "minions": [],
          "hand": [
            {
              "id": "telepipe",
              "name": "Telepipe",
              "type": "spell",
              "remainingCharges": 1,
              "charges": 1,
              "activeMinionId": null,
              "burnMaxTtl": null,
              "burnLabel": "1/1",
              "creatureBurning": false,
              "isEvolved": false
            },
            {
              "id": "iron_sword",
              "name": "Rust-Forged Saber",
              "type": "weapon",
              "remainingCharges": 5,
              "charges": 5,
              "activeMinionId": null,
              "burnMaxTtl": null,
              "burnLabel": "5/5",
              "creatureBurning": false,
              "isEvolved": false
            },
            null,
            {
              "id": "battle_familiar",
              "name": "Signal Familiar",
              "type": "spell",
              "remainingCharges": 1,
              "charges": 1,
              "activeMinionId": null,
              "burnMaxTtl": null,
              "burnLabel": "1/1",
              "creatureBurning": false,
              "isEvolved": false
            },
            {
              "id": "dungeon_drake",
              "name": "Vault Wyrm",
              "type": "creature",
              "remainingCharges": 1,
              "charges": 1,
              "activeMinionId": null,
              "burnMaxTtl": null,
              "burnLabel": "1/1",
              "creatureBurning": false,
              "isEvolved": false,
              "specialEffect": "burning_breath"
            },
            null
          ],
          "inventory": [
            {
              "instanceId": "771f27c9-a52e-456d-9080-d70df83a16c0",
              "cardId": "iron_sword",
              "grind": 0
            },
            {
              "instanceId": "9dea07f5-3271-4315-a007-e0617724c2d8",
              "cardId": "flame_blade",
              "grind": 0
            },
            {
              "instanceId": "90b7d487-c1af-4688-81f7-92feec010c15",
              "cardId": "battle_familiar",
              "grind": 0
            },
            {
              "instanceId": "9f040682-12f4-4977-9b2c-e66bb6f57720",
              "cardId": "dungeon_drake",
              "grind": 0
            },
            {
              "instanceId": "896f2bcd-7a7c-4c89-ac36-409dcff35621",
              "cardId": "iron_sword",
              "grind": 0
            },
            {
              "instanceId": "9924bbbb-85c2-4ab4-863f-f4641b4f9e65",
              "cardId": "iron_sword",
              "grind": 0
            },
            {
              "instanceId": "6507fbaa-98c1-4e80-b816-15cac30ee9e0",
              "cardId": "iron_sword",
              "grind": 0
            },
            {
              "instanceId": "b9d6f8be-5160-4551-b140-b1ae655426d8",
              "cardId": "battle_familiar",
              "grind": 0
            },
            {
              "instanceId": "858e0d82-d17d-4e5e-99e3-6e846d701df3",
              "cardId": "battle_familiar",
              "grind": 0
            },
            {
              "instanceId": "e4a3718b-6890-4cec-a689-a81c9a27dbb9",
              "cardId": "flame_blade",
              "grind": 0
            },
            {
              "instanceId": "329b57b4-e132-4be2-9520-c390f8d74da4",
              "cardId": "flame_blade",
              "grind": 0
            },
            {
              "instanceId": "8b3e9ef9-8abd-4a7c-b0c3-33d573aa884e",
              "cardId": "dungeon_drake",
              "grind": 0
            }
          ],
          "lastEvolutionResult": null
        },
        "keyItemIndicatorOnCooldown": false,
        "keyItemIndicatorText": "",
        "keyItemCooldownRemaining": 0,
        "status": "Latency: 1ms",
        "hasCanvas": true,
        "canvasCount": 2,
        "lobbyVisible": false,
        "cardHandVisible": true,
        "title": "Void Grimoire",
        "bodyText": "👤\nLv\n🔊\n⚙\n72\nLV\n1\nHP\n80/100\nMS\n99/99\nDeck: 8/12\n⟡ 5\n✦ 2\n🐉 1\n✨ 0\nMoney 0\nLatency: 1ms\nInitiate Vault\nPurged 0 / 6 hostiles\nClick to attack · press 1–6 to cast cards\n1\n⬡\nTelepipe\n1/1\n2\n⚔\nRust-Forged Saber\n5/5\n4\n✦\nSignal Familiar\n50 MS\n1/1\n5\n🐉\nVault Wyrm\nBURNING BREATH\n600ms wind-up\n1/1\nANNEX LIAISON KADE\nContract accepted. Sweep the annex — I will mark your progress on the channel."
      }
    },
    {
      "player": "A",
      "description": "SUSPENDED state: record runStatus/suspendedRunSummary (questId, questName, objective totalEnemies/defeatedEnemies) after suspendRunToLobby. Expect runStatus === \"suspended\" or suspendedRunSummary present; abandonRunBtnUsable when sub-ticket 09 lands.",
      "data": {
        "harnessState": {
          "debugScenario": null,
          "debugScenarioAllowed": true,
          "debugScenarioResult": {
            "ok": true,
            "scenario": "telepipe-ready"
          },
          "debugGodmodeResult": null,
          "objective": null,
          "encounter": null,
          "bossEncounter": null,
          "runObjectiveComplete": false,
          "lastRunSummary": null,
          "sortieCompleteOverlayVisible": false,
          "myId": "722b443e-3b3c-4049-8d05-3655e6c492f8",
          "selectedDeck": [
            "771f27c9-a52e-456d-9080-d70df83a16c0",
            "9dea07f5-3271-4315-a007-e0617724c2d8",
            "90b7d487-c1af-4688-81f7-92feec010c15",
            "9f040682-12f4-4977-9b2c-e66bb6f57720",
            "896f2bcd-7a7c-4c89-ac36-409dcff35621",
            "9924bbbb-85c2-4ab4-863f-f4641b4f9e65",
            "6507fbaa-98c1-4e80-b816-15cac30ee9e0",
            "b9d6f8be-5160-4551-b140-b1ae655426d8",
            "858e0d82-d17d-4e5e-99e3-6e846d701df3",
            "e4a3718b-6890-4cec-a689-a81c9a27dbb9",
            "329b57b4-e132-4be2-9520-c390f8d74da4",
            "8b3e9ef9-8abd-4a7c-b0c3-33d573aa884e"
          ],
          "phase": "lobby",
          "runStatus": "suspended",
          "suspendedRunSummary": {
            "questId": "training_caverns",
            "questName": "Initiate Vault",
            "objective": {
              "type": "defeat_enemies",
              "label": "Initiate Vault: Sweep annex holding pens in scripted waves and breach the deeper vault wing.",
              "totalEnemies": 6,
              "defeatedEnemies": 0,
              "activeEnemyCount": 2
            }
          },
          "extracted": false,
          "telepipe": null,
          "layout": {
            "profile": "hub",
            "seed": 352369970,
            "roomCount": 3,
            "startRoom": {
              "x": -20,
              "z": 0,
              "role": "start"
            }
          },
          "connectionState": "connected",
          "sceneInitialized": true,
          "hasCanvas": true,
          "lobbyVisible": true,
          "lobbyMenuDismissed": false,
          "characterBoothOpen": false,
          "deckEditorVisible": false,
          "runId": null,
          "resumeBtnUsable": true,
          "abandonRunBtnUsable": true,
          "cardHandVisible": false,
          "status": "Latency: 1ms",
          "hpText": "60/100",
          "msText": "99/99",
          "currencyText": "Money 0",
          "currency": 0,
          "player": {
            "hp": 60,
            "magicStones": 99,
            "currency": 0,
            "debugGodmode": false,
            "dead": false,
            "x": -20,
            "y": 0.5,
            "z": 0,
            "equippedKeyItemId": "dodge_roll",
            "keyItemCooldownRemaining": 0,
            "cardUseState": null,
            "cardWindupUntil": 0,
            "cardWindupCardId": null,
            "slowedUntil": 0,
            "burningUntil": 0,
            "slowActive": false,
            "burnActive": false
          },
          "windupFlashing": false,
          "keyItemIndicatorOnCooldown": false,
          "keyItemIndicatorText": "",
          "players": 1,
          "squadmates": [],
          "enemies": 0,
          "enemyHp": [],
          "minions": [],
          "hand": [],
          "inventory": [
            {
              "instanceId": "771f27c9-a52e-456d-9080-d70df83a16c0",
              "cardId": "iron_sword",
              "grind": 0
            },
            {
              "instanceId": "9dea07f5-3271-4315-a007-e0617724c2d8",
              "cardId": "flame_blade",
              "grind": 0
            },
            {
              "instanceId": "90b7d487-c1af-4688-81f7-92feec010c15",
              "cardId": "battle_familiar",
              "grind": 0
            },
            {
              "instanceId": "9f040682-12f4-4977-9b2c-e66bb6f57720",
              "cardId": "dungeon_drake",
              "grind": 0
            },
            {
              "instanceId": "896f2bcd-7a7c-4c89-ac36-409dcff35621",
              "cardId": "iron_sword",
              "grind": 0
            },
            {
              "instanceId": "9924bbbb-85c2-4ab4-863f-f4641b4f9e65",
              "cardId": "iron_sword",
              "grind": 0
            },
            {
              "instanceId": "6507fbaa-98c1-4e80-b816-15cac30ee9e0",
              "cardId": "iron_sword",
              "grind": 0
            },
            {
              "instanceId": "b9d6f8be-5160-4551-b140-b1ae655426d8",
              "cardId": "battle_familiar",
              "grind": 0
            },
            {
              "instanceId": "858e0d82-d17d-4e5e-99e3-6e846d701df3",
              "cardId": "battle_familiar",
              "grind": 0
            },
            {
              "instanceId": "e4a3718b-6890-4cec-a689-a81c9a27dbb9",
              "cardId": "flame_blade",
              "grind": 0
            },
            {
              "instanceId": "329b57b4-e132-4be2-9520-c390f8d74da4",
              "cardId": "flame_blade",
              "grind": 0
            },
            {
              "instanceId": "8b3e9ef9-8abd-4a7c-b0c3-33d573aa884e",
              "cardId": "dungeon_drake",
              "grind": 0
            }
          ],
          "lastEvolutionResult": null
        },
        "keyItemIndicatorOnCooldown": false,
        "keyItemIndicatorText": "",
        "keyItemCooldownRemaining": 0,
        "status": "Latency: 1ms",
        "hasCanvas": true,
        "canvasCount": 2,
        "lobbyVisible": true,
        "cardHandVisible": false,
        "title": "Void Grimoire",
        "bodyText": "👤\n🔊\n⚙\n72\nLV\n1\nHP\n60/100\nMoney 0\nLatency: 1ms\nResume expedition — Initiate Vault\nResume sortie\nAbort Sortie\nReturn to Registry\nLobby Connection\n×\nPLAYERS\n722b443e-3b3c-4049-8d05-3655e6c492f8 — Standby\nPhoton Forge\nCard Economy\nMedic\nKey Items\nINVENTORY\n⚔\nRust-Forged Saber\n⚔\nSolar Edge\n✦\nSignal Familiar\n🐉\nVault Wyrm\n⚔\nRust-Forged Saber\n⚔\nRust-Forged Saber\n⚔\nRust-Forged Saber\n✦\nSignal Familiar\n✦\nSignal Familiar\n⚔\nSolar Edge\n⚔\nSolar Edge\n🐉\nVault Wyrm\nSELECT A CARD\nChoose an inventory card to preview attune bonuses.\nAttune: — Money\nAttune\nSTAT\tCURRENT\tAFTER ATTUNE"
      }
    },
    {
      "player": "A",
      "description": "RESUMED state: assert the run is preserved — same layout seed/profile and enemy set as the pre-suspend probe, and no lingering runStatus === \"suspended\".",
      "data": {
        "harnessState": {
          "debugScenario": null,
          "debugScenarioAllowed": true,
          "debugScenarioResult": {
            "ok": true,
            "scenario": "telepipe-ready"
          },
          "debugGodmodeResult": null,
          "objective": {
            "type": "defeat_enemies",
            "totalEnemies": 6,
            "activeEnemyCount": 2,
            "defeatedEnemies": 0,
            "label": "Initiate Vault: Sweep annex holding pens in scripted waves and breach the deeper vault wing."
          },
          "encounter": null,
          "bossEncounter": null,
          "runObjectiveComplete": false,
          "lastRunSummary": null,
          "sortieCompleteOverlayVisible": false,
          "myId": "722b443e-3b3c-4049-8d05-3655e6c492f8",
          "selectedDeck": [
            "771f27c9-a52e-456d-9080-d70df83a16c0",
            "9dea07f5-3271-4315-a007-e0617724c2d8",
            "90b7d487-c1af-4688-81f7-92feec010c15",
            "9f040682-12f4-4977-9b2c-e66bb6f57720",
            "896f2bcd-7a7c-4c89-ac36-409dcff35621",
            "9924bbbb-85c2-4ab4-863f-f4641b4f9e65",
            "6507fbaa-98c1-4e80-b816-15cac30ee9e0",
            "b9d6f8be-5160-4551-b140-b1ae655426d8",
            "858e0d82-d17d-4e5e-99e3-6e846d701df3",
            "e4a3718b-6890-4cec-a689-a81c9a27dbb9",
            "329b57b4-e132-4be2-9520-c390f8d74da4",
            "8b3e9ef9-8abd-4a7c-b0c3-33d573aa884e"
          ],
          "phase": "playing",
          "runStatus": "playing",
          "suspendedRunSummary": null,
          "extracted": false,
          "telepipe": {
            "x": -9,
            "z": 27,
            "placedBy": "722b443e-3b3c-4049-8d05-3655e6c492f8",
            "placedAt": 1781096565784
          },
          "layout": {
            "profile": "crowded",
            "seed": 352369970,
            "roomCount": 10,
            "startRoom": {
              "x": -9,
              "z": 27,
              "role": "start"
            }
          },
          "connectionState": "connected",
          "sceneInitialized": true,
          "hasCanvas": true,
          "lobbyVisible": false,
          "lobbyMenuDismissed": false,
          "characterBoothOpen": false,
          "deckEditorVisible": false,
          "runId": "926810cf-a4db-4a26-8f5a-8d28525bc790",
          "resumeBtnUsable": false,
          "abandonRunBtnUsable": false,
          "cardHandVisible": true,
          "status": "Latency: 0ms",
          "hpText": "40/100",
          "msText": "99/99",
          "currencyText": "Money 0",
          "currency": 0,
          "player": {
            "hp": 40,
            "magicStones": 99,
            "currency": 0,
            "debugGodmode": false,
            "dead": false,
            "x": -6,
            "y": 0.5,
            "z": 27,
            "equippedKeyItemId": "dodge_roll",
            "keyItemCooldownRemaining": 0,
            "cardUseState": null,
            "cardWindupUntil": 0,
            "cardWindupCardId": null,
            "slowedUntil": 0,
            "burningUntil": 0,
            "slowActive": false,
            "burnActive": false
          },
          "windupFlashing": false,
          "keyItemIndicatorOnCooldown": false,
          "keyItemIndicatorText": "",
          "players": 1,
          "squadmates": [],
          "enemies": 2,
          "enemyHp": [
            {
              "id": "7c885801-0748-4d47-8f09-36f88a9921ef",
              "hp": 100,
              "maxHp": 100,
              "type": "grunt",
              "spawnedBy": null,
              "x": -9,
              "z": 27,
              "slowedUntil": 0,
              "burningUntil": 0,
              "frozenUntil": 0,
              "slowActive": false,
              "burnActive": false
            },
            {
              "id": "c2a7cbdc-df6d-47a7-8d80-37eca33b7f84",
              "hp": 100,
              "maxHp": 100,
              "type": "grunt",
              "spawnedBy": null,
              "x": -8.866656090365723,
              "z": 28.069192429538816,
              "slowedUntil": 0,
              "burningUntil": 0,
              "frozenUntil": 0,
              "slowActive": false,
              "burnActive": false
            }
          ],
          "minions": [],
          "hand": [
            {
              "id": "iron_sword",
              "name": "Rust-Forged Saber",
              "type": "weapon",
              "remainingCharges": 5,
              "charges": 5,
              "activeMinionId": null,
              "burnMaxTtl": null,
              "burnLabel": "5/5",
              "creatureBurning": false,
              "isEvolved": false
            },
            {
              "id": "iron_sword",
              "name": "Rust-Forged Saber",
              "type": "weapon",
              "remainingCharges": 5,
              "charges": 5,
              "activeMinionId": null,
              "burnMaxTtl": null,
              "burnLabel": "5/5",
              "creatureBurning": false,
              "isEvolved": false
            },
            null,
            {
              "id": "battle_familiar",
              "name": "Signal Familiar",
              "type": "spell",
              "remainingCharges": 1,
              "charges": 1,
              "activeMinionId": null,
              "burnMaxTtl": null,
              "burnLabel": "1/1",
              "creatureBurning": false,
              "isEvolved": false
            },
            {
              "id": "dungeon_drake",
              "name": "Vault Wyrm",
              "type": "creature",
              "remainingCharges": 1,
              "charges": 1,
              "activeMinionId": null,
              "burnMaxTtl": null,
              "burnLabel": "1/1",
              "creatureBurning": false,
              "isEvolved": false,
              "specialEffect": "burning_breath"
            },
            null
          ],
          "inventory": [
            {
              "instanceId": "771f27c9-a52e-456d-9080-d70df83a16c0",
              "cardId": "iron_sword",
              "grind": 0
            },
            {
              "instanceId": "9dea07f5-3271-4315-a007-e0617724c2d8",
              "cardId": "flame_blade",
              "grind": 0
            },
            {
              "instanceId": "90b7d487-c1af-4688-81f7-92feec010c15",
              "cardId": "battle_familiar",
              "grind": 0
            },
            {
              "instanceId": "9f040682-12f4-4977-9b2c-e66bb6f57720",
              "cardId": "dungeon_drake",
              "grind": 0
            },
            {
              "instanceId": "896f2bcd-7a7c-4c89-ac36-409dcff35621",
              "cardId": "iron_sword",
              "grind": 0
            },
            {
              "instanceId": "9924bbbb-85c2-4ab4-863f-f4641b4f9e65",
              "cardId": "iron_sword",
              "grind": 0
            },
            {
              "instanceId": "6507fbaa-98c1-4e80-b816-15cac30ee9e0",
              "cardId": "iron_sword",
              "grind": 0
            },
            {
              "instanceId": "b9d6f8be-5160-4551-b140-b1ae655426d8",
              "cardId": "battle_familiar",
              "grind": 0
            },
            {
              "instanceId": "858e0d82-d17d-4e5e-99e3-6e846d701df3",
              "cardId": "battle_familiar",
              "grind": 0
            },
            {
              "instanceId": "e4a3718b-6890-4cec-a689-a81c9a27dbb9",
              "cardId": "flame_blade",
              "grind": 0
            },
            {
              "instanceId": "329b57b4-e132-4be2-9520-c390f8d74da4",
              "cardId": "flame_blade",
              "grind": 0
            },
            {
              "instanceId": "8b3e9ef9-8abd-4a7c-b0c3-33d573aa884e",
              "cardId": "dungeon_drake",
              "grind": 0
            }
          ],
          "lastEvolutionResult": null
        },
        "keyItemIndicatorOnCooldown": false,
        "keyItemIndicatorText": "",
        "keyItemCooldownRemaining": 0,
        "status": "Latency: 0ms",
        "hasCanvas": true,
        "canvasCount": 2,
        "lobbyVisible": false,
        "cardHandVisible": true,
        "title": "Void Grimoire",
        "bodyText": "👤\nLv\n🔊\n⚙\n72\nLV\n1\nHP\n40/100\nMS\n99/99\nDeck: 7/11\n⟡ 4\n✦ 2\n🐉 1\n✨ 0\nMoney 0\nLatency: 0ms\nInitiate Vault\nPurged 0 / 6 hostiles\nClick to attack · press 1–6 to cast cards\n1\n⚔\nRust-Forged Saber\n5/5\n2\n⚔\nRust-Forged Saber\n5/5\n4\n✦\nSignal Familiar\n50 MS\n1/1\n5\n🐉\nVault Wyrm\nBURNING BREATH\n600ms wind-up\n1/1\n-20"
      }
    },
    {
      "player": "A",
      "description": "VERIFY preservation: compare the resumed enemy set against the pre-suspend baseline and the stashed suspended objective. Records a `preservation` block (preserved/missing/hpChanged ids, added spawner-add enemies, objective echo) and FAILS the capture on any genuine restore mismatch.",
      "data": {
        "preservation": {
          "preSuspendEnemyCount": 2,
          "resumedEnemyCount": 2,
          "originalPreSuspendEnemyCount": 2,
          "preservedIds": 2,
          "missingIds": [],
          "hpChangedIds": [],
          "addedEnemies": [],
          "addedAllSpawnerAdds": true,
          "objective": {
            "type": "defeat_enemies",
            "totalEnemies": 6,
            "activeEnemyCount": 2,
            "defeatedEnemies": 0
          }
        },
        "harnessState": {
          "debugScenario": null,
          "debugScenarioAllowed": true,
          "debugScenarioResult": {
            "ok": true,
            "scenario": "telepipe-ready"
          },
          "debugGodmodeResult": null,
          "objective": {
            "type": "defeat_enemies",
            "totalEnemies": 6,
            "activeEnemyCount": 2,
            "defeatedEnemies": 0,
            "label": "Initiate Vault: Sweep annex holding pens in scripted waves and breach the deeper vault wing."
          },
          "encounter": null,
          "bossEncounter": null,
          "runObjectiveComplete": false,
          "lastRunSummary": null,
          "sortieCompleteOverlayVisible": false,
          "myId": "722b443e-3b3c-4049-8d05-3655e6c492f8",
          "selectedDeck": [
            "771f27c9-a52e-456d-9080-d70df83a16c0",
            "9dea07f5-3271-4315-a007-e0617724c2d8",
            "90b7d487-c1af-4688-81f7-92feec010c15",
            "9f040682-12f4-4977-9b2c-e66bb6f57720",
            "896f2bcd-7a7c-4c89-ac36-409dcff35621",
            "9924bbbb-85c2-4ab4-863f-f4641b4f9e65",
            "6507fbaa-98c1-4e80-b816-15cac30ee9e0",
            "b9d6f8be-5160-4551-b140-b1ae655426d8",
            "858e0d82-d17d-4e5e-99e3-6e846d701df3",
            "e4a3718b-6890-4cec-a689-a81c9a27dbb9",
            "329b57b4-e132-4be2-9520-c390f8d74da4",
            "8b3e9ef9-8abd-4a7c-b0c3-33d573aa884e"
          ],
          "phase": "playing",
          "runStatus": "playing",
          "suspendedRunSummary": null,
          "extracted": false,
          "telepipe": {
            "x": -9,
            "z": 27,
            "placedBy": "722b443e-3b3c-4049-8d05-3655e6c492f8",
            "placedAt": 1781096565784
          },
          "layout": {
            "profile": "crowded",
            "seed": 352369970,
            "roomCount": 10,
            "startRoom": {
              "x": -9,
              "z": 27,
              "role": "start"
            }
          },
          "connectionState": "connected",
          "sceneInitialized": true,
          "hasCanvas": true,
          "lobbyVisible": false,
          "lobbyMenuDismissed": false,
          "characterBoothOpen": false,
          "deckEditorVisible": false,
          "runId": "926810cf-a4db-4a26-8f5a-8d28525bc790",
          "resumeBtnUsable": false,
          "abandonRunBtnUsable": false,
          "cardHandVisible": true,
          "status": "Latency: 0ms",
          "hpText": "40/100",
          "msText": "99/99",
          "currencyText": "Money 0",
          "currency": 0,
          "player": {
            "hp": 40,
            "magicStones": 99,
            "currency": 0,
            "debugGodmode": false,
            "dead": false,
            "x": -6,
            "y": 0.5,
            "z": 27,
            "equippedKeyItemId": "dodge_roll",
            "keyItemCooldownRemaining": 0,
            "cardUseState": null,
            "cardWindupUntil": 0,
            "cardWindupCardId": null,
            "slowedUntil": 0,
            "burningUntil": 0,
            "slowActive": false,
            "burnActive": false
          },
          "windupFlashing": false,
          "keyItemIndicatorOnCooldown": false,
          "keyItemIndicatorText": "",
          "players": 1,
          "squadmates": [],
          "enemies": 2,
          "enemyHp": [
            {
              "id": "7c885801-0748-4d47-8f09-36f88a9921ef",
              "hp": 100,
              "maxHp": 100,
              "type": "grunt",
              "spawnedBy": null,
              "x": -9,
              "z": 27,
              "slowedUntil": 0,
              "burningUntil": 0,
              "frozenUntil": 0,
              "slowActive": false,
              "burnActive": false
            },
            {
              "id": "c2a7cbdc-df6d-47a7-8d80-37eca33b7f84",
              "hp": 100,
              "maxHp": 100,
              "type": "grunt",
              "spawnedBy": null,
              "x": -8.866656090365723,
              "z": 28.069192429538816,
              "slowedUntil": 0,
              "burningUntil": 0,
              "frozenUntil": 0,
              "slowActive": false,
              "burnActive": false
            }
          ],
          "minions": [],
          "hand": [
            {
              "id": "iron_sword",
              "name": "Rust-Forged Saber",
              "type": "weapon",
              "remainingCharges": 5,
              "charges": 5,
              "activeMinionId": null,
              "burnMaxTtl": null,
              "burnLabel": "5/5",
              "creatureBurning": false,
              "isEvolved": false
            },
            {
              "id": "iron_sword",
              "name": "Rust-Forged Saber",
              "type": "weapon",
              "remainingCharges": 5,
              "charges": 5,
              "activeMinionId": null,
              "burnMaxTtl": null,
              "burnLabel": "5/5",
              "creatureBurning": false,
              "isEvolved": false
            },
            null,
            {
              "id": "battle_familiar",
              "name": "Signal Familiar",
              "type": "spell",
              "remainingCharges": 1,
              "charges": 1,
              "activeMinionId": null,
              "burnMaxTtl": null,
              "burnLabel": "1/1",
              "creatureBurning": false,
              "isEvolved": false
            },
            {
              "id": "dungeon_drake",
              "name": "Vault Wyrm",
              "type": "creature",
              "remainingCharges": 1,
              "charges": 1,
              "activeMinionId": null,
              "burnMaxTtl": null,
              "burnLabel": "1/1",
              "creatureBurning": false,
              "isEvolved": false,
              "specialEffect": "burning_breath"
            },
            null
          ],
          "inventory": [
            {
              "instanceId": "771f27c9-a52e-456d-9080-d70df83a16c0",
              "cardId": "iron_sword",
              "grind": 0
            },
            {
              "instanceId": "9dea07f5-3271-4315-a007-e0617724c2d8",
              "cardId": "flame_blade",
              "grind": 0
            },
            {
              "instanceId": "90b7d487-c1af-4688-81f7-92feec010c15",
              "cardId": "battle_familiar",
              "grind": 0
            },
            {
              "instanceId": "9f040682-12f4-4977-9b2c-e66bb6f57720",
              "cardId": "dungeon_drake",
              "grind": 0
            },
            {
              "instanceId": "896f2bcd-7a7c-4c89-ac36-409dcff35621",
              "cardId": "iron_sword",
              "grind": 0
            },
            {
              "instanceId": "9924bbbb-85c2-4ab4-863f-f4641b4f9e65",
              "cardId": "iron_sword",
              "grind": 0
            },
            {
              "instanceId": "6507fbaa-98c1-4e80-b816-15cac30ee9e0",
              "cardId": "iron_sword",
              "grind": 0
            },
            {
              "instanceId": "b9d6f8be-5160-4551-b140-b1ae655426d8",
              "cardId": "battle_familiar",
              "grind": 0
            },
            {
              "instanceId": "858e0d82-d17d-4e5e-99e3-6e846d701df3",
              "cardId": "battle_familiar",
              "grind": 0
            },
            {
              "instanceId": "e4a3718b-6890-4cec-a689-a81c9a27dbb9",
              "cardId": "flame_blade",
              "grind": 0
            },
            {
              "instanceId": "329b57b4-e132-4be2-9520-c390f8d74da4",
              "cardId": "flame_blade",
              "grind": 0
            },
            {
              "instanceId": "8b3e9ef9-8abd-4a7c-b0c3-33d573aa884e",
              "cardId": "dungeon_drake",
              "grind": 0
            }
          ],
          "lastEvolutionResult": null
        }
      }
    },
    {
      "player": "A",
      "description": "Final capture probe.",
      "data": {
        "harnessState": {
          "debugScenario": null,
          "debugScenarioAllowed": true,
          "debugScenarioResult": {
            "ok": true,
            "scenario": "telepipe-ready"
          },
          "debugGodmodeResult": null,
          "objective": {
            "type": "defeat_enemies",
            "totalEnemies": 6,
            "activeEnemyCount": 2,
            "defeatedEnemies": 0,
            "label": "Initiate Vault: Sweep annex holding pens in scripted waves and breach the deeper vault wing."
          },
          "encounter": null,
          "bossEncounter": null,
          "runObjectiveComplete": false,
          "lastRunSummary": null,
          "sortieCompleteOverlayVisible": false,
          "myId": "722b443e-3b3c-4049-8d05-3655e6c492f8",
          "selectedDeck": [
            "771f27c9-a52e-456d-9080-d70df83a16c0",
            "9dea07f5-3271-4315-a007-e0617724c2d8",
            "90b7d487-c1af-4688-81f7-92feec010c15",
            "9f040682-12f4-4977-9b2c-e66bb6f57720",
            "896f2bcd-7a7c-4c89-ac36-409dcff35621",
            "9924bbbb-85c2-4ab4-863f-f4641b4f9e65",
            "6507fbaa-98c1-4e80-b816-15cac30ee9e0",
            "b9d6f8be-5160-4551-b140-b1ae655426d8",
            "858e0d82-d17d-4e5e-99e3-6e846d701df3",
            "e4a3718b-6890-4cec-a689-a81c9a27dbb9",
            "329b57b4-e132-4be2-9520-c390f8d74da4",
            "8b3e9ef9-8abd-4a7c-b0c3-33d573aa884e"
          ],
          "phase": "playing",
          "runStatus": "playing",
          "suspendedRunSummary": null,
          "extracted": false,
          "telepipe": {
            "x": -9,
            "z": 27,
            "placedBy": "722b443e-3b3c-4049-8d05-3655e6c492f8",
            "placedAt": 1781096565784
          },
          "layout": {
            "profile": "crowded",
            "seed": 352369970,
            "roomCount": 10,
            "startRoom": {
              "x": -9,
              "z": 27,
              "role": "start"
            }
          },
          "connectionState": "connected",
          "sceneInitialized": true,
          "hasCanvas": true,
          "lobbyVisible": false,
          "lobbyMenuDismissed": false,
          "characterBoothOpen": false,
          "deckEditorVisible": false,
          "runId": "926810cf-a4db-4a26-8f5a-8d28525bc790",
          "resumeBtnUsable": false,
          "abandonRunBtnUsable": false,
          "cardHandVisible": true,
          "status": "Latency: 0ms",
          "hpText": "40/100",
          "msText": "99/99",
          "currencyText": "Money 0",
          "currency": 0,
          "player": {
            "hp": 40,
            "magicStones": 99,
            "currency": 0,
            "debugGodmode": false,
            "dead": false,
            "x": -6,
            "y": 0.5,
            "z": 27,
            "equippedKeyItemId": "dodge_roll",
            "keyItemCooldownRemaining": 0,
            "cardUseState": null,
            "cardWindupUntil": 0,
            "cardWindupCardId": null,
            "slowedUntil": 0,
            "burningUntil": 0,
            "slowActive": false,
            "burnActive": false
          },
          "windupFlashing": false,
          "keyItemIndicatorOnCooldown": false,
          "keyItemIndicatorText": "",
          "players": 1,
          "squadmates": [],
          "enemies": 2,
          "enemyHp": [
            {
              "id": "7c885801-0748-4d47-8f09-36f88a9921ef",
              "hp": 100,
              "maxHp": 100,
              "type": "grunt",
              "spawnedBy": null,
              "x": -9,
              "z": 27,
              "slowedUntil": 0,
              "burningUntil": 0,
              "frozenUntil": 0,
              "slowActive": false,
              "burnActive": false
            },
            {
              "id": "c2a7cbdc-df6d-47a7-8d80-37eca33b7f84",
              "hp": 100,
              "maxHp": 100,
              "type": "grunt",
              "spawnedBy": null,
              "x": -8.866656090365723,
              "z": 28.069192429538816,
              "slowedUntil": 0,
              "burningUntil": 0,
              "frozenUntil": 0,
              "slowActive": false,
              "burnActive": false
            }
          ],
          "minions": [],
          "hand": [
            {
              "id": "iron_sword",
              "name": "Rust-Forged Saber",
              "type": "weapon",
              "remainingCharges": 5,
              "charges": 5,
              "activeMinionId": null,
              "burnMaxTtl": null,
              "burnLabel": "5/5",
              "creatureBurning": false,
              "isEvolved": false
            },
            {
              "id": "iron_sword",
              "name": "Rust-Forged Saber",
              "type": "weapon",
              "remainingCharges": 5,
              "charges": 5,
              "activeMinionId": null,
              "burnMaxTtl": null,
              "burnLabel": "5/5",
              "creatureBurning": false,
              "isEvolved": false
            },
            null,
            {
              "id": "battle_familiar",
              "name": "Signal Familiar",
              "type": "spell",
              "remainingCharges": 1,
              "charges": 1,
              "activeMinionId": null,
              "burnMaxTtl": null,
              "burnLabel": "1/1",
              "creatureBurning": false,
              "isEvolved": false
            },
            {
              "id": "dungeon_drake",
              "name": "Vault Wyrm",
              "type": "creature",
              "remainingCharges": 1,
              "charges": 1,
              "activeMinionId": null,
              "burnMaxTtl": null,
              "burnLabel": "1/1",
              "creatureBurning": false,
              "isEvolved": false,
              "specialEffect": "burning_breath"
            },
            null
          ],
          "inventory": [
            {
              "instanceId": "771f27c9-a52e-456d-9080-d70df83a16c0",
              "cardId": "iron_sword",
              "grind": 0
            },
            {
              "instanceId": "9dea07f5-3271-4315-a007-e0617724c2d8",
              "cardId": "flame_blade",
              "grind": 0
            },
            {
              "instanceId": "90b7d487-c1af-4688-81f7-92feec010c15",
              "cardId": "battle_familiar",
              "grind": 0
            },
            {
              "instanceId": "9f040682-12f4-4977-9b2c-e66bb6f57720",
              "cardId": "dungeon_drake",
              "grind": 0
            },
            {
              "instanceId": "896f2bcd-7a7c-4c89-ac36-409dcff35621",
              "cardId": "iron_sword",
              "grind": 0
            },
            {
              "instanceId": "9924bbbb-85c2-4ab4-863f-f4641b4f9e65",
              "cardId": "iron_sword",
              "grind": 0
            },
            {
              "instanceId": "6507fbaa-98c1-4e80-b816-15cac30ee9e0",
              "cardId": "iron_sword",
              "grind": 0
            },
            {
              "instanceId": "b9d6f8be-5160-4551-b140-b1ae655426d8",
              "cardId": "battle_familiar",
              "grind": 0
            },
            {
              "instanceId": "858e0d82-d17d-4e5e-99e3-6e846d701df3",
              "cardId": "battle_familiar",
              "grind": 0
            },
            {
              "instanceId": "e4a3718b-6890-4cec-a689-a81c9a27dbb9",
              "cardId": "flame_blade",
              "grind": 0
            },
            {
              "instanceId": "329b57b4-e132-4be2-9520-c390f8d74da4",
              "cardId": "flame_blade",
              "grind": 0
            },
            {
              "instanceId": "8b3e9ef9-8abd-4a7c-b0c3-33d573aa884e",
              "cardId": "dungeon_drake",
              "grind": 0
            }
          ],
          "lastEvolutionResult": null
        },
        "keyItemIndicatorOnCooldown": false,
        "keyItemIndicatorText": "",
        "keyItemCooldownRemaining": 0,
        "status": "Latency: 0ms",
        "hasCanvas": true,
        "canvasCount": 2,
        "lobbyVisible": false,
        "cardHandVisible": true,
        "title": "Void Grimoire",
        "bodyText": "👤\nLv\n🔊\n⚙\n72\nLV\n1\nHP\n40/100\nMS\n99/99\nDeck: 7/11\n⟡ 4\n✦ 2\n🐉 1\n✨ 0\nMoney 0\nLatency: 0ms\nInitiate Vault\nPurged 0 / 6 hostiles\nClick to attack · press 1–6 to cast cards\n1\n⚔\nRust-Forged Saber\n5/5\n2\n⚔\nRust-Forged Saber\n5/5\n4\n✦\nSignal Familiar\n50 MS\n1/1\n5\n🐉\nVault Wyrm\nBURNING BREATH\n600ms wind-up\n1/1\n-20"
      }
    }
  ],
  "pageerrors": []
}
