[createLobby] timeout waiting for #lobby visibility: page.waitForFunction: Timeout 10000ms exceeded.
[joinLobby] timeout waiting for #lobby visibility: page.waitForFunction: Timeout 10000ms exceeded.
{
  "url": "http://localhost:5177/",
  "ok": true,
  "ticketFile": "/home/matt/workspace/.autogame-worktrees/388-level-map-unlock-graph-data-api/tickets/388-level-map-unlock-graph-data-api/ticket.md",
  "capturePlanSource": "fallback",
  "capturePlanValid": true,
  "capturePlanAttempts": [],
  "capturePlanSummary": "Deterministic full-flow smoke capture: auth, lobby create/join, ready transition, movement, dodge/key-item with post-dodge cooldown probe.",
  "scenarios": [],
  "screenshots": [
    {
      "file": "01-initial.png",
      "player": "A",
      "description": "Both players in squad lobby."
    },
    {
      "file": "02-after-w.png",
      "player": "A",
      "description": "Gameplay after holding W."
    },
    {
      "file": "03-after-d.png",
      "player": "A",
      "description": "Gameplay after holding D."
    },
    {
      "file": "04-after-dodge.png",
      "player": "A",
      "description": "Gameplay after dodge roll with cooldown HUD."
    }
  ],
  "probes": [
    {
      "player": "A",
      "description": "After readying all players and entering gameplay.",
      "data": {
        "harnessState": {
          "debugScenario": null,
          "debugScenarioAllowed": true,
          "debugScenarioResult": null,
          "debugGodmodeResult": null,
          "objective": {
            "type": "defeat_enemies",
            "totalEnemies": 6,
            "activeEnemyCount": 2,
            "defeatedEnemies": 0,
            "label": "Initiate Vault: Sweep annex holding pens in scripted waves and breach the deeper vault wing."
          },
          "encounter": null,
          "bossEncounter": null,
          "runObjectiveComplete": false,
          "lastRunSummary": null,
          "sortieCompleteOverlayVisible": false,
          "myId": "847cb275-162d-48a0-9b18-08b253a5a2db",
          "selectedDeck": [
            "28e4ecd8-ef19-4a0f-b7b4-011384172c18",
            "26974e0b-60a7-44a9-910e-22b6a8520859",
            "9e124691-ef5f-4b7e-96fd-c05c3e6af72f",
            "df0e9435-9a87-48a2-be69-a3ceb5f2b0c3",
            "fc685353-a572-4ad7-b042-bd4b4db7b371",
            "31744b7a-7c3e-437c-a4c0-e564489d970b",
            "e97c420f-3589-4e10-a43d-8990e94ea0ba",
            "c0db846d-3dd5-41cb-9fda-b91c4d9c3794",
            "3e5b9589-3444-4cbd-820c-61bfd2d76004",
            "b215b22f-33ed-41f4-aa09-688798e078da",
            "7dc83c6f-cc22-4fca-8b04-8c07e04edf23",
            "31a9f4c4-dbfc-4c09-b155-fd264041fded"
          ],
          "phase": "playing",
          "runStatus": "playing",
          "suspendedRunSummary": null,
          "extracted": false,
          "telepipe": null,
          "layout": {
            "profile": "crowded",
            "seed": 352369970,
            "roomCount": 10,
            "startRoom": {
              "x": -9,
              "z": 27,
              "role": "start"
            }
          },
          "connectionState": "connected",
          "sceneInitialized": true,
          "hasCanvas": true,
          "lobbyVisible": false,
          "lobbyMenuDismissed": true,
          "characterBoothOpen": false,
          "deckEditorVisible": false,
          "runId": "649556be-b51f-421d-bee3-625971b95911",
          "resumeBtnUsable": false,
          "abandonRunBtnUsable": false,
          "cardHandVisible": true,
          "status": "Latency: 1ms",
          "hpText": "100/100",
          "msText": "49/99",
          "currencyText": "Money 0",
          "currency": 0,
          "player": {
            "hp": 100,
            "magicStones": 49.070000000000036,
            "currency": 0,
            "debugGodmode": false,
            "dead": false,
            "x": -9,
            "y": 0.5,
            "z": 27,
            "equippedKeyItemId": "dodge_roll",
            "keyItemCooldownRemaining": 0,
            "cardUseState": null,
            "cardWindupUntil": 0,
            "cardWindupCardId": null,
            "slowedUntil": 0,
            "burningUntil": 0,
            "slowActive": false,
            "burnActive": false
          },
          "windupFlashing": false,
          "keyItemIndicatorOnCooldown": false,
          "keyItemIndicatorText": "",
          "players": 2,
          "squadmates": [
            {
              "id": "45994db5-d850-440c-a46e-3503bb646745",
              "x": -6,
              "z": 27
            }
          ],
          "enemies": 2,
          "enemyHp": [
            {
              "id": "403136d6-d03c-4066-972f-6090ae0a4089",
              "hp": 100,
              "maxHp": 100,
              "type": "grunt",
              "spawnedBy": null,
              "x": -9,
              "z": 27,
              "slowedUntil": 0,
              "burningUntil": 0,
              "frozenUntil": 0,
              "slowActive": false,
              "burnActive": false
            },
            {
              "id": "62839922-7996-4a3d-a85a-52e249d64844",
              "hp": 100,
              "maxHp": 100,
              "type": "grunt",
              "spawnedBy": null,
              "x": -8.866656090365723,
              "z": 28.069192429538816,
              "slowedUntil": 0,
              "burningUntil": 0,
              "frozenUntil": 0,
              "slowActive": false,
              "burnActive": false
            }
          ],
          "minions": [],
          "hand": [
            {
              "id": "dungeon_drake",
              "name": "Vault Wyrm",
              "type": "creature",
              "remainingCharges": 1,
              "charges": 1,
              "activeMinionId": null,
              "burnMaxTtl": null,
              "burnLabel": "1/1",
              "creatureBurning": false,
              "isEvolved": false,
              "specialEffect": "burning_breath"
            },
            {
              "id": "dungeon_drake",
              "name": "Vault Wyrm",
              "type": "creature",
              "remainingCharges": 1,
              "charges": 1,
              "activeMinionId": null,
              "burnMaxTtl": null,
              "burnLabel": "1/1",
              "creatureBurning": false,
              "isEvolved": false,
              "specialEffect": "burning_breath"
            },
            null,
            {
              "id": "flame_blade",
              "name": "Solar Edge",
              "type": "weapon",
              "remainingCharges": 2,
              "charges": 2,
              "activeMinionId": null,
              "burnMaxTtl": null,
              "burnLabel": "2/2",
              "creatureBurning": false,
              "isEvolved": false
            },
            {
              "id": "flame_blade",
              "name": "Solar Edge",
              "type": "weapon",
              "remainingCharges": 2,
              "charges": 2,
              "activeMinionId": null,
              "burnMaxTtl": null,
              "burnLabel": "2/2",
              "creatureBurning": false,
              "isEvolved": false
            },
            null
          ],
          "inventory": [
            {
              "instanceId": "28e4ecd8-ef19-4a0f-b7b4-011384172c18",
              "cardId": "iron_sword",
              "grind": 0
            },
            {
              "instanceId": "26974e0b-60a7-44a9-910e-22b6a8520859",
              "cardId": "flame_blade",
              "grind": 0
            },
            {
              "instanceId": "9e124691-ef5f-4b7e-96fd-c05c3e6af72f",
              "cardId": "battle_familiar",
              "grind": 0
            },
            {
              "instanceId": "df0e9435-9a87-48a2-be69-a3ceb5f2b0c3",
              "cardId": "dungeon_drake",
              "grind": 0
            },
            {
              "instanceId": "fc685353-a572-4ad7-b042-bd4b4db7b371",
              "cardId": "iron_sword",
              "grind": 0
            },
            {
              "instanceId": "31744b7a-7c3e-437c-a4c0-e564489d970b",
              "cardId": "iron_sword",
              "grind": 0
            },
            {
              "instanceId": "e97c420f-3589-4e10-a43d-8990e94ea0ba",
              "cardId": "iron_sword",
              "grind": 0
            },
            {
              "instanceId": "c0db846d-3dd5-41cb-9fda-b91c4d9c3794",
              "cardId": "battle_familiar",
              "grind": 0
            },
            {
              "instanceId": "3e5b9589-3444-4cbd-820c-61bfd2d76004",
              "cardId": "battle_familiar",
              "grind": 0
            },
            {
              "instanceId": "b215b22f-33ed-41f4-aa09-688798e078da",
              "cardId": "flame_blade",
              "grind": 0
            },
            {
              "instanceId": "7dc83c6f-cc22-4fca-8b04-8c07e04edf23",
              "cardId": "flame_blade",
              "grind": 0
            },
            {
              "instanceId": "31a9f4c4-dbfc-4c09-b155-fd264041fded",
              "cardId": "dungeon_drake",
              "grind": 0
            }
          ],
          "lastEvolutionResult": null
        },
        "keyItemIndicatorOnCooldown": false,
        "keyItemIndicatorText": "\n        \n        Dodge Roll\n        E\n        \n      ",
        "keyItemCooldownRemaining": 0,
        "status": "Latency: 1ms",
        "hasCanvas": true,
        "canvasCount": 2,
        "lobbyVisible": false,
        "cardHandVisible": true,
        "title": "Void Grimoire",
        "bodyText": "👤\nLv\n🔊\n⚙\n84\nLV\n1\nHP\n100/100\nMS\n49/99\nDeck: 8/12\n⟡ 5\n✦ 3\n🐉 0\n✨ 0\nMoney 0\nLatency: 1ms\nDodge Roll\nE\nInitiate Vault\nPurged 0 / 6 hostiles\n01\nRewa: Rewa on channel. Move with WASD, close on the opening grunts, and strike with your melee weapon to start the sweep.\nClick to attack · press 1–6 to cast cards\n1\n🐉\nVault Wyrm\nBURNING BREATH\n600ms wind-up\n1/1\n2\n🐉\nVault Wyrm\nBURNING BREATH\n600ms wind-up\n1/1\n4\n⚔\nSolar Edge\n650ms wind-up\n2/2\n5\n⚔\nSolar Edge\n650ms wind-up\n2/2\nRewa: Rewa on channel. Move with WASD, close on the opening grunts, and strike with your melee weapon to start the sweep.\nANNEX LIAISON KADE\nEntry annex is live. Close with WASD and strike with your melee weapon — two grunts block the bulkhead."
      }
    },
    {
      "player": "A",
      "description": "After dodge roll — cooldown HUD should be active.",
      "data": {
        "harnessState": {
          "debugScenario": null,
          "debugScenarioAllowed": true,
          "debugScenarioResult": null,
          "debugGodmodeResult": null,
          "objective": {
            "type": "defeat_enemies",
            "totalEnemies": 6,
            "activeEnemyCount": 2,
            "defeatedEnemies": 0,
            "label": "Initiate Vault: Sweep annex holding pens in scripted waves and breach the deeper vault wing."
          },
          "encounter": null,
          "bossEncounter": null,
          "runObjectiveComplete": false,
          "lastRunSummary": null,
          "sortieCompleteOverlayVisible": false,
          "myId": "847cb275-162d-48a0-9b18-08b253a5a2db",
          "selectedDeck": [
            "28e4ecd8-ef19-4a0f-b7b4-011384172c18",
            "26974e0b-60a7-44a9-910e-22b6a8520859",
            "9e124691-ef5f-4b7e-96fd-c05c3e6af72f",
            "df0e9435-9a87-48a2-be69-a3ceb5f2b0c3",
            "fc685353-a572-4ad7-b042-bd4b4db7b371",
            "31744b7a-7c3e-437c-a4c0-e564489d970b",
            "e97c420f-3589-4e10-a43d-8990e94ea0ba",
            "c0db846d-3dd5-41cb-9fda-b91c4d9c3794",
            "3e5b9589-3444-4cbd-820c-61bfd2d76004",
            "b215b22f-33ed-41f4-aa09-688798e078da",
            "7dc83c6f-cc22-4fca-8b04-8c07e04edf23",
            "31a9f4c4-dbfc-4c09-b155-fd264041fded"
          ],
          "phase": "playing",
          "runStatus": "playing",
          "suspendedRunSummary": null,
          "extracted": false,
          "telepipe": null,
          "layout": {
            "profile": "crowded",
            "seed": 352369970,
            "roomCount": 10,
            "startRoom": {
              "x": -9,
              "z": 27,
              "role": "start"
            }
          },
          "connectionState": "connected",
          "sceneInitialized": true,
          "hasCanvas": true,
          "lobbyVisible": false,
          "lobbyMenuDismissed": true,
          "characterBoothOpen": false,
          "deckEditorVisible": false,
          "runId": "649556be-b51f-421d-bee3-625971b95911",
          "resumeBtnUsable": false,
          "abandonRunBtnUsable": false,
          "cardHandVisible": true,
          "status": "Latency: 0ms",
          "hpText": "80/100",
          "msText": "49/99",
          "currencyText": "Money 0",
          "currency": 0,
          "player": {
            "hp": 80,
            "magicStones": 49.5800000000003,
            "currency": 0,
            "debugGodmode": false,
            "dead": false,
            "x": -7.65,
            "y": 0.5,
            "z": 19,
            "equippedKeyItemId": "dodge_roll",
            "keyItemCooldownRemaining": 373,
            "cardUseState": null,
            "cardWindupUntil": 0,
            "cardWindupCardId": null,
            "slowedUntil": 0,
            "burningUntil": 0,
            "slowActive": false,
            "burnActive": false
          },
          "windupFlashing": false,
          "keyItemIndicatorOnCooldown": true,
          "keyItemIndicatorText": "0.4",
          "players": 2,
          "squadmates": [
            {
              "id": "45994db5-d850-440c-a46e-3503bb646745",
              "x": -6,
              "z": 27
            }
          ],
          "enemies": 2,
          "enemyHp": [
            {
              "id": "403136d6-d03c-4066-972f-6090ae0a4089",
              "hp": 100,
              "maxHp": 100,
              "type": "grunt",
              "spawnedBy": null,
              "x": -9,
              "z": 27,
              "slowedUntil": 0,
              "burningUntil": 0,
              "frozenUntil": 0,
              "slowActive": false,
              "burnActive": false
            },
            {
              "id": "62839922-7996-4a3d-a85a-52e249d64844",
              "hp": 100,
              "maxHp": 100,
              "type": "grunt",
              "spawnedBy": null,
              "x": -8.866656090365723,
              "z": 28.069192429538816,
              "slowedUntil": 0,
              "burningUntil": 0,
              "frozenUntil": 0,
              "slowActive": false,
              "burnActive": false
            }
          ],
          "minions": [],
          "hand": [
            {
              "id": "dungeon_drake",
              "name": "Vault Wyrm",
              "type": "creature",
              "remainingCharges": 1,
              "charges": 1,
              "activeMinionId": null,
              "burnMaxTtl": null,
              "burnLabel": "1/1",
              "creatureBurning": false,
              "isEvolved": false,
              "specialEffect": "burning_breath"
            },
            {
              "id": "dungeon_drake",
              "name": "Vault Wyrm",
              "type": "creature",
              "remainingCharges": 1,
              "charges": 1,
              "activeMinionId": null,
              "burnMaxTtl": null,
              "burnLabel": "1/1",
              "creatureBurning": false,
              "isEvolved": false,
              "specialEffect": "burning_breath"
            },
            {
              "id": "flame_blade",
              "name": "Solar Edge",
              "type": "weapon",
              "remainingCharges": 2,
              "charges": 2,
              "activeMinionId": null,
              "burnMaxTtl": null,
              "burnLabel": "2/2",
              "creatureBurning": false,
              "isEvolved": false
            },
            {
              "id": "flame_blade",
              "name": "Solar Edge",
              "type": "weapon",
              "remainingCharges": 2,
              "charges": 2,
              "activeMinionId": null,
              "burnMaxTtl": null,
              "burnLabel": "2/2",
              "creatureBurning": false,
              "isEvolved": false
            },
            {
              "id": "flame_blade",
              "name": "Solar Edge",
              "type": "weapon",
              "remainingCharges": 2,
              "charges": 2,
              "activeMinionId": null,
              "burnMaxTtl": null,
              "burnLabel": "2/2",
              "creatureBurning": false,
              "isEvolved": false
            },
            null
          ],
          "inventory": [
            {
              "instanceId": "28e4ecd8-ef19-4a0f-b7b4-011384172c18",
              "cardId": "iron_sword",
              "grind": 0
            },
            {
              "instanceId": "26974e0b-60a7-44a9-910e-22b6a8520859",
              "cardId": "flame_blade",
              "grind": 0
            },
            {
              "instanceId": "9e124691-ef5f-4b7e-96fd-c05c3e6af72f",
              "cardId": "battle_familiar",
              "grind": 0
            },
            {
              "instanceId": "df0e9435-9a87-48a2-be69-a3ceb5f2b0c3",
              "cardId": "dungeon_drake",
              "grind": 0
            },
            {
              "instanceId": "fc685353-a572-4ad7-b042-bd4b4db7b371",
              "cardId": "iron_sword",
              "grind": 0
            },
            {
              "instanceId": "31744b7a-7c3e-437c-a4c0-e564489d970b",
              "cardId": "iron_sword",
              "grind": 0
            },
            {
              "instanceId": "e97c420f-3589-4e10-a43d-8990e94ea0ba",
              "cardId": "iron_sword",
              "grind": 0
            },
            {
              "instanceId": "c0db846d-3dd5-41cb-9fda-b91c4d9c3794",
              "cardId": "battle_familiar",
              "grind": 0
            },
            {
              "instanceId": "3e5b9589-3444-4cbd-820c-61bfd2d76004",
              "cardId": "battle_familiar",
              "grind": 0
            },
            {
              "instanceId": "b215b22f-33ed-41f4-aa09-688798e078da",
              "cardId": "flame_blade",
              "grind": 0
            },
            {
              "instanceId": "7dc83c6f-cc22-4fca-8b04-8c07e04edf23",
              "cardId": "flame_blade",
              "grind": 0
            },
            {
              "instanceId": "31a9f4c4-dbfc-4c09-b155-fd264041fded",
              "cardId": "dungeon_drake",
              "grind": 0
            }
          ],
          "lastEvolutionResult": null
        },
        "keyItemIndicatorOnCooldown": true,
        "keyItemIndicatorText": "\n        \n        Dodge Roll\n        E\n        0.4\n      ",
        "keyItemCooldownRemaining": 373,
        "status": "Latency: 0ms",
        "hasCanvas": true,
        "canvasCount": 2,
        "lobbyVisible": false,
        "cardHandVisible": true,
        "title": "Void Grimoire",
        "bodyText": "👤\nLv\n🔊\n⚙\n84\nLV\n1\nHP\n80/100\nMS\n49/99\nDeck: 7/12\n⟡ 4\n✦ 3\n🐉 0\n✨ 0\nMoney 0\nLatency: 0ms\nDodge Roll\nE\n0.4\nInitiate Vault\nPurged 0 / 6 hostiles\n01\nRewa: Rewa on channel. Move with WASD, close on the opening grunts, and strike with your melee weapon to start the sweep.\nClick to attack · press 1–6 to cast cards\n1\n🐉\nVault Wyrm\nBURNING BREATH\n600ms wind-up\n1/1\n2\n🐉\nVault Wyrm\nBURNING BREATH\n600ms wind-up\n1/1\n3\n⚔\nSolar Edge\n650ms wind-up\n2/2\n4\n⚔\nSolar Edge\n650ms wind-up\n2/2\n5\n⚔\nSolar Edge\n650ms wind-up\n2/2"
      }
    },
    {
      "player": "A",
      "description": "Final capture probe.",
      "data": {
        "harnessState": {
          "debugScenario": null,
          "debugScenarioAllowed": true,
          "debugScenarioResult": null,
          "debugGodmodeResult": null,
          "objective": {
            "type": "defeat_enemies",
            "totalEnemies": 6,
            "activeEnemyCount": 2,
            "defeatedEnemies": 0,
            "label": "Initiate Vault: Sweep annex holding pens in scripted waves and breach the deeper vault wing."
          },
          "encounter": null,
          "bossEncounter": null,
          "runObjectiveComplete": false,
          "lastRunSummary": null,
          "sortieCompleteOverlayVisible": false,
          "myId": "847cb275-162d-48a0-9b18-08b253a5a2db",
          "selectedDeck": [
            "28e4ecd8-ef19-4a0f-b7b4-011384172c18",
            "26974e0b-60a7-44a9-910e-22b6a8520859",
            "9e124691-ef5f-4b7e-96fd-c05c3e6af72f",
            "df0e9435-9a87-48a2-be69-a3ceb5f2b0c3",
            "fc685353-a572-4ad7-b042-bd4b4db7b371",
            "31744b7a-7c3e-437c-a4c0-e564489d970b",
            "e97c420f-3589-4e10-a43d-8990e94ea0ba",
            "c0db846d-3dd5-41cb-9fda-b91c4d9c3794",
            "3e5b9589-3444-4cbd-820c-61bfd2d76004",
            "b215b22f-33ed-41f4-aa09-688798e078da",
            "7dc83c6f-cc22-4fca-8b04-8c07e04edf23",
            "31a9f4c4-dbfc-4c09-b155-fd264041fded"
          ],
          "phase": "playing",
          "runStatus": "playing",
          "suspendedRunSummary": null,
          "extracted": false,
          "telepipe": null,
          "layout": {
            "profile": "crowded",
            "seed": 352369970,
            "roomCount": 10,
            "startRoom": {
              "x": -9,
              "z": 27,
              "role": "start"
            }
          },
          "connectionState": "connected",
          "sceneInitialized": true,
          "hasCanvas": true,
          "lobbyVisible": false,
          "lobbyMenuDismissed": true,
          "characterBoothOpen": false,
          "deckEditorVisible": false,
          "runId": "649556be-b51f-421d-bee3-625971b95911",
          "resumeBtnUsable": false,
          "abandonRunBtnUsable": false,
          "cardHandVisible": true,
          "status": "Latency: 0ms",
          "hpText": "80/100",
          "msText": "49/99",
          "currencyText": "Money 0",
          "currency": 0,
          "player": {
            "hp": 80,
            "magicStones": 49.62000000000032,
            "currency": 0,
            "debugGodmode": false,
            "dead": false,
            "x": -7.65,
            "y": 0.5,
            "z": 19,
            "equippedKeyItemId": "dodge_roll",
            "keyItemCooldownRemaining": 0,
            "cardUseState": null,
            "cardWindupUntil": 0,
            "cardWindupCardId": null,
            "slowedUntil": 0,
            "burningUntil": 0,
            "slowActive": false,
            "burnActive": false
          },
          "windupFlashing": false,
          "keyItemIndicatorOnCooldown": false,
          "keyItemIndicatorText": "",
          "players": 2,
          "squadmates": [
            {
              "id": "45994db5-d850-440c-a46e-3503bb646745",
              "x": -6,
              "z": 27
            }
          ],
          "enemies": 2,
          "enemyHp": [
            {
              "id": "403136d6-d03c-4066-972f-6090ae0a4089",
              "hp": 100,
              "maxHp": 100,
              "type": "grunt",
              "spawnedBy": null,
              "x": -9,
              "z": 27,
              "slowedUntil": 0,
              "burningUntil": 0,
              "frozenUntil": 0,
              "slowActive": false,
              "burnActive": false
            },
            {
              "id": "62839922-7996-4a3d-a85a-52e249d64844",
              "hp": 100,
              "maxHp": 100,
              "type": "grunt",
              "spawnedBy": null,
              "x": -8.866656090365723,
              "z": 28.069192429538816,
              "slowedUntil": 0,
              "burningUntil": 0,
              "frozenUntil": 0,
              "slowActive": false,
              "burnActive": false
            }
          ],
          "minions": [],
          "hand": [
            {
              "id": "dungeon_drake",
              "name": "Vault Wyrm",
              "type": "creature",
              "remainingCharges": 1,
              "charges": 1,
              "activeMinionId": null,
              "burnMaxTtl": null,
              "burnLabel": "1/1",
              "creatureBurning": false,
              "isEvolved": false,
              "specialEffect": "burning_breath"
            },
            {
              "id": "dungeon_drake",
              "name": "Vault Wyrm",
              "type": "creature",
              "remainingCharges": 1,
              "charges": 1,
              "activeMinionId": null,
              "burnMaxTtl": null,
              "burnLabel": "1/1",
              "creatureBurning": false,
              "isEvolved": false,
              "specialEffect": "burning_breath"
            },
            {
              "id": "flame_blade",
              "name": "Solar Edge",
              "type": "weapon",
              "remainingCharges": 2,
              "charges": 2,
              "activeMinionId": null,
              "burnMaxTtl": null,
              "burnLabel": "2/2",
              "creatureBurning": false,
              "isEvolved": false
            },
            {
              "id": "flame_blade",
              "name": "Solar Edge",
              "type": "weapon",
              "remainingCharges": 2,
              "charges": 2,
              "activeMinionId": null,
              "burnMaxTtl": null,
              "burnLabel": "2/2",
              "creatureBurning": false,
              "isEvolved": false
            },
            {
              "id": "flame_blade",
              "name": "Solar Edge",
              "type": "weapon",
              "remainingCharges": 2,
              "charges": 2,
              "activeMinionId": null,
              "burnMaxTtl": null,
              "burnLabel": "2/2",
              "creatureBurning": false,
              "isEvolved": false
            },
            null
          ],
          "inventory": [
            {
              "instanceId": "28e4ecd8-ef19-4a0f-b7b4-011384172c18",
              "cardId": "iron_sword",
              "grind": 0
            },
            {
              "instanceId": "26974e0b-60a7-44a9-910e-22b6a8520859",
              "cardId": "flame_blade",
              "grind": 0
            },
            {
              "instanceId": "9e124691-ef5f-4b7e-96fd-c05c3e6af72f",
              "cardId": "battle_familiar",
              "grind": 0
            },
            {
              "instanceId": "df0e9435-9a87-48a2-be69-a3ceb5f2b0c3",
              "cardId": "dungeon_drake",
              "grind": 0
            },
            {
              "instanceId": "fc685353-a572-4ad7-b042-bd4b4db7b371",
              "cardId": "iron_sword",
              "grind": 0
            },
            {
              "instanceId": "31744b7a-7c3e-437c-a4c0-e564489d970b",
              "cardId": "iron_sword",
              "grind": 0
            },
            {
              "instanceId": "e97c420f-3589-4e10-a43d-8990e94ea0ba",
              "cardId": "iron_sword",
              "grind": 0
            },
            {
              "instanceId": "c0db846d-3dd5-41cb-9fda-b91c4d9c3794",
              "cardId": "battle_familiar",
              "grind": 0
            },
            {
              "instanceId": "3e5b9589-3444-4cbd-820c-61bfd2d76004",
              "cardId": "battle_familiar",
              "grind": 0
            },
            {
              "instanceId": "b215b22f-33ed-41f4-aa09-688798e078da",
              "cardId": "flame_blade",
              "grind": 0
            },
            {
              "instanceId": "7dc83c6f-cc22-4fca-8b04-8c07e04edf23",
              "cardId": "flame_blade",
              "grind": 0
            },
            {
              "instanceId": "31a9f4c4-dbfc-4c09-b155-fd264041fded",
              "cardId": "dungeon_drake",
              "grind": 0
            }
          ],
          "lastEvolutionResult": null
        },
        "keyItemIndicatorOnCooldown": false,
        "keyItemIndicatorText": "\n        \n        Dodge Roll\n        E\n        \n      ",
        "keyItemCooldownRemaining": 0,
        "status": "Latency: 0ms",
        "hasCanvas": true,
        "canvasCount": 2,
        "lobbyVisible": false,
        "cardHandVisible": true,
        "title": "Void Grimoire",
        "bodyText": "👤\nLv\n🔊\n⚙\n84\nLV\n1\nHP\n80/100\nMS\n49/99\nDeck: 7/12\n⟡ 4\n✦ 3\n🐉 0\n✨ 0\nMoney 0\nLatency: 0ms\nDodge Roll\nE\nInitiate Vault\nPurged 0 / 6 hostiles\n01\nRewa: Rewa on channel. Move with WASD, close on the opening grunts, and strike with your melee weapon to start the sweep.\nClick to attack · press 1–6 to cast cards\n1\n🐉\nVault Wyrm\nBURNING BREATH\n600ms wind-up\n1/1\n2\n🐉\nVault Wyrm\nBURNING BREATH\n600ms wind-up\n1/1\n3\n⚔\nSolar Edge\n650ms wind-up\n2/2\n4\n⚔\nSolar Edge\n650ms wind-up\n2/2\n5\n⚔\nSolar Edge\n650ms wind-up\n2/2"
      }
    }
  ],
  "pageerrors": []
}
