
 RUN  v3.2.4 /home/matt/workspace/.autogame-worktrees/143-cleanup-cleanup-sloped-floor-layout-and-geometry/game
      Coverage enabled with v8

stderr | client/test/models-registry.test.js > loadModel() resilience > resolves null for a missing path without throwing
[models] failed to load model "/models/__missing__.glb": Error: 404
    at t.<anonymous> [90m(/home/matt/workspace/.autogame-worktrees/143-cleanup-cleanup-sloped-floor-layout-and-geometry/game/[39mclient/test/models-registry.test.js:52:12[90m)[39m
    at t.mockCall [90m(file:///home/matt/workspace/.autogame-worktrees/143-cleanup-cleanup-sloped-floor-layout-and-geometry/game/[39mnode_modules/[4m.pnpm[24m/@vitest+spy@3.2.4/node_modules/[4m@vitest[24m/spy/dist/index.js:96:15[90m)[39m
    at t.spy [as load] [90m(file:///home/matt/workspace/.autogame-worktrees/143-cleanup-cleanup-sloped-floor-layout-and-geometry/game/[39mnode_modules/[4m.pnpm[24m/tinyspy@4.0.4/node_modules/[4mtinyspy[24m/dist/index.js:47:80[90m)[39m
    at [90m/home/matt/workspace/.autogame-worktrees/143-cleanup-cleanup-sloped-floor-layout-and-geometry/game/[39mclient/models.js:83:11
    at new Promise (<anonymous>)
    at Module.loadModel [90m(/home/matt/workspace/.autogame-worktrees/143-cleanup-cleanup-sloped-floor-layout-and-geometry/game/[39mclient/models.js:74:11[90m)[39m
    at [90m/home/matt/workspace/.autogame-worktrees/143-cleanup-cleanup-sloped-floor-layout-and-geometry/game/[39mclient/test/models-registry.test.js:55:16
    at [90mfile:///home/matt/workspace/.autogame-worktrees/143-cleanup-cleanup-sloped-floor-layout-and-geometry/game/[39mnode_modules/[4m.pnpm[24m/@vitest+runner@3.2.4/node_modules/[4m@vitest[24m/runner/dist/chunk-hooks.js:155:11
    at [90mfile:///home/matt/workspace/.autogame-worktrees/143-cleanup-cleanup-sloped-floor-layout-and-geometry/game/[39mnode_modules/[4m.pnpm[24m/@vitest+runner@3.2.4/node_modules/[4m@vitest[24m/runner/dist/chunk-hooks.js:752:26
    at [90mfile:///home/matt/workspace/.autogame-worktrees/143-cleanup-cleanup-sloped-floor-layout-and-geometry/game/[39mnode_modules/[4m.pnpm[24m/@vitest+runner@3.2.4/node_modules/[4m@vitest[24m/runner/dist/chunk-hooks.js:1897:20

stderr | client/test/models-registry.test.js > loadModel() resilience > caches failure so the same missing path is not re-fetched
[models] failed to load model "/models/__missing__.glb": Error: 404
    at t.<anonymous> [90m(/home/matt/workspace/.autogame-worktrees/143-cleanup-cleanup-sloped-floor-layout-and-geometry/game/[39mclient/test/models-registry.test.js:60:12[90m)[39m
    at t.mockCall [90m(file:///home/matt/workspace/.autogame-worktrees/143-cleanup-cleanup-sloped-floor-layout-and-geometry/game/[39mnode_modules/[4m.pnpm[24m/@vitest+spy@3.2.4/node_modules/[4m@vitest[24m/spy/dist/index.js:96:15[90m)[39m
    at t.spy [as load] [90m(file:///home/matt/workspace/.autogame-worktrees/143-cleanup-cleanup-sloped-floor-layout-and-geometry/game/[39mnode_modules/[4m.pnpm[24m/tinyspy@4.0.4/node_modules/[4mtinyspy[24m/dist/index.js:47:80[90m)[39m
    at [90m/home/matt/workspace/.autogame-worktrees/143-cleanup-cleanup-sloped-floor-layout-and-geometry/game/[39mclient/models.js:83:11
    at new Promise (<anonymous>)
    at Module.loadModel [90m(/home/matt/workspace/.autogame-worktrees/143-cleanup-cleanup-sloped-floor-layout-and-geometry/game/[39mclient/models.js:74:11[90m)[39m
    at [90m/home/matt/workspace/.autogame-worktrees/143-cleanup-cleanup-sloped-floor-layout-and-geometry/game/[39mclient/test/models-registry.test.js:63:9
    at [90mfile:///home/matt/workspace/.autogame-worktrees/143-cleanup-cleanup-sloped-floor-layout-and-geometry/game/[39mnode_modules/[4m.pnpm[24m/@vitest+runner@3.2.4/node_modules/[4m@vitest[24m/runner/dist/chunk-hooks.js:155:11
    at [90mfile:///home/matt/workspace/.autogame-worktrees/143-cleanup-cleanup-sloped-floor-layout-and-geometry/game/[39mnode_modules/[4m.pnpm[24m/@vitest+runner@3.2.4/node_modules/[4m@vitest[24m/runner/dist/chunk-hooks.js:752:26
    at [90mfile:///home/matt/workspace/.autogame-worktrees/143-cleanup-cleanup-sloped-floor-layout-and-geometry/game/[39mnode_modules/[4m.pnpm[24m/@vitest+runner@3.2.4/node_modules/[4m@vitest[24m/runner/dist/chunk-hooks.js:1897:20

stderr | client/test/models-registry.test.js > registry attach fallback (renderer) > createEnemyMesh keeps procedural visible when loadModel resolves null
[models] failed to load model "/models/grunt.glb": Error: 404
    at t.<anonymous> [90m(/home/matt/workspace/.autogame-worktrees/143-cleanup-cleanup-sloped-floor-layout-and-geometry/game/[39mclient/test/models-registry.test.js:84:12[90m)[39m
    at t.mockCall [90m(file:///home/matt/workspace/.autogame-worktrees/143-cleanup-cleanup-sloped-floor-layout-and-geometry/game/[39mnode_modules/[4m.pnpm[24m/@vitest+spy@3.2.4/node_modules/[4m@vitest[24m/spy/dist/index.js:96:15[90m)[39m
    at t.spy [as load] [90m(file:///home/matt/workspace/.autogame-worktrees/143-cleanup-cleanup-sloped-floor-layout-and-geometry/game/[39mnode_modules/[4m.pnpm[24m/tinyspy@4.0.4/node_modules/[4mtinyspy[24m/dist/index.js:47:80[90m)[39m
    at [90m/home/matt/workspace/.autogame-worktrees/143-cleanup-cleanup-sloped-floor-layout-and-geometry/game/[39mclient/models.js:83:11
    at new Promise (<anonymous>)
    at loadModel [90m(/home/matt/workspace/.autogame-worktrees/143-cleanup-cleanup-sloped-floor-layout-and-geometry/game/[39mclient/models.js:74:11[90m)[39m
    at attachRegistryModel [90m(/home/matt/workspace/.autogame-worktrees/143-cleanup-cleanup-sloped-floor-layout-and-geometry/game/[39mclient/renderer.js:357:11[90m)[39m
    at Module.createEnemyMesh [90m(/home/matt/workspace/.autogame-worktrees/143-cleanup-cleanup-sloped-floor-layout-and-geometry/game/[39mclient/renderer.js:1905:2[90m)[39m
    at [90m/home/matt/workspace/.autogame-worktrees/143-cleanup-cleanup-sloped-floor-layout-and-geometry/game/[39mclient/test/models-registry.test.js:87:16
    at [90mfile:///home/matt/workspace/.autogame-worktrees/143-cleanup-cleanup-sloped-floor-layout-and-geometry/game/[39mnode_modules/[4m.pnpm[24m/@vitest+runner@3.2.4/node_modules/[4m@vitest[24m/runner/dist/chunk-hooks.js:155:11

stdout | client/test/renderer-clock.test.js > renderer animation loop clock > uses THREE.Clock.getDelta without requiring a clock.update method
[initScene] Initializing Three.js scene...

stdout | client/test/renderer-loot.test.js > renderer loot helpers > getPickedUpLootIds reflects lootPickupAttempts after walk-over pickup
[initScene] Initializing Three.js scene...

 ✓ |client| client/test/models-registry.test.js (7 tests) 23ms
stdout | client/test/renderer-loot.test.js > renderer loot helpers > markLootCollected shows "+N MS" for magic stone pickups
[initScene] Initializing Three.js scene...

 ✓ |client| client/test/renderer-clock.test.js (1 test) 70ms
stdout | client/test/renderer-loot.test.js > renderer loot helpers > markLootCollected plays loot SFX only for magic stone pickups
[initScene] Initializing Three.js scene...

 ✓ |client| client/test/settings-effects.test.js (2 tests) 65ms
 ✓ |client| client/test/renderer-registry-normalize.test.js (11 tests) 6ms
stdout | client/test/renderer-loot.test.js > renderer loot helpers > updateCollectingLoot disposes cloned loot materials when animation finishes
[initScene] Initializing Three.js scene...

 ✓ |client| client/test/deck-viewer.test.js (15 tests) 113ms
stdout | client/test/key-item-dodge.test.js > dash VFX > triggerDashVFX applies squash scale when a player mesh exists
[initScene] Initializing Three.js scene...

 ✓ |client| client/test/renderer-loot.test.js (4 tests) 177ms
 ✓ |client| client/test/dungeon.test.js (31 tests) 40ms
 ✓ |client| client/test/key-item-dodge.test.js (4 tests) 279ms
stdout | client/test/main.test.js > cardError handler — server hand rejection > shows a toast when the server rejects an unauthorized card use
[cardError] Card not in hand

stderr | client/test/main.test.js > createEnemyMesh() > creates a red cone for grunt (default) type
[renderer] failed to apply model "/models/grunt.glb" for "grunt": TypeError: Failed to parse URL from /models/grunt.glb
[90m    at new Request (node:internal/deps/undici/undici:9588:19)[39m
    at FileLoader.load [90m(file:///home/matt/workspace/.autogame-worktrees/143-cleanup-cleanup-sloped-floor-layout-and-geometry/game/[39mnode_modules/[4m.pnpm[24m/three@0.184.0/node_modules/[4mthree[24m/build/three.core.js:44150:15[90m)[39m
[90m    ... 4 lines matching cause stack trace ...[39m
    at attachRegistryModel [90m(/home/matt/workspace/.autogame-worktrees/143-cleanup-cleanup-sloped-floor-layout-and-geometry/game/[39mclient/renderer.js:357:11[90m)[39m
    at createEnemyMesh [90m(/home/matt/workspace/.autogame-worktrees/143-cleanup-cleanup-sloped-floor-layout-and-geometry/game/[39mclient/renderer.js:1905:2[90m)[39m
    at [90m/home/matt/workspace/.autogame-worktrees/143-cleanup-cleanup-sloped-floor-layout-and-geometry/game/[39mclient/test/main.test.js:2172:23
    at [90mfile:///home/matt/workspace/.autogame-worktrees/143-cleanup-cleanup-sloped-floor-layout-and-geometry/game/[39mnode_modules/[4m.pnpm[24m/@vitest+runner@3.2.4/node_modules/[4m@vitest[24m/runner/dist/chunk-hooks.js:752:20 {
  [cause]: TypeError: Invalid URL: /models/grunt.glb
      at new URLImpl [90m(/home/matt/workspace/.autogame-worktrees/143-cleanup-cleanup-sloped-floor-layout-and-geometry/game/[39mnode_modules/[4m.pnpm[24m/whatwg-url@14.2.0/node_modules/[4mwhatwg-url[24m/lib/URL-impl.js:20:13[90m)[39m
      at Object.exports.setup [90m(/home/matt/workspace/.autogame-worktrees/143-cleanup-cleanup-sloped-floor-layout-and-geometry/game/[39mnode_modules/[4m.pnpm[24m/whatwg-url@14.2.0/node_modules/[4mwhatwg-url[24m/lib/URL.js:54:12[90m)[39m
      at new URL [90m(/home/matt/workspace/.autogame-worktrees/143-cleanup-cleanup-sloped-floor-layout-and-geometry/game/[39mnode_modules/[4m.pnpm[24m/whatwg-url@14.2.0/node_modules/[4mwhatwg-url[24m/lib/URL.js:115:22[90m)[39m
  [90m    at new Request (node:internal/deps/undici/undici:9586:25)[39m
      at FileLoader.load [90m(file:///home/matt/workspace/.autogame-worktrees/143-cleanup-cleanup-sloped-floor-layout-and-geometry/game/[39mnode_modules/[4m.pnpm[24m/three@0.184.0/node_modules/[4mthree[24m/build/three.core.js:44150:15[90m)[39m
      at GLTFLoader.load [90m(file:///home/matt/workspace/.autogame-worktrees/143-cleanup-cleanup-sloped-floor-layout-and-geometry/game/[39mnode_modules/[4m.pnpm[24m/three@0.184.0/node_modules/[4mthree[24m/examples/jsm/loaders/GLTFLoader.js:319:10[90m)[39m
      at [90m/home/matt/workspace/.autogame-worktrees/143-cleanup-cleanup-sloped-floor-layout-and-geometry/game/[39mclient/models.js:83:11
      at new Promise (<anonymous>)
      at loadModel [90m(/home/matt/workspace/.autogame-worktrees/143-cleanup-cleanup-sloped-floor-layout-and-geometry/game/[39mclient/models.js:74:11[90m)[39m
      at attachRegistryModel [90m(/home/matt/workspace/.autogame-worktrees/143-cleanup-cleanup-sloped-floor-layout-and-geometry/game/[39mclient/renderer.js:357:11[90m)[39m
}

stderr | client/test/main.test.js > createEnemyMesh() > creates an orange cone for skirmisher type
[renderer] failed to apply model "/models/skirmisher.glb" for "skirmisher": TypeError: Failed to parse URL from /models/skirmisher.glb
[90m    at new Request (node:internal/deps/undici/undici:9588:19)[39m
    at FileLoader.load [90m(file:///home/matt/workspace/.autogame-worktrees/143-cleanup-cleanup-sloped-floor-layout-and-geometry/game/[39mnode_modules/[4m.pnpm[24m/three@0.184.0/node_modules/[4mthree[24m/build/three.core.js:44150:15[90m)[39m
[90m    ... 4 lines matching cause stack trace ...[39m
    at attachRegistryModel [90m(/home/matt/workspace/.autogame-worktrees/143-cleanup-cleanup-sloped-floor-layout-and-geometry/game/[39mclient/renderer.js:357:11[90m)[39m
    at createEnemyMesh [90m(/home/matt/workspace/.autogame-worktrees/143-cleanup-cleanup-sloped-floor-layout-and-geometry/game/[39mclient/renderer.js:1905:2[90m)[39m
    at [90m/home/matt/workspace/.autogame-worktrees/143-cleanup-cleanup-sloped-floor-layout-and-geometry/game/[39mclient/test/main.test.js:2184:23
    at [90mfile:///home/matt/workspace/.autogame-worktrees/143-cleanup-cleanup-sloped-floor-layout-and-geometry/game/[39mnode_modules/[4m.pnpm[24m/@vitest+runner@3.2.4/node_modules/[4m@vitest[24m/runner/dist/chunk-hooks.js:752:20 {
  [cause]: TypeError: Invalid URL: /models/skirmisher.glb
      at new URLImpl [90m(/home/matt/workspace/.autogame-worktrees/143-cleanup-cleanup-sloped-floor-layout-and-geometry/game/[39mnode_modules/[4m.pnpm[24m/whatwg-url@14.2.0/node_modules/[4mwhatwg-url[24m/lib/URL-impl.js:20:13[90m)[39m
      at Object.exports.setup [90m(/home/matt/workspace/.autogame-worktrees/143-cleanup-cleanup-sloped-floor-layout-and-geometry/game/[39mnode_modules/[4m.pnpm[24m/whatwg-url@14.2.0/node_modules/[4mwhatwg-url[24m/lib/URL.js:54:12[90m)[39m
      at new URL [90m(/home/matt/workspace/.autogame-worktrees/143-cleanup-cleanup-sloped-floor-layout-and-geometry/game/[39mnode_modules/[4m.pnpm[24m/whatwg-url@14.2.0/node_modules/[4mwhatwg-url[24m/lib/URL.js:115:22[90m)[39m
  [90m    at new Request (node:internal/deps/undici/undici:9586:25)[39m
      at FileLoader.load [90m(file:///home/matt/workspace/.autogame-worktrees/143-cleanup-cleanup-sloped-floor-layout-and-geometry/game/[39mnode_modules/[4m.pnpm[24m/three@0.184.0/node_modules/[4mthree[24m/build/three.core.js:44150:15[90m)[39m
      at GLTFLoader.load [90m(file:///home/matt/workspace/.autogame-worktrees/143-cleanup-cleanup-sloped-floor-layout-and-geometry/game/[39mnode_modules/[4m.pnpm[24m/three@0.184.0/node_modules/[4mthree[24m/examples/jsm/loaders/GLTFLoader.js:319:10[90m)[39m
      at [90m/home/matt/workspace/.autogame-worktrees/143-cleanup-cleanup-sloped-floor-layout-and-geometry/game/[39mclient/models.js:83:11
      at new Promise (<anonymous>)
      at loadModel [90m(/home/matt/workspace/.autogame-worktrees/143-cleanup-cleanup-sloped-floor-layout-and-geometry/game/[39mclient/models.js:74:11[90m)[39m
      at attachRegistryModel [90m(/home/matt/workspace/.autogame-worktrees/143-cleanup-cleanup-sloped-floor-layout-and-geometry/game/[39mclient/renderer.js:357:11[90m)[39m
}

stderr | client/test/main.test.js > createEnemyMesh() > creates a teal octahedron for spawner type
[renderer] failed to apply model "/models/spawner.glb" for "spawner": TypeError: Failed to parse URL from /models/spawner.glb
[90m    at new Request (node:internal/deps/undici/undici:9588:19)[39m
    at FileLoader.load [90m(file:///home/matt/workspace/.autogame-worktrees/143-cleanup-cleanup-sloped-floor-layout-and-geometry/game/[39mnode_modules/[4m.pnpm[24m/three@0.184.0/node_modules/[4mthree[24m/build/three.core.js:44150:15[90m)[39m
[90m    ... 4 lines matching cause stack trace ...[39m
    at attachRegistryModel [90m(/home/matt/workspace/.autogame-worktrees/143-cleanup-cleanup-sloped-floor-layout-and-geometry/game/[39mclient/renderer.js:357:11[90m)[39m
    at createEnemyMesh [90m(/home/matt/workspace/.autogame-worktrees/143-cleanup-cleanup-sloped-floor-layout-and-geometry/game/[39mclient/renderer.js:1905:2[90m)[39m
    at [90m/home/matt/workspace/.autogame-worktrees/143-cleanup-cleanup-sloped-floor-layout-and-geometry/game/[39mclient/test/main.test.js:2194:23
    at [90mfile:///home/matt/workspace/.autogame-worktrees/143-cleanup-cleanup-sloped-floor-layout-and-geometry/game/[39mnode_modules/[4m.pnpm[24m/@vitest+runner@3.2.4/node_modules/[4m@vitest[24m/runner/dist/chunk-hooks.js:752:20 {
  [cause]: TypeError: Invalid URL: /models/spawner.glb
      at new URLImpl [90m(/home/matt/workspace/.autogame-worktrees/143-cleanup-cleanup-sloped-floor-layout-and-geometry/game/[39mnode_modules/[4m.pnpm[24m/whatwg-url@14.2.0/node_modules/[4mwhatwg-url[24m/lib/URL-impl.js:20:13[90m)[39m
      at Object.exports.setup [90m(/home/matt/workspace/.autogame-worktrees/143-cleanup-cleanup-sloped-floor-layout-and-geometry/game/[39mnode_modules/[4m.pnpm[24m/whatwg-url@14.2.0/node_modules/[4mwhatwg-url[24m/lib/URL.js:54:12[90m)[39m
      at new URL [90m(/home/matt/workspace/.autogame-worktrees/143-cleanup-cleanup-sloped-floor-layout-and-geometry/game/[39mnode_modules/[4m.pnpm[24m/whatwg-url@14.2.0/node_modules/[4mwhatwg-url[24m/lib/URL.js:115:22[90m)[39m
  [90m    at new Request (node:internal/deps/undici/undici:9586:25)[39m
      at FileLoader.load [90m(file:///home/matt/workspace/.autogame-worktrees/143-cleanup-cleanup-sloped-floor-layout-and-geometry/game/[39mnode_modules/[4m.pnpm[24m/three@0.184.0/node_modules/[4mthree[24m/build/three.core.js:44150:15[90m)[39m
      at GLTFLoader.load [90m(file:///home/matt/workspace/.autogame-worktrees/143-cleanup-cleanup-sloped-floor-layout-and-geometry/game/[39mnode_modules/[4m.pnpm[24m/three@0.184.0/node_modules/[4mthree[24m/examples/jsm/loaders/GLTFLoader.js:319:10[90m)[39m
      at [90m/home/matt/workspace/.autogame-worktrees/143-cleanup-cleanup-sloped-floor-layout-and-geometry/game/[39mclient/models.js:83:11
      at new Promise (<anonymous>)
      at loadModel [90m(/home/matt/workspace/.autogame-worktrees/143-cleanup-cleanup-sloped-floor-layout-and-geometry/game/[39mclient/models.js:74:11[90m)[39m
      at attachRegistryModel [90m(/home/matt/workspace/.autogame-worktrees/143-cleanup-cleanup-sloped-floor-layout-and-geometry/game/[39mclient/renderer.js:357:11[90m)[39m
}

stderr | client/test/main.test.js > createEnemyMesh() > creates a purple cone for miniboss type
[renderer] failed to apply model "/models/miniboss.glb" for "miniboss": TypeError: Failed to parse URL from /models/miniboss.glb
[90m    at new Request (node:internal/deps/undici/undici:9588:19)[39m
    at FileLoader.load [90m(file:///home/matt/workspace/.autogame-worktrees/143-cleanup-cleanup-sloped-floor-layout-and-geometry/game/[39mnode_modules/[4m.pnpm[24m/three@0.184.0/node_modules/[4mthree[24m/build/three.core.js:44150:15[90m)[39m
[90m    ... 4 lines matching cause stack trace ...[39m
    at attachRegistryModel [90m(/home/matt/workspace/.autogame-worktrees/143-cleanup-cleanup-sloped-floor-layout-and-geometry/game/[39mclient/renderer.js:357:11[90m)[39m
    at createEnemyMesh [90m(/home/matt/workspace/.autogame-worktrees/143-cleanup-cleanup-sloped-floor-layout-and-geometry/game/[39mclient/renderer.js:1905:2[90m)[39m
    at [90m/home/matt/workspace/.autogame-worktrees/143-cleanup-cleanup-sloped-floor-layout-and-geometry/game/[39mclient/test/main.test.js:2207:23
    at [90mfile:///home/matt/workspace/.autogame-worktrees/143-cleanup-cleanup-sloped-floor-layout-and-geometry/game/[39mnode_modules/[4m.pnpm[24m/@vitest+runner@3.2.4/node_modules/[4m@vitest[24m/runner/dist/chunk-hooks.js:752:20 {
  [cause]: TypeError: Invalid URL: /models/miniboss.glb
      at new URLImpl [90m(/home/matt/workspace/.autogame-worktrees/143-cleanup-cleanup-sloped-floor-layout-and-geometry/game/[39mnode_modules/[4m.pnpm[24m/whatwg-url@14.2.0/node_modules/[4mwhatwg-url[24m/lib/URL-impl.js:20:13[90m)[39m
      at Object.exports.setup [90m(/home/matt/workspace/.autogame-worktrees/143-cleanup-cleanup-sloped-floor-layout-and-geometry/game/[39mnode_modules/[4m.pnpm[24m/whatwg-url@14.2.0/node_modules/[4mwhatwg-url[24m/lib/URL.js:54:12[90m)[39m
      at new URL [90m(/home/matt/workspace/.autogame-worktrees/143-cleanup-cleanup-sloped-floor-layout-and-geometry/game/[39mnode_modules/[4m.pnpm[24m/whatwg-url@14.2.0/node_modules/[4mwhatwg-url[24m/lib/URL.js:115:22[90m)[39m
  [90m    at new Request (node:internal/deps/undici/undici:9586:25)[39m
      at FileLoader.load [90m(file:///home/matt/workspace/.autogame-worktrees/143-cleanup-cleanup-sloped-floor-layout-and-geometry/game/[39mnode_modules/[4m.pnpm[24m/three@0.184.0/node_modules/[4mthree[24m/build/three.core.js:44150:15[90m)[39m
      at GLTFLoader.load [90m(file:///home/matt/workspace/.autogame-worktrees/143-cleanup-cleanup-sloped-floor-layout-and-geometry/game/[39mnode_modules/[4m.pnpm[24m/three@0.184.0/node_modules/[4mthree[24m/examples/jsm/loaders/GLTFLoader.js:319:10[90m)[39m
      at [90m/home/matt/workspace/.autogame-worktrees/143-cleanup-cleanup-sloped-floor-layout-and-geometry/game/[39mclient/models.js:83:11
      at new Promise (<anonymous>)
      at loadModel [90m(/home/matt/workspace/.autogame-worktrees/143-cleanup-cleanup-sloped-floor-layout-and-geometry/game/[39mclient/models.js:74:11[90m)[39m
      at attachRegistryModel [90m(/home/matt/workspace/.autogame-worktrees/143-cleanup-cleanup-sloped-floor-layout-and-geometry/game/[39mclient/renderer.js:357:11[90m)[39m
}

 ✓ |client| client/test/main.test.js (141 tests) 927ms

 Test Files  9 passed (9)
      Tests  216 passed (216)
   Start at  03:16:28
   Duration  2.00s (transform 198ms, setup 134ms, collect 405ms, tests 1.70s, environment 2.23s, prepare 565ms)

 % Coverage report from v8
--------------|---------|----------|---------|---------|------------------------
File          | % Stmts | % Branch | % Funcs | % Lines | Uncovered Line #s      
--------------|---------|----------|---------|---------|------------------------
All files     |   70.33 |    61.53 |   35.48 |   70.33 |                        
 cards.js     |      91 |    62.96 |   66.66 |      91 | ...471,480-494,588-605 
 collision.js |   24.87 |       50 |    12.5 |   24.87 | ...216,222-230,236-241 
 delta.js     |     100 |       50 |     100 |     100 | 12                     
 hand.js      |   46.25 |     62.5 |   23.07 |   46.25 | ...140,156-157,160-163 
--------------|---------|----------|---------|---------|------------------------
