
 RUN  v3.2.4 /home/matt/workspace/.autogame-worktrees/client-split-renderer-js-6-800-lines-extract-per-domain-sync-1t90/game
      Coverage enabled with v8

stdout | client/test/hub-presence-avatars.test.js > hub presence avatars (lobby) > builds meshes for local and remote lobby players
[initScene] Initializing Three.js scene...

stdout | client/test/renderer-clock.test.js > renderer animation loop clock > uses THREE.Clock.getDelta without requiring a clock.update method
[initScene] Initializing Three.js scene...

stderr | client/test/hub-presence-avatars.test.js > hub presence avatars (lobby) > builds meshes for local and remote lobby players
[renderer] failed to apply model "/models/player.glb" for "player": TypeError: Failed to parse URL from /models/player.glb
[90m    at new Request (node:internal/deps/undici/undici:9588:19)[39m
    at FileLoader.load [90m(file:///home/matt/workspace/.autogame-worktrees/client-split-renderer-js-6-800-lines-extract-per-domain-sync-1t90/game/[39mnode_modules/[4m.pnpm[24m/three@0.184.0/node_modules/[4mthree[24m/build/three.core.js:44150:15[90m)[39m
[90m    ... 4 lines matching cause stack trace ...[39m
    at Object.attachRegistryModel [90m(/home/matt/workspace/.autogame-worktrees/client-split-renderer-js-6-800-lines-extract-per-domain-sync-1t90/game/[39mclient/renderer.js:562:11[90m)[39m
    at createPlayerAvatar [90m(/home/matt/workspace/.autogame-worktrees/client-split-renderer-js-6-800-lines-extract-per-domain-sync-1t90/game/[39mclient/renderer/avatarSync.js:430:15[90m)[39m
    at Object.syncPlayerAvatar [90m(/home/matt/workspace/.autogame-worktrees/client-split-renderer-js-6-800-lines-extract-per-domain-sync-1t90/game/[39mclient/renderer/avatarSync.js:452:18[90m)[39m
    at animate [90m(/home/matt/workspace/.autogame-worktrees/client-split-renderer-js-6-800-lines-extract-per-domain-sync-1t90/game/[39mclient/renderer.js:4553:20[90m)[39m {
  [cause]: TypeError: Invalid URL: /models/player.glb
      at new URLImpl [90m(/home/matt/workspace/.autogame-worktrees/client-split-renderer-js-6-800-lines-extract-per-domain-sync-1t90/game/[39mnode_modules/[4m.pnpm[24m/whatwg-url@14.2.0/node_modules/[4mwhatwg-url[24m/lib/URL-impl.js:20:13[90m)[39m
      at Object.exports.setup [90m(/home/matt/workspace/.autogame-worktrees/client-split-renderer-js-6-800-lines-extract-per-domain-sync-1t90/game/[39mnode_modules/[4m.pnpm[24m/whatwg-url@14.2.0/node_modules/[4mwhatwg-url[24m/lib/URL.js:54:12[90m)[39m
      at new URL [90m(/home/matt/workspace/.autogame-worktrees/client-split-renderer-js-6-800-lines-extract-per-domain-sync-1t90/game/[39mnode_modules/[4m.pnpm[24m/whatwg-url@14.2.0/node_modules/[4mwhatwg-url[24m/lib/URL.js:115:22[90m)[39m
  [90m    at new Request (node:internal/deps/undici/undici:9586:25)[39m
      at FileLoader.load [90m(file:///home/matt/workspace/.autogame-worktrees/client-split-renderer-js-6-800-lines-extract-per-domain-sync-1t90/game/[39mnode_modules/[4m.pnpm[24m/three@0.184.0/node_modules/[4mthree[24m/build/three.core.js:44150:15[90m)[39m
      at GLTFLoader.load [90m(file:///home/matt/workspace/.autogame-worktrees/client-split-renderer-js-6-800-lines-extract-per-domain-sync-1t90/game/[39mnode_modules/[4m.pnpm[24m/three@0.184.0/node_modules/[4mthree[24m/examples/jsm/loaders/GLTFLoader.js:319:10[90m)[39m
      at [90m/home/matt/workspace/.autogame-worktrees/client-split-renderer-js-6-800-lines-extract-per-domain-sync-1t90/game/[39mclient/models.js:89:11
      at new Promise (<anonymous>)
      at loadModel [90m(/home/matt/workspace/.autogame-worktrees/client-split-renderer-js-6-800-lines-extract-per-domain-sync-1t90/game/[39mclient/models.js:80:11[90m)[39m
      at Object.attachRegistryModel [90m(/home/matt/workspace/.autogame-worktrees/client-split-renderer-js-6-800-lines-extract-per-domain-sync-1t90/game/[39mclient/renderer.js:562:11[90m)[39m
}
[renderer] failed to apply model "/models/player.glb" for "player": TypeError: Failed to parse URL from /models/player.glb
[90m    at new Request (node:internal/deps/undici/undici:9588:19)[39m
    at FileLoader.load [90m(file:///home/matt/workspace/.autogame-worktrees/client-split-renderer-js-6-800-lines-extract-per-domain-sync-1t90/game/[39mnode_modules/[4m.pnpm[24m/three@0.184.0/node_modules/[4mthree[24m/build/three.core.js:44150:15[90m)[39m
[90m    ... 4 lines matching cause stack trace ...[39m
    at Object.attachRegistryModel [90m(/home/matt/workspace/.autogame-worktrees/client-split-renderer-js-6-800-lines-extract-per-domain-sync-1t90/game/[39mclient/renderer.js:562:11[90m)[39m
    at createPlayerAvatar [90m(/home/matt/workspace/.autogame-worktrees/client-split-renderer-js-6-800-lines-extract-per-domain-sync-1t90/game/[39mclient/renderer/avatarSync.js:430:15[90m)[39m
    at Object.syncPlayerAvatar [90m(/home/matt/workspace/.autogame-worktrees/client-split-renderer-js-6-800-lines-extract-per-domain-sync-1t90/game/[39mclient/renderer/avatarSync.js:452:18[90m)[39m
    at animate [90m(/home/matt/workspace/.autogame-worktrees/client-split-renderer-js-6-800-lines-extract-per-domain-sync-1t90/game/[39mclient/renderer.js:4553:20[90m)[39m {
  [cause]: TypeError: Invalid URL: /models/player.glb
      at new URLImpl [90m(/home/matt/workspace/.autogame-worktrees/client-split-renderer-js-6-800-lines-extract-per-domain-sync-1t90/game/[39mnode_modules/[4m.pnpm[24m/whatwg-url@14.2.0/node_modules/[4mwhatwg-url[24m/lib/URL-impl.js:20:13[90m)[39m
      at Object.exports.setup [90m(/home/matt/workspace/.autogame-worktrees/client-split-renderer-js-6-800-lines-extract-per-domain-sync-1t90/game/[39mnode_modules/[4m.pnpm[24m/whatwg-url@14.2.0/node_modules/[4mwhatwg-url[24m/lib/URL.js:54:12[90m)[39m
      at new URL [90m(/home/matt/workspace/.autogame-worktrees/client-split-renderer-js-6-800-lines-extract-per-domain-sync-1t90/game/[39mnode_modules/[4m.pnpm[24m/whatwg-url@14.2.0/node_modules/[4mwhatwg-url[24m/lib/URL.js:115:22[90m)[39m
  [90m    at new Request (node:internal/deps/undici/undici:9586:25)[39m
      at FileLoader.load [90m(file:///home/matt/workspace/.autogame-worktrees/client-split-renderer-js-6-800-lines-extract-per-domain-sync-1t90/game/[39mnode_modules/[4m.pnpm[24m/three@0.184.0/node_modules/[4mthree[24m/build/three.core.js:44150:15[90m)[39m
      at GLTFLoader.load [90m(file:///home/matt/workspace/.autogame-worktrees/client-split-renderer-js-6-800-lines-extract-per-domain-sync-1t90/game/[39mnode_modules/[4m.pnpm[24m/three@0.184.0/node_modules/[4mthree[24m/examples/jsm/loaders/GLTFLoader.js:319:10[90m)[39m
      at [90m/home/matt/workspace/.autogame-worktrees/client-split-renderer-js-6-800-lines-extract-per-domain-sync-1t90/game/[39mclient/models.js:89:11
      at new Promise (<anonymous>)
      at loadModel [90m(/home/matt/workspace/.autogame-worktrees/client-split-renderer-js-6-800-lines-extract-per-domain-sync-1t90/game/[39mclient/models.js:80:11[90m)[39m
      at Object.attachRegistryModel [90m(/home/matt/workspace/.autogame-worktrees/client-split-renderer-js-6-800-lines-extract-per-domain-sync-1t90/game/[39mclient/renderer.js:562:11[90m)[39m
}

stderr | client/test/keyItemProp.test.js > createPlayerAvatar key-item prop > seats the equipped prop on the avatar and tracks the shown id
[renderer] failed to apply model "/models/player.glb" for "player": TypeError: Failed to parse URL from /models/player.glb
[90m    at new Request (node:internal/deps/undici/undici:9588:19)[39m
    at FileLoader.load [90m(file:///home/matt/workspace/.autogame-worktrees/client-split-renderer-js-6-800-lines-extract-per-domain-sync-1t90/game/[39mnode_modules/[4m.pnpm[24m/three@0.184.0/node_modules/[4mthree[24m/build/three.core.js:44150:15[90m)[39m
[90m    ... 4 lines matching cause stack trace ...[39m
    at Object.attachRegistryModel [90m(/home/matt/workspace/.autogame-worktrees/client-split-renderer-js-6-800-lines-extract-per-domain-sync-1t90/game/[39mclient/renderer.js:562:11[90m)[39m
    at createPlayerAvatar [90m(/home/matt/workspace/.autogame-worktrees/client-split-renderer-js-6-800-lines-extract-per-domain-sync-1t90/game/[39mclient/renderer/avatarSync.js:430:15[90m)[39m
    at createPlayerAvatar [90m(/home/matt/workspace/.autogame-worktrees/client-split-renderer-js-6-800-lines-extract-per-domain-sync-1t90/game/[39mclient/renderer.js:47:37[90m)[39m
    at [90m/home/matt/workspace/.autogame-worktrees/client-split-renderer-js-6-800-lines-extract-per-domain-sync-1t90/game/[39mclient/test/keyItemProp.test.js:50:36 {
  [cause]: TypeError: Invalid URL: /models/player.glb
      at new URLImpl [90m(/home/matt/workspace/.autogame-worktrees/client-split-renderer-js-6-800-lines-extract-per-domain-sync-1t90/game/[39mnode_modules/[4m.pnpm[24m/whatwg-url@14.2.0/node_modules/[4mwhatwg-url[24m/lib/URL-impl.js:20:13[90m)[39m
      at Object.exports.setup [90m(/home/matt/workspace/.autogame-worktrees/client-split-renderer-js-6-800-lines-extract-per-domain-sync-1t90/game/[39mnode_modules/[4m.pnpm[24m/whatwg-url@14.2.0/node_modules/[4mwhatwg-url[24m/lib/URL.js:54:12[90m)[39m
      at new URL [90m(/home/matt/workspace/.autogame-worktrees/client-split-renderer-js-6-800-lines-extract-per-domain-sync-1t90/game/[39mnode_modules/[4m.pnpm[24m/whatwg-url@14.2.0/node_modules/[4mwhatwg-url[24m/lib/URL.js:115:22[90m)[39m
  [90m    at new Request (node:internal/deps/undici/undici:9586:25)[39m
      at FileLoader.load [90m(file:///home/matt/workspace/.autogame-worktrees/client-split-renderer-js-6-800-lines-extract-per-domain-sync-1t90/game/[39mnode_modules/[4m.pnpm[24m/three@0.184.0/node_modules/[4mthree[24m/build/three.core.js:44150:15[90m)[39m
      at GLTFLoader.load [90m(file:///home/matt/workspace/.autogame-worktrees/client-split-renderer-js-6-800-lines-extract-per-domain-sync-1t90/game/[39mnode_modules/[4m.pnpm[24m/three@0.184.0/node_modules/[4mthree[24m/examples/jsm/loaders/GLTFLoader.js:319:10[90m)[39m
      at [90m/home/matt/workspace/.autogame-worktrees/client-split-renderer-js-6-800-lines-extract-per-domain-sync-1t90/game/[39mclient/models.js:89:11
      at new Promise (<anonymous>)
      at loadModel [90m(/home/matt/workspace/.autogame-worktrees/client-split-renderer-js-6-800-lines-extract-per-domain-sync-1t90/game/[39mclient/models.js:80:11[90m)[39m
      at Object.attachRegistryModel [90m(/home/matt/workspace/.autogame-worktrees/client-split-renderer-js-6-800-lines-extract-per-domain-sync-1t90/game/[39mclient/renderer.js:562:11[90m)[39m
}

stderr | client/test/keyItemProp.test.js > createPlayerAvatar key-item prop > adds no prop for an unequipped/none key item
[renderer] failed to apply model "/models/player.glb" for "player": TypeError: Failed to parse URL from /models/player.glb
[90m    at new Request (node:internal/deps/undici/undici:9588:19)[39m
    at FileLoader.load [90m(file:///home/matt/workspace/.autogame-worktrees/client-split-renderer-js-6-800-lines-extract-per-domain-sync-1t90/game/[39mnode_modules/[4m.pnpm[24m/three@0.184.0/node_modules/[4mthree[24m/build/three.core.js:44150:15[90m)[39m
[90m    ... 4 lines matching cause stack trace ...[39m
    at Object.attachRegistryModel [90m(/home/matt/workspace/.autogame-worktrees/client-split-renderer-js-6-800-lines-extract-per-domain-sync-1t90/game/[39mclient/renderer.js:562:11[90m)[39m
    at createPlayerAvatar [90m(/home/matt/workspace/.autogame-worktrees/client-split-renderer-js-6-800-lines-extract-per-domain-sync-1t90/game/[39mclient/renderer/avatarSync.js:430:15[90m)[39m
    at createPlayerAvatar [90m(/home/matt/workspace/.autogame-worktrees/client-split-renderer-js-6-800-lines-extract-per-domain-sync-1t90/game/[39mclient/renderer.js:47:37[90m)[39m
    at [90m/home/matt/workspace/.autogame-worktrees/client-split-renderer-js-6-800-lines-extract-per-domain-sync-1t90/game/[39mclient/test/keyItemProp.test.js:50:36 {
  [cause]: TypeError: Invalid URL: /models/player.glb
      at new URLImpl [90m(/home/matt/workspace/.autogame-worktrees/client-split-renderer-js-6-800-lines-extract-per-domain-sync-1t90/game/[39mnode_modules/[4m.pnpm[24m/whatwg-url@14.2.0/node_modules/[4mwhatwg-url[24m/lib/URL-impl.js:20:13[90m)[39m
      at Object.exports.setup [90m(/home/matt/workspace/.autogame-worktrees/client-split-renderer-js-6-800-lines-extract-per-domain-sync-1t90/game/[39mnode_modules/[4m.pnpm[24m/whatwg-url@14.2.0/node_modules/[4mwhatwg-url[24m/lib/URL.js:54:12[90m)[39m
      at new URL [90m(/home/matt/workspace/.autogame-worktrees/client-split-renderer-js-6-800-lines-extract-per-domain-sync-1t90/game/[39mnode_modules/[4m.pnpm[24m/whatwg-url@14.2.0/node_modules/[4mwhatwg-url[24m/lib/URL.js:115:22[90m)[39m
  [90m    at new Request (node:internal/deps/undici/undici:9586:25)[39m
      at FileLoader.load [90m(file:///home/matt/workspace/.autogame-worktrees/client-split-renderer-js-6-800-lines-extract-per-domain-sync-1t90/game/[39mnode_modules/[4m.pnpm[24m/three@0.184.0/node_modules/[4mthree[24m/build/three.core.js:44150:15[90m)[39m
      at GLTFLoader.load [90m(file:///home/matt/workspace/.autogame-worktrees/client-split-renderer-js-6-800-lines-extract-per-domain-sync-1t90/game/[39mnode_modules/[4m.pnpm[24m/three@0.184.0/node_modules/[4mthree[24m/examples/jsm/loaders/GLTFLoader.js:319:10[90m)[39m
      at [90m/home/matt/workspace/.autogame-worktrees/client-split-renderer-js-6-800-lines-extract-per-domain-sync-1t90/game/[39mclient/models.js:89:11
      at new Promise (<anonymous>)
      at loadModel [90m(/home/matt/workspace/.autogame-worktrees/client-split-renderer-js-6-800-lines-extract-per-domain-sync-1t90/game/[39mclient/models.js:80:11[90m)[39m
      at Object.attachRegistryModel [90m(/home/matt/workspace/.autogame-worktrees/client-split-renderer-js-6-800-lines-extract-per-domain-sync-1t90/game/[39mclient/renderer.js:562:11[90m)[39m
}

 ✓ |client| client/test/keyItemProp.test.js (7 tests) 96ms
 ✓ |client| client/test/settings-effects.test.js (2 tests) 1618ms
   ✓ settings-driven renderer effects > spawnHitSpark no-ops when particles are disabled  1614ms
stdout | client/test/renderer-shield-bar.test.js > enemy shield bar > createEnemyShieldBarMesh uses cyan above the enemy half-height
[initScene] Initializing Three.js scene...

stdout | client/test/renderer-minion-summon.test.js > minion summon scale-in > records spawn time and starts new minion meshes below full scale
[initScene] Initializing Three.js scene...

 ✓ |client| client/test/renderer-clock.test.js (1 test) 1258ms
   ✓ renderer animation loop clock > uses THREE.Clock.getDelta without requiring a clock.update method  1255ms
 ✓ |client| client/test/local-slow-prediction.test.js (5 tests) 17ms
stderr | client/test/renderer-minion-summon.test.js > minion summon scale-in > records spawn time and starts new minion meshes below full scale
[renderer] failed to apply model "/models/player.glb" for "player": TypeError: Failed to parse URL from /models/player.glb
[90m    at new Request (node:internal/deps/undici/undici:9588:19)[39m
    at FileLoader.load [90m(file:///home/matt/workspace/.autogame-worktrees/client-split-renderer-js-6-800-lines-extract-per-domain-sync-1t90/game/[39mnode_modules/[4m.pnpm[24m/three@0.184.0/node_modules/[4mthree[24m/build/three.core.js:44150:15[90m)[39m
[90m    ... 4 lines matching cause stack trace ...[39m
    at Object.attachRegistryModel [90m(/home/matt/workspace/.autogame-worktrees/client-split-renderer-js-6-800-lines-extract-per-domain-sync-1t90/game/[39mclient/renderer.js:562:11[90m)[39m
    at createPlayerAvatar [90m(/home/matt/workspace/.autogame-worktrees/client-split-renderer-js-6-800-lines-extract-per-domain-sync-1t90/game/[39mclient/renderer/avatarSync.js:430:15[90m)[39m
    at Object.syncPlayerAvatar [90m(/home/matt/workspace/.autogame-worktrees/client-split-renderer-js-6-800-lines-extract-per-domain-sync-1t90/game/[39mclient/renderer/avatarSync.js:452:18[90m)[39m
    at animate [90m(/home/matt/workspace/.autogame-worktrees/client-split-renderer-js-6-800-lines-extract-per-domain-sync-1t90/game/[39mclient/renderer.js:4553:20[90m)[39m {
  [cause]: TypeError: Invalid URL: /models/player.glb
      at new URLImpl [90m(/home/matt/workspace/.autogame-worktrees/client-split-renderer-js-6-800-lines-extract-per-domain-sync-1t90/game/[39mnode_modules/[4m.pnpm[24m/whatwg-url@14.2.0/node_modules/[4mwhatwg-url[24m/lib/URL-impl.js:20:13[90m)[39m
      at Object.exports.setup [90m(/home/matt/workspace/.autogame-worktrees/client-split-renderer-js-6-800-lines-extract-per-domain-sync-1t90/game/[39mnode_modules/[4m.pnpm[24m/whatwg-url@14.2.0/node_modules/[4mwhatwg-url[24m/lib/URL.js:54:12[90m)[39m
      at new URL [90m(/home/matt/workspace/.autogame-worktrees/client-split-renderer-js-6-800-lines-extract-per-domain-sync-1t90/game/[39mnode_modules/[4m.pnpm[24m/whatwg-url@14.2.0/node_modules/[4mwhatwg-url[24m/lib/URL.js:115:22[90m)[39m
  [90m    at new Request (node:internal/deps/undici/undici:9586:25)[39m
      at FileLoader.load [90m(file:///home/matt/workspace/.autogame-worktrees/client-split-renderer-js-6-800-lines-extract-per-domain-sync-1t90/game/[39mnode_modules/[4m.pnpm[24m/three@0.184.0/node_modules/[4mthree[24m/build/three.core.js:44150:15[90m)[39m
      at GLTFLoader.load [90m(file:///home/matt/workspace/.autogame-worktrees/client-split-renderer-js-6-800-lines-extract-per-domain-sync-1t90/game/[39mnode_modules/[4m.pnpm[24m/three@0.184.0/node_modules/[4mthree[24m/examples/jsm/loaders/GLTFLoader.js:319:10[90m)[39m
      at [90m/home/matt/workspace/.autogame-worktrees/client-split-renderer-js-6-800-lines-extract-per-domain-sync-1t90/game/[39mclient/models.js:89:11
      at new Promise (<anonymous>)
      at loadModel [90m(/home/matt/workspace/.autogame-worktrees/client-split-renderer-js-6-800-lines-extract-per-domain-sync-1t90/game/[39mclient/models.js:80:11[90m)[39m
      at Object.attachRegistryModel [90m(/home/matt/workspace/.autogame-worktrees/client-split-renderer-js-6-800-lines-extract-per-domain-sync-1t90/game/[39mclient/renderer.js:562:11[90m)[39m
}

 ✓ |client| client/test/avatar-cosmetic.test.js (11 tests) 337ms
stdout | client/test/avatar-cosmetic-render.test.js > avatar cosmetic render (hub + in-run) > lobby hub layout builds local avatar whose cosmeticKey matches non-default cosmetic
[initScene] Initializing Three.js scene...

stdout | client/test/renderer-spike-trap.test.js > spike trap persistent hazard reconcile > creates a persistent mesh keyed by enc.id and positions it at enc.x/z
[initScene] Initializing Three.js scene...

stderr | client/test/renderer-spike-trap.test.js > spike trap persistent hazard reconcile > creates a persistent mesh keyed by enc.id and positions it at enc.x/z
[renderer] failed to apply model "/models/player.glb" for "player": TypeError: Failed to parse URL from /models/player.glb
[90m    at new Request (node:internal/deps/undici/undici:9588:19)[39m
    at FileLoader.load [90m(file:///home/matt/workspace/.autogame-worktrees/client-split-renderer-js-6-800-lines-extract-per-domain-sync-1t90/game/[39mnode_modules/[4m.pnpm[24m/three@0.184.0/node_modules/[4mthree[24m/build/three.core.js:44150:15[90m)[39m
[90m    ... 4 lines matching cause stack trace ...[39m
    at Object.attachRegistryModel [90m(/home/matt/workspace/.autogame-worktrees/client-split-renderer-js-6-800-lines-extract-per-domain-sync-1t90/game/[39mclient/renderer.js:562:11[90m)[39m
    at createPlayerAvatar [90m(/home/matt/workspace/.autogame-worktrees/client-split-renderer-js-6-800-lines-extract-per-domain-sync-1t90/game/[39mclient/renderer/avatarSync.js:430:15[90m)[39m
    at Object.syncPlayerAvatar [90m(/home/matt/workspace/.autogame-worktrees/client-split-renderer-js-6-800-lines-extract-per-domain-sync-1t90/game/[39mclient/renderer/avatarSync.js:452:18[90m)[39m
    at animate [90m(/home/matt/workspace/.autogame-worktrees/client-split-renderer-js-6-800-lines-extract-per-domain-sync-1t90/game/[39mclient/renderer.js:4553:20[90m)[39m {
  [cause]: TypeError: Invalid URL: /models/player.glb
      at new URLImpl [90m(/home/matt/workspace/.autogame-worktrees/client-split-renderer-js-6-800-lines-extract-per-domain-sync-1t90/game/[39mnode_modules/[4m.pnpm[24m/whatwg-url@14.2.0/node_modules/[4mwhatwg-url[24m/lib/URL-impl.js:20:13[90m)[39m
      at Object.exports.setup [90m(/home/matt/workspace/.autogame-worktrees/client-split-renderer-js-6-800-lines-extract-per-domain-sync-1t90/game/[39mnode_modules/[4m.pnpm[24m/whatwg-url@14.2.0/node_modules/[4mwhatwg-url[24m/lib/URL.js:54:12[90m)[39m
      at new URL [90m(/home/matt/workspace/.autogame-worktrees/client-split-renderer-js-6-800-lines-extract-per-domain-sync-1t90/game/[39mnode_modules/[4m.pnpm[24m/whatwg-url@14.2.0/node_modules/[4mwhatwg-url[24m/lib/URL.js:115:22[90m)[39m
  [90m    at new Request (node:internal/deps/undici/undici:9586:25)[39m
      at FileLoader.load [90m(file:///home/matt/workspace/.autogame-worktrees/client-split-renderer-js-6-800-lines-extract-per-domain-sync-1t90/game/[39mnode_modules/[4m.pnpm[24m/three@0.184.0/node_modules/[4mthree[24m/build/three.core.js:44150:15[90m)[39m
      at GLTFLoader.load [90m(file:///home/matt/workspace/.autogame-worktrees/client-split-renderer-js-6-800-lines-extract-per-domain-sync-1t90/game/[39mnode_modules/[4m.pnpm[24m/three@0.184.0/node_modules/[4mthree[24m/examples/jsm/loaders/GLTFLoader.js:319:10[90m)[39m
      at [90m/home/matt/workspace/.autogame-worktrees/client-split-renderer-js-6-800-lines-extract-per-domain-sync-1t90/game/[39mclient/models.js:89:11
      at new Promise (<anonymous>)
      at loadModel [90m(/home/matt/workspace/.autogame-worktrees/client-split-renderer-js-6-800-lines-extract-per-domain-sync-1t90/game/[39mclient/models.js:80:11[90m)[39m
      at Object.attachRegistryModel [90m(/home/matt/workspace/.autogame-worktrees/client-split-renderer-js-6-800-lines-extract-per-domain-sync-1t90/game/[39mclient/renderer.js:562:11[90m)[39m
}

stdout | client/test/renderer-registry-normalize.test.js > field medic VFX > triggerMedicAllyHealVFX spawns telegraph ring and particle burst primitives
[initScene] Initializing Three.js scene...

stdout | client/test/renderer-registry-normalize.test.js > field medic VFX > triggerMedicEnergyBeadVFX spawns corridor, trail, decal, and burst along the bead vector
[initScene] Initializing Three.js scene...

stdout | client/test/renderer-loot.test.js > renderer loot helpers > getPickedUpLootIds reflects lootPickupAttempts after walk-over pickup
[initScene] Initializing Three.js scene...

stderr | client/test/renderer-registry-normalize.test.js > getEnemyRenderScaleForTest() > reads world-space height from a live enemy mesh
[renderer] failed to apply model "/models/miniboss.glb" for "miniboss": TypeError: Failed to parse URL from /models/miniboss.glb
[90m    at new Request (node:internal/deps/undici/undici:9588:19)[39m
    at FileLoader.load [90m(file:///home/matt/workspace/.autogame-worktrees/client-split-renderer-js-6-800-lines-extract-per-domain-sync-1t90/game/[39mnode_modules/[4m.pnpm[24m/three@0.184.0/node_modules/[4mthree[24m/build/three.core.js:44150:15[90m)[39m
[90m    ... 4 lines matching cause stack trace ...[39m
    at Object.attachRegistryModel [90m(/home/matt/workspace/.autogame-worktrees/client-split-renderer-js-6-800-lines-extract-per-domain-sync-1t90/game/[39mclient/renderer.js:562:11[90m)[39m
    at Object.createEnemyMesh [90m(/home/matt/workspace/.autogame-worktrees/client-split-renderer-js-6-800-lines-extract-per-domain-sync-1t90/game/[39mclient/renderer/enemySync.js:233:7[90m)[39m
    at createEnemyMesh [90m(/home/matt/workspace/.autogame-worktrees/client-split-renderer-js-6-800-lines-extract-per-domain-sync-1t90/game/[39mclient/renderer.js:2359:24[90m)[39m
    at [90m/home/matt/workspace/.autogame-worktrees/client-split-renderer-js-6-800-lines-extract-per-domain-sync-1t90/game/[39mclient/test/renderer-registry-normalize.test.js:227:31 {
  [cause]: TypeError: Invalid URL: /models/miniboss.glb
      at new URLImpl [90m(/home/matt/workspace/.autogame-worktrees/client-split-renderer-js-6-800-lines-extract-per-domain-sync-1t90/game/[39mnode_modules/[4m.pnpm[24m/whatwg-url@14.2.0/node_modules/[4mwhatwg-url[24m/lib/URL-impl.js:20:13[90m)[39m
      at Object.exports.setup [90m(/home/matt/workspace/.autogame-worktrees/client-split-renderer-js-6-800-lines-extract-per-domain-sync-1t90/game/[39mnode_modules/[4m.pnpm[24m/whatwg-url@14.2.0/node_modules/[4mwhatwg-url[24m/lib/URL.js:54:12[90m)[39m
      at new URL [90m(/home/matt/workspace/.autogame-worktrees/client-split-renderer-js-6-800-lines-extract-per-domain-sync-1t90/game/[39mnode_modules/[4m.pnpm[24m/whatwg-url@14.2.0/node_modules/[4mwhatwg-url[24m/lib/URL.js:115:22[90m)[39m
  [90m    at new Request (node:internal/deps/undici/undici:9586:25)[39m
      at FileLoader.load [90m(file:///home/matt/workspace/.autogame-worktrees/client-split-renderer-js-6-800-lines-extract-per-domain-sync-1t90/game/[39mnode_modules/[4m.pnpm[24m/three@0.184.0/node_modules/[4mthree[24m/build/three.core.js:44150:15[90m)[39m
      at GLTFLoader.load [90m(file:///home/matt/workspace/.autogame-worktrees/client-split-renderer-js-6-800-lines-extract-per-domain-sync-1t90/game/[39mnode_modules/[4m.pnpm[24m/three@0.184.0/node_modules/[4mthree[24m/examples/jsm/loaders/GLTFLoader.js:319:10[90m)[39m
      at [90m/home/matt/workspace/.autogame-worktrees/client-split-renderer-js-6-800-lines-extract-per-domain-sync-1t90/game/[39mclient/models.js:89:11
      at new Promise (<anonymous>)
      at loadModel [90m(/home/matt/workspace/.autogame-worktrees/client-split-renderer-js-6-800-lines-extract-per-domain-sync-1t90/game/[39mclient/models.js:80:11[90m)[39m
      at Object.attachRegistryModel [90m(/home/matt/workspace/.autogame-worktrees/client-split-renderer-js-6-800-lines-extract-per-domain-sync-1t90/game/[39mclient/renderer.js:562:11[90m)[39m
}

stderr | client/test/renderer-loot.test.js > renderer loot helpers > getPickedUpLootIds reflects lootPickupAttempts after walk-over pickup
[renderer] failed to apply model "/models/player.glb" for "player": TypeError: Failed to parse URL from /models/player.glb
[90m    at new Request (node:internal/deps/undici/undici:9588:19)[39m
    at FileLoader.load [90m(file:///home/matt/workspace/.autogame-worktrees/client-split-renderer-js-6-800-lines-extract-per-domain-sync-1t90/game/[39mnode_modules/[4m.pnpm[24m/three@0.184.0/node_modules/[4mthree[24m/build/three.core.js:44150:15[90m)[39m
[90m    ... 4 lines matching cause stack trace ...[39m
    at Object.attachRegistryModel [90m(/home/matt/workspace/.autogame-worktrees/client-split-renderer-js-6-800-lines-extract-per-domain-sync-1t90/game/[39mclient/renderer.js:562:11[90m)[39m
    at createPlayerAvatar [90m(/home/matt/workspace/.autogame-worktrees/client-split-renderer-js-6-800-lines-extract-per-domain-sync-1t90/game/[39mclient/renderer/avatarSync.js:430:15[90m)[39m
    at Object.syncPlayerAvatar [90m(/home/matt/workspace/.autogame-worktrees/client-split-renderer-js-6-800-lines-extract-per-domain-sync-1t90/game/[39mclient/renderer/avatarSync.js:452:18[90m)[39m
    at animate [90m(/home/matt/workspace/.autogame-worktrees/client-split-renderer-js-6-800-lines-extract-per-domain-sync-1t90/game/[39mclient/renderer.js:4553:20[90m)[39m {
  [cause]: TypeError: Invalid URL: /models/player.glb
      at new URLImpl [90m(/home/matt/workspace/.autogame-worktrees/client-split-renderer-js-6-800-lines-extract-per-domain-sync-1t90/game/[39mnode_modules/[4m.pnpm[24m/whatwg-url@14.2.0/node_modules/[4mwhatwg-url[24m/lib/URL-impl.js:20:13[90m)[39m
      at Object.exports.setup [90m(/home/matt/workspace/.autogame-worktrees/client-split-renderer-js-6-800-lines-extract-per-domain-sync-1t90/game/[39mnode_modules/[4m.pnpm[24m/whatwg-url@14.2.0/node_modules/[4mwhatwg-url[24m/lib/URL.js:54:12[90m)[39m
      at new URL [90m(/home/matt/workspace/.autogame-worktrees/client-split-renderer-js-6-800-lines-extract-per-domain-sync-1t90/game/[39mnode_modules/[4m.pnpm[24m/whatwg-url@14.2.0/node_modules/[4mwhatwg-url[24m/lib/URL.js:115:22[90m)[39m
  [90m    at new Request (node:internal/deps/undici/undici:9586:25)[39m
      at FileLoader.load [90m(file:///home/matt/workspace/.autogame-worktrees/client-split-renderer-js-6-800-lines-extract-per-domain-sync-1t90/game/[39mnode_modules/[4m.pnpm[24m/three@0.184.0/node_modules/[4mthree[24m/build/three.core.js:44150:15[90m)[39m
      at GLTFLoader.load [90m(file:///home/matt/workspace/.autogame-worktrees/client-split-renderer-js-6-800-lines-extract-per-domain-sync-1t90/game/[39mnode_modules/[4m.pnpm[24m/three@0.184.0/node_modules/[4mthree[24m/examples/jsm/loaders/GLTFLoader.js:319:10[90m)[39m
      at [90m/home/matt/workspace/.autogame-worktrees/client-split-renderer-js-6-800-lines-extract-per-domain-sync-1t90/game/[39mclient/models.js:89:11
      at new Promise (<anonymous>)
      at loadModel [90m(/home/matt/workspace/.autogame-worktrees/client-split-renderer-js-6-800-lines-extract-per-domain-sync-1t90/game/[39mclient/models.js:80:11[90m)[39m
      at Object.attachRegistryModel [90m(/home/matt/workspace/.autogame-worktrees/client-split-renderer-js-6-800-lines-extract-per-domain-sync-1t90/game/[39mclient/renderer.js:562:11[90m)[39m
}

stdout | client/test/hub-lobby-render.test.js > hub lobby render > renders the hub during the lobby and spawns the local avatar on the hub floor
[initScene] Initializing Three.js scene...

stderr | client/test/renderer-variant.test.js > warded variant visuals > createEnemyMesh stores _origColor from the type palette
[renderer] failed to apply model "/models/grunt.glb" for "grunt": TypeError: Failed to parse URL from /models/grunt.glb
[90m    at new Request (node:internal/deps/undici/undici:9588:19)[39m
    at FileLoader.load [90m(file:///home/matt/workspace/.autogame-worktrees/client-split-renderer-js-6-800-lines-extract-per-domain-sync-1t90/game/[39mnode_modules/[4m.pnpm[24m/three@0.184.0/node_modules/[4mthree[24m/build/three.core.js:44150:15[90m)[39m
[90m    ... 4 lines matching cause stack trace ...[39m
    at Object.attachRegistryModel [90m(/home/matt/workspace/.autogame-worktrees/client-split-renderer-js-6-800-lines-extract-per-domain-sync-1t90/game/[39mclient/renderer.js:562:11[90m)[39m
    at Object.createEnemyMesh [90m(/home/matt/workspace/.autogame-worktrees/client-split-renderer-js-6-800-lines-extract-per-domain-sync-1t90/game/[39mclient/renderer/enemySync.js:233:7[90m)[39m
    at createEnemyMesh [90m(/home/matt/workspace/.autogame-worktrees/client-split-renderer-js-6-800-lines-extract-per-domain-sync-1t90/game/[39mclient/renderer.js:2359:24[90m)[39m
    at [90m/home/matt/workspace/.autogame-worktrees/client-split-renderer-js-6-800-lines-extract-per-domain-sync-1t90/game/[39mclient/test/renderer-variant.test.js:29:16 {
  [cause]: TypeError: Invalid URL: /models/grunt.glb
      at new URLImpl [90m(/home/matt/workspace/.autogame-worktrees/client-split-renderer-js-6-800-lines-extract-per-domain-sync-1t90/game/[39mnode_modules/[4m.pnpm[24m/whatwg-url@14.2.0/node_modules/[4mwhatwg-url[24m/lib/URL-impl.js:20:13[90m)[39m
      at Object.exports.setup [90m(/home/matt/workspace/.autogame-worktrees/client-split-renderer-js-6-800-lines-extract-per-domain-sync-1t90/game/[39mnode_modules/[4m.pnpm[24m/whatwg-url@14.2.0/node_modules/[4mwhatwg-url[24m/lib/URL.js:54:12[90m)[39m
      at new URL [90m(/home/matt/workspace/.autogame-worktrees/client-split-renderer-js-6-800-lines-extract-per-domain-sync-1t90/game/[39mnode_modules/[4m.pnpm[24m/whatwg-url@14.2.0/node_modules/[4mwhatwg-url[24m/lib/URL.js:115:22[90m)[39m
  [90m    at new Request (node:internal/deps/undici/undici:9586:25)[39m
      at FileLoader.load [90m(file:///home/matt/workspace/.autogame-worktrees/client-split-renderer-js-6-800-lines-extract-per-domain-sync-1t90/game/[39mnode_modules/[4m.pnpm[24m/three@0.184.0/node_modules/[4mthree[24m/build/three.core.js:44150:15[90m)[39m
      at GLTFLoader.load [90m(file:///home/matt/workspace/.autogame-worktrees/client-split-renderer-js-6-800-lines-extract-per-domain-sync-1t90/game/[39mnode_modules/[4m.pnpm[24m/three@0.184.0/node_modules/[4mthree[24m/examples/jsm/loaders/GLTFLoader.js:319:10[90m)[39m
      at [90m/home/matt/workspace/.autogame-worktrees/client-split-renderer-js-6-800-lines-extract-per-domain-sync-1t90/game/[39mclient/models.js:89:11
      at new Promise (<anonymous>)
      at loadModel [90m(/home/matt/workspace/.autogame-worktrees/client-split-renderer-js-6-800-lines-extract-per-domain-sync-1t90/game/[39mclient/models.js:80:11[90m)[39m
      at Object.attachRegistryModel [90m(/home/matt/workspace/.autogame-worktrees/client-split-renderer-js-6-800-lines-extract-per-domain-sync-1t90/game/[39mclient/renderer.js:562:11[90m)[39m
}

 ✓ |client| client/test/vfx-primitives.test.js (15 tests) 49ms
stderr | client/test/hub-lobby-render.test.js > hub lobby render > renders the hub during the lobby and spawns the local avatar on the hub floor
[renderer] failed to apply model "/models/player.glb" for "player": TypeError: Failed to parse URL from /models/player.glb
[90m    at new Request (node:internal/deps/undici/undici:9588:19)[39m
    at FileLoader.load [90m(file:///home/matt/workspace/.autogame-worktrees/client-split-renderer-js-6-800-lines-extract-per-domain-sync-1t90/game/[39mnode_modules/[4m.pnpm[24m/three@0.184.0/node_modules/[4mthree[24m/build/three.core.js:44150:15[90m)[39m
[90m    ... 4 lines matching cause stack trace ...[39m
    at Object.attachRegistryModel [90m(/home/matt/workspace/.autogame-worktrees/client-split-renderer-js-6-800-lines-extract-per-domain-sync-1t90/game/[39mclient/renderer.js:562:11[90m)[39m
    at createPlayerAvatar [90m(/home/matt/workspace/.autogame-worktrees/client-split-renderer-js-6-800-lines-extract-per-domain-sync-1t90/game/[39mclient/renderer/avatarSync.js:430:15[90m)[39m
    at Object.syncPlayerAvatar [90m(/home/matt/workspace/.autogame-worktrees/client-split-renderer-js-6-800-lines-extract-per-domain-sync-1t90/game/[39mclient/renderer/avatarSync.js:452:18[90m)[39m
    at animate [90m(/home/matt/workspace/.autogame-worktrees/client-split-renderer-js-6-800-lines-extract-per-domain-sync-1t90/game/[39mclient/renderer.js:4553:20[90m)[39m {
  [cause]: TypeError: Invalid URL: /models/player.glb
      at new URLImpl [90m(/home/matt/workspace/.autogame-worktrees/client-split-renderer-js-6-800-lines-extract-per-domain-sync-1t90/game/[39mnode_modules/[4m.pnpm[24m/whatwg-url@14.2.0/node_modules/[4mwhatwg-url[24m/lib/URL-impl.js:20:13[90m)[39m
      at Object.exports.setup [90m(/home/matt/workspace/.autogame-worktrees/client-split-renderer-js-6-800-lines-extract-per-domain-sync-1t90/game/[39mnode_modules/[4m.pnpm[24m/whatwg-url@14.2.0/node_modules/[4mwhatwg-url[24m/lib/URL.js:54:12[90m)[39m
      at new URL [90m(/home/matt/workspace/.autogame-worktrees/client-split-renderer-js-6-800-lines-extract-per-domain-sync-1t90/game/[39mnode_modules/[4m.pnpm[24m/whatwg-url@14.2.0/node_modules/[4mwhatwg-url[24m/lib/URL.js:115:22[90m)[39m
  [90m    at new Request (node:internal/deps/undici/undici:9586:25)[39m
      at FileLoader.load [90m(file:///home/matt/workspace/.autogame-worktrees/client-split-renderer-js-6-800-lines-extract-per-domain-sync-1t90/game/[39mnode_modules/[4m.pnpm[24m/three@0.184.0/node_modules/[4mthree[24m/build/three.core.js:44150:15[90m)[39m
      at GLTFLoader.load [90m(file:///home/matt/workspace/.autogame-worktrees/client-split-renderer-js-6-800-lines-extract-per-domain-sync-1t90/game/[39mnode_modules/[4m.pnpm[24m/three@0.184.0/node_modules/[4mthree[24m/examples/jsm/loaders/GLTFLoader.js:319:10[90m)[39m
      at [90m/home/matt/workspace/.autogame-worktrees/client-split-renderer-js-6-800-lines-extract-per-domain-sync-1t90/game/[39mclient/models.js:89:11
      at new Promise (<anonymous>)
      at loadModel [90m(/home/matt/workspace/.autogame-worktrees/client-split-renderer-js-6-800-lines-extract-per-domain-sync-1t90/game/[39mclient/models.js:80:11[90m)[39m
      at Object.attachRegistryModel [90m(/home/matt/workspace/.autogame-worktrees/client-split-renderer-js-6-800-lines-extract-per-domain-sync-1t90/game/[39mclient/renderer.js:562:11[90m)[39m
}

stdout | client/test/hub-presence-avatars.test.js > hub presence avatars (lobby) > moves the remote mesh when hub presence coordinates change
[initScene] Initializing Three.js scene...

 ✓ |client| client/test/renderer-registry-normalize.test.js (19 tests) 161ms
stdout | client/test/renderer-minion-summon.test.js > minion summon scale-in > does not re-trigger spawn scale-in when the minion id was already seen
[initScene] Initializing Three.js scene...

stdout | client/test/boothPrompt.test.js > booth interaction prompt > shows the prompt on zone enter and hides it on exit
[initScene] Initializing Three.js scene...

stdout | client/test/renderer-shield-bar.test.js > enemy shield bar > updateEnemyShieldBarMesh scales by shieldHp / maxShieldHp
[initScene] Initializing Three.js scene...

stdout | client/test/avatar-cosmetic-render.test.js > avatar cosmetic render (hub + in-run) > playing quest layout builds the same avatar with cosmetic applied after mocked glTF load
[initScene] Initializing Three.js scene...

stdout | client/test/renderer-spike-trap.test.js > spike trap persistent hazard reconcile > disposes the hazard mesh when the enchantment leaves the snapshot
[initScene] Initializing Three.js scene...

stderr | client/test/models-registry.test.js > loadModel() resilience > resolves null for a missing path without throwing
[models] failed to load model "/models/__missing__.glb": Error: 404
    at t.<anonymous> [90m(/home/matt/workspace/.autogame-worktrees/client-split-renderer-js-6-800-lines-extract-per-domain-sync-1t90/game/[39mclient/test/models-registry.test.js:101:12[90m)[39m
    at t.mockCall [90m(file:///home/matt/workspace/.autogame-worktrees/client-split-renderer-js-6-800-lines-extract-per-domain-sync-1t90/game/[39mnode_modules/[4m.pnpm[24m/@vitest+spy@3.2.4/node_modules/[4m@vitest[24m/spy/dist/index.js:96:15[90m)[39m
    at t.spy [as load] [90m(file:///home/matt/workspace/.autogame-worktrees/client-split-renderer-js-6-800-lines-extract-per-domain-sync-1t90/game/[39mnode_modules/[4m.pnpm[24m/tinyspy@4.0.4/node_modules/[4mtinyspy[24m/dist/index.js:47:80[90m)[39m
    at [90m/home/matt/workspace/.autogame-worktrees/client-split-renderer-js-6-800-lines-extract-per-domain-sync-1t90/game/[39mclient/models.js:89:11
    at new Promise (<anonymous>)
    at Module.loadModel [90m(/home/matt/workspace/.autogame-worktrees/client-split-renderer-js-6-800-lines-extract-per-domain-sync-1t90/game/[39mclient/models.js:80:11[90m)[39m
    at [90m/home/matt/workspace/.autogame-worktrees/client-split-renderer-js-6-800-lines-extract-per-domain-sync-1t90/game/[39mclient/test/models-registry.test.js:104:16
    at [90mfile:///home/matt/workspace/.autogame-worktrees/client-split-renderer-js-6-800-lines-extract-per-domain-sync-1t90/game/[39mnode_modules/[4m.pnpm[24m/@vitest+runner@3.2.4/node_modules/[4m@vitest[24m/runner/dist/chunk-hooks.js:155:11
    at [90mfile:///home/matt/workspace/.autogame-worktrees/client-split-renderer-js-6-800-lines-extract-per-domain-sync-1t90/game/[39mnode_modules/[4m.pnpm[24m/@vitest+runner@3.2.4/node_modules/[4m@vitest[24m/runner/dist/chunk-hooks.js:752:26
    at [90mfile:///home/matt/workspace/.autogame-worktrees/client-split-renderer-js-6-800-lines-extract-per-domain-sync-1t90/game/[39mnode_modules/[4m.pnpm[24m/@vitest+runner@3.2.4/node_modules/[4m@vitest[24m/runner/dist/chunk-hooks.js:1897:20

stderr | client/test/models-registry.test.js > loadModel() resilience > caches failure so the same missing path is not re-fetched
[models] failed to load model "/models/__missing__.glb": Error: 404
    at t.<anonymous> [90m(/home/matt/workspace/.autogame-worktrees/client-split-renderer-js-6-800-lines-extract-per-domain-sync-1t90/game/[39mclient/test/models-registry.test.js:109:12[90m)[39m
    at t.mockCall [90m(file:///home/matt/workspace/.autogame-worktrees/client-split-renderer-js-6-800-lines-extract-per-domain-sync-1t90/game/[39mnode_modules/[4m.pnpm[24m/@vitest+spy@3.2.4/node_modules/[4m@vitest[24m/spy/dist/index.js:96:15[90m)[39m
    at t.spy [as load] [90m(file:///home/matt/workspace/.autogame-worktrees/client-split-renderer-js-6-800-lines-extract-per-domain-sync-1t90/game/[39mnode_modules/[4m.pnpm[24m/tinyspy@4.0.4/node_modules/[4mtinyspy[24m/dist/index.js:47:80[90m)[39m
    at [90m/home/matt/workspace/.autogame-worktrees/client-split-renderer-js-6-800-lines-extract-per-domain-sync-1t90/game/[39mclient/models.js:89:11
    at new Promise (<anonymous>)
    at Module.loadModel [90m(/home/matt/workspace/.autogame-worktrees/client-split-renderer-js-6-800-lines-extract-per-domain-sync-1t90/game/[39mclient/models.js:80:11[90m)[39m
    at [90m/home/matt/workspace/.autogame-worktrees/client-split-renderer-js-6-800-lines-extract-per-domain-sync-1t90/game/[39mclient/test/models-registry.test.js:112:9
    at [90mfile:///home/matt/workspace/.autogame-worktrees/client-split-renderer-js-6-800-lines-extract-per-domain-sync-1t90/game/[39mnode_modules/[4m.pnpm[24m/@vitest+runner@3.2.4/node_modules/[4m@vitest[24m/runner/dist/chunk-hooks.js:155:11
    at [90mfile:///home/matt/workspace/.autogame-worktrees/client-split-renderer-js-6-800-lines-extract-per-domain-sync-1t90/game/[39mnode_modules/[4m.pnpm[24m/@vitest+runner@3.2.4/node_modules/[4m@vitest[24m/runner/dist/chunk-hooks.js:752:26
    at [90mfile:///home/matt/workspace/.autogame-worktrees/client-split-renderer-js-6-800-lines-extract-per-domain-sync-1t90/game/[39mnode_modules/[4m.pnpm[24m/@vitest+runner@3.2.4/node_modules/[4m@vitest[24m/runner/dist/chunk-hooks.js:1897:20

stderr | client/test/boothPrompt.test.js > booth interaction prompt > shows the prompt on zone enter and hides it on exit
[renderer] failed to apply model "/models/player.glb" for "player": TypeError: Failed to parse URL from /models/player.glb
[90m    at new Request (node:internal/deps/undici/undici:9588:19)[39m
    at FileLoader.load [90m(file:///home/matt/workspace/.autogame-worktrees/client-split-renderer-js-6-800-lines-extract-per-domain-sync-1t90/game/[39mnode_modules/[4m.pnpm[24m/three@0.184.0/node_modules/[4mthree[24m/build/three.core.js:44150:15[90m)[39m
[90m    ... 4 lines matching cause stack trace ...[39m
    at Object.attachRegistryModel [90m(/home/matt/workspace/.autogame-worktrees/client-split-renderer-js-6-800-lines-extract-per-domain-sync-1t90/game/[39mclient/renderer.js:562:11[90m)[39m
    at createPlayerAvatar [90m(/home/matt/workspace/.autogame-worktrees/client-split-renderer-js-6-800-lines-extract-per-domain-sync-1t90/game/[39mclient/renderer/avatarSync.js:430:15[90m)[39m
    at Object.syncPlayerAvatar [90m(/home/matt/workspace/.autogame-worktrees/client-split-renderer-js-6-800-lines-extract-per-domain-sync-1t90/game/[39mclient/renderer/avatarSync.js:452:18[90m)[39m
    at Module.animate [90m(/home/matt/workspace/.autogame-worktrees/client-split-renderer-js-6-800-lines-extract-per-domain-sync-1t90/game/[39mclient/renderer.js:4553:20[90m)[39m {
  [cause]: TypeError: Invalid URL: /models/player.glb
      at new URLImpl [90m(/home/matt/workspace/.autogame-worktrees/client-split-renderer-js-6-800-lines-extract-per-domain-sync-1t90/game/[39mnode_modules/[4m.pnpm[24m/whatwg-url@14.2.0/node_modules/[4mwhatwg-url[24m/lib/URL-impl.js:20:13[90m)[39m
      at Object.exports.setup [90m(/home/matt/workspace/.autogame-worktrees/client-split-renderer-js-6-800-lines-extract-per-domain-sync-1t90/game/[39mnode_modules/[4m.pnpm[24m/whatwg-url@14.2.0/node_modules/[4mwhatwg-url[24m/lib/URL.js:54:12[90m)[39m
      at new URL [90m(/home/matt/workspace/.autogame-worktrees/client-split-renderer-js-6-800-lines-extract-per-domain-sync-1t90/game/[39mnode_modules/[4m.pnpm[24m/whatwg-url@14.2.0/node_modules/[4mwhatwg-url[24m/lib/URL.js:115:22[90m)[39m
  [90m    at new Request (node:internal/deps/undici/undici:9586:25)[39m
      at FileLoader.load [90m(file:///home/matt/workspace/.autogame-worktrees/client-split-renderer-js-6-800-lines-extract-per-domain-sync-1t90/game/[39mnode_modules/[4m.pnpm[24m/three@0.184.0/node_modules/[4mthree[24m/build/three.core.js:44150:15[90m)[39m
      at GLTFLoader.load [90m(file:///home/matt/workspace/.autogame-worktrees/client-split-renderer-js-6-800-lines-extract-per-domain-sync-1t90/game/[39mnode_modules/[4m.pnpm[24m/three@0.184.0/node_modules/[4mthree[24m/examples/jsm/loaders/GLTFLoader.js:319:10[90m)[39m
      at [90m/home/matt/workspace/.autogame-worktrees/client-split-renderer-js-6-800-lines-extract-per-domain-sync-1t90/game/[39mclient/models.js:89:11
      at new Promise (<anonymous>)
      at loadModel [90m(/home/matt/workspace/.autogame-worktrees/client-split-renderer-js-6-800-lines-extract-per-domain-sync-1t90/game/[39mclient/models.js:80:11[90m)[39m
      at Object.attachRegistryModel [90m(/home/matt/workspace/.autogame-worktrees/client-split-renderer-js-6-800-lines-extract-per-domain-sync-1t90/game/[39mclient/renderer.js:562:11[90m)[39m
}

 ✓ |client| client/test/renderer-minion-summon.test.js (2 tests) 1547ms
   ✓ minion summon scale-in > records spawn time and starts new minion meshes below full scale  963ms
   ✓ minion summon scale-in > does not re-trigger spawn scale-in when the minion id was already seen  582ms
stderr | client/test/models-registry.test.js > registry attach fallback (renderer) > createPlayerAvatar keeps procedural visible when the model fails to load
[models] failed to load model "/models/player.glb": Error: 404
    at t.<anonymous> [90m(/home/matt/workspace/.autogame-worktrees/client-split-renderer-js-6-800-lines-extract-per-domain-sync-1t90/game/[39mclient/test/models-registry.test.js:166:12[90m)[39m
    at t.mockCall [90m(file:///home/matt/workspace/.autogame-worktrees/client-split-renderer-js-6-800-lines-extract-per-domain-sync-1t90/game/[39mnode_modules/[4m.pnpm[24m/@vitest+spy@3.2.4/node_modules/[4m@vitest[24m/spy/dist/index.js:96:15[90m)[39m
    at t.spy [as load] [90m(file:///home/matt/workspace/.autogame-worktrees/client-split-renderer-js-6-800-lines-extract-per-domain-sync-1t90/game/[39mnode_modules/[4m.pnpm[24m/tinyspy@4.0.4/node_modules/[4mtinyspy[24m/dist/index.js:47:80[90m)[39m
    at [90m/home/matt/workspace/.autogame-worktrees/client-split-renderer-js-6-800-lines-extract-per-domain-sync-1t90/game/[39mclient/models.js:89:11
    at new Promise (<anonymous>)
    at loadModel [90m(/home/matt/workspace/.autogame-worktrees/client-split-renderer-js-6-800-lines-extract-per-domain-sync-1t90/game/[39mclient/models.js:80:11[90m)[39m
    at Object.attachRegistryModel [90m(/home/matt/workspace/.autogame-worktrees/client-split-renderer-js-6-800-lines-extract-per-domain-sync-1t90/game/[39mclient/renderer.js:562:11[90m)[39m
    at createPlayerAvatar [90m(/home/matt/workspace/.autogame-worktrees/client-split-renderer-js-6-800-lines-extract-per-domain-sync-1t90/game/[39mclient/renderer/avatarSync.js:430:15[90m)[39m
    at Module.createPlayerAvatar [90m(/home/matt/workspace/.autogame-worktrees/client-split-renderer-js-6-800-lines-extract-per-domain-sync-1t90/game/[39mclient/renderer.js:47:37[90m)[39m
    at [90m/home/matt/workspace/.autogame-worktrees/client-split-renderer-js-6-800-lines-extract-per-domain-sync-1t90/game/[39mclient/test/models-registry.test.js:169:18

stderr | client/test/models-registry.test.js > registry attach fallback (renderer) > createEnemyMesh keeps procedural visible when loadModel resolves null
[models] failed to load model "/models/grunt.glb": Error: 404
    at t.<anonymous> [90m(/home/matt/workspace/.autogame-worktrees/client-split-renderer-js-6-800-lines-extract-per-domain-sync-1t90/game/[39mclient/test/models-registry.test.js:183:12[90m)[39m
    at t.mockCall [90m(file:///home/matt/workspace/.autogame-worktrees/client-split-renderer-js-6-800-lines-extract-per-domain-sync-1t90/game/[39mnode_modules/[4m.pnpm[24m/@vitest+spy@3.2.4/node_modules/[4m@vitest[24m/spy/dist/index.js:96:15[90m)[39m
    at t.spy [as load] [90m(file:///home/matt/workspace/.autogame-worktrees/client-split-renderer-js-6-800-lines-extract-per-domain-sync-1t90/game/[39mnode_modules/[4m.pnpm[24m/tinyspy@4.0.4/node_modules/[4mtinyspy[24m/dist/index.js:47:80[90m)[39m
    at [90m/home/matt/workspace/.autogame-worktrees/client-split-renderer-js-6-800-lines-extract-per-domain-sync-1t90/game/[39mclient/models.js:89:11
    at new Promise (<anonymous>)
    at loadModel [90m(/home/matt/workspace/.autogame-worktrees/client-split-renderer-js-6-800-lines-extract-per-domain-sync-1t90/game/[39mclient/models.js:80:11[90m)[39m
    at Object.attachRegistryModel [90m(/home/matt/workspace/.autogame-worktrees/client-split-renderer-js-6-800-lines-extract-per-domain-sync-1t90/game/[39mclient/renderer.js:562:11[90m)[39m
    at Object.createEnemyMesh [90m(/home/matt/workspace/.autogame-worktrees/client-split-renderer-js-6-800-lines-extract-per-domain-sync-1t90/game/[39mclient/renderer/enemySync.js:233:7[90m)[39m
    at Module.createEnemyMesh [90m(/home/matt/workspace/.autogame-worktrees/client-split-renderer-js-6-800-lines-extract-per-domain-sync-1t90/game/[39mclient/renderer.js:2359:24[90m)[39m
    at [90m/home/matt/workspace/.autogame-worktrees/client-split-renderer-js-6-800-lines-extract-per-domain-sync-1t90/game/[39mclient/test/models-registry.test.js:186:16

 ✓ |client| client/test/models-registry.test.js (10 tests) 195ms
stdout | client/test/renderer-loot.test.js > renderer loot helpers > markLootCollected shows "+N MS" for magic stone pickups
[initScene] Initializing Three.js scene...

stdout | client/test/hub-lobby-render.test.js > hub lobby render > rebuilds to the quest layout on deploy, moving the avatar off the hub
[initScene] Initializing Three.js scene...

stdout | client/test/spire-atmosphere.test.js > spire-ascent atmosphere > resetAtmosphere restores default background and removes fog
[initScene] Initializing Three.js scene...

stdout | client/test/fire-atmosphere.test.js > fire-cavern atmosphere > resetAtmosphere restores default background and removes fog
[initScene] Initializing Three.js scene...

stdout | client/test/renderer-spike-trap.test.js > spike trap persistent hazard reconcile > does NOT create a hazard mesh for cinder_snare enchantments
[initScene] Initializing Three.js scene...

stdout | client/test/renderer-shield-bar.test.js > enemy shield bar > animate sync creates, updates, and disposes shield bars from game state
[initScene] Initializing Three.js scene...

stdout | client/test/boothPrompt.test.js > booth interaction prompt > hides the prompt when the rendered scene is not the hub
[initScene] Initializing Three.js scene...

 ✓ |client| client/test/hub-lobby-render.test.js (2 tests) 1487ms
   ✓ hub lobby render > renders the hub during the lobby and spawns the local avatar on the hub floor  1079ms
   ✓ hub lobby render > rebuilds to the quest layout on deploy, moving the avatar off the hub  406ms
stdout | client/test/renderer-variant.test.js > warded variant visuals > applyVariantMarker uses per-variant badge colors on the marker mesh
[initScene] Initializing Three.js scene...

stdout | client/test/avatar-cosmetic-render.test.js > avatar cosmetic render (hub + in-run) > rebuilds avatar when cosmetic changes between animate() calls
[initScene] Initializing Three.js scene...

stdout | client/test/hub-presence-avatars.test.js > hub presence avatars (lobby) > applyHubPresence sequence updates remote mesh position and cosmeticKey
[initScene] Initializing Three.js scene...

stdout | client/test/lobby-menu-dismiss.test.js > lobby menu dismiss guard (main.js) > hub lobby join starts with #lobby hidden and lobbyMenuDismissed true
[initScene] Initializing Three.js scene...

stderr | client/test/renderer-shield-bar.test.js > enemy shield bar > animate sync creates, updates, and disposes shield bars from game state
[renderer] failed to apply model "/models/player.glb" for "player": TypeError: Failed to parse URL from /models/player.glb
[90m    at new Request (node:internal/deps/undici/undici:9588:19)[39m
    at FileLoader.load [90m(file:///home/matt/workspace/.autogame-worktrees/client-split-renderer-js-6-800-lines-extract-per-domain-sync-1t90/game/[39mnode_modules/[4m.pnpm[24m/three@0.184.0/node_modules/[4mthree[24m/build/three.core.js:44150:15[90m)[39m
[90m    ... 4 lines matching cause stack trace ...[39m
    at Object.attachRegistryModel [90m(/home/matt/workspace/.autogame-worktrees/client-split-renderer-js-6-800-lines-extract-per-domain-sync-1t90/game/[39mclient/renderer.js:562:11[90m)[39m
    at createPlayerAvatar [90m(/home/matt/workspace/.autogame-worktrees/client-split-renderer-js-6-800-lines-extract-per-domain-sync-1t90/game/[39mclient/renderer/avatarSync.js:430:15[90m)[39m
    at Object.syncPlayerAvatar [90m(/home/matt/workspace/.autogame-worktrees/client-split-renderer-js-6-800-lines-extract-per-domain-sync-1t90/game/[39mclient/renderer/avatarSync.js:452:18[90m)[39m
    at animate [90m(/home/matt/workspace/.autogame-worktrees/client-split-renderer-js-6-800-lines-extract-per-domain-sync-1t90/game/[39mclient/renderer.js:4553:20[90m)[39m {
  [cause]: TypeError: Invalid URL: /models/player.glb
      at new URLImpl [90m(/home/matt/workspace/.autogame-worktrees/client-split-renderer-js-6-800-lines-extract-per-domain-sync-1t90/game/[39mnode_modules/[4m.pnpm[24m/whatwg-url@14.2.0/node_modules/[4mwhatwg-url[24m/lib/URL-impl.js:20:13[90m)[39m
      at Object.exports.setup [90m(/home/matt/workspace/.autogame-worktrees/client-split-renderer-js-6-800-lines-extract-per-domain-sync-1t90/game/[39mnode_modules/[4m.pnpm[24m/whatwg-url@14.2.0/node_modules/[4mwhatwg-url[24m/lib/URL.js:54:12[90m)[39m
      at new URL [90m(/home/matt/workspace/.autogame-worktrees/client-split-renderer-js-6-800-lines-extract-per-domain-sync-1t90/game/[39mnode_modules/[4m.pnpm[24m/whatwg-url@14.2.0/node_modules/[4mwhatwg-url[24m/lib/URL.js:115:22[90m)[39m
  [90m    at new Request (node:internal/deps/undici/undici:9586:25)[39m
      at FileLoader.load [90m(file:///home/matt/workspace/.autogame-worktrees/client-split-renderer-js-6-800-lines-extract-per-domain-sync-1t90/game/[39mnode_modules/[4m.pnpm[24m/three@0.184.0/node_modules/[4mthree[24m/build/three.core.js:44150:15[90m)[39m
      at GLTFLoader.load [90m(file:///home/matt/workspace/.autogame-worktrees/client-split-renderer-js-6-800-lines-extract-per-domain-sync-1t90/game/[39mnode_modules/[4m.pnpm[24m/three@0.184.0/node_modules/[4mthree[24m/examples/jsm/loaders/GLTFLoader.js:319:10[90m)[39m
      at [90m/home/matt/workspace/.autogame-worktrees/client-split-renderer-js-6-800-lines-extract-per-domain-sync-1t90/game/[39mclient/models.js:89:11
      at new Promise (<anonymous>)
      at loadModel [90m(/home/matt/workspace/.autogame-worktrees/client-split-renderer-js-6-800-lines-extract-per-domain-sync-1t90/game/[39mclient/models.js:80:11[90m)[39m
      at Object.attachRegistryModel [90m(/home/matt/workspace/.autogame-worktrees/client-split-renderer-js-6-800-lines-extract-per-domain-sync-1t90/game/[39mclient/renderer.js:562:11[90m)[39m
}
[renderer] failed to apply model "/models/grunt.glb" for "grunt": TypeError: Failed to parse URL from /models/grunt.glb
[90m    at new Request (node:internal/deps/undici/undici:9588:19)[39m
    at FileLoader.load [90m(file:///home/matt/workspace/.autogame-worktrees/client-split-renderer-js-6-800-lines-extract-per-domain-sync-1t90/game/[39mnode_modules/[4m.pnpm[24m/three@0.184.0/node_modules/[4mthree[24m/build/three.core.js:44150:15[90m)[39m
[90m    ... 4 lines matching cause stack trace ...[39m
    at Object.attachRegistryModel [90m(/home/matt/workspace/.autogame-worktrees/client-split-renderer-js-6-800-lines-extract-per-domain-sync-1t90/game/[39mclient/renderer.js:562:11[90m)[39m
    at createEnemyMesh [90m(/home/matt/workspace/.autogame-worktrees/client-split-renderer-js-6-800-lines-extract-per-domain-sync-1t90/game/[39mclient/renderer/enemySync.js:233:7[90m)[39m
    at Object.syncEnemiesFrame [90m(/home/matt/workspace/.autogame-worktrees/client-split-renderer-js-6-800-lines-extract-per-domain-sync-1t90/game/[39mclient/renderer/enemySync.js:649:18[90m)[39m
    at animate [90m(/home/matt/workspace/.autogame-worktrees/client-split-renderer-js-6-800-lines-extract-per-domain-sync-1t90/game/[39mclient/renderer.js:4556:18[90m)[39m {
  [cause]: TypeError: Invalid URL: /models/grunt.glb
      at new URLImpl [90m(/home/matt/workspace/.autogame-worktrees/client-split-renderer-js-6-800-lines-extract-per-domain-sync-1t90/game/[39mnode_modules/[4m.pnpm[24m/whatwg-url@14.2.0/node_modules/[4mwhatwg-url[24m/lib/URL-impl.js:20:13[90m)[39m
      at Object.exports.setup [90m(/home/matt/workspace/.autogame-worktrees/client-split-renderer-js-6-800-lines-extract-per-domain-sync-1t90/game/[39mnode_modules/[4m.pnpm[24m/whatwg-url@14.2.0/node_modules/[4mwhatwg-url[24m/lib/URL.js:54:12[90m)[39m
      at new URL [90m(/home/matt/workspace/.autogame-worktrees/client-split-renderer-js-6-800-lines-extract-per-domain-sync-1t90/game/[39mnode_modules/[4m.pnpm[24m/whatwg-url@14.2.0/node_modules/[4mwhatwg-url[24m/lib/URL.js:115:22[90m)[39m
  [90m    at new Request (node:internal/deps/undici/undici:9586:25)[39m
      at FileLoader.load [90m(file:///home/matt/workspace/.autogame-worktrees/client-split-renderer-js-6-800-lines-extract-per-domain-sync-1t90/game/[39mnode_modules/[4m.pnpm[24m/three@0.184.0/node_modules/[4mthree[24m/build/three.core.js:44150:15[90m)[39m
      at GLTFLoader.load [90m(file:///home/matt/workspace/.autogame-worktrees/client-split-renderer-js-6-800-lines-extract-per-domain-sync-1t90/game/[39mnode_modules/[4m.pnpm[24m/three@0.184.0/node_modules/[4mthree[24m/examples/jsm/loaders/GLTFLoader.js:319:10[90m)[39m
      at [90m/home/matt/workspace/.autogame-worktrees/client-split-renderer-js-6-800-lines-extract-per-domain-sync-1t90/game/[39mclient/models.js:89:11
      at new Promise (<anonymous>)
      at loadModel [90m(/home/matt/workspace/.autogame-worktrees/client-split-renderer-js-6-800-lines-extract-per-domain-sync-1t90/game/[39mclient/models.js:80:11[90m)[39m
      at Object.attachRegistryModel [90m(/home/matt/workspace/.autogame-worktrees/client-split-renderer-js-6-800-lines-extract-per-domain-sync-1t90/game/[39mclient/renderer.js:562:11[90m)[39m
}
[renderer] failed to apply model "/models/grunt.glb" for "grunt": TypeError: Failed to parse URL from /models/grunt.glb
[90m    at new Request (node:internal/deps/undici/undici:9588:19)[39m
    at FileLoader.load [90m(file:///home/matt/workspace/.autogame-worktrees/client-split-renderer-js-6-800-lines-extract-per-domain-sync-1t90/game/[39mnode_modules/[4m.pnpm[24m/three@0.184.0/node_modules/[4mthree[24m/build/three.core.js:44150:15[90m)[39m
[90m    ... 4 lines matching cause stack trace ...[39m
    at Object.attachRegistryModel [90m(/home/matt/workspace/.autogame-worktrees/client-split-renderer-js-6-800-lines-extract-per-domain-sync-1t90/game/[39mclient/renderer.js:562:11[90m)[39m
    at createEnemyMesh [90m(/home/matt/workspace/.autogame-worktrees/client-split-renderer-js-6-800-lines-extract-per-domain-sync-1t90/game/[39mclient/renderer/enemySync.js:233:7[90m)[39m
    at Object.syncEnemiesFrame [90m(/home/matt/workspace/.autogame-worktrees/client-split-renderer-js-6-800-lines-extract-per-domain-sync-1t90/game/[39mclient/renderer/enemySync.js:649:18[90m)[39m
    at animate [90m(/home/matt/workspace/.autogame-worktrees/client-split-renderer-js-6-800-lines-extract-per-domain-sync-1t90/game/[39mclient/renderer.js:4556:18[90m)[39m {
  [cause]: TypeError: Invalid URL: /models/grunt.glb
      at new URLImpl [90m(/home/matt/workspace/.autogame-worktrees/client-split-renderer-js-6-800-lines-extract-per-domain-sync-1t90/game/[39mnode_modules/[4m.pnpm[24m/whatwg-url@14.2.0/node_modules/[4mwhatwg-url[24m/lib/URL-impl.js:20:13[90m)[39m
      at Object.exports.setup [90m(/home/matt/workspace/.autogame-worktrees/client-split-renderer-js-6-800-lines-extract-per-domain-sync-1t90/game/[39mnode_modules/[4m.pnpm[24m/whatwg-url@14.2.0/node_modules/[4mwhatwg-url[24m/lib/URL.js:54:12[90m)[39m
      at new URL [90m(/home/matt/workspace/.autogame-worktrees/client-split-renderer-js-6-800-lines-extract-per-domain-sync-1t90/game/[39mnode_modules/[4m.pnpm[24m/whatwg-url@14.2.0/node_modules/[4mwhatwg-url[24m/lib/URL.js:115:22[90m)[39m
  [90m    at new Request (node:internal/deps/undici/undici:9586:25)[39m
      at FileLoader.load [90m(file:///home/matt/workspace/.autogame-worktrees/client-split-renderer-js-6-800-lines-extract-per-domain-sync-1t90/game/[39mnode_modules/[4m.pnpm[24m/three@0.184.0/node_modules/[4mthree[24m/build/three.core.js:44150:15[90m)[39m
      at GLTFLoader.load [90m(file:///home/matt/workspace/.autogame-worktrees/client-split-renderer-js-6-800-lines-extract-per-domain-sync-1t90/game/[39mnode_modules/[4m.pnpm[24m/three@0.184.0/node_modules/[4mthree[24m/examples/jsm/loaders/GLTFLoader.js:319:10[90m)[39m
      at [90m/home/matt/workspace/.autogame-worktrees/client-split-renderer-js-6-800-lines-extract-per-domain-sync-1t90/game/[39mclient/models.js:89:11
      at new Promise (<anonymous>)
      at loadModel [90m(/home/matt/workspace/.autogame-worktrees/client-split-renderer-js-6-800-lines-extract-per-domain-sync-1t90/game/[39mclient/models.js:80:11[90m)[39m
      at Object.attachRegistryModel [90m(/home/matt/workspace/.autogame-worktrees/client-split-renderer-js-6-800-lines-extract-per-domain-sync-1t90/game/[39mclient/renderer.js:562:11[90m)[39m
}

 ✓ |client| client/test/deck-viewer.test.js (21 tests) 1426ms
   ✓ renderDeckViewer() / renderDeckStack() > renders draw pile cards with type icons and toggles via V key  1401ms
stdout | client/test/renderer-loot.test.js > renderer loot helpers > markLootCollected plays loot SFX only for magic stone pickups
[initScene] Initializing Three.js scene...

 ✓ |client| client/test/boss-encounter-hud-wiring.test.js (6 tests) 1632ms
   ✓ boss-encounter HUD wiring in main.js > populates the model and shows the HUD for an active encounter with a live boss  1597ms
stdout | client/test/spire-atmosphere.test.js > spire-ascent atmosphere > rebuildDungeonLayout re-inits spire atmosphere when swapping layouts
[initScene] Initializing Three.js scene...

 ✓ |client| client/test/avatar-cosmetic-render.test.js (3 tests) 1766ms
   ✓ avatar cosmetic render (hub + in-run) > lobby hub layout builds local avatar whose cosmeticKey matches non-default cosmetic  673ms
   ✓ avatar cosmetic render (hub + in-run) > playing quest layout builds the same avatar with cosmetic applied after mocked glTF load  608ms
   ✓ avatar cosmetic render (hub + in-run) > rebuilds avatar when cosmetic changes between animate() calls  482ms
stdout | client/test/fire-atmosphere.test.js > fire-cavern atmosphere > rebuildDungeonLayout re-inits fire atmosphere when swapping layouts
[initScene] Initializing Three.js scene...

 ✓ |client| client/test/spire-atmosphere.test.js (4 tests) 2826ms
   ✓ spire-ascent atmosphere > lerpSpireAtmosphere(0) is darker than lerpSpireAtmosphere(1) for background and fog  1149ms
   ✓ spire-ascent atmosphere > computeSpireAtmosphereBounds uses bottom and top tier floor Y  690ms
   ✓ spire-ascent atmosphere > resetAtmosphere restores default background and removes fog  552ms
   ✓ spire-ascent atmosphere > rebuildDungeonLayout re-inits spire atmosphere when swapping layouts  426ms
stdout | client/test/boothPrompt.test.js > booth interaction prompt > emits boothInteract for the in-range booth and nothing when out of range
[initScene] Initializing Three.js scene...

 ✓ |client| client/test/fire-atmosphere.test.js (4 tests) 3090ms
   ✓ fire-cavern atmosphere > lerpFireCavernAtmosphere(1) has higher red/orange channel sum than lerpFireCavernAtmosphere(0)  1310ms
   ✓ fire-cavern atmosphere > computeFireCavernAtmosphereBounds returns rim Y > basin Y  781ms
   ✓ fire-cavern atmosphere > resetAtmosphere restores default background and removes fog  469ms
   ✓ fire-cavern atmosphere > rebuildDungeonLayout re-inits fire atmosphere when swapping layouts  520ms
 ✓ |client| client/test/boothPrompt.test.js (5 tests) 1972ms
   ✓ booth interaction prompt > shows the prompt on zone enter and hides it on exit  1065ms
   ✓ booth interaction prompt > hides the prompt when the rendered scene is not the hub  332ms
   ✓ booth interaction prompt > emits boothInteract for the in-range booth and nothing when out of range  552ms
stdout | client/test/questBooth.test.js > quest booth booth:action hook (main.js) > reveals and scrolls the quest panel into view for boothId quest in lobby and ignores other booths
[launchBooth] ready-up via booth
[launchBooth] ready-up via booth

stdout | client/test/renderer-shield-bar.test.js > enemy shield bar > does not create a shield bar when shieldHp is absent or zero
[initScene] Initializing Three.js scene...

stdout | client/test/renderer-loot.test.js > renderer loot helpers > updateCollectingLoot disposes cloned loot materials when animation finishes
[initScene] Initializing Three.js scene...

stdout | client/test/hub-presence-avatars.test.js > hub presence avatars (lobby) > applyHubPresence removedPlayerIds disposes remote avatar mesh
[initScene] Initializing Three.js scene...

 ✓ |client| client/test/renderer-shield-bar.test.js (4 tests) 2824ms
   ✓ enemy shield bar > createEnemyShieldBarMesh uses cyan above the enemy half-height  842ms
   ✓ enemy shield bar > updateEnemyShieldBarMesh scales by shieldHp / maxShieldHp  746ms
   ✓ enemy shield bar > animate sync creates, updates, and disposes shield bars from game state  572ms
   ✓ enemy shield bar > does not create a shield bar when shieldHp is absent or zero  661ms
stdout | client/test/lobby-menu-dismiss.test.js > lobby menu dismiss guard (main.js) > dismissGameLobby then lobby-phase stateUpdate keeps #lobby hidden
[initScene] Initializing Three.js scene...

 ✓ |client| client/test/renderer-loot.test.js (4 tests) 2420ms
   ✓ renderer loot helpers > getPickedUpLootIds reflects lootPickupAttempts after walk-over pickup  968ms
   ✓ renderer loot helpers > markLootCollected shows "+N MS" for magic stone pickups  488ms
   ✓ renderer loot helpers > markLootCollected plays loot SFX only for magic stone pickups  399ms
   ✓ renderer loot helpers > updateCollectingLoot disposes cloned loot materials when animation finishes  563ms
stdout | client/test/key-item-dodge.test.js > dash VFX > triggerDashVFX applies squash scale when a player mesh exists
[initScene] Initializing Three.js scene...

 ✓ |client| client/test/hub-presence-avatars.test.js (4 tests) 3495ms
   ✓ hub presence avatars (lobby) > builds meshes for local and remote lobby players  1383ms
   ✓ hub presence avatars (lobby) > moves the remote mesh when hub presence coordinates change  725ms
   ✓ hub presence avatars (lobby) > applyHubPresence sequence updates remote mesh position and cosmeticKey  643ms
   ✓ hub presence avatars (lobby) > applyHubPresence removedPlayerIds disposes remote avatar mesh  742ms
 ✓ |client| client/test/renderer-variant.test.js (6 tests) 4109ms
   ✓ warded variant visuals > variantMarkerColor returns cyan for warded and magenta for other variants  1701ms
   ✓ warded variant visuals > createEnemyMesh stores _origColor from the type palette  740ms
   ✓ warded variant visuals > applyEnemyVariantTint sets warded cyan and restores the type default  398ms
   ✓ frenzied variant visuals > variantMarkerColor returns red for frenzied, distinct from other variants  591ms
   ✓ frenzied variant visuals > applyEnemyVariantTint sets frenzied red and restores the type default  372ms
 ✓ |client| client/test/boothDeck.test.js (4 tests) 2377ms
   ✓ deck booth via booth:action > opens the loadout bay when booth:action targets the deck booth  1325ms
   ✓ deck booth via booth:action > populates the deck editor and deck-add still emits deckAddCard  974ms
 ✓ |client| client/test/debug-hatswap-hook.test.js (3 tests) 2956ms
   ✓ ?booth=hatswap debug hook (main.js requestBoothDebugOpen) > opens the character booth and requests hats-unlocked once on localhost  1619ms
   ✓ ?booth=hatswap debug hook (main.js requestBoothDebugOpen) > does nothing for ?booth=hatswap on a non-localhost host  848ms
   ✓ ?booth=hatswap debug hook (main.js requestBoothDebugOpen) > does not fire before the phase is lobby  486ms
 ✓ |client| client/test/boothShop.test.js (5 tests) 3719ms
   ✓ shop booth via booth:action > opens the card shop when booth:action targets the shop booth  2196ms
   ✓ shop booth via booth:action > emits buyShopCard when the buy button is clicked after booth open  865ms
   ✓ shop booth via booth:action > emits sellCard when a sell button is clicked after booth open  555ms
stdout | client/test/lobby-menu-dismiss.test.js > lobby menu dismiss guard (main.js) > hubPresenceUpdate and applyHubPresence while dismissed do not show #lobby
[initScene] Initializing Three.js scene...

 ✓ |client| client/test/renderer-spike-trap.test.js (5 tests) 3083ms
   ✓ spike trap persistent hazard reconcile > creates a persistent mesh keyed by enc.id and positions it at enc.x/z  929ms
   ✓ spike trap persistent hazard reconcile > disposes the hazard mesh when the enchantment leaves the snapshot  508ms
   ✓ spike trap persistent hazard reconcile > does NOT create a hazard mesh for cinder_snare enchantments  302ms
   ✓ SPIKE_TRAP_TRIGGERED handler > spawns the eruption VFX at the reported x/z/radius  901ms
   ✓ SPIKE_TRAP_TRIGGERED handler > is a guarded no-op when x/z are not finite  440ms
 ✓ |client| client/test/windup-charge.test.js (10 tests) 14ms
 ✓ |client| client/test/renderer-telepipe-portal.test.js (7 tests) 3289ms
   ✓ telepipe portal animation > creates a Group with cylinder, two rings, and particle children  765ms
   ✓ telepipe portal animation > positions the portal at gameState.telepipe coordinates  589ms
   ✓ telepipe portal animation > removes and disposes portal mesh when telepipe is cleared  420ms
   ✓ telepipe portal animation > animateTelepipePortal oscillates cylinder emissive intensity  530ms
   ✓ telepipe portal animation > animateTelepipePortal is a no-op when no portal exists  420ms
stdout | client/test/main.test.js > cardError handler — server hand rejection > shows a toast when the server rejects an unauthorized card use
[cardError] Card not in hand
[cardError] Card not in hand
[cardError] Card not in hand
[cardError] Card not in hand
[cardError] Card not in hand

stdout | client/test/lobby-menu-dismiss.test.js > lobby menu dismiss guard (main.js) > deck booth open shows #lobby and clears the dismissed flag
[initScene] Initializing Three.js scene...

 ✓ |client| client/test/key-item-dodge.test.js (4 tests) 3624ms
   ✓ key item cooldown HUD > updateKeyItemCooldownHud toggles cooldown class and countdown text  1767ms
   ✓ key item cooldown HUD > flashKeyItemIndicator adds flash-success then clears after timeout  790ms
   ✓ dash VFX > triggerDashVFX applies squash scale when a player mesh exists  366ms
   ✓ dash VFX detection in stateUpdate > calls triggerDashVFX when player position jumps beyond dash threshold  698ms
stderr | client/test/main.test.js > createEnemyMesh() > creates a red cone for grunt (default) type
[renderer] failed to apply model "/models/grunt.glb" for "grunt": TypeError: Failed to parse URL from /models/grunt.glb
[90m    at new Request (node:internal/deps/undici/undici:9588:19)[39m
    at FileLoader.load [90m(file:///home/matt/workspace/.autogame-worktrees/client-split-renderer-js-6-800-lines-extract-per-domain-sync-1t90/game/[39mnode_modules/[4m.pnpm[24m/three@0.184.0/node_modules/[4mthree[24m/build/three.core.js:44150:15[90m)[39m
[90m    ... 4 lines matching cause stack trace ...[39m
    at Object.attachRegistryModel [90m(/home/matt/workspace/.autogame-worktrees/client-split-renderer-js-6-800-lines-extract-per-domain-sync-1t90/game/[39mclient/renderer.js:562:11[90m)[39m
    at Object.createEnemyMesh [90m(/home/matt/workspace/.autogame-worktrees/client-split-renderer-js-6-800-lines-extract-per-domain-sync-1t90/game/[39mclient/renderer/enemySync.js:233:7[90m)[39m
    at createEnemyMesh [90m(/home/matt/workspace/.autogame-worktrees/client-split-renderer-js-6-800-lines-extract-per-domain-sync-1t90/game/[39mclient/renderer.js:2359:24[90m)[39m
    at [90m/home/matt/workspace/.autogame-worktrees/client-split-renderer-js-6-800-lines-extract-per-domain-sync-1t90/game/[39mclient/test/main.test.js:2598:23 {
  [cause]: TypeError: Invalid URL: /models/grunt.glb
      at new URLImpl [90m(/home/matt/workspace/.autogame-worktrees/client-split-renderer-js-6-800-lines-extract-per-domain-sync-1t90/game/[39mnode_modules/[4m.pnpm[24m/whatwg-url@14.2.0/node_modules/[4mwhatwg-url[24m/lib/URL-impl.js:20:13[90m)[39m
      at Object.exports.setup [90m(/home/matt/workspace/.autogame-worktrees/client-split-renderer-js-6-800-lines-extract-per-domain-sync-1t90/game/[39mnode_modules/[4m.pnpm[24m/whatwg-url@14.2.0/node_modules/[4mwhatwg-url[24m/lib/URL.js:54:12[90m)[39m
      at new URL [90m(/home/matt/workspace/.autogame-worktrees/client-split-renderer-js-6-800-lines-extract-per-domain-sync-1t90/game/[39mnode_modules/[4m.pnpm[24m/whatwg-url@14.2.0/node_modules/[4mwhatwg-url[24m/lib/URL.js:115:22[90m)[39m
  [90m    at new Request (node:internal/deps/undici/undici:9586:25)[39m
      at FileLoader.load [90m(file:///home/matt/workspace/.autogame-worktrees/client-split-renderer-js-6-800-lines-extract-per-domain-sync-1t90/game/[39mnode_modules/[4m.pnpm[24m/three@0.184.0/node_modules/[4mthree[24m/build/three.core.js:44150:15[90m)[39m
      at GLTFLoader.load [90m(file:///home/matt/workspace/.autogame-worktrees/client-split-renderer-js-6-800-lines-extract-per-domain-sync-1t90/game/[39mnode_modules/[4m.pnpm[24m/three@0.184.0/node_modules/[4mthree[24m/examples/jsm/loaders/GLTFLoader.js:319:10[90m)[39m
      at [90m/home/matt/workspace/.autogame-worktrees/client-split-renderer-js-6-800-lines-extract-per-domain-sync-1t90/game/[39mclient/models.js:89:11
      at new Promise (<anonymous>)
      at loadModel [90m(/home/matt/workspace/.autogame-worktrees/client-split-renderer-js-6-800-lines-extract-per-domain-sync-1t90/game/[39mclient/models.js:80:11[90m)[39m
      at Object.attachRegistryModel [90m(/home/matt/workspace/.autogame-worktrees/client-split-renderer-js-6-800-lines-extract-per-domain-sync-1t90/game/[39mclient/renderer.js:562:11[90m)[39m
}

stderr | client/test/main.test.js > createEnemyMesh() > creates an orange cone for skirmisher type
[renderer] failed to apply model "/models/skirmisher.glb" for "skirmisher": TypeError: Failed to parse URL from /models/skirmisher.glb
[90m    at new Request (node:internal/deps/undici/undici:9588:19)[39m
    at FileLoader.load [90m(file:///home/matt/workspace/.autogame-worktrees/client-split-renderer-js-6-800-lines-extract-per-domain-sync-1t90/game/[39mnode_modules/[4m.pnpm[24m/three@0.184.0/node_modules/[4mthree[24m/build/three.core.js:44150:15[90m)[39m
[90m    ... 4 lines matching cause stack trace ...[39m
    at Object.attachRegistryModel [90m(/home/matt/workspace/.autogame-worktrees/client-split-renderer-js-6-800-lines-extract-per-domain-sync-1t90/game/[39mclient/renderer.js:562:11[90m)[39m
    at Object.createEnemyMesh [90m(/home/matt/workspace/.autogame-worktrees/client-split-renderer-js-6-800-lines-extract-per-domain-sync-1t90/game/[39mclient/renderer/enemySync.js:233:7[90m)[39m
    at createEnemyMesh [90m(/home/matt/workspace/.autogame-worktrees/client-split-renderer-js-6-800-lines-extract-per-domain-sync-1t90/game/[39mclient/renderer.js:2359:24[90m)[39m
    at [90m/home/matt/workspace/.autogame-worktrees/client-split-renderer-js-6-800-lines-extract-per-domain-sync-1t90/game/[39mclient/test/main.test.js:2610:23 {
  [cause]: TypeError: Invalid URL: /models/skirmisher.glb
      at new URLImpl [90m(/home/matt/workspace/.autogame-worktrees/client-split-renderer-js-6-800-lines-extract-per-domain-sync-1t90/game/[39mnode_modules/[4m.pnpm[24m/whatwg-url@14.2.0/node_modules/[4mwhatwg-url[24m/lib/URL-impl.js:20:13[90m)[39m
      at Object.exports.setup [90m(/home/matt/workspace/.autogame-worktrees/client-split-renderer-js-6-800-lines-extract-per-domain-sync-1t90/game/[39mnode_modules/[4m.pnpm[24m/whatwg-url@14.2.0/node_modules/[4mwhatwg-url[24m/lib/URL.js:54:12[90m)[39m
      at new URL [90m(/home/matt/workspace/.autogame-worktrees/client-split-renderer-js-6-800-lines-extract-per-domain-sync-1t90/game/[39mnode_modules/[4m.pnpm[24m/whatwg-url@14.2.0/node_modules/[4mwhatwg-url[24m/lib/URL.js:115:22[90m)[39m
  [90m    at new Request (node:internal/deps/undici/undici:9586:25)[39m
      at FileLoader.load [90m(file:///home/matt/workspace/.autogame-worktrees/client-split-renderer-js-6-800-lines-extract-per-domain-sync-1t90/game/[39mnode_modules/[4m.pnpm[24m/three@0.184.0/node_modules/[4mthree[24m/build/three.core.js:44150:15[90m)[39m
      at GLTFLoader.load [90m(file:///home/matt/workspace/.autogame-worktrees/client-split-renderer-js-6-800-lines-extract-per-domain-sync-1t90/game/[39mnode_modules/[4m.pnpm[24m/three@0.184.0/node_modules/[4mthree[24m/examples/jsm/loaders/GLTFLoader.js:319:10[90m)[39m
      at [90m/home/matt/workspace/.autogame-worktrees/client-split-renderer-js-6-800-lines-extract-per-domain-sync-1t90/game/[39mclient/models.js:89:11
      at new Promise (<anonymous>)
      at loadModel [90m(/home/matt/workspace/.autogame-worktrees/client-split-renderer-js-6-800-lines-extract-per-domain-sync-1t90/game/[39mclient/models.js:80:11[90m)[39m
      at Object.attachRegistryModel [90m(/home/matt/workspace/.autogame-worktrees/client-split-renderer-js-6-800-lines-extract-per-domain-sync-1t90/game/[39mclient/renderer.js:562:11[90m)[39m
}

stderr | client/test/main.test.js > createEnemyMesh() > creates a teal octahedron for spawner type
[renderer] failed to apply model "/models/spawner.glb" for "spawner": TypeError: Failed to parse URL from /models/spawner.glb
[90m    at new Request (node:internal/deps/undici/undici:9588:19)[39m
    at FileLoader.load [90m(file:///home/matt/workspace/.autogame-worktrees/client-split-renderer-js-6-800-lines-extract-per-domain-sync-1t90/game/[39mnode_modules/[4m.pnpm[24m/three@0.184.0/node_modules/[4mthree[24m/build/three.core.js:44150:15[90m)[39m
[90m    ... 4 lines matching cause stack trace ...[39m
    at Object.attachRegistryModel [90m(/home/matt/workspace/.autogame-worktrees/client-split-renderer-js-6-800-lines-extract-per-domain-sync-1t90/game/[39mclient/renderer.js:562:11[90m)[39m
    at Object.createEnemyMesh [90m(/home/matt/workspace/.autogame-worktrees/client-split-renderer-js-6-800-lines-extract-per-domain-sync-1t90/game/[39mclient/renderer/enemySync.js:233:7[90m)[39m
    at createEnemyMesh [90m(/home/matt/workspace/.autogame-worktrees/client-split-renderer-js-6-800-lines-extract-per-domain-sync-1t90/game/[39mclient/renderer.js:2359:24[90m)[39m
    at [90m/home/matt/workspace/.autogame-worktrees/client-split-renderer-js-6-800-lines-extract-per-domain-sync-1t90/game/[39mclient/test/main.test.js:2620:23 {
  [cause]: TypeError: Invalid URL: /models/spawner.glb
      at new URLImpl [90m(/home/matt/workspace/.autogame-worktrees/client-split-renderer-js-6-800-lines-extract-per-domain-sync-1t90/game/[39mnode_modules/[4m.pnpm[24m/whatwg-url@14.2.0/node_modules/[4mwhatwg-url[24m/lib/URL-impl.js:20:13[90m)[39m
      at Object.exports.setup [90m(/home/matt/workspace/.autogame-worktrees/client-split-renderer-js-6-800-lines-extract-per-domain-sync-1t90/game/[39mnode_modules/[4m.pnpm[24m/whatwg-url@14.2.0/node_modules/[4mwhatwg-url[24m/lib/URL.js:54:12[90m)[39m
      at new URL [90m(/home/matt/workspace/.autogame-worktrees/client-split-renderer-js-6-800-lines-extract-per-domain-sync-1t90/game/[39mnode_modules/[4m.pnpm[24m/whatwg-url@14.2.0/node_modules/[4mwhatwg-url[24m/lib/URL.js:115:22[90m)[39m
  [90m    at new Request (node:internal/deps/undici/undici:9586:25)[39m
      at FileLoader.load [90m(file:///home/matt/workspace/.autogame-worktrees/client-split-renderer-js-6-800-lines-extract-per-domain-sync-1t90/game/[39mnode_modules/[4m.pnpm[24m/three@0.184.0/node_modules/[4mthree[24m/build/three.core.js:44150:15[90m)[39m
      at GLTFLoader.load [90m(file:///home/matt/workspace/.autogame-worktrees/client-split-renderer-js-6-800-lines-extract-per-domain-sync-1t90/game/[39mnode_modules/[4m.pnpm[24m/three@0.184.0/node_modules/[4mthree[24m/examples/jsm/loaders/GLTFLoader.js:319:10[90m)[39m
      at [90m/home/matt/workspace/.autogame-worktrees/client-split-renderer-js-6-800-lines-extract-per-domain-sync-1t90/game/[39mclient/models.js:89:11
      at new Promise (<anonymous>)
      at loadModel [90m(/home/matt/workspace/.autogame-worktrees/client-split-renderer-js-6-800-lines-extract-per-domain-sync-1t90/game/[39mclient/models.js:80:11[90m)[39m
      at Object.attachRegistryModel [90m(/home/matt/workspace/.autogame-worktrees/client-split-renderer-js-6-800-lines-extract-per-domain-sync-1t90/game/[39mclient/renderer.js:562:11[90m)[39m
}

stderr | client/test/main.test.js > createEnemyMesh() > creates a warm emissive octahedron for ember_wraith type
[renderer] failed to apply model "/models/grunt.glb" for "grunt": TypeError: Failed to parse URL from /models/grunt.glb
[90m    at new Request (node:internal/deps/undici/undici:9588:19)[39m
    at FileLoader.load [90m(file:///home/matt/workspace/.autogame-worktrees/client-split-renderer-js-6-800-lines-extract-per-domain-sync-1t90/game/[39mnode_modules/[4m.pnpm[24m/three@0.184.0/node_modules/[4mthree[24m/build/three.core.js:44150:15[90m)[39m
[90m    ... 4 lines matching cause stack trace ...[39m
    at Object.attachRegistryModel [90m(/home/matt/workspace/.autogame-worktrees/client-split-renderer-js-6-800-lines-extract-per-domain-sync-1t90/game/[39mclient/renderer.js:562:11[90m)[39m
    at Object.createEnemyMesh [90m(/home/matt/workspace/.autogame-worktrees/client-split-renderer-js-6-800-lines-extract-per-domain-sync-1t90/game/[39mclient/renderer/enemySync.js:233:7[90m)[39m
    at createEnemyMesh [90m(/home/matt/workspace/.autogame-worktrees/client-split-renderer-js-6-800-lines-extract-per-domain-sync-1t90/game/[39mclient/renderer.js:2359:24[90m)[39m
    at [90m/home/matt/workspace/.autogame-worktrees/client-split-renderer-js-6-800-lines-extract-per-domain-sync-1t90/game/[39mclient/test/main.test.js:2598:23 {
  [cause]: TypeError: Invalid URL: /models/grunt.glb
      at new URLImpl [90m(/home/matt/workspace/.autogame-worktrees/client-split-renderer-js-6-800-lines-extract-per-domain-sync-1t90/game/[39mnode_modules/[4m.pnpm[24m/whatwg-url@14.2.0/node_modules/[4mwhatwg-url[24m/lib/URL-impl.js:20:13[90m)[39m
      at Object.exports.setup [90m(/home/matt/workspace/.autogame-worktrees/client-split-renderer-js-6-800-lines-extract-per-domain-sync-1t90/game/[39mnode_modules/[4m.pnpm[24m/whatwg-url@14.2.0/node_modules/[4mwhatwg-url[24m/lib/URL.js:54:12[90m)[39m
      at new URL [90m(/home/matt/workspace/.autogame-worktrees/client-split-renderer-js-6-800-lines-extract-per-domain-sync-1t90/game/[39mnode_modules/[4m.pnpm[24m/whatwg-url@14.2.0/node_modules/[4mwhatwg-url[24m/lib/URL.js:115:22[90m)[39m
  [90m    at new Request (node:internal/deps/undici/undici:9586:25)[39m
      at FileLoader.load [90m(file:///home/matt/workspace/.autogame-worktrees/client-split-renderer-js-6-800-lines-extract-per-domain-sync-1t90/game/[39mnode_modules/[4m.pnpm[24m/three@0.184.0/node_modules/[4mthree[24m/build/three.core.js:44150:15[90m)[39m
      at GLTFLoader.load [90m(file:///home/matt/workspace/.autogame-worktrees/client-split-renderer-js-6-800-lines-extract-per-domain-sync-1t90/game/[39mnode_modules/[4m.pnpm[24m/three@0.184.0/node_modules/[4mthree[24m/examples/jsm/loaders/GLTFLoader.js:319:10[90m)[39m
      at [90m/home/matt/workspace/.autogame-worktrees/client-split-renderer-js-6-800-lines-extract-per-domain-sync-1t90/game/[39mclient/models.js:89:11
      at new Promise (<anonymous>)
      at loadModel [90m(/home/matt/workspace/.autogame-worktrees/client-split-renderer-js-6-800-lines-extract-per-domain-sync-1t90/game/[39mclient/models.js:80:11[90m)[39m
      at Object.attachRegistryModel [90m(/home/matt/workspace/.autogame-worktrees/client-split-renderer-js-6-800-lines-extract-per-domain-sync-1t90/game/[39mclient/renderer.js:562:11[90m)[39m
}

stderr | client/test/main.test.js > createEnemyMesh() > creates a purple cone for miniboss type
[renderer] failed to apply model "/models/miniboss.glb" for "miniboss": TypeError: Failed to parse URL from /models/miniboss.glb
[90m    at new Request (node:internal/deps/undici/undici:9588:19)[39m
    at FileLoader.load [90m(file:///home/matt/workspace/.autogame-worktrees/client-split-renderer-js-6-800-lines-extract-per-domain-sync-1t90/game/[39mnode_modules/[4m.pnpm[24m/three@0.184.0/node_modules/[4mthree[24m/build/three.core.js:44150:15[90m)[39m
[90m    ... 4 lines matching cause stack trace ...[39m
    at Object.attachRegistryModel [90m(/home/matt/workspace/.autogame-worktrees/client-split-renderer-js-6-800-lines-extract-per-domain-sync-1t90/game/[39mclient/renderer.js:562:11[90m)[39m
    at Object.createEnemyMesh [90m(/home/matt/workspace/.autogame-worktrees/client-split-renderer-js-6-800-lines-extract-per-domain-sync-1t90/game/[39mclient/renderer/enemySync.js:233:7[90m)[39m
    at createEnemyMesh [90m(/home/matt/workspace/.autogame-worktrees/client-split-renderer-js-6-800-lines-extract-per-domain-sync-1t90/game/[39mclient/renderer.js:2359:24[90m)[39m
    at [90m/home/matt/workspace/.autogame-worktrees/client-split-renderer-js-6-800-lines-extract-per-domain-sync-1t90/game/[39mclient/test/main.test.js:2662:23 {
  [cause]: TypeError: Invalid URL: /models/miniboss.glb
      at new URLImpl [90m(/home/matt/workspace/.autogame-worktrees/client-split-renderer-js-6-800-lines-extract-per-domain-sync-1t90/game/[39mnode_modules/[4m.pnpm[24m/whatwg-url@14.2.0/node_modules/[4mwhatwg-url[24m/lib/URL-impl.js:20:13[90m)[39m
      at Object.exports.setup [90m(/home/matt/workspace/.autogame-worktrees/client-split-renderer-js-6-800-lines-extract-per-domain-sync-1t90/game/[39mnode_modules/[4m.pnpm[24m/whatwg-url@14.2.0/node_modules/[4mwhatwg-url[24m/lib/URL.js:54:12[90m)[39m
      at new URL [90m(/home/matt/workspace/.autogame-worktrees/client-split-renderer-js-6-800-lines-extract-per-domain-sync-1t90/game/[39mnode_modules/[4m.pnpm[24m/whatwg-url@14.2.0/node_modules/[4mwhatwg-url[24m/lib/URL.js:115:22[90m)[39m
  [90m    at new Request (node:internal/deps/undici/undici:9586:25)[39m
      at FileLoader.load [90m(file:///home/matt/workspace/.autogame-worktrees/client-split-renderer-js-6-800-lines-extract-per-domain-sync-1t90/game/[39mnode_modules/[4m.pnpm[24m/three@0.184.0/node_modules/[4mthree[24m/build/three.core.js:44150:15[90m)[39m
      at GLTFLoader.load [90m(file:///home/matt/workspace/.autogame-worktrees/client-split-renderer-js-6-800-lines-extract-per-domain-sync-1t90/game/[39mnode_modules/[4m.pnpm[24m/three@0.184.0/node_modules/[4mthree[24m/examples/jsm/loaders/GLTFLoader.js:319:10[90m)[39m
      at [90m/home/matt/workspace/.autogame-worktrees/client-split-renderer-js-6-800-lines-extract-per-domain-sync-1t90/game/[39mclient/models.js:89:11
      at new Promise (<anonymous>)
      at loadModel [90m(/home/matt/workspace/.autogame-worktrees/client-split-renderer-js-6-800-lines-extract-per-domain-sync-1t90/game/[39mclient/models.js:80:11[90m)[39m
      at Object.attachRegistryModel [90m(/home/matt/workspace/.autogame-worktrees/client-split-renderer-js-6-800-lines-extract-per-domain-sync-1t90/game/[39mclient/renderer.js:562:11[90m)[39m
}

stdout | client/test/debug-godmode.test.js > debug godmode toggle (main.js) > mirrors debugGodmode onto local player when toggle succeeds
[debugGodmode] enabled
[debugGodmode] enabled
[debugGodmode] enabled
[debugGodmode] enabled
[debugGodmode] enabled

stdout | client/test/lobby-menu-dismiss.test.js > lobby menu dismiss guard (main.js) > shop booth open shows #lobby and clears the dismissed flag
[initScene] Initializing Three.js scene...

stdout | client/test/debug-godmode.test.js > debug godmode toggle (main.js) > keeps debugGodmode false across stateUpdate after godmode-off debugGodmodeResult
[debugGodmode] enabled
[debugGodmode] enabled
[debugGodmode] enabled
[debugGodmode] enabled
[debugGodmode] enabled
[debugGodmode] enabled
[debugGodmode] disabled
[debugGodmode] disabled
[debugGodmode] disabled
[debugGodmode] disabled
[debugGodmode] disabled
[debugGodmode] disabled

 ✓ |client| client/test/lobby-menu-dismiss.test.js (6 tests) 3927ms
   ✓ lobby menu dismiss guard (main.js) > hub lobby join starts with #lobby hidden and lobbyMenuDismissed true  1736ms
   ✓ lobby menu dismiss guard (main.js) > dismissGameLobby then lobby-phase stateUpdate keeps #lobby hidden  860ms
   ✓ lobby menu dismiss guard (main.js) > hubPresenceUpdate and applyHubPresence while dismissed do not show #lobby  527ms
   ✓ lobby menu dismiss guard (main.js) > deck booth open shows #lobby and clears the dismissed flag  353ms
 ✓ |client| client/test/debug-godmode.test.js (7 tests) 4379ms
   ✓ debug godmode toggle (main.js) > Shift+G emits toggleDebugGodmode when debugScenarioAllowed is true  1642ms
   ✓ debug godmode toggle (main.js) > Shift+G does not emit toggleDebugGodmode when debugScenarioAllowed is false  765ms
   ✓ debug godmode toggle (main.js) > Shift+G is swallowed when focus is in a text input  589ms
   ✓ debug godmode toggle (main.js) > __toggleDebugGodmodeForTest emits toggleDebugGodmode when the socket is ready  486ms
   ✓ debug godmode toggle (main.js) > mirrors debugGodmode onto local player when toggle succeeds  345ms
stdout | client/test/characterBooth.test.js > character booth ?booth=character debug hook (main.js) > auto-opens once after hub lobby entry on localhost with ?booth=character
[initScene] Initializing Three.js scene...

 ✓ |client| client/test/questBooth.test.js (17 tests) 4720ms
   ✓ quest booth booth:action hook (main.js) > shows #lobby and reveals the quest panel when the menu starts dismissed  1217ms
   ✓ quest booth booth:action hook (main.js) > reveals and scrolls the quest panel into view for boothId quest in lobby and ignores other booths  916ms
   ✓ quest booth booth:action hook (main.js) > keeps the quest panel hidden when boothId quest fires outside the lobby phase  488ms
   ✓ quest booth booth:action hook (main.js) > re-hides the quest panel when the lobby is (re)shown  446ms
   ✓ ?booth=quest debug hook (main.js requestBoothDebugOpen) > does nothing for ?booth=quest on a non-localhost host  316ms
   ✓ ?booth=quest debug hook (main.js requestBoothDebugOpen) > does not fire before the phase is lobby  321ms
stdout | client/test/characterBooth.test.js > character booth ?booth=character debug hook (main.js) > stays closed without the booth URL param
[initScene] Initializing Three.js scene...

 ✓ |client| client/test/characterBooth.test.js (13 tests) 5121ms
   ✓ character booth overlay (module) > openCharacterBooth() / closeCharacterBooth() toggle overlay visibility and preview  1175ms
   ✓ character booth overlay (module) > closeCharacterBooth() is idempotent  468ms
   ✓ character booth overlay (module) > shows paid confirm for appearance edits and saves after confirm  718ms
   ✓ character booth overlay (module) > does not show confirm for hat-only changes  341ms
   ✓ character booth overlay (module) > cancel on paid confirm aborts without save traffic  315ms
   ✓ character booth overlay (module) > emits applyAppearanceChange on confirm when socket is connected  308ms
   ✓ character booth booth:action hook (main.js) > opens the overlay for boothId character in lobby and ignores other booths  386ms
stdout | client/test/main.test.js > suspended run resume/abandon UI > resume button triggers the launch-booth ready-up path
[launchBooth] ready-up via booth

 ✓ |client| client/test/main.test.js (178 tests) 8914ms
   ✓ renderDeckEditor() > populates owned card counts and deck size from mock data  1208ms
   ✓ auth overlay functions > toolbar account button opens the account overlay  343ms
   ✓ updateObjectiveHud() > shows prism progress for collect_items and hides outside playing  533ms
   ✓ updateObjectiveHud() > shows hostiles progress for defeat_enemies  428ms
   ✓ __AUTOGAME_HARNESS_STATE__ suspendedRunSummary > clears suspendedRunSummary when stateUpdate reports null after resume or abandon  615ms

 Test Files  32 passed (32)
      Tests  394 passed (394)
   Start at  20:35:24
   Duration  15.26s (transform 4.23s, setup 3.39s, collect 13.14s, tests 78.45s, environment 45.81s, prepare 14.33s)

 % Coverage report from v8
--------------|---------|----------|---------|---------|------------------------
File          | % Stmts | % Branch | % Funcs | % Lines | Uncovered Line #s      
--------------|---------|----------|---------|---------|------------------------
All files     |   62.14 |    60.86 |   61.11 |   62.14 |                        
 cards.js     |   78.77 |    63.33 |   77.77 |   78.77 | ...107,116-130,234-251 
 collision.js |   44.72 |       50 |   77.77 |   44.72 | ...230,238-244,251-255 
 delta.js     |     100 |       50 |     100 |     100 | 12                     
 hand.js      |   55.68 |    70.58 |   41.17 |   55.68 | ...158,175-176,179-182 
--------------|---------|----------|---------|---------|------------------------
