
 RUN  v3.2.4 /home/matt/workspace/.autogame-worktrees/220-input-rebind-collision-guard/game
      Coverage enabled with v8

stdout | server/test/smoke_bomb.test.js
[users] Loaded 3 user record(s) from /home/matt/workspace/.autogame-worktrees/220-input-rebind-collision-guard/game/data/users.json
[server] Layout for quest "training_caverns": seed=1335602341, profile=crowded, rooms=10
[server] Dungeon bounds: x [-35.0, 36.0], z [-35.5, 36.0]

stdout | server/test/smoke_bomb.test.js > useKeyItem — smoke_bomb (socket integration) > casting sets smokeBombUntil/radius/center and cooldown on the caster
[server] Layout for quest "training_caverns": seed=1335602341, profile=crowded, rooms=10

stdout | server/test/smoke_bomb.test.js > useKeyItem — smoke_bomb (socket integration) > casting sets smokeBombUntil/radius/center and cooldown on the caster
Server listening on port 0

stdout | server/test/smoke_bomb.test.js > useKeyItem — smoke_bomb (socket integration) > casting sets smokeBombUntil/radius/center and cooldown on the caster
Player connected: socket=Z6HwWgI3pqmMWWtkAAAB, playerId=test-1780607108580-6wrxro

stdout | server/test/smoke_bomb.test.js > useKeyItem — smoke_bomb (socket integration) > casting sets smokeBombUntil/radius/center and cooldown on the caster
[server] Layout for quest "training_caverns": seed=1335602341, profile=crowded, rooms=10

stdout | server/test/smoke_bomb.test.js > useKeyItem — smoke_bomb (socket integration) > casting sets smokeBombUntil/radius/center and cooldown on the caster
Player disconnected: Z6HwWgI3pqmMWWtkAAAB

stdout | server/test/smoke_bomb.test.js > useKeyItem — smoke_bomb (socket integration) > cooldown enforced: immediate re-cast returns on_cooldown and does not refresh the smoke window
[server] Layout for quest "training_caverns": seed=1335602341, profile=crowded, rooms=10

stdout | server/test/smoke_bomb.test.js > useKeyItem — smoke_bomb (socket integration) > cooldown enforced: immediate re-cast returns on_cooldown and does not refresh the smoke window
Server listening on port 0

stdout | server/test/smoke_bomb.test.js > useKeyItem — smoke_bomb (socket integration) > cooldown enforced: immediate re-cast returns on_cooldown and does not refresh the smoke window
Player connected: socket=8jU1NeuyRc-m-QpbAAAD, playerId=test-1780607108646-hhb0oo

stdout | server/test/smoke_bomb.test.js > useKeyItem — smoke_bomb (socket integration) > cooldown enforced: immediate re-cast returns on_cooldown and does not refresh the smoke window
[server] Layout for quest "training_caverns": seed=1335602341, profile=crowded, rooms=10

stdout | server/test/smoke_bomb.test.js > useKeyItem — smoke_bomb (socket integration) > cooldown enforced: immediate re-cast returns on_cooldown and does not refresh the smoke window
[loot] spawned id=4d870dbf-ecdd-4120-abae-8b2a7ccb208d value=8

stdout | server/test/smoke_bomb.test.js > useKeyItem — smoke_bomb (socket integration) > cooldown enforced: immediate re-cast returns on_cooldown and does not refresh the smoke window
Player disconnected: 8jU1NeuyRc-m-QpbAAAD

stdout | server/test/smoke_bomb.test.js > smoke_bomb concealment — enemy targeting > isPlayerConcealed is true inside an active zone and false once expired or exited
[server] Layout for quest "training_caverns": seed=1335602341, profile=crowded, rooms=10

stdout | server/test/smoke_bomb.test.js > smoke_bomb concealment — enemy targeting > an ally standing in the caster's zone is concealed even without their own smoke
[server] Layout for quest "training_caverns": seed=1335602341, profile=crowded, rooms=10

stdout | server/test/smoke_bomb.test.js > smoke_bomb concealment — enemy targeting > a concealed player is never acquired as an enemy target
[server] Layout for quest "training_caverns": seed=1335602341, profile=crowded, rooms=10

stdout | server/test/smoke_bomb.test.js > smoke_bomb concealment — enemy targeting > the same player IS acquired once the smoke zone has expired
[server] Layout for quest "training_caverns": seed=1335602341, profile=crowded, rooms=10

stdout | server/test/smoke_bomb.test.js > smoke_bomb concealment — enemy targeting > an enemy mid-wind-up against a newly concealed player cancels the strike
[server] Layout for quest "training_caverns": seed=1335602341, profile=crowded, rooms=10

stdout | server/test/smoke_bomb.test.js > smoke_bomb concealment — enemy targeting > an enemy mid-wind-up against a non-concealed player still deals damage
[server] Layout for quest "training_caverns": seed=1335602341, profile=crowded, rooms=10

 ✓ |server| server/test/smoke_bomb.test.js (9 tests) 96ms
stderr | client/test/models-registry.test.js > loadModel() resilience > resolves null for a missing path without throwing
[models] failed to load model "/models/__missing__.glb": Error: 404
    at t.<anonymous> [90m(/home/matt/workspace/.autogame-worktrees/220-input-rebind-collision-guard/game/[39mclient/test/models-registry.test.js:91:12[90m)[39m
    at t.mockCall [90m(file:///home/matt/workspace/.autogame-worktrees/220-input-rebind-collision-guard/game/[39mnode_modules/[4m.pnpm[24m/@vitest+spy@3.2.4/node_modules/[4m@vitest[24m/spy/dist/index.js:96:15[90m)[39m
    at t.spy [as load] [90m(file:///home/matt/workspace/.autogame-worktrees/220-input-rebind-collision-guard/game/[39mnode_modules/[4m.pnpm[24m/tinyspy@4.0.4/node_modules/[4mtinyspy[24m/dist/index.js:47:80[90m)[39m
    at [90m/home/matt/workspace/.autogame-worktrees/220-input-rebind-collision-guard/game/[39mclient/models.js:83:11
    at new Promise (<anonymous>)
    at Module.loadModel [90m(/home/matt/workspace/.autogame-worktrees/220-input-rebind-collision-guard/game/[39mclient/models.js:74:11[90m)[39m
    at [90m/home/matt/workspace/.autogame-worktrees/220-input-rebind-collision-guard/game/[39mclient/test/models-registry.test.js:94:16
    at [90mfile:///home/matt/workspace/.autogame-worktrees/220-input-rebind-collision-guard/game/[39mnode_modules/[4m.pnpm[24m/@vitest+runner@3.2.4/node_modules/[4m@vitest[24m/runner/dist/chunk-hooks.js:155:11
    at [90mfile:///home/matt/workspace/.autogame-worktrees/220-input-rebind-collision-guard/game/[39mnode_modules/[4m.pnpm[24m/@vitest+runner@3.2.4/node_modules/[4m@vitest[24m/runner/dist/chunk-hooks.js:752:26
    at [90mfile:///home/matt/workspace/.autogame-worktrees/220-input-rebind-collision-guard/game/[39mnode_modules/[4m.pnpm[24m/@vitest+runner@3.2.4/node_modules/[4m@vitest[24m/runner/dist/chunk-hooks.js:1897:20

stderr | client/test/models-registry.test.js > loadModel() resilience > caches failure so the same missing path is not re-fetched
[models] failed to load model "/models/__missing__.glb": Error: 404
    at t.<anonymous> [90m(/home/matt/workspace/.autogame-worktrees/220-input-rebind-collision-guard/game/[39mclient/test/models-registry.test.js:99:12[90m)[39m
    at t.mockCall [90m(file:///home/matt/workspace/.autogame-worktrees/220-input-rebind-collision-guard/game/[39mnode_modules/[4m.pnpm[24m/@vitest+spy@3.2.4/node_modules/[4m@vitest[24m/spy/dist/index.js:96:15[90m)[39m
    at t.spy [as load] [90m(file:///home/matt/workspace/.autogame-worktrees/220-input-rebind-collision-guard/game/[39mnode_modules/[4m.pnpm[24m/tinyspy@4.0.4/node_modules/[4mtinyspy[24m/dist/index.js:47:80[90m)[39m
    at [90m/home/matt/workspace/.autogame-worktrees/220-input-rebind-collision-guard/game/[39mclient/models.js:83:11
    at new Promise (<anonymous>)
    at Module.loadModel [90m(/home/matt/workspace/.autogame-worktrees/220-input-rebind-collision-guard/game/[39mclient/models.js:74:11[90m)[39m
    at [90m/home/matt/workspace/.autogame-worktrees/220-input-rebind-collision-guard/game/[39mclient/test/models-registry.test.js:102:9
    at [90mfile:///home/matt/workspace/.autogame-worktrees/220-input-rebind-collision-guard/game/[39mnode_modules/[4m.pnpm[24m/@vitest+runner@3.2.4/node_modules/[4m@vitest[24m/runner/dist/chunk-hooks.js:155:11
    at [90mfile:///home/matt/workspace/.autogame-worktrees/220-input-rebind-collision-guard/game/[39mnode_modules/[4m.pnpm[24m/@vitest+runner@3.2.4/node_modules/[4m@vitest[24m/runner/dist/chunk-hooks.js:752:26
    at [90mfile:///home/matt/workspace/.autogame-worktrees/220-input-rebind-collision-guard/game/[39mnode_modules/[4m.pnpm[24m/@vitest+runner@3.2.4/node_modules/[4m@vitest[24m/runner/dist/chunk-hooks.js:1897:20

stdout | client/test/renderer-loot.test.js > renderer loot helpers > getPickedUpLootIds reflects lootPickupAttempts after walk-over pickup
[initScene] Initializing Three.js scene...

stdout | client/test/renderer-clock.test.js > renderer animation loop clock > uses THREE.Clock.getDelta without requiring a clock.update method
[initScene] Initializing Three.js scene...

stderr | client/test/renderer-loot.test.js > renderer loot helpers > getPickedUpLootIds reflects lootPickupAttempts after walk-over pickup
[renderer] failed to apply model "/models/player.glb" for "player": TypeError: Failed to parse URL from /models/player.glb
[90m    at new Request (node:internal/deps/undici/undici:9588:19)[39m
    at FileLoader.load [90m(file:///home/matt/workspace/.autogame-worktrees/220-input-rebind-collision-guard/game/[39mnode_modules/[4m.pnpm[24m/three@0.184.0/node_modules/[4mthree[24m/build/three.core.js:44150:15[90m)[39m
[90m    ... 4 lines matching cause stack trace ...[39m
    at attachRegistryModel [90m(/home/matt/workspace/.autogame-worktrees/220-input-rebind-collision-guard/game/[39mclient/renderer.js:368:11[90m)[39m
    at createPlayerAvatar [90m(/home/matt/workspace/.autogame-worktrees/220-input-rebind-collision-guard/game/[39mclient/renderer.js:1777:2[90m)[39m
    at animate [90m(/home/matt/workspace/.autogame-worktrees/220-input-rebind-collision-guard/game/[39mclient/renderer.js:4041:20[90m)[39m
    at [90m/home/matt/workspace/.autogame-worktrees/220-input-rebind-collision-guard/game/[39mclient/test/renderer-loot.test.js:44:3 {
  [cause]: TypeError: Invalid URL: /models/player.glb
      at new URLImpl [90m(/home/matt/workspace/.autogame-worktrees/220-input-rebind-collision-guard/game/[39mnode_modules/[4m.pnpm[24m/whatwg-url@14.2.0/node_modules/[4mwhatwg-url[24m/lib/URL-impl.js:20:13[90m)[39m
      at Object.exports.setup [90m(/home/matt/workspace/.autogame-worktrees/220-input-rebind-collision-guard/game/[39mnode_modules/[4m.pnpm[24m/whatwg-url@14.2.0/node_modules/[4mwhatwg-url[24m/lib/URL.js:54:12[90m)[39m
      at new URL [90m(/home/matt/workspace/.autogame-worktrees/220-input-rebind-collision-guard/game/[39mnode_modules/[4m.pnpm[24m/whatwg-url@14.2.0/node_modules/[4mwhatwg-url[24m/lib/URL.js:115:22[90m)[39m
  [90m    at new Request (node:internal/deps/undici/undici:9586:25)[39m
      at FileLoader.load [90m(file:///home/matt/workspace/.autogame-worktrees/220-input-rebind-collision-guard/game/[39mnode_modules/[4m.pnpm[24m/three@0.184.0/node_modules/[4mthree[24m/build/three.core.js:44150:15[90m)[39m
      at GLTFLoader.load [90m(file:///home/matt/workspace/.autogame-worktrees/220-input-rebind-collision-guard/game/[39mnode_modules/[4m.pnpm[24m/three@0.184.0/node_modules/[4mthree[24m/examples/jsm/loaders/GLTFLoader.js:319:10[90m)[39m
      at [90m/home/matt/workspace/.autogame-worktrees/220-input-rebind-collision-guard/game/[39mclient/models.js:83:11
      at new Promise (<anonymous>)
      at loadModel [90m(/home/matt/workspace/.autogame-worktrees/220-input-rebind-collision-guard/game/[39mclient/models.js:74:11[90m)[39m
      at attachRegistryModel [90m(/home/matt/workspace/.autogame-worktrees/220-input-rebind-collision-guard/game/[39mclient/renderer.js:368:11[90m)[39m
}

stderr | client/test/keyItemProp.test.js > createPlayerAvatar key-item prop > seats the equipped prop on the avatar and tracks the shown id
[renderer] failed to apply model "/models/player.glb" for "player": TypeError: Failed to parse URL from /models/player.glb
[90m    at new Request (node:internal/deps/undici/undici:9588:19)[39m
    at FileLoader.load [90m(file:///home/matt/workspace/.autogame-worktrees/220-input-rebind-collision-guard/game/[39mnode_modules/[4m.pnpm[24m/three@0.184.0/node_modules/[4mthree[24m/build/three.core.js:44150:15[90m)[39m
[90m    ... 4 lines matching cause stack trace ...[39m
    at attachRegistryModel [90m(/home/matt/workspace/.autogame-worktrees/220-input-rebind-collision-guard/game/[39mclient/renderer.js:368:11[90m)[39m
    at createPlayerAvatar [90m(/home/matt/workspace/.autogame-worktrees/220-input-rebind-collision-guard/game/[39mclient/renderer.js:1777:2[90m)[39m
    at [90m/home/matt/workspace/.autogame-worktrees/220-input-rebind-collision-guard/game/[39mclient/test/keyItemProp.test.js:50:36
    at [90mfile:///home/matt/workspace/.autogame-worktrees/220-input-rebind-collision-guard/game/[39mnode_modules/[4m.pnpm[24m/@vitest+runner@3.2.4/node_modules/[4m@vitest[24m/runner/dist/chunk-hooks.js:155:11 {
  [cause]: TypeError: Invalid URL: /models/player.glb
      at new URLImpl [90m(/home/matt/workspace/.autogame-worktrees/220-input-rebind-collision-guard/game/[39mnode_modules/[4m.pnpm[24m/whatwg-url@14.2.0/node_modules/[4mwhatwg-url[24m/lib/URL-impl.js:20:13[90m)[39m
      at Object.exports.setup [90m(/home/matt/workspace/.autogame-worktrees/220-input-rebind-collision-guard/game/[39mnode_modules/[4m.pnpm[24m/whatwg-url@14.2.0/node_modules/[4mwhatwg-url[24m/lib/URL.js:54:12[90m)[39m
      at new URL [90m(/home/matt/workspace/.autogame-worktrees/220-input-rebind-collision-guard/game/[39mnode_modules/[4m.pnpm[24m/whatwg-url@14.2.0/node_modules/[4mwhatwg-url[24m/lib/URL.js:115:22[90m)[39m
  [90m    at new Request (node:internal/deps/undici/undici:9586:25)[39m
      at FileLoader.load [90m(file:///home/matt/workspace/.autogame-worktrees/220-input-rebind-collision-guard/game/[39mnode_modules/[4m.pnpm[24m/three@0.184.0/node_modules/[4mthree[24m/build/three.core.js:44150:15[90m)[39m
      at GLTFLoader.load [90m(file:///home/matt/workspace/.autogame-worktrees/220-input-rebind-collision-guard/game/[39mnode_modules/[4m.pnpm[24m/three@0.184.0/node_modules/[4mthree[24m/examples/jsm/loaders/GLTFLoader.js:319:10[90m)[39m
      at [90m/home/matt/workspace/.autogame-worktrees/220-input-rebind-collision-guard/game/[39mclient/models.js:83:11
      at new Promise (<anonymous>)
      at loadModel [90m(/home/matt/workspace/.autogame-worktrees/220-input-rebind-collision-guard/game/[39mclient/models.js:74:11[90m)[39m
      at attachRegistryModel [90m(/home/matt/workspace/.autogame-worktrees/220-input-rebind-collision-guard/game/[39mclient/renderer.js:368:11[90m)[39m
}

stderr | client/test/keyItemProp.test.js > createPlayerAvatar key-item prop > adds no prop for an unequipped/none key item
[renderer] failed to apply model "/models/player.glb" for "player": TypeError: Failed to parse URL from /models/player.glb
[90m    at new Request (node:internal/deps/undici/undici:9588:19)[39m
    at FileLoader.load [90m(file:///home/matt/workspace/.autogame-worktrees/220-input-rebind-collision-guard/game/[39mnode_modules/[4m.pnpm[24m/three@0.184.0/node_modules/[4mthree[24m/build/three.core.js:44150:15[90m)[39m
[90m    ... 4 lines matching cause stack trace ...[39m
    at attachRegistryModel [90m(/home/matt/workspace/.autogame-worktrees/220-input-rebind-collision-guard/game/[39mclient/renderer.js:368:11[90m)[39m
    at createPlayerAvatar [90m(/home/matt/workspace/.autogame-worktrees/220-input-rebind-collision-guard/game/[39mclient/renderer.js:1777:2[90m)[39m
    at [90m/home/matt/workspace/.autogame-worktrees/220-input-rebind-collision-guard/game/[39mclient/test/keyItemProp.test.js:50:36
    at [90mfile:///home/matt/workspace/.autogame-worktrees/220-input-rebind-collision-guard/game/[39mnode_modules/[4m.pnpm[24m/@vitest+runner@3.2.4/node_modules/[4m@vitest[24m/runner/dist/chunk-hooks.js:155:11 {
  [cause]: TypeError: Invalid URL: /models/player.glb
      at new URLImpl [90m(/home/matt/workspace/.autogame-worktrees/220-input-rebind-collision-guard/game/[39mnode_modules/[4m.pnpm[24m/whatwg-url@14.2.0/node_modules/[4mwhatwg-url[24m/lib/URL-impl.js:20:13[90m)[39m
      at Object.exports.setup [90m(/home/matt/workspace/.autogame-worktrees/220-input-rebind-collision-guard/game/[39mnode_modules/[4m.pnpm[24m/whatwg-url@14.2.0/node_modules/[4mwhatwg-url[24m/lib/URL.js:54:12[90m)[39m
      at new URL [90m(/home/matt/workspace/.autogame-worktrees/220-input-rebind-collision-guard/game/[39mnode_modules/[4m.pnpm[24m/whatwg-url@14.2.0/node_modules/[4mwhatwg-url[24m/lib/URL.js:115:22[90m)[39m
  [90m    at new Request (node:internal/deps/undici/undici:9586:25)[39m
      at FileLoader.load [90m(file:///home/matt/workspace/.autogame-worktrees/220-input-rebind-collision-guard/game/[39mnode_modules/[4m.pnpm[24m/three@0.184.0/node_modules/[4mthree[24m/build/three.core.js:44150:15[90m)[39m
      at GLTFLoader.load [90m(file:///home/matt/workspace/.autogame-worktrees/220-input-rebind-collision-guard/game/[39mnode_modules/[4m.pnpm[24m/three@0.184.0/node_modules/[4mthree[24m/examples/jsm/loaders/GLTFLoader.js:319:10[90m)[39m
      at [90m/home/matt/workspace/.autogame-worktrees/220-input-rebind-collision-guard/game/[39mclient/models.js:83:11
      at new Promise (<anonymous>)
      at loadModel [90m(/home/matt/workspace/.autogame-worktrees/220-input-rebind-collision-guard/game/[39mclient/models.js:74:11[90m)[39m
      at attachRegistryModel [90m(/home/matt/workspace/.autogame-worktrees/220-input-rebind-collision-guard/game/[39mclient/renderer.js:368:11[90m)[39m
}

 ✓ |client| client/test/settings-effects.test.js (2 tests) 71ms
 ✓ |client| client/test/input.test.js (39 tests) 27ms
stdout | client/test/renderer-shield-bar.test.js > enemy shield bar > createEnemyShieldBarMesh uses cyan above the enemy half-height
[initScene] Initializing Three.js scene...

stderr | client/test/models-registry.test.js > registry attach fallback (renderer) > createPlayerAvatar keeps procedural visible when the model fails to load
[models] failed to load model "/models/player.glb": Error: 404
    at t.<anonymous> [90m(/home/matt/workspace/.autogame-worktrees/220-input-rebind-collision-guard/game/[39mclient/test/models-registry.test.js:139:12[90m)[39m
    at t.mockCall [90m(file:///home/matt/workspace/.autogame-worktrees/220-input-rebind-collision-guard/game/[39mnode_modules/[4m.pnpm[24m/@vitest+spy@3.2.4/node_modules/[4m@vitest[24m/spy/dist/index.js:96:15[90m)[39m
    at t.spy [as load] [90m(file:///home/matt/workspace/.autogame-worktrees/220-input-rebind-collision-guard/game/[39mnode_modules/[4m.pnpm[24m/tinyspy@4.0.4/node_modules/[4mtinyspy[24m/dist/index.js:47:80[90m)[39m
    at [90m/home/matt/workspace/.autogame-worktrees/220-input-rebind-collision-guard/game/[39mclient/models.js:83:11
    at new Promise (<anonymous>)
    at loadModel [90m(/home/matt/workspace/.autogame-worktrees/220-input-rebind-collision-guard/game/[39mclient/models.js:74:11[90m)[39m
    at attachRegistryModel [90m(/home/matt/workspace/.autogame-worktrees/220-input-rebind-collision-guard/game/[39mclient/renderer.js:368:11[90m)[39m
    at Module.createPlayerAvatar [90m(/home/matt/workspace/.autogame-worktrees/220-input-rebind-collision-guard/game/[39mclient/renderer.js:1777:2[90m)[39m
    at [90m/home/matt/workspace/.autogame-worktrees/220-input-rebind-collision-guard/game/[39mclient/test/models-registry.test.js:142:18
    at [90mfile:///home/matt/workspace/.autogame-worktrees/220-input-rebind-collision-guard/game/[39mnode_modules/[4m.pnpm[24m/@vitest+runner@3.2.4/node_modules/[4m@vitest[24m/runner/dist/chunk-hooks.js:155:11

stderr | client/test/models-registry.test.js > registry attach fallback (renderer) > createEnemyMesh keeps procedural visible when loadModel resolves null
[models] failed to load model "/models/grunt.glb": Error: 404
    at t.<anonymous> [90m(/home/matt/workspace/.autogame-worktrees/220-input-rebind-collision-guard/game/[39mclient/test/models-registry.test.js:156:12[90m)[39m
    at t.mockCall [90m(file:///home/matt/workspace/.autogame-worktrees/220-input-rebind-collision-guard/game/[39mnode_modules/[4m.pnpm[24m/@vitest+spy@3.2.4/node_modules/[4m@vitest[24m/spy/dist/index.js:96:15[90m)[39m
    at t.spy [as load] [90m(file:///home/matt/workspace/.autogame-worktrees/220-input-rebind-collision-guard/game/[39mnode_modules/[4m.pnpm[24m/tinyspy@4.0.4/node_modules/[4mtinyspy[24m/dist/index.js:47:80[90m)[39m
    at [90m/home/matt/workspace/.autogame-worktrees/220-input-rebind-collision-guard/game/[39mclient/models.js:83:11
    at new Promise (<anonymous>)
    at loadModel [90m(/home/matt/workspace/.autogame-worktrees/220-input-rebind-collision-guard/game/[39mclient/models.js:74:11[90m)[39m
    at attachRegistryModel [90m(/home/matt/workspace/.autogame-worktrees/220-input-rebind-collision-guard/game/[39mclient/renderer.js:368:11[90m)[39m
    at Module.createEnemyMesh [90m(/home/matt/workspace/.autogame-worktrees/220-input-rebind-collision-guard/game/[39mclient/renderer.js:2492:2[90m)[39m
    at [90m/home/matt/workspace/.autogame-worktrees/220-input-rebind-collision-guard/game/[39mclient/test/models-registry.test.js:159:16
    at [90mfile:///home/matt/workspace/.autogame-worktrees/220-input-rebind-collision-guard/game/[39mnode_modules/[4m.pnpm[24m/@vitest+runner@3.2.4/node_modules/[4m@vitest[24m/runner/dist/chunk-hooks.js:155:11

stdout | client/test/renderer-shield-bar.test.js > enemy shield bar > updateEnemyShieldBarMesh scales by shieldHp / maxShieldHp
[initScene] Initializing Three.js scene...

stdout | client/test/renderer-loot.test.js > renderer loot helpers > markLootCollected shows "+N MS" for magic stone pickups
[initScene] Initializing Three.js scene...

 ✓ |client| client/test/renderer-clock.test.js (1 test) 125ms
 ✓ |client| client/test/keyItemProp.test.js (7 tests) 40ms
 ✓ |client| client/test/renderer-registry-normalize.test.js (12 tests) 12ms
stderr | client/test/renderer-variant.test.js > warded variant visuals > createEnemyMesh stores _origColor from the type palette
[renderer] failed to apply model "/models/grunt.glb" for "grunt": TypeError: Failed to parse URL from /models/grunt.glb
[90m    at new Request (node:internal/deps/undici/undici:9588:19)[39m
    at FileLoader.load [90m(file:///home/matt/workspace/.autogame-worktrees/220-input-rebind-collision-guard/game/[39mnode_modules/[4m.pnpm[24m/three@0.184.0/node_modules/[4mthree[24m/build/three.core.js:44150:15[90m)[39m
[90m    ... 4 lines matching cause stack trace ...[39m
    at attachRegistryModel [90m(/home/matt/workspace/.autogame-worktrees/220-input-rebind-collision-guard/game/[39mclient/renderer.js:368:11[90m)[39m
    at createEnemyMesh [90m(/home/matt/workspace/.autogame-worktrees/220-input-rebind-collision-guard/game/[39mclient/renderer.js:2492:2[90m)[39m
    at [90m/home/matt/workspace/.autogame-worktrees/220-input-rebind-collision-guard/game/[39mclient/test/renderer-variant.test.js:29:16
[90m    at processTicksAndRejections (node:internal/process/task_queues:105:5)[39m {
  [cause]: TypeError: Invalid URL: /models/grunt.glb
      at new URLImpl [90m(/home/matt/workspace/.autogame-worktrees/220-input-rebind-collision-guard/game/[39mnode_modules/[4m.pnpm[24m/whatwg-url@14.2.0/node_modules/[4mwhatwg-url[24m/lib/URL-impl.js:20:13[90m)[39m
      at Object.exports.setup [90m(/home/matt/workspace/.autogame-worktrees/220-input-rebind-collision-guard/game/[39mnode_modules/[4m.pnpm[24m/whatwg-url@14.2.0/node_modules/[4mwhatwg-url[24m/lib/URL.js:54:12[90m)[39m
      at new URL [90m(/home/matt/workspace/.autogame-worktrees/220-input-rebind-collision-guard/game/[39mnode_modules/[4m.pnpm[24m/whatwg-url@14.2.0/node_modules/[4mwhatwg-url[24m/lib/URL.js:115:22[90m)[39m
  [90m    at new Request (node:internal/deps/undici/undici:9586:25)[39m
      at FileLoader.load [90m(file:///home/matt/workspace/.autogame-worktrees/220-input-rebind-collision-guard/game/[39mnode_modules/[4m.pnpm[24m/three@0.184.0/node_modules/[4mthree[24m/build/three.core.js:44150:15[90m)[39m
      at GLTFLoader.load [90m(file:///home/matt/workspace/.autogame-worktrees/220-input-rebind-collision-guard/game/[39mnode_modules/[4m.pnpm[24m/three@0.184.0/node_modules/[4mthree[24m/examples/jsm/loaders/GLTFLoader.js:319:10[90m)[39m
      at [90m/home/matt/workspace/.autogame-worktrees/220-input-rebind-collision-guard/game/[39mclient/models.js:83:11
      at new Promise (<anonymous>)
      at loadModel [90m(/home/matt/workspace/.autogame-worktrees/220-input-rebind-collision-guard/game/[39mclient/models.js:74:11[90m)[39m
      at attachRegistryModel [90m(/home/matt/workspace/.autogame-worktrees/220-input-rebind-collision-guard/game/[39mclient/renderer.js:368:11[90m)[39m
}

 ✓ |client| client/test/models-registry.test.js (8 tests) 104ms
stdout | client/test/renderer-loot.test.js > renderer loot helpers > markLootCollected plays loot SFX only for magic stone pickups
[initScene] Initializing Three.js scene...

stdout | client/test/renderer-shield-bar.test.js > enemy shield bar > animate sync creates, updates, and disposes shield bars from game state
[initScene] Initializing Three.js scene...

 ✓ |client| client/test/deck-viewer.test.js (21 tests) 252ms
stdout | client/test/renderer-loot.test.js > renderer loot helpers > updateCollectingLoot disposes cloned loot materials when animation finishes
[initScene] Initializing Three.js scene...

stderr | client/test/renderer-shield-bar.test.js > enemy shield bar > animate sync creates, updates, and disposes shield bars from game state
[renderer] failed to apply model "/models/player.glb" for "player": TypeError: Failed to parse URL from /models/player.glb
[90m    at new Request (node:internal/deps/undici/undici:9588:19)[39m
    at FileLoader.load [90m(file:///home/matt/workspace/.autogame-worktrees/220-input-rebind-collision-guard/game/[39mnode_modules/[4m.pnpm[24m/three@0.184.0/node_modules/[4mthree[24m/build/three.core.js:44150:15[90m)[39m
[90m    ... 4 lines matching cause stack trace ...[39m
    at attachRegistryModel [90m(/home/matt/workspace/.autogame-worktrees/220-input-rebind-collision-guard/game/[39mclient/renderer.js:368:11[90m)[39m
    at createPlayerAvatar [90m(/home/matt/workspace/.autogame-worktrees/220-input-rebind-collision-guard/game/[39mclient/renderer.js:1777:2[90m)[39m
    at animate [90m(/home/matt/workspace/.autogame-worktrees/220-input-rebind-collision-guard/game/[39mclient/renderer.js:4041:20[90m)[39m
    at [90m/home/matt/workspace/.autogame-worktrees/220-input-rebind-collision-guard/game/[39mclient/test/renderer-shield-bar.test.js:75:3 {
  [cause]: TypeError: Invalid URL: /models/player.glb
      at new URLImpl [90m(/home/matt/workspace/.autogame-worktrees/220-input-rebind-collision-guard/game/[39mnode_modules/[4m.pnpm[24m/whatwg-url@14.2.0/node_modules/[4mwhatwg-url[24m/lib/URL-impl.js:20:13[90m)[39m
      at Object.exports.setup [90m(/home/matt/workspace/.autogame-worktrees/220-input-rebind-collision-guard/game/[39mnode_modules/[4m.pnpm[24m/whatwg-url@14.2.0/node_modules/[4mwhatwg-url[24m/lib/URL.js:54:12[90m)[39m
      at new URL [90m(/home/matt/workspace/.autogame-worktrees/220-input-rebind-collision-guard/game/[39mnode_modules/[4m.pnpm[24m/whatwg-url@14.2.0/node_modules/[4mwhatwg-url[24m/lib/URL.js:115:22[90m)[39m
  [90m    at new Request (node:internal/deps/undici/undici:9586:25)[39m
      at FileLoader.load [90m(file:///home/matt/workspace/.autogame-worktrees/220-input-rebind-collision-guard/game/[39mnode_modules/[4m.pnpm[24m/three@0.184.0/node_modules/[4mthree[24m/build/three.core.js:44150:15[90m)[39m
      at GLTFLoader.load [90m(file:///home/matt/workspace/.autogame-worktrees/220-input-rebind-collision-guard/game/[39mnode_modules/[4m.pnpm[24m/three@0.184.0/node_modules/[4mthree[24m/examples/jsm/loaders/GLTFLoader.js:319:10[90m)[39m
      at [90m/home/matt/workspace/.autogame-worktrees/220-input-rebind-collision-guard/game/[39mclient/models.js:83:11
      at new Promise (<anonymous>)
      at loadModel [90m(/home/matt/workspace/.autogame-worktrees/220-input-rebind-collision-guard/game/[39mclient/models.js:74:11[90m)[39m
      at attachRegistryModel [90m(/home/matt/workspace/.autogame-worktrees/220-input-rebind-collision-guard/game/[39mclient/renderer.js:368:11[90m)[39m
}
[renderer] failed to apply model "/models/grunt.glb" for "grunt": TypeError: Failed to parse URL from /models/grunt.glb
[90m    at new Request (node:internal/deps/undici/undici:9588:19)[39m
    at FileLoader.load [90m(file:///home/matt/workspace/.autogame-worktrees/220-input-rebind-collision-guard/game/[39mnode_modules/[4m.pnpm[24m/three@0.184.0/node_modules/[4mthree[24m/build/three.core.js:44150:15[90m)[39m
[90m    ... 4 lines matching cause stack trace ...[39m
    at attachRegistryModel [90m(/home/matt/workspace/.autogame-worktrees/220-input-rebind-collision-guard/game/[39mclient/renderer.js:368:11[90m)[39m
    at createEnemyMesh [90m(/home/matt/workspace/.autogame-worktrees/220-input-rebind-collision-guard/game/[39mclient/renderer.js:2492:2[90m)[39m
    at animate [90m(/home/matt/workspace/.autogame-worktrees/220-input-rebind-collision-guard/game/[39mclient/renderer.js:4218:18[90m)[39m
    at [90m/home/matt/workspace/.autogame-worktrees/220-input-rebind-collision-guard/game/[39mclient/test/renderer-shield-bar.test.js:75:3 {
  [cause]: TypeError: Invalid URL: /models/grunt.glb
      at new URLImpl [90m(/home/matt/workspace/.autogame-worktrees/220-input-rebind-collision-guard/game/[39mnode_modules/[4m.pnpm[24m/whatwg-url@14.2.0/node_modules/[4mwhatwg-url[24m/lib/URL-impl.js:20:13[90m)[39m
      at Object.exports.setup [90m(/home/matt/workspace/.autogame-worktrees/220-input-rebind-collision-guard/game/[39mnode_modules/[4m.pnpm[24m/whatwg-url@14.2.0/node_modules/[4mwhatwg-url[24m/lib/URL.js:54:12[90m)[39m
      at new URL [90m(/home/matt/workspace/.autogame-worktrees/220-input-rebind-collision-guard/game/[39mnode_modules/[4m.pnpm[24m/whatwg-url@14.2.0/node_modules/[4mwhatwg-url[24m/lib/URL.js:115:22[90m)[39m
  [90m    at new Request (node:internal/deps/undici/undici:9586:25)[39m
      at FileLoader.load [90m(file:///home/matt/workspace/.autogame-worktrees/220-input-rebind-collision-guard/game/[39mnode_modules/[4m.pnpm[24m/three@0.184.0/node_modules/[4mthree[24m/build/three.core.js:44150:15[90m)[39m
      at GLTFLoader.load [90m(file:///home/matt/workspace/.autogame-worktrees/220-input-rebind-collision-guard/game/[39mnode_modules/[4m.pnpm[24m/three@0.184.0/node_modules/[4mthree[24m/examples/jsm/loaders/GLTFLoader.js:319:10[90m)[39m
      at [90m/home/matt/workspace/.autogame-worktrees/220-input-rebind-collision-guard/game/[39mclient/models.js:83:11
      at new Promise (<anonymous>)
      at loadModel [90m(/home/matt/workspace/.autogame-worktrees/220-input-rebind-collision-guard/game/[39mclient/models.js:74:11[90m)[39m
      at attachRegistryModel [90m(/home/matt/workspace/.autogame-worktrees/220-input-rebind-collision-guard/game/[39mclient/renderer.js:368:11[90m)[39m
}
[renderer] failed to apply model "/models/grunt.glb" for "grunt": TypeError: Failed to parse URL from /models/grunt.glb
[90m    at new Request (node:internal/deps/undici/undici:9588:19)[39m
    at FileLoader.load [90m(file:///home/matt/workspace/.autogame-worktrees/220-input-rebind-collision-guard/game/[39mnode_modules/[4m.pnpm[24m/three@0.184.0/node_modules/[4mthree[24m/build/three.core.js:44150:15[90m)[39m
[90m    ... 4 lines matching cause stack trace ...[39m
    at attachRegistryModel [90m(/home/matt/workspace/.autogame-worktrees/220-input-rebind-collision-guard/game/[39mclient/renderer.js:368:11[90m)[39m
    at createEnemyMesh [90m(/home/matt/workspace/.autogame-worktrees/220-input-rebind-collision-guard/game/[39mclient/renderer.js:2492:2[90m)[39m
    at animate [90m(/home/matt/workspace/.autogame-worktrees/220-input-rebind-collision-guard/game/[39mclient/renderer.js:4218:18[90m)[39m
    at [90m/home/matt/workspace/.autogame-worktrees/220-input-rebind-collision-guard/game/[39mclient/test/renderer-shield-bar.test.js:75:3 {
  [cause]: TypeError: Invalid URL: /models/grunt.glb
      at new URLImpl [90m(/home/matt/workspace/.autogame-worktrees/220-input-rebind-collision-guard/game/[39mnode_modules/[4m.pnpm[24m/whatwg-url@14.2.0/node_modules/[4mwhatwg-url[24m/lib/URL-impl.js:20:13[90m)[39m
      at Object.exports.setup [90m(/home/matt/workspace/.autogame-worktrees/220-input-rebind-collision-guard/game/[39mnode_modules/[4m.pnpm[24m/whatwg-url@14.2.0/node_modules/[4mwhatwg-url[24m/lib/URL.js:54:12[90m)[39m
      at new URL [90m(/home/matt/workspace/.autogame-worktrees/220-input-rebind-collision-guard/game/[39mnode_modules/[4m.pnpm[24m/whatwg-url@14.2.0/node_modules/[4mwhatwg-url[24m/lib/URL.js:115:22[90m)[39m
  [90m    at new Request (node:internal/deps/undici/undici:9586:25)[39m
      at FileLoader.load [90m(file:///home/matt/workspace/.autogame-worktrees/220-input-rebind-collision-guard/game/[39mnode_modules/[4m.pnpm[24m/three@0.184.0/node_modules/[4mthree[24m/build/three.core.js:44150:15[90m)[39m
      at GLTFLoader.load [90m(file:///home/matt/workspace/.autogame-worktrees/220-input-rebind-collision-guard/game/[39mnode_modules/[4m.pnpm[24m/three@0.184.0/node_modules/[4mthree[24m/examples/jsm/loaders/GLTFLoader.js:319:10[90m)[39m
      at [90m/home/matt/workspace/.autogame-worktrees/220-input-rebind-collision-guard/game/[39mclient/models.js:83:11
      at new Promise (<anonymous>)
      at loadModel [90m(/home/matt/workspace/.autogame-worktrees/220-input-rebind-collision-guard/game/[39mclient/models.js:74:11[90m)[39m
      at attachRegistryModel [90m(/home/matt/workspace/.autogame-worktrees/220-input-rebind-collision-guard/game/[39mclient/renderer.js:368:11[90m)[39m
}

stdout | client/test/renderer-variant.test.js > warded variant visuals > applyVariantMarker uses per-variant badge colors on the marker mesh
[initScene] Initializing Three.js scene...

stdout | client/test/renderer-shield-bar.test.js > enemy shield bar > does not create a shield bar when shieldHp is absent or zero
[initScene] Initializing Three.js scene...

stdout | client/test/key-item-dodge.test.js > dash VFX > triggerDashVFX applies squash scale when a player mesh exists
[initScene] Initializing Three.js scene...

 ✓ |client| client/test/renderer-loot.test.js (4 tests) 385ms
 ✓ |client| client/test/renderer-shield-bar.test.js (4 tests) 280ms
 ✓ |client| client/test/renderer-variant.test.js (6 tests) 309ms
 ✓ |client| client/test/key-item-dodge.test.js (4 tests) 366ms
stdout | client/test/main.test.js > cardError handler — server hand rejection > shows a toast when the server rejects an unauthorized card use
[cardError] Card not in hand

stderr | client/test/main.test.js > createEnemyMesh() > creates a red cone for grunt (default) type
[renderer] failed to apply model "/models/grunt.glb" for "grunt": TypeError: Failed to parse URL from /models/grunt.glb
[90m    at new Request (node:internal/deps/undici/undici:9588:19)[39m
    at FileLoader.load [90m(file:///home/matt/workspace/.autogame-worktrees/220-input-rebind-collision-guard/game/[39mnode_modules/[4m.pnpm[24m/three@0.184.0/node_modules/[4mthree[24m/build/three.core.js:44150:15[90m)[39m
[90m    ... 4 lines matching cause stack trace ...[39m
    at attachRegistryModel [90m(/home/matt/workspace/.autogame-worktrees/220-input-rebind-collision-guard/game/[39mclient/renderer.js:368:11[90m)[39m
    at createEnemyMesh [90m(/home/matt/workspace/.autogame-worktrees/220-input-rebind-collision-guard/game/[39mclient/renderer.js:2492:2[90m)[39m
    at [90m/home/matt/workspace/.autogame-worktrees/220-input-rebind-collision-guard/game/[39mclient/test/main.test.js:2172:23
    at [90mfile:///home/matt/workspace/.autogame-worktrees/220-input-rebind-collision-guard/game/[39mnode_modules/[4m.pnpm[24m/@vitest+runner@3.2.4/node_modules/[4m@vitest[24m/runner/dist/chunk-hooks.js:752:20 {
  [cause]: TypeError: Invalid URL: /models/grunt.glb
      at new URLImpl [90m(/home/matt/workspace/.autogame-worktrees/220-input-rebind-collision-guard/game/[39mnode_modules/[4m.pnpm[24m/whatwg-url@14.2.0/node_modules/[4mwhatwg-url[24m/lib/URL-impl.js:20:13[90m)[39m
      at Object.exports.setup [90m(/home/matt/workspace/.autogame-worktrees/220-input-rebind-collision-guard/game/[39mnode_modules/[4m.pnpm[24m/whatwg-url@14.2.0/node_modules/[4mwhatwg-url[24m/lib/URL.js:54:12[90m)[39m
      at new URL [90m(/home/matt/workspace/.autogame-worktrees/220-input-rebind-collision-guard/game/[39mnode_modules/[4m.pnpm[24m/whatwg-url@14.2.0/node_modules/[4mwhatwg-url[24m/lib/URL.js:115:22[90m)[39m
  [90m    at new Request (node:internal/deps/undici/undici:9586:25)[39m
      at FileLoader.load [90m(file:///home/matt/workspace/.autogame-worktrees/220-input-rebind-collision-guard/game/[39mnode_modules/[4m.pnpm[24m/three@0.184.0/node_modules/[4mthree[24m/build/three.core.js:44150:15[90m)[39m
      at GLTFLoader.load [90m(file:///home/matt/workspace/.autogame-worktrees/220-input-rebind-collision-guard/game/[39mnode_modules/[4m.pnpm[24m/three@0.184.0/node_modules/[4mthree[24m/examples/jsm/loaders/GLTFLoader.js:319:10[90m)[39m
      at [90m/home/matt/workspace/.autogame-worktrees/220-input-rebind-collision-guard/game/[39mclient/models.js:83:11
      at new Promise (<anonymous>)
      at loadModel [90m(/home/matt/workspace/.autogame-worktrees/220-input-rebind-collision-guard/game/[39mclient/models.js:74:11[90m)[39m
      at attachRegistryModel [90m(/home/matt/workspace/.autogame-worktrees/220-input-rebind-collision-guard/game/[39mclient/renderer.js:368:11[90m)[39m
}

stderr | client/test/main.test.js > createEnemyMesh() > creates an orange cone for skirmisher type
[renderer] failed to apply model "/models/skirmisher.glb" for "skirmisher": TypeError: Failed to parse URL from /models/skirmisher.glb
[90m    at new Request (node:internal/deps/undici/undici:9588:19)[39m
    at FileLoader.load [90m(file:///home/matt/workspace/.autogame-worktrees/220-input-rebind-collision-guard/game/[39mnode_modules/[4m.pnpm[24m/three@0.184.0/node_modules/[4mthree[24m/build/three.core.js:44150:15[90m)[39m
[90m    ... 4 lines matching cause stack trace ...[39m
    at attachRegistryModel [90m(/home/matt/workspace/.autogame-worktrees/220-input-rebind-collision-guard/game/[39mclient/renderer.js:368:11[90m)[39m
    at createEnemyMesh [90m(/home/matt/workspace/.autogame-worktrees/220-input-rebind-collision-guard/game/[39mclient/renderer.js:2492:2[90m)[39m
    at [90m/home/matt/workspace/.autogame-worktrees/220-input-rebind-collision-guard/game/[39mclient/test/main.test.js:2184:23
    at [90mfile:///home/matt/workspace/.autogame-worktrees/220-input-rebind-collision-guard/game/[39mnode_modules/[4m.pnpm[24m/@vitest+runner@3.2.4/node_modules/[4m@vitest[24m/runner/dist/chunk-hooks.js:752:20 {
  [cause]: TypeError: Invalid URL: /models/skirmisher.glb
      at new URLImpl [90m(/home/matt/workspace/.autogame-worktrees/220-input-rebind-collision-guard/game/[39mnode_modules/[4m.pnpm[24m/whatwg-url@14.2.0/node_modules/[4mwhatwg-url[24m/lib/URL-impl.js:20:13[90m)[39m
      at Object.exports.setup [90m(/home/matt/workspace/.autogame-worktrees/220-input-rebind-collision-guard/game/[39mnode_modules/[4m.pnpm[24m/whatwg-url@14.2.0/node_modules/[4mwhatwg-url[24m/lib/URL.js:54:12[90m)[39m
      at new URL [90m(/home/matt/workspace/.autogame-worktrees/220-input-rebind-collision-guard/game/[39mnode_modules/[4m.pnpm[24m/whatwg-url@14.2.0/node_modules/[4mwhatwg-url[24m/lib/URL.js:115:22[90m)[39m
  [90m    at new Request (node:internal/deps/undici/undici:9586:25)[39m
      at FileLoader.load [90m(file:///home/matt/workspace/.autogame-worktrees/220-input-rebind-collision-guard/game/[39mnode_modules/[4m.pnpm[24m/three@0.184.0/node_modules/[4mthree[24m/build/three.core.js:44150:15[90m)[39m
      at GLTFLoader.load [90m(file:///home/matt/workspace/.autogame-worktrees/220-input-rebind-collision-guard/game/[39mnode_modules/[4m.pnpm[24m/three@0.184.0/node_modules/[4mthree[24m/examples/jsm/loaders/GLTFLoader.js:319:10[90m)[39m
      at [90m/home/matt/workspace/.autogame-worktrees/220-input-rebind-collision-guard/game/[39mclient/models.js:83:11
      at new Promise (<anonymous>)
      at loadModel [90m(/home/matt/workspace/.autogame-worktrees/220-input-rebind-collision-guard/game/[39mclient/models.js:74:11[90m)[39m
      at attachRegistryModel [90m(/home/matt/workspace/.autogame-worktrees/220-input-rebind-collision-guard/game/[39mclient/renderer.js:368:11[90m)[39m
}

stderr | client/test/main.test.js > createEnemyMesh() > creates a teal octahedron for spawner type
[renderer] failed to apply model "/models/spawner.glb" for "spawner": TypeError: Failed to parse URL from /models/spawner.glb
[90m    at new Request (node:internal/deps/undici/undici:9588:19)[39m
    at FileLoader.load [90m(file:///home/matt/workspace/.autogame-worktrees/220-input-rebind-collision-guard/game/[39mnode_modules/[4m.pnpm[24m/three@0.184.0/node_modules/[4mthree[24m/build/three.core.js:44150:15[90m)[39m
[90m    ... 4 lines matching cause stack trace ...[39m
    at attachRegistryModel [90m(/home/matt/workspace/.autogame-worktrees/220-input-rebind-collision-guard/game/[39mclient/renderer.js:368:11[90m)[39m
    at createEnemyMesh [90m(/home/matt/workspace/.autogame-worktrees/220-input-rebind-collision-guard/game/[39mclient/renderer.js:2492:2[90m)[39m
    at [90m/home/matt/workspace/.autogame-worktrees/220-input-rebind-collision-guard/game/[39mclient/test/main.test.js:2194:23
    at [90mfile:///home/matt/workspace/.autogame-worktrees/220-input-rebind-collision-guard/game/[39mnode_modules/[4m.pnpm[24m/@vitest+runner@3.2.4/node_modules/[4m@vitest[24m/runner/dist/chunk-hooks.js:752:20 {
  [cause]: TypeError: Invalid URL: /models/spawner.glb
      at new URLImpl [90m(/home/matt/workspace/.autogame-worktrees/220-input-rebind-collision-guard/game/[39mnode_modules/[4m.pnpm[24m/whatwg-url@14.2.0/node_modules/[4mwhatwg-url[24m/lib/URL-impl.js:20:13[90m)[39m
      at Object.exports.setup [90m(/home/matt/workspace/.autogame-worktrees/220-input-rebind-collision-guard/game/[39mnode_modules/[4m.pnpm[24m/whatwg-url@14.2.0/node_modules/[4mwhatwg-url[24m/lib/URL.js:54:12[90m)[39m
      at new URL [90m(/home/matt/workspace/.autogame-worktrees/220-input-rebind-collision-guard/game/[39mnode_modules/[4m.pnpm[24m/whatwg-url@14.2.0/node_modules/[4mwhatwg-url[24m/lib/URL.js:115:22[90m)[39m
  [90m    at new Request (node:internal/deps/undici/undici:9586:25)[39m
      at FileLoader.load [90m(file:///home/matt/workspace/.autogame-worktrees/220-input-rebind-collision-guard/game/[39mnode_modules/[4m.pnpm[24m/three@0.184.0/node_modules/[4mthree[24m/build/three.core.js:44150:15[90m)[39m
      at GLTFLoader.load [90m(file:///home/matt/workspace/.autogame-worktrees/220-input-rebind-collision-guard/game/[39mnode_modules/[4m.pnpm[24m/three@0.184.0/node_modules/[4mthree[24m/examples/jsm/loaders/GLTFLoader.js:319:10[90m)[39m
      at [90m/home/matt/workspace/.autogame-worktrees/220-input-rebind-collision-guard/game/[39mclient/models.js:83:11
      at new Promise (<anonymous>)
      at loadModel [90m(/home/matt/workspace/.autogame-worktrees/220-input-rebind-collision-guard/game/[39mclient/models.js:74:11[90m)[39m
      at attachRegistryModel [90m(/home/matt/workspace/.autogame-worktrees/220-input-rebind-collision-guard/game/[39mclient/renderer.js:368:11[90m)[39m
}

stderr | client/test/main.test.js > createEnemyMesh() > creates a purple cone for miniboss type
[renderer] failed to apply model "/models/miniboss.glb" for "miniboss": TypeError: Failed to parse URL from /models/miniboss.glb
[90m    at new Request (node:internal/deps/undici/undici:9588:19)[39m
    at FileLoader.load [90m(file:///home/matt/workspace/.autogame-worktrees/220-input-rebind-collision-guard/game/[39mnode_modules/[4m.pnpm[24m/three@0.184.0/node_modules/[4mthree[24m/build/three.core.js:44150:15[90m)[39m
[90m    ... 4 lines matching cause stack trace ...[39m
    at attachRegistryModel [90m(/home/matt/workspace/.autogame-worktrees/220-input-rebind-collision-guard/game/[39mclient/renderer.js:368:11[90m)[39m
    at createEnemyMesh [90m(/home/matt/workspace/.autogame-worktrees/220-input-rebind-collision-guard/game/[39mclient/renderer.js:2492:2[90m)[39m
    at [90m/home/matt/workspace/.autogame-worktrees/220-input-rebind-collision-guard/game/[39mclient/test/main.test.js:2207:23
    at [90mfile:///home/matt/workspace/.autogame-worktrees/220-input-rebind-collision-guard/game/[39mnode_modules/[4m.pnpm[24m/@vitest+runner@3.2.4/node_modules/[4m@vitest[24m/runner/dist/chunk-hooks.js:752:20 {
  [cause]: TypeError: Invalid URL: /models/miniboss.glb
      at new URLImpl [90m(/home/matt/workspace/.autogame-worktrees/220-input-rebind-collision-guard/game/[39mnode_modules/[4m.pnpm[24m/whatwg-url@14.2.0/node_modules/[4mwhatwg-url[24m/lib/URL-impl.js:20:13[90m)[39m
      at Object.exports.setup [90m(/home/matt/workspace/.autogame-worktrees/220-input-rebind-collision-guard/game/[39mnode_modules/[4m.pnpm[24m/whatwg-url@14.2.0/node_modules/[4mwhatwg-url[24m/lib/URL.js:54:12[90m)[39m
      at new URL [90m(/home/matt/workspace/.autogame-worktrees/220-input-rebind-collision-guard/game/[39mnode_modules/[4m.pnpm[24m/whatwg-url@14.2.0/node_modules/[4mwhatwg-url[24m/lib/URL.js:115:22[90m)[39m
  [90m    at new Request (node:internal/deps/undici/undici:9586:25)[39m
      at FileLoader.load [90m(file:///home/matt/workspace/.autogame-worktrees/220-input-rebind-collision-guard/game/[39mnode_modules/[4m.pnpm[24m/three@0.184.0/node_modules/[4mthree[24m/build/three.core.js:44150:15[90m)[39m
      at GLTFLoader.load [90m(file:///home/matt/workspace/.autogame-worktrees/220-input-rebind-collision-guard/game/[39mnode_modules/[4m.pnpm[24m/three@0.184.0/node_modules/[4mthree[24m/examples/jsm/loaders/GLTFLoader.js:319:10[90m)[39m
      at [90m/home/matt/workspace/.autogame-worktrees/220-input-rebind-collision-guard/game/[39mclient/models.js:83:11
      at new Promise (<anonymous>)
      at loadModel [90m(/home/matt/workspace/.autogame-worktrees/220-input-rebind-collision-guard/game/[39mclient/models.js:74:11[90m)[39m
      at attachRegistryModel [90m(/home/matt/workspace/.autogame-worktrees/220-input-rebind-collision-guard/game/[39mclient/renderer.js:368:11[90m)[39m
}

 ✓ |client| client/test/main.test.js (149 tests) 1296ms

 Test Files  13 passed (13)
      Tests  266 passed (266)
   Start at  14:05:07
   Duration  2.90s (transform 373ms, setup 397ms, collect 1.17s, tests 3.36s, environment 5.31s, prepare 1.77s)

 % Coverage report from v8
---------------|---------|----------|---------|---------|-----------------------
File           | % Stmts | % Branch | % Funcs | % Lines | Uncovered Line #s     
---------------|---------|----------|---------|---------|-----------------------
All files      |   57.15 |    57.52 |   41.17 |   57.15 |                       
 client        |   66.01 |    62.16 |   32.25 |   66.01 |                       
  cards.js     |    89.2 |    62.96 |   66.66 |    89.2 | ...70,379-393,489-506 
  collision.js |   20.81 |      100 |       0 |   20.81 | ...16,222-230,236-241 
  delta.js     |     100 |       50 |     100 |     100 | 12                    
  hand.js      |   46.25 |     62.5 |   23.07 |   46.25 | ...40,156-157,160-163 
 server        |   53.02 |    55.26 |   48.64 |   53.02 |                       
  index.js     |   53.02 |    55.26 |   48.64 |   53.02 | ...923-1932,1961-1962 
---------------|---------|----------|---------|---------|-----------------------
