
 RUN  v3.2.4 /home/matt/workspace/autogame/game
      Coverage enabled with v8

stdout | server/test/card_sync.test.js
[server] Dungeon seed: 1722593059, rooms: 9
[server] Dungeon bounds: x [-39.5, 38.0], z [-39.5, 19.5]

stdout | server/test/server.test.js
[server] Dungeon seed: 2024072454, rooms: 9
[server] Dungeon bounds: x [-19.0, 39.0], z [-39.0, 38.0]

 ✓ |server| server/test/card_sync.test.js (3 tests) 2ms
stdout | server/test/integration.test.js
[server] Dungeon seed: 139236428, rooms: 9
[server] Dungeon bounds: x [-38.5, 39.5], z [-18.5, 38.0]

stdout | server/test/integration.test.js > Socket Integration — Connection Flow > client receives init event with id, state, layoutSeed, layout
Server listening on port 0

stdout | server/test/server.test.js > updateMinions() > spawns loot for dead enemies and removes them
[loot] spawned id=14941de2-3d3c-4997-8a21-81c7ae8a1051 value=11

stdout | server/test/server.test.js > spawnLoot(x, z) > creates loot with correct structure when it spawns
[loot] spawned id=cc8dea34-125c-4830-863f-280170cff474 value=11

stdout | server/test/server.test.js > spawnLoot(x, z) > loot value is in range [5, 20)
[loot] spawned id=c64c9bab-3b71-4be3-aad4-5b56a9bacc7d value=13

stdout | server/test/server.test.js > spawnLoot(x, z) > loot createdAt is a timestamp
[loot] spawned id=c88d5ee3-3139-4f01-81e3-9d85c8d4dd4c value=11

stdout | server/test/server.test.js > cleanupStalePlayers > removes players inactive for STALE_THRESHOLD ms
Player disconnected due to inactivity: p1

stdout | server/test/server.test.js > cleanupStalePlayers > removes multiple stale players
Player disconnected due to inactivity: p1
Player disconnected due to inactivity: p2

stdout | server/test/integration.test.js > Socket Integration — Connection Flow > client receives init event with id, state, layoutSeed, layout
Player connected: ZdS_f4RRxgIcR_sJAAAB

stdout | server/test/integration.test.js > Socket Integration — Connection Flow > client receives init event with id, state, layoutSeed, layout
Player disconnected: ZdS_f4RRxgIcR_sJAAAB

stdout | server/test/integration.test.js > Socket Integration — Connection Flow > server registers the player in gameState.players
Server listening on port 0

stdout | server/test/integration.test.js > Socket Integration — Connection Flow > server registers the player in gameState.players
Player connected: 76AXaXiIWzfNUc6fAAAD

stdout | server/test/integration.test.js > Socket Integration — Connection Flow > server registers the player in gameState.players
Player disconnected: 76AXaXiIWzfNUc6fAAAD

stdout | server/test/integration.test.js > Socket Integration — Move Event > emits move and server broadcasts stateUpdate with new position
Server listening on port 0

stdout | server/test/integration.test.js > Socket Integration — Move Event > emits move and server broadcasts stateUpdate with new position
Player connected: GC2HsmIZuvch8M_CAAAF

 ✓ |server| server/test/server.test.js (172 tests) 29ms
stdout | server/test/integration.test.js > Socket Integration — Move Event > emits move and server broadcasts stateUpdate with new position
Player disconnected: GC2HsmIZuvch8M_CAAAF

stdout | server/test/integration.test.js > Socket Integration — Move Event > clamps position to dungeon bounds
Server listening on port 0

stdout | server/test/integration.test.js > Socket Integration — Move Event > clamps position to dungeon bounds
Player connected: F0h4csC993v69cO5AAAH

stdout | server/test/integration.test.js > Socket Integration — Move Event > clamps position to dungeon bounds
Player disconnected: F0h4csC993v69cO5AAAH

stdout | server/test/integration.test.js > Socket Integration — Move Event > dead player cannot move
Server listening on port 0

stdout | server/test/integration.test.js > Socket Integration — Move Event > dead player cannot move
Player connected: -CBdCD597X397wr9AAAJ

stdout | server/test/integration.test.js > Socket Integration — Move Event > dead player cannot move
Player disconnected: -CBdCD597X397wr9AAAJ

stdout | server/test/integration.test.js > Socket Integration — Move Event > applies MOVE_SPEED to normalized input with capped elapsed
Server listening on port 0

stdout | server/test/integration.test.js > Socket Integration — Move Event > applies MOVE_SPEED to normalized input with capped elapsed
Player connected: K9CeCkWV3soPDBEuAAAL

stdout | server/test/integration.test.js > Socket Integration — Move Event > applies MOVE_SPEED to normalized input with capped elapsed
Rejected move from K9CeCkWV3soPDBEuAAAL: swept collision from (-10.00, 0.00) to (-7.60, 0.00)

stdout | server/test/integration.test.js > Socket Integration — Move Event > applies MOVE_SPEED to normalized input with capped elapsed
Player disconnected: K9CeCkWV3soPDBEuAAAL

stdout | server/test/integration.test.js > Socket Integration — Invalid Move Rejection > rejects move with missing fields
Server listening on port 0

stdout | server/test/integration.test.js > Socket Integration — Invalid Move Rejection > rejects move with missing fields
Player connected: NhvJ-zbFRo1TmfiBAAAN

stdout | server/test/integration.test.js > Socket Integration — Invalid Move Rejection > rejects move with missing fields
Player disconnected: NhvJ-zbFRo1TmfiBAAAN

stdout | server/test/integration.test.js > Socket Integration — Invalid Move Rejection > rejects move with non-numeric fields
Server listening on port 0

stdout | server/test/integration.test.js > Socket Integration — Invalid Move Rejection > rejects move with non-numeric fields
Player connected: xlCLNx5RFy4nzlpZAAAP

stdout | server/test/integration.test.js > Socket Integration — Invalid Move Rejection > rejects move with non-numeric fields
Player disconnected: xlCLNx5RFy4nzlpZAAAP

stdout | server/test/integration.test.js > Socket Integration — Invalid Move Rejection > rejects move with null payload
Server listening on port 0

stdout | server/test/integration.test.js > Socket Integration — Invalid Move Rejection > rejects move with null payload
Player connected: NWzYoTPGw15OkbyhAAAR

stdout | server/test/integration.test.js > Socket Integration — Invalid Move Rejection > rejects move with null payload
Player disconnected: NWzYoTPGw15OkbyhAAAR

stdout | server/test/integration.test.js > Socket Integration — Invalid Move Rejection > rejects move with array payload
Server listening on port 0

stdout | server/test/integration.test.js > Socket Integration — Invalid Move Rejection > rejects move with array payload
Player connected: IT6lotonrU0X8VoYAAAT

stdout | server/test/integration.test.js > Socket Integration — Invalid Move Rejection > rejects move with array payload
Player disconnected: IT6lotonrU0X8VoYAAAT

stdout | server/test/integration.test.js > Socket Integration — Invalid Move Rejection > rejects move with NaN fields
Server listening on port 0

stdout | server/test/integration.test.js > Socket Integration — Invalid Move Rejection > rejects move with NaN fields
Player connected: fGPOtFSEnifAaN3BAAAV

stdout | server/test/integration.test.js > Socket Integration — Invalid Move Rejection > rejects move with NaN fields
Player disconnected: fGPOtFSEnifAaN3BAAAV

stdout | server/test/integration.test.js > Socket Integration — useCard Event > Weapon card > emits useCard, server processes cone attack and broadcasts cardUsed
Server listening on port 0

stdout | server/test/integration.test.js > Socket Integration — useCard Event > Weapon card > emits useCard, server processes cone attack and broadcasts cardUsed
Player connected: _z1KR13QNE2lVg4sAAAX

stdout | server/test/integration.test.js > Socket Integration — useCard Event > Weapon card > emits useCard, server processes cone attack and broadcasts cardUsed
Player disconnected: _z1KR13QNE2lVg4sAAAX

stdout | server/test/integration.test.js > Socket Integration — useCard Event > Summon card > emits useCard, server processes radial AoE and deducts magic stones
Server listening on port 0

stdout | server/test/integration.test.js > Socket Integration — useCard Event > Summon card > emits useCard, server processes radial AoE and deducts magic stones
Player connected: 8eB95o50Muj5YM3dAAAZ

 ✓ |client| client/test/main.test.js (71 tests) 403ms
stdout | server/test/integration.test.js > Socket Integration — useCard Event > Summon card > emits useCard, server processes radial AoE and deducts magic stones
Player disconnected: 8eB95o50Muj5YM3dAAAZ

stdout | server/test/integration.test.js > Socket Integration — useCard Event > Summon card > rejects summon when not enough magic stones
Server listening on port 0

stdout | server/test/integration.test.js > Socket Integration — useCard Event > Summon card > rejects summon when not enough magic stones
Player connected: iCgUdiNwNi-Pjmh-AAAb

stdout | server/test/integration.test.js > Socket Integration — useCard Event > Summon card > rejects summon when not enough magic stones
Player disconnected: iCgUdiNwNi-Pjmh-AAAb

stdout | server/test/integration.test.js > Socket Integration — useCard Event > Monster card > emits useCard, server spawns a minion in gameState.minions
Server listening on port 0

stdout | server/test/integration.test.js > Socket Integration — useCard Event > Monster card > emits useCard, server spawns a minion in gameState.minions
Player connected: Jg4BphfHm3Aexe80AAAd

stdout | server/test/integration.test.js > Socket Integration — useCard Event > Monster card > emits useCard, server spawns a minion in gameState.minions
Player disconnected: Jg4BphfHm3Aexe80AAAd

stdout | server/test/integration.test.js > Socket Integration — Heartbeat Event > client emits heartbeat, server responds with heartbeat_ack containing latency
Server listening on port 0

stdout | server/test/integration.test.js > Socket Integration — Heartbeat Event > client emits heartbeat, server responds with heartbeat_ack containing latency
Player connected: WiZjHpELBhskwBxDAAAf

stdout | server/test/integration.test.js > Socket Integration — Heartbeat Event > client emits heartbeat, server responds with heartbeat_ack containing latency
Player disconnected: WiZjHpELBhskwBxDAAAf

stdout | server/test/integration.test.js > Socket Integration — Heartbeat Event > rejects heartbeat with invalid payload
Server listening on port 0

stdout | server/test/integration.test.js > Socket Integration — Heartbeat Event > rejects heartbeat with invalid payload
Player connected: pWeJiDgF6spYr6I8AAAh

stderr | server/test/integration.test.js > Socket Integration — Heartbeat Event > rejects heartbeat with invalid payload
Rejected heartbeat from pWeJiDgF6spYr6I8AAAh: invalid payload

stdout | server/test/integration.test.js > Socket Integration — Heartbeat Event > rejects heartbeat with invalid payload
Player disconnected: pWeJiDgF6spYr6I8AAAh

stdout | server/test/integration.test.js > Socket Integration — Disconnect Event > removes player from gameState.players on disconnect
Server listening on port 0

stdout | server/test/integration.test.js > Socket Integration — Disconnect Event > removes player from gameState.players on disconnect
Player connected: lVhby0T-GC6SWq8HAAAj

stdout | server/test/integration.test.js > Socket Integration — Disconnect Event > removes player from gameState.players on disconnect
Player disconnected: lVhby0T-GC6SWq8HAAAj

stdout | server/test/integration.test.js > Socket Integration — Disconnect Event > cleans up owned minions on disconnect
Server listening on port 0

stdout | server/test/integration.test.js > Socket Integration — Disconnect Event > cleans up owned minions on disconnect
Player connected: 7B2Pyb60XuD9KfQ5AAAl

stdout | server/test/integration.test.js > Socket Integration — Disconnect Event > cleans up owned minions on disconnect
Player disconnected: 7B2Pyb60XuD9KfQ5AAAl

stdout | server/test/integration.test.js > Socket Integration — Last Player Disconnect Resets Run > resets gamePhase to lobby when last player disconnects during active run
Server listening on port 0

stdout | server/test/integration.test.js > Socket Integration — Last Player Disconnect Resets Run > resets gamePhase to lobby when last player disconnects during active run
Player connected: LHMbssoFy54MW5bTAAAn

stdout | server/test/integration.test.js > Socket Integration — Last Player Disconnect Resets Run > resets gamePhase to lobby when last player disconnects during active run
Player disconnected: LHMbssoFy54MW5bTAAAn

stdout | server/test/integration.test.js > Socket Integration — Last Player Disconnect Resets Run > clears gameState.run when last player disconnects
Server listening on port 0

stdout | server/test/integration.test.js > Socket Integration — Last Player Disconnect Resets Run > clears gameState.run when last player disconnects
Player connected: UDnr3RQ8-Ah16tKmAAAp

stdout | server/test/integration.test.js > Socket Integration — Last Player Disconnect Resets Run > clears gameState.run when last player disconnects
Player disconnected: UDnr3RQ8-Ah16tKmAAAp

stdout | server/test/integration.test.js > Socket Integration — Last Player Disconnect Resets Run > clears enemies, minions, and loot when last player disconnects
Server listening on port 0

stdout | server/test/integration.test.js > Socket Integration — Last Player Disconnect Resets Run > clears enemies, minions, and loot when last player disconnects
Player connected: yy_hAHa46MyNFKAaAAAr

stdout | server/test/integration.test.js > Socket Integration — Last Player Disconnect Resets Run > clears enemies, minions, and loot when last player disconnects
Player disconnected: yy_hAHa46MyNFKAaAAAr

stdout | server/test/integration.test.js > Socket Integration — Last Player Disconnect Resets Run > does not reset run when a second player remains connected
Server listening on port 0

stdout | server/test/integration.test.js > Socket Integration — Last Player Disconnect Resets Run > does not reset run when a second player remains connected
Player connected: G4bIzeCx2v7ACP_LAAAt

stdout | server/test/integration.test.js > Socket Integration — Last Player Disconnect Resets Run > does not reset run when a second player remains connected
Player connected: yhnvIrndy6bdVrRaAAAv

stdout | server/test/integration.test.js > Socket Integration — Last Player Disconnect Resets Run > does not reset run when a second player remains connected
Player disconnected: G4bIzeCx2v7ACP_LAAAt

stdout | server/test/integration.test.js > Socket Integration — Last Player Disconnect Resets Run > does not reset run when a second player remains connected
Player disconnected: yhnvIrndy6bdVrRaAAAv

stdout | server/test/integration.test.js > Socket Integration — Last Player Disconnect Resets Run > does not reset run when one of multiple players disconnects
Server listening on port 0

stdout | server/test/integration.test.js > Socket Integration — Last Player Disconnect Resets Run > does not reset run when one of multiple players disconnects
Player connected: Dx49TDKU6o4lSQa3AAAx

stdout | server/test/integration.test.js > Socket Integration — Last Player Disconnect Resets Run > does not reset run when one of multiple players disconnects
Player connected: 4yxvLJnxPrOPNhQbAAAz

stdout | server/test/integration.test.js > Socket Integration — Last Player Disconnect Resets Run > does not reset run when one of multiple players disconnects
Player disconnected: Dx49TDKU6o4lSQa3AAAx

stdout | server/test/integration.test.js > Socket Integration — Last Player Disconnect Resets Run > does not reset run when one of multiple players disconnects
Player disconnected: 4yxvLJnxPrOPNhQbAAAz

stdout | server/test/integration.test.js > Socket Integration — Last Player Disconnect Resets Run > resets to lobby when last player disconnects in terminal run state
Server listening on port 0

stdout | server/test/integration.test.js > Socket Integration — Last Player Disconnect Resets Run > resets to lobby when last player disconnects in terminal run state
Player connected: YvH45ddecw1KKAAIAAA1

stdout | server/test/integration.test.js > Socket Integration — Last Player Disconnect Resets Run > resets to lobby when last player disconnects in terminal run state
Player disconnected: YvH45ddecw1KKAAIAAA1

stdout | server/test/integration.test.js > Socket Integration — Last Player Disconnect Resets Run > new connection receives clean lobby init after last player disconnects
Server listening on port 0

stdout | server/test/integration.test.js > Socket Integration — Last Player Disconnect Resets Run > new connection receives clean lobby init after last player disconnects
Player connected: w60k1uDADRrm18WLAAA3

stdout | server/test/integration.test.js > Socket Integration — Last Player Disconnect Resets Run > new connection receives clean lobby init after last player disconnects
Player disconnected: w60k1uDADRrm18WLAAA3

stdout | server/test/integration.test.js > Socket Integration — Last Player Disconnect Resets Run > new connection receives clean lobby init after last player disconnects
Player connected: i61P-Odi2B3Xy5SzAAA5

stdout | server/test/integration.test.js > Socket Integration — Last Player Disconnect Resets Run > new connection receives clean lobby init after last player disconnects
Player disconnected: i61P-Odi2B3Xy5SzAAA5

stdout | server/test/integration.test.js > Socket Integration — Lobby / playerReady Flow > two players connect, both emit playerReady(true), both receive startGame
Server listening on port 0

stdout | server/test/integration.test.js > Socket Integration — Lobby / playerReady Flow > two players connect, both emit playerReady(true), both receive startGame
Player connected: 8QifqH5KkB1PVF4vAAA7

stdout | server/test/integration.test.js > Socket Integration — Lobby / playerReady Flow > two players connect, both emit playerReady(true), both receive startGame
Player connected: lRpw-LkqBe6valO6AAA9

stdout | server/test/integration.test.js > Socket Integration — Lobby / playerReady Flow > two players connect, both emit playerReady(true), both receive startGame
Player disconnected: 8QifqH5KkB1PVF4vAAA7

stdout | server/test/integration.test.js > Socket Integration — Lobby / playerReady Flow > two players connect, both emit playerReady(true), both receive startGame
Player disconnected: lRpw-LkqBe6valO6AAA9

stdout | server/test/integration.test.js > Socket Integration — Lobby / playerReady Flow > broadcasts lobbyUpdate on playerReady
Server listening on port 0

stdout | server/test/integration.test.js > Socket Integration — Lobby / playerReady Flow > broadcasts lobbyUpdate on playerReady
Player connected: npTMZC-BWqiX0p1iAAA_

stdout | server/test/integration.test.js > Socket Integration — Lobby / playerReady Flow > broadcasts lobbyUpdate on playerReady
Player connected: tbpKYdYhmWEVo0Z9AABB

stdout | server/test/integration.test.js > Socket Integration — Lobby / playerReady Flow > broadcasts lobbyUpdate on playerReady
Player disconnected: tbpKYdYhmWEVo0Z9AABB

stdout | server/test/integration.test.js > Socket Integration — Lobby / playerReady Flow > broadcasts lobbyUpdate on playerReady
Player disconnected: npTMZC-BWqiX0p1iAAA_

stdout | server/test/integration.test.js > dungeon run objective > both players receive state containing run object with correct initial values after game starts
Server listening on port 0

stdout | server/test/integration.test.js > dungeon run objective > both players receive state containing run object with correct initial values after game starts
Player connected: wNHAuQ3GHTuab4HmAABD

stdout | server/test/integration.test.js > dungeon run objective > both players receive state containing run object with correct initial values after game starts
Player connected: U0eBKCyNsm6D62iAAABF

stdout | server/test/integration.test.js > dungeon run objective > both players receive state containing run object with correct initial values after game starts
Player disconnected: wNHAuQ3GHTuab4HmAABD

stdout | server/test/integration.test.js > dungeon run objective > both players receive state containing run object with correct initial values after game starts
Player disconnected: U0eBKCyNsm6D62iAAABF

stdout | server/test/integration.test.js > dungeon run objective > killing an enemy through useCard advances run.objective.defeatedEnemies by 1
Server listening on port 0

stdout | server/test/integration.test.js > dungeon run objective > killing an enemy through useCard advances run.objective.defeatedEnemies by 1
Player connected: DsRhR49vRgXFpI33AABH

stdout | server/test/integration.test.js > dungeon run objective > killing an enemy through useCard advances run.objective.defeatedEnemies by 1
Player connected: dm57cLxWZfWUEbSbAABJ

stdout | server/test/integration.test.js > dungeon run objective > killing an enemy through useCard advances run.objective.defeatedEnemies by 1
[loot] spawned id=aaac04b2-bec9-4a4b-92aa-8af9fd67f65c value=18

stdout | server/test/integration.test.js > dungeon run objective > killing an enemy through useCard advances run.objective.defeatedEnemies by 1
Player disconnected: DsRhR49vRgXFpI33AABH

stdout | server/test/integration.test.js > dungeon run objective > killing an enemy through useCard advances run.objective.defeatedEnemies by 1
Player disconnected: dm57cLxWZfWUEbSbAABJ

stdout | server/test/integration.test.js > Run terminal state — integration > runComplete is emitted after the last enemy is defeated via a weapon card
Server listening on port 0

stdout | server/test/integration.test.js > Run terminal state — integration > runComplete is emitted after the last enemy is defeated via a weapon card
Player connected: BCaKtsDG1gOPU_LUAABL

stdout | server/test/integration.test.js > Run terminal state — integration > runComplete is emitted after the last enemy is defeated via a weapon card
Player connected: NqfqJh3cgtZy_h1nAABN

stdout | server/test/integration.test.js > Run terminal state — integration > runComplete is emitted after the last enemy is defeated via a weapon card
[loot] spawned id=1a2b773a-98f4-4f4c-81bf-90b1d4b17195 value=20

stdout | server/test/integration.test.js > Run terminal state — integration > runComplete is emitted after the last enemy is defeated via a weapon card
Player disconnected: BCaKtsDG1gOPU_LUAABL

stdout | server/test/integration.test.js > Run terminal state — integration > runComplete is emitted after the last enemy is defeated via a weapon card
Player disconnected: NqfqJh3cgtZy_h1nAABN

stdout | server/test/integration.test.js > Run terminal state — integration > runFailed is emitted when all connected players are dead during a run
Server listening on port 0

stdout | server/test/integration.test.js > Run terminal state — integration > runFailed is emitted when all connected players are dead during a run
Player connected: NdFozzLVYLx01pXYAABP

stdout | server/test/integration.test.js > Run terminal state — integration > runFailed is emitted when all connected players are dead during a run
Player connected: zG9lT1oMlWjCD8zuAABR

stdout | server/test/integration.test.js > Run terminal state — integration > runFailed is emitted when all connected players are dead during a run
Player disconnected: NdFozzLVYLx01pXYAABP

stdout | server/test/integration.test.js > Run terminal state — integration > runFailed is emitted when all connected players are dead during a run
Player disconnected: zG9lT1oMlWjCD8zuAABR

stdout | server/test/integration.test.js > Run terminal state — integration > returnToLobby resets gamePhase, clears run, empties enemies/minions/loot, and sets players to ready: false
Server listening on port 0

stdout | server/test/integration.test.js > Run terminal state — integration > returnToLobby resets gamePhase, clears run, empties enemies/minions/loot, and sets players to ready: false
Player connected: UY0Hk5DdHBQPCxT-AABT

stdout | server/test/integration.test.js > Run terminal state — integration > returnToLobby resets gamePhase, clears run, empties enemies/minions/loot, and sets players to ready: false
Player connected: kmUYjSJgplsGz023AABV

stdout | server/test/integration.test.js > Run terminal state — integration > returnToLobby resets gamePhase, clears run, empties enemies/minions/loot, and sets players to ready: false
Player disconnected: UY0Hk5DdHBQPCxT-AABT

stdout | server/test/integration.test.js > Run terminal state — integration > returnToLobby resets gamePhase, clears run, empties enemies/minions/loot, and sets players to ready: false
Player disconnected: kmUYjSJgplsGz023AABV

stdout | server/test/integration.test.js > Run terminal state — integration > after returnToLobby, players can ready up and start a second run with a fresh objective
Server listening on port 0

stdout | server/test/integration.test.js > Run terminal state — integration > after returnToLobby, players can ready up and start a second run with a fresh objective
Player connected: 4B5x3eMC6zgO16g8AABX

stdout | server/test/integration.test.js > Run terminal state — integration > after returnToLobby, players can ready up and start a second run with a fresh objective
Player connected: 7QCcp694PagTF5nCAABZ

stdout | server/test/integration.test.js > Run terminal state — integration > after returnToLobby, players can ready up and start a second run with a fresh objective
Player disconnected: 4B5x3eMC6zgO16g8AABX

stdout | server/test/integration.test.js > Run terminal state — integration > after returnToLobby, players can ready up and start a second run with a fresh objective
Player disconnected: 7QCcp694PagTF5nCAABZ

stdout | server/test/integration.test.js > Run terminal state — integration > ignores returnToLobby while the run is still playing
Server listening on port 0

stdout | server/test/integration.test.js > Run terminal state — integration > ignores returnToLobby while the run is still playing
Player connected: yCJFpaJ7sS1bU3DOAABb

stdout | server/test/integration.test.js > Run terminal state — integration > ignores returnToLobby while the run is still playing
Player connected: ph1yL5IREmfm56T0AABd

stdout | server/test/integration.test.js > Run terminal state — integration > ignores returnToLobby while the run is still playing
Player disconnected: yCJFpaJ7sS1bU3DOAABb

stdout | server/test/integration.test.js > Run terminal state — integration > ignores returnToLobby while the run is still playing
Player disconnected: ph1yL5IREmfm56T0AABd

stdout | server/test/integration.test.js > Run terminal state — integration > returnToLobby rejects request while run is still playing and emits runError to requesting socket
Server listening on port 0

stdout | server/test/integration.test.js > Run terminal state — integration > returnToLobby rejects request while run is still playing and emits runError to requesting socket
Player connected: lE32jg-q6jE-4MmzAABf

stdout | server/test/integration.test.js > Run terminal state — integration > returnToLobby rejects request while run is still playing and emits runError to requesting socket
Player connected: __mmbkUvTo0pabK0AABh

stdout | server/test/integration.test.js > Run terminal state — integration > returnToLobby rejects request while run is still playing and emits runError to requesting socket
Player disconnected: lE32jg-q6jE-4MmzAABf

stdout | server/test/integration.test.js > Run terminal state — integration > returnToLobby rejects request while run is still playing and emits runError to requesting socket
Player disconnected: __mmbkUvTo0pabK0AABh

stdout | server/test/integration.test.js > Rewards in run complete payload > runComplete payload contains per-player rewards with at least one card after a victory
Server listening on port 0

stdout | server/test/integration.test.js > Rewards in run complete payload > runComplete payload contains per-player rewards with at least one card after a victory
Player connected: lrcF29BQU2YIutq5AABj

stdout | server/test/integration.test.js > Rewards in run complete payload > runComplete payload contains per-player rewards with at least one card after a victory
Player connected: oaVjclWC2iQ0i24UAABl

stdout | server/test/integration.test.js > Rewards in run complete payload > runComplete payload contains per-player rewards with at least one card after a victory
[loot] spawned id=fa999229-beb5-4ef4-ae1e-931cefa61f74 value=19

stdout | server/test/integration.test.js > Rewards in run complete payload > runComplete payload contains per-player rewards with at least one card after a victory
Player disconnected: lrcF29BQU2YIutq5AABj

stdout | server/test/integration.test.js > Rewards in run complete payload > runComplete payload contains per-player rewards with at least one card after a victory
Player disconnected: oaVjclWC2iQ0i24UAABl

stdout | server/test/integration.test.js > Rewards in run complete payload > runFailed payload contains per-player rewards but no victory card
Server listening on port 0

stdout | server/test/integration.test.js > Rewards in run complete payload > runFailed payload contains per-player rewards but no victory card
Player connected: TPobL5Wvs5lWwskNAABn

stdout | server/test/integration.test.js > Rewards in run complete payload > runFailed payload contains per-player rewards but no victory card
Player connected: 6WrBg2cACGwtvqtiAABp

stdout | server/test/integration.test.js > Rewards in run complete payload > runFailed payload contains per-player rewards but no victory card
Player disconnected: TPobL5Wvs5lWwskNAABn

stdout | server/test/integration.test.js > Rewards in run complete payload > runFailed payload contains per-player rewards but no victory card
Player disconnected: 6WrBg2cACGwtvqtiAABp

stdout | server/test/integration.test.js > Rewards in run complete payload > currency picked up via lootPickup appears in player currency in the run summary
Server listening on port 0

stdout | server/test/integration.test.js > Rewards in run complete payload > currency picked up via lootPickup appears in player currency in the run summary
Player connected: 9ql9RdwT4Bn_qMFTAABr

stdout | server/test/integration.test.js > Rewards in run complete payload > currency picked up via lootPickup appears in player currency in the run summary
Player connected: Rgsnozh2R0NWfvDqAABt

stdout | server/test/integration.test.js > Rewards in run complete payload > currency picked up via lootPickup appears in player currency in the run summary
[loot] picked up id=loot_test value=15 by 9ql9RdwT4Bn_qMFTAABr (currency=15)

stdout | server/test/integration.test.js > Rewards in run complete payload > currency picked up via lootPickup appears in player currency in the run summary
[loot] spawned id=2ec5f308-cbda-4de3-9de4-84f0acfeda5d value=17

stdout | server/test/integration.test.js > Rewards in run complete payload > currency picked up via lootPickup appears in player currency in the run summary
Player disconnected: 9ql9RdwT4Bn_qMFTAABr

stdout | server/test/integration.test.js > Rewards in run complete payload > currency picked up via lootPickup appears in player currency in the run summary
Player disconnected: Rgsnozh2R0NWfvDqAABt

stdout | server/test/integration.test.js > Reward state persistence across runs > after completing a run and returning to lobby, currency and ownedCards are preserved
Server listening on port 0

stdout | server/test/integration.test.js > Reward state persistence across runs > after completing a run and returning to lobby, currency and ownedCards are preserved
Player connected: TH7JCgA6Ei8otib5AABv

stdout | server/test/integration.test.js > Reward state persistence across runs > after completing a run and returning to lobby, currency and ownedCards are preserved
Player connected: VJvQt0PbJYw7MmvhAABx

stdout | server/test/integration.test.js > Reward state persistence across runs > after completing a run and returning to lobby, currency and ownedCards are preserved
[loot] spawned id=db4b1931-c277-4868-bf67-778d9d8389f8 value=9

stdout | server/test/integration.test.js > Reward state persistence across runs > after completing a run and returning to lobby, currency and ownedCards are preserved
Player disconnected: TH7JCgA6Ei8otib5AABv

stdout | server/test/integration.test.js > Reward state persistence across runs > after completing a run and returning to lobby, currency and ownedCards are preserved
Player disconnected: VJvQt0PbJYw7MmvhAABx

stdout | server/test/integration.test.js > Reward state persistence across runs > starting a second run after returning to lobby uses the same currency and ownedCards from previous run
Server listening on port 0

stdout | server/test/integration.test.js > Reward state persistence across runs > starting a second run after returning to lobby uses the same currency and ownedCards from previous run
Player connected: TXdRKjhqirx8gb73AABz

stdout | server/test/integration.test.js > Reward state persistence across runs > starting a second run after returning to lobby uses the same currency and ownedCards from previous run
Player connected: Xlva1zzhbY0QRHCRAAB1

stdout | server/test/integration.test.js > Reward state persistence across runs > starting a second run after returning to lobby uses the same currency and ownedCards from previous run
[loot] spawned id=505eede5-bc8b-43c5-b1a5-eb320488d286 value=9

stdout | server/test/integration.test.js > Reward state persistence across runs > starting a second run after returning to lobby uses the same currency and ownedCards from previous run
Player disconnected: TXdRKjhqirx8gb73AABz

stdout | server/test/integration.test.js > Reward state persistence across runs > starting a second run after returning to lobby uses the same currency and ownedCards from previous run
Player disconnected: Xlva1zzhbY0QRHCRAAB1

stdout | server/test/integration.test.js > Reward state persistence across runs > returnPlayersToLobby preserves ownedCards and runRewards
Server listening on port 0

stdout | server/test/integration.test.js > Reward state persistence across runs > returnPlayersToLobby preserves ownedCards and runRewards
Player connected: Il5n2vnjhfGOVteFAAB3

stdout | server/test/integration.test.js > Reward state persistence across runs > returnPlayersToLobby preserves ownedCards and runRewards
Player connected: 0fmDRzZpNkvjnIbIAAB5

stdout | server/test/integration.test.js > Reward state persistence across runs > returnPlayersToLobby preserves ownedCards and runRewards
[loot] spawned id=e1d99d19-54aa-4b39-9b9c-9d49495dc0ed value=11

stdout | server/test/integration.test.js > Reward state persistence across runs > returnPlayersToLobby preserves ownedCards and runRewards
Player disconnected: Il5n2vnjhfGOVteFAAB3

stdout | server/test/integration.test.js > Reward state persistence across runs > returnPlayersToLobby preserves ownedCards and runRewards
Player disconnected: 0fmDRzZpNkvjnIbIAAB5

stdout | server/test/integration.test.js > Deck edit handlers — deckAddCard / deckRemoveCard > player A adds a card and receives deckUpdate; player B deck is unchanged
Server listening on port 0

stdout | server/test/integration.test.js > Deck edit handlers — deckAddCard / deckRemoveCard > player A adds a card and receives deckUpdate; player B deck is unchanged
Player connected: qUxjmhdIaZrCjxk8AAB7

stdout | server/test/integration.test.js > Deck edit handlers — deckAddCard / deckRemoveCard > player A adds a card and receives deckUpdate; player B deck is unchanged
Player connected: nkuGfekd6aGylpBRAAB9

stdout | server/test/integration.test.js > Deck edit handlers — deckAddCard / deckRemoveCard > player A adds a card and receives deckUpdate; player B deck is unchanged
Player disconnected: qUxjmhdIaZrCjxk8AAB7

stdout | server/test/integration.test.js > Deck edit handlers — deckAddCard / deckRemoveCard > player A adds a card and receives deckUpdate; player B deck is unchanged
Player disconnected: nkuGfekd6aGylpBRAAB9

stdout | server/test/integration.test.js > Deck edit handlers — deckAddCard / deckRemoveCard > player removes a card from deck and receives deckUpdate
Server listening on port 0

stdout | server/test/integration.test.js > Deck edit handlers — deckAddCard / deckRemoveCard > player removes a card from deck and receives deckUpdate
Player connected: Bm1_e2J6sA5dgkElAAB_

stdout | server/test/integration.test.js > Deck edit handlers — deckAddCard / deckRemoveCard > player removes a card from deck and receives deckUpdate
Player connected: sBcaDE91Skc-6QsCAACB

stdout | server/test/integration.test.js > Deck edit handlers — deckAddCard / deckRemoveCard > player removes a card from deck and receives deckUpdate
Player disconnected: Bm1_e2J6sA5dgkElAAB_

stdout | server/test/integration.test.js > Deck edit handlers — deckAddCard / deckRemoveCard > player removes a card from deck and receives deckUpdate
Player disconnected: sBcaDE91Skc-6QsCAACB

stdout | server/test/integration.test.js > Deck edit handlers — deckAddCard / deckRemoveCard > deckAddCard during playing phase is silently ignored
Server listening on port 0

stdout | server/test/integration.test.js > Deck edit handlers — deckAddCard / deckRemoveCard > deckAddCard during playing phase is silently ignored
Player connected: pljcA0KoVKz42PrZAACD

stdout | server/test/integration.test.js > Deck edit handlers — deckAddCard / deckRemoveCard > deckAddCard during playing phase is silently ignored
Player connected: Iz6brbo-n-ApwhTyAACF

stdout | server/test/integration.test.js > Deck edit handlers — deckAddCard / deckRemoveCard > deckAddCard during playing phase is silently ignored
Player disconnected: pljcA0KoVKz42PrZAACD

stdout | server/test/integration.test.js > Deck edit handlers — deckAddCard / deckRemoveCard > deckAddCard during playing phase is silently ignored
Player disconnected: Iz6brbo-n-ApwhTyAACF

stdout | server/test/integration.test.js > Deck edit handlers — deckAddCard / deckRemoveCard > deckRemoveCard during playing phase is silently ignored
Server listening on port 0

stdout | server/test/integration.test.js > Deck edit handlers — deckAddCard / deckRemoveCard > deckRemoveCard during playing phase is silently ignored
Player connected: W66g8UAN1-NJzEG1AACH

stdout | server/test/integration.test.js > Deck edit handlers — deckAddCard / deckRemoveCard > deckRemoveCard during playing phase is silently ignored
Player connected: 5PXy5W5F6KlcMDvVAACJ

stdout | server/test/integration.test.js > Deck edit handlers — deckAddCard / deckRemoveCard > deckRemoveCard during playing phase is silently ignored
Player disconnected: W66g8UAN1-NJzEG1AACH

stdout | server/test/integration.test.js > Deck edit handlers — deckAddCard / deckRemoveCard > deckRemoveCard during playing phase is silently ignored
Player disconnected: 5PXy5W5F6KlcMDvVAACJ

stdout | server/test/integration.test.js > Deck edit handlers — deckAddCard / deckRemoveCard > adding unknown card emits deckError
Server listening on port 0

stdout | server/test/integration.test.js > Deck edit handlers — deckAddCard / deckRemoveCard > adding unknown card emits deckError
Player connected: HeKdKr73mz2PC2tTAACL

stdout | server/test/integration.test.js > Deck edit handlers — deckAddCard / deckRemoveCard > adding unknown card emits deckError
Player connected: U38Ps9di0fogIXe7AACN

stdout | server/test/integration.test.js > Deck edit handlers — deckAddCard / deckRemoveCard > adding unknown card emits deckError
Player disconnected: HeKdKr73mz2PC2tTAACL

stdout | server/test/integration.test.js > Deck edit handlers — deckAddCard / deckRemoveCard > adding unknown card emits deckError
Player disconnected: U38Ps9di0fogIXe7AACN

stdout | server/test/integration.test.js > Deck edit handlers — deckAddCard / deckRemoveCard > removing card not in deck emits deckError
Server listening on port 0

stdout | server/test/integration.test.js > Deck edit handlers — deckAddCard / deckRemoveCard > removing card not in deck emits deckError
Player connected: OJblxOcMZpprlKLPAACP

stdout | server/test/integration.test.js > Deck edit handlers — deckAddCard / deckRemoveCard > removing card not in deck emits deckError
Player connected: aDU9vvZEWRJH2oPuAACR

stdout | server/test/integration.test.js > Deck edit handlers — deckAddCard / deckRemoveCard > removing card not in deck emits deckError
Player disconnected: OJblxOcMZpprlKLPAACP

stdout | server/test/integration.test.js > Deck edit handlers — deckAddCard / deckRemoveCard > removing card not in deck emits deckError
Player disconnected: aDU9vvZEWRJH2oPuAACR

stdout | server/test/integration.test.js > Deck edit handlers — deckAddCard / deckRemoveCard > adding too many copies of a card emits deckError
Server listening on port 0

stdout | server/test/integration.test.js > Deck edit handlers — deckAddCard / deckRemoveCard > adding too many copies of a card emits deckError
Player connected: JgIOsFGoEsLBwz-HAACT

stdout | server/test/integration.test.js > Deck edit handlers — deckAddCard / deckRemoveCard > adding too many copies of a card emits deckError
Player connected: bFk0yIXZrGKopEJiAACV

stdout | server/test/integration.test.js > Deck edit handlers — deckAddCard / deckRemoveCard > adding too many copies of a card emits deckError
Player disconnected: JgIOsFGoEsLBwz-HAACT

stdout | server/test/integration.test.js > Deck edit handlers — deckAddCard / deckRemoveCard > adding too many copies of a card emits deckError
Player disconnected: bFk0yIXZrGKopEJiAACV

stdout | server/test/integration.test.js > Deck edit handlers — deckAddCard / deckRemoveCard > two players can edit decks independently without affecting each other
Server listening on port 0

stdout | server/test/integration.test.js > Deck edit handlers — deckAddCard / deckRemoveCard > two players can edit decks independently without affecting each other
Player connected: Ptt6b-XjMwObEKNkAACX

stdout | server/test/integration.test.js > Deck edit handlers — deckAddCard / deckRemoveCard > two players can edit decks independently without affecting each other
Player connected: gsHgwSSMD1xoAucVAACZ

stdout | server/test/integration.test.js > Deck edit handlers — deckAddCard / deckRemoveCard > two players can edit decks independently without affecting each other
Player disconnected: Ptt6b-XjMwObEKNkAACX

stdout | server/test/integration.test.js > Deck edit handlers — deckAddCard / deckRemoveCard > two players can edit decks independently without affecting each other
Player disconnected: gsHgwSSMD1xoAucVAACZ

stdout | server/test/integration.test.js > Server Ready Validation and Deck-to-Hand > client receives init event containing selectedDeck and ownedCards
Server listening on port 0

stdout | server/test/integration.test.js > Server Ready Validation and Deck-to-Hand > client receives init event containing selectedDeck and ownedCards
Player connected: q8CHtdhJJd9VzHqJAACb

stdout | server/test/integration.test.js > Server Ready Validation and Deck-to-Hand > client receives init event containing selectedDeck and ownedCards
Player connected: zZStB2DLRKZMfuXiAACd

stdout | server/test/integration.test.js > Server Ready Validation and Deck-to-Hand > client receives init event containing selectedDeck and ownedCards
Player connected: jMeXOww1QUbBQtpBAACf

stdout | server/test/integration.test.js > Server Ready Validation and Deck-to-Hand > client receives init event containing selectedDeck and ownedCards
Player disconnected: jMeXOww1QUbBQtpBAACf

stdout | server/test/integration.test.js > Server Ready Validation and Deck-to-Hand > client receives init event containing selectedDeck and ownedCards
Player disconnected: q8CHtdhJJd9VzHqJAACb

stdout | server/test/integration.test.js > Server Ready Validation and Deck-to-Hand > client receives init event containing selectedDeck and ownedCards
Player disconnected: zZStB2DLRKZMfuXiAACd

stdout | server/test/integration.test.js > Server Ready Validation and Deck-to-Hand > ready is rejected with deckError when deck is too small
Server listening on port 0

stdout | server/test/integration.test.js > Server Ready Validation and Deck-to-Hand > ready is rejected with deckError when deck is too small
Player connected: ynR9AZ6X-zfVTKKQAACh

stdout | server/test/integration.test.js > Server Ready Validation and Deck-to-Hand > ready is rejected with deckError when deck is too small
Player connected: 5G1SB8377ZFeeBueAACj

stdout | server/test/integration.test.js > Server Ready Validation and Deck-to-Hand > ready is rejected with deckError when deck is too small
Player disconnected: ynR9AZ6X-zfVTKKQAACh

stdout | server/test/integration.test.js > Server Ready Validation and Deck-to-Hand > ready is rejected with deckError when deck is too small
Player disconnected: 5G1SB8377ZFeeBueAACj

stdout | server/test/integration.test.js > Server Ready Validation and Deck-to-Hand > a valid selected deck populates player.deck when the run starts
Server listening on port 0

stdout | server/test/integration.test.js > Server Ready Validation and Deck-to-Hand > a valid selected deck populates player.deck when the run starts
Player connected: CUXedTEvqxrXcgfgAACl

stdout | server/test/integration.test.js > Server Ready Validation and Deck-to-Hand > a valid selected deck populates player.deck when the run starts
Player connected: BdiB-S7xNMAy6kLpAACn

stdout | server/test/integration.test.js > Server Ready Validation and Deck-to-Hand > a valid selected deck populates player.deck when the run starts
Player disconnected: CUXedTEvqxrXcgfgAACl

stdout | server/test/integration.test.js > Server Ready Validation and Deck-to-Hand > a valid selected deck populates player.deck when the run starts
Player disconnected: BdiB-S7xNMAy6kLpAACn

stdout | server/test/integration.test.js > Enemy telegraph integration > enemy enters windup before damaging player
Server listening on port 0

stdout | server/test/integration.test.js > Enemy telegraph integration > enemy enters windup before damaging player
Player connected: lcugAYfLP5rFOqErAACp

stdout | server/test/integration.test.js > Enemy telegraph integration > enemy enters windup before damaging player
Player disconnected: lcugAYfLP5rFOqErAACp

stdout | server/test/integration.test.js > Enemy telegraph integration > moving out of range avoids damage
Server listening on port 0

stdout | server/test/integration.test.js > Enemy telegraph integration > moving out of range avoids damage
Player connected: HumDsXFuhiG4gEFRAACr

stdout | server/test/integration.test.js > Enemy telegraph integration > moving out of range avoids damage
Rejected move from HumDsXFuhiG4gEFRAACr: swept collision from (-14.81, 25.19) to (-15.32, 24.68)

stdout | server/test/integration.test.js > Enemy telegraph integration > moving out of range avoids damage
Player disconnected: HumDsXFuhiG4gEFRAACr

stdout | server/test/integration.test.js > Enemy telegraph integration > standing still near enemy results in damage after windup + strike
Server listening on port 0

stdout | server/test/integration.test.js > Enemy telegraph integration > standing still near enemy results in damage after windup + strike
Player connected: B3wIvAXD3d56eggJAACt

stdout | server/test/integration.test.js > Enemy telegraph integration > standing still near enemy results in damage after windup + strike
Player disconnected: B3wIvAXD3d56eggJAACt

stdout | server/test/integration.test.js > Dungeon layout consistency > two clients connect to the same server and both receive the same layoutSeed in their init payload
Server listening on port 0

stdout | server/test/integration.test.js > Dungeon layout consistency > two clients connect to the same server and both receive the same layoutSeed in their init payload
Player connected: HiSnRCmg71GVQhXjAACv

stdout | server/test/integration.test.js > Dungeon layout consistency > two clients connect to the same server and both receive the same layoutSeed in their init payload
Player connected: vOC2lXucNfh_yO_rAACx

stdout | server/test/integration.test.js > Dungeon layout consistency > two clients connect to the same server and both receive the same layoutSeed in their init payload
Player disconnected: HiSnRCmg71GVQhXjAACv

stdout | server/test/integration.test.js > Dungeon layout consistency > two clients connect to the same server and both receive the same layoutSeed in their init payload
Player disconnected: vOC2lXucNfh_yO_rAACx

stdout | server/test/integration.test.js > Dungeon layout consistency > two clients receive identical layout.rooms arrays (same count, same positions/sizes)
Server listening on port 0

stdout | server/test/integration.test.js > Dungeon layout consistency > two clients receive identical layout.rooms arrays (same count, same positions/sizes)
Player connected: wK2IeZXa_3aSi6gTAACz

stdout | server/test/integration.test.js > Dungeon layout consistency > two clients receive identical layout.rooms arrays (same count, same positions/sizes)
Player connected: PVG00JXvRQN5W8gQAAC1

stdout | server/test/integration.test.js > Dungeon layout consistency > two clients receive identical layout.rooms arrays (same count, same positions/sizes)
Player disconnected: wK2IeZXa_3aSi6gTAACz

stdout | server/test/integration.test.js > Dungeon layout consistency > two clients receive identical layout.rooms arrays (same count, same positions/sizes)
Player disconnected: PVG00JXvRQN5W8gQAAC1

stdout | server/test/integration.test.js > Dungeon layout consistency > stateUpdate payloads include layoutSeed matching the original init seed
Server listening on port 0

stdout | server/test/integration.test.js > Dungeon layout consistency > stateUpdate payloads include layoutSeed matching the original init seed
Player connected: JJ_W_srSuZmcqYlpAAC3

stdout | server/test/integration.test.js > Dungeon layout consistency > stateUpdate payloads include layoutSeed matching the original init seed
Player disconnected: JJ_W_srSuZmcqYlpAAC3

stdout | server/test/integration.test.js > Dungeon layout consistency > after resetGameState() a new layout with a different seed is generated
Server listening on port 0

stdout | server/test/integration.test.js > Dungeon layout consistency > after resetGameState() a new layout with a different seed is generated
Player connected: KBWfX7U0-O7-pctXAAC5

stdout | server/test/integration.test.js > Dungeon layout consistency > after resetGameState() a new layout with a different seed is generated
Player disconnected: KBWfX7U0-O7-pctXAAC5

stdout | server/test/integration.test.js > Dungeon layout consistency > after resetGameState() a new layout with a different seed is generated
Player connected: 76eTe-cwBxSZuym9AAC7

stdout | server/test/integration.test.js > Dungeon layout consistency > after resetGameState() a new layout with a different seed is generated
Player disconnected: 76eTe-cwBxSZuym9AAC7

stdout | server/test/integration.test.js > Dungeon layout consistency > clampToDungeon() prevents player movement beyond dungeon bounds
Server listening on port 0

stdout | server/test/integration.test.js > Dungeon layout consistency > clampToDungeon() prevents player movement beyond dungeon bounds
Player connected: CInfOH6Fpjd_IrZZAAC9

stdout | server/test/integration.test.js > Dungeon layout consistency > clampToDungeon() prevents player movement beyond dungeon bounds
Player disconnected: CInfOH6Fpjd_IrZZAAC9

stdout | server/test/integration.test.js > Loot pickup throttle — idempotency > emitting lootPickup twice for the same loot ID only credits currency once
Server listening on port 0

stdout | server/test/integration.test.js > Loot pickup throttle — idempotency > emitting lootPickup twice for the same loot ID only credits currency once
Player connected: _JIabHY0lq6gjxj0AAC_

stdout | server/test/integration.test.js > Loot pickup throttle — idempotency > emitting lootPickup twice for the same loot ID only credits currency once
[loot] picked up id=loot_idempotent value=10 by _JIabHY0lq6gjxj0AAC_ (currency=10)

stdout | server/test/integration.test.js > Loot pickup throttle — idempotency > emitting lootPickup twice for the same loot ID only credits currency once
Player disconnected: _JIabHY0lq6gjxj0AAC_

stdout | server/test/integration.test.js > Loot pickup throttle — idempotency > emitting lootPickup for a non-existent loot ID is a no-op
Server listening on port 0

stdout | server/test/integration.test.js > Loot pickup throttle — idempotency > emitting lootPickup for a non-existent loot ID is a no-op
Player connected: fmhcIzq-Y3o6xWgcAADB

stdout | server/test/integration.test.js > Loot pickup throttle — idempotency > emitting lootPickup for a non-existent loot ID is a no-op
Player disconnected: fmhcIzq-Y3o6xWgcAADB

stdout | server/test/integration.test.js > Loot pickup — dead player exclusion > emitting lootPickup as a dead player leaves loot in gameState.loot and currency unchanged
Server listening on port 0

stdout | server/test/integration.test.js > Loot pickup — dead player exclusion > emitting lootPickup as a dead player leaves loot in gameState.loot and currency unchanged
Player connected: tacn6wkQss49nGVsAADD

stdout | server/test/integration.test.js > Loot pickup — dead player exclusion > emitting lootPickup as a dead player leaves loot in gameState.loot and currency unchanged
[loot] picked up id=loot_dead_test value=12 by tacn6wkQss49nGVsAADD (currency=12)

stdout | server/test/integration.test.js > Loot pickup — dead player exclusion > emitting lootPickup as a dead player leaves loot in gameState.loot and currency unchanged
Player disconnected: tacn6wkQss49nGVsAADD

stdout | server/test/integration.test.js > killing skirmisher via weapon card (integration) > player uses a weapon card to kill a skirmisher — hp goes to 0, enemy removed, defeatedEnemies incremented
Server listening on port 0

stdout | server/test/integration.test.js > killing skirmisher via weapon card (integration) > player uses a weapon card to kill a skirmisher — hp goes to 0, enemy removed, defeatedEnemies incremented
Player connected: BpfdbCloTAOmm3ZuAADF

stdout | server/test/integration.test.js > killing skirmisher via weapon card (integration) > player uses a weapon card to kill a skirmisher — hp goes to 0, enemy removed, defeatedEnemies incremented
Player disconnected: BpfdbCloTAOmm3ZuAADF

stdout | server/test/integration.test.js > killing miniboss via weapon card (integration) > player uses weapon cards to kill a miniboss — requires multiple hits, defeatedEnemies incremented
Server listening on port 0

stdout | server/test/integration.test.js > killing miniboss via weapon card (integration) > player uses weapon cards to kill a miniboss — requires multiple hits, defeatedEnemies incremented
Player connected: TJneW8iM6xlin7tFAADH

stdout | server/test/integration.test.js > killing miniboss via weapon card (integration) > player uses weapon cards to kill a miniboss — requires multiple hits, defeatedEnemies incremented
Player disconnected: TJneW8iM6xlin7tFAADH

stdout | server/test/integration.test.js > spawner spawns skirmishers (integration) > initial enemy list contains a spawner after entering playing phase
Server listening on port 0

stdout | server/test/integration.test.js > spawner spawns skirmishers (integration) > initial enemy list contains a spawner after entering playing phase
Player connected: wv86mM6QEihzkdZtAADJ

stdout | server/test/integration.test.js > spawner spawns skirmishers (integration) > initial enemy list contains a spawner after entering playing phase
Player disconnected: wv86mM6QEihzkdZtAADJ

stdout | server/test/integration.test.js > spawner spawns skirmishers (integration) > enemy count increases after advancing time past spawnIntervalMs
Server listening on port 0

stdout | server/test/integration.test.js > spawner spawns skirmishers (integration) > enemy count increases after advancing time past spawnIntervalMs
Player connected: Pry4bRuHVyfudPJoAADL

stdout | server/test/integration.test.js > spawner spawns skirmishers (integration) > enemy count increases after advancing time past spawnIntervalMs
Player disconnected: Pry4bRuHVyfudPJoAADL

stdout | server/test/integration.test.js > spawner spawns skirmishers (integration) > new enemy has type skirmisher and spawnedBy matching spawner id
Server listening on port 0

stdout | server/test/integration.test.js > spawner spawns skirmishers (integration) > new enemy has type skirmisher and spawnedBy matching spawner id
Player connected: gy0ZorXDaeQid0aZAADN

stdout | server/test/integration.test.js > spawner spawns skirmishers (integration) > new enemy has type skirmisher and spawnedBy matching spawner id
Player disconnected: gy0ZorXDaeQid0aZAADN

stdout | server/test/integration.test.js > spawner spawns skirmishers (integration) > no regression: grunt and miniboss enemies still present and unaffected
Server listening on port 0

stdout | server/test/integration.test.js > spawner spawns skirmishers (integration) > no regression: grunt and miniboss enemies still present and unaffected
Player connected: 0mfE743y99ZGJHFoAADP

stdout | server/test/integration.test.js > spawner spawns skirmishers (integration) > no regression: grunt and miniboss enemies still present and unaffected
Player disconnected: 0mfE743y99ZGJHFoAADP

stdout | server/test/integration.test.js > Swept collision — tunneling rejection > a move that tunnels through a wall is rejected
Server listening on port 0

stdout | server/test/integration.test.js > Swept collision — tunneling rejection > a move that tunnels through a wall is rejected
Player connected: FL54I062zFCZuj9yAADR

stdout | server/test/integration.test.js > Swept collision — tunneling rejection > a move that tunnels through a wall is rejected
Player disconnected: FL54I062zFCZuj9yAADR

stdout | server/test/integration.test.js > Card cooldown — COOLDOWN_MS > a second useCard on the same slot within COOLDOWN_MS is rejected with cardError
Server listening on port 0

stdout | server/test/integration.test.js > Card cooldown — COOLDOWN_MS > a second useCard on the same slot within COOLDOWN_MS is rejected with cardError
Player connected: WrMKSbA8E5oVQt0KAADT

stdout | server/test/integration.test.js > Card cooldown — COOLDOWN_MS > a second useCard on the same slot within COOLDOWN_MS is rejected with cardError
Player disconnected: WrMKSbA8E5oVQt0KAADT

stdout | server/test/integration.test.js > Card cooldown — COOLDOWN_MS > useCard on the same slot succeeds after COOLDOWN_MS has elapsed
Server listening on port 0

stdout | server/test/integration.test.js > Card cooldown — COOLDOWN_MS > useCard on the same slot succeeds after COOLDOWN_MS has elapsed
Player connected: BFzuf_bJ67t4gsqQAADV

stdout | server/test/integration.test.js > Card cooldown — COOLDOWN_MS > useCard on the same slot succeeds after COOLDOWN_MS has elapsed
[loot] spawned id=85c505f1-aace-4d37-9267-9fa016757a39 value=6

stdout | server/test/integration.test.js > Card cooldown — COOLDOWN_MS > useCard on the same slot succeeds after COOLDOWN_MS has elapsed
Player disconnected: BFzuf_bJ67t4gsqQAADV

stdout | server/test/integration.test.js > Elapsed cap — MAX_ELAPSED_MS > simulating a large time gap caps movement to MAX_ELAPSED_MS
Server listening on port 0

stdout | server/test/integration.test.js > Elapsed cap — MAX_ELAPSED_MS > simulating a large time gap caps movement to MAX_ELAPSED_MS
Player connected: UD0QCXk2mioYdm8ZAADX

stdout | server/test/integration.test.js > Elapsed cap — MAX_ELAPSED_MS > simulating a large time gap caps movement to MAX_ELAPSED_MS
Player disconnected: UD0QCXk2mioYdm8ZAADX

stdout | server/test/integration.test.js > Hand reconciliation — remainingCharges via stateUpdate > server corrections to remainingCharges are reflected in the client stateUpdate payload
Server listening on port 0

stdout | server/test/integration.test.js > Hand reconciliation — remainingCharges via stateUpdate > server corrections to remainingCharges are reflected in the client stateUpdate payload
Player connected: IuO2rar8bEChavoXAADZ

stdout | server/test/integration.test.js > Hand reconciliation — remainingCharges via stateUpdate > server corrections to remainingCharges are reflected in the client stateUpdate payload
Player disconnected: IuO2rar8bEChavoXAADZ

stdout | server/test/integration.test.js > Debug scenarios — run objective stays in sync with enemy list > run.objective.totalEnemies matches the authoritative enemy list at scenario time for "summon-low-mana"
Server listening on port 0

stdout | server/test/integration.test.js > Debug scenarios — run objective stays in sync with enemy list > run.objective.totalEnemies matches the authoritative enemy list at scenario time for "summon-low-mana"
Player connected: tjNJhJ3N77_u2KQkAADb

stdout | server/test/integration.test.js > Debug scenarios — run objective stays in sync with enemy list > run.objective.totalEnemies matches the authoritative enemy list at scenario time for "summon-low-mana"
Player disconnected: tjNJhJ3N77_u2KQkAADb

stdout | server/test/integration.test.js > Debug scenarios — run objective stays in sync with enemy list > run.objective.totalEnemies matches the authoritative enemy list at scenario time for "summon-ready"
Server listening on port 0

stdout | server/test/integration.test.js > Debug scenarios — run objective stays in sync with enemy list > run.objective.totalEnemies matches the authoritative enemy list at scenario time for "summon-ready"
Player connected: VAGskkzyUvPb013KAADd

stdout | server/test/integration.test.js > Debug scenarios — run objective stays in sync with enemy list > run.objective.totalEnemies matches the authoritative enemy list at scenario time for "summon-ready"
Player disconnected: VAGskkzyUvPb013KAADd

stdout | server/test/integration.test.js > Debug scenarios — run objective stays in sync with enemy list > run.objective.totalEnemies matches the authoritative enemy list at scenario time for "combat-damaged-player"
Server listening on port 0

stdout | server/test/integration.test.js > Debug scenarios — run objective stays in sync with enemy list > run.objective.totalEnemies matches the authoritative enemy list at scenario time for "combat-damaged-player"
Player connected: 3DIdb_tyNSJ3PVVLAADf

stdout | server/test/integration.test.js > Debug scenarios — run objective stays in sync with enemy list > run.objective.totalEnemies matches the authoritative enemy list at scenario time for "combat-damaged-player"
Player disconnected: 3DIdb_tyNSJ3PVVLAADf

stdout | server/test/integration.test.js > Debug scenarios — run objective stays in sync with enemy list > run.objective.totalEnemies matches the authoritative enemy list at scenario time for "mixed-enemies"
Server listening on port 0

stdout | server/test/integration.test.js > Debug scenarios — run objective stays in sync with enemy list > run.objective.totalEnemies matches the authoritative enemy list at scenario time for "mixed-enemies"
Player connected: UQYijLH5xC6KQRO0AADh

stdout | server/test/integration.test.js > Debug scenarios — run objective stays in sync with enemy list > run.objective.totalEnemies matches the authoritative enemy list at scenario time for "mixed-enemies"
Player disconnected: UQYijLH5xC6KQRO0AADh

stdout | server/test/integration.test.js > Debug scenarios — run objective stays in sync with enemy list > run.objective.totalEnemies matches the authoritative enemy list at scenario time for "spawner-active"
Server listening on port 0

stdout | server/test/integration.test.js > Debug scenarios — run objective stays in sync with enemy list > run.objective.totalEnemies matches the authoritative enemy list at scenario time for "spawner-active"
Player connected: BlH5l7a_ZRVx6w69AADj

stdout | server/test/integration.test.js > Debug scenarios — run objective stays in sync with enemy list > run.objective.totalEnemies matches the authoritative enemy list at scenario time for "spawner-active"
Player disconnected: BlH5l7a_ZRVx6w69AADj

stdout | server/test/integration.test.js > Debug scenarios — run objective stays in sync with enemy list > "mixed-enemies" produces exactly 4 enemies of distinct types in the objective
Server listening on port 0

stdout | server/test/integration.test.js > Debug scenarios — run objective stays in sync with enemy list > "mixed-enemies" produces exactly 4 enemies of distinct types in the objective
Player connected: _HJ-WG0OlK9f6700AADl

stdout | server/test/integration.test.js > Debug scenarios — run objective stays in sync with enemy list > "mixed-enemies" produces exactly 4 enemies of distinct types in the objective
Player disconnected: _HJ-WG0OlK9f6700AADl

stdout | server/test/integration.test.js > Debug scenarios — run objective stays in sync with enemy list > "spawner-active" produces a single spawner that the objective accounts for
Server listening on port 0

stdout | server/test/integration.test.js > Debug scenarios — run objective stays in sync with enemy list > "spawner-active" produces a single spawner that the objective accounts for
Player connected: UVvVS3iQaMtGEQjEAADn

stdout | server/test/integration.test.js > Debug scenarios — run objective stays in sync with enemy list > "spawner-active" produces a single spawner that the objective accounts for
Player disconnected: UVvVS3iQaMtGEQjEAADn

 ❯ |server| server/test/integration.test.js (82 tests | 1 failed) 24235ms
   ✓ Socket Integration — Connection Flow > client receives init event with id, state, layoutSeed, layout 19ms
   ✓ Socket Integration — Connection Flow > server registers the player in gameState.players 3ms
   ✓ Socket Integration — Move Event > emits move and server broadcasts stateUpdate with new position 155ms
   ✓ Socket Integration — Move Event > clamps position to dungeon bounds 104ms
   ✓ Socket Integration — Move Event > dead player cannot move 54ms
   × Socket Integration — Move Event > applies MOVE_SPEED to normalized input with capped elapsed 130ms
     → expected 0 to be greater than 1.9000000000000004
   ✓ Socket Integration — Invalid Move Rejection > rejects move with missing fields 2ms
   ✓ Socket Integration — Invalid Move Rejection > rejects move with non-numeric fields 2ms
   ✓ Socket Integration — Invalid Move Rejection > rejects move with null payload 2ms
   ✓ Socket Integration — Invalid Move Rejection > rejects move with array payload 2ms
   ✓ Socket Integration — Invalid Move Rejection > rejects move with NaN fields 2ms
   ✓ Socket Integration — useCard Event > Weapon card > emits useCard, server processes cone attack and broadcasts cardUsed 57ms
   ✓ Socket Integration — useCard Event > Summon card > emits useCard, server processes radial AoE and deducts magic stones 51ms
   ✓ Socket Integration — useCard Event > Summon card > rejects summon when not enough magic stones 51ms
   ✓ Socket Integration — useCard Event > Monster card > emits useCard, server spawns a minion in gameState.minions 56ms
   ✓ Socket Integration — Heartbeat Event > client emits heartbeat, server responds with heartbeat_ack containing latency 10ms
   ✓ Socket Integration — Heartbeat Event > rejects heartbeat with invalid payload 206ms
   ✓ Socket Integration — Disconnect Event > removes player from gameState.players on disconnect 108ms
   ✓ Socket Integration — Disconnect Event > cleans up owned minions on disconnect 108ms
   ✓ Socket Integration — Last Player Disconnect Resets Run > resets gamePhase to lobby when last player disconnects during active run 107ms
   ✓ Socket Integration — Last Player Disconnect Resets Run > clears gameState.run when last player disconnects 107ms
   ✓ Socket Integration — Last Player Disconnect Resets Run > clears enemies, minions, and loot when last player disconnects 111ms
   ✓ Socket Integration — Last Player Disconnect Resets Run > does not reset run when a second player remains connected 162ms
   ✓ Socket Integration — Last Player Disconnect Resets Run > does not reset run when one of multiple players disconnects  5167ms
   ✓ Socket Integration — Last Player Disconnect Resets Run > resets to lobby when last player disconnects in terminal run state 113ms
   ✓ Socket Integration — Last Player Disconnect Resets Run > new connection receives clean lobby init after last player disconnects 163ms
   ✓ Socket Integration — Lobby / playerReady Flow > two players connect, both emit playerReady(true), both receive startGame 67ms
   ✓ Socket Integration — Lobby / playerReady Flow > broadcasts lobbyUpdate on playerReady 13ms
   ✓ dungeon run objective > both players receive state containing run object with correct initial values after game starts 57ms
   ✓ dungeon run objective > killing an enemy through useCard advances run.objective.defeatedEnemies by 1 58ms
   ✓ Run terminal state — integration > runComplete is emitted after the last enemy is defeated via a weapon card 58ms
   ✓ Run terminal state — integration > runFailed is emitted when all connected players are dead during a run 56ms
   ✓ Run terminal state — integration > returnToLobby resets gamePhase, clears run, empties enemies/minions/loot, and sets players to ready: false 57ms
   ✓ Run terminal state — integration > after returnToLobby, players can ready up and start a second run with a fresh objective 106ms
   ✓ Run terminal state — integration > ignores returnToLobby while the run is still playing 114ms
   ✓ Run terminal state — integration > returnToLobby rejects request while run is still playing and emits runError to requesting socket 52ms
   ✓ Rewards in run complete payload > runComplete payload contains per-player rewards with at least one card after a victory 58ms
   ✓ Rewards in run complete payload > runFailed payload contains per-player rewards but no victory card 57ms
   ✓ Rewards in run complete payload > currency picked up via lootPickup appears in player currency in the run summary 109ms
   ✓ Reward state persistence across runs > after completing a run and returning to lobby, currency and ownedCards are preserved 63ms
   ✓ Reward state persistence across runs > starting a second run after returning to lobby uses the same currency and ownedCards from previous run 105ms
   ✓ Reward state persistence across runs > returnPlayersToLobby preserves ownedCards and runRewards 58ms
   ✓ Deck edit handlers — deckAddCard / deckRemoveCard > player A adds a card and receives deckUpdate; player B deck is unchanged 118ms
   ✓ Deck edit handlers — deckAddCard / deckRemoveCard > player removes a card from deck and receives deckUpdate 12ms
   ✓ Deck edit handlers — deckAddCard / deckRemoveCard > deckAddCard during playing phase is silently ignored 257ms
   ✓ Deck edit handlers — deckAddCard / deckRemoveCard > deckRemoveCard during playing phase is silently ignored 256ms
   ✓ Deck edit handlers — deckAddCard / deckRemoveCard > adding unknown card emits deckError 5ms
   ✓ Deck edit handlers — deckAddCard / deckRemoveCard > removing card not in deck emits deckError 108ms
   ✓ Deck edit handlers — deckAddCard / deckRemoveCard > adding too many copies of a card emits deckError 14ms
   ✓ Deck edit handlers — deckAddCard / deckRemoveCard > two players can edit decks independently without affecting each other 111ms
   ✓ Server Ready Validation and Deck-to-Hand > client receives init event containing selectedDeck and ownedCards 62ms
   ✓ Server Ready Validation and Deck-to-Hand > ready is rejected with deckError when deck is too small 14ms
   ✓ Server Ready Validation and Deck-to-Hand > a valid selected deck populates player.deck when the run starts 55ms
   ✓ Enemy telegraph integration > enemy enters windup before damaging player  1055ms
   ✓ Enemy telegraph integration > moving out of range avoids damage  1756ms
   ✓ Enemy telegraph integration > standing still near enemy results in damage after windup + strike  2556ms
   ✓ Dungeon layout consistency > two clients connect to the same server and both receive the same layoutSeed in their init payload 57ms
   ✓ Dungeon layout consistency > two clients receive identical layout.rooms arrays (same count, same positions/sizes) 63ms
   ✓ Dungeon layout consistency > stateUpdate payloads include layoutSeed matching the original init seed 102ms
   ✓ Dungeon layout consistency > after resetGameState() a new layout with a different seed is generated 114ms
   ✓ Dungeon layout consistency > clampToDungeon() prevents player movement beyond dungeon bounds 203ms
   ✓ Loot pickup throttle — idempotency > emitting lootPickup twice for the same loot ID only credits currency once 109ms
   ✓ Loot pickup throttle — idempotency > emitting lootPickup for a non-existent loot ID is a no-op 58ms
   ✓ Loot pickup — dead player exclusion > emitting lootPickup as a dead player leaves loot in gameState.loot and currency unchanged 110ms
   ✓ killing skirmisher via weapon card (integration) > player uses a weapon card to kill a skirmisher — hp goes to 0, enemy removed, defeatedEnemies incremented 55ms
   ✓ killing miniboss via weapon card (integration) > player uses weapon cards to kill a miniboss — requires multiple hits, defeatedEnemies incremented  2773ms
   ✓ spawner spawns skirmishers (integration) > initial enemy list contains a spawner after entering playing phase 53ms
   ✓ spawner spawns skirmishers (integration) > enemy count increases after advancing time past spawnIntervalMs 54ms
   ✓ spawner spawns skirmishers (integration) > new enemy has type skirmisher and spawnedBy matching spawner id 54ms
   ✓ spawner spawns skirmishers (integration) > no regression: grunt and miniboss enemies still present and unaffected  4555ms
   ✓ Swept collision — tunneling rejection > a move that tunnels through a wall is rejected 154ms
   ✓ Card cooldown — COOLDOWN_MS > a second useCard on the same slot within COOLDOWN_MS is rejected with cardError 56ms
   ✓ Card cooldown — COOLDOWN_MS > useCard on the same slot succeeds after COOLDOWN_MS has elapsed  957ms
   ✓ Elapsed cap — MAX_ELAPSED_MS > simulating a large time gap caps movement to MAX_ELAPSED_MS 103ms
   ✓ Hand reconciliation — remainingCharges via stateUpdate > server corrections to remainingCharges are reflected in the client stateUpdate payload 56ms
   ✓ Debug scenarios — run objective stays in sync with enemy list > run.objective.totalEnemies matches the authoritative enemy list at scenario time for "summon-low-mana" 10ms
   ✓ Debug scenarios — run objective stays in sync with enemy list > run.objective.totalEnemies matches the authoritative enemy list at scenario time for "summon-ready" 6ms
   ✓ Debug scenarios — run objective stays in sync with enemy list > run.objective.totalEnemies matches the authoritative enemy list at scenario time for "combat-damaged-player" 3ms
   ✓ Debug scenarios — run objective stays in sync with enemy list > run.objective.totalEnemies matches the authoritative enemy list at scenario time for "mixed-enemies" 2ms
   ✓ Debug scenarios — run objective stays in sync with enemy list > run.objective.totalEnemies matches the authoritative enemy list at scenario time for "spawner-active" 2ms
   ✓ Debug scenarios — run objective stays in sync with enemy list > "mixed-enemies" produces exactly 4 enemies of distinct types in the objective 2ms
   ✓ Debug scenarios — run objective stays in sync with enemy list > "spawner-active" produces a single spawner that the objective accounts for 2ms

⎯⎯⎯⎯⎯⎯⎯ Failed Tests 1 ⎯⎯⎯⎯⎯⎯⎯

 FAIL  |server| server/test/integration.test.js > Socket Integration — Move Event > applies MOVE_SPEED to normalized input with capped elapsed
AssertionError: expected 0 to be greater than 1.9000000000000004
 ❯ server/test/integration.test.js:308:30
    306|   const expectedDisplacement = MOVE_SPEED * (MAX_ELAPSED_MS / 1000);
    307|   const actualDisplacement = Math.abs(player.x - startX);
    308|   expect(actualDisplacement).toBeGreaterThan(expectedDisplacement - 0.…
       |                              ^
    309|   expect(actualDisplacement).toBeLessThan(expectedDisplacement + 0.5);
    310|  });

⎯⎯⎯⎯⎯⎯⎯⎯⎯⎯⎯⎯⎯⎯⎯⎯⎯⎯⎯⎯⎯⎯⎯⎯[1/1]⎯


 Test Files  1 failed | 3 passed (4)
      Tests  1 failed | 327 passed (328)
   Start at  23:43:25
   Duration  24.66s (transform 43ms, setup 11ms, collect 201ms, tests 24.67s, environment 193ms, prepare 212ms)

