
 RUN  v3.2.4 /home/matt/workspace/.autogame-worktrees/312-excalibur-photon-windup-balance/game
      Coverage enabled with v8

 ✓ |server| server/test/card_balance_metrics.test.js (9 tests) 67ms
stdout | server/test/card_windup_regression.test.js
[users] Loaded 4 user record(s) from /home/matt/workspace/.autogame-worktrees/312-excalibur-photon-windup-balance/game/data/users.json
[server] Layout for quest "training_caverns" tier 1: seed=352369970, profile=crowded, rooms=10
[server] Dungeon bounds: x [-36.0, 36.0], z [-18.0, 36.0]

stdout | server/test/card_evolution.test.js
[users] Loaded 4 user record(s) from /home/matt/workspace/.autogame-worktrees/312-excalibur-photon-windup-balance/game/data/users.json
[server] Layout for quest "training_caverns" tier 1: seed=352369970, profile=crowded, rooms=10
[server] Dungeon bounds: x [-36.0, 36.0], z [-18.0, 36.0]

stdout | server/test/card_windup_resolution.test.js
[users] Loaded 4 user record(s) from /home/matt/workspace/.autogame-worktrees/312-excalibur-photon-windup-balance/game/data/users.json
[server] Layout for quest "training_caverns" tier 1: seed=352369970, profile=crowded, rooms=10
[server] Dungeon bounds: x [-36.0, 36.0], z [-18.0, 36.0]

stdout | server/test/card_evolution.test.js > card evolution > evolves a +10 card while preserving the instance identity
[server] Layout for quest "training_caverns" tier 1: seed=352369970, profile=crowded, rooms=10

stdout | server/test/new_card_pack.test.js
[users] Loaded 4 user record(s) from /home/matt/workspace/.autogame-worktrees/312-excalibur-photon-windup-balance/game/data/users.json
[server] Layout for quest "training_caverns" tier 1: seed=352369970, profile=crowded, rooms=10
[server] Dungeon bounds: x [-36.0, 36.0], z [-18.0, 36.0]

stdout | server/test/card_sync.test.js
[users] Loaded 4 user record(s) from /home/matt/workspace/.autogame-worktrees/312-excalibur-photon-windup-balance/game/data/users.json
[server] Layout for quest "training_caverns" tier 1: seed=352369970, profile=crowded, rooms=10
[server] Dungeon bounds: x [-36.0, 36.0], z [-18.0, 36.0]

stdout | server/test/card_evolution.test.js > card evolution > rejects evolution below +10 without mutating the card
[server] Layout for quest "training_caverns" tier 1: seed=352369970, profile=crowded, rooms=10

stdout | server/test/card_evolution.test.js > card evolution > rejects cards without an evolution transform
[server] Layout for quest "training_caverns" tier 1: seed=352369970, profile=crowded, rooms=10

stdout | server/test/card_evolution.test.js > card evolution > evolves Saber of Light +10 into Excalibur Photon
[server] Layout for quest "training_caverns" tier 1: seed=352369970, profile=crowded, rooms=10

stdout | server/test/card_evolution.test.js > card evolution > persists evolved inventory and exposes it in snapshots
[server] Layout for quest "training_caverns" tier 1: seed=352369970, profile=crowded, rooms=10

stdout | server/test/card_evolution.test.js > card evolution > evolves Cryo Burst +10 into Glacier Rupture
[server] Layout for quest "training_caverns" tier 1: seed=352369970, profile=crowded, rooms=10

stdout | server/test/card_evolution.test.js > card evolution > evolves Restoration Beacon +10 into Sanctum Pulse
[server] Layout for quest "training_caverns" tier 1: seed=352369970, profile=crowded, rooms=10

stdout | server/test/card_evolution.test.js > card evolution > evolves Stormwing Drone +10 into Thunderbird
[server] Layout for quest "training_caverns" tier 1: seed=352369970, profile=crowded, rooms=10

stdout | server/test/card_evolution.test.js > card evolution > evolves Phase Echo +10 into Resonance Edge
[server] Layout for quest "training_caverns" tier 1: seed=352369970, profile=crowded, rooms=10

stdout | server/test/card_evolution.test.js > card evolution > evolves Ether Siphon +10 into Soul Drain
[server] Layout for quest "training_caverns" tier 1: seed=352369970, profile=crowded, rooms=10

stdout | server/test/card_windup_regression.test.js > card wind-up backward compatibility > iron_sword resolves instantly with immediate damage and no commitment
[server] Layout for quest "training_caverns" tier 1: seed=352369970, profile=crowded, rooms=10

stdout | server/test/card_windup_regression.test.js > card wind-up backward compatibility > iron_sword resolves instantly with immediate damage and no commitment
Server listening on port 0

stdout | server/test/card_evolution.test.js > card evolution > evolves Dragon's Breath +10 into Thermal Column
[server] Layout for quest "training_caverns" tier 1: seed=352369970, profile=crowded, rooms=10

stdout | server/test/card_evolution.test.js > card evolution > defines every evolved card referenced by the transform table
[server] Layout for quest "training_caverns" tier 1: seed=352369970, profile=crowded, rooms=10

stdout | server/test/card_evolution.test.js > card evolution > evolves Photon Slicer +10 into Infinite Disk
[server] Layout for quest "training_caverns" tier 1: seed=352369970, profile=crowded, rooms=10

 ✓ |server| server/test/new_card_pack.test.js (28 tests) 25ms
stdout | server/test/card_evolution.test.js > card evolution > evolves a +10 Gravity Well into Event Horizon
[server] Layout for quest "training_caverns" tier 1: seed=352369970, profile=crowded, rooms=10

stdout | server/test/card_windup_resolution.test.js > processPendingCardWindups (unit) > resolves a due weapon wind-up against locked commit origin
[server] Layout for quest "training_caverns" tier 1: seed=352369970, profile=crowded, rooms=10

stdout | server/test/card_windup_resolution.test.js > processPendingCardWindups (unit) > resolves a due weapon wind-up against locked commit origin
Server listening on port 0

 ✓ |server| server/test/card_evolution.test.js (14 tests) 75ms
 ✓ |server| server/test/card_sync.test.js (9 tests) 35ms
stdout | server/test/card_windup_regression.test.js > card wind-up backward compatibility > iron_sword resolves instantly with immediate damage and no commitment
Player connected: socket=qgbYKZrtLjKr2WUqAAAB, playerId=test-1780904062170-spaefk

stdout | server/test/card_windup_regression.test.js > card wind-up backward compatibility > iron_sword resolves instantly with immediate damage and no commitment
[server] Layout for quest "training_caverns" tier 1: seed=352369970, profile=crowded, rooms=10

stdout | server/test/card_windup_regression.test.js > card wind-up backward compatibility > iron_sword resolves instantly with immediate damage and no commitment
[loot] spawned id=ca6055a2-f68f-40d1-b0fc-2b4e0760e299 value=13

stdout | server/test/card_windup_resolution.test.js > processPendingCardWindups (unit) > resolves a due weapon wind-up against locked commit origin
Player connected: socket=Vo0BqEYo4TkgZzvzAAAB, playerId=test-1780904062197-lq6tip

stdout | server/test/card_windup_regression.test.js > card wind-up backward compatibility > iron_sword resolves instantly with immediate damage and no commitment
Player disconnected: qgbYKZrtLjKr2WUqAAAB

stdout | server/test/card_windup_regression.test.js > card wind-up backward compatibility > frost_nova resolves instantly with immediate area damage and no commitment
[server] Layout for quest "training_caverns" tier 1: seed=352369970, profile=crowded, rooms=10

stdout | server/test/card_windup_regression.test.js > card wind-up backward compatibility > frost_nova resolves instantly with immediate area damage and no commitment
Server listening on port 0

stdout | server/test/card_windup_regression.test.js > card wind-up backward compatibility > frost_nova resolves instantly with immediate area damage and no commitment
Player connected: socket=RauycpcotOQJb-tiAAAD, playerId=test-1780904062253-lemqmt

stdout | server/test/card_windup_regression.test.js > card wind-up backward compatibility > frost_nova resolves instantly with immediate area damage and no commitment
[server] Layout for quest "training_caverns" tier 1: seed=352369970, profile=crowded, rooms=10

stdout | server/test/card_windup_resolution.test.js > processPendingCardWindups (unit) > resolves a due weapon wind-up against locked commit origin
[server] Layout for quest "training_caverns" tier 1: seed=352369970, profile=crowded, rooms=10

stdout | server/test/card_windup_resolution.test.js > processPendingCardWindups (unit) > resolves a due weapon wind-up against locked commit origin
[loot] spawned id=5eb9e886-d9cb-495c-994d-827fb7f2110b value=18

stdout | server/test/card_windup_regression.test.js > card wind-up backward compatibility > frost_nova resolves instantly with immediate area damage and no commitment
Player disconnected: RauycpcotOQJb-tiAAAD

stdout | server/test/card_windup_regression.test.js > card wind-up backward compatibility > skeleton_knight resolves instantly, spawns a minion, and does not commit
[server] Layout for quest "training_caverns" tier 1: seed=352369970, profile=crowded, rooms=10

stdout | server/test/card_windup_regression.test.js > card wind-up backward compatibility > skeleton_knight resolves instantly, spawns a minion, and does not commit
Server listening on port 0

stdout | server/test/card_windup_regression.test.js > card wind-up backward compatibility > skeleton_knight resolves instantly, spawns a minion, and does not commit
Player connected: socket=H0dN7yU1fau4wNT-AAAF, playerId=test-1780904062272-lr5y7t

stdout | server/test/card_windup_regression.test.js > card wind-up backward compatibility > skeleton_knight resolves instantly, spawns a minion, and does not commit
[server] Layout for quest "training_caverns" tier 1: seed=352369970, profile=crowded, rooms=10

stdout | server/test/card_windup_regression.test.js > card wind-up backward compatibility > skeleton_knight resolves instantly, spawns a minion, and does not commit
[loot] spawned id=80214a0c-3fab-4b3c-9d61-59a346a0b266 value=16

stdout | server/test/card_windup_regression.test.js > card wind-up backward compatibility > skeleton_knight resolves instantly, spawns a minion, and does not commit
Player disconnected: H0dN7yU1fau4wNT-AAAF

stderr | server/test/card_windup_resolution.test.js > processPendingCardWindups (unit) > resolves a due weapon wind-up against locked commit origin
[socket:disconnect] handler error: TypeError: Cannot read properties of undefined (reading 'type')
    at isRunObjectiveComplete (/home/matt/workspace/.autogame-worktrees/312-excalibur-photon-windup-balance/game/server/progression.js:1203:41)
    at checkRunTerminalState (/home/matt/workspace/.autogame-worktrees/312-excalibur-photon-windup-balance/game/server/progression.js:2892:7)
    at /home/matt/workspace/.autogame-worktrees/312-excalibur-photon-windup-balance/game/server/index.js:1255:7
    at withLobbyContext (/home/matt/workspace/.autogame-worktrees/312-excalibur-photon-windup-balance/game/server/index.js:359:12)
    at notifyPlayerRemoved (/home/matt/workspace/.autogame-worktrees/312-excalibur-photon-windup-balance/game/server/index.js:1253:3)
    at softDisconnectPlayerFromLobby (/home/matt/workspace/.autogame-worktrees/312-excalibur-photon-windup-balance/game/server/index.js:1295:3)
    at Socket.<anonymous> (/home/matt/workspace/.autogame-worktrees/312-excalibur-photon-windup-balance/game/server/socketHandlers/lobbyHandlers.js:422:7)
    at Socket.socketListenerWrapper (/home/matt/workspace/.autogame-worktrees/312-excalibur-photon-windup-balance/game/server/socketSafe.js:17:30)
    at Socket.emit (node:events:518:28)
    at Socket.emitReserved (/home/matt/workspace/.autogame-worktrees/312-excalibur-photon-windup-balance/game/node_modules/.pnpm/socket.io@4.8.3/node_modules/socket.io/dist/typed-events.js:56:22)

stdout | server/test/card_windup_resolution.test.js > processPendingCardWindups (unit) > resolves a due weapon wind-up against locked commit origin
Player disconnected: Vo0BqEYo4TkgZzvzAAAB

stdout | server/test/card_windup_regression.test.js > card wind-up backward compatibility > exposes windUpMs on exemplar cards without affecting instant cards
[server] Layout for quest "training_caverns" tier 1: seed=352369970, profile=crowded, rooms=10

stdout | server/test/card_windup_regression.test.js > card wind-up backward compatibility > exposes windUpMs on exemplar cards without affecting instant cards
Server listening on port 0

stdout | server/test/card_windup_resolution.test.js > card wind-up deferred resolution > excalibur_photon commits wind-up then applies two 14-damage cone hits
[server] Layout for quest "training_caverns" tier 1: seed=352369970, profile=crowded, rooms=10

stdout | server/test/card_windup_resolution.test.js > card wind-up deferred resolution > excalibur_photon commits wind-up then applies two 14-damage cone hits
Server listening on port 0

stdout | server/test/card_windup_regression.test.js > card wind-up suspend cleanup > clears commitment on telepipe suspend and does not restore it on resume
[server] Layout for quest "training_caverns" tier 1: seed=352369970, profile=crowded, rooms=10

stdout | server/test/card_windup_regression.test.js > card wind-up suspend cleanup > clears commitment on telepipe suspend and does not restore it on resume
Server listening on port 0

stdout | server/test/card_windup_regression.test.js > card wind-up suspend cleanup > clears commitment on telepipe suspend and does not restore it on resume
Player connected: socket=ii7fEKkQV2vsxz4dAAAH, playerId=test-1780904062299-rohpwr

stdout | server/test/card_windup_resolution.test.js > card wind-up deferred resolution > excalibur_photon commits wind-up then applies two 14-damage cone hits
Player connected: socket=wSJ_Ct9ztL92kFjVAAAD, playerId=test-1780904062297-wq78te

stdout | server/test/card_windup_regression.test.js > card wind-up suspend cleanup > clears commitment on telepipe suspend and does not restore it on resume
[server] Layout for quest "training_caverns" tier 1: seed=352369970, profile=crowded, rooms=10

stdout | server/test/card_windup_regression.test.js > card wind-up suspend cleanup > clears commitment on telepipe suspend and does not restore it on resume
[loot] spawned id=8b226c4a-b358-4983-a1be-dcd5882ef668 value=12

stdout | server/test/card_windup_resolution.test.js > card wind-up deferred resolution > excalibur_photon commits wind-up then applies two 14-damage cone hits
[server] Layout for quest "training_caverns" tier 1: seed=352369970, profile=crowded, rooms=10

stderr | server/test/card_windup_resolution.test.js > card wind-up deferred resolution > excalibur_photon commits wind-up then applies two 14-damage cone hits
[socket:disconnect] handler error: TypeError: Cannot read properties of undefined (reading 'type')
    at isRunObjectiveComplete (/home/matt/workspace/.autogame-worktrees/312-excalibur-photon-windup-balance/game/server/progression.js:1203:41)
    at checkRunTerminalState (/home/matt/workspace/.autogame-worktrees/312-excalibur-photon-windup-balance/game/server/progression.js:2892:7)
    at /home/matt/workspace/.autogame-worktrees/312-excalibur-photon-windup-balance/game/server/index.js:1255:7
    at withLobbyContext (/home/matt/workspace/.autogame-worktrees/312-excalibur-photon-windup-balance/game/server/index.js:359:12)
    at notifyPlayerRemoved (/home/matt/workspace/.autogame-worktrees/312-excalibur-photon-windup-balance/game/server/index.js:1253:3)
    at softDisconnectPlayerFromLobby (/home/matt/workspace/.autogame-worktrees/312-excalibur-photon-windup-balance/game/server/index.js:1295:3)
    at Socket.<anonymous> (/home/matt/workspace/.autogame-worktrees/312-excalibur-photon-windup-balance/game/server/socketHandlers/lobbyHandlers.js:422:7)
    at Socket.socketListenerWrapper (/home/matt/workspace/.autogame-worktrees/312-excalibur-photon-windup-balance/game/server/socketSafe.js:17:30)
    at Socket.emit (node:events:518:28)
    at Socket.emitReserved (/home/matt/workspace/.autogame-worktrees/312-excalibur-photon-windup-balance/game/node_modules/.pnpm/socket.io@4.8.3/node_modules/socket.io/dist/typed-events.js:56:22)

stdout | server/test/card_windup_resolution.test.js > card wind-up deferred resolution > excalibur_photon commits wind-up then applies two 14-damage cone hits
Player disconnected: wSJ_Ct9ztL92kFjVAAAD

stdout | server/test/card_windup_resolution.test.js > card wind-up deferred resolution > magma_greatsword applies damage and CARD_USED only after windUpMs
[server] Layout for quest "training_caverns" tier 1: seed=352369970, profile=crowded, rooms=10

stdout | server/test/card_windup_resolution.test.js > card wind-up deferred resolution > magma_greatsword applies damage and CARD_USED only after windUpMs
Server listening on port 0

stdout | server/test/card_windup_resolution.test.js > card wind-up deferred resolution > magma_greatsword applies damage and CARD_USED only after windUpMs
Player connected: socket=XooP03yUhoOmUxG6AAAF, playerId=test-1780904062333-ow0a0e

stdout | server/test/card_windup_resolution.test.js > card wind-up deferred resolution > magma_greatsword applies damage and CARD_USED only after windUpMs
[server] Layout for quest "training_caverns" tier 1: seed=352369970, profile=crowded, rooms=10

stdout | server/test/card_windup_resolution.test.js > card wind-up deferred resolution > magma_greatsword applies damage and CARD_USED only after windUpMs
[loot] spawned id=c2c1200b-dbbf-44c5-a3a1-e4b8aac32df0 value=13

stdout | server/test/card_windup_resolution.test.js > card wind-up deferred resolution > magma_greatsword applies damage and CARD_USED only after windUpMs
Player disconnected: XooP03yUhoOmUxG6AAAF

stdout | server/test/card_windup_resolution.test.js > card wind-up deferred resolution > cancels pending resolution when the player dies during wind-up
[server] Layout for quest "training_caverns" tier 1: seed=352369970, profile=crowded, rooms=10

stdout | server/test/card_windup_resolution.test.js > card wind-up deferred resolution > cancels pending resolution when the player dies during wind-up
Server listening on port 0

stdout | server/test/card_windup_regression.test.js > card wind-up suspend cleanup > clears commitment on telepipe suspend and does not restore it on resume
[telepipe] player test-1780904062299-rohpwr extracted
[run] checkpoint captured
[run] extracted to hub: Initiate Vault

stdout | server/test/card_windup_regression.test.js > card wind-up suspend cleanup > clears commitment on telepipe suspend and does not restore it on resume
[run] checkpoint restored

stdout | server/test/card_windup_regression.test.js > card wind-up suspend cleanup > clears commitment on telepipe suspend and does not restore it on resume
Player disconnected: ii7fEKkQV2vsxz4dAAAH

 ✓ |server| server/test/card_windup_regression.test.js (5 tests) 203ms
 ✓ |client| client/test/cards.test.js (22 tests) 11ms
stdout | server/test/card_windup_resolution.test.js > card wind-up deferred resolution > cancels pending resolution when the player dies during wind-up
Player connected: socket=Z8AbEzAuvdnd5xBWAAAH, playerId=test-1780904062389-1im1s4

stdout | server/test/card_windup_resolution.test.js > card wind-up deferred resolution > cancels pending resolution when the player dies during wind-up
[server] Layout for quest "training_caverns" tier 1: seed=352369970, profile=crowded, rooms=10

stdout | server/test/card_windup_resolution.test.js > card wind-up deferred resolution > cancels pending resolution when the player dies during wind-up
Player disconnected: Z8AbEzAuvdnd5xBWAAAH

stdout | server/test/card_windup_resolution.test.js > card wind-up deferred resolution > iron_sword without windUpMs still resolves instantly
[server] Layout for quest "training_caverns" tier 1: seed=352369970, profile=crowded, rooms=10

stdout | server/test/card_windup_resolution.test.js > card wind-up deferred resolution > iron_sword without windUpMs still resolves instantly
Server listening on port 0

stdout | server/test/card_windup_resolution.test.js > card wind-up deferred resolution > iron_sword without windUpMs still resolves instantly
Player connected: socket=pDanxnMP2cRBtDz6AAAJ, playerId=test-1780904062493-hk545e

stdout | server/test/card_windup_resolution.test.js > card wind-up deferred resolution > iron_sword without windUpMs still resolves instantly
[server] Layout for quest "training_caverns" tier 1: seed=352369970, profile=crowded, rooms=10

stdout | server/test/card_windup_resolution.test.js > card wind-up deferred resolution > iron_sword without windUpMs still resolves instantly
Player disconnected: pDanxnMP2cRBtDz6AAAJ

 ✓ |client| client/test/vanguard-hud.test.js (19 tests) 8ms
 ✓ |server| server/test/card_windup_resolution.test.js (5 tests) 315ms
 ✓ |client| client/test/attune-preview.test.js (1 test) 3ms
 ✓ |client| client/test/deck-loadout.test.js (6 tests) 35ms
 ✓ |client| client/test/cardRenderers.test.js (53 tests) 15ms
 ✓ |client| client/test/boss-encounter-hud.test.js (12 tests) 9ms
 ✓ |client| client/test/collision-hand.test.js (53 tests) 19ms
stdout | client/test/hub-presence-avatars.test.js > hub presence avatars (lobby) > builds meshes for local and remote lobby players
[initScene] Initializing Three.js scene...

stderr | client/test/hub-presence-avatars.test.js > hub presence avatars (lobby) > builds meshes for local and remote lobby players
[renderer] failed to apply model "/models/player.glb" for "player": TypeError: Failed to parse URL from /models/player.glb
[90m    at new Request (node:internal/deps/undici/undici:9588:19)[39m
    at FileLoader.load [90m(file:///home/matt/workspace/.autogame-worktrees/312-excalibur-photon-windup-balance/game/[39mnode_modules/[4m.pnpm[24m/three@0.184.0/node_modules/[4mthree[24m/build/three.core.js:44150:15[90m)[39m
[90m    ... 4 lines matching cause stack trace ...[39m
    at attachRegistryModel [90m(/home/matt/workspace/.autogame-worktrees/312-excalibur-photon-windup-balance/game/[39mclient/renderer.js:628:11[90m)[39m
    at createPlayerAvatar [90m(/home/matt/workspace/.autogame-worktrees/312-excalibur-photon-windup-balance/game/[39mclient/renderer.js:2245:2[90m)[39m
    at animate [90m(/home/matt/workspace/.autogame-worktrees/312-excalibur-photon-windup-balance/game/[39mclient/renderer.js:5068:20[90m)[39m
    at [90m/home/matt/workspace/.autogame-worktrees/312-excalibur-photon-windup-balance/game/[39mclient/test/hub-presence-avatars.test.js:187:3 {
  [cause]: TypeError: Invalid URL: /models/player.glb
      at new URLImpl [90m(/home/matt/workspace/.autogame-worktrees/312-excalibur-photon-windup-balance/game/[39mnode_modules/[4m.pnpm[24m/whatwg-url@14.2.0/node_modules/[4mwhatwg-url[24m/lib/URL-impl.js:20:13[90m)[39m
      at Object.exports.setup [90m(/home/matt/workspace/.autogame-worktrees/312-excalibur-photon-windup-balance/game/[39mnode_modules/[4m.pnpm[24m/whatwg-url@14.2.0/node_modules/[4mwhatwg-url[24m/lib/URL.js:54:12[90m)[39m
      at new URL [90m(/home/matt/workspace/.autogame-worktrees/312-excalibur-photon-windup-balance/game/[39mnode_modules/[4m.pnpm[24m/whatwg-url@14.2.0/node_modules/[4mwhatwg-url[24m/lib/URL.js:115:22[90m)[39m
  [90m    at new Request (node:internal/deps/undici/undici:9586:25)[39m
      at FileLoader.load [90m(file:///home/matt/workspace/.autogame-worktrees/312-excalibur-photon-windup-balance/game/[39mnode_modules/[4m.pnpm[24m/three@0.184.0/node_modules/[4mthree[24m/build/three.core.js:44150:15[90m)[39m
      at GLTFLoader.load [90m(file:///home/matt/workspace/.autogame-worktrees/312-excalibur-photon-windup-balance/game/[39mnode_modules/[4m.pnpm[24m/three@0.184.0/node_modules/[4mthree[24m/examples/jsm/loaders/GLTFLoader.js:319:10[90m)[39m
      at [90m/home/matt/workspace/.autogame-worktrees/312-excalibur-photon-windup-balance/game/[39mclient/models.js:89:11
      at new Promise (<anonymous>)
      at loadModel [90m(/home/matt/workspace/.autogame-worktrees/312-excalibur-photon-windup-balance/game/[39mclient/models.js:80:11[90m)[39m
      at attachRegistryModel [90m(/home/matt/workspace/.autogame-worktrees/312-excalibur-photon-windup-balance/game/[39mclient/renderer.js:628:11[90m)[39m
}
[renderer] failed to apply model "/models/player.glb" for "player": TypeError: Failed to parse URL from /models/player.glb
[90m    at new Request (node:internal/deps/undici/undici:9588:19)[39m
    at FileLoader.load [90m(file:///home/matt/workspace/.autogame-worktrees/312-excalibur-photon-windup-balance/game/[39mnode_modules/[4m.pnpm[24m/three@0.184.0/node_modules/[4mthree[24m/build/three.core.js:44150:15[90m)[39m
[90m    ... 4 lines matching cause stack trace ...[39m
    at attachRegistryModel [90m(/home/matt/workspace/.autogame-worktrees/312-excalibur-photon-windup-balance/game/[39mclient/renderer.js:628:11[90m)[39m
    at createPlayerAvatar [90m(/home/matt/workspace/.autogame-worktrees/312-excalibur-photon-windup-balance/game/[39mclient/renderer.js:2245:2[90m)[39m
    at animate [90m(/home/matt/workspace/.autogame-worktrees/312-excalibur-photon-windup-balance/game/[39mclient/renderer.js:5068:20[90m)[39m
    at [90m/home/matt/workspace/.autogame-worktrees/312-excalibur-photon-windup-balance/game/[39mclient/test/hub-presence-avatars.test.js:187:3 {
  [cause]: TypeError: Invalid URL: /models/player.glb
      at new URLImpl [90m(/home/matt/workspace/.autogame-worktrees/312-excalibur-photon-windup-balance/game/[39mnode_modules/[4m.pnpm[24m/whatwg-url@14.2.0/node_modules/[4mwhatwg-url[24m/lib/URL-impl.js:20:13[90m)[39m
      at Object.exports.setup [90m(/home/matt/workspace/.autogame-worktrees/312-excalibur-photon-windup-balance/game/[39mnode_modules/[4m.pnpm[24m/whatwg-url@14.2.0/node_modules/[4mwhatwg-url[24m/lib/URL.js:54:12[90m)[39m
      at new URL [90m(/home/matt/workspace/.autogame-worktrees/312-excalibur-photon-windup-balance/game/[39mnode_modules/[4m.pnpm[24m/whatwg-url@14.2.0/node_modules/[4mwhatwg-url[24m/lib/URL.js:115:22[90m)[39m
  [90m    at new Request (node:internal/deps/undici/undici:9586:25)[39m
      at FileLoader.load [90m(file:///home/matt/workspace/.autogame-worktrees/312-excalibur-photon-windup-balance/game/[39mnode_modules/[4m.pnpm[24m/three@0.184.0/node_modules/[4mthree[24m/build/three.core.js:44150:15[90m)[39m
      at GLTFLoader.load [90m(file:///home/matt/workspace/.autogame-worktrees/312-excalibur-photon-windup-balance/game/[39mnode_modules/[4m.pnpm[24m/three@0.184.0/node_modules/[4mthree[24m/examples/jsm/loaders/GLTFLoader.js:319:10[90m)[39m
      at [90m/home/matt/workspace/.autogame-worktrees/312-excalibur-photon-windup-balance/game/[39mclient/models.js:89:11
      at new Promise (<anonymous>)
      at loadModel [90m(/home/matt/workspace/.autogame-worktrees/312-excalibur-photon-windup-balance/game/[39mclient/models.js:80:11[90m)[39m
      at attachRegistryModel [90m(/home/matt/workspace/.autogame-worktrees/312-excalibur-photon-windup-balance/game/[39mclient/renderer.js:628:11[90m)[39m
}

stdout | client/test/hub-presence-avatars.test.js > hub presence avatars (lobby) > moves the remote mesh when hub presence coordinates change
[initScene] Initializing Three.js scene...

stdout | client/test/lobby-menu-dismiss.test.js > lobby menu dismiss guard (main.js) > hub lobby join starts with #lobby hidden and lobbyMenuDismissed true
[initScene] Initializing Three.js scene...

stdout | client/test/questBooth.test.js > quest booth booth:action hook (main.js) > reveals and scrolls the quest panel into view for boothId quest in lobby and ignores other booths
[launchBooth] ready-up via booth
[launchBooth] ready-up via booth

 ✓ |client| client/test/boss-encounter-hud-wiring.test.js (6 tests) 486ms
   ✓ boss-encounter HUD wiring in main.js > populates the model and shows the HUD for an active encounter with a live boss  480ms
 ✓ |client| client/test/deck-viewer.test.js (21 tests) 248ms
stdout | client/test/key-item-dodge.test.js > dash VFX > triggerDashVFX applies squash scale when a player mesh exists
[initScene] Initializing Three.js scene...

stdout | client/test/lobby-menu-dismiss.test.js > lobby menu dismiss guard (main.js) > dismissGameLobby then lobby-phase stateUpdate keeps #lobby hidden
[initScene] Initializing Three.js scene...

stdout | client/test/hub-presence-avatars.test.js > hub presence avatars (lobby) > applyHubPresence sequence updates remote mesh position and cosmeticKey
[initScene] Initializing Three.js scene...

 ✓ |client| client/test/boothDeck.test.js (4 tests) 495ms
   ✓ deck booth via booth:action > opens the loadout bay when booth:action targets the deck booth  367ms
 ✓ |client| client/test/debug-hatswap-hook.test.js (3 tests) 369ms
stdout | client/test/hub-presence-avatars.test.js > hub presence avatars (lobby) > applyHubPresence removedPlayerIds disposes remote avatar mesh
[initScene] Initializing Three.js scene...

stdout | client/test/lobby-menu-dismiss.test.js > lobby menu dismiss guard (main.js) > hubPresenceUpdate and applyHubPresence while dismissed do not show #lobby
[initScene] Initializing Three.js scene...

 ✓ |client| client/test/boothShop.test.js (5 tests) 518ms
 ✓ |client| client/test/hub-presence-avatars.test.js (4 tests) 572ms
   ✓ hub presence avatars (lobby) > builds meshes for local and remote lobby players  318ms
 ✓ |client| client/test/key-item-dodge.test.js (4 tests) 743ms
   ✓ key item cooldown HUD > updateKeyItemCooldownHud toggles cooldown class and countdown text  479ms
stdout | client/test/debug-godmode.test.js > debug godmode toggle (main.js) > mirrors debugGodmode onto local player when toggle succeeds
[debugGodmode] enabled
[debugGodmode] enabled
[debugGodmode] enabled
[debugGodmode] enabled
[debugGodmode] enabled

stdout | client/test/lobby-menu-dismiss.test.js > lobby menu dismiss guard (main.js) > deck booth open shows #lobby and clears the dismissed flag
[initScene] Initializing Three.js scene...

stdout | client/test/lobby-menu-dismiss.test.js > lobby menu dismiss guard (main.js) > shop booth open shows #lobby and clears the dismissed flag
[initScene] Initializing Three.js scene...

 ✓ |client| client/test/debug-godmode.test.js (6 tests) 881ms
   ✓ debug godmode toggle (main.js) > Shift+G emits toggleDebugGodmode when debugScenarioAllowed is true  457ms
 ✓ |client| client/test/lobby-menu-dismiss.test.js (6 tests) 705ms
   ✓ lobby menu dismiss guard (main.js) > hub lobby join starts with #lobby hidden and lobbyMenuDismissed true  302ms
 ✓ |client| client/test/questBooth.test.js (17 tests) 820ms
stdout | client/test/characterBooth.test.js > character booth ?booth=character debug hook (main.js) > auto-opens once after hub lobby entry on localhost with ?booth=character
[initScene] Initializing Three.js scene...

stdout | client/test/characterBooth.test.js > character booth ?booth=character debug hook (main.js) > stays closed without the booth URL param
[initScene] Initializing Three.js scene...

 ✓ |client| client/test/characterBooth.test.js (13 tests) 850ms
stdout | client/test/main.test.js > cardError handler — server hand rejection > shows a toast when the server rejects an unauthorized card use
[cardError] Card not in hand
[cardError] Card not in hand
[cardError] Card not in hand
[cardError] Card not in hand
[cardError] Card not in hand

stderr | client/test/main.test.js > createEnemyMesh() > creates a red cone for grunt (default) type
[renderer] failed to apply model "/models/grunt.glb" for "grunt": TypeError: Failed to parse URL from /models/grunt.glb
[90m    at new Request (node:internal/deps/undici/undici:9588:19)[39m
    at FileLoader.load [90m(file:///home/matt/workspace/.autogame-worktrees/312-excalibur-photon-windup-balance/game/[39mnode_modules/[4m.pnpm[24m/three@0.184.0/node_modules/[4mthree[24m/build/three.core.js:44150:15[90m)[39m
[90m    ... 4 lines matching cause stack trace ...[39m
    at attachRegistryModel [90m(/home/matt/workspace/.autogame-worktrees/312-excalibur-photon-windup-balance/game/[39mclient/renderer.js:628:11[90m)[39m
    at createEnemyMesh [90m(/home/matt/workspace/.autogame-worktrees/312-excalibur-photon-windup-balance/game/[39mclient/renderer.js:3023:2[90m)[39m
    at [90m/home/matt/workspace/.autogame-worktrees/312-excalibur-photon-windup-balance/game/[39mclient/test/main.test.js:2558:23
    at [90mfile:///home/matt/workspace/.autogame-worktrees/312-excalibur-photon-windup-balance/game/[39mnode_modules/[4m.pnpm[24m/@vitest+runner@3.2.4/node_modules/[4m@vitest[24m/runner/dist/chunk-hooks.js:752:20 {
  [cause]: TypeError: Invalid URL: /models/grunt.glb
      at new URLImpl [90m(/home/matt/workspace/.autogame-worktrees/312-excalibur-photon-windup-balance/game/[39mnode_modules/[4m.pnpm[24m/whatwg-url@14.2.0/node_modules/[4mwhatwg-url[24m/lib/URL-impl.js:20:13[90m)[39m
      at Object.exports.setup [90m(/home/matt/workspace/.autogame-worktrees/312-excalibur-photon-windup-balance/game/[39mnode_modules/[4m.pnpm[24m/whatwg-url@14.2.0/node_modules/[4mwhatwg-url[24m/lib/URL.js:54:12[90m)[39m
      at new URL [90m(/home/matt/workspace/.autogame-worktrees/312-excalibur-photon-windup-balance/game/[39mnode_modules/[4m.pnpm[24m/whatwg-url@14.2.0/node_modules/[4mwhatwg-url[24m/lib/URL.js:115:22[90m)[39m
  [90m    at new Request (node:internal/deps/undici/undici:9586:25)[39m
      at FileLoader.load [90m(file:///home/matt/workspace/.autogame-worktrees/312-excalibur-photon-windup-balance/game/[39mnode_modules/[4m.pnpm[24m/three@0.184.0/node_modules/[4mthree[24m/build/three.core.js:44150:15[90m)[39m
      at GLTFLoader.load [90m(file:///home/matt/workspace/.autogame-worktrees/312-excalibur-photon-windup-balance/game/[39mnode_modules/[4m.pnpm[24m/three@0.184.0/node_modules/[4mthree[24m/examples/jsm/loaders/GLTFLoader.js:319:10[90m)[39m
      at [90m/home/matt/workspace/.autogame-worktrees/312-excalibur-photon-windup-balance/game/[39mclient/models.js:89:11
      at new Promise (<anonymous>)
      at loadModel [90m(/home/matt/workspace/.autogame-worktrees/312-excalibur-photon-windup-balance/game/[39mclient/models.js:80:11[90m)[39m
      at attachRegistryModel [90m(/home/matt/workspace/.autogame-worktrees/312-excalibur-photon-windup-balance/game/[39mclient/renderer.js:628:11[90m)[39m
}

stderr | client/test/main.test.js > createEnemyMesh() > creates an orange cone for skirmisher type
[renderer] failed to apply model "/models/skirmisher.glb" for "skirmisher": TypeError: Failed to parse URL from /models/skirmisher.glb
[90m    at new Request (node:internal/deps/undici/undici:9588:19)[39m
    at FileLoader.load [90m(file:///home/matt/workspace/.autogame-worktrees/312-excalibur-photon-windup-balance/game/[39mnode_modules/[4m.pnpm[24m/three@0.184.0/node_modules/[4mthree[24m/build/three.core.js:44150:15[90m)[39m
[90m    ... 4 lines matching cause stack trace ...[39m
    at attachRegistryModel [90m(/home/matt/workspace/.autogame-worktrees/312-excalibur-photon-windup-balance/game/[39mclient/renderer.js:628:11[90m)[39m
    at createEnemyMesh [90m(/home/matt/workspace/.autogame-worktrees/312-excalibur-photon-windup-balance/game/[39mclient/renderer.js:3023:2[90m)[39m
    at [90m/home/matt/workspace/.autogame-worktrees/312-excalibur-photon-windup-balance/game/[39mclient/test/main.test.js:2570:23
    at [90mfile:///home/matt/workspace/.autogame-worktrees/312-excalibur-photon-windup-balance/game/[39mnode_modules/[4m.pnpm[24m/@vitest+runner@3.2.4/node_modules/[4m@vitest[24m/runner/dist/chunk-hooks.js:752:20 {
  [cause]: TypeError: Invalid URL: /models/skirmisher.glb
      at new URLImpl [90m(/home/matt/workspace/.autogame-worktrees/312-excalibur-photon-windup-balance/game/[39mnode_modules/[4m.pnpm[24m/whatwg-url@14.2.0/node_modules/[4mwhatwg-url[24m/lib/URL-impl.js:20:13[90m)[39m
      at Object.exports.setup [90m(/home/matt/workspace/.autogame-worktrees/312-excalibur-photon-windup-balance/game/[39mnode_modules/[4m.pnpm[24m/whatwg-url@14.2.0/node_modules/[4mwhatwg-url[24m/lib/URL.js:54:12[90m)[39m
      at new URL [90m(/home/matt/workspace/.autogame-worktrees/312-excalibur-photon-windup-balance/game/[39mnode_modules/[4m.pnpm[24m/whatwg-url@14.2.0/node_modules/[4mwhatwg-url[24m/lib/URL.js:115:22[90m)[39m
  [90m    at new Request (node:internal/deps/undici/undici:9586:25)[39m
      at FileLoader.load [90m(file:///home/matt/workspace/.autogame-worktrees/312-excalibur-photon-windup-balance/game/[39mnode_modules/[4m.pnpm[24m/three@0.184.0/node_modules/[4mthree[24m/build/three.core.js:44150:15[90m)[39m
      at GLTFLoader.load [90m(file:///home/matt/workspace/.autogame-worktrees/312-excalibur-photon-windup-balance/game/[39mnode_modules/[4m.pnpm[24m/three@0.184.0/node_modules/[4mthree[24m/examples/jsm/loaders/GLTFLoader.js:319:10[90m)[39m
      at [90m/home/matt/workspace/.autogame-worktrees/312-excalibur-photon-windup-balance/game/[39mclient/models.js:89:11
      at new Promise (<anonymous>)
      at loadModel [90m(/home/matt/workspace/.autogame-worktrees/312-excalibur-photon-windup-balance/game/[39mclient/models.js:80:11[90m)[39m
      at attachRegistryModel [90m(/home/matt/workspace/.autogame-worktrees/312-excalibur-photon-windup-balance/game/[39mclient/renderer.js:628:11[90m)[39m
}

stderr | client/test/main.test.js > createEnemyMesh() > creates a teal octahedron for spawner type
[renderer] failed to apply model "/models/spawner.glb" for "spawner": TypeError: Failed to parse URL from /models/spawner.glb
[90m    at new Request (node:internal/deps/undici/undici:9588:19)[39m
    at FileLoader.load [90m(file:///home/matt/workspace/.autogame-worktrees/312-excalibur-photon-windup-balance/game/[39mnode_modules/[4m.pnpm[24m/three@0.184.0/node_modules/[4mthree[24m/build/three.core.js:44150:15[90m)[39m
[90m    ... 4 lines matching cause stack trace ...[39m
    at attachRegistryModel [90m(/home/matt/workspace/.autogame-worktrees/312-excalibur-photon-windup-balance/game/[39mclient/renderer.js:628:11[90m)[39m
    at createEnemyMesh [90m(/home/matt/workspace/.autogame-worktrees/312-excalibur-photon-windup-balance/game/[39mclient/renderer.js:3023:2[90m)[39m
    at [90m/home/matt/workspace/.autogame-worktrees/312-excalibur-photon-windup-balance/game/[39mclient/test/main.test.js:2580:23
    at [90mfile:///home/matt/workspace/.autogame-worktrees/312-excalibur-photon-windup-balance/game/[39mnode_modules/[4m.pnpm[24m/@vitest+runner@3.2.4/node_modules/[4m@vitest[24m/runner/dist/chunk-hooks.js:752:20 {
  [cause]: TypeError: Invalid URL: /models/spawner.glb
      at new URLImpl [90m(/home/matt/workspace/.autogame-worktrees/312-excalibur-photon-windup-balance/game/[39mnode_modules/[4m.pnpm[24m/whatwg-url@14.2.0/node_modules/[4mwhatwg-url[24m/lib/URL-impl.js:20:13[90m)[39m
      at Object.exports.setup [90m(/home/matt/workspace/.autogame-worktrees/312-excalibur-photon-windup-balance/game/[39mnode_modules/[4m.pnpm[24m/whatwg-url@14.2.0/node_modules/[4mwhatwg-url[24m/lib/URL.js:54:12[90m)[39m
      at new URL [90m(/home/matt/workspace/.autogame-worktrees/312-excalibur-photon-windup-balance/game/[39mnode_modules/[4m.pnpm[24m/whatwg-url@14.2.0/node_modules/[4mwhatwg-url[24m/lib/URL.js:115:22[90m)[39m
  [90m    at new Request (node:internal/deps/undici/undici:9586:25)[39m
      at FileLoader.load [90m(file:///home/matt/workspace/.autogame-worktrees/312-excalibur-photon-windup-balance/game/[39mnode_modules/[4m.pnpm[24m/three@0.184.0/node_modules/[4mthree[24m/build/three.core.js:44150:15[90m)[39m
      at GLTFLoader.load [90m(file:///home/matt/workspace/.autogame-worktrees/312-excalibur-photon-windup-balance/game/[39mnode_modules/[4m.pnpm[24m/three@0.184.0/node_modules/[4mthree[24m/examples/jsm/loaders/GLTFLoader.js:319:10[90m)[39m
      at [90m/home/matt/workspace/.autogame-worktrees/312-excalibur-photon-windup-balance/game/[39mclient/models.js:89:11
      at new Promise (<anonymous>)
      at loadModel [90m(/home/matt/workspace/.autogame-worktrees/312-excalibur-photon-windup-balance/game/[39mclient/models.js:80:11[90m)[39m
      at attachRegistryModel [90m(/home/matt/workspace/.autogame-worktrees/312-excalibur-photon-windup-balance/game/[39mclient/renderer.js:628:11[90m)[39m
}

stderr | client/test/main.test.js > createEnemyMesh() > creates a warm emissive octahedron for ember_wraith type
[renderer] failed to apply model "/models/grunt.glb" for "grunt": TypeError: Failed to parse URL from /models/grunt.glb
[90m    at new Request (node:internal/deps/undici/undici:9588:19)[39m
    at FileLoader.load [90m(file:///home/matt/workspace/.autogame-worktrees/312-excalibur-photon-windup-balance/game/[39mnode_modules/[4m.pnpm[24m/three@0.184.0/node_modules/[4mthree[24m/build/three.core.js:44150:15[90m)[39m
[90m    ... 4 lines matching cause stack trace ...[39m
    at attachRegistryModel [90m(/home/matt/workspace/.autogame-worktrees/312-excalibur-photon-windup-balance/game/[39mclient/renderer.js:628:11[90m)[39m
    at createEnemyMesh [90m(/home/matt/workspace/.autogame-worktrees/312-excalibur-photon-windup-balance/game/[39mclient/renderer.js:3023:2[90m)[39m
    at [90m/home/matt/workspace/.autogame-worktrees/312-excalibur-photon-windup-balance/game/[39mclient/test/main.test.js:2558:23
    at [90mfile:///home/matt/workspace/.autogame-worktrees/312-excalibur-photon-windup-balance/game/[39mnode_modules/[4m.pnpm[24m/@vitest+runner@3.2.4/node_modules/[4m@vitest[24m/runner/dist/chunk-hooks.js:752:20 {
  [cause]: TypeError: Invalid URL: /models/grunt.glb
      at new URLImpl [90m(/home/matt/workspace/.autogame-worktrees/312-excalibur-photon-windup-balance/game/[39mnode_modules/[4m.pnpm[24m/whatwg-url@14.2.0/node_modules/[4mwhatwg-url[24m/lib/URL-impl.js:20:13[90m)[39m
      at Object.exports.setup [90m(/home/matt/workspace/.autogame-worktrees/312-excalibur-photon-windup-balance/game/[39mnode_modules/[4m.pnpm[24m/whatwg-url@14.2.0/node_modules/[4mwhatwg-url[24m/lib/URL.js:54:12[90m)[39m
      at new URL [90m(/home/matt/workspace/.autogame-worktrees/312-excalibur-photon-windup-balance/game/[39mnode_modules/[4m.pnpm[24m/whatwg-url@14.2.0/node_modules/[4mwhatwg-url[24m/lib/URL.js:115:22[90m)[39m
  [90m    at new Request (node:internal/deps/undici/undici:9586:25)[39m
      at FileLoader.load [90m(file:///home/matt/workspace/.autogame-worktrees/312-excalibur-photon-windup-balance/game/[39mnode_modules/[4m.pnpm[24m/three@0.184.0/node_modules/[4mthree[24m/build/three.core.js:44150:15[90m)[39m
      at GLTFLoader.load [90m(file:///home/matt/workspace/.autogame-worktrees/312-excalibur-photon-windup-balance/game/[39mnode_modules/[4m.pnpm[24m/three@0.184.0/node_modules/[4mthree[24m/examples/jsm/loaders/GLTFLoader.js:319:10[90m)[39m
      at [90m/home/matt/workspace/.autogame-worktrees/312-excalibur-photon-windup-balance/game/[39mclient/models.js:89:11
      at new Promise (<anonymous>)
      at loadModel [90m(/home/matt/workspace/.autogame-worktrees/312-excalibur-photon-windup-balance/game/[39mclient/models.js:80:11[90m)[39m
      at attachRegistryModel [90m(/home/matt/workspace/.autogame-worktrees/312-excalibur-photon-windup-balance/game/[39mclient/renderer.js:628:11[90m)[39m
}

stderr | client/test/main.test.js > createEnemyMesh() > creates a purple cone for miniboss type
[renderer] failed to apply model "/models/miniboss.glb" for "miniboss": TypeError: Failed to parse URL from /models/miniboss.glb
[90m    at new Request (node:internal/deps/undici/undici:9588:19)[39m
    at FileLoader.load [90m(file:///home/matt/workspace/.autogame-worktrees/312-excalibur-photon-windup-balance/game/[39mnode_modules/[4m.pnpm[24m/three@0.184.0/node_modules/[4mthree[24m/build/three.core.js:44150:15[90m)[39m
[90m    ... 4 lines matching cause stack trace ...[39m
    at attachRegistryModel [90m(/home/matt/workspace/.autogame-worktrees/312-excalibur-photon-windup-balance/game/[39mclient/renderer.js:628:11[90m)[39m
    at createEnemyMesh [90m(/home/matt/workspace/.autogame-worktrees/312-excalibur-photon-windup-balance/game/[39mclient/renderer.js:3023:2[90m)[39m
    at [90m/home/matt/workspace/.autogame-worktrees/312-excalibur-photon-windup-balance/game/[39mclient/test/main.test.js:2622:23
    at [90mfile:///home/matt/workspace/.autogame-worktrees/312-excalibur-photon-windup-balance/game/[39mnode_modules/[4m.pnpm[24m/@vitest+runner@3.2.4/node_modules/[4m@vitest[24m/runner/dist/chunk-hooks.js:752:20 {
  [cause]: TypeError: Invalid URL: /models/miniboss.glb
      at new URLImpl [90m(/home/matt/workspace/.autogame-worktrees/312-excalibur-photon-windup-balance/game/[39mnode_modules/[4m.pnpm[24m/whatwg-url@14.2.0/node_modules/[4mwhatwg-url[24m/lib/URL-impl.js:20:13[90m)[39m
      at Object.exports.setup [90m(/home/matt/workspace/.autogame-worktrees/312-excalibur-photon-windup-balance/game/[39mnode_modules/[4m.pnpm[24m/whatwg-url@14.2.0/node_modules/[4mwhatwg-url[24m/lib/URL.js:54:12[90m)[39m
      at new URL [90m(/home/matt/workspace/.autogame-worktrees/312-excalibur-photon-windup-balance/game/[39mnode_modules/[4m.pnpm[24m/whatwg-url@14.2.0/node_modules/[4mwhatwg-url[24m/lib/URL.js:115:22[90m)[39m
  [90m    at new Request (node:internal/deps/undici/undici:9586:25)[39m
      at FileLoader.load [90m(file:///home/matt/workspace/.autogame-worktrees/312-excalibur-photon-windup-balance/game/[39mnode_modules/[4m.pnpm[24m/three@0.184.0/node_modules/[4mthree[24m/build/three.core.js:44150:15[90m)[39m
      at GLTFLoader.load [90m(file:///home/matt/workspace/.autogame-worktrees/312-excalibur-photon-windup-balance/game/[39mnode_modules/[4m.pnpm[24m/three@0.184.0/node_modules/[4mthree[24m/examples/jsm/loaders/GLTFLoader.js:319:10[90m)[39m
      at [90m/home/matt/workspace/.autogame-worktrees/312-excalibur-photon-windup-balance/game/[39mclient/models.js:89:11
      at new Promise (<anonymous>)
      at loadModel [90m(/home/matt/workspace/.autogame-worktrees/312-excalibur-photon-windup-balance/game/[39mclient/models.js:80:11[90m)[39m
      at attachRegistryModel [90m(/home/matt/workspace/.autogame-worktrees/312-excalibur-photon-windup-balance/game/[39mclient/renderer.js:628:11[90m)[39m
}

stdout | client/test/main.test.js > suspended run resume/abandon UI > resume button triggers the launch-booth ready-up path
[launchBooth] ready-up via booth

 ✓ |client| client/test/main.test.js (171 tests) 1879ms

 Test Files  25 passed (25)
      Tests  496 passed (496)
   Start at  00:34:20
   Duration  4.11s (transform 982ms, setup 799ms, collect 3.95s, tests 9.38s, environment 10.83s, prepare 4.37s)

 % Coverage report from v8
---------------|---------|----------|---------|---------|-----------------------
File           | % Stmts | % Branch | % Funcs | % Lines | Uncovered Line #s     
---------------|---------|----------|---------|---------|-----------------------
All files      |   77.73 |    64.25 |   68.96 |    77.7 |                       
 client        |    88.8 |       78 |   83.33 |   88.74 |                       
  cards.js     |   87.75 |    73.17 |   88.88 |    87.6 | 94-99,102-107,231-248 
  collision.js |   88.94 |     72.3 |     100 |   88.94 | ...98,200-201,243-244 
  delta.js     |     100 |       50 |     100 |     100 | 12                    
  hand.js      |    89.2 |    92.85 |   70.58 |    89.2 | ...96,175-176,179-182 
 server        |   73.46 |    48.03 |   58.82 |   73.46 |                       
  index.js     |   73.46 |    48.03 |   58.82 |   73.46 | ...631-1632,1637-1639 
---------------|---------|----------|---------|---------|-----------------------
