
 RUN  v3.2.4 /home/matt/workspace/.autogame-worktrees/349-anim-restoration-beacon/game
      Coverage enabled with v8

stdout | client/test/renderer-shield-bar.test.js > enemy shield bar > createEnemyShieldBarMesh uses cyan above the enemy half-height
[initScene] Initializing Three.js scene...

stdout | client/test/boothPrompt.test.js > booth interaction prompt > shows the prompt on zone enter and hides it on exit
[initScene] Initializing Three.js scene...

stdout | client/test/passage-gate-meshes.test.js > passage gate meshes > creates one gate mesh per locked passage and removes it when unlocked
[initScene] Initializing Three.js scene...

stdout | client/test/renderer-loot.test.js > renderer loot helpers > getPickedUpLootIds reflects lootPickupAttempts after walk-over pickup
[initScene] Initializing Three.js scene...

stdout | client/test/avatar-cosmetic-render.test.js > avatar cosmetic render (hub + in-run) > lobby hub layout builds local avatar whose cosmeticKey matches non-default cosmetic
[initScene] Initializing Three.js scene...

stdout | client/test/renderer-minion-summon.test.js > minion summon scale-in > records spawn time and starts new minion meshes below full scale
[initScene] Initializing Three.js scene...

stdout | client/test/hub-lobby-render.test.js > hub lobby render > renders the hub during the lobby and spawns the local avatar on the hub floor
[initScene] Initializing Three.js scene...

stdout | client/test/renderer-spike-trap.test.js > spike trap persistent hazard reconcile > creates a persistent mesh keyed by enc.id and positions it at enc.x/z
[initScene] Initializing Three.js scene...

stdout | client/test/hub-presence-avatars.test.js > hub presence avatars (lobby) > builds meshes for local and remote lobby players
[initScene] Initializing Three.js scene...

stderr | client/test/renderer-loot.test.js > renderer loot helpers > getPickedUpLootIds reflects lootPickupAttempts after walk-over pickup
[renderer] failed to apply model "/models/player.glb" for "player": TypeError: Failed to parse URL from /models/player.glb
[90m    at new Request (node:internal/deps/undici/undici:9588:19)[39m
    at FileLoader.load [90m(file:///home/matt/workspace/.autogame-worktrees/349-anim-restoration-beacon/game/[39mnode_modules/[4m.pnpm[24m/three@0.184.0/node_modules/[4mthree[24m/build/three.core.js:44150:15[90m)[39m
[90m    ... 4 lines matching cause stack trace ...[39m
    at attachRegistryModel [90m(/home/matt/workspace/.autogame-worktrees/349-anim-restoration-beacon/game/[39mclient/renderer.js:817:11[90m)[39m
    at createPlayerAvatar [90m(/home/matt/workspace/.autogame-worktrees/349-anim-restoration-beacon/game/[39mclient/renderer.js:2701:2[90m)[39m
    at syncPlayerMeshes [90m(/home/matt/workspace/.autogame-worktrees/349-anim-restoration-beacon/game/[39mclient/renderer/playerSync.js:87:37[90m)[39m
    at animate [90m(/home/matt/workspace/.autogame-worktrees/349-anim-restoration-beacon/game/[39mclient/renderer.js:6742:19[90m)[39m {
  [cause]: TypeError: Invalid URL: /models/player.glb
      at new URLImpl [90m(/home/matt/workspace/.autogame-worktrees/349-anim-restoration-beacon/game/[39mnode_modules/[4m.pnpm[24m/whatwg-url@14.2.0/node_modules/[4mwhatwg-url[24m/lib/URL-impl.js:20:13[90m)[39m
      at Object.exports.setup [90m(/home/matt/workspace/.autogame-worktrees/349-anim-restoration-beacon/game/[39mnode_modules/[4m.pnpm[24m/whatwg-url@14.2.0/node_modules/[4mwhatwg-url[24m/lib/URL.js:54:12[90m)[39m
      at new URL [90m(/home/matt/workspace/.autogame-worktrees/349-anim-restoration-beacon/game/[39mnode_modules/[4m.pnpm[24m/whatwg-url@14.2.0/node_modules/[4mwhatwg-url[24m/lib/URL.js:115:22[90m)[39m
  [90m    at new Request (node:internal/deps/undici/undici:9586:25)[39m
      at FileLoader.load [90m(file:///home/matt/workspace/.autogame-worktrees/349-anim-restoration-beacon/game/[39mnode_modules/[4m.pnpm[24m/three@0.184.0/node_modules/[4mthree[24m/build/three.core.js:44150:15[90m)[39m
      at GLTFLoader.load [90m(file:///home/matt/workspace/.autogame-worktrees/349-anim-restoration-beacon/game/[39mnode_modules/[4m.pnpm[24m/three@0.184.0/node_modules/[4mthree[24m/examples/jsm/loaders/GLTFLoader.js:319:10[90m)[39m
      at [90m/home/matt/workspace/.autogame-worktrees/349-anim-restoration-beacon/game/[39mclient/models.js:164:11
      at new Promise (<anonymous>)
      at loadModel [90m(/home/matt/workspace/.autogame-worktrees/349-anim-restoration-beacon/game/[39mclient/models.js:155:11[90m)[39m
      at attachRegistryModel [90m(/home/matt/workspace/.autogame-worktrees/349-anim-restoration-beacon/game/[39mclient/renderer.js:817:11[90m)[39m
}

stderr | client/test/hub-lobby-render.test.js > hub lobby render > renders the hub during the lobby and spawns the local avatar on the hub floor
[renderer] failed to apply model "/models/player.glb" for "player": TypeError: Failed to parse URL from /models/player.glb
[90m    at new Request (node:internal/deps/undici/undici:9588:19)[39m
    at FileLoader.load [90m(file:///home/matt/workspace/.autogame-worktrees/349-anim-restoration-beacon/game/[39mnode_modules/[4m.pnpm[24m/three@0.184.0/node_modules/[4mthree[24m/build/three.core.js:44150:15[90m)[39m
[90m    ... 4 lines matching cause stack trace ...[39m
    at attachRegistryModel [90m(/home/matt/workspace/.autogame-worktrees/349-anim-restoration-beacon/game/[39mclient/renderer.js:817:11[90m)[39m
    at createPlayerAvatar [90m(/home/matt/workspace/.autogame-worktrees/349-anim-restoration-beacon/game/[39mclient/renderer.js:2701:2[90m)[39m
    at syncPlayerMeshes [90m(/home/matt/workspace/.autogame-worktrees/349-anim-restoration-beacon/game/[39mclient/renderer/playerSync.js:87:37[90m)[39m
    at animate [90m(/home/matt/workspace/.autogame-worktrees/349-anim-restoration-beacon/game/[39mclient/renderer.js:6742:19[90m)[39m {
  [cause]: TypeError: Invalid URL: /models/player.glb
      at new URLImpl [90m(/home/matt/workspace/.autogame-worktrees/349-anim-restoration-beacon/game/[39mnode_modules/[4m.pnpm[24m/whatwg-url@14.2.0/node_modules/[4mwhatwg-url[24m/lib/URL-impl.js:20:13[90m)[39m
      at Object.exports.setup [90m(/home/matt/workspace/.autogame-worktrees/349-anim-restoration-beacon/game/[39mnode_modules/[4m.pnpm[24m/whatwg-url@14.2.0/node_modules/[4mwhatwg-url[24m/lib/URL.js:54:12[90m)[39m
      at new URL [90m(/home/matt/workspace/.autogame-worktrees/349-anim-restoration-beacon/game/[39mnode_modules/[4m.pnpm[24m/whatwg-url@14.2.0/node_modules/[4mwhatwg-url[24m/lib/URL.js:115:22[90m)[39m
  [90m    at new Request (node:internal/deps/undici/undici:9586:25)[39m
      at FileLoader.load [90m(file:///home/matt/workspace/.autogame-worktrees/349-anim-restoration-beacon/game/[39mnode_modules/[4m.pnpm[24m/three@0.184.0/node_modules/[4mthree[24m/build/three.core.js:44150:15[90m)[39m
      at GLTFLoader.load [90m(file:///home/matt/workspace/.autogame-worktrees/349-anim-restoration-beacon/game/[39mnode_modules/[4m.pnpm[24m/three@0.184.0/node_modules/[4mthree[24m/examples/jsm/loaders/GLTFLoader.js:319:10[90m)[39m
      at [90m/home/matt/workspace/.autogame-worktrees/349-anim-restoration-beacon/game/[39mclient/models.js:164:11
      at new Promise (<anonymous>)
      at loadModel [90m(/home/matt/workspace/.autogame-worktrees/349-anim-restoration-beacon/game/[39mclient/models.js:155:11[90m)[39m
      at attachRegistryModel [90m(/home/matt/workspace/.autogame-worktrees/349-anim-restoration-beacon/game/[39mclient/renderer.js:817:11[90m)[39m
}

stderr | client/test/renderer-minion-summon.test.js > minion summon scale-in > records spawn time and starts new minion meshes below full scale
[renderer] failed to apply model "/models/player.glb" for "player": TypeError: Failed to parse URL from /models/player.glb
[90m    at new Request (node:internal/deps/undici/undici:9588:19)[39m
    at FileLoader.load [90m(file:///home/matt/workspace/.autogame-worktrees/349-anim-restoration-beacon/game/[39mnode_modules/[4m.pnpm[24m/three@0.184.0/node_modules/[4mthree[24m/build/three.core.js:44150:15[90m)[39m
[90m    ... 4 lines matching cause stack trace ...[39m
    at attachRegistryModel [90m(/home/matt/workspace/.autogame-worktrees/349-anim-restoration-beacon/game/[39mclient/renderer.js:817:11[90m)[39m
    at createPlayerAvatar [90m(/home/matt/workspace/.autogame-worktrees/349-anim-restoration-beacon/game/[39mclient/renderer.js:2701:2[90m)[39m
    at syncPlayerMeshes [90m(/home/matt/workspace/.autogame-worktrees/349-anim-restoration-beacon/game/[39mclient/renderer/playerSync.js:87:37[90m)[39m
    at animate [90m(/home/matt/workspace/.autogame-worktrees/349-anim-restoration-beacon/game/[39mclient/renderer.js:6742:19[90m)[39m {
  [cause]: TypeError: Invalid URL: /models/player.glb
      at new URLImpl [90m(/home/matt/workspace/.autogame-worktrees/349-anim-restoration-beacon/game/[39mnode_modules/[4m.pnpm[24m/whatwg-url@14.2.0/node_modules/[4mwhatwg-url[24m/lib/URL-impl.js:20:13[90m)[39m
      at Object.exports.setup [90m(/home/matt/workspace/.autogame-worktrees/349-anim-restoration-beacon/game/[39mnode_modules/[4m.pnpm[24m/whatwg-url@14.2.0/node_modules/[4mwhatwg-url[24m/lib/URL.js:54:12[90m)[39m
      at new URL [90m(/home/matt/workspace/.autogame-worktrees/349-anim-restoration-beacon/game/[39mnode_modules/[4m.pnpm[24m/whatwg-url@14.2.0/node_modules/[4mwhatwg-url[24m/lib/URL.js:115:22[90m)[39m
  [90m    at new Request (node:internal/deps/undici/undici:9586:25)[39m
      at FileLoader.load [90m(file:///home/matt/workspace/.autogame-worktrees/349-anim-restoration-beacon/game/[39mnode_modules/[4m.pnpm[24m/three@0.184.0/node_modules/[4mthree[24m/build/three.core.js:44150:15[90m)[39m
      at GLTFLoader.load [90m(file:///home/matt/workspace/.autogame-worktrees/349-anim-restoration-beacon/game/[39mnode_modules/[4m.pnpm[24m/three@0.184.0/node_modules/[4mthree[24m/examples/jsm/loaders/GLTFLoader.js:319:10[90m)[39m
      at [90m/home/matt/workspace/.autogame-worktrees/349-anim-restoration-beacon/game/[39mclient/models.js:164:11
      at new Promise (<anonymous>)
      at loadModel [90m(/home/matt/workspace/.autogame-worktrees/349-anim-restoration-beacon/game/[39mclient/models.js:155:11[90m)[39m
      at attachRegistryModel [90m(/home/matt/workspace/.autogame-worktrees/349-anim-restoration-beacon/game/[39mclient/renderer.js:817:11[90m)[39m
}

stderr | client/test/renderer-spike-trap.test.js > spike trap persistent hazard reconcile > creates a persistent mesh keyed by enc.id and positions it at enc.x/z
[renderer] failed to apply model "/models/player.glb" for "player": TypeError: Failed to parse URL from /models/player.glb
[90m    at new Request (node:internal/deps/undici/undici:9588:19)[39m
    at FileLoader.load [90m(file:///home/matt/workspace/.autogame-worktrees/349-anim-restoration-beacon/game/[39mnode_modules/[4m.pnpm[24m/three@0.184.0/node_modules/[4mthree[24m/build/three.core.js:44150:15[90m)[39m
[90m    ... 4 lines matching cause stack trace ...[39m
    at attachRegistryModel [90m(/home/matt/workspace/.autogame-worktrees/349-anim-restoration-beacon/game/[39mclient/renderer.js:817:11[90m)[39m
    at createPlayerAvatar [90m(/home/matt/workspace/.autogame-worktrees/349-anim-restoration-beacon/game/[39mclient/renderer.js:2701:2[90m)[39m
    at syncPlayerMeshes [90m(/home/matt/workspace/.autogame-worktrees/349-anim-restoration-beacon/game/[39mclient/renderer/playerSync.js:87:37[90m)[39m
    at animate [90m(/home/matt/workspace/.autogame-worktrees/349-anim-restoration-beacon/game/[39mclient/renderer.js:6742:19[90m)[39m {
  [cause]: TypeError: Invalid URL: /models/player.glb
      at new URLImpl [90m(/home/matt/workspace/.autogame-worktrees/349-anim-restoration-beacon/game/[39mnode_modules/[4m.pnpm[24m/whatwg-url@14.2.0/node_modules/[4mwhatwg-url[24m/lib/URL-impl.js:20:13[90m)[39m
      at Object.exports.setup [90m(/home/matt/workspace/.autogame-worktrees/349-anim-restoration-beacon/game/[39mnode_modules/[4m.pnpm[24m/whatwg-url@14.2.0/node_modules/[4mwhatwg-url[24m/lib/URL.js:54:12[90m)[39m
      at new URL [90m(/home/matt/workspace/.autogame-worktrees/349-anim-restoration-beacon/game/[39mnode_modules/[4m.pnpm[24m/whatwg-url@14.2.0/node_modules/[4mwhatwg-url[24m/lib/URL.js:115:22[90m)[39m
  [90m    at new Request (node:internal/deps/undici/undici:9586:25)[39m
      at FileLoader.load [90m(file:///home/matt/workspace/.autogame-worktrees/349-anim-restoration-beacon/game/[39mnode_modules/[4m.pnpm[24m/three@0.184.0/node_modules/[4mthree[24m/build/three.core.js:44150:15[90m)[39m
      at GLTFLoader.load [90m(file:///home/matt/workspace/.autogame-worktrees/349-anim-restoration-beacon/game/[39mnode_modules/[4m.pnpm[24m/three@0.184.0/node_modules/[4mthree[24m/examples/jsm/loaders/GLTFLoader.js:319:10[90m)[39m
      at [90m/home/matt/workspace/.autogame-worktrees/349-anim-restoration-beacon/game/[39mclient/models.js:164:11
      at new Promise (<anonymous>)
      at loadModel [90m(/home/matt/workspace/.autogame-worktrees/349-anim-restoration-beacon/game/[39mclient/models.js:155:11[90m)[39m
      at attachRegistryModel [90m(/home/matt/workspace/.autogame-worktrees/349-anim-restoration-beacon/game/[39mclient/renderer.js:817:11[90m)[39m
}

stderr | client/test/boothPrompt.test.js > booth interaction prompt > shows the prompt on zone enter and hides it on exit
[renderer] failed to apply model "/models/player.glb" for "player": TypeError: Failed to parse URL from /models/player.glb
[90m    at new Request (node:internal/deps/undici/undici:9588:19)[39m
    at FileLoader.load [90m(file:///home/matt/workspace/.autogame-worktrees/349-anim-restoration-beacon/game/[39mnode_modules/[4m.pnpm[24m/three@0.184.0/node_modules/[4mthree[24m/build/three.core.js:44150:15[90m)[39m
[90m    ... 4 lines matching cause stack trace ...[39m
    at attachRegistryModel [90m(/home/matt/workspace/.autogame-worktrees/349-anim-restoration-beacon/game/[39mclient/renderer.js:817:11[90m)[39m
    at createPlayerAvatar [90m(/home/matt/workspace/.autogame-worktrees/349-anim-restoration-beacon/game/[39mclient/renderer.js:2701:2[90m)[39m
    at syncPlayerMeshes [90m(/home/matt/workspace/.autogame-worktrees/349-anim-restoration-beacon/game/[39mclient/renderer/playerSync.js:87:37[90m)[39m
    at Module.animate [90m(/home/matt/workspace/.autogame-worktrees/349-anim-restoration-beacon/game/[39mclient/renderer.js:6742:19[90m)[39m {
  [cause]: TypeError: Invalid URL: /models/player.glb
      at new URLImpl [90m(/home/matt/workspace/.autogame-worktrees/349-anim-restoration-beacon/game/[39mnode_modules/[4m.pnpm[24m/whatwg-url@14.2.0/node_modules/[4mwhatwg-url[24m/lib/URL-impl.js:20:13[90m)[39m
      at Object.exports.setup [90m(/home/matt/workspace/.autogame-worktrees/349-anim-restoration-beacon/game/[39mnode_modules/[4m.pnpm[24m/whatwg-url@14.2.0/node_modules/[4mwhatwg-url[24m/lib/URL.js:54:12[90m)[39m
      at new URL [90m(/home/matt/workspace/.autogame-worktrees/349-anim-restoration-beacon/game/[39mnode_modules/[4m.pnpm[24m/whatwg-url@14.2.0/node_modules/[4mwhatwg-url[24m/lib/URL.js:115:22[90m)[39m
  [90m    at new Request (node:internal/deps/undici/undici:9586:25)[39m
      at FileLoader.load [90m(file:///home/matt/workspace/.autogame-worktrees/349-anim-restoration-beacon/game/[39mnode_modules/[4m.pnpm[24m/three@0.184.0/node_modules/[4mthree[24m/build/three.core.js:44150:15[90m)[39m
      at GLTFLoader.load [90m(file:///home/matt/workspace/.autogame-worktrees/349-anim-restoration-beacon/game/[39mnode_modules/[4m.pnpm[24m/three@0.184.0/node_modules/[4mthree[24m/examples/jsm/loaders/GLTFLoader.js:319:10[90m)[39m
      at [90m/home/matt/workspace/.autogame-worktrees/349-anim-restoration-beacon/game/[39mclient/models.js:164:11
      at new Promise (<anonymous>)
      at loadModel [90m(/home/matt/workspace/.autogame-worktrees/349-anim-restoration-beacon/game/[39mclient/models.js:155:11[90m)[39m
      at attachRegistryModel [90m(/home/matt/workspace/.autogame-worktrees/349-anim-restoration-beacon/game/[39mclient/renderer.js:817:11[90m)[39m
}

stderr | client/test/hub-presence-avatars.test.js > hub presence avatars (lobby) > builds meshes for local and remote lobby players
[renderer] failed to apply model "/models/player.glb" for "player": TypeError: Failed to parse URL from /models/player.glb
[90m    at new Request (node:internal/deps/undici/undici:9588:19)[39m
    at FileLoader.load [90m(file:///home/matt/workspace/.autogame-worktrees/349-anim-restoration-beacon/game/[39mnode_modules/[4m.pnpm[24m/three@0.184.0/node_modules/[4mthree[24m/build/three.core.js:44150:15[90m)[39m
[90m    ... 4 lines matching cause stack trace ...[39m
    at attachRegistryModel [90m(/home/matt/workspace/.autogame-worktrees/349-anim-restoration-beacon/game/[39mclient/renderer.js:817:11[90m)[39m
    at createPlayerAvatar [90m(/home/matt/workspace/.autogame-worktrees/349-anim-restoration-beacon/game/[39mclient/renderer.js:2701:2[90m)[39m
    at syncPlayerMeshes [90m(/home/matt/workspace/.autogame-worktrees/349-anim-restoration-beacon/game/[39mclient/renderer/playerSync.js:87:37[90m)[39m
    at animate [90m(/home/matt/workspace/.autogame-worktrees/349-anim-restoration-beacon/game/[39mclient/renderer.js:6742:19[90m)[39m {
  [cause]: TypeError: Invalid URL: /models/player.glb
      at new URLImpl [90m(/home/matt/workspace/.autogame-worktrees/349-anim-restoration-beacon/game/[39mnode_modules/[4m.pnpm[24m/whatwg-url@14.2.0/node_modules/[4mwhatwg-url[24m/lib/URL-impl.js:20:13[90m)[39m
      at Object.exports.setup [90m(/home/matt/workspace/.autogame-worktrees/349-anim-restoration-beacon/game/[39mnode_modules/[4m.pnpm[24m/whatwg-url@14.2.0/node_modules/[4mwhatwg-url[24m/lib/URL.js:54:12[90m)[39m
      at new URL [90m(/home/matt/workspace/.autogame-worktrees/349-anim-restoration-beacon/game/[39mnode_modules/[4m.pnpm[24m/whatwg-url@14.2.0/node_modules/[4mwhatwg-url[24m/lib/URL.js:115:22[90m)[39m
  [90m    at new Request (node:internal/deps/undici/undici:9586:25)[39m
      at FileLoader.load [90m(file:///home/matt/workspace/.autogame-worktrees/349-anim-restoration-beacon/game/[39mnode_modules/[4m.pnpm[24m/three@0.184.0/node_modules/[4mthree[24m/build/three.core.js:44150:15[90m)[39m
      at GLTFLoader.load [90m(file:///home/matt/workspace/.autogame-worktrees/349-anim-restoration-beacon/game/[39mnode_modules/[4m.pnpm[24m/three@0.184.0/node_modules/[4mthree[24m/examples/jsm/loaders/GLTFLoader.js:319:10[90m)[39m
      at [90m/home/matt/workspace/.autogame-worktrees/349-anim-restoration-beacon/game/[39mclient/models.js:164:11
      at new Promise (<anonymous>)
      at loadModel [90m(/home/matt/workspace/.autogame-worktrees/349-anim-restoration-beacon/game/[39mclient/models.js:155:11[90m)[39m
      at attachRegistryModel [90m(/home/matt/workspace/.autogame-worktrees/349-anim-restoration-beacon/game/[39mclient/renderer.js:817:11[90m)[39m
}
[renderer] failed to apply model "/models/player.glb" for "player": TypeError: Failed to parse URL from /models/player.glb
[90m    at new Request (node:internal/deps/undici/undici:9588:19)[39m
    at FileLoader.load [90m(file:///home/matt/workspace/.autogame-worktrees/349-anim-restoration-beacon/game/[39mnode_modules/[4m.pnpm[24m/three@0.184.0/node_modules/[4mthree[24m/build/three.core.js:44150:15[90m)[39m
[90m    ... 4 lines matching cause stack trace ...[39m
    at attachRegistryModel [90m(/home/matt/workspace/.autogame-worktrees/349-anim-restoration-beacon/game/[39mclient/renderer.js:817:11[90m)[39m
    at createPlayerAvatar [90m(/home/matt/workspace/.autogame-worktrees/349-anim-restoration-beacon/game/[39mclient/renderer.js:2701:2[90m)[39m
    at syncPlayerMeshes [90m(/home/matt/workspace/.autogame-worktrees/349-anim-restoration-beacon/game/[39mclient/renderer/playerSync.js:87:37[90m)[39m
    at animate [90m(/home/matt/workspace/.autogame-worktrees/349-anim-restoration-beacon/game/[39mclient/renderer.js:6742:19[90m)[39m {
  [cause]: TypeError: Invalid URL: /models/player.glb
      at new URLImpl [90m(/home/matt/workspace/.autogame-worktrees/349-anim-restoration-beacon/game/[39mnode_modules/[4m.pnpm[24m/whatwg-url@14.2.0/node_modules/[4mwhatwg-url[24m/lib/URL-impl.js:20:13[90m)[39m
      at Object.exports.setup [90m(/home/matt/workspace/.autogame-worktrees/349-anim-restoration-beacon/game/[39mnode_modules/[4m.pnpm[24m/whatwg-url@14.2.0/node_modules/[4mwhatwg-url[24m/lib/URL.js:54:12[90m)[39m
      at new URL [90m(/home/matt/workspace/.autogame-worktrees/349-anim-restoration-beacon/game/[39mnode_modules/[4m.pnpm[24m/whatwg-url@14.2.0/node_modules/[4mwhatwg-url[24m/lib/URL.js:115:22[90m)[39m
  [90m    at new Request (node:internal/deps/undici/undici:9586:25)[39m
      at FileLoader.load [90m(file:///home/matt/workspace/.autogame-worktrees/349-anim-restoration-beacon/game/[39mnode_modules/[4m.pnpm[24m/three@0.184.0/node_modules/[4mthree[24m/build/three.core.js:44150:15[90m)[39m
      at GLTFLoader.load [90m(file:///home/matt/workspace/.autogame-worktrees/349-anim-restoration-beacon/game/[39mnode_modules/[4m.pnpm[24m/three@0.184.0/node_modules/[4mthree[24m/examples/jsm/loaders/GLTFLoader.js:319:10[90m)[39m
      at [90m/home/matt/workspace/.autogame-worktrees/349-anim-restoration-beacon/game/[39mclient/models.js:164:11
      at new Promise (<anonymous>)
      at loadModel [90m(/home/matt/workspace/.autogame-worktrees/349-anim-restoration-beacon/game/[39mclient/models.js:155:11[90m)[39m
      at attachRegistryModel [90m(/home/matt/workspace/.autogame-worktrees/349-anim-restoration-beacon/game/[39mclient/renderer.js:817:11[90m)[39m
}

stdout | client/test/passage-gate-meshes.test.js > passage gate meshes > tracks multiple locked passages independently
[initScene] Initializing Three.js scene...

stdout | client/test/renderer-shield-bar.test.js > enemy shield bar > updateEnemyShieldBarMesh scales by shieldHp / maxShieldHp
[initScene] Initializing Three.js scene...

stdout | client/test/avatar-cosmetic-render.test.js > avatar cosmetic render (hub + in-run) > playing quest layout builds the same avatar with cosmetic applied after mocked glTF load
[initScene] Initializing Three.js scene...

stdout | client/test/boothPrompt.test.js > booth interaction prompt > hides the prompt when the rendered scene is not the hub
[initScene] Initializing Three.js scene...

stdout | client/test/renderer-spike-trap.test.js > spike trap persistent hazard reconcile > disposes the hazard mesh when the enchantment leaves the snapshot
[initScene] Initializing Three.js scene...

stdout | client/test/renderer-minion-summon.test.js > minion summon scale-in > does not re-trigger spawn scale-in when the minion id was already seen
[initScene] Initializing Three.js scene...

stdout | client/test/hub-lobby-render.test.js > hub lobby render > rebuilds to the quest layout on deploy, moving the avatar off the hub
[initScene] Initializing Three.js scene...

stdout | client/test/renderer-loot.test.js > renderer loot helpers > markLootCollected shows "+N MS" for magic stone pickups
[initScene] Initializing Three.js scene...

stdout | client/test/hub-presence-avatars.test.js > hub presence avatars (lobby) > moves the remote mesh when hub presence coordinates change
[initScene] Initializing Three.js scene...

stdout | client/test/spire-atmosphere.test.js > spire-ascent atmosphere > resetAtmosphere restores default background and removes fog
[initScene] Initializing Three.js scene...

stdout | client/test/passage-gate-meshes.test.js > passage gate meshes > clears gate meshes on rebuildDungeonLayout
[initScene] Initializing Three.js scene...

stdout | client/test/renderer-shield-bar.test.js > enemy shield bar > animate sync creates, updates, and disposes shield bars from game state
[initScene] Initializing Three.js scene...

stdout | client/test/escort-hp-bar.test.js > escort NPC HP bar > animate sync creates a bar only for escort minions and scales/colors it from hp
[initScene] Initializing Three.js scene...

 ✓ |client| client/test/renderer-minion-summon.test.js (2 tests) 499ms
   ✓ minion summon scale-in > records spawn time and starts new minion meshes below full scale  379ms
stderr | client/test/renderer-variant.test.js > warded variant visuals > createEnemyMesh stores _origColor from the type palette
[renderer] failed to apply model "/models/grunt.glb" for "grunt": TypeError: Failed to parse URL from /models/grunt.glb
[90m    at new Request (node:internal/deps/undici/undici:9588:19)[39m
    at FileLoader.load [90m(file:///home/matt/workspace/.autogame-worktrees/349-anim-restoration-beacon/game/[39mnode_modules/[4m.pnpm[24m/three@0.184.0/node_modules/[4mthree[24m/build/three.core.js:44150:15[90m)[39m
[90m    ... 4 lines matching cause stack trace ...[39m
    at attachRegistryModel [90m(/home/matt/workspace/.autogame-worktrees/349-anim-restoration-beacon/game/[39mclient/renderer.js:817:11[90m)[39m
    at createEnemyMesh [90m(/home/matt/workspace/.autogame-worktrees/349-anim-restoration-beacon/game/[39mclient/renderer/enemySync.js:148:21[90m)[39m
    at [90m/home/matt/workspace/.autogame-worktrees/349-anim-restoration-beacon/game/[39mclient/test/renderer-variant.test.js:29:16
[90m    at processTicksAndRejections (node:internal/process/task_queues:105:5)[39m {
  [cause]: TypeError: Invalid URL: /models/grunt.glb
      at new URLImpl [90m(/home/matt/workspace/.autogame-worktrees/349-anim-restoration-beacon/game/[39mnode_modules/[4m.pnpm[24m/whatwg-url@14.2.0/node_modules/[4mwhatwg-url[24m/lib/URL-impl.js:20:13[90m)[39m
      at Object.exports.setup [90m(/home/matt/workspace/.autogame-worktrees/349-anim-restoration-beacon/game/[39mnode_modules/[4m.pnpm[24m/whatwg-url@14.2.0/node_modules/[4mwhatwg-url[24m/lib/URL.js:54:12[90m)[39m
      at new URL [90m(/home/matt/workspace/.autogame-worktrees/349-anim-restoration-beacon/game/[39mnode_modules/[4m.pnpm[24m/whatwg-url@14.2.0/node_modules/[4mwhatwg-url[24m/lib/URL.js:115:22[90m)[39m
  [90m    at new Request (node:internal/deps/undici/undici:9586:25)[39m
      at FileLoader.load [90m(file:///home/matt/workspace/.autogame-worktrees/349-anim-restoration-beacon/game/[39mnode_modules/[4m.pnpm[24m/three@0.184.0/node_modules/[4mthree[24m/build/three.core.js:44150:15[90m)[39m
      at GLTFLoader.load [90m(file:///home/matt/workspace/.autogame-worktrees/349-anim-restoration-beacon/game/[39mnode_modules/[4m.pnpm[24m/three@0.184.0/node_modules/[4mthree[24m/examples/jsm/loaders/GLTFLoader.js:319:10[90m)[39m
      at [90m/home/matt/workspace/.autogame-worktrees/349-anim-restoration-beacon/game/[39mclient/models.js:164:11
      at new Promise (<anonymous>)
      at loadModel [90m(/home/matt/workspace/.autogame-worktrees/349-anim-restoration-beacon/game/[39mclient/models.js:155:11[90m)[39m
      at attachRegistryModel [90m(/home/matt/workspace/.autogame-worktrees/349-anim-restoration-beacon/game/[39mclient/renderer.js:817:11[90m)[39m
}

stderr | client/test/renderer-shield-bar.test.js > enemy shield bar > animate sync creates, updates, and disposes shield bars from game state
[renderer] failed to apply model "/models/player.glb" for "player": TypeError: Failed to parse URL from /models/player.glb
[90m    at new Request (node:internal/deps/undici/undici:9588:19)[39m
    at FileLoader.load [90m(file:///home/matt/workspace/.autogame-worktrees/349-anim-restoration-beacon/game/[39mnode_modules/[4m.pnpm[24m/three@0.184.0/node_modules/[4mthree[24m/build/three.core.js:44150:15[90m)[39m
[90m    ... 4 lines matching cause stack trace ...[39m
    at attachRegistryModel [90m(/home/matt/workspace/.autogame-worktrees/349-anim-restoration-beacon/game/[39mclient/renderer.js:817:11[90m)[39m
    at createPlayerAvatar [90m(/home/matt/workspace/.autogame-worktrees/349-anim-restoration-beacon/game/[39mclient/renderer.js:2701:2[90m)[39m
    at syncPlayerMeshes [90m(/home/matt/workspace/.autogame-worktrees/349-anim-restoration-beacon/game/[39mclient/renderer/playerSync.js:87:37[90m)[39m
    at animate [90m(/home/matt/workspace/.autogame-worktrees/349-anim-restoration-beacon/game/[39mclient/renderer.js:6742:19[90m)[39m {
  [cause]: TypeError: Invalid URL: /models/player.glb
      at new URLImpl [90m(/home/matt/workspace/.autogame-worktrees/349-anim-restoration-beacon/game/[39mnode_modules/[4m.pnpm[24m/whatwg-url@14.2.0/node_modules/[4mwhatwg-url[24m/lib/URL-impl.js:20:13[90m)[39m
      at Object.exports.setup [90m(/home/matt/workspace/.autogame-worktrees/349-anim-restoration-beacon/game/[39mnode_modules/[4m.pnpm[24m/whatwg-url@14.2.0/node_modules/[4mwhatwg-url[24m/lib/URL.js:54:12[90m)[39m
      at new URL [90m(/home/matt/workspace/.autogame-worktrees/349-anim-restoration-beacon/game/[39mnode_modules/[4m.pnpm[24m/whatwg-url@14.2.0/node_modules/[4mwhatwg-url[24m/lib/URL.js:115:22[90m)[39m
  [90m    at new Request (node:internal/deps/undici/undici:9586:25)[39m
      at FileLoader.load [90m(file:///home/matt/workspace/.autogame-worktrees/349-anim-restoration-beacon/game/[39mnode_modules/[4m.pnpm[24m/three@0.184.0/node_modules/[4mthree[24m/build/three.core.js:44150:15[90m)[39m
      at GLTFLoader.load [90m(file:///home/matt/workspace/.autogame-worktrees/349-anim-restoration-beacon/game/[39mnode_modules/[4m.pnpm[24m/three@0.184.0/node_modules/[4mthree[24m/examples/jsm/loaders/GLTFLoader.js:319:10[90m)[39m
      at [90m/home/matt/workspace/.autogame-worktrees/349-anim-restoration-beacon/game/[39mclient/models.js:164:11
      at new Promise (<anonymous>)
      at loadModel [90m(/home/matt/workspace/.autogame-worktrees/349-anim-restoration-beacon/game/[39mclient/models.js:155:11[90m)[39m
      at attachRegistryModel [90m(/home/matt/workspace/.autogame-worktrees/349-anim-restoration-beacon/game/[39mclient/renderer.js:817:11[90m)[39m
}
[renderer] failed to apply model "/models/grunt.glb" for "grunt": TypeError: Failed to parse URL from /models/grunt.glb
[90m    at new Request (node:internal/deps/undici/undici:9588:19)[39m
    at FileLoader.load [90m(file:///home/matt/workspace/.autogame-worktrees/349-anim-restoration-beacon/game/[39mnode_modules/[4m.pnpm[24m/three@0.184.0/node_modules/[4mthree[24m/build/three.core.js:44150:15[90m)[39m
[90m    ... 4 lines matching cause stack trace ...[39m
    at attachRegistryModel [90m(/home/matt/workspace/.autogame-worktrees/349-anim-restoration-beacon/game/[39mclient/renderer.js:817:11[90m)[39m
    at createEnemyMesh [90m(/home/matt/workspace/.autogame-worktrees/349-anim-restoration-beacon/game/[39mclient/renderer/enemySync.js:148:21[90m)[39m
    at syncEnemyMeshes [90m(/home/matt/workspace/.autogame-worktrees/349-anim-restoration-beacon/game/[39mclient/renderer/enemySync.js:844:17[90m)[39m
    at animate [90m(/home/matt/workspace/.autogame-worktrees/349-anim-restoration-beacon/game/[39mclient/renderer.js:6750:18[90m)[39m {
  [cause]: TypeError: Invalid URL: /models/grunt.glb
      at new URLImpl [90m(/home/matt/workspace/.autogame-worktrees/349-anim-restoration-beacon/game/[39mnode_modules/[4m.pnpm[24m/whatwg-url@14.2.0/node_modules/[4mwhatwg-url[24m/lib/URL-impl.js:20:13[90m)[39m
      at Object.exports.setup [90m(/home/matt/workspace/.autogame-worktrees/349-anim-restoration-beacon/game/[39mnode_modules/[4m.pnpm[24m/whatwg-url@14.2.0/node_modules/[4mwhatwg-url[24m/lib/URL.js:54:12[90m)[39m
      at new URL [90m(/home/matt/workspace/.autogame-worktrees/349-anim-restoration-beacon/game/[39mnode_modules/[4m.pnpm[24m/whatwg-url@14.2.0/node_modules/[4mwhatwg-url[24m/lib/URL.js:115:22[90m)[39m
  [90m    at new Request (node:internal/deps/undici/undici:9586:25)[39m
      at FileLoader.load [90m(file:///home/matt/workspace/.autogame-worktrees/349-anim-restoration-beacon/game/[39mnode_modules/[4m.pnpm[24m/three@0.184.0/node_modules/[4mthree[24m/build/three.core.js:44150:15[90m)[39m
      at GLTFLoader.load [90m(file:///home/matt/workspace/.autogame-worktrees/349-anim-restoration-beacon/game/[39mnode_modules/[4m.pnpm[24m/three@0.184.0/node_modules/[4mthree[24m/examples/jsm/loaders/GLTFLoader.js:319:10[90m)[39m
      at [90m/home/matt/workspace/.autogame-worktrees/349-anim-restoration-beacon/game/[39mclient/models.js:164:11
      at new Promise (<anonymous>)
      at loadModel [90m(/home/matt/workspace/.autogame-worktrees/349-anim-restoration-beacon/game/[39mclient/models.js:155:11[90m)[39m
      at attachRegistryModel [90m(/home/matt/workspace/.autogame-worktrees/349-anim-restoration-beacon/game/[39mclient/renderer.js:817:11[90m)[39m
}
[renderer] failed to apply model "/models/grunt.glb" for "grunt": TypeError: Failed to parse URL from /models/grunt.glb
[90m    at new Request (node:internal/deps/undici/undici:9588:19)[39m
    at FileLoader.load [90m(file:///home/matt/workspace/.autogame-worktrees/349-anim-restoration-beacon/game/[39mnode_modules/[4m.pnpm[24m/three@0.184.0/node_modules/[4mthree[24m/build/three.core.js:44150:15[90m)[39m
[90m    ... 4 lines matching cause stack trace ...[39m
    at attachRegistryModel [90m(/home/matt/workspace/.autogame-worktrees/349-anim-restoration-beacon/game/[39mclient/renderer.js:817:11[90m)[39m
    at createEnemyMesh [90m(/home/matt/workspace/.autogame-worktrees/349-anim-restoration-beacon/game/[39mclient/renderer/enemySync.js:148:21[90m)[39m
    at syncEnemyMeshes [90m(/home/matt/workspace/.autogame-worktrees/349-anim-restoration-beacon/game/[39mclient/renderer/enemySync.js:844:17[90m)[39m
    at animate [90m(/home/matt/workspace/.autogame-worktrees/349-anim-restoration-beacon/game/[39mclient/renderer.js:6750:18[90m)[39m {
  [cause]: TypeError: Invalid URL: /models/grunt.glb
      at new URLImpl [90m(/home/matt/workspace/.autogame-worktrees/349-anim-restoration-beacon/game/[39mnode_modules/[4m.pnpm[24m/whatwg-url@14.2.0/node_modules/[4mwhatwg-url[24m/lib/URL-impl.js:20:13[90m)[39m
      at Object.exports.setup [90m(/home/matt/workspace/.autogame-worktrees/349-anim-restoration-beacon/game/[39mnode_modules/[4m.pnpm[24m/whatwg-url@14.2.0/node_modules/[4mwhatwg-url[24m/lib/URL.js:54:12[90m)[39m
      at new URL [90m(/home/matt/workspace/.autogame-worktrees/349-anim-restoration-beacon/game/[39mnode_modules/[4m.pnpm[24m/whatwg-url@14.2.0/node_modules/[4mwhatwg-url[24m/lib/URL.js:115:22[90m)[39m
  [90m    at new Request (node:internal/deps/undici/undici:9586:25)[39m
      at FileLoader.load [90m(file:///home/matt/workspace/.autogame-worktrees/349-anim-restoration-beacon/game/[39mnode_modules/[4m.pnpm[24m/three@0.184.0/node_modules/[4mthree[24m/build/three.core.js:44150:15[90m)[39m
      at GLTFLoader.load [90m(file:///home/matt/workspace/.autogame-worktrees/349-anim-restoration-beacon/game/[39mnode_modules/[4m.pnpm[24m/three@0.184.0/node_modules/[4mthree[24m/examples/jsm/loaders/GLTFLoader.js:319:10[90m)[39m
      at [90m/home/matt/workspace/.autogame-worktrees/349-anim-restoration-beacon/game/[39mclient/models.js:164:11
      at new Promise (<anonymous>)
      at loadModel [90m(/home/matt/workspace/.autogame-worktrees/349-anim-restoration-beacon/game/[39mclient/models.js:155:11[90m)[39m
      at attachRegistryModel [90m(/home/matt/workspace/.autogame-worktrees/349-anim-restoration-beacon/game/[39mclient/renderer.js:817:11[90m)[39m
}

 ✓ |client| client/test/hub-lobby-render.test.js (2 tests) 422ms
   ✓ hub lobby render > renders the hub during the lobby and spawns the local avatar on the hub floor  300ms
stdout | client/test/fire-atmosphere.test.js > fire-cavern atmosphere > resetAtmosphere restores default background and removes fog
[initScene] Initializing Three.js scene...

stdout | client/test/renderer-spike-trap.test.js > spike trap persistent hazard reconcile > does NOT create a hazard mesh for cinder_snare enchantments
[initScene] Initializing Three.js scene...

stderr | client/test/escort-hp-bar.test.js > escort NPC HP bar > animate sync creates a bar only for escort minions and scales/colors it from hp
[renderer] failed to apply model "/models/player.glb" for "player": TypeError: Failed to parse URL from /models/player.glb
[90m    at new Request (node:internal/deps/undici/undici:9588:19)[39m
    at FileLoader.load [90m(file:///home/matt/workspace/.autogame-worktrees/349-anim-restoration-beacon/game/[39mnode_modules/[4m.pnpm[24m/three@0.184.0/node_modules/[4mthree[24m/build/three.core.js:44150:15[90m)[39m
[90m    ... 4 lines matching cause stack trace ...[39m
    at attachRegistryModel [90m(/home/matt/workspace/.autogame-worktrees/349-anim-restoration-beacon/game/[39mclient/renderer.js:817:11[90m)[39m
    at createPlayerAvatar [90m(/home/matt/workspace/.autogame-worktrees/349-anim-restoration-beacon/game/[39mclient/renderer.js:2701:2[90m)[39m
    at syncPlayerMeshes [90m(/home/matt/workspace/.autogame-worktrees/349-anim-restoration-beacon/game/[39mclient/renderer/playerSync.js:87:37[90m)[39m
    at animate [90m(/home/matt/workspace/.autogame-worktrees/349-anim-restoration-beacon/game/[39mclient/renderer.js:6742:19[90m)[39m {
  [cause]: TypeError: Invalid URL: /models/player.glb
      at new URLImpl [90m(/home/matt/workspace/.autogame-worktrees/349-anim-restoration-beacon/game/[39mnode_modules/[4m.pnpm[24m/whatwg-url@14.2.0/node_modules/[4mwhatwg-url[24m/lib/URL-impl.js:20:13[90m)[39m
      at Object.exports.setup [90m(/home/matt/workspace/.autogame-worktrees/349-anim-restoration-beacon/game/[39mnode_modules/[4m.pnpm[24m/whatwg-url@14.2.0/node_modules/[4mwhatwg-url[24m/lib/URL.js:54:12[90m)[39m
      at new URL [90m(/home/matt/workspace/.autogame-worktrees/349-anim-restoration-beacon/game/[39mnode_modules/[4m.pnpm[24m/whatwg-url@14.2.0/node_modules/[4mwhatwg-url[24m/lib/URL.js:115:22[90m)[39m
  [90m    at new Request (node:internal/deps/undici/undici:9586:25)[39m
      at FileLoader.load [90m(file:///home/matt/workspace/.autogame-worktrees/349-anim-restoration-beacon/game/[39mnode_modules/[4m.pnpm[24m/three@0.184.0/node_modules/[4mthree[24m/build/three.core.js:44150:15[90m)[39m
      at GLTFLoader.load [90m(file:///home/matt/workspace/.autogame-worktrees/349-anim-restoration-beacon/game/[39mnode_modules/[4m.pnpm[24m/three@0.184.0/node_modules/[4mthree[24m/examples/jsm/loaders/GLTFLoader.js:319:10[90m)[39m
      at [90m/home/matt/workspace/.autogame-worktrees/349-anim-restoration-beacon/game/[39mclient/models.js:164:11
      at new Promise (<anonymous>)
      at loadModel [90m(/home/matt/workspace/.autogame-worktrees/349-anim-restoration-beacon/game/[39mclient/models.js:155:11[90m)[39m
      at attachRegistryModel [90m(/home/matt/workspace/.autogame-worktrees/349-anim-restoration-beacon/game/[39mclient/renderer.js:817:11[90m)[39m
}

 ✓ |client| client/test/passage-gate-meshes.test.js (3 tests) 557ms
   ✓ passage gate meshes > creates one gate mesh per locked passage and removes it when unlocked  343ms
stdout | client/test/lobby-menu-dismiss.test.js > lobby menu dismiss guard (main.js) > hub lobby join starts with #lobby hidden and lobbyMenuDismissed true
[initScene] Initializing Three.js scene...

stdout | client/test/avatar-cosmetic-render.test.js > avatar cosmetic render (hub + in-run) > rebuilds avatar when cosmetic changes between animate() calls
[initScene] Initializing Three.js scene...

stdout | client/test/boothPrompt.test.js > booth interaction prompt > emits boothInteract for the in-range booth and nothing when out of range
[initScene] Initializing Three.js scene...

stdout | client/test/renderer-loot.test.js > renderer loot helpers > markLootCollected plays loot SFX only for magic stone pickups
[initScene] Initializing Three.js scene...

 ✓ |client| client/test/boss-encounter-hud-wiring.test.js (6 tests) 496ms
   ✓ boss-encounter HUD wiring in main.js > populates the model and shows the HUD for an active encounter with a live boss  485ms
stdout | client/test/passage-gate-unlock-feedback.test.js > passage gate unlock feedback > plays unlock feedback exactly once when a passage transitions locked to unlocked
[initScene] Initializing Three.js scene...

stdout | client/test/spire-atmosphere.test.js > spire-ascent atmosphere > rebuildDungeonLayout re-inits spire atmosphere when swapping layouts
[initScene] Initializing Three.js scene...

 ✓ |client| client/test/boothPrompt.test.js (5 tests) 646ms
   ✓ booth interaction prompt > shows the prompt on zone enter and hides it on exit  359ms
stdout | client/test/renderer-shield-bar.test.js > enemy shield bar > does not create a shield bar when shieldHp is absent or zero
[initScene] Initializing Three.js scene...

 ✓ |client| client/test/avatar-cosmetic-render.test.js (3 tests) 706ms
stdout | client/test/named-rare-visuals.test.js > named-rare enemy visuals > applyEnemyNameplate creates and disposes sprites keyed on namedRare
[initScene] Initializing Three.js scene...

stdout | client/test/fire-atmosphere.test.js > fire-cavern atmosphere > rebuildDungeonLayout re-inits fire atmosphere when swapping layouts
[initScene] Initializing Three.js scene...

 ✓ |client| client/test/renderer-enemy-emissive-priority.test.js (4 tests) 781ms
   ✓ resolveEnemyEmissive priority > windup survives a non-reveal reveal pass on the same frame  347ms
 ✓ |client| client/test/spire-atmosphere.test.js (4 tests) 756ms
   ✓ spire-ascent atmosphere > lerpSpireAtmosphere(0) is darker than lerpSpireAtmosphere(1) for background and fog  316ms
 ✓ |client| client/test/renderer-shield-bar.test.js (4 tests) 1039ms
   ✓ enemy shield bar > createEnemyShieldBarMesh uses cyan above the enemy half-height  551ms
stdout | client/test/escort-hp-bar.test.js > escort NPC HP bar > disposes the bar when the escort minion leaves the snapshot
[initScene] Initializing Three.js scene...

stdout | client/test/renderer-loot.test.js > renderer loot helpers > updateCollectingLoot disposes cloned loot materials when animation finishes
[initScene] Initializing Three.js scene...

 ✓ |client| client/test/named-rare-visuals.test.js (4 tests) 668ms
 ✓ |client| client/test/fire-atmosphere.test.js (4 tests) 818ms
   ✓ fire-cavern atmosphere > lerpFireCavernAtmosphere(1) has higher red/orange channel sum than lerpFireCavernAtmosphere(0)  308ms
stdout | client/test/passage-gate-unlock-feedback.test.js > passage gate unlock feedback > spawns unlock VFX without leaving the gate mesh in the scene map
[initScene] Initializing Three.js scene...

 ✓ |client| client/test/escort-hp-bar.test.js (4 tests) 844ms
 ✓ |client| client/test/renderer-loot.test.js (4 tests) 1009ms
   ✓ renderer loot helpers > getPickedUpLootIds reflects lootPickupAttempts after walk-over pickup  475ms
stdout | client/test/questBooth.test.js > quest booth booth:action hook (main.js) > reveals and scrolls the quest panel into view for boothId quest in lobby and ignores other booths
[launchBooth] ready-up via booth
[launchBooth] ready-up via booth

stdout | client/test/hub-presence-avatars.test.js > hub presence avatars (lobby) > applyHubPresence sequence updates remote mesh position and cosmeticKey
[initScene] Initializing Three.js scene...

stdout | client/test/lobby-menu-dismiss.test.js > lobby menu dismiss guard (main.js) > dismissGameLobby then lobby-phase stateUpdate keeps #lobby hidden
[initScene] Initializing Three.js scene...

 ✓ |client| client/test/passage-gate-unlock-feedback.test.js (2 tests) 466ms
stdout | client/test/renderer-variant.test.js > warded variant visuals > applyVariantMarker uses per-variant badge colors on the marker mesh
[initScene] Initializing Three.js scene...

 ✓ |client| client/test/boothDeck.test.js (4 tests) 1004ms
   ✓ deck booth via booth:action > opens the loadout bay when booth:action targets the deck booth  563ms
   ✓ deck booth via booth:action > populates the deck editor and deck-add still emits deckAddCard  415ms
 ✓ |client| client/test/airborne-floor-render.test.js (7 tests) 1313ms
   ✓ airborne floor-aware render + shadow > flying enemy render offset tracks the floor surface via server world Y  530ms
stdout | client/test/main.test.js > cardError handler — server hand rejection > shows a toast when the server rejects an unauthorized card use
[cardError] Card not in hand
[cardError] Card not in hand
[cardError] Card not in hand
[cardError] Card not in hand
[cardError] Card not in hand

stdout | client/test/hub-presence-avatars.test.js > hub presence avatars (lobby) > applyHubPresence removedPlayerIds disposes remote avatar mesh
[initScene] Initializing Three.js scene...

stdout | client/test/lobby-menu-dismiss.test.js > lobby menu dismiss guard (main.js) > hubPresenceUpdate and applyHubPresence while dismissed do not show #lobby
[initScene] Initializing Three.js scene...

 ✓ |client| client/test/renderer-telepipe-portal.test.js (7 tests) 1561ms
   ✓ telepipe portal animation > creates a Group with cylinder, two rings, and particle children  555ms
 ✓ |client| client/test/debug-hatswap-hook.test.js (3 tests) 1562ms
   ✓ ?booth=hatswap debug hook (main.js requestBoothDebugOpen) > opens the character booth and requests hats-unlocked once on localhost  803ms
   ✓ ?booth=hatswap debug hook (main.js requestBoothDebugOpen) > does nothing for ?booth=hatswap on a non-localhost host  390ms
   ✓ ?booth=hatswap debug hook (main.js requestBoothDebugOpen) > does not fire before the phase is lobby  367ms
stderr | client/test/main.test.js > createEnemyMesh() > creates a red cone for grunt (default) type
[renderer] failed to apply model "/models/grunt.glb" for "grunt": TypeError: Failed to parse URL from /models/grunt.glb
[90m    at new Request (node:internal/deps/undici/undici:9588:19)[39m
    at FileLoader.load [90m(file:///home/matt/workspace/.autogame-worktrees/349-anim-restoration-beacon/game/[39mnode_modules/[4m.pnpm[24m/three@0.184.0/node_modules/[4mthree[24m/build/three.core.js:44150:15[90m)[39m
[90m    ... 4 lines matching cause stack trace ...[39m
    at attachRegistryModel [90m(/home/matt/workspace/.autogame-worktrees/349-anim-restoration-beacon/game/[39mclient/renderer.js:817:11[90m)[39m
    at createEnemyMesh [90m(/home/matt/workspace/.autogame-worktrees/349-anim-restoration-beacon/game/[39mclient/renderer/enemySync.js:148:21[90m)[39m
    at [90m/home/matt/workspace/.autogame-worktrees/349-anim-restoration-beacon/game/[39mclient/test/main.test.js:2796:23
    at [90mfile:///home/matt/workspace/.autogame-worktrees/349-anim-restoration-beacon/game/[39mnode_modules/[4m.pnpm[24m/@vitest+runner@3.2.4/node_modules/[4m@vitest[24m/runner/dist/chunk-hooks.js:752:20 {
  [cause]: TypeError: Invalid URL: /models/grunt.glb
      at new URLImpl [90m(/home/matt/workspace/.autogame-worktrees/349-anim-restoration-beacon/game/[39mnode_modules/[4m.pnpm[24m/whatwg-url@14.2.0/node_modules/[4mwhatwg-url[24m/lib/URL-impl.js:20:13[90m)[39m
      at Object.exports.setup [90m(/home/matt/workspace/.autogame-worktrees/349-anim-restoration-beacon/game/[39mnode_modules/[4m.pnpm[24m/whatwg-url@14.2.0/node_modules/[4mwhatwg-url[24m/lib/URL.js:54:12[90m)[39m
      at new URL [90m(/home/matt/workspace/.autogame-worktrees/349-anim-restoration-beacon/game/[39mnode_modules/[4m.pnpm[24m/whatwg-url@14.2.0/node_modules/[4mwhatwg-url[24m/lib/URL.js:115:22[90m)[39m
  [90m    at new Request (node:internal/deps/undici/undici:9586:25)[39m
      at FileLoader.load [90m(file:///home/matt/workspace/.autogame-worktrees/349-anim-restoration-beacon/game/[39mnode_modules/[4m.pnpm[24m/three@0.184.0/node_modules/[4mthree[24m/build/three.core.js:44150:15[90m)[39m
      at GLTFLoader.load [90m(file:///home/matt/workspace/.autogame-worktrees/349-anim-restoration-beacon/game/[39mnode_modules/[4m.pnpm[24m/three@0.184.0/node_modules/[4mthree[24m/examples/jsm/loaders/GLTFLoader.js:319:10[90m)[39m
      at [90m/home/matt/workspace/.autogame-worktrees/349-anim-restoration-beacon/game/[39mclient/models.js:164:11
      at new Promise (<anonymous>)
      at loadModel [90m(/home/matt/workspace/.autogame-worktrees/349-anim-restoration-beacon/game/[39mclient/models.js:155:11[90m)[39m
      at attachRegistryModel [90m(/home/matt/workspace/.autogame-worktrees/349-anim-restoration-beacon/game/[39mclient/renderer.js:817:11[90m)[39m
}

stderr | client/test/main.test.js > createEnemyMesh() > creates an orange cone for skirmisher type
[renderer] failed to apply model "/models/skirmisher.glb" for "skirmisher": TypeError: Failed to parse URL from /models/skirmisher.glb
[90m    at new Request (node:internal/deps/undici/undici:9588:19)[39m
    at FileLoader.load [90m(file:///home/matt/workspace/.autogame-worktrees/349-anim-restoration-beacon/game/[39mnode_modules/[4m.pnpm[24m/three@0.184.0/node_modules/[4mthree[24m/build/three.core.js:44150:15[90m)[39m
[90m    ... 4 lines matching cause stack trace ...[39m
    at attachRegistryModel [90m(/home/matt/workspace/.autogame-worktrees/349-anim-restoration-beacon/game/[39mclient/renderer.js:817:11[90m)[39m
    at createEnemyMesh [90m(/home/matt/workspace/.autogame-worktrees/349-anim-restoration-beacon/game/[39mclient/renderer/enemySync.js:148:21[90m)[39m
    at [90m/home/matt/workspace/.autogame-worktrees/349-anim-restoration-beacon/game/[39mclient/test/main.test.js:2808:23
    at [90mfile:///home/matt/workspace/.autogame-worktrees/349-anim-restoration-beacon/game/[39mnode_modules/[4m.pnpm[24m/@vitest+runner@3.2.4/node_modules/[4m@vitest[24m/runner/dist/chunk-hooks.js:752:20 {
  [cause]: TypeError: Invalid URL: /models/skirmisher.glb
      at new URLImpl [90m(/home/matt/workspace/.autogame-worktrees/349-anim-restoration-beacon/game/[39mnode_modules/[4m.pnpm[24m/whatwg-url@14.2.0/node_modules/[4mwhatwg-url[24m/lib/URL-impl.js:20:13[90m)[39m
      at Object.exports.setup [90m(/home/matt/workspace/.autogame-worktrees/349-anim-restoration-beacon/game/[39mnode_modules/[4m.pnpm[24m/whatwg-url@14.2.0/node_modules/[4mwhatwg-url[24m/lib/URL.js:54:12[90m)[39m
      at new URL [90m(/home/matt/workspace/.autogame-worktrees/349-anim-restoration-beacon/game/[39mnode_modules/[4m.pnpm[24m/whatwg-url@14.2.0/node_modules/[4mwhatwg-url[24m/lib/URL.js:115:22[90m)[39m
  [90m    at new Request (node:internal/deps/undici/undici:9586:25)[39m
      at FileLoader.load [90m(file:///home/matt/workspace/.autogame-worktrees/349-anim-restoration-beacon/game/[39mnode_modules/[4m.pnpm[24m/three@0.184.0/node_modules/[4mthree[24m/build/three.core.js:44150:15[90m)[39m
      at GLTFLoader.load [90m(file:///home/matt/workspace/.autogame-worktrees/349-anim-restoration-beacon/game/[39mnode_modules/[4m.pnpm[24m/three@0.184.0/node_modules/[4mthree[24m/examples/jsm/loaders/GLTFLoader.js:319:10[90m)[39m
      at [90m/home/matt/workspace/.autogame-worktrees/349-anim-restoration-beacon/game/[39mclient/models.js:164:11
      at new Promise (<anonymous>)
      at loadModel [90m(/home/matt/workspace/.autogame-worktrees/349-anim-restoration-beacon/game/[39mclient/models.js:155:11[90m)[39m
      at attachRegistryModel [90m(/home/matt/workspace/.autogame-worktrees/349-anim-restoration-beacon/game/[39mclient/renderer.js:817:11[90m)[39m
}

stderr | client/test/main.test.js > createEnemyMesh() > creates a teal octahedron for spawner type
[renderer] failed to apply model "/models/spawner.glb" for "spawner": TypeError: Failed to parse URL from /models/spawner.glb
[90m    at new Request (node:internal/deps/undici/undici:9588:19)[39m
    at FileLoader.load [90m(file:///home/matt/workspace/.autogame-worktrees/349-anim-restoration-beacon/game/[39mnode_modules/[4m.pnpm[24m/three@0.184.0/node_modules/[4mthree[24m/build/three.core.js:44150:15[90m)[39m
[90m    ... 4 lines matching cause stack trace ...[39m
    at attachRegistryModel [90m(/home/matt/workspace/.autogame-worktrees/349-anim-restoration-beacon/game/[39mclient/renderer.js:817:11[90m)[39m
    at createEnemyMesh [90m(/home/matt/workspace/.autogame-worktrees/349-anim-restoration-beacon/game/[39mclient/renderer/enemySync.js:148:21[90m)[39m
    at [90m/home/matt/workspace/.autogame-worktrees/349-anim-restoration-beacon/game/[39mclient/test/main.test.js:2818:23
    at [90mfile:///home/matt/workspace/.autogame-worktrees/349-anim-restoration-beacon/game/[39mnode_modules/[4m.pnpm[24m/@vitest+runner@3.2.4/node_modules/[4m@vitest[24m/runner/dist/chunk-hooks.js:752:20 {
  [cause]: TypeError: Invalid URL: /models/spawner.glb
      at new URLImpl [90m(/home/matt/workspace/.autogame-worktrees/349-anim-restoration-beacon/game/[39mnode_modules/[4m.pnpm[24m/whatwg-url@14.2.0/node_modules/[4mwhatwg-url[24m/lib/URL-impl.js:20:13[90m)[39m
      at Object.exports.setup [90m(/home/matt/workspace/.autogame-worktrees/349-anim-restoration-beacon/game/[39mnode_modules/[4m.pnpm[24m/whatwg-url@14.2.0/node_modules/[4mwhatwg-url[24m/lib/URL.js:54:12[90m)[39m
      at new URL [90m(/home/matt/workspace/.autogame-worktrees/349-anim-restoration-beacon/game/[39mnode_modules/[4m.pnpm[24m/whatwg-url@14.2.0/node_modules/[4mwhatwg-url[24m/lib/URL.js:115:22[90m)[39m
  [90m    at new Request (node:internal/deps/undici/undici:9586:25)[39m
      at FileLoader.load [90m(file:///home/matt/workspace/.autogame-worktrees/349-anim-restoration-beacon/game/[39mnode_modules/[4m.pnpm[24m/three@0.184.0/node_modules/[4mthree[24m/build/three.core.js:44150:15[90m)[39m
      at GLTFLoader.load [90m(file:///home/matt/workspace/.autogame-worktrees/349-anim-restoration-beacon/game/[39mnode_modules/[4m.pnpm[24m/three@0.184.0/node_modules/[4mthree[24m/examples/jsm/loaders/GLTFLoader.js:319:10[90m)[39m
      at [90m/home/matt/workspace/.autogame-worktrees/349-anim-restoration-beacon/game/[39mclient/models.js:164:11
      at new Promise (<anonymous>)
      at loadModel [90m(/home/matt/workspace/.autogame-worktrees/349-anim-restoration-beacon/game/[39mclient/models.js:155:11[90m)[39m
      at attachRegistryModel [90m(/home/matt/workspace/.autogame-worktrees/349-anim-restoration-beacon/game/[39mclient/renderer.js:817:11[90m)[39m
}

 ✓ |client| client/test/renderer-spike-trap.test.js (5 tests) 1413ms
   ✓ spike trap persistent hazard reconcile > creates a persistent mesh keyed by enc.id and positions it at enc.x/z  438ms
   ✓ SPIKE_TRAP_TRIGGERED handler > spawns the eruption VFX at the reported x/z/radius  452ms
   ✓ SPIKE_TRAP_TRIGGERED handler > is a guarded no-op when x/z are not finite  300ms
stderr | client/test/main.test.js > createEnemyMesh() > creates a warm emissive octahedron for ember_wraith type
[renderer] failed to apply model "/models/grunt.glb" for "grunt": TypeError: Failed to parse URL from /models/grunt.glb
[90m    at new Request (node:internal/deps/undici/undici:9588:19)[39m
    at FileLoader.load [90m(file:///home/matt/workspace/.autogame-worktrees/349-anim-restoration-beacon/game/[39mnode_modules/[4m.pnpm[24m/three@0.184.0/node_modules/[4mthree[24m/build/three.core.js:44150:15[90m)[39m
[90m    ... 4 lines matching cause stack trace ...[39m
    at attachRegistryModel [90m(/home/matt/workspace/.autogame-worktrees/349-anim-restoration-beacon/game/[39mclient/renderer.js:817:11[90m)[39m
    at createEnemyMesh [90m(/home/matt/workspace/.autogame-worktrees/349-anim-restoration-beacon/game/[39mclient/renderer/enemySync.js:148:21[90m)[39m
    at [90m/home/matt/workspace/.autogame-worktrees/349-anim-restoration-beacon/game/[39mclient/test/main.test.js:2796:23
    at [90mfile:///home/matt/workspace/.autogame-worktrees/349-anim-restoration-beacon/game/[39mnode_modules/[4m.pnpm[24m/@vitest+runner@3.2.4/node_modules/[4m@vitest[24m/runner/dist/chunk-hooks.js:752:20 {
  [cause]: TypeError: Invalid URL: /models/grunt.glb
      at new URLImpl [90m(/home/matt/workspace/.autogame-worktrees/349-anim-restoration-beacon/game/[39mnode_modules/[4m.pnpm[24m/whatwg-url@14.2.0/node_modules/[4mwhatwg-url[24m/lib/URL-impl.js:20:13[90m)[39m
      at Object.exports.setup [90m(/home/matt/workspace/.autogame-worktrees/349-anim-restoration-beacon/game/[39mnode_modules/[4m.pnpm[24m/whatwg-url@14.2.0/node_modules/[4mwhatwg-url[24m/lib/URL.js:54:12[90m)[39m
      at new URL [90m(/home/matt/workspace/.autogame-worktrees/349-anim-restoration-beacon/game/[39mnode_modules/[4m.pnpm[24m/whatwg-url@14.2.0/node_modules/[4mwhatwg-url[24m/lib/URL.js:115:22[90m)[39m
  [90m    at new Request (node:internal/deps/undici/undici:9586:25)[39m
      at FileLoader.load [90m(file:///home/matt/workspace/.autogame-worktrees/349-anim-restoration-beacon/game/[39mnode_modules/[4m.pnpm[24m/three@0.184.0/node_modules/[4mthree[24m/build/three.core.js:44150:15[90m)[39m
      at GLTFLoader.load [90m(file:///home/matt/workspace/.autogame-worktrees/349-anim-restoration-beacon/game/[39mnode_modules/[4m.pnpm[24m/three@0.184.0/node_modules/[4mthree[24m/examples/jsm/loaders/GLTFLoader.js:319:10[90m)[39m
      at [90m/home/matt/workspace/.autogame-worktrees/349-anim-restoration-beacon/game/[39mclient/models.js:164:11
      at new Promise (<anonymous>)
      at loadModel [90m(/home/matt/workspace/.autogame-worktrees/349-anim-restoration-beacon/game/[39mclient/models.js:155:11[90m)[39m
      at attachRegistryModel [90m(/home/matt/workspace/.autogame-worktrees/349-anim-restoration-beacon/game/[39mclient/renderer.js:817:11[90m)[39m
}

stderr | client/test/main.test.js > createEnemyMesh() > creates a purple cone for miniboss type
[renderer] failed to apply model "/models/miniboss.glb" for "miniboss": TypeError: Failed to parse URL from /models/miniboss.glb
[90m    at new Request (node:internal/deps/undici/undici:9588:19)[39m
    at FileLoader.load [90m(file:///home/matt/workspace/.autogame-worktrees/349-anim-restoration-beacon/game/[39mnode_modules/[4m.pnpm[24m/three@0.184.0/node_modules/[4mthree[24m/build/three.core.js:44150:15[90m)[39m
[90m    ... 4 lines matching cause stack trace ...[39m
    at attachRegistryModel [90m(/home/matt/workspace/.autogame-worktrees/349-anim-restoration-beacon/game/[39mclient/renderer.js:817:11[90m)[39m
    at createEnemyMesh [90m(/home/matt/workspace/.autogame-worktrees/349-anim-restoration-beacon/game/[39mclient/renderer/enemySync.js:148:21[90m)[39m
    at [90m/home/matt/workspace/.autogame-worktrees/349-anim-restoration-beacon/game/[39mclient/test/main.test.js:2860:23
    at [90mfile:///home/matt/workspace/.autogame-worktrees/349-anim-restoration-beacon/game/[39mnode_modules/[4m.pnpm[24m/@vitest+runner@3.2.4/node_modules/[4m@vitest[24m/runner/dist/chunk-hooks.js:752:20 {
  [cause]: TypeError: Invalid URL: /models/miniboss.glb
      at new URLImpl [90m(/home/matt/workspace/.autogame-worktrees/349-anim-restoration-beacon/game/[39mnode_modules/[4m.pnpm[24m/whatwg-url@14.2.0/node_modules/[4mwhatwg-url[24m/lib/URL-impl.js:20:13[90m)[39m
      at Object.exports.setup [90m(/home/matt/workspace/.autogame-worktrees/349-anim-restoration-beacon/game/[39mnode_modules/[4m.pnpm[24m/whatwg-url@14.2.0/node_modules/[4mwhatwg-url[24m/lib/URL.js:54:12[90m)[39m
      at new URL [90m(/home/matt/workspace/.autogame-worktrees/349-anim-restoration-beacon/game/[39mnode_modules/[4m.pnpm[24m/whatwg-url@14.2.0/node_modules/[4mwhatwg-url[24m/lib/URL.js:115:22[90m)[39m
  [90m    at new Request (node:internal/deps/undici/undici:9586:25)[39m
      at FileLoader.load [90m(file:///home/matt/workspace/.autogame-worktrees/349-anim-restoration-beacon/game/[39mnode_modules/[4m.pnpm[24m/three@0.184.0/node_modules/[4mthree[24m/build/three.core.js:44150:15[90m)[39m
      at GLTFLoader.load [90m(file:///home/matt/workspace/.autogame-worktrees/349-anim-restoration-beacon/game/[39mnode_modules/[4m.pnpm[24m/three@0.184.0/node_modules/[4mthree[24m/examples/jsm/loaders/GLTFLoader.js:319:10[90m)[39m
      at [90m/home/matt/workspace/.autogame-worktrees/349-anim-restoration-beacon/game/[39mclient/models.js:164:11
      at new Promise (<anonymous>)
      at loadModel [90m(/home/matt/workspace/.autogame-worktrees/349-anim-restoration-beacon/game/[39mclient/models.js:155:11[90m)[39m
      at attachRegistryModel [90m(/home/matt/workspace/.autogame-worktrees/349-anim-restoration-beacon/game/[39mclient/renderer.js:817:11[90m)[39m
}

 ✓ |client| client/test/renderer-variant.test.js (6 tests) 1677ms
   ✓ warded variant visuals > variantMarkerColor returns cyan for warded and magenta for other variants  561ms
 ✓ |client| client/test/hub-presence-avatars.test.js (4 tests) 1414ms
   ✓ hub presence avatars (lobby) > builds meshes for local and remote lobby players  432ms
   ✓ hub presence avatars (lobby) > applyHubPresence sequence updates remote mesh position and cosmeticKey  504ms
   ✓ hub presence avatars (lobby) > applyHubPresence removedPlayerIds disposes remote avatar mesh  366ms
 ✓ |client| client/test/boothShop.test.js (5 tests) 1483ms
   ✓ shop booth via booth:action > opens the card shop when booth:action targets the shop booth  604ms
   ✓ shop booth via booth:action > emits buyShopCard when the buy button is clicked after booth open  442ms
   ✓ shop booth via booth:action > emits sellCard when a sell button is clicked after booth open  380ms
stdout | client/test/lobby-menu-dismiss.test.js > lobby menu dismiss guard (main.js) > deck booth open shows #lobby and clears the dismissed flag
[initScene] Initializing Three.js scene...

stdout | client/test/key-item-dodge.test.js > dash VFX > triggerDashVFX applies squash scale when a player mesh exists
[initScene] Initializing Three.js scene...

stdout | client/test/renderer-lock-on-ring.test.js > syncLockOnRing > positions the ring at the supplied render height for the locked flying enemy
[initScene] Initializing Three.js scene...

stdout | client/test/renderer-clock.test.js > renderer animation loop clock > uses THREE.Clock.getDelta without requiring a clock.update method
[initScene] Initializing Three.js scene...

stdout | client/test/debug-godmode.test.js > debug godmode toggle (main.js) > mirrors debugGodmode onto local player when toggle succeeds
[debugGodmode] enabled
[debugGodmode] enabled
[debugGodmode] enabled
[debugGodmode] enabled
[debugGodmode] enabled

stdout | client/test/renderer-lock-on-ring.test.js > syncLockOnRing > hides the ring when lock-on cycles away from that enemy
[initScene] Initializing Three.js scene...

stdout | client/test/lobby-menu-dismiss.test.js > lobby menu dismiss guard (main.js) > shop booth open shows #lobby and clears the dismissed flag
[initScene] Initializing Three.js scene...

 ✓ |client| client/test/settings-effects.test.js (2 tests) 198ms
 ✓ |client| client/test/renderer-clock.test.js (1 test) 257ms
 ✓ |client| client/test/renderer-lock-on-ring.test.js (2 tests) 343ms
 ✓ |client| client/test/levelMapIntegration.test.js (5 tests) 2183ms
   ✓ level-map lobby integration (main.js) > renders nodes from the payload levelUnlockGraph through questUpdate  804ms
   ✓ level-map lobby integration (main.js) > marks the node matching selectedQuestId/Tier as selected  489ms
   ✓ level-map lobby integration (main.js) > clicking an unlocked node emits SELECT_QUEST with that questId/tier  336ms
   ✓ level-map lobby integration (main.js) > clicking a locked node emits nothing  397ms
stderr | client/test/avatar-dispose.test.js > disposeAvatar > fully disposes procedural fallback avatars when model load fails
[models] failed to load model "/models/player.glb": Error: 404
    at t.<anonymous> [90m(/home/matt/workspace/.autogame-worktrees/349-anim-restoration-beacon/game/[39mclient/test/avatar-dispose.test.js:146:12[90m)[39m
    at t.mockCall [90m(file:///home/matt/workspace/.autogame-worktrees/349-anim-restoration-beacon/game/[39mnode_modules/[4m.pnpm[24m/@vitest+spy@3.2.4/node_modules/[4m@vitest[24m/spy/dist/index.js:96:15[90m)[39m
    at t.spy [as load] [90m(file:///home/matt/workspace/.autogame-worktrees/349-anim-restoration-beacon/game/[39mnode_modules/[4m.pnpm[24m/tinyspy@4.0.4/node_modules/[4mtinyspy[24m/dist/index.js:47:80[90m)[39m
    at [90m/home/matt/workspace/.autogame-worktrees/349-anim-restoration-beacon/game/[39mclient/models.js:164:11
    at new Promise (<anonymous>)
    at loadModel [90m(/home/matt/workspace/.autogame-worktrees/349-anim-restoration-beacon/game/[39mclient/models.js:155:11[90m)[39m
    at attachRegistryModel [90m(/home/matt/workspace/.autogame-worktrees/349-anim-restoration-beacon/game/[39mclient/renderer.js:817:11[90m)[39m
    at Module.createPlayerAvatar [90m(/home/matt/workspace/.autogame-worktrees/349-anim-restoration-beacon/game/[39mclient/renderer.js:2701:2[90m)[39m
    at [90m/home/matt/workspace/.autogame-worktrees/349-anim-restoration-beacon/game/[39mclient/test/avatar-dispose.test.js:149:18
    at [90mfile:///home/matt/workspace/.autogame-worktrees/349-anim-restoration-beacon/game/[39mnode_modules/[4m.pnpm[24m/@vitest+runner@3.2.4/node_modules/[4m@vitest[24m/runner/dist/chunk-hooks.js:155:11

 ✓ |client| client/test/debug-time-scale-gate.test.js (5 tests) 2061ms
   ✓ debug time-scale client gate (main.js) > Shift+T does not emit on localhost until the server reports the feature authorized  616ms
   ✓ debug time-scale client gate (main.js) > Shift+T emits setDebugTimeScale once the snapshot reports debugTimeScaleAllowed:true  428ms
   ✓ debug time-scale client gate (main.js) > Shift+T stops emitting again after the snapshot revokes authorization  393ms
   ✓ debug time-scale client gate (main.js) > __setDebugTimeScaleForTest no-ops when not authorized and emits when authorized  399ms
stderr | client/test/models-registry.test.js > loadModel() resilience > resolves null for a missing path without throwing
[models] failed to load model "/models/__missing__.glb": Error: 404
    at t.<anonymous> [90m(/home/matt/workspace/.autogame-worktrees/349-anim-restoration-beacon/game/[39mclient/test/models-registry.test.js:134:12[90m)[39m
    at t.mockCall [90m(file:///home/matt/workspace/.autogame-worktrees/349-anim-restoration-beacon/game/[39mnode_modules/[4m.pnpm[24m/@vitest+spy@3.2.4/node_modules/[4m@vitest[24m/spy/dist/index.js:96:15[90m)[39m
    at t.spy [as load] [90m(file:///home/matt/workspace/.autogame-worktrees/349-anim-restoration-beacon/game/[39mnode_modules/[4m.pnpm[24m/tinyspy@4.0.4/node_modules/[4mtinyspy[24m/dist/index.js:47:80[90m)[39m
    at [90m/home/matt/workspace/.autogame-worktrees/349-anim-restoration-beacon/game/[39mclient/models.js:164:11
    at new Promise (<anonymous>)
    at Module.loadModel [90m(/home/matt/workspace/.autogame-worktrees/349-anim-restoration-beacon/game/[39mclient/models.js:155:11[90m)[39m
    at [90m/home/matt/workspace/.autogame-worktrees/349-anim-restoration-beacon/game/[39mclient/test/models-registry.test.js:137:16
    at [90mfile:///home/matt/workspace/.autogame-worktrees/349-anim-restoration-beacon/game/[39mnode_modules/[4m.pnpm[24m/@vitest+runner@3.2.4/node_modules/[4m@vitest[24m/runner/dist/chunk-hooks.js:155:11
    at [90mfile:///home/matt/workspace/.autogame-worktrees/349-anim-restoration-beacon/game/[39mnode_modules/[4m.pnpm[24m/@vitest+runner@3.2.4/node_modules/[4m@vitest[24m/runner/dist/chunk-hooks.js:752:26
    at [90mfile:///home/matt/workspace/.autogame-worktrees/349-anim-restoration-beacon/game/[39mnode_modules/[4m.pnpm[24m/@vitest+runner@3.2.4/node_modules/[4m@vitest[24m/runner/dist/chunk-hooks.js:1897:20

stderr | client/test/models-registry.test.js > loadModel() resilience > caches failure so the same missing path is not re-fetched
[models] failed to load model "/models/__missing__.glb": Error: 404
    at t.<anonymous> [90m(/home/matt/workspace/.autogame-worktrees/349-anim-restoration-beacon/game/[39mclient/test/models-registry.test.js:142:12[90m)[39m
    at t.mockCall [90m(file:///home/matt/workspace/.autogame-worktrees/349-anim-restoration-beacon/game/[39mnode_modules/[4m.pnpm[24m/@vitest+spy@3.2.4/node_modules/[4m@vitest[24m/spy/dist/index.js:96:15[90m)[39m
    at t.spy [as load] [90m(file:///home/matt/workspace/.autogame-worktrees/349-anim-restoration-beacon/game/[39mnode_modules/[4m.pnpm[24m/tinyspy@4.0.4/node_modules/[4mtinyspy[24m/dist/index.js:47:80[90m)[39m
    at [90m/home/matt/workspace/.autogame-worktrees/349-anim-restoration-beacon/game/[39mclient/models.js:164:11
    at new Promise (<anonymous>)
    at Module.loadModel [90m(/home/matt/workspace/.autogame-worktrees/349-anim-restoration-beacon/game/[39mclient/models.js:155:11[90m)[39m
    at [90m/home/matt/workspace/.autogame-worktrees/349-anim-restoration-beacon/game/[39mclient/test/models-registry.test.js:145:9
    at [90mfile:///home/matt/workspace/.autogame-worktrees/349-anim-restoration-beacon/game/[39mnode_modules/[4m.pnpm[24m/@vitest+runner@3.2.4/node_modules/[4m@vitest[24m/runner/dist/chunk-hooks.js:155:11
    at [90mfile:///home/matt/workspace/.autogame-worktrees/349-anim-restoration-beacon/game/[39mnode_modules/[4m.pnpm[24m/@vitest+runner@3.2.4/node_modules/[4m@vitest[24m/runner/dist/chunk-hooks.js:752:26
    at [90mfile:///home/matt/workspace/.autogame-worktrees/349-anim-restoration-beacon/game/[39mnode_modules/[4m.pnpm[24m/@vitest+runner@3.2.4/node_modules/[4m@vitest[24m/runner/dist/chunk-hooks.js:1897:20

 ✓ |client| client/test/avatar-dispose.test.js (4 tests) 219ms
stderr | client/test/models-registry.test.js > registry attach fallback (renderer) > createPlayerAvatar keeps procedural visible when the model fails to load
[models] failed to load model "/models/player.glb": Error: 404
    at t.<anonymous> [90m(/home/matt/workspace/.autogame-worktrees/349-anim-restoration-beacon/game/[39mclient/test/models-registry.test.js:199:12[90m)[39m
    at t.mockCall [90m(file:///home/matt/workspace/.autogame-worktrees/349-anim-restoration-beacon/game/[39mnode_modules/[4m.pnpm[24m/@vitest+spy@3.2.4/node_modules/[4m@vitest[24m/spy/dist/index.js:96:15[90m)[39m
    at t.spy [as load] [90m(file:///home/matt/workspace/.autogame-worktrees/349-anim-restoration-beacon/game/[39mnode_modules/[4m.pnpm[24m/tinyspy@4.0.4/node_modules/[4mtinyspy[24m/dist/index.js:47:80[90m)[39m
    at [90m/home/matt/workspace/.autogame-worktrees/349-anim-restoration-beacon/game/[39mclient/models.js:164:11
    at new Promise (<anonymous>)
    at loadModel [90m(/home/matt/workspace/.autogame-worktrees/349-anim-restoration-beacon/game/[39mclient/models.js:155:11[90m)[39m
    at attachRegistryModel [90m(/home/matt/workspace/.autogame-worktrees/349-anim-restoration-beacon/game/[39mclient/renderer.js:817:11[90m)[39m
    at Module.createPlayerAvatar [90m(/home/matt/workspace/.autogame-worktrees/349-anim-restoration-beacon/game/[39mclient/renderer.js:2701:2[90m)[39m
    at [90m/home/matt/workspace/.autogame-worktrees/349-anim-restoration-beacon/game/[39mclient/test/models-registry.test.js:202:18
    at [90mfile:///home/matt/workspace/.autogame-worktrees/349-anim-restoration-beacon/game/[39mnode_modules/[4m.pnpm[24m/@vitest+runner@3.2.4/node_modules/[4m@vitest[24m/runner/dist/chunk-hooks.js:155:11

 ✓ |client| client/test/key-item-dodge.test.js (6 tests) 2061ms
   ✓ key item cooldown HUD > shows ready state with name and default keybind when equipped and playing with zero cooldown  486ms
   ✓ key item cooldown HUD > clears indicator when unequipped or not in playing phase  455ms
   ✓ key item cooldown HUD > updateKeyItemCooldownHud toggles cooldown class and countdown text  327ms
   ✓ key item cooldown HUD > flashKeyItemIndicator adds flash classes without removing HUD children  363ms
   ✓ dash VFX detection in stateUpdate > calls triggerDashVFX when player position jumps beyond dash threshold  311ms
stderr | client/test/models-registry.test.js > registry attach fallback (renderer) > createEnemyMesh keeps procedural visible when loadModel resolves null
[models] failed to load model "/models/grunt.glb": Error: 404
    at t.<anonymous> [90m(/home/matt/workspace/.autogame-worktrees/349-anim-restoration-beacon/game/[39mclient/test/models-registry.test.js:216:12[90m)[39m
    at t.mockCall [90m(file:///home/matt/workspace/.autogame-worktrees/349-anim-restoration-beacon/game/[39mnode_modules/[4m.pnpm[24m/@vitest+spy@3.2.4/node_modules/[4m@vitest[24m/spy/dist/index.js:96:15[90m)[39m
    at t.spy [as load] [90m(file:///home/matt/workspace/.autogame-worktrees/349-anim-restoration-beacon/game/[39mnode_modules/[4m.pnpm[24m/tinyspy@4.0.4/node_modules/[4mtinyspy[24m/dist/index.js:47:80[90m)[39m
    at [90m/home/matt/workspace/.autogame-worktrees/349-anim-restoration-beacon/game/[39mclient/models.js:164:11
    at new Promise (<anonymous>)
    at loadModel [90m(/home/matt/workspace/.autogame-worktrees/349-anim-restoration-beacon/game/[39mclient/models.js:155:11[90m)[39m
    at attachRegistryModel [90m(/home/matt/workspace/.autogame-worktrees/349-anim-restoration-beacon/game/[39mclient/renderer.js:817:11[90m)[39m
    at Module.createEnemyMesh [90m(/home/matt/workspace/.autogame-worktrees/349-anim-restoration-beacon/game/[39mclient/renderer/enemySync.js:148:21[90m)[39m
    at [90m/home/matt/workspace/.autogame-worktrees/349-anim-restoration-beacon/game/[39mclient/test/models-registry.test.js:219:16
    at [90mfile:///home/matt/workspace/.autogame-worktrees/349-anim-restoration-beacon/game/[39mnode_modules/[4m.pnpm[24m/@vitest+runner@3.2.4/node_modules/[4m@vitest[24m/runner/dist/chunk-hooks.js:155:11

stdout | client/test/debug-godmode.test.js > debug godmode toggle (main.js) > keeps debugGodmode false across stateUpdate after godmode-off debugGodmodeResult
[debugGodmode] enabled
[debugGodmode] enabled
[debugGodmode] enabled
[debugGodmode] enabled
[debugGodmode] enabled
[debugGodmode] enabled
[debugGodmode] disabled
[debugGodmode] disabled
[debugGodmode] disabled
[debugGodmode] disabled
[debugGodmode] disabled
[debugGodmode] disabled

stderr | client/test/keyItemProp.test.js > createPlayerAvatar key-item prop > seats the equipped prop on the avatar and tracks the shown id
[renderer] failed to apply model "/models/player.glb" for "player": TypeError: Failed to parse URL from /models/player.glb
[90m    at new Request (node:internal/deps/undici/undici:9588:19)[39m
    at FileLoader.load [90m(file:///home/matt/workspace/.autogame-worktrees/349-anim-restoration-beacon/game/[39mnode_modules/[4m.pnpm[24m/three@0.184.0/node_modules/[4mthree[24m/build/three.core.js:44150:15[90m)[39m
[90m    ... 4 lines matching cause stack trace ...[39m
    at attachRegistryModel [90m(/home/matt/workspace/.autogame-worktrees/349-anim-restoration-beacon/game/[39mclient/renderer.js:817:11[90m)[39m
    at createPlayerAvatar [90m(/home/matt/workspace/.autogame-worktrees/349-anim-restoration-beacon/game/[39mclient/renderer.js:2701:2[90m)[39m
    at [90m/home/matt/workspace/.autogame-worktrees/349-anim-restoration-beacon/game/[39mclient/test/keyItemProp.test.js:50:36
    at [90mfile:///home/matt/workspace/.autogame-worktrees/349-anim-restoration-beacon/game/[39mnode_modules/[4m.pnpm[24m/@vitest+runner@3.2.4/node_modules/[4m@vitest[24m/runner/dist/chunk-hooks.js:155:11 {
  [cause]: TypeError: Invalid URL: /models/player.glb
      at new URLImpl [90m(/home/matt/workspace/.autogame-worktrees/349-anim-restoration-beacon/game/[39mnode_modules/[4m.pnpm[24m/whatwg-url@14.2.0/node_modules/[4mwhatwg-url[24m/lib/URL-impl.js:20:13[90m)[39m
      at Object.exports.setup [90m(/home/matt/workspace/.autogame-worktrees/349-anim-restoration-beacon/game/[39mnode_modules/[4m.pnpm[24m/whatwg-url@14.2.0/node_modules/[4mwhatwg-url[24m/lib/URL.js:54:12[90m)[39m
      at new URL [90m(/home/matt/workspace/.autogame-worktrees/349-anim-restoration-beacon/game/[39mnode_modules/[4m.pnpm[24m/whatwg-url@14.2.0/node_modules/[4mwhatwg-url[24m/lib/URL.js:115:22[90m)[39m
  [90m    at new Request (node:internal/deps/undici/undici:9586:25)[39m
      at FileLoader.load [90m(file:///home/matt/workspace/.autogame-worktrees/349-anim-restoration-beacon/game/[39mnode_modules/[4m.pnpm[24m/three@0.184.0/node_modules/[4mthree[24m/build/three.core.js:44150:15[90m)[39m
      at GLTFLoader.load [90m(file:///home/matt/workspace/.autogame-worktrees/349-anim-restoration-beacon/game/[39mnode_modules/[4m.pnpm[24m/three@0.184.0/node_modules/[4mthree[24m/examples/jsm/loaders/GLTFLoader.js:319:10[90m)[39m
      at [90m/home/matt/workspace/.autogame-worktrees/349-anim-restoration-beacon/game/[39mclient/models.js:164:11
      at new Promise (<anonymous>)
      at loadModel [90m(/home/matt/workspace/.autogame-worktrees/349-anim-restoration-beacon/game/[39mclient/models.js:155:11[90m)[39m
      at attachRegistryModel [90m(/home/matt/workspace/.autogame-worktrees/349-anim-restoration-beacon/game/[39mclient/renderer.js:817:11[90m)[39m
}

stderr | client/test/keyItemProp.test.js > createPlayerAvatar key-item prop > adds no prop for an unequipped/none key item
[renderer] failed to apply model "/models/player.glb" for "player": TypeError: Failed to parse URL from /models/player.glb
[90m    at new Request (node:internal/deps/undici/undici:9588:19)[39m
    at FileLoader.load [90m(file:///home/matt/workspace/.autogame-worktrees/349-anim-restoration-beacon/game/[39mnode_modules/[4m.pnpm[24m/three@0.184.0/node_modules/[4mthree[24m/build/three.core.js:44150:15[90m)[39m
[90m    ... 4 lines matching cause stack trace ...[39m
    at attachRegistryModel [90m(/home/matt/workspace/.autogame-worktrees/349-anim-restoration-beacon/game/[39mclient/renderer.js:817:11[90m)[39m
    at createPlayerAvatar [90m(/home/matt/workspace/.autogame-worktrees/349-anim-restoration-beacon/game/[39mclient/renderer.js:2701:2[90m)[39m
    at [90m/home/matt/workspace/.autogame-worktrees/349-anim-restoration-beacon/game/[39mclient/test/keyItemProp.test.js:50:36
    at [90mfile:///home/matt/workspace/.autogame-worktrees/349-anim-restoration-beacon/game/[39mnode_modules/[4m.pnpm[24m/@vitest+runner@3.2.4/node_modules/[4m@vitest[24m/runner/dist/chunk-hooks.js:155:11 {
  [cause]: TypeError: Invalid URL: /models/player.glb
      at new URLImpl [90m(/home/matt/workspace/.autogame-worktrees/349-anim-restoration-beacon/game/[39mnode_modules/[4m.pnpm[24m/whatwg-url@14.2.0/node_modules/[4mwhatwg-url[24m/lib/URL-impl.js:20:13[90m)[39m
      at Object.exports.setup [90m(/home/matt/workspace/.autogame-worktrees/349-anim-restoration-beacon/game/[39mnode_modules/[4m.pnpm[24m/whatwg-url@14.2.0/node_modules/[4mwhatwg-url[24m/lib/URL.js:54:12[90m)[39m
      at new URL [90m(/home/matt/workspace/.autogame-worktrees/349-anim-restoration-beacon/game/[39mnode_modules/[4m.pnpm[24m/whatwg-url@14.2.0/node_modules/[4mwhatwg-url[24m/lib/URL.js:115:22[90m)[39m
  [90m    at new Request (node:internal/deps/undici/undici:9586:25)[39m
      at FileLoader.load [90m(file:///home/matt/workspace/.autogame-worktrees/349-anim-restoration-beacon/game/[39mnode_modules/[4m.pnpm[24m/three@0.184.0/node_modules/[4mthree[24m/build/three.core.js:44150:15[90m)[39m
      at GLTFLoader.load [90m(file:///home/matt/workspace/.autogame-worktrees/349-anim-restoration-beacon/game/[39mnode_modules/[4m.pnpm[24m/three@0.184.0/node_modules/[4mthree[24m/examples/jsm/loaders/GLTFLoader.js:319:10[90m)[39m
      at [90m/home/matt/workspace/.autogame-worktrees/349-anim-restoration-beacon/game/[39mclient/models.js:164:11
      at new Promise (<anonymous>)
      at loadModel [90m(/home/matt/workspace/.autogame-worktrees/349-anim-restoration-beacon/game/[39mclient/models.js:155:11[90m)[39m
      at attachRegistryModel [90m(/home/matt/workspace/.autogame-worktrees/349-anim-restoration-beacon/game/[39mclient/renderer.js:817:11[90m)[39m
}

 ✓ |client| client/test/avatar-cosmetic.test.js (11 tests) 322ms
stderr | client/test/mesh-dispose.test.js > disposeOne > does not dispose shared glTF geometry/material still used by another live enemy
[renderer] failed to apply model "/models/grunt.glb" for "grunt": TypeError: bodyMesh.material.clone is not a function
    at retargetEnemyBodyMesh [90m(/home/matt/workspace/.autogame-worktrees/349-anim-restoration-beacon/game/[39mclient/renderer.js:938:24[90m)[39m
    at [90m/home/matt/workspace/.autogame-worktrees/349-anim-restoration-beacon/game/[39mclient/renderer.js:841:5
[90m    at processTicksAndRejections (node:internal/process/task_queues:105:5)[39m
[renderer] failed to apply model "/models/grunt.glb" for "grunt": TypeError: bodyMesh.material.clone is not a function
    at retargetEnemyBodyMesh [90m(/home/matt/workspace/.autogame-worktrees/349-anim-restoration-beacon/game/[39mclient/renderer.js:938:24[90m)[39m
    at [90m/home/matt/workspace/.autogame-worktrees/349-anim-restoration-beacon/game/[39mclient/renderer.js:841:5
[90m    at processTicksAndRejections (node:internal/process/task_queues:105:5)[39m

stdout | client/test/renderer-registry-normalize.test.js > field medic VFX > triggerMedicAllyHealVFX spawns telegraph ring and particle burst primitives
[initScene] Initializing Three.js scene...

stderr | client/test/mesh-dispose.test.js > disposeOne > disposes owned procedural geometry/material when model load fails
[models] failed to load model "/models/grunt.glb": Error: 404
    at t.<anonymous> [90m(/home/matt/workspace/.autogame-worktrees/349-anim-restoration-beacon/game/[39mclient/test/mesh-dispose.test.js:107:12[90m)[39m
    at t.mockCall [90m(file:///home/matt/workspace/.autogame-worktrees/349-anim-restoration-beacon/game/[39mnode_modules/[4m.pnpm[24m/@vitest+spy@3.2.4/node_modules/[4m@vitest[24m/spy/dist/index.js:96:15[90m)[39m
    at t.spy [as load] [90m(file:///home/matt/workspace/.autogame-worktrees/349-anim-restoration-beacon/game/[39mnode_modules/[4m.pnpm[24m/tinyspy@4.0.4/node_modules/[4mtinyspy[24m/dist/index.js:47:80[90m)[39m
    at [90m/home/matt/workspace/.autogame-worktrees/349-anim-restoration-beacon/game/[39mclient/models.js:164:11
    at new Promise (<anonymous>)
    at loadModel [90m(/home/matt/workspace/.autogame-worktrees/349-anim-restoration-beacon/game/[39mclient/models.js:155:11[90m)[39m
    at attachRegistryModel [90m(/home/matt/workspace/.autogame-worktrees/349-anim-restoration-beacon/game/[39mclient/renderer.js:817:11[90m)[39m
    at Module.createEnemyMesh [90m(/home/matt/workspace/.autogame-worktrees/349-anim-restoration-beacon/game/[39mclient/renderer/enemySync.js:148:21[90m)[39m
    at [90m/home/matt/workspace/.autogame-worktrees/349-anim-restoration-beacon/game/[39mclient/test/mesh-dispose.test.js:110:16
    at [90mfile:///home/matt/workspace/.autogame-worktrees/349-anim-restoration-beacon/game/[39mnode_modules/[4m.pnpm[24m/@vitest+runner@3.2.4/node_modules/[4m@vitest[24m/runner/dist/chunk-hooks.js:155:11

stdout | client/test/renderer-registry-normalize.test.js > field medic VFX > triggerMedicEnergyBeadVFX spawns corridor, trail, decal, and burst along the bead vector
[initScene] Initializing Three.js scene...

 ✓ |client| client/test/keyItemProp.test.js (7 tests) 77ms
 ✓ |client| client/test/cardRenderers.test.js (199 tests) 137ms
 ✓ |client| client/test/mesh-dispose.test.js (2 tests) 71ms
 ✓ |client| client/test/models-registry.test.js (11 tests) 177ms
stderr | client/test/renderer-registry-normalize.test.js > getEnemyRenderScaleForTest() > reads world-space height from a live enemy mesh
[renderer] failed to apply model "/models/miniboss.glb" for "miniboss": TypeError: Failed to parse URL from /models/miniboss.glb
[90m    at new Request (node:internal/deps/undici/undici:9588:19)[39m
    at FileLoader.load [90m(file:///home/matt/workspace/.autogame-worktrees/349-anim-restoration-beacon/game/[39mnode_modules/[4m.pnpm[24m/three@0.184.0/node_modules/[4mthree[24m/build/three.core.js:44150:15[90m)[39m
[90m    ... 4 lines matching cause stack trace ...[39m
    at attachRegistryModel [90m(/home/matt/workspace/.autogame-worktrees/349-anim-restoration-beacon/game/[39mclient/renderer.js:817:11[90m)[39m
    at createEnemyMesh [90m(/home/matt/workspace/.autogame-worktrees/349-anim-restoration-beacon/game/[39mclient/renderer/enemySync.js:148:21[90m)[39m
    at [90m/home/matt/workspace/.autogame-worktrees/349-anim-restoration-beacon/game/[39mclient/test/renderer-registry-normalize.test.js:242:31
    at [90mfile:///home/matt/workspace/.autogame-worktrees/349-anim-restoration-beacon/game/[39mnode_modules/[4m.pnpm[24m/@vitest+runner@3.2.4/node_modules/[4m@vitest[24m/runner/dist/chunk-hooks.js:155:11 {
  [cause]: TypeError: Invalid URL: /models/miniboss.glb
      at new URLImpl [90m(/home/matt/workspace/.autogame-worktrees/349-anim-restoration-beacon/game/[39mnode_modules/[4m.pnpm[24m/whatwg-url@14.2.0/node_modules/[4mwhatwg-url[24m/lib/URL-impl.js:20:13[90m)[39m
      at Object.exports.setup [90m(/home/matt/workspace/.autogame-worktrees/349-anim-restoration-beacon/game/[39mnode_modules/[4m.pnpm[24m/whatwg-url@14.2.0/node_modules/[4mwhatwg-url[24m/lib/URL.js:54:12[90m)[39m
      at new URL [90m(/home/matt/workspace/.autogame-worktrees/349-anim-restoration-beacon/game/[39mnode_modules/[4m.pnpm[24m/whatwg-url@14.2.0/node_modules/[4mwhatwg-url[24m/lib/URL.js:115:22[90m)[39m
  [90m    at new Request (node:internal/deps/undici/undici:9586:25)[39m
      at FileLoader.load [90m(file:///home/matt/workspace/.autogame-worktrees/349-anim-restoration-beacon/game/[39mnode_modules/[4m.pnpm[24m/three@0.184.0/node_modules/[4mthree[24m/build/three.core.js:44150:15[90m)[39m
      at GLTFLoader.load [90m(file:///home/matt/workspace/.autogame-worktrees/349-anim-restoration-beacon/game/[39mnode_modules/[4m.pnpm[24m/three@0.184.0/node_modules/[4mthree[24m/examples/jsm/loaders/GLTFLoader.js:319:10[90m)[39m
      at [90m/home/matt/workspace/.autogame-worktrees/349-anim-restoration-beacon/game/[39mclient/models.js:164:11
      at new Promise (<anonymous>)
      at loadModel [90m(/home/matt/workspace/.autogame-worktrees/349-anim-restoration-beacon/game/[39mclient/models.js:155:11[90m)[39m
      at attachRegistryModel [90m(/home/matt/workspace/.autogame-worktrees/349-anim-restoration-beacon/game/[39mclient/renderer.js:817:11[90m)[39m
}

 ✓ |client| client/test/windup-charge.test.js (10 tests) 10ms
 ✓ |client| client/test/deck-viewer.test.js (21 tests) 562ms
   ✓ renderDeckViewer() / renderDeckStack() > renders draw pile cards with type icons and toggles via V key  514ms
 ✓ |client| client/test/lobby-menu-dismiss.test.js (6 tests) 2301ms
   ✓ lobby menu dismiss guard (main.js) > hub lobby join starts with #lobby hidden and lobbyMenuDismissed true  623ms
   ✓ lobby menu dismiss guard (main.js) > dismissGameLobby then lobby-phase stateUpdate keeps #lobby hidden  404ms
   ✓ lobby menu dismiss guard (main.js) > hubPresenceUpdate and applyHubPresence while dismissed do not show #lobby  354ms
   ✓ lobby menu dismiss guard (main.js) > deck booth open shows #lobby and clears the dismissed flag  366ms
   ✓ lobby menu dismiss guard (main.js) > __openDeckBoothForTest and __openShopBoothForTest show #lobby when wired through main  373ms
 ✓ |client| client/test/vfx-primitives.test.js (24 tests) 44ms
 ✓ |client| client/test/renderer-registry-normalize.test.js (20 tests) 103ms
 ✓ |client| client/test/local-slow-prediction.test.js (5 tests) 7ms
 ✓ |client| client/test/renderer-citadel-sovereign.test.js (3 tests) 7ms
 ✓ |client| client/test/renderer-riftbound-colossus.test.js (3 tests) 10ms
 ✓ |client| client/test/debug-godmode.test.js (7 tests) 2671ms
   ✓ debug godmode toggle (main.js) > Shift+G emits toggleDebugGodmode when debugScenarioAllowed is true  659ms
   ✓ debug godmode toggle (main.js) > Shift+G does not emit toggleDebugGodmode when debugScenarioAllowed is false  409ms
   ✓ debug godmode toggle (main.js) > Shift+G is swallowed when focus is in a text input  312ms
   ✓ debug godmode toggle (main.js) > __toggleDebugGodmodeForTest emits toggleDebugGodmode when the socket is ready  360ms
   ✓ debug godmode toggle (main.js) > keeps debugGodmode false across stateUpdate after godmode-off debugGodmodeResult  314ms
   ✓ debug godmode toggle (main.js) > stores debugGodmodeResult in harness state and logs success/failure  342ms
 ✓ |client| client/test/flying-enemy-registry.test.js (3 tests) 5ms
 ✓ |client| client/test/renderer-magma-colossus.test.js (3 tests) 3ms
 ✓ |client| client/test/renderer-cinder-warden.test.js (3 tests) 5ms
 ✓ |client| client/test/questDialogue.test.js (8 tests) 2803ms
   ✓ quest dialogue comms UI (main.js) > shows a comms toast and appends to the log via the test hook  596ms
   ✓ quest dialogue comms UI (main.js) > auto-dismisses the comms toast after ~4s  429ms
   ✓ quest dialogue comms UI (main.js) > ignores malformed questDialogue payloads  356ms
   ✓ quest dialogue comms UI (main.js) > keeps only the last 20 log entries  454ms
   ✓ quest dialogue comms UI (main.js) > handles questDialogue socket events when playing  336ms
   ✓ quest dialogue comms UI (main.js) > does not render comms outside the playing phase  309ms
stdout | client/test/characterBooth.test.js > character booth ?booth=character debug hook (main.js) > auto-opens once after hub lobby entry on localhost with ?booth=character
[initScene] Initializing Three.js scene...

stdout | client/test/characterBooth.test.js > character booth ?booth=character debug hook (main.js) > stays closed without the booth URL param
[initScene] Initializing Three.js scene...

 ✓ |client| client/test/questBooth.test.js (18 tests) 2922ms
   ✓ quest booth booth:action hook (main.js) > shows #lobby and reveals the quest panel when the menu starts dismissed  521ms
   ✓ quest booth booth:action hook (main.js) > reveals and scrolls the quest panel into view for boothId quest in lobby and ignores other booths  451ms
   ✓ quest booth booth:action hook (main.js) > keeps the quest panel hidden when boothId quest fires outside the lobby phase  328ms
   ✓ quest booth booth:action hook (main.js) > keeps the quest panel visible when the lobby is (re)shown after booth open  358ms
   ✓ quest booth booth:action hook (main.js) > listens on the shared booth:action event name  358ms
 ✓ |client| client/test/characterBooth.test.js (13 tests) 2847ms
   ✓ character booth overlay (module) > does not show confirm for hat-only changes  318ms
   ✓ character booth booth:action hook (main.js) > opens the overlay for boothId character in lobby and ignores other booths  397ms
   ✓ character booth booth:action hook (main.js) > does not open the overlay when gamePhase is not lobby  310ms
stdout | client/test/main.test.js > suspended run resume/abandon UI > resume button triggers the launch-booth ready-up path
[launchBooth] ready-up via booth

 ✓ |client| client/test/main.test.js (187 tests) 3929ms
   ✓ renderDeckEditor() > populates owned card counts and deck size from mock data  410ms
   ✓ auth overlay functions > exposes auth overlay functions on window  319ms
   ✓ auth overlay functions > hideAuthOverlay adds .hidden to #auth-overlay and shows the lobby browser  348ms
   ✓ auth overlay functions > toolbar account button opens the account overlay  308ms

 Test Files  50 passed (50)
      Tests  681 passed (681)
   Start at  20:59:32
   Duration  6.91s (transform 2.43s, setup 2.27s, collect 8.28s, tests 47.47s, environment 31.47s, prepare 9.20s)

 % Coverage report from v8
--------------|---------|----------|---------|---------|------------------------
File          | % Stmts | % Branch | % Funcs | % Lines | Uncovered Line #s      
--------------|---------|----------|---------|---------|------------------------
All files     |   38.33 |    28.43 |   62.16 |   41.63 |                        
 cards.js     |   65.78 |    52.63 |      80 |   70.96 | ...-94,102,116,234-250 
 collision.js |   27.86 |    15.53 |   77.77 |   28.43 | ...175-229,238-243,251 
 delta.js     |   66.66 |       50 |     100 |     100 | 12                     
 hand.js      |   29.29 |    26.19 |   41.17 |   34.17 | 45-73,90-157,175-181   
--------------|---------|----------|---------|---------|------------------------
