{
  "url": "http://localhost:5173/",
  "ok": true,
  "ticketFile": "/home/matt/workspace/.autogame-worktrees/271-telepipe-hub-suspend-resume-integration/tickets/271-telepipe-hub-suspend-resume-integration/ticket.md",
  "capturePlanSource": "fallback",
  "capturePlanValid": true,
  "capturePlanAttempts": [],
  "capturePlanSummary": "Deterministic solo Telepipe suspend/resume capture: auth, solo lobby + deploy, telepipe-ready scenario, then in-dungeon / suspended-lobby / resumed-dungeon screenshots with before/after probes around the suspendRunToLobby → restoreRunCheckpoint transition.",
  "scenarios": [
    "telepipe-ready"
  ],
  "screenshots": [
    {
      "file": "01-in-dungeon.png",
      "player": "A",
      "description": "Solo player in the dungeon with a telepipe in hand slot 0, before suspending."
    },
    {
      "file": "02-suspended-lobby.png",
      "player": "A",
      "description": "Lobby after the solo telepipe extraction suspended the run."
    },
    {
      "file": "03-resumed-dungeon.png",
      "player": "A",
      "description": "Resumed dungeon after re-deploying from the suspended lobby."
    }
  ],
  "probes": [
    {
      "player": "A",
      "description": "PRE-SUSPEND state: record player x/z, enemyHp count, and layout (profile + seed) before placing the telepipe. Stashes the live enemy set (id -> hp/type/spawnedBy) as the checkpoint baseline, since the suspended lobby clears live enemies.",
      "data": {
        "harnessState": {
          "debugScenario": null,
          "debugScenarioAllowed": true,
          "debugScenarioResult": {
            "ok": true,
            "scenario": "telepipe-ready"
          },
          "objective": {
            "type": "defeat_enemies",
            "totalEnemies": 5,
            "defeatedEnemies": 0,
            "label": "Initiate Vault: Purge hostiles from the derelict annex sector."
          },
          "runObjectiveComplete": false,
          "lastRunSummary": null,
          "myId": "f1409a40-87d5-4bc0-9f06-a31630bc20e9",
          "selectedDeck": [
            "46ab96e3-20b9-4a01-a334-0b6ef062b837",
            "06da36b9-ce31-4b46-b80d-fa5c5dbc81d5",
            "ef5509dd-b052-41de-94ad-787214b9e726",
            "0142d3c2-1723-4125-89fb-c2f75e8bd04e",
            "e86d9139-4526-4a28-9dc2-2030a0c330da",
            "3ae114af-8d27-4ee2-be4b-1f891efae219",
            "bc290502-58c7-482e-aec4-fa5881345024",
            "116e548f-ed68-4113-9895-b9d4977375cd",
            "dc162f29-07b5-4042-ba31-48b6dd5da993",
            "6ad7e896-bff9-4973-8f10-ad70fff71ded",
            "df149241-83aa-4d26-a1c5-8821daa35431",
            "ce0879b3-5dd6-46d3-a954-ab90fd2113f3"
          ],
          "phase": "playing",
          "runStatus": "playing",
          "extracted": false,
          "suspendedRunSummary": null,
          "telepipe": null,
          "layout": {
            "profile": "crowded",
            "seed": 352369970,
            "roomCount": 10,
            "startRoom": {
              "x": -9,
              "z": 27,
              "role": "start"
            }
          },
          "connectionState": "connected",
          "sceneInitialized": true,
          "hasCanvas": true,
          "lobbyVisible": false,
          "cardHandVisible": true,
          "status": "Latency: 1ms",
          "hpText": "100/100",
          "msText": "49/99",
          "currencyText": "Money 0",
          "player": {
            "hp": 100,
            "magicStones": 49.21500000000011,
            "debugScenario": "telepipe-ready",
            "dead": false,
            "x": -9,
            "z": 27,
            "equippedKeyItemId": "dodge_roll",
            "keyItemCooldownRemaining": 0
          },
          "keyItemIndicatorOnCooldown": false,
          "keyItemIndicatorText": "",
          "players": 1,
          "enemies": 5,
          "enemyHp": [
            {
              "id": "70532b7b-c333-4bbd-a378-27e59e04971d",
              "hp": 40,
              "maxHp": 40,
              "type": "skirmisher",
              "spawnedBy": null
            },
            {
              "id": "1dec0286-c3fc-4e10-8f6a-05e1a93e22a0",
              "hp": 40,
              "maxHp": 40,
              "type": "skirmisher",
              "spawnedBy": null
            },
            {
              "id": "6dd5bfe1-d428-43d8-8e1f-eb5310c92bc0",
              "hp": 40,
              "maxHp": 40,
              "type": "skirmisher",
              "spawnedBy": null
            },
            {
              "id": "858a5a23-ce5f-4fb7-b143-d5d58e41c4e4",
              "hp": 100,
              "maxHp": 100,
              "type": "grunt",
              "spawnedBy": null
            },
            {
              "id": "95852479-9ed5-49ad-9fe5-9a3bd86ea045",
              "hp": 100,
              "maxHp": 100,
              "type": "grunt",
              "spawnedBy": null
            }
          ],
          "minions": [],
          "hand": [
            {
              "id": "telepipe",
              "name": "Telepipe",
              "type": "spell",
              "remainingCharges": 1,
              "charges": 1,
              "activeMinionId": null,
              "burnMaxTtl": null,
              "burnLabel": "1/1",
              "creatureBurning": false,
              "isEvolved": false
            },
            {
              "id": "battle_familiar",
              "name": "Signal Familiar",
              "type": "spell",
              "remainingCharges": 1,
              "charges": 1,
              "activeMinionId": null,
              "burnMaxTtl": null,
              "burnLabel": "1/1",
              "creatureBurning": false,
              "isEvolved": false
            },
            null,
            {
              "id": "dungeon_drake",
              "name": "Vault Wyrm",
              "type": "creature",
              "remainingCharges": 1,
              "charges": 1,
              "activeMinionId": null,
              "burnMaxTtl": null,
              "burnLabel": "1/1",
              "creatureBurning": false,
              "isEvolved": false
            },
            {
              "id": "dungeon_drake",
              "name": "Vault Wyrm",
              "type": "creature",
              "remainingCharges": 1,
              "charges": 1,
              "activeMinionId": null,
              "burnMaxTtl": null,
              "burnLabel": "1/1",
              "creatureBurning": false,
              "isEvolved": false
            },
            null
          ],
          "inventory": [
            {
              "instanceId": "46ab96e3-20b9-4a01-a334-0b6ef062b837",
              "cardId": "iron_sword",
              "grind": 0
            },
            {
              "instanceId": "06da36b9-ce31-4b46-b80d-fa5c5dbc81d5",
              "cardId": "flame_blade",
              "grind": 0
            },
            {
              "instanceId": "ef5509dd-b052-41de-94ad-787214b9e726",
              "cardId": "battle_familiar",
              "grind": 0
            },
            {
              "instanceId": "0142d3c2-1723-4125-89fb-c2f75e8bd04e",
              "cardId": "dungeon_drake",
              "grind": 0
            },
            {
              "instanceId": "e86d9139-4526-4a28-9dc2-2030a0c330da",
              "cardId": "iron_sword",
              "grind": 0
            },
            {
              "instanceId": "3ae114af-8d27-4ee2-be4b-1f891efae219",
              "cardId": "iron_sword",
              "grind": 0
            },
            {
              "instanceId": "bc290502-58c7-482e-aec4-fa5881345024",
              "cardId": "iron_sword",
              "grind": 0
            },
            {
              "instanceId": "116e548f-ed68-4113-9895-b9d4977375cd",
              "cardId": "battle_familiar",
              "grind": 0
            },
            {
              "instanceId": "dc162f29-07b5-4042-ba31-48b6dd5da993",
              "cardId": "battle_familiar",
              "grind": 0
            },
            {
              "instanceId": "6ad7e896-bff9-4973-8f10-ad70fff71ded",
              "cardId": "flame_blade",
              "grind": 0
            },
            {
              "instanceId": "df149241-83aa-4d26-a1c5-8821daa35431",
              "cardId": "flame_blade",
              "grind": 0
            },
            {
              "instanceId": "ce0879b3-5dd6-46d3-a954-ab90fd2113f3",
              "cardId": "dungeon_drake",
              "grind": 0
            }
          ],
          "lastEvolutionResult": null
        },
        "keyItemIndicatorOnCooldown": false,
        "keyItemIndicatorText": "",
        "keyItemCooldownRemaining": 0,
        "status": "Latency: 1ms",
        "hasCanvas": true,
        "canvasCount": 2,
        "lobbyVisible": false,
        "cardHandVisible": true,
        "title": "Void Grimoire",
        "bodyText": "👤\nLv\n🔊\n⚙\nF1\nLV\n1\nHP\n100/100\nMS\n49/99\nDeck: 8/12\n⟡ 6\n✦ 2\n🐉 0\n✨ 0\nMoney 0\nLatency: 1ms\nInitiate Vault\nPurged 0 / 5 hostiles\nClick to attack · press 1–6 to cast cards\n1\n⬡\nTelepipe\n1/1\n2\n✦\nSignal Familiar\n50 MS\n1/1\n4\n🐉\nVault Wyrm\n1/1\n5\n🐉\nVault Wyrm\n1/1"
      }
    },
    {
      "player": "A",
      "description": "SUSPENDED state: record runStatus/suspendedRunSummary (questId, questName, objective totalEnemies/defeatedEnemies) after suspendRunToLobby. Stashes objective (type/totalEnemies/defeatedEnemies) for the post-resume preservation assertion.",
      "data": {
        "harnessState": {
          "debugScenario": null,
          "debugScenarioAllowed": true,
          "debugScenarioResult": {
            "ok": true,
            "scenario": "telepipe-ready"
          },
          "objective": {
            "type": "defeat_enemies",
            "totalEnemies": 5,
            "defeatedEnemies": 0,
            "label": "Initiate Vault: Purge hostiles from the derelict annex sector."
          },
          "runObjectiveComplete": false,
          "lastRunSummary": null,
          "myId": "f1409a40-87d5-4bc0-9f06-a31630bc20e9",
          "selectedDeck": [
            "46ab96e3-20b9-4a01-a334-0b6ef062b837",
            "06da36b9-ce31-4b46-b80d-fa5c5dbc81d5",
            "ef5509dd-b052-41de-94ad-787214b9e726",
            "0142d3c2-1723-4125-89fb-c2f75e8bd04e",
            "e86d9139-4526-4a28-9dc2-2030a0c330da",
            "3ae114af-8d27-4ee2-be4b-1f891efae219",
            "bc290502-58c7-482e-aec4-fa5881345024",
            "116e548f-ed68-4113-9895-b9d4977375cd",
            "dc162f29-07b5-4042-ba31-48b6dd5da993",
            "6ad7e896-bff9-4973-8f10-ad70fff71ded",
            "df149241-83aa-4d26-a1c5-8821daa35431",
            "ce0879b3-5dd6-46d3-a954-ab90fd2113f3"
          ],
          "phase": "lobby",
          "runStatus": "suspended",
          "extracted": false,
          "suspendedRunSummary": {
            "questId": "training_caverns",
            "questTier": 1,
            "questName": "Initiate Vault",
            "objective": {
              "type": "defeat_enemies",
              "label": "Initiate Vault: Purge hostiles from the derelict annex sector.",
              "totalEnemies": 5,
              "defeatedEnemies": 0
            }
          },
          "telepipe": null,
          "layout": {
            "profile": "crowded",
            "seed": 352369970,
            "roomCount": 10,
            "startRoom": {
              "x": -9,
              "z": 27,
              "role": "start"
            }
          },
          "connectionState": "connected",
          "sceneInitialized": true,
          "hasCanvas": true,
          "lobbyVisible": true,
          "cardHandVisible": false,
          "status": "Latency: 0ms",
          "hpText": "100/100",
          "msText": "49/99",
          "currencyText": "Money 0",
          "player": {
            "hp": 100,
            "magicStones": 49.42500000000022,
            "debugScenario": "telepipe-ready",
            "dead": false,
            "x": -9,
            "z": 27,
            "equippedKeyItemId": "dodge_roll",
            "keyItemCooldownRemaining": 0
          },
          "keyItemIndicatorOnCooldown": false,
          "keyItemIndicatorText": "",
          "players": 1,
          "enemies": 0,
          "enemyHp": [],
          "minions": [],
          "hand": [
            null,
            {
              "id": "battle_familiar",
              "name": "Signal Familiar",
              "type": "spell",
              "remainingCharges": 1,
              "charges": 1,
              "activeMinionId": null,
              "burnMaxTtl": null,
              "burnLabel": "1/1",
              "creatureBurning": false,
              "isEvolved": false
            },
            null,
            {
              "id": "dungeon_drake",
              "name": "Vault Wyrm",
              "type": "creature",
              "remainingCharges": 1,
              "charges": 1,
              "activeMinionId": null,
              "burnMaxTtl": null,
              "burnLabel": "1/1",
              "creatureBurning": false,
              "isEvolved": false
            },
            {
              "id": "dungeon_drake",
              "name": "Vault Wyrm",
              "type": "creature",
              "remainingCharges": 1,
              "charges": 1,
              "activeMinionId": null,
              "burnMaxTtl": null,
              "burnLabel": "1/1",
              "creatureBurning": false,
              "isEvolved": false
            },
            null
          ],
          "inventory": [
            {
              "instanceId": "46ab96e3-20b9-4a01-a334-0b6ef062b837",
              "cardId": "iron_sword",
              "grind": 0
            },
            {
              "instanceId": "06da36b9-ce31-4b46-b80d-fa5c5dbc81d5",
              "cardId": "flame_blade",
              "grind": 0
            },
            {
              "instanceId": "ef5509dd-b052-41de-94ad-787214b9e726",
              "cardId": "battle_familiar",
              "grind": 0
            },
            {
              "instanceId": "0142d3c2-1723-4125-89fb-c2f75e8bd04e",
              "cardId": "dungeon_drake",
              "grind": 0
            },
            {
              "instanceId": "e86d9139-4526-4a28-9dc2-2030a0c330da",
              "cardId": "iron_sword",
              "grind": 0
            },
            {
              "instanceId": "3ae114af-8d27-4ee2-be4b-1f891efae219",
              "cardId": "iron_sword",
              "grind": 0
            },
            {
              "instanceId": "bc290502-58c7-482e-aec4-fa5881345024",
              "cardId": "iron_sword",
              "grind": 0
            },
            {
              "instanceId": "116e548f-ed68-4113-9895-b9d4977375cd",
              "cardId": "battle_familiar",
              "grind": 0
            },
            {
              "instanceId": "dc162f29-07b5-4042-ba31-48b6dd5da993",
              "cardId": "battle_familiar",
              "grind": 0
            },
            {
              "instanceId": "6ad7e896-bff9-4973-8f10-ad70fff71ded",
              "cardId": "flame_blade",
              "grind": 0
            },
            {
              "instanceId": "df149241-83aa-4d26-a1c5-8821daa35431",
              "cardId": "flame_blade",
              "grind": 0
            },
            {
              "instanceId": "ce0879b3-5dd6-46d3-a954-ab90fd2113f3",
              "cardId": "dungeon_drake",
              "grind": 0
            }
          ],
          "lastEvolutionResult": null
        },
        "keyItemIndicatorOnCooldown": false,
        "keyItemIndicatorText": "",
        "keyItemCooldownRemaining": 0,
        "status": "Latency: 0ms",
        "hasCanvas": true,
        "canvasCount": 2,
        "lobbyVisible": true,
        "cardHandVisible": false,
        "title": "Void Grimoire",
        "bodyText": "👤\n🔊\n⚙\nF1\nLV\n1\nHP\n100/100\nMoney 0\nLatency: 0ms\nLobby Connection\nPLAYERS\nf1409a40-87d5-4bc0-9f06-a31630bc20e9 — Standby\nCONTRACT TERMINAL\nInitiate Vault\nPurge hostiles from the derelict annex sector.\nNeutralize 5 hostiles\nReward: 10 money\nPrism Salvage\nRecover resonance prisms from the collapsed lattice.\nRecover 3 prisms\nReward: 12 money\nArena Trials\nSurvive the open plaza and rout the trial wardens.\nNeutralize 6 hostiles\nReward: 15 money\nCanyon Descent\nClear hostiles from the sunken canyon below the plateau overlook.\nNeutralize 6 hostiles\nReward: 14 money\nSpire Ascent\nFight your way up the tower tiers to claim the summit treasure.\nNeutralize 6 hostiles\nReward: 16 money\nEndless Siege\nOutlast the staggered assault until every attacker has fallen.\nSurvive 10 hostiles (2 minibosses)\nReward: 2"
      }
    },
    {
      "player": "A",
      "description": "RESUMED state: assert the run is preserved — same layout seed/profile and enemy set as the pre-suspend probe, and no lingering runStatus === \"suspended\".",
      "data": {
        "harnessState": {
          "debugScenario": null,
          "debugScenarioAllowed": true,
          "debugScenarioResult": {
            "ok": true,
            "scenario": "telepipe-ready"
          },
          "objective": {
            "type": "defeat_enemies",
            "totalEnemies": 5,
            "defeatedEnemies": 0,
            "label": "Initiate Vault: Purge hostiles from the derelict annex sector."
          },
          "runObjectiveComplete": false,
          "lastRunSummary": null,
          "myId": "f1409a40-87d5-4bc0-9f06-a31630bc20e9",
          "selectedDeck": [
            "46ab96e3-20b9-4a01-a334-0b6ef062b837",
            "06da36b9-ce31-4b46-b80d-fa5c5dbc81d5",
            "ef5509dd-b052-41de-94ad-787214b9e726",
            "0142d3c2-1723-4125-89fb-c2f75e8bd04e",
            "e86d9139-4526-4a28-9dc2-2030a0c330da",
            "3ae114af-8d27-4ee2-be4b-1f891efae219",
            "bc290502-58c7-482e-aec4-fa5881345024",
            "116e548f-ed68-4113-9895-b9d4977375cd",
            "dc162f29-07b5-4042-ba31-48b6dd5da993",
            "6ad7e896-bff9-4973-8f10-ad70fff71ded",
            "df149241-83aa-4d26-a1c5-8821daa35431",
            "ce0879b3-5dd6-46d3-a954-ab90fd2113f3"
          ],
          "phase": "playing",
          "runStatus": "playing",
          "extracted": false,
          "suspendedRunSummary": null,
          "telepipe": {
            "x": -9,
            "z": 27,
            "placedBy": "f1409a40-87d5-4bc0-9f06-a31630bc20e9",
            "placedAt": 1780653472811
          },
          "layout": {
            "profile": "crowded",
            "seed": 352369970,
            "roomCount": 10,
            "startRoom": {
              "x": -9,
              "z": 27,
              "role": "start"
            }
          },
          "connectionState": "connected",
          "sceneInitialized": true,
          "hasCanvas": true,
          "lobbyVisible": false,
          "cardHandVisible": true,
          "status": "Latency: 0ms",
          "hpText": "100/100",
          "msText": "49/99",
          "currencyText": "Money 0",
          "player": {
            "hp": 100,
            "magicStones": 49.555000000000284,
            "debugScenario": "telepipe-ready",
            "dead": false,
            "x": -6,
            "z": 27,
            "equippedKeyItemId": "dodge_roll",
            "keyItemCooldownRemaining": 0
          },
          "keyItemIndicatorOnCooldown": false,
          "keyItemIndicatorText": "",
          "players": 1,
          "enemies": 5,
          "enemyHp": [
            {
              "id": "70532b7b-c333-4bbd-a378-27e59e04971d",
              "hp": 40,
              "maxHp": 40,
              "type": "skirmisher",
              "spawnedBy": null
            },
            {
              "id": "1dec0286-c3fc-4e10-8f6a-05e1a93e22a0",
              "hp": 40,
              "maxHp": 40,
              "type": "skirmisher",
              "spawnedBy": null
            },
            {
              "id": "6dd5bfe1-d428-43d8-8e1f-eb5310c92bc0",
              "hp": 40,
              "maxHp": 40,
              "type": "skirmisher",
              "spawnedBy": null
            },
            {
              "id": "858a5a23-ce5f-4fb7-b143-d5d58e41c4e4",
              "hp": 100,
              "maxHp": 100,
              "type": "grunt",
              "spawnedBy": null
            },
            {
              "id": "95852479-9ed5-49ad-9fe5-9a3bd86ea045",
              "hp": 100,
              "maxHp": 100,
              "type": "grunt",
              "spawnedBy": null
            }
          ],
          "minions": [],
          "hand": [
            {
              "id": "battle_familiar",
              "name": "Signal Familiar",
              "type": "spell",
              "remainingCharges": 1,
              "charges": 1,
              "activeMinionId": null,
              "burnMaxTtl": null,
              "burnLabel": "1/1",
              "creatureBurning": false,
              "isEvolved": false
            },
            {
              "id": "battle_familiar",
              "name": "Signal Familiar",
              "type": "spell",
              "remainingCharges": 1,
              "charges": 1,
              "activeMinionId": null,
              "burnMaxTtl": null,
              "burnLabel": "1/1",
              "creatureBurning": false,
              "isEvolved": false
            },
            null,
            {
              "id": "dungeon_drake",
              "name": "Vault Wyrm",
              "type": "creature",
              "remainingCharges": 1,
              "charges": 1,
              "activeMinionId": null,
              "burnMaxTtl": null,
              "burnLabel": "1/1",
              "creatureBurning": false,
              "isEvolved": false
            },
            {
              "id": "dungeon_drake",
              "name": "Vault Wyrm",
              "type": "creature",
              "remainingCharges": 1,
              "charges": 1,
              "activeMinionId": null,
              "burnMaxTtl": null,
              "burnLabel": "1/1",
              "creatureBurning": false,
              "isEvolved": false
            },
            null
          ],
          "inventory": [
            {
              "instanceId": "46ab96e3-20b9-4a01-a334-0b6ef062b837",
              "cardId": "iron_sword",
              "grind": 0
            },
            {
              "instanceId": "06da36b9-ce31-4b46-b80d-fa5c5dbc81d5",
              "cardId": "flame_blade",
              "grind": 0
            },
            {
              "instanceId": "ef5509dd-b052-41de-94ad-787214b9e726",
              "cardId": "battle_familiar",
              "grind": 0
            },
            {
              "instanceId": "0142d3c2-1723-4125-89fb-c2f75e8bd04e",
              "cardId": "dungeon_drake",
              "grind": 0
            },
            {
              "instanceId": "e86d9139-4526-4a28-9dc2-2030a0c330da",
              "cardId": "iron_sword",
              "grind": 0
            },
            {
              "instanceId": "3ae114af-8d27-4ee2-be4b-1f891efae219",
              "cardId": "iron_sword",
              "grind": 0
            },
            {
              "instanceId": "bc290502-58c7-482e-aec4-fa5881345024",
              "cardId": "iron_sword",
              "grind": 0
            },
            {
              "instanceId": "116e548f-ed68-4113-9895-b9d4977375cd",
              "cardId": "battle_familiar",
              "grind": 0
            },
            {
              "instanceId": "dc162f29-07b5-4042-ba31-48b6dd5da993",
              "cardId": "battle_familiar",
              "grind": 0
            },
            {
              "instanceId": "6ad7e896-bff9-4973-8f10-ad70fff71ded",
              "cardId": "flame_blade",
              "grind": 0
            },
            {
              "instanceId": "df149241-83aa-4d26-a1c5-8821daa35431",
              "cardId": "flame_blade",
              "grind": 0
            },
            {
              "instanceId": "ce0879b3-5dd6-46d3-a954-ab90fd2113f3",
              "cardId": "dungeon_drake",
              "grind": 0
            }
          ],
          "lastEvolutionResult": null
        },
        "keyItemIndicatorOnCooldown": false,
        "keyItemIndicatorText": "",
        "keyItemCooldownRemaining": 0,
        "status": "Latency: 0ms",
        "hasCanvas": true,
        "canvasCount": 2,
        "lobbyVisible": false,
        "cardHandVisible": true,
        "title": "Void Grimoire",
        "bodyText": "👤\nLv\n🔊\n⚙\nF1\nLV\n1\nHP\n100/100\nMS\n49/99\nDeck: 7/11\n⟡ 6\n✦ 1\n🐉 0\n✨ 0\nMoney 0\nLatency: 0ms\nInitiate Vault\nPurged 0 / 5 hostiles\nClick to attack · press 1–6 to cast cards\n1\n✦\nSignal Familiar\n50 MS\n1/1\n2\n✦\nSignal Familiar\n50 MS\n1/1\n4\n🐉\nVault Wyrm\n1/1\n5\n🐉\nVault Wyrm\n1/1"
      }
    },
    {
      "player": "A",
      "description": "VERIFY preservation: compare the resumed enemy set against the pre-suspend baseline and the stashed suspended objective. Records a `preservation` block (preserved/missing/hpChanged ids, added spawner-add enemies, objective echo) and FAILS the capture on any genuine restore mismatch.",
      "data": {
        "preservation": {
          "preSuspendEnemyCount": 5,
          "resumedEnemyCount": 5,
          "originalPreSuspendEnemyCount": 5,
          "preservedIds": 5,
          "missingIds": [],
          "hpChangedIds": [],
          "addedEnemies": [],
          "addedAllSpawnerAdds": true,
          "objective": {
            "type": "defeat_enemies",
            "totalEnemies": 5,
            "defeatedEnemies": 0
          }
        },
        "harnessState": {
          "debugScenario": null,
          "debugScenarioAllowed": true,
          "debugScenarioResult": {
            "ok": true,
            "scenario": "telepipe-ready"
          },
          "objective": {
            "type": "defeat_enemies",
            "totalEnemies": 5,
            "defeatedEnemies": 0,
            "label": "Initiate Vault: Purge hostiles from the derelict annex sector."
          },
          "runObjectiveComplete": false,
          "lastRunSummary": null,
          "myId": "f1409a40-87d5-4bc0-9f06-a31630bc20e9",
          "selectedDeck": [
            "46ab96e3-20b9-4a01-a334-0b6ef062b837",
            "06da36b9-ce31-4b46-b80d-fa5c5dbc81d5",
            "ef5509dd-b052-41de-94ad-787214b9e726",
            "0142d3c2-1723-4125-89fb-c2f75e8bd04e",
            "e86d9139-4526-4a28-9dc2-2030a0c330da",
            "3ae114af-8d27-4ee2-be4b-1f891efae219",
            "bc290502-58c7-482e-aec4-fa5881345024",
            "116e548f-ed68-4113-9895-b9d4977375cd",
            "dc162f29-07b5-4042-ba31-48b6dd5da993",
            "6ad7e896-bff9-4973-8f10-ad70fff71ded",
            "df149241-83aa-4d26-a1c5-8821daa35431",
            "ce0879b3-5dd6-46d3-a954-ab90fd2113f3"
          ],
          "phase": "playing",
          "runStatus": "playing",
          "extracted": false,
          "suspendedRunSummary": null,
          "telepipe": {
            "x": -9,
            "z": 27,
            "placedBy": "f1409a40-87d5-4bc0-9f06-a31630bc20e9",
            "placedAt": 1780653472811
          },
          "layout": {
            "profile": "crowded",
            "seed": 352369970,
            "roomCount": 10,
            "startRoom": {
              "x": -9,
              "z": 27,
              "role": "start"
            }
          },
          "connectionState": "connected",
          "sceneInitialized": true,
          "hasCanvas": true,
          "lobbyVisible": false,
          "cardHandVisible": true,
          "status": "Latency: 0ms",
          "hpText": "100/100",
          "msText": "49/99",
          "currencyText": "Money 0",
          "player": {
            "hp": 100,
            "magicStones": 49.56000000000029,
            "debugScenario": "telepipe-ready",
            "dead": false,
            "x": -6,
            "z": 27,
            "equippedKeyItemId": "dodge_roll",
            "keyItemCooldownRemaining": 0
          },
          "keyItemIndicatorOnCooldown": false,
          "keyItemIndicatorText": "",
          "players": 1,
          "enemies": 5,
          "enemyHp": [
            {
              "id": "70532b7b-c333-4bbd-a378-27e59e04971d",
              "hp": 40,
              "maxHp": 40,
              "type": "skirmisher",
              "spawnedBy": null
            },
            {
              "id": "1dec0286-c3fc-4e10-8f6a-05e1a93e22a0",
              "hp": 40,
              "maxHp": 40,
              "type": "skirmisher",
              "spawnedBy": null
            },
            {
              "id": "6dd5bfe1-d428-43d8-8e1f-eb5310c92bc0",
              "hp": 40,
              "maxHp": 40,
              "type": "skirmisher",
              "spawnedBy": null
            },
            {
              "id": "858a5a23-ce5f-4fb7-b143-d5d58e41c4e4",
              "hp": 100,
              "maxHp": 100,
              "type": "grunt",
              "spawnedBy": null
            },
            {
              "id": "95852479-9ed5-49ad-9fe5-9a3bd86ea045",
              "hp": 100,
              "maxHp": 100,
              "type": "grunt",
              "spawnedBy": null
            }
          ],
          "minions": [],
          "hand": [
            {
              "id": "battle_familiar",
              "name": "Signal Familiar",
              "type": "spell",
              "remainingCharges": 1,
              "charges": 1,
              "activeMinionId": null,
              "burnMaxTtl": null,
              "burnLabel": "1/1",
              "creatureBurning": false,
              "isEvolved": false
            },
            {
              "id": "battle_familiar",
              "name": "Signal Familiar",
              "type": "spell",
              "remainingCharges": 1,
              "charges": 1,
              "activeMinionId": null,
              "burnMaxTtl": null,
              "burnLabel": "1/1",
              "creatureBurning": false,
              "isEvolved": false
            },
            null,
            {
              "id": "dungeon_drake",
              "name": "Vault Wyrm",
              "type": "creature",
              "remainingCharges": 1,
              "charges": 1,
              "activeMinionId": null,
              "burnMaxTtl": null,
              "burnLabel": "1/1",
              "creatureBurning": false,
              "isEvolved": false
            },
            {
              "id": "dungeon_drake",
              "name": "Vault Wyrm",
              "type": "creature",
              "remainingCharges": 1,
              "charges": 1,
              "activeMinionId": null,
              "burnMaxTtl": null,
              "burnLabel": "1/1",
              "creatureBurning": false,
              "isEvolved": false
            },
            null
          ],
          "inventory": [
            {
              "instanceId": "46ab96e3-20b9-4a01-a334-0b6ef062b837",
              "cardId": "iron_sword",
              "grind": 0
            },
            {
              "instanceId": "06da36b9-ce31-4b46-b80d-fa5c5dbc81d5",
              "cardId": "flame_blade",
              "grind": 0
            },
            {
              "instanceId": "ef5509dd-b052-41de-94ad-787214b9e726",
              "cardId": "battle_familiar",
              "grind": 0
            },
            {
              "instanceId": "0142d3c2-1723-4125-89fb-c2f75e8bd04e",
              "cardId": "dungeon_drake",
              "grind": 0
            },
            {
              "instanceId": "e86d9139-4526-4a28-9dc2-2030a0c330da",
              "cardId": "iron_sword",
              "grind": 0
            },
            {
              "instanceId": "3ae114af-8d27-4ee2-be4b-1f891efae219",
              "cardId": "iron_sword",
              "grind": 0
            },
            {
              "instanceId": "bc290502-58c7-482e-aec4-fa5881345024",
              "cardId": "iron_sword",
              "grind": 0
            },
            {
              "instanceId": "116e548f-ed68-4113-9895-b9d4977375cd",
              "cardId": "battle_familiar",
              "grind": 0
            },
            {
              "instanceId": "dc162f29-07b5-4042-ba31-48b6dd5da993",
              "cardId": "battle_familiar",
              "grind": 0
            },
            {
              "instanceId": "6ad7e896-bff9-4973-8f10-ad70fff71ded",
              "cardId": "flame_blade",
              "grind": 0
            },
            {
              "instanceId": "df149241-83aa-4d26-a1c5-8821daa35431",
              "cardId": "flame_blade",
              "grind": 0
            },
            {
              "instanceId": "ce0879b3-5dd6-46d3-a954-ab90fd2113f3",
              "cardId": "dungeon_drake",
              "grind": 0
            }
          ],
          "lastEvolutionResult": null
        }
      }
    },
    {
      "player": "A",
      "description": "Final capture probe.",
      "data": {
        "harnessState": {
          "debugScenario": null,
          "debugScenarioAllowed": true,
          "debugScenarioResult": {
            "ok": true,
            "scenario": "telepipe-ready"
          },
          "objective": {
            "type": "defeat_enemies",
            "totalEnemies": 5,
            "defeatedEnemies": 0,
            "label": "Initiate Vault: Purge hostiles from the derelict annex sector."
          },
          "runObjectiveComplete": false,
          "lastRunSummary": null,
          "myId": "f1409a40-87d5-4bc0-9f06-a31630bc20e9",
          "selectedDeck": [
            "46ab96e3-20b9-4a01-a334-0b6ef062b837",
            "06da36b9-ce31-4b46-b80d-fa5c5dbc81d5",
            "ef5509dd-b052-41de-94ad-787214b9e726",
            "0142d3c2-1723-4125-89fb-c2f75e8bd04e",
            "e86d9139-4526-4a28-9dc2-2030a0c330da",
            "3ae114af-8d27-4ee2-be4b-1f891efae219",
            "bc290502-58c7-482e-aec4-fa5881345024",
            "116e548f-ed68-4113-9895-b9d4977375cd",
            "dc162f29-07b5-4042-ba31-48b6dd5da993",
            "6ad7e896-bff9-4973-8f10-ad70fff71ded",
            "df149241-83aa-4d26-a1c5-8821daa35431",
            "ce0879b3-5dd6-46d3-a954-ab90fd2113f3"
          ],
          "phase": "playing",
          "runStatus": "playing",
          "extracted": false,
          "suspendedRunSummary": null,
          "telepipe": {
            "x": -9,
            "z": 27,
            "placedBy": "f1409a40-87d5-4bc0-9f06-a31630bc20e9",
            "placedAt": 1780653472811
          },
          "layout": {
            "profile": "crowded",
            "seed": 352369970,
            "roomCount": 10,
            "startRoom": {
              "x": -9,
              "z": 27,
              "role": "start"
            }
          },
          "connectionState": "connected",
          "sceneInitialized": true,
          "hasCanvas": true,
          "lobbyVisible": false,
          "cardHandVisible": true,
          "status": "Latency: 0ms",
          "hpText": "100/100",
          "msText": "49/99",
          "currencyText": "Money 0",
          "player": {
            "hp": 100,
            "magicStones": 49.56500000000029,
            "debugScenario": "telepipe-ready",
            "dead": false,
            "x": -6,
            "z": 27,
            "equippedKeyItemId": "dodge_roll",
            "keyItemCooldownRemaining": 0
          },
          "keyItemIndicatorOnCooldown": false,
          "keyItemIndicatorText": "",
          "players": 1,
          "enemies": 5,
          "enemyHp": [
            {
              "id": "70532b7b-c333-4bbd-a378-27e59e04971d",
              "hp": 40,
              "maxHp": 40,
              "type": "skirmisher",
              "spawnedBy": null
            },
            {
              "id": "1dec0286-c3fc-4e10-8f6a-05e1a93e22a0",
              "hp": 40,
              "maxHp": 40,
              "type": "skirmisher",
              "spawnedBy": null
            },
            {
              "id": "6dd5bfe1-d428-43d8-8e1f-eb5310c92bc0",
              "hp": 40,
              "maxHp": 40,
              "type": "skirmisher",
              "spawnedBy": null
            },
            {
              "id": "858a5a23-ce5f-4fb7-b143-d5d58e41c4e4",
              "hp": 100,
              "maxHp": 100,
              "type": "grunt",
              "spawnedBy": null
            },
            {
              "id": "95852479-9ed5-49ad-9fe5-9a3bd86ea045",
              "hp": 100,
              "maxHp": 100,
              "type": "grunt",
              "spawnedBy": null
            }
          ],
          "minions": [],
          "hand": [
            {
              "id": "battle_familiar",
              "name": "Signal Familiar",
              "type": "spell",
              "remainingCharges": 1,
              "charges": 1,
              "activeMinionId": null,
              "burnMaxTtl": null,
              "burnLabel": "1/1",
              "creatureBurning": false,
              "isEvolved": false
            },
            {
              "id": "battle_familiar",
              "name": "Signal Familiar",
              "type": "spell",
              "remainingCharges": 1,
              "charges": 1,
              "activeMinionId": null,
              "burnMaxTtl": null,
              "burnLabel": "1/1",
              "creatureBurning": false,
              "isEvolved": false
            },
            null,
            {
              "id": "dungeon_drake",
              "name": "Vault Wyrm",
              "type": "creature",
              "remainingCharges": 1,
              "charges": 1,
              "activeMinionId": null,
              "burnMaxTtl": null,
              "burnLabel": "1/1",
              "creatureBurning": false,
              "isEvolved": false
            },
            {
              "id": "dungeon_drake",
              "name": "Vault Wyrm",
              "type": "creature",
              "remainingCharges": 1,
              "charges": 1,
              "activeMinionId": null,
              "burnMaxTtl": null,
              "burnLabel": "1/1",
              "creatureBurning": false,
              "isEvolved": false
            },
            null
          ],
          "inventory": [
            {
              "instanceId": "46ab96e3-20b9-4a01-a334-0b6ef062b837",
              "cardId": "iron_sword",
              "grind": 0
            },
            {
              "instanceId": "06da36b9-ce31-4b46-b80d-fa5c5dbc81d5",
              "cardId": "flame_blade",
              "grind": 0
            },
            {
              "instanceId": "ef5509dd-b052-41de-94ad-787214b9e726",
              "cardId": "battle_familiar",
              "grind": 0
            },
            {
              "instanceId": "0142d3c2-1723-4125-89fb-c2f75e8bd04e",
              "cardId": "dungeon_drake",
              "grind": 0
            },
            {
              "instanceId": "e86d9139-4526-4a28-9dc2-2030a0c330da",
              "cardId": "iron_sword",
              "grind": 0
            },
            {
              "instanceId": "3ae114af-8d27-4ee2-be4b-1f891efae219",
              "cardId": "iron_sword",
              "grind": 0
            },
            {
              "instanceId": "bc290502-58c7-482e-aec4-fa5881345024",
              "cardId": "iron_sword",
              "grind": 0
            },
            {
              "instanceId": "116e548f-ed68-4113-9895-b9d4977375cd",
              "cardId": "battle_familiar",
              "grind": 0
            },
            {
              "instanceId": "dc162f29-07b5-4042-ba31-48b6dd5da993",
              "cardId": "battle_familiar",
              "grind": 0
            },
            {
              "instanceId": "6ad7e896-bff9-4973-8f10-ad70fff71ded",
              "cardId": "flame_blade",
              "grind": 0
            },
            {
              "instanceId": "df149241-83aa-4d26-a1c5-8821daa35431",
              "cardId": "flame_blade",
              "grind": 0
            },
            {
              "instanceId": "ce0879b3-5dd6-46d3-a954-ab90fd2113f3",
              "cardId": "dungeon_drake",
              "grind": 0
            }
          ],
          "lastEvolutionResult": null
        },
        "keyItemIndicatorOnCooldown": false,
        "keyItemIndicatorText": "",
        "keyItemCooldownRemaining": 0,
        "status": "Latency: 0ms",
        "hasCanvas": true,
        "canvasCount": 2,
        "lobbyVisible": false,
        "cardHandVisible": true,
        "title": "Void Grimoire",
        "bodyText": "👤\nLv\n🔊\n⚙\nF1\nLV\n1\nHP\n100/100\nMS\n49/99\nDeck: 7/11\n⟡ 6\n✦ 1\n🐉 0\n✨ 0\nMoney 0\nLatency: 0ms\nInitiate Vault\nPurged 0 / 5 hostiles\nClick to attack · press 1–6 to cast cards\n1\n✦\nSignal Familiar\n50 MS\n1/1\n2\n✦\nSignal Familiar\n50 MS\n1/1\n4\n🐉\nVault Wyrm\n1/1\n5\n🐉\nVault Wyrm\n1/1"
      }
    }
  ],
  "pageerrors": []
}
