[createLobby] timeout waiting for #lobby visibility: page.waitForFunction: Timeout 10000ms exceeded.
[joinLobby] timeout waiting for #lobby visibility: page.waitForFunction: Timeout 10000ms exceeded.
{
  "url": "http://localhost:5174/",
  "ok": true,
  "ticketFile": "/home/matt/workspace/.autogame-worktrees/385-boss-level-framework/tickets/385-boss-level-framework/ticket.md",
  "capturePlanSource": "fallback",
  "capturePlanValid": true,
  "capturePlanAttempts": [],
  "capturePlanSummary": "Deterministic full-flow smoke capture: auth, lobby create/join, ready transition, movement, dodge/key-item with post-dodge cooldown probe.",
  "scenarios": [],
  "screenshots": [
    {
      "file": "01-initial.png",
      "player": "A",
      "description": "Both players in squad lobby."
    },
    {
      "file": "02-after-w.png",
      "player": "A",
      "description": "Gameplay after holding W."
    },
    {
      "file": "03-after-d.png",
      "player": "A",
      "description": "Gameplay after holding D."
    },
    {
      "file": "04-after-dodge.png",
      "player": "A",
      "description": "Gameplay after dodge roll with cooldown HUD."
    }
  ],
  "probes": [
    {
      "player": "A",
      "description": "After readying all players and entering gameplay.",
      "data": {
        "harnessState": {
          "debugScenario": null,
          "debugScenarioAllowed": true,
          "debugScenarioResult": null,
          "debugGodmodeResult": null,
          "objective": {
            "type": "defeat_enemies",
            "totalEnemies": 6,
            "activeEnemyCount": 2,
            "defeatedEnemies": 0,
            "label": "Initiate Vault: Sweep annex holding pens in scripted waves and breach the deeper vault wing."
          },
          "encounter": null,
          "bossEncounter": null,
          "runObjectiveComplete": false,
          "lastRunSummary": null,
          "sortieCompleteOverlayVisible": false,
          "myId": "ed61222b-7113-473b-8158-b9b5a99d1140",
          "selectedDeck": [
            "d65ed356-b72d-413f-b1b0-51c52758fde9",
            "5eba27e9-6a8b-4e22-9323-e45dba0ac931",
            "a0154ad1-5bcf-4bb4-89d2-421fcd89c69e",
            "df89618a-cc2e-4165-83ac-6b54c86c3b6a",
            "7f99dd3a-5f5b-48b0-b2e6-2a3d38c2f7c0",
            "35ba493b-3210-4493-935d-c2129a32666d",
            "5ecd4ba1-dcba-4963-a6eb-c7d78eebf280",
            "74bbc1d1-c9cc-49f6-a0c8-0f1d3219ed0b",
            "ecfc4f3e-ae10-4662-bf0a-c45c002a1545",
            "b3afc6df-4db1-42e2-9d26-9fe73407d8c0",
            "20f0263b-315b-4f3c-953e-674327c1ffd2",
            "43866c27-2f28-4bf7-a27b-cd7d793628b4"
          ],
          "phase": "playing",
          "runStatus": "playing",
          "suspendedRunSummary": null,
          "extracted": false,
          "telepipe": null,
          "layout": {
            "profile": "crowded",
            "seed": 352369970,
            "roomCount": 10,
            "startRoom": {
              "x": -9,
              "z": 27,
              "role": "start"
            }
          },
          "connectionState": "connected",
          "sceneInitialized": true,
          "hasCanvas": true,
          "lobbyVisible": false,
          "lobbyMenuDismissed": true,
          "characterBoothOpen": false,
          "deckEditorVisible": false,
          "runId": "5f9d80aa-f462-46b4-a482-df8c56d5017c",
          "resumeBtnUsable": false,
          "abandonRunBtnUsable": false,
          "cardHandVisible": true,
          "status": "Latency: 0ms",
          "hpText": "40/100",
          "msText": "49/99",
          "currencyText": "Money 0",
          "currency": 0,
          "player": {
            "hp": 40,
            "magicStones": 49.910000000000466,
            "currency": 0,
            "debugGodmode": false,
            "dead": false,
            "x": -9,
            "y": 0.5,
            "z": 27,
            "equippedKeyItemId": "dodge_roll",
            "keyItemCooldownRemaining": 0,
            "cardUseState": null,
            "cardWindupUntil": 0,
            "cardWindupCardId": null,
            "slowedUntil": 0,
            "burningUntil": 0,
            "slowActive": false,
            "burnActive": false
          },
          "windupFlashing": false,
          "keyItemIndicatorOnCooldown": false,
          "keyItemIndicatorText": "",
          "players": 2,
          "squadmates": [
            {
              "id": "e919fdbb-d420-4283-bf5e-ce073aa8d85e",
              "x": -6,
              "z": 27
            }
          ],
          "enemies": 2,
          "enemyHp": [
            {
              "id": "64d6443f-2976-479e-82e0-b96f9266716d",
              "hp": 100,
              "maxHp": 100,
              "type": "grunt",
              "spawnedBy": null,
              "x": -9,
              "z": 27,
              "slowedUntil": 0,
              "burningUntil": 0,
              "frozenUntil": 0,
              "slowActive": false,
              "burnActive": false
            },
            {
              "id": "7ce8b4bf-3322-4f71-ac60-16f6b00c2c05",
              "hp": 100,
              "maxHp": 100,
              "type": "grunt",
              "spawnedBy": null,
              "x": -8.866656090365723,
              "z": 28.069192429538816,
              "slowedUntil": 0,
              "burningUntil": 0,
              "frozenUntil": 0,
              "slowActive": false,
              "burnActive": false
            }
          ],
          "minions": [],
          "hand": [
            {
              "id": "iron_sword",
              "name": "Rust-Forged Saber",
              "type": "weapon",
              "remainingCharges": 5,
              "charges": 5,
              "activeMinionId": null,
              "burnMaxTtl": null,
              "burnLabel": "5/5",
              "creatureBurning": false,
              "isEvolved": false
            },
            {
              "id": "flame_blade",
              "name": "Solar Edge",
              "type": "weapon",
              "remainingCharges": 2,
              "charges": 2,
              "activeMinionId": null,
              "burnMaxTtl": null,
              "burnLabel": "2/2",
              "creatureBurning": false,
              "isEvolved": false
            },
            null,
            {
              "id": "battle_familiar",
              "name": "Signal Familiar",
              "type": "spell",
              "remainingCharges": 1,
              "charges": 1,
              "activeMinionId": null,
              "burnMaxTtl": null,
              "burnLabel": "1/1",
              "creatureBurning": false,
              "isEvolved": false
            },
            {
              "id": "battle_familiar",
              "name": "Signal Familiar",
              "type": "spell",
              "remainingCharges": 1,
              "charges": 1,
              "activeMinionId": null,
              "burnMaxTtl": null,
              "burnLabel": "1/1",
              "creatureBurning": false,
              "isEvolved": false
            },
            null
          ],
          "inventory": [
            {
              "instanceId": "d65ed356-b72d-413f-b1b0-51c52758fde9",
              "cardId": "iron_sword",
              "grind": 0
            },
            {
              "instanceId": "5eba27e9-6a8b-4e22-9323-e45dba0ac931",
              "cardId": "flame_blade",
              "grind": 0
            },
            {
              "instanceId": "a0154ad1-5bcf-4bb4-89d2-421fcd89c69e",
              "cardId": "battle_familiar",
              "grind": 0
            },
            {
              "instanceId": "df89618a-cc2e-4165-83ac-6b54c86c3b6a",
              "cardId": "dungeon_drake",
              "grind": 0
            },
            {
              "instanceId": "7f99dd3a-5f5b-48b0-b2e6-2a3d38c2f7c0",
              "cardId": "iron_sword",
              "grind": 0
            },
            {
              "instanceId": "35ba493b-3210-4493-935d-c2129a32666d",
              "cardId": "iron_sword",
              "grind": 0
            },
            {
              "instanceId": "5ecd4ba1-dcba-4963-a6eb-c7d78eebf280",
              "cardId": "iron_sword",
              "grind": 0
            },
            {
              "instanceId": "74bbc1d1-c9cc-49f6-a0c8-0f1d3219ed0b",
              "cardId": "battle_familiar",
              "grind": 0
            },
            {
              "instanceId": "ecfc4f3e-ae10-4662-bf0a-c45c002a1545",
              "cardId": "battle_familiar",
              "grind": 0
            },
            {
              "instanceId": "b3afc6df-4db1-42e2-9d26-9fe73407d8c0",
              "cardId": "flame_blade",
              "grind": 0
            },
            {
              "instanceId": "20f0263b-315b-4f3c-953e-674327c1ffd2",
              "cardId": "flame_blade",
              "grind": 0
            },
            {
              "instanceId": "43866c27-2f28-4bf7-a27b-cd7d793628b4",
              "cardId": "dungeon_drake",
              "grind": 0
            }
          ],
          "lastEvolutionResult": null
        },
        "keyItemIndicatorOnCooldown": false,
        "keyItemIndicatorText": "\n        \n        Dodge Roll\n        E\n        \n      ",
        "keyItemCooldownRemaining": 0,
        "status": "Latency: 0ms",
        "hasCanvas": true,
        "canvasCount": 2,
        "lobbyVisible": false,
        "cardHandVisible": true,
        "title": "Void Grimoire",
        "bodyText": "👤\nLv\n🔊\n⚙\nED\nLV\n1\nHP\n40/100\nMS\n49/99\nDeck: 8/12\n⟡ 5\n✦ 1\n🐉 2\n✨ 0\nMoney 0\nLatency: 0ms\nDodge Roll\nE\nInitiate Vault\nPurged 0 / 6 hostiles\n01\nRewa: Rewa on channel. Move with WASD, close on the opening grunts, and strike with your melee weapon to start the sweep.\nClick to attack · press 1–6 to cast cards\n1\n⚔\nRust-Forged Saber\n5/5\n2\n⚔\nSolar Edge\n650ms wind-up\n2/2\n4\n✦\nSignal Familiar\n50 MS\n1/1\n5\n✦\nSignal Familiar\n50 MS\n1/1\nRewa: Rewa on channel. Move with WASD, close on the opening grunts, and strike with your melee weapon to start the sweep.\nANNEX LIAISON KADE\nEntry annex is live. Close with WASD and strike with your melee weapon — two grunts block the bulkhead.\n-20"
      }
    },
    {
      "player": "A",
      "description": "After dodge roll — cooldown HUD should be active.",
      "data": {
        "harnessState": {
          "debugScenario": null,
          "debugScenarioAllowed": true,
          "debugScenarioResult": null,
          "debugGodmodeResult": null,
          "objective": {
            "type": "defeat_enemies",
            "totalEnemies": 6,
            "activeEnemyCount": 2,
            "defeatedEnemies": 0,
            "label": "Initiate Vault: Sweep annex holding pens in scripted waves and breach the deeper vault wing."
          },
          "encounter": null,
          "bossEncounter": null,
          "runObjectiveComplete": false,
          "lastRunSummary": null,
          "sortieCompleteOverlayVisible": false,
          "myId": "ed61222b-7113-473b-8158-b9b5a99d1140",
          "selectedDeck": [
            "d65ed356-b72d-413f-b1b0-51c52758fde9",
            "5eba27e9-6a8b-4e22-9323-e45dba0ac931",
            "a0154ad1-5bcf-4bb4-89d2-421fcd89c69e",
            "df89618a-cc2e-4165-83ac-6b54c86c3b6a",
            "7f99dd3a-5f5b-48b0-b2e6-2a3d38c2f7c0",
            "35ba493b-3210-4493-935d-c2129a32666d",
            "5ecd4ba1-dcba-4963-a6eb-c7d78eebf280",
            "74bbc1d1-c9cc-49f6-a0c8-0f1d3219ed0b",
            "ecfc4f3e-ae10-4662-bf0a-c45c002a1545",
            "b3afc6df-4db1-42e2-9d26-9fe73407d8c0",
            "20f0263b-315b-4f3c-953e-674327c1ffd2",
            "43866c27-2f28-4bf7-a27b-cd7d793628b4"
          ],
          "phase": "playing",
          "runStatus": "playing",
          "suspendedRunSummary": null,
          "extracted": false,
          "telepipe": null,
          "layout": {
            "profile": "crowded",
            "seed": 352369970,
            "roomCount": 10,
            "startRoom": {
              "x": -9,
              "z": 27,
              "role": "start"
            }
          },
          "connectionState": "connected",
          "sceneInitialized": true,
          "hasCanvas": true,
          "lobbyVisible": false,
          "lobbyMenuDismissed": true,
          "characterBoothOpen": false,
          "deckEditorVisible": false,
          "runId": "5f9d80aa-f462-46b4-a482-df8c56d5017c",
          "resumeBtnUsable": false,
          "abandonRunBtnUsable": false,
          "cardHandVisible": true,
          "status": "Latency: 1ms",
          "hpText": "40/100",
          "msText": "50/99",
          "currencyText": "Money 0",
          "currency": 0,
          "player": {
            "hp": 40,
            "magicStones": 50.40500000000072,
            "currency": 0,
            "debugGodmode": false,
            "dead": false,
            "x": -7.65,
            "y": 0.5,
            "z": 19,
            "equippedKeyItemId": "dodge_roll",
            "keyItemCooldownRemaining": 400,
            "cardUseState": null,
            "cardWindupUntil": 0,
            "cardWindupCardId": null,
            "slowedUntil": 0,
            "burningUntil": 0,
            "slowActive": false,
            "burnActive": false
          },
          "windupFlashing": false,
          "keyItemIndicatorOnCooldown": true,
          "keyItemIndicatorText": "0.4",
          "players": 2,
          "squadmates": [
            {
              "id": "e919fdbb-d420-4283-bf5e-ce073aa8d85e",
              "x": -6,
              "z": 27
            }
          ],
          "enemies": 2,
          "enemyHp": [
            {
              "id": "64d6443f-2976-479e-82e0-b96f9266716d",
              "hp": 100,
              "maxHp": 100,
              "type": "grunt",
              "spawnedBy": null,
              "x": -9,
              "z": 27,
              "slowedUntil": 0,
              "burningUntil": 0,
              "frozenUntil": 0,
              "slowActive": false,
              "burnActive": false
            },
            {
              "id": "7ce8b4bf-3322-4f71-ac60-16f6b00c2c05",
              "hp": 100,
              "maxHp": 100,
              "type": "grunt",
              "spawnedBy": null,
              "x": -8.866656090365723,
              "z": 28.069192429538816,
              "slowedUntil": 0,
              "burningUntil": 0,
              "frozenUntil": 0,
              "slowActive": false,
              "burnActive": false
            }
          ],
          "minions": [],
          "hand": [
            {
              "id": "iron_sword",
              "name": "Rust-Forged Saber",
              "type": "weapon",
              "remainingCharges": 5,
              "charges": 5,
              "activeMinionId": null,
              "burnMaxTtl": null,
              "burnLabel": "5/5",
              "creatureBurning": false,
              "isEvolved": false
            },
            {
              "id": "flame_blade",
              "name": "Solar Edge",
              "type": "weapon",
              "remainingCharges": 2,
              "charges": 2,
              "activeMinionId": null,
              "burnMaxTtl": null,
              "burnLabel": "2/2",
              "creatureBurning": false,
              "isEvolved": false
            },
            {
              "id": "dungeon_drake",
              "name": "Vault Wyrm",
              "type": "creature",
              "remainingCharges": 1,
              "charges": 1,
              "activeMinionId": null,
              "burnMaxTtl": null,
              "burnLabel": "1/1",
              "creatureBurning": false,
              "isEvolved": false,
              "specialEffect": "burning_breath"
            },
            {
              "id": "battle_familiar",
              "name": "Signal Familiar",
              "type": "spell",
              "remainingCharges": 1,
              "charges": 1,
              "activeMinionId": null,
              "burnMaxTtl": null,
              "burnLabel": "1/1",
              "creatureBurning": false,
              "isEvolved": false
            },
            {
              "id": "battle_familiar",
              "name": "Signal Familiar",
              "type": "spell",
              "remainingCharges": 1,
              "charges": 1,
              "activeMinionId": null,
              "burnMaxTtl": null,
              "burnLabel": "1/1",
              "creatureBurning": false,
              "isEvolved": false
            },
            null
          ],
          "inventory": [
            {
              "instanceId": "d65ed356-b72d-413f-b1b0-51c52758fde9",
              "cardId": "iron_sword",
              "grind": 0
            },
            {
              "instanceId": "5eba27e9-6a8b-4e22-9323-e45dba0ac931",
              "cardId": "flame_blade",
              "grind": 0
            },
            {
              "instanceId": "a0154ad1-5bcf-4bb4-89d2-421fcd89c69e",
              "cardId": "battle_familiar",
              "grind": 0
            },
            {
              "instanceId": "df89618a-cc2e-4165-83ac-6b54c86c3b6a",
              "cardId": "dungeon_drake",
              "grind": 0
            },
            {
              "instanceId": "7f99dd3a-5f5b-48b0-b2e6-2a3d38c2f7c0",
              "cardId": "iron_sword",
              "grind": 0
            },
            {
              "instanceId": "35ba493b-3210-4493-935d-c2129a32666d",
              "cardId": "iron_sword",
              "grind": 0
            },
            {
              "instanceId": "5ecd4ba1-dcba-4963-a6eb-c7d78eebf280",
              "cardId": "iron_sword",
              "grind": 0
            },
            {
              "instanceId": "74bbc1d1-c9cc-49f6-a0c8-0f1d3219ed0b",
              "cardId": "battle_familiar",
              "grind": 0
            },
            {
              "instanceId": "ecfc4f3e-ae10-4662-bf0a-c45c002a1545",
              "cardId": "battle_familiar",
              "grind": 0
            },
            {
              "instanceId": "b3afc6df-4db1-42e2-9d26-9fe73407d8c0",
              "cardId": "flame_blade",
              "grind": 0
            },
            {
              "instanceId": "20f0263b-315b-4f3c-953e-674327c1ffd2",
              "cardId": "flame_blade",
              "grind": 0
            },
            {
              "instanceId": "43866c27-2f28-4bf7-a27b-cd7d793628b4",
              "cardId": "dungeon_drake",
              "grind": 0
            }
          ],
          "lastEvolutionResult": null
        },
        "keyItemIndicatorOnCooldown": true,
        "keyItemIndicatorText": "\n        \n        Dodge Roll\n        E\n        0.4\n      ",
        "keyItemCooldownRemaining": 400,
        "status": "Latency: 1ms",
        "hasCanvas": true,
        "canvasCount": 2,
        "lobbyVisible": false,
        "cardHandVisible": true,
        "title": "Void Grimoire",
        "bodyText": "👤\nLv\n🔊\n⚙\nED\nLV\n1\nHP\n40/100\nMS\n50/99\nDeck: 7/12\n⟡ 5\n✦ 1\n🐉 1\n✨ 0\nMoney 0\nLatency: 1ms\nDodge Roll\nE\n0.4\nInitiate Vault\nPurged 0 / 6 hostiles\n01\nRewa: Rewa on channel. Move with WASD, close on the opening grunts, and strike with your melee weapon to start the sweep.\nClick to attack · press 1–6 to cast cards\n1\n⚔\nRust-Forged Saber\n5/5\n2\n⚔\nSolar Edge\n650ms wind-up\n2/2\n3\n🐉\nVault Wyrm\nBURNING BREATH\n600ms wind-up\n1/1\n4\n✦\nSignal Familiar\n50 MS\n1/1\n5\n✦\nSignal Familiar\n50 MS\n1/1"
      }
    },
    {
      "player": "A",
      "description": "Final capture probe.",
      "data": {
        "harnessState": {
          "debugScenario": null,
          "debugScenarioAllowed": true,
          "debugScenarioResult": null,
          "debugGodmodeResult": null,
          "objective": {
            "type": "defeat_enemies",
            "totalEnemies": 6,
            "activeEnemyCount": 2,
            "defeatedEnemies": 0,
            "label": "Initiate Vault: Sweep annex holding pens in scripted waves and breach the deeper vault wing."
          },
          "encounter": null,
          "bossEncounter": null,
          "runObjectiveComplete": false,
          "lastRunSummary": null,
          "sortieCompleteOverlayVisible": false,
          "myId": "ed61222b-7113-473b-8158-b9b5a99d1140",
          "selectedDeck": [
            "d65ed356-b72d-413f-b1b0-51c52758fde9",
            "5eba27e9-6a8b-4e22-9323-e45dba0ac931",
            "a0154ad1-5bcf-4bb4-89d2-421fcd89c69e",
            "df89618a-cc2e-4165-83ac-6b54c86c3b6a",
            "7f99dd3a-5f5b-48b0-b2e6-2a3d38c2f7c0",
            "35ba493b-3210-4493-935d-c2129a32666d",
            "5ecd4ba1-dcba-4963-a6eb-c7d78eebf280",
            "74bbc1d1-c9cc-49f6-a0c8-0f1d3219ed0b",
            "ecfc4f3e-ae10-4662-bf0a-c45c002a1545",
            "b3afc6df-4db1-42e2-9d26-9fe73407d8c0",
            "20f0263b-315b-4f3c-953e-674327c1ffd2",
            "43866c27-2f28-4bf7-a27b-cd7d793628b4"
          ],
          "phase": "playing",
          "runStatus": "playing",
          "suspendedRunSummary": null,
          "extracted": false,
          "telepipe": null,
          "layout": {
            "profile": "crowded",
            "seed": 352369970,
            "roomCount": 10,
            "startRoom": {
              "x": -9,
              "z": 27,
              "role": "start"
            }
          },
          "connectionState": "connected",
          "sceneInitialized": true,
          "hasCanvas": true,
          "lobbyVisible": false,
          "lobbyMenuDismissed": true,
          "characterBoothOpen": false,
          "deckEditorVisible": false,
          "runId": "5f9d80aa-f462-46b4-a482-df8c56d5017c",
          "resumeBtnUsable": false,
          "abandonRunBtnUsable": false,
          "cardHandVisible": true,
          "status": "Latency: 1ms",
          "hpText": "40/100",
          "msText": "50/99",
          "currencyText": "Money 0",
          "currency": 0,
          "player": {
            "hp": 40,
            "magicStones": 50.44500000000074,
            "currency": 0,
            "debugGodmode": false,
            "dead": false,
            "x": -7.65,
            "y": 0.5,
            "z": 19,
            "equippedKeyItemId": "dodge_roll",
            "keyItemCooldownRemaining": 0,
            "cardUseState": null,
            "cardWindupUntil": 0,
            "cardWindupCardId": null,
            "slowedUntil": 0,
            "burningUntil": 0,
            "slowActive": false,
            "burnActive": false
          },
          "windupFlashing": false,
          "keyItemIndicatorOnCooldown": false,
          "keyItemIndicatorText": "",
          "players": 2,
          "squadmates": [
            {
              "id": "e919fdbb-d420-4283-bf5e-ce073aa8d85e",
              "x": -6,
              "z": 27
            }
          ],
          "enemies": 2,
          "enemyHp": [
            {
              "id": "64d6443f-2976-479e-82e0-b96f9266716d",
              "hp": 100,
              "maxHp": 100,
              "type": "grunt",
              "spawnedBy": null,
              "x": -9,
              "z": 27,
              "slowedUntil": 0,
              "burningUntil": 0,
              "frozenUntil": 0,
              "slowActive": false,
              "burnActive": false
            },
            {
              "id": "7ce8b4bf-3322-4f71-ac60-16f6b00c2c05",
              "hp": 100,
              "maxHp": 100,
              "type": "grunt",
              "spawnedBy": null,
              "x": -8.866656090365723,
              "z": 28.069192429538816,
              "slowedUntil": 0,
              "burningUntil": 0,
              "frozenUntil": 0,
              "slowActive": false,
              "burnActive": false
            }
          ],
          "minions": [],
          "hand": [
            {
              "id": "iron_sword",
              "name": "Rust-Forged Saber",
              "type": "weapon",
              "remainingCharges": 5,
              "charges": 5,
              "activeMinionId": null,
              "burnMaxTtl": null,
              "burnLabel": "5/5",
              "creatureBurning": false,
              "isEvolved": false
            },
            {
              "id": "flame_blade",
              "name": "Solar Edge",
              "type": "weapon",
              "remainingCharges": 2,
              "charges": 2,
              "activeMinionId": null,
              "burnMaxTtl": null,
              "burnLabel": "2/2",
              "creatureBurning": false,
              "isEvolved": false
            },
            {
              "id": "dungeon_drake",
              "name": "Vault Wyrm",
              "type": "creature",
              "remainingCharges": 1,
              "charges": 1,
              "activeMinionId": null,
              "burnMaxTtl": null,
              "burnLabel": "1/1",
              "creatureBurning": false,
              "isEvolved": false,
              "specialEffect": "burning_breath"
            },
            {
              "id": "battle_familiar",
              "name": "Signal Familiar",
              "type": "spell",
              "remainingCharges": 1,
              "charges": 1,
              "activeMinionId": null,
              "burnMaxTtl": null,
              "burnLabel": "1/1",
              "creatureBurning": false,
              "isEvolved": false
            },
            {
              "id": "battle_familiar",
              "name": "Signal Familiar",
              "type": "spell",
              "remainingCharges": 1,
              "charges": 1,
              "activeMinionId": null,
              "burnMaxTtl": null,
              "burnLabel": "1/1",
              "creatureBurning": false,
              "isEvolved": false
            },
            null
          ],
          "inventory": [
            {
              "instanceId": "d65ed356-b72d-413f-b1b0-51c52758fde9",
              "cardId": "iron_sword",
              "grind": 0
            },
            {
              "instanceId": "5eba27e9-6a8b-4e22-9323-e45dba0ac931",
              "cardId": "flame_blade",
              "grind": 0
            },
            {
              "instanceId": "a0154ad1-5bcf-4bb4-89d2-421fcd89c69e",
              "cardId": "battle_familiar",
              "grind": 0
            },
            {
              "instanceId": "df89618a-cc2e-4165-83ac-6b54c86c3b6a",
              "cardId": "dungeon_drake",
              "grind": 0
            },
            {
              "instanceId": "7f99dd3a-5f5b-48b0-b2e6-2a3d38c2f7c0",
              "cardId": "iron_sword",
              "grind": 0
            },
            {
              "instanceId": "35ba493b-3210-4493-935d-c2129a32666d",
              "cardId": "iron_sword",
              "grind": 0
            },
            {
              "instanceId": "5ecd4ba1-dcba-4963-a6eb-c7d78eebf280",
              "cardId": "iron_sword",
              "grind": 0
            },
            {
              "instanceId": "74bbc1d1-c9cc-49f6-a0c8-0f1d3219ed0b",
              "cardId": "battle_familiar",
              "grind": 0
            },
            {
              "instanceId": "ecfc4f3e-ae10-4662-bf0a-c45c002a1545",
              "cardId": "battle_familiar",
              "grind": 0
            },
            {
              "instanceId": "b3afc6df-4db1-42e2-9d26-9fe73407d8c0",
              "cardId": "flame_blade",
              "grind": 0
            },
            {
              "instanceId": "20f0263b-315b-4f3c-953e-674327c1ffd2",
              "cardId": "flame_blade",
              "grind": 0
            },
            {
              "instanceId": "43866c27-2f28-4bf7-a27b-cd7d793628b4",
              "cardId": "dungeon_drake",
              "grind": 0
            }
          ],
          "lastEvolutionResult": null
        },
        "keyItemIndicatorOnCooldown": false,
        "keyItemIndicatorText": "\n        \n        Dodge Roll\n        E\n        \n      ",
        "keyItemCooldownRemaining": 0,
        "status": "Latency: 1ms",
        "hasCanvas": true,
        "canvasCount": 2,
        "lobbyVisible": false,
        "cardHandVisible": true,
        "title": "Void Grimoire",
        "bodyText": "👤\nLv\n🔊\n⚙\nED\nLV\n1\nHP\n40/100\nMS\n50/99\nDeck: 7/12\n⟡ 5\n✦ 1\n🐉 1\n✨ 0\nMoney 0\nLatency: 1ms\nDodge Roll\nE\nInitiate Vault\nPurged 0 / 6 hostiles\n01\nRewa: Rewa on channel. Move with WASD, close on the opening grunts, and strike with your melee weapon to start the sweep.\nClick to attack · press 1–6 to cast cards\n1\n⚔\nRust-Forged Saber\n5/5\n2\n⚔\nSolar Edge\n650ms wind-up\n2/2\n3\n🐉\nVault Wyrm\nBURNING BREATH\n600ms wind-up\n1/1\n4\n✦\nSignal Familiar\n50 MS\n1/1\n5\n✦\nSignal Familiar\n50 MS\n1/1"
      }
    }
  ],
  "pageerrors": []
}
