[joinLobby] timeout waiting for #lobby visibility: page.waitForFunction: Timeout 10000ms exceeded.
{
  "url": "http://localhost:5178/",
  "ok": true,
  "ticketFile": "/home/matt/workspace/.autogame-worktrees/server-use-key-item-equip-key-item-never-checks-equipped-own-57ro/tickets/server-use-key-item-equip-key-item-never-checks-equipped-own-57ro/ticket.md",
  "capturePlanSource": "fallback",
  "capturePlanValid": true,
  "capturePlanAttempts": [],
  "capturePlanSummary": "Deterministic full-flow smoke capture: auth, lobby create/join, ready transition, movement, dodge/key-item with post-dodge cooldown probe.",
  "scenarios": [],
  "screenshots": [
    {
      "file": "01-initial.png",
      "player": "A",
      "description": "Both players in squad lobby."
    },
    {
      "file": "02-after-w.png",
      "player": "A",
      "description": "Gameplay after holding W."
    },
    {
      "file": "03-after-d.png",
      "player": "A",
      "description": "Gameplay after holding D."
    },
    {
      "file": "04-after-dodge.png",
      "player": "A",
      "description": "Gameplay after dodge roll with cooldown HUD."
    }
  ],
  "probes": [
    {
      "player": "A",
      "description": "After readying all players and entering gameplay.",
      "data": {
        "harnessState": {
          "debugScenario": null,
          "debugScenarioAllowed": true,
          "debugScenarioResult": null,
          "debugGodmodeResult": null,
          "objective": {
            "type": "defeat_enemies",
            "totalEnemies": 6,
            "activeEnemyCount": 2,
            "defeatedEnemies": 0,
            "label": "Initiate Vault: Sweep annex holding pens in scripted waves and breach the deeper vault wing."
          },
          "encounter": null,
          "bossEncounter": null,
          "runObjectiveComplete": false,
          "lastRunSummary": null,
          "sortieCompleteOverlayVisible": false,
          "myId": "6239e1ab-3426-4f51-9524-062b42aaea3e",
          "selectedDeck": [
            "d384417d-9f6d-4004-8cd8-095a175520ab",
            "48e4defa-d67b-4e2c-a2ea-5e853b212575",
            "3e6d398a-7b69-498c-a9b5-fb7634af9de3",
            "3da711f7-e95e-450d-a312-c558af7ca6cf",
            "5541553d-ada9-44d3-81dc-1c0e27d2774f",
            "3a9919c7-dbab-44b5-950a-499fc1ad55f2",
            "0a7bf66b-b71b-4f2e-a1f0-adc86482effb",
            "dc9742d6-3a19-431d-9f46-36facb65328c",
            "3e0b076f-27a4-472b-8506-2eefd336074a",
            "5ca77ae2-e004-47ee-b14e-dd448d02cbaa",
            "75c8283d-8d4f-4c27-be9e-f986d6802bf3",
            "8fd91131-742b-4cc1-8d59-11ce44d40170"
          ],
          "phase": "playing",
          "runStatus": "playing",
          "suspendedRunSummary": null,
          "extracted": false,
          "telepipe": null,
          "layout": {
            "profile": "crowded",
            "seed": 352369970,
            "roomCount": 10,
            "startRoom": {
              "x": -9,
              "z": 27,
              "role": "start"
            }
          },
          "connectionState": "connected",
          "sceneInitialized": true,
          "hasCanvas": true,
          "lobbyVisible": false,
          "lobbyMenuDismissed": false,
          "characterBoothOpen": false,
          "deckEditorVisible": false,
          "runId": "a3a5ca91-e125-41f2-95ac-903ba856f95e",
          "resumeBtnUsable": false,
          "abandonRunBtnUsable": false,
          "cardHandVisible": true,
          "status": "Latency: 0ms",
          "hpText": "60/100",
          "msText": "49/99",
          "currencyText": "Money 0",
          "currency": 0,
          "player": {
            "hp": 60,
            "magicStones": 49.91500000000047,
            "currency": 0,
            "debugGodmode": false,
            "dead": false,
            "x": -9,
            "y": 0.5,
            "z": 27,
            "equippedKeyItemId": "dodge_roll",
            "keyItemCooldownRemaining": 0,
            "cardUseState": null,
            "cardWindupUntil": 0,
            "cardWindupCardId": null,
            "slowedUntil": 0,
            "burningUntil": 0,
            "slowActive": false,
            "burnActive": false
          },
          "windupFlashing": false,
          "keyItemIndicatorOnCooldown": false,
          "keyItemIndicatorText": "",
          "players": 2,
          "squadmates": [
            {
              "id": "73c0fd65-c021-42ae-aa8f-bbcf3d789e9a",
              "x": -6,
              "z": 27
            }
          ],
          "enemies": 2,
          "enemyHp": [
            {
              "id": "bce5b092-0eff-46c6-96db-f661d60e5f27",
              "hp": 100,
              "maxHp": 100,
              "type": "grunt",
              "spawnedBy": null,
              "x": -9,
              "z": 27,
              "slowedUntil": 0,
              "burningUntil": 0,
              "frozenUntil": 0,
              "slowActive": false,
              "burnActive": false
            },
            {
              "id": "7ed7ee1e-84df-4738-9554-3ee0615241c0",
              "hp": 100,
              "maxHp": 100,
              "type": "grunt",
              "spawnedBy": null,
              "x": -8.866656090365723,
              "z": 28.069192429538816,
              "slowedUntil": 0,
              "burningUntil": 0,
              "frozenUntil": 0,
              "slowActive": false,
              "burnActive": false
            }
          ],
          "minions": [],
          "hand": [
            {
              "id": "flame_blade",
              "name": "Solar Edge",
              "type": "weapon",
              "remainingCharges": 2,
              "charges": 2,
              "activeMinionId": null,
              "burnMaxTtl": null,
              "burnLabel": "2/2",
              "creatureBurning": false,
              "isEvolved": false
            },
            {
              "id": "battle_familiar",
              "name": "Signal Familiar",
              "type": "spell",
              "remainingCharges": 1,
              "charges": 1,
              "activeMinionId": null,
              "burnMaxTtl": null,
              "burnLabel": "1/1",
              "creatureBurning": false,
              "isEvolved": false
            },
            null,
            {
              "id": "flame_blade",
              "name": "Solar Edge",
              "type": "weapon",
              "remainingCharges": 2,
              "charges": 2,
              "activeMinionId": null,
              "burnMaxTtl": null,
              "burnLabel": "2/2",
              "creatureBurning": false,
              "isEvolved": false
            },
            {
              "id": "flame_blade",
              "name": "Solar Edge",
              "type": "weapon",
              "remainingCharges": 2,
              "charges": 2,
              "activeMinionId": null,
              "burnMaxTtl": null,
              "burnLabel": "2/2",
              "creatureBurning": false,
              "isEvolved": false
            },
            null
          ],
          "inventory": [
            {
              "instanceId": "d384417d-9f6d-4004-8cd8-095a175520ab",
              "cardId": "iron_sword",
              "grind": 0
            },
            {
              "instanceId": "48e4defa-d67b-4e2c-a2ea-5e853b212575",
              "cardId": "flame_blade",
              "grind": 0
            },
            {
              "instanceId": "3e6d398a-7b69-498c-a9b5-fb7634af9de3",
              "cardId": "battle_familiar",
              "grind": 0
            },
            {
              "instanceId": "3da711f7-e95e-450d-a312-c558af7ca6cf",
              "cardId": "dungeon_drake",
              "grind": 0
            },
            {
              "instanceId": "5541553d-ada9-44d3-81dc-1c0e27d2774f",
              "cardId": "iron_sword",
              "grind": 0
            },
            {
              "instanceId": "3a9919c7-dbab-44b5-950a-499fc1ad55f2",
              "cardId": "iron_sword",
              "grind": 0
            },
            {
              "instanceId": "0a7bf66b-b71b-4f2e-a1f0-adc86482effb",
              "cardId": "iron_sword",
              "grind": 0
            },
            {
              "instanceId": "dc9742d6-3a19-431d-9f46-36facb65328c",
              "cardId": "battle_familiar",
              "grind": 0
            },
            {
              "instanceId": "3e0b076f-27a4-472b-8506-2eefd336074a",
              "cardId": "battle_familiar",
              "grind": 0
            },
            {
              "instanceId": "5ca77ae2-e004-47ee-b14e-dd448d02cbaa",
              "cardId": "flame_blade",
              "grind": 0
            },
            {
              "instanceId": "75c8283d-8d4f-4c27-be9e-f986d6802bf3",
              "cardId": "flame_blade",
              "grind": 0
            },
            {
              "instanceId": "8fd91131-742b-4cc1-8d59-11ce44d40170",
              "cardId": "dungeon_drake",
              "grind": 0
            }
          ],
          "lastEvolutionResult": null
        },
        "keyItemIndicatorOnCooldown": false,
        "keyItemIndicatorText": "\n        \n        Dodge Roll\n        E\n        \n      ",
        "keyItemCooldownRemaining": 0,
        "status": "Latency: 0ms",
        "hasCanvas": true,
        "canvasCount": 2,
        "lobbyVisible": false,
        "cardHandVisible": true,
        "title": "Void Grimoire",
        "bodyText": "👤\nLv\n🔊\n⚙\n62\nLV\n1\nHP\n60/100\nMS\n49/99\nDeck: 8/12\n⟡ 4\n✦ 2\n🐉 2\n✨ 0\nMoney 0\nLatency: 0ms\nDodge Roll\nE\nInitiate Vault\nPurged 0 / 6 hostiles\n01\nRewa: Rewa on channel. Move with WASD, close on the opening grunts, and strike with your melee weapon to start the sweep.\nClick to attack · press 1–6 to cast cards\n1\n⚔\nSolar Edge\n650ms wind-up\n2/2\n2\n✦\nSignal Familiar\n50 MS\n1/1\n4\n⚔\nSolar Edge\n650ms wind-up\n2/2\n5\n⚔\nSolar Edge\n650ms wind-up\n2/2\nRewa: Rewa on channel. Move with WASD, close on the opening grunts, and strike with your melee weapon to start the sweep.\nANNEX LIAISON KADE\nEntry annex is live. Close with WASD and strike with your melee weapon — two grunts block the bulkhead."
      }
    },
    {
      "player": "A",
      "description": "After dodge roll — cooldown HUD should be active.",
      "data": {
        "harnessState": {
          "debugScenario": null,
          "debugScenarioAllowed": true,
          "debugScenarioResult": null,
          "debugGodmodeResult": null,
          "objective": {
            "type": "defeat_enemies",
            "totalEnemies": 6,
            "activeEnemyCount": 2,
            "defeatedEnemies": 0,
            "label": "Initiate Vault: Sweep annex holding pens in scripted waves and breach the deeper vault wing."
          },
          "encounter": null,
          "bossEncounter": null,
          "runObjectiveComplete": false,
          "lastRunSummary": null,
          "sortieCompleteOverlayVisible": false,
          "myId": "6239e1ab-3426-4f51-9524-062b42aaea3e",
          "selectedDeck": [
            "d384417d-9f6d-4004-8cd8-095a175520ab",
            "48e4defa-d67b-4e2c-a2ea-5e853b212575",
            "3e6d398a-7b69-498c-a9b5-fb7634af9de3",
            "3da711f7-e95e-450d-a312-c558af7ca6cf",
            "5541553d-ada9-44d3-81dc-1c0e27d2774f",
            "3a9919c7-dbab-44b5-950a-499fc1ad55f2",
            "0a7bf66b-b71b-4f2e-a1f0-adc86482effb",
            "dc9742d6-3a19-431d-9f46-36facb65328c",
            "3e0b076f-27a4-472b-8506-2eefd336074a",
            "5ca77ae2-e004-47ee-b14e-dd448d02cbaa",
            "75c8283d-8d4f-4c27-be9e-f986d6802bf3",
            "8fd91131-742b-4cc1-8d59-11ce44d40170"
          ],
          "phase": "playing",
          "runStatus": "playing",
          "suspendedRunSummary": null,
          "extracted": false,
          "telepipe": null,
          "layout": {
            "profile": "crowded",
            "seed": 352369970,
            "roomCount": 10,
            "startRoom": {
              "x": -9,
              "z": 27,
              "role": "start"
            }
          },
          "connectionState": "connected",
          "sceneInitialized": true,
          "hasCanvas": true,
          "lobbyVisible": false,
          "lobbyMenuDismissed": false,
          "characterBoothOpen": false,
          "deckEditorVisible": false,
          "runId": "a3a5ca91-e125-41f2-95ac-903ba856f95e",
          "resumeBtnUsable": false,
          "abandonRunBtnUsable": false,
          "cardHandVisible": true,
          "status": "Latency: 1ms",
          "hpText": "60/100",
          "msText": "50/99",
          "currencyText": "Money 0",
          "currency": 0,
          "player": {
            "hp": 60,
            "magicStones": 50.435000000000734,
            "currency": 0,
            "debugGodmode": false,
            "dead": false,
            "x": -7.65,
            "y": 0.5,
            "z": 19,
            "equippedKeyItemId": "dodge_roll",
            "keyItemCooldownRemaining": 382,
            "cardUseState": null,
            "cardWindupUntil": 0,
            "cardWindupCardId": null,
            "slowedUntil": 0,
            "burningUntil": 0,
            "slowActive": false,
            "burnActive": false
          },
          "windupFlashing": false,
          "keyItemIndicatorOnCooldown": true,
          "keyItemIndicatorText": "0.4",
          "players": 2,
          "squadmates": [
            {
              "id": "73c0fd65-c021-42ae-aa8f-bbcf3d789e9a",
              "x": -6,
              "z": 27
            }
          ],
          "enemies": 2,
          "enemyHp": [
            {
              "id": "bce5b092-0eff-46c6-96db-f661d60e5f27",
              "hp": 100,
              "maxHp": 100,
              "type": "grunt",
              "spawnedBy": null,
              "x": -9.07634162971014,
              "z": 26.935409322861574,
              "slowedUntil": 0,
              "burningUntil": 0,
              "frozenUntil": 0,
              "slowActive": false,
              "burnActive": false
            },
            {
              "id": "7ed7ee1e-84df-4738-9554-3ee0615241c0",
              "hp": 100,
              "maxHp": 100,
              "type": "grunt",
              "spawnedBy": null,
              "x": -8.767088161084974,
              "z": 28.059906555388068,
              "slowedUntil": 0,
              "burningUntil": 0,
              "frozenUntil": 0,
              "slowActive": false,
              "burnActive": false
            }
          ],
          "minions": [],
          "hand": [
            {
              "id": "flame_blade",
              "name": "Solar Edge",
              "type": "weapon",
              "remainingCharges": 2,
              "charges": 2,
              "activeMinionId": null,
              "burnMaxTtl": null,
              "burnLabel": "2/2",
              "creatureBurning": false,
              "isEvolved": false
            },
            {
              "id": "battle_familiar",
              "name": "Signal Familiar",
              "type": "spell",
              "remainingCharges": 1,
              "charges": 1,
              "activeMinionId": null,
              "burnMaxTtl": null,
              "burnLabel": "1/1",
              "creatureBurning": false,
              "isEvolved": false
            },
            {
              "id": "dungeon_drake",
              "name": "Vault Wyrm",
              "type": "creature",
              "remainingCharges": 1,
              "charges": 1,
              "activeMinionId": null,
              "burnMaxTtl": null,
              "burnLabel": "1/1",
              "creatureBurning": false,
              "isEvolved": false,
              "specialEffect": "burning_breath"
            },
            {
              "id": "flame_blade",
              "name": "Solar Edge",
              "type": "weapon",
              "remainingCharges": 2,
              "charges": 2,
              "activeMinionId": null,
              "burnMaxTtl": null,
              "burnLabel": "2/2",
              "creatureBurning": false,
              "isEvolved": false
            },
            {
              "id": "flame_blade",
              "name": "Solar Edge",
              "type": "weapon",
              "remainingCharges": 2,
              "charges": 2,
              "activeMinionId": null,
              "burnMaxTtl": null,
              "burnLabel": "2/2",
              "creatureBurning": false,
              "isEvolved": false
            },
            null
          ],
          "inventory": [
            {
              "instanceId": "d384417d-9f6d-4004-8cd8-095a175520ab",
              "cardId": "iron_sword",
              "grind": 0
            },
            {
              "instanceId": "48e4defa-d67b-4e2c-a2ea-5e853b212575",
              "cardId": "flame_blade",
              "grind": 0
            },
            {
              "instanceId": "3e6d398a-7b69-498c-a9b5-fb7634af9de3",
              "cardId": "battle_familiar",
              "grind": 0
            },
            {
              "instanceId": "3da711f7-e95e-450d-a312-c558af7ca6cf",
              "cardId": "dungeon_drake",
              "grind": 0
            },
            {
              "instanceId": "5541553d-ada9-44d3-81dc-1c0e27d2774f",
              "cardId": "iron_sword",
              "grind": 0
            },
            {
              "instanceId": "3a9919c7-dbab-44b5-950a-499fc1ad55f2",
              "cardId": "iron_sword",
              "grind": 0
            },
            {
              "instanceId": "0a7bf66b-b71b-4f2e-a1f0-adc86482effb",
              "cardId": "iron_sword",
              "grind": 0
            },
            {
              "instanceId": "dc9742d6-3a19-431d-9f46-36facb65328c",
              "cardId": "battle_familiar",
              "grind": 0
            },
            {
              "instanceId": "3e0b076f-27a4-472b-8506-2eefd336074a",
              "cardId": "battle_familiar",
              "grind": 0
            },
            {
              "instanceId": "5ca77ae2-e004-47ee-b14e-dd448d02cbaa",
              "cardId": "flame_blade",
              "grind": 0
            },
            {
              "instanceId": "75c8283d-8d4f-4c27-be9e-f986d6802bf3",
              "cardId": "flame_blade",
              "grind": 0
            },
            {
              "instanceId": "8fd91131-742b-4cc1-8d59-11ce44d40170",
              "cardId": "dungeon_drake",
              "grind": 0
            }
          ],
          "lastEvolutionResult": null
        },
        "keyItemIndicatorOnCooldown": true,
        "keyItemIndicatorText": "\n        \n        Dodge Roll\n        E\n        0.4\n      ",
        "keyItemCooldownRemaining": 382,
        "status": "Latency: 1ms",
        "hasCanvas": true,
        "canvasCount": 2,
        "lobbyVisible": false,
        "cardHandVisible": true,
        "title": "Void Grimoire",
        "bodyText": "👤\nLv\n🔊\n⚙\n62\nLV\n1\nHP\n60/100\nMS\n50/99\nDeck: 7/12\n⟡ 4\n✦ 2\n🐉 1\n✨ 0\nMoney 0\nLatency: 1ms\nDodge Roll\nE\n0.4\nInitiate Vault\nPurged 0 / 6 hostiles\n01\nRewa: Rewa on channel. Move with WASD, close on the opening grunts, and strike with your melee weapon to start the sweep.\nClick to attack · press 1–6 to cast cards\n1\n⚔\nSolar Edge\n650ms wind-up\n2/2\n2\n✦\nSignal Familiar\n50 MS\n1/1\n3\n🐉\nVault Wyrm\nBURNING BREATH\n600ms wind-up\n1/1\n4\n⚔\nSolar Edge\n650ms wind-up\n2/2\n5\n⚔\nSolar Edge\n650ms wind-up\n2/2"
      }
    },
    {
      "player": "A",
      "description": "Final capture probe.",
      "data": {
        "harnessState": {
          "debugScenario": null,
          "debugScenarioAllowed": true,
          "debugScenarioResult": null,
          "debugGodmodeResult": null,
          "objective": {
            "type": "defeat_enemies",
            "totalEnemies": 6,
            "activeEnemyCount": 2,
            "defeatedEnemies": 0,
            "label": "Initiate Vault: Sweep annex holding pens in scripted waves and breach the deeper vault wing."
          },
          "encounter": null,
          "bossEncounter": null,
          "runObjectiveComplete": false,
          "lastRunSummary": null,
          "sortieCompleteOverlayVisible": false,
          "myId": "6239e1ab-3426-4f51-9524-062b42aaea3e",
          "selectedDeck": [
            "d384417d-9f6d-4004-8cd8-095a175520ab",
            "48e4defa-d67b-4e2c-a2ea-5e853b212575",
            "3e6d398a-7b69-498c-a9b5-fb7634af9de3",
            "3da711f7-e95e-450d-a312-c558af7ca6cf",
            "5541553d-ada9-44d3-81dc-1c0e27d2774f",
            "3a9919c7-dbab-44b5-950a-499fc1ad55f2",
            "0a7bf66b-b71b-4f2e-a1f0-adc86482effb",
            "dc9742d6-3a19-431d-9f46-36facb65328c",
            "3e0b076f-27a4-472b-8506-2eefd336074a",
            "5ca77ae2-e004-47ee-b14e-dd448d02cbaa",
            "75c8283d-8d4f-4c27-be9e-f986d6802bf3",
            "8fd91131-742b-4cc1-8d59-11ce44d40170"
          ],
          "phase": "playing",
          "runStatus": "playing",
          "suspendedRunSummary": null,
          "extracted": false,
          "telepipe": null,
          "layout": {
            "profile": "crowded",
            "seed": 352369970,
            "roomCount": 10,
            "startRoom": {
              "x": -9,
              "z": 27,
              "role": "start"
            }
          },
          "connectionState": "connected",
          "sceneInitialized": true,
          "hasCanvas": true,
          "lobbyVisible": false,
          "lobbyMenuDismissed": false,
          "characterBoothOpen": false,
          "deckEditorVisible": false,
          "runId": "a3a5ca91-e125-41f2-95ac-903ba856f95e",
          "resumeBtnUsable": false,
          "abandonRunBtnUsable": false,
          "cardHandVisible": true,
          "status": "Latency: 1ms",
          "hpText": "60/100",
          "msText": "50/99",
          "currencyText": "Money 0",
          "currency": 0,
          "player": {
            "hp": 60,
            "magicStones": 50.475000000000755,
            "currency": 0,
            "debugGodmode": false,
            "dead": false,
            "x": -7.65,
            "y": 0.5,
            "z": 19,
            "equippedKeyItemId": "dodge_roll",
            "keyItemCooldownRemaining": 0,
            "cardUseState": null,
            "cardWindupUntil": 0,
            "cardWindupCardId": null,
            "slowedUntil": 0,
            "burningUntil": 0,
            "slowActive": false,
            "burnActive": false
          },
          "windupFlashing": false,
          "keyItemIndicatorOnCooldown": false,
          "keyItemIndicatorText": "",
          "players": 2,
          "squadmates": [
            {
              "id": "73c0fd65-c021-42ae-aa8f-bbcf3d789e9a",
              "x": -6,
              "z": 27
            }
          ],
          "enemies": 2,
          "enemyHp": [
            {
              "id": "bce5b092-0eff-46c6-96db-f661d60e5f27",
              "hp": 100,
              "maxHp": 100,
              "type": "grunt",
              "spawnedBy": null,
              "x": -9.07030207181506,
              "z": 26.22525973029419,
              "slowedUntil": 0,
              "burningUntil": 0,
              "frozenUntil": 0,
              "slowActive": false,
              "burnActive": false
            },
            {
              "id": "7ed7ee1e-84df-4738-9554-3ee0615241c0",
              "hp": 100,
              "maxHp": 100,
              "type": "grunt",
              "spawnedBy": null,
              "x": -8.368816443961979,
              "z": 28.022763058785074,
              "slowedUntil": 0,
              "burningUntil": 0,
              "frozenUntil": 0,
              "slowActive": false,
              "burnActive": false
            }
          ],
          "minions": [],
          "hand": [
            {
              "id": "flame_blade",
              "name": "Solar Edge",
              "type": "weapon",
              "remainingCharges": 2,
              "charges": 2,
              "activeMinionId": null,
              "burnMaxTtl": null,
              "burnLabel": "2/2",
              "creatureBurning": false,
              "isEvolved": false
            },
            {
              "id": "battle_familiar",
              "name": "Signal Familiar",
              "type": "spell",
              "remainingCharges": 1,
              "charges": 1,
              "activeMinionId": null,
              "burnMaxTtl": null,
              "burnLabel": "1/1",
              "creatureBurning": false,
              "isEvolved": false
            },
            {
              "id": "dungeon_drake",
              "name": "Vault Wyrm",
              "type": "creature",
              "remainingCharges": 1,
              "charges": 1,
              "activeMinionId": null,
              "burnMaxTtl": null,
              "burnLabel": "1/1",
              "creatureBurning": false,
              "isEvolved": false,
              "specialEffect": "burning_breath"
            },
            {
              "id": "flame_blade",
              "name": "Solar Edge",
              "type": "weapon",
              "remainingCharges": 2,
              "charges": 2,
              "activeMinionId": null,
              "burnMaxTtl": null,
              "burnLabel": "2/2",
              "creatureBurning": false,
              "isEvolved": false
            },
            {
              "id": "flame_blade",
              "name": "Solar Edge",
              "type": "weapon",
              "remainingCharges": 2,
              "charges": 2,
              "activeMinionId": null,
              "burnMaxTtl": null,
              "burnLabel": "2/2",
              "creatureBurning": false,
              "isEvolved": false
            },
            null
          ],
          "inventory": [
            {
              "instanceId": "d384417d-9f6d-4004-8cd8-095a175520ab",
              "cardId": "iron_sword",
              "grind": 0
            },
            {
              "instanceId": "48e4defa-d67b-4e2c-a2ea-5e853b212575",
              "cardId": "flame_blade",
              "grind": 0
            },
            {
              "instanceId": "3e6d398a-7b69-498c-a9b5-fb7634af9de3",
              "cardId": "battle_familiar",
              "grind": 0
            },
            {
              "instanceId": "3da711f7-e95e-450d-a312-c558af7ca6cf",
              "cardId": "dungeon_drake",
              "grind": 0
            },
            {
              "instanceId": "5541553d-ada9-44d3-81dc-1c0e27d2774f",
              "cardId": "iron_sword",
              "grind": 0
            },
            {
              "instanceId": "3a9919c7-dbab-44b5-950a-499fc1ad55f2",
              "cardId": "iron_sword",
              "grind": 0
            },
            {
              "instanceId": "0a7bf66b-b71b-4f2e-a1f0-adc86482effb",
              "cardId": "iron_sword",
              "grind": 0
            },
            {
              "instanceId": "dc9742d6-3a19-431d-9f46-36facb65328c",
              "cardId": "battle_familiar",
              "grind": 0
            },
            {
              "instanceId": "3e0b076f-27a4-472b-8506-2eefd336074a",
              "cardId": "battle_familiar",
              "grind": 0
            },
            {
              "instanceId": "5ca77ae2-e004-47ee-b14e-dd448d02cbaa",
              "cardId": "flame_blade",
              "grind": 0
            },
            {
              "instanceId": "75c8283d-8d4f-4c27-be9e-f986d6802bf3",
              "cardId": "flame_blade",
              "grind": 0
            },
            {
              "instanceId": "8fd91131-742b-4cc1-8d59-11ce44d40170",
              "cardId": "dungeon_drake",
              "grind": 0
            }
          ],
          "lastEvolutionResult": null
        },
        "keyItemIndicatorOnCooldown": false,
        "keyItemIndicatorText": "\n        \n        Dodge Roll\n        E\n        \n      ",
        "keyItemCooldownRemaining": 0,
        "status": "Latency: 1ms",
        "hasCanvas": true,
        "canvasCount": 2,
        "lobbyVisible": false,
        "cardHandVisible": true,
        "title": "Void Grimoire",
        "bodyText": "👤\nLv\n🔊\n⚙\n62\nLV\n1\nHP\n60/100\nMS\n50/99\nDeck: 7/12\n⟡ 4\n✦ 2\n🐉 1\n✨ 0\nMoney 0\nLatency: 1ms\nDodge Roll\nE\nInitiate Vault\nPurged 0 / 6 hostiles\n01\nRewa: Rewa on channel. Move with WASD, close on the opening grunts, and strike with your melee weapon to start the sweep.\nClick to attack · press 1–6 to cast cards\n1\n⚔\nSolar Edge\n650ms wind-up\n2/2\n2\n✦\nSignal Familiar\n50 MS\n1/1\n3\n🐉\nVault Wyrm\nBURNING BREATH\n600ms wind-up\n1/1\n4\n⚔\nSolar Edge\n650ms wind-up\n2/2\n5\n⚔\nSolar Edge\n650ms wind-up\n2/2"
      }
    }
  ],
  "pageerrors": []
}
