[joinLobby] timeout waiting for #lobby visibility: page.waitForFunction: Timeout 10000ms exceeded.
{
  "url": "http://localhost:5174/",
  "ok": true,
  "ticketFile": "/home/matt/workspace/.autogame-worktrees/epic-pso-style-quest-identity-rework-scripted-encounters-bri-o0vv/tickets/epic-pso-style-quest-identity-rework-scripted-encounters-bri-o0vv/ticket.md",
  "capturePlanSource": "fallback",
  "capturePlanValid": true,
  "capturePlanAttempts": [],
  "capturePlanSummary": "Deterministic full-flow smoke capture: auth, lobby create/join, ready transition, movement, dodge/key-item with post-dodge cooldown probe.",
  "scenarios": [],
  "screenshots": [
    {
      "file": "01-initial.png",
      "player": "A",
      "description": "Both players in squad lobby."
    },
    {
      "file": "02-after-w.png",
      "player": "A",
      "description": "Gameplay after holding W."
    },
    {
      "file": "03-after-d.png",
      "player": "A",
      "description": "Gameplay after holding D."
    },
    {
      "file": "04-after-dodge.png",
      "player": "A",
      "description": "Gameplay after dodge roll with cooldown HUD."
    }
  ],
  "probes": [
    {
      "player": "A",
      "description": "After readying all players and entering gameplay.",
      "data": {
        "harnessState": {
          "debugScenario": null,
          "debugScenarioAllowed": true,
          "debugScenarioResult": null,
          "debugGodmodeResult": null,
          "objective": {
            "type": "defeat_enemies",
            "totalEnemies": 6,
            "defeatedEnemies": 0,
            "label": "Initiate Vault: Sweep annex holding pens in scripted waves and breach the vault mouth."
          },
          "encounter": null,
          "bossEncounter": null,
          "runObjectiveComplete": false,
          "lastRunSummary": null,
          "sortieCompleteOverlayVisible": false,
          "myId": "4f7b386c-dc1b-4e9b-8934-eca55c1be122",
          "selectedDeck": [
            "969d383b-f8e6-42c6-9aa2-c16f9b6a5356",
            "4403747d-9c14-477a-b93d-1085b951d83e",
            "04bb8abf-29ce-49f5-9bed-1210cc1109a4",
            "7c0f24b4-e7d7-47c5-8585-362e5b8515ef",
            "da64b621-38ec-4090-8514-16fd9d27754b",
            "ed9ae34d-8c4e-464f-b0c7-c7f10e24f282",
            "1a3ddf4a-b2ae-4fa9-949b-d48a4b32a258",
            "e884a107-1e1b-415e-bfe7-167dc87a355b",
            "05b088b0-83de-4c7e-a1a7-40d05a2583ea",
            "c4ff38db-596e-4795-9e76-77376b78c8cd",
            "b7f74fd4-b1eb-4ab2-b620-21f3d411ca64",
            "21c96eb2-87cb-4258-a044-29a18a5b276d"
          ],
          "phase": "playing",
          "runStatus": "playing",
          "suspendedRunSummary": null,
          "extracted": false,
          "telepipe": null,
          "layout": {
            "profile": "crowded",
            "seed": 352369970,
            "roomCount": 10,
            "startRoom": {
              "x": -9,
              "z": 27,
              "role": "start"
            }
          },
          "connectionState": "connected",
          "sceneInitialized": true,
          "hasCanvas": true,
          "lobbyVisible": false,
          "lobbyMenuDismissed": false,
          "characterBoothOpen": false,
          "deckEditorVisible": false,
          "runId": "8794b9bd-27df-4487-b1c0-22c840fd61b1",
          "resumeBtnUsable": false,
          "abandonRunBtnUsable": false,
          "cardHandVisible": true,
          "status": "Latency: 1ms",
          "hpText": "40/100",
          "msText": "50/99",
          "currencyText": "Money 0",
          "currency": 0,
          "player": {
            "hp": 40,
            "magicStones": 50.19000000000061,
            "currency": 0,
            "debugGodmode": false,
            "dead": false,
            "x": -9,
            "y": 0.5,
            "z": 27,
            "equippedKeyItemId": "dodge_roll",
            "keyItemCooldownRemaining": 0,
            "cardUseState": null,
            "cardWindupUntil": 0,
            "cardWindupCardId": null,
            "slowedUntil": 0,
            "burningUntil": 0,
            "slowActive": false,
            "burnActive": false
          },
          "windupFlashing": false,
          "keyItemIndicatorOnCooldown": false,
          "keyItemIndicatorText": "",
          "players": 2,
          "squadmates": [
            {
              "id": "ccf58a46-3393-45b9-a04c-b85863907276",
              "x": -6,
              "z": 27
            }
          ],
          "enemies": 2,
          "enemyHp": [
            {
              "id": "dd9553fb-d4de-4b21-b9ee-1da492949314",
              "hp": 100,
              "maxHp": 100,
              "type": "grunt",
              "spawnedBy": null,
              "x": -9,
              "z": 27,
              "slowedUntil": 0,
              "burningUntil": 0,
              "frozenUntil": 0,
              "slowActive": false,
              "burnActive": false
            },
            {
              "id": "9d9764b7-bc7d-4d53-b84a-624c55ed8c35",
              "hp": 100,
              "maxHp": 100,
              "type": "grunt",
              "spawnedBy": null,
              "x": -8.866656090365723,
              "z": 28.069192429538816,
              "slowedUntil": 0,
              "burningUntil": 0,
              "frozenUntil": 0,
              "slowActive": false,
              "burnActive": false
            }
          ],
          "minions": [],
          "hand": [
            {
              "id": "flame_blade",
              "name": "Solar Edge",
              "type": "weapon",
              "remainingCharges": 2,
              "charges": 2,
              "activeMinionId": null,
              "burnMaxTtl": null,
              "burnLabel": "2/2",
              "creatureBurning": false,
              "isEvolved": false
            },
            {
              "id": "battle_familiar",
              "name": "Signal Familiar",
              "type": "spell",
              "remainingCharges": 1,
              "charges": 1,
              "activeMinionId": null,
              "burnMaxTtl": null,
              "burnLabel": "1/1",
              "creatureBurning": false,
              "isEvolved": false
            },
            null,
            {
              "id": "battle_familiar",
              "name": "Signal Familiar",
              "type": "spell",
              "remainingCharges": 1,
              "charges": 1,
              "activeMinionId": null,
              "burnMaxTtl": null,
              "burnLabel": "1/1",
              "creatureBurning": false,
              "isEvolved": false
            },
            {
              "id": "dungeon_drake",
              "name": "Vault Wyrm",
              "type": "creature",
              "remainingCharges": 1,
              "charges": 1,
              "activeMinionId": null,
              "burnMaxTtl": null,
              "burnLabel": "1/1",
              "creatureBurning": false,
              "isEvolved": false,
              "specialEffect": "burning_breath"
            },
            null
          ],
          "inventory": [
            {
              "instanceId": "969d383b-f8e6-42c6-9aa2-c16f9b6a5356",
              "cardId": "iron_sword",
              "grind": 0
            },
            {
              "instanceId": "4403747d-9c14-477a-b93d-1085b951d83e",
              "cardId": "flame_blade",
              "grind": 0
            },
            {
              "instanceId": "04bb8abf-29ce-49f5-9bed-1210cc1109a4",
              "cardId": "battle_familiar",
              "grind": 0
            },
            {
              "instanceId": "7c0f24b4-e7d7-47c5-8585-362e5b8515ef",
              "cardId": "dungeon_drake",
              "grind": 0
            },
            {
              "instanceId": "da64b621-38ec-4090-8514-16fd9d27754b",
              "cardId": "iron_sword",
              "grind": 0
            },
            {
              "instanceId": "ed9ae34d-8c4e-464f-b0c7-c7f10e24f282",
              "cardId": "iron_sword",
              "grind": 0
            },
            {
              "instanceId": "1a3ddf4a-b2ae-4fa9-949b-d48a4b32a258",
              "cardId": "iron_sword",
              "grind": 0
            },
            {
              "instanceId": "e884a107-1e1b-415e-bfe7-167dc87a355b",
              "cardId": "battle_familiar",
              "grind": 0
            },
            {
              "instanceId": "05b088b0-83de-4c7e-a1a7-40d05a2583ea",
              "cardId": "battle_familiar",
              "grind": 0
            },
            {
              "instanceId": "c4ff38db-596e-4795-9e76-77376b78c8cd",
              "cardId": "flame_blade",
              "grind": 0
            },
            {
              "instanceId": "b7f74fd4-b1eb-4ab2-b620-21f3d411ca64",
              "cardId": "flame_blade",
              "grind": 0
            },
            {
              "instanceId": "21c96eb2-87cb-4258-a044-29a18a5b276d",
              "cardId": "dungeon_drake",
              "grind": 0
            }
          ],
          "lastEvolutionResult": null
        },
        "keyItemIndicatorOnCooldown": false,
        "keyItemIndicatorText": "",
        "keyItemCooldownRemaining": 0,
        "status": "Latency: 1ms",
        "hasCanvas": true,
        "canvasCount": 2,
        "lobbyVisible": false,
        "cardHandVisible": true,
        "title": "Void Grimoire",
        "bodyText": "👤\nLv\n🔊\n⚙\n4F\nLV\n1\nHP\n40/100\nMS\n50/99\nDeck: 8/12\n⟡ 6\n✦ 1\n🐉 1\n✨ 0\nMoney 0\nLatency: 1ms\nInitiate Vault\nPurged 0 / 6 hostiles\nClick to attack · press 1–6 to cast cards\n1\n⚔\nSolar Edge\n650ms wind-up\n2/2\n2\n✦\nSignal Familiar\n50 MS\n1/1\n4\n✦\nSignal Familiar\n50 MS\n1/1\n5\n🐉\nVault Wyrm\nBURNING BREATH\n600ms wind-up\n1/1\nANNEX LIAISON KADE\nContract accepted. Sweep the annex — I will mark your progress on the channel."
      }
    },
    {
      "player": "A",
      "description": "After dodge roll — cooldown HUD should be active.",
      "data": {
        "harnessState": {
          "debugScenario": null,
          "debugScenarioAllowed": true,
          "debugScenarioResult": null,
          "debugGodmodeResult": null,
          "objective": {
            "type": "defeat_enemies",
            "totalEnemies": 6,
            "defeatedEnemies": 0,
            "label": "Initiate Vault: Sweep annex holding pens in scripted waves and breach the vault mouth."
          },
          "encounter": null,
          "bossEncounter": null,
          "runObjectiveComplete": false,
          "lastRunSummary": null,
          "sortieCompleteOverlayVisible": false,
          "myId": "4f7b386c-dc1b-4e9b-8934-eca55c1be122",
          "selectedDeck": [
            "969d383b-f8e6-42c6-9aa2-c16f9b6a5356",
            "4403747d-9c14-477a-b93d-1085b951d83e",
            "04bb8abf-29ce-49f5-9bed-1210cc1109a4",
            "7c0f24b4-e7d7-47c5-8585-362e5b8515ef",
            "da64b621-38ec-4090-8514-16fd9d27754b",
            "ed9ae34d-8c4e-464f-b0c7-c7f10e24f282",
            "1a3ddf4a-b2ae-4fa9-949b-d48a4b32a258",
            "e884a107-1e1b-415e-bfe7-167dc87a355b",
            "05b088b0-83de-4c7e-a1a7-40d05a2583ea",
            "c4ff38db-596e-4795-9e76-77376b78c8cd",
            "b7f74fd4-b1eb-4ab2-b620-21f3d411ca64",
            "21c96eb2-87cb-4258-a044-29a18a5b276d"
          ],
          "phase": "playing",
          "runStatus": "playing",
          "suspendedRunSummary": null,
          "extracted": false,
          "telepipe": null,
          "layout": {
            "profile": "crowded",
            "seed": 352369970,
            "roomCount": 10,
            "startRoom": {
              "x": -9,
              "z": 27,
              "role": "start"
            }
          },
          "connectionState": "connected",
          "sceneInitialized": true,
          "hasCanvas": true,
          "lobbyVisible": false,
          "lobbyMenuDismissed": false,
          "characterBoothOpen": false,
          "deckEditorVisible": false,
          "runId": "8794b9bd-27df-4487-b1c0-22c840fd61b1",
          "resumeBtnUsable": false,
          "abandonRunBtnUsable": false,
          "cardHandVisible": true,
          "status": "Latency: 2ms",
          "hpText": "40/100",
          "msText": "50/99",
          "currencyText": "Money 0",
          "currency": 0,
          "player": {
            "hp": 40,
            "magicStones": 50.770000000000906,
            "currency": 0,
            "debugGodmode": false,
            "dead": false,
            "x": -7.65,
            "y": 0.5,
            "z": 19,
            "equippedKeyItemId": "dodge_roll",
            "keyItemCooldownRemaining": 381,
            "cardUseState": null,
            "cardWindupUntil": 0,
            "cardWindupCardId": null,
            "slowedUntil": 0,
            "burningUntil": 0,
            "slowActive": false,
            "burnActive": false
          },
          "windupFlashing": false,
          "keyItemIndicatorOnCooldown": true,
          "keyItemIndicatorText": "0.4",
          "players": 2,
          "squadmates": [
            {
              "id": "ccf58a46-3393-45b9-a04c-b85863907276",
              "x": -6,
              "z": 27
            }
          ],
          "enemies": 2,
          "enemyHp": [
            {
              "id": "dd9553fb-d4de-4b21-b9ee-1da492949314",
              "hp": 100,
              "maxHp": 100,
              "type": "grunt",
              "spawnedBy": null,
              "x": -8.337389037451691,
              "z": 22.913233018922575,
              "slowedUntil": 0,
              "burningUntil": 0,
              "frozenUntil": 0,
              "slowActive": false,
              "burnActive": false
            },
            {
              "id": "9d9764b7-bc7d-4d53-b84a-624c55ed8c35",
              "hp": 100,
              "maxHp": 100,
              "type": "grunt",
              "spawnedBy": null,
              "x": -6.966890006741042,
              "z": 25.834749507893786,
              "slowedUntil": 0,
              "burningUntil": 0,
              "frozenUntil": 0,
              "slowActive": false,
              "burnActive": false
            }
          ],
          "minions": [],
          "hand": [
            {
              "id": "flame_blade",
              "name": "Solar Edge",
              "type": "weapon",
              "remainingCharges": 2,
              "charges": 2,
              "activeMinionId": null,
              "burnMaxTtl": null,
              "burnLabel": "2/2",
              "creatureBurning": false,
              "isEvolved": false
            },
            {
              "id": "battle_familiar",
              "name": "Signal Familiar",
              "type": "spell",
              "remainingCharges": 1,
              "charges": 1,
              "activeMinionId": null,
              "burnMaxTtl": null,
              "burnLabel": "1/1",
              "creatureBurning": false,
              "isEvolved": false
            },
            {
              "id": "battle_familiar",
              "name": "Signal Familiar",
              "type": "spell",
              "remainingCharges": 1,
              "charges": 1,
              "activeMinionId": null,
              "burnMaxTtl": null,
              "burnLabel": "1/1",
              "creatureBurning": false,
              "isEvolved": false
            },
            {
              "id": "battle_familiar",
              "name": "Signal Familiar",
              "type": "spell",
              "remainingCharges": 1,
              "charges": 1,
              "activeMinionId": null,
              "burnMaxTtl": null,
              "burnLabel": "1/1",
              "creatureBurning": false,
              "isEvolved": false
            },
            {
              "id": "dungeon_drake",
              "name": "Vault Wyrm",
              "type": "creature",
              "remainingCharges": 1,
              "charges": 1,
              "activeMinionId": null,
              "burnMaxTtl": null,
              "burnLabel": "1/1",
              "creatureBurning": false,
              "isEvolved": false,
              "specialEffect": "burning_breath"
            },
            null
          ],
          "inventory": [
            {
              "instanceId": "969d383b-f8e6-42c6-9aa2-c16f9b6a5356",
              "cardId": "iron_sword",
              "grind": 0
            },
            {
              "instanceId": "4403747d-9c14-477a-b93d-1085b951d83e",
              "cardId": "flame_blade",
              "grind": 0
            },
            {
              "instanceId": "04bb8abf-29ce-49f5-9bed-1210cc1109a4",
              "cardId": "battle_familiar",
              "grind": 0
            },
            {
              "instanceId": "7c0f24b4-e7d7-47c5-8585-362e5b8515ef",
              "cardId": "dungeon_drake",
              "grind": 0
            },
            {
              "instanceId": "da64b621-38ec-4090-8514-16fd9d27754b",
              "cardId": "iron_sword",
              "grind": 0
            },
            {
              "instanceId": "ed9ae34d-8c4e-464f-b0c7-c7f10e24f282",
              "cardId": "iron_sword",
              "grind": 0
            },
            {
              "instanceId": "1a3ddf4a-b2ae-4fa9-949b-d48a4b32a258",
              "cardId": "iron_sword",
              "grind": 0
            },
            {
              "instanceId": "e884a107-1e1b-415e-bfe7-167dc87a355b",
              "cardId": "battle_familiar",
              "grind": 0
            },
            {
              "instanceId": "05b088b0-83de-4c7e-a1a7-40d05a2583ea",
              "cardId": "battle_familiar",
              "grind": 0
            },
            {
              "instanceId": "c4ff38db-596e-4795-9e76-77376b78c8cd",
              "cardId": "flame_blade",
              "grind": 0
            },
            {
              "instanceId": "b7f74fd4-b1eb-4ab2-b620-21f3d411ca64",
              "cardId": "flame_blade",
              "grind": 0
            },
            {
              "instanceId": "21c96eb2-87cb-4258-a044-29a18a5b276d",
              "cardId": "dungeon_drake",
              "grind": 0
            }
          ],
          "lastEvolutionResult": null
        },
        "keyItemIndicatorOnCooldown": true,
        "keyItemIndicatorText": "0.4",
        "keyItemCooldownRemaining": 381,
        "status": "Latency: 2ms",
        "hasCanvas": true,
        "canvasCount": 2,
        "lobbyVisible": false,
        "cardHandVisible": true,
        "title": "Void Grimoire",
        "bodyText": "👤\nLv\n🔊\n⚙\n4F\nLV\n1\nHP\n40/100\nMS\n50/99\nDeck: 7/12\n⟡ 6\n✦ 0\n🐉 1\n✨ 0\nMoney 0\nLatency: 2ms\n0.4\nInitiate Vault\nPurged 0 / 6 hostiles\nClick to attack · press 1–6 to cast cards\n1\n⚔\nSolar Edge\n650ms wind-up\n2/2\n2\n✦\nSignal Familiar\n50 MS\n1/1\n3\n✦\nSignal Familiar\n50 MS\n1/1\n4\n✦\nSignal Familiar\n50 MS\n1/1\n5\n🐉\nVault Wyrm\nBURNING BREATH\n600ms wind-up\n1/1"
      }
    },
    {
      "player": "A",
      "description": "Final capture probe.",
      "data": {
        "harnessState": {
          "debugScenario": null,
          "debugScenarioAllowed": true,
          "debugScenarioResult": null,
          "debugGodmodeResult": null,
          "objective": {
            "type": "defeat_enemies",
            "totalEnemies": 6,
            "defeatedEnemies": 0,
            "label": "Initiate Vault: Sweep annex holding pens in scripted waves and breach the vault mouth."
          },
          "encounter": null,
          "bossEncounter": null,
          "runObjectiveComplete": false,
          "lastRunSummary": null,
          "sortieCompleteOverlayVisible": false,
          "myId": "4f7b386c-dc1b-4e9b-8934-eca55c1be122",
          "selectedDeck": [
            "969d383b-f8e6-42c6-9aa2-c16f9b6a5356",
            "4403747d-9c14-477a-b93d-1085b951d83e",
            "04bb8abf-29ce-49f5-9bed-1210cc1109a4",
            "7c0f24b4-e7d7-47c5-8585-362e5b8515ef",
            "da64b621-38ec-4090-8514-16fd9d27754b",
            "ed9ae34d-8c4e-464f-b0c7-c7f10e24f282",
            "1a3ddf4a-b2ae-4fa9-949b-d48a4b32a258",
            "e884a107-1e1b-415e-bfe7-167dc87a355b",
            "05b088b0-83de-4c7e-a1a7-40d05a2583ea",
            "c4ff38db-596e-4795-9e76-77376b78c8cd",
            "b7f74fd4-b1eb-4ab2-b620-21f3d411ca64",
            "21c96eb2-87cb-4258-a044-29a18a5b276d"
          ],
          "phase": "playing",
          "runStatus": "playing",
          "suspendedRunSummary": null,
          "extracted": false,
          "telepipe": null,
          "layout": {
            "profile": "crowded",
            "seed": 352369970,
            "roomCount": 10,
            "startRoom": {
              "x": -9,
              "z": 27,
              "role": "start"
            }
          },
          "connectionState": "connected",
          "sceneInitialized": true,
          "hasCanvas": true,
          "lobbyVisible": false,
          "lobbyMenuDismissed": false,
          "characterBoothOpen": false,
          "deckEditorVisible": false,
          "runId": "8794b9bd-27df-4487-b1c0-22c840fd61b1",
          "resumeBtnUsable": false,
          "abandonRunBtnUsable": false,
          "cardHandVisible": true,
          "status": "Latency: 2ms",
          "hpText": "40/100",
          "msText": "50/99",
          "currencyText": "Money 0",
          "currency": 0,
          "player": {
            "hp": 40,
            "magicStones": 50.845000000000944,
            "currency": 0,
            "debugGodmode": false,
            "dead": false,
            "x": -7.65,
            "y": 0.5,
            "z": 19,
            "equippedKeyItemId": "dodge_roll",
            "keyItemCooldownRemaining": 0,
            "cardUseState": null,
            "cardWindupUntil": 0,
            "cardWindupCardId": null,
            "slowedUntil": 0,
            "burningUntil": 0,
            "slowActive": false,
            "burnActive": false
          },
          "windupFlashing": false,
          "keyItemIndicatorOnCooldown": false,
          "keyItemIndicatorText": "",
          "players": 2,
          "squadmates": [
            {
              "id": "ccf58a46-3393-45b9-a04c-b85863907276",
              "x": -6,
              "z": 27
            }
          ],
          "enemies": 2,
          "enemyHp": [
            {
              "id": "dd9553fb-d4de-4b21-b9ee-1da492949314",
              "hp": 100,
              "maxHp": 100,
              "type": "grunt",
              "spawnedBy": null,
              "x": -8.337389037451691,
              "z": 22.913233018922575,
              "slowedUntil": 0,
              "burningUntil": 0,
              "frozenUntil": 0,
              "slowActive": false,
              "burnActive": false
            },
            {
              "id": "9d9764b7-bc7d-4d53-b84a-624c55ed8c35",
              "hp": 100,
              "maxHp": 100,
              "type": "grunt",
              "spawnedBy": null,
              "x": -7.153360842331537,
              "z": 23.969044915126148,
              "slowedUntil": 0,
              "burningUntil": 0,
              "frozenUntil": 0,
              "slowActive": false,
              "burnActive": false
            }
          ],
          "minions": [],
          "hand": [
            {
              "id": "flame_blade",
              "name": "Solar Edge",
              "type": "weapon",
              "remainingCharges": 2,
              "charges": 2,
              "activeMinionId": null,
              "burnMaxTtl": null,
              "burnLabel": "2/2",
              "creatureBurning": false,
              "isEvolved": false
            },
            {
              "id": "battle_familiar",
              "name": "Signal Familiar",
              "type": "spell",
              "remainingCharges": 1,
              "charges": 1,
              "activeMinionId": null,
              "burnMaxTtl": null,
              "burnLabel": "1/1",
              "creatureBurning": false,
              "isEvolved": false
            },
            {
              "id": "battle_familiar",
              "name": "Signal Familiar",
              "type": "spell",
              "remainingCharges": 1,
              "charges": 1,
              "activeMinionId": null,
              "burnMaxTtl": null,
              "burnLabel": "1/1",
              "creatureBurning": false,
              "isEvolved": false
            },
            {
              "id": "battle_familiar",
              "name": "Signal Familiar",
              "type": "spell",
              "remainingCharges": 1,
              "charges": 1,
              "activeMinionId": null,
              "burnMaxTtl": null,
              "burnLabel": "1/1",
              "creatureBurning": false,
              "isEvolved": false
            },
            {
              "id": "dungeon_drake",
              "name": "Vault Wyrm",
              "type": "creature",
              "remainingCharges": 1,
              "charges": 1,
              "activeMinionId": null,
              "burnMaxTtl": null,
              "burnLabel": "1/1",
              "creatureBurning": false,
              "isEvolved": false,
              "specialEffect": "burning_breath"
            },
            null
          ],
          "inventory": [
            {
              "instanceId": "969d383b-f8e6-42c6-9aa2-c16f9b6a5356",
              "cardId": "iron_sword",
              "grind": 0
            },
            {
              "instanceId": "4403747d-9c14-477a-b93d-1085b951d83e",
              "cardId": "flame_blade",
              "grind": 0
            },
            {
              "instanceId": "04bb8abf-29ce-49f5-9bed-1210cc1109a4",
              "cardId": "battle_familiar",
              "grind": 0
            },
            {
              "instanceId": "7c0f24b4-e7d7-47c5-8585-362e5b8515ef",
              "cardId": "dungeon_drake",
              "grind": 0
            },
            {
              "instanceId": "da64b621-38ec-4090-8514-16fd9d27754b",
              "cardId": "iron_sword",
              "grind": 0
            },
            {
              "instanceId": "ed9ae34d-8c4e-464f-b0c7-c7f10e24f282",
              "cardId": "iron_sword",
              "grind": 0
            },
            {
              "instanceId": "1a3ddf4a-b2ae-4fa9-949b-d48a4b32a258",
              "cardId": "iron_sword",
              "grind": 0
            },
            {
              "instanceId": "e884a107-1e1b-415e-bfe7-167dc87a355b",
              "cardId": "battle_familiar",
              "grind": 0
            },
            {
              "instanceId": "05b088b0-83de-4c7e-a1a7-40d05a2583ea",
              "cardId": "battle_familiar",
              "grind": 0
            },
            {
              "instanceId": "c4ff38db-596e-4795-9e76-77376b78c8cd",
              "cardId": "flame_blade",
              "grind": 0
            },
            {
              "instanceId": "b7f74fd4-b1eb-4ab2-b620-21f3d411ca64",
              "cardId": "flame_blade",
              "grind": 0
            },
            {
              "instanceId": "21c96eb2-87cb-4258-a044-29a18a5b276d",
              "cardId": "dungeon_drake",
              "grind": 0
            }
          ],
          "lastEvolutionResult": null
        },
        "keyItemIndicatorOnCooldown": false,
        "keyItemIndicatorText": "",
        "keyItemCooldownRemaining": 0,
        "status": "Latency: 2ms",
        "hasCanvas": true,
        "canvasCount": 2,
        "lobbyVisible": false,
        "cardHandVisible": true,
        "title": "Void Grimoire",
        "bodyText": "👤\nLv\n🔊\n⚙\n4F\nLV\n1\nHP\n40/100\nMS\n50/99\nDeck: 7/12\n⟡ 6\n✦ 0\n🐉 1\n✨ 0\nMoney 0\nLatency: 2ms\nInitiate Vault\nPurged 0 / 6 hostiles\nClick to attack · press 1–6 to cast cards\n1\n⚔\nSolar Edge\n650ms wind-up\n2/2\n2\n✦\nSignal Familiar\n50 MS\n1/1\n3\n✦\nSignal Familiar\n50 MS\n1/1\n4\n✦\nSignal Familiar\n50 MS\n1/1\n5\n🐉\nVault Wyrm\nBURNING BREATH\n600ms wind-up\n1/1"
      }
    }
  ],
  "pageerrors": []
}
