[joinLobby] timeout waiting for #lobby visibility: page.waitForFunction: Timeout 10000ms exceeded.
{
  "url": "http://localhost:5174/",
  "ok": true,
  "ticketFile": "/home/matt/workspace/.autogame-worktrees/375-height-aware-projectile-aiming/tickets/375-height-aware-projectile-aiming/ticket.md",
  "capturePlanSource": "fallback",
  "capturePlanValid": true,
  "capturePlanAttempts": [],
  "capturePlanSummary": "Deterministic full-flow smoke capture: auth, lobby create/join, ready transition, movement, dodge/key-item with post-dodge cooldown probe.",
  "scenarios": [],
  "screenshots": [
    {
      "file": "01-initial.png",
      "player": "A",
      "description": "Both players in squad lobby."
    },
    {
      "file": "02-after-w.png",
      "player": "A",
      "description": "Gameplay after holding W."
    },
    {
      "file": "03-after-d.png",
      "player": "A",
      "description": "Gameplay after holding D."
    },
    {
      "file": "04-after-dodge.png",
      "player": "A",
      "description": "Gameplay after dodge roll with cooldown HUD."
    }
  ],
  "probes": [
    {
      "player": "A",
      "description": "After readying all players and entering gameplay.",
      "data": {
        "harnessState": {
          "debugScenario": null,
          "debugScenarioAllowed": true,
          "debugScenarioResult": null,
          "debugGodmodeResult": null,
          "objective": {
            "type": "defeat_enemies",
            "totalEnemies": 5,
            "defeatedEnemies": 0,
            "label": "Initiate Vault: Purge hostiles from the derelict annex sector."
          },
          "encounter": null,
          "bossEncounter": null,
          "runObjectiveComplete": false,
          "lastRunSummary": null,
          "sortieCompleteOverlayVisible": false,
          "myId": "a27c2ad8-bd69-40d2-9444-577436684321",
          "selectedDeck": [
            "702b376f-80ab-40f2-88b6-3207685c30b5",
            "c5f6e6b8-a19b-4b6a-b5d2-5499baa2b049",
            "7ea06778-1046-4863-920e-1653085a704e",
            "94725a1a-f204-4383-a9c2-18dfa358a366",
            "52d62a6a-40e3-4ba4-b033-c20b1afb976f",
            "05e2217f-8148-4b26-895b-e93c91710880",
            "27289419-e02e-4f68-8bb0-60ffa5c223a0",
            "eddaeb18-6bd4-4166-97a1-20840bcdb28b",
            "fb874e9d-8a2d-4bda-97fa-912cd279b39e",
            "0d33cddd-2218-42c9-826c-1fba84ef3d25",
            "d08bffaf-521b-4d39-8aac-32cd7f47b114",
            "48308aff-1a00-4c25-9cdd-594c5afd64e6"
          ],
          "phase": "playing",
          "runStatus": "playing",
          "suspendedRunSummary": null,
          "extracted": false,
          "telepipe": null,
          "layout": {
            "profile": "crowded",
            "seed": 352369970,
            "roomCount": 10,
            "startRoom": {
              "x": -9,
              "z": 27,
              "role": "start"
            }
          },
          "connectionState": "connected",
          "sceneInitialized": true,
          "hasCanvas": true,
          "lobbyVisible": false,
          "lobbyMenuDismissed": false,
          "characterBoothOpen": false,
          "deckEditorVisible": false,
          "runId": "868f71c0-0224-449a-bfe9-e827b5e8b0f3",
          "resumeBtnUsable": false,
          "abandonRunBtnUsable": false,
          "cardHandVisible": true,
          "status": "Latency: 1ms",
          "hpText": "94/100",
          "msText": "99/99",
          "currencyText": "Money 0",
          "currency": 0,
          "player": {
            "hp": 94,
            "magicStones": 99,
            "currency": 0,
            "debugGodmode": false,
            "dead": false,
            "x": -9,
            "y": 0.5,
            "z": 27,
            "equippedKeyItemId": "dodge_roll",
            "keyItemCooldownRemaining": 0,
            "cardUseState": null,
            "cardWindupUntil": 0,
            "cardWindupCardId": null,
            "slowedUntil": 0,
            "burningUntil": 0,
            "slowActive": false,
            "burnActive": false
          },
          "windupFlashing": false,
          "keyItemIndicatorOnCooldown": false,
          "keyItemIndicatorText": "",
          "players": 2,
          "squadmates": [
            {
              "id": "c9fbb2cf-bfbf-463f-8d59-8393035602e1",
              "x": -6,
              "z": 27
            }
          ],
          "enemies": 5,
          "enemyHp": [
            {
              "id": "dbbf973f-71a5-4e2b-9f4e-71822bb617b7",
              "hp": 40,
              "maxHp": 40,
              "type": "skirmisher",
              "spawnedBy": null,
              "x": -11.408077922192012,
              "z": 5.3496986288098975,
              "slowedUntil": 0,
              "burningUntil": 0,
              "frozenUntil": 0,
              "slowActive": false,
              "burnActive": false
            },
            {
              "id": "7700e909-b737-44d6-b82b-4405de2d072f",
              "hp": 40,
              "maxHp": 40,
              "type": "skirmisher",
              "spawnedBy": null,
              "x": 4.996829119334904,
              "z": 10.43622759672993,
              "slowedUntil": 0,
              "burningUntil": 0,
              "frozenUntil": 0,
              "slowActive": false,
              "burnActive": false
            },
            {
              "id": "161ab454-b512-46dd-8a5f-c3553c882b6b",
              "hp": 40,
              "maxHp": 40,
              "type": "skirmisher",
              "spawnedBy": null,
              "x": -25.13706161682425,
              "z": 21.833939502353147,
              "slowedUntil": 0,
              "burningUntil": 0,
              "frozenUntil": 0,
              "slowActive": false,
              "burnActive": false
            },
            {
              "id": "77e681ac-464d-49b6-9e70-55b95bc0b1dc",
              "hp": 100,
              "maxHp": 100,
              "type": "grunt",
              "spawnedBy": null,
              "x": 27.219871341350075,
              "z": 29.180312054941684,
              "slowedUntil": 0,
              "burningUntil": 0,
              "frozenUntil": 0,
              "slowActive": false,
              "burnActive": false
            },
            {
              "id": "64429791-4d5a-4d15-926f-56ae3cdca58b",
              "hp": 40,
              "maxHp": 40,
              "type": "skirmisher",
              "spawnedBy": null,
              "x": 4.930821546935562,
              "z": 23.619888788333803,
              "slowedUntil": 0,
              "burningUntil": 0,
              "frozenUntil": 0,
              "slowActive": false,
              "burnActive": false
            }
          ],
          "minions": [],
          "hand": [
            {
              "id": "flame_blade",
              "name": "Solar Edge",
              "type": "weapon",
              "remainingCharges": 2,
              "charges": 2,
              "activeMinionId": null,
              "burnMaxTtl": null,
              "burnLabel": "2/2",
              "creatureBurning": false,
              "isEvolved": false
            },
            {
              "id": "dungeon_drake",
              "name": "Vault Wyrm",
              "type": "creature",
              "remainingCharges": 1,
              "charges": 1,
              "activeMinionId": null,
              "burnMaxTtl": null,
              "burnLabel": "1/1",
              "creatureBurning": false,
              "isEvolved": false,
              "specialEffect": "burning_breath"
            },
            null,
            {
              "id": "battle_familiar",
              "name": "Signal Familiar",
              "type": "spell",
              "remainingCharges": 1,
              "charges": 1,
              "activeMinionId": null,
              "burnMaxTtl": null,
              "burnLabel": "1/1",
              "creatureBurning": false,
              "isEvolved": false
            },
            {
              "id": "battle_familiar",
              "name": "Signal Familiar",
              "type": "spell",
              "remainingCharges": 1,
              "charges": 1,
              "activeMinionId": null,
              "burnMaxTtl": null,
              "burnLabel": "1/1",
              "creatureBurning": false,
              "isEvolved": false
            },
            null
          ],
          "inventory": [
            {
              "instanceId": "702b376f-80ab-40f2-88b6-3207685c30b5",
              "cardId": "iron_sword",
              "grind": 0
            },
            {
              "instanceId": "c5f6e6b8-a19b-4b6a-b5d2-5499baa2b049",
              "cardId": "flame_blade",
              "grind": 0
            },
            {
              "instanceId": "7ea06778-1046-4863-920e-1653085a704e",
              "cardId": "battle_familiar",
              "grind": 0
            },
            {
              "instanceId": "94725a1a-f204-4383-a9c2-18dfa358a366",
              "cardId": "dungeon_drake",
              "grind": 0
            },
            {
              "instanceId": "52d62a6a-40e3-4ba4-b033-c20b1afb976f",
              "cardId": "iron_sword",
              "grind": 0
            },
            {
              "instanceId": "05e2217f-8148-4b26-895b-e93c91710880",
              "cardId": "iron_sword",
              "grind": 0
            },
            {
              "instanceId": "27289419-e02e-4f68-8bb0-60ffa5c223a0",
              "cardId": "iron_sword",
              "grind": 0
            },
            {
              "instanceId": "eddaeb18-6bd4-4166-97a1-20840bcdb28b",
              "cardId": "battle_familiar",
              "grind": 0
            },
            {
              "instanceId": "fb874e9d-8a2d-4bda-97fa-912cd279b39e",
              "cardId": "battle_familiar",
              "grind": 0
            },
            {
              "instanceId": "0d33cddd-2218-42c9-826c-1fba84ef3d25",
              "cardId": "flame_blade",
              "grind": 0
            },
            {
              "instanceId": "d08bffaf-521b-4d39-8aac-32cd7f47b114",
              "cardId": "flame_blade",
              "grind": 0
            },
            {
              "instanceId": "48308aff-1a00-4c25-9cdd-594c5afd64e6",
              "cardId": "dungeon_drake",
              "grind": 0
            }
          ],
          "lastEvolutionResult": null
        },
        "keyItemIndicatorOnCooldown": false,
        "keyItemIndicatorText": "",
        "keyItemCooldownRemaining": 0,
        "status": "Latency: 1ms",
        "hasCanvas": true,
        "canvasCount": 2,
        "lobbyVisible": false,
        "cardHandVisible": true,
        "title": "Void Grimoire",
        "bodyText": "👤\nLv\n🔊\n⚙\nA2\nLV\n1\nHP\n94/100\nMS\n99/99\nDeck: 8/12\n⟡ 6\n✦ 1\n🐉 1\n✨ 0\nMoney 0\nLatency: 1ms\nInitiate Vault\nPurged 0 / 5 hostiles\nClick to attack · press 1–6 to cast cards\n1\n⚔\nSolar Edge\n650ms wind-up\n2/2\n2\n🐉\nVault Wyrm\nBURNING BREATH\n600ms wind-up\n1/1\n4\n✦\nSignal Familiar\n50 MS\n1/1\n5\n✦\nSignal Familiar\n50 MS\n1/1"
      }
    },
    {
      "player": "A",
      "description": "After dodge roll — cooldown HUD should be active.",
      "data": {
        "harnessState": {
          "debugScenario": null,
          "debugScenarioAllowed": true,
          "debugScenarioResult": null,
          "debugGodmodeResult": null,
          "objective": {
            "type": "defeat_enemies",
            "totalEnemies": 5,
            "defeatedEnemies": 0,
            "label": "Initiate Vault: Purge hostiles from the derelict annex sector."
          },
          "encounter": null,
          "bossEncounter": null,
          "runObjectiveComplete": false,
          "lastRunSummary": null,
          "sortieCompleteOverlayVisible": false,
          "myId": "a27c2ad8-bd69-40d2-9444-577436684321",
          "selectedDeck": [
            "702b376f-80ab-40f2-88b6-3207685c30b5",
            "c5f6e6b8-a19b-4b6a-b5d2-5499baa2b049",
            "7ea06778-1046-4863-920e-1653085a704e",
            "94725a1a-f204-4383-a9c2-18dfa358a366",
            "52d62a6a-40e3-4ba4-b033-c20b1afb976f",
            "05e2217f-8148-4b26-895b-e93c91710880",
            "27289419-e02e-4f68-8bb0-60ffa5c223a0",
            "eddaeb18-6bd4-4166-97a1-20840bcdb28b",
            "fb874e9d-8a2d-4bda-97fa-912cd279b39e",
            "0d33cddd-2218-42c9-826c-1fba84ef3d25",
            "d08bffaf-521b-4d39-8aac-32cd7f47b114",
            "48308aff-1a00-4c25-9cdd-594c5afd64e6"
          ],
          "phase": "playing",
          "runStatus": "playing",
          "suspendedRunSummary": null,
          "extracted": false,
          "telepipe": null,
          "layout": {
            "profile": "crowded",
            "seed": 352369970,
            "roomCount": 10,
            "startRoom": {
              "x": -9,
              "z": 27,
              "role": "start"
            }
          },
          "connectionState": "connected",
          "sceneInitialized": true,
          "hasCanvas": true,
          "lobbyVisible": false,
          "lobbyMenuDismissed": false,
          "characterBoothOpen": false,
          "deckEditorVisible": false,
          "runId": "868f71c0-0224-449a-bfe9-e827b5e8b0f3",
          "resumeBtnUsable": false,
          "abandonRunBtnUsable": false,
          "cardHandVisible": true,
          "status": "Latency: 1ms",
          "hpText": "88/100",
          "msText": "99/99",
          "currencyText": "Money 0",
          "currency": 0,
          "player": {
            "hp": 88,
            "magicStones": 99,
            "currency": 0,
            "debugGodmode": false,
            "dead": false,
            "x": 8.999999999999995,
            "y": 0.5,
            "z": 2.7,
            "equippedKeyItemId": "dodge_roll",
            "keyItemCooldownRemaining": 436,
            "cardUseState": null,
            "cardWindupUntil": 0,
            "cardWindupCardId": null,
            "slowedUntil": 0,
            "burningUntil": 0,
            "slowActive": false,
            "burnActive": false
          },
          "windupFlashing": false,
          "keyItemIndicatorOnCooldown": true,
          "keyItemIndicatorText": "0.4",
          "players": 2,
          "squadmates": [
            {
              "id": "c9fbb2cf-bfbf-463f-8d59-8393035602e1",
              "x": -6,
              "z": 27
            }
          ],
          "enemies": 5,
          "enemyHp": [
            {
              "id": "dbbf973f-71a5-4e2b-9f4e-71822bb617b7",
              "hp": 40,
              "maxHp": 40,
              "type": "skirmisher",
              "spawnedBy": null,
              "x": -15.616042162796592,
              "z": 7.894829259318082,
              "slowedUntil": 0,
              "burningUntil": 0,
              "frozenUntil": 0,
              "slowActive": false,
              "burnActive": false
            },
            {
              "id": "7700e909-b737-44d6-b82b-4405de2d072f",
              "hp": 40,
              "maxHp": 40,
              "type": "skirmisher",
              "spawnedBy": null,
              "x": 4.831576973161285,
              "z": 10.435546745819131,
              "slowedUntil": 0,
              "burningUntil": 0,
              "frozenUntil": 0,
              "slowActive": false,
              "burnActive": false
            },
            {
              "id": "161ab454-b512-46dd-8a5f-c3553c882b6b",
              "hp": 40,
              "maxHp": 40,
              "type": "skirmisher",
              "spawnedBy": null,
              "x": -21.87691180883165,
              "z": 21.38945730920859,
              "slowedUntil": 0,
              "burningUntil": 0,
              "frozenUntil": 0,
              "slowActive": false,
              "burnActive": false
            },
            {
              "id": "77e681ac-464d-49b6-9e70-55b95bc0b1dc",
              "hp": 100,
              "maxHp": 100,
              "type": "grunt",
              "spawnedBy": null,
              "x": 26.617890588359003,
              "z": 27.03558197114295,
              "slowedUntil": 0,
              "burningUntil": 0,
              "frozenUntil": 0,
              "slowActive": false,
              "burnActive": false
            },
            {
              "id": "64429791-4d5a-4d15-926f-56ae3cdca58b",
              "hp": 40,
              "maxHp": 40,
              "type": "skirmisher",
              "spawnedBy": null,
              "x": 2.7557303095372014,
              "z": 21.87768046676177,
              "slowedUntil": 0,
              "burningUntil": 0,
              "frozenUntil": 0,
              "slowActive": false,
              "burnActive": false
            }
          ],
          "minions": [],
          "hand": [
            {
              "id": "flame_blade",
              "name": "Solar Edge",
              "type": "weapon",
              "remainingCharges": 2,
              "charges": 2,
              "activeMinionId": null,
              "burnMaxTtl": null,
              "burnLabel": "2/2",
              "creatureBurning": false,
              "isEvolved": false
            },
            {
              "id": "dungeon_drake",
              "name": "Vault Wyrm",
              "type": "creature",
              "remainingCharges": 1,
              "charges": 1,
              "activeMinionId": null,
              "burnMaxTtl": null,
              "burnLabel": "1/1",
              "creatureBurning": false,
              "isEvolved": false,
              "specialEffect": "burning_breath"
            },
            {
              "id": "flame_blade",
              "name": "Solar Edge",
              "type": "weapon",
              "remainingCharges": 2,
              "charges": 2,
              "activeMinionId": null,
              "burnMaxTtl": null,
              "burnLabel": "2/2",
              "creatureBurning": false,
              "isEvolved": false
            },
            {
              "id": "battle_familiar",
              "name": "Signal Familiar",
              "type": "spell",
              "remainingCharges": 1,
              "charges": 1,
              "activeMinionId": null,
              "burnMaxTtl": null,
              "burnLabel": "1/1",
              "creatureBurning": false,
              "isEvolved": false
            },
            {
              "id": "battle_familiar",
              "name": "Signal Familiar",
              "type": "spell",
              "remainingCharges": 1,
              "charges": 1,
              "activeMinionId": null,
              "burnMaxTtl": null,
              "burnLabel": "1/1",
              "creatureBurning": false,
              "isEvolved": false
            },
            null
          ],
          "inventory": [
            {
              "instanceId": "702b376f-80ab-40f2-88b6-3207685c30b5",
              "cardId": "iron_sword",
              "grind": 0
            },
            {
              "instanceId": "c5f6e6b8-a19b-4b6a-b5d2-5499baa2b049",
              "cardId": "flame_blade",
              "grind": 0
            },
            {
              "instanceId": "7ea06778-1046-4863-920e-1653085a704e",
              "cardId": "battle_familiar",
              "grind": 0
            },
            {
              "instanceId": "94725a1a-f204-4383-a9c2-18dfa358a366",
              "cardId": "dungeon_drake",
              "grind": 0
            },
            {
              "instanceId": "52d62a6a-40e3-4ba4-b033-c20b1afb976f",
              "cardId": "iron_sword",
              "grind": 0
            },
            {
              "instanceId": "05e2217f-8148-4b26-895b-e93c91710880",
              "cardId": "iron_sword",
              "grind": 0
            },
            {
              "instanceId": "27289419-e02e-4f68-8bb0-60ffa5c223a0",
              "cardId": "iron_sword",
              "grind": 0
            },
            {
              "instanceId": "eddaeb18-6bd4-4166-97a1-20840bcdb28b",
              "cardId": "battle_familiar",
              "grind": 0
            },
            {
              "instanceId": "fb874e9d-8a2d-4bda-97fa-912cd279b39e",
              "cardId": "battle_familiar",
              "grind": 0
            },
            {
              "instanceId": "0d33cddd-2218-42c9-826c-1fba84ef3d25",
              "cardId": "flame_blade",
              "grind": 0
            },
            {
              "instanceId": "d08bffaf-521b-4d39-8aac-32cd7f47b114",
              "cardId": "flame_blade",
              "grind": 0
            },
            {
              "instanceId": "48308aff-1a00-4c25-9cdd-594c5afd64e6",
              "cardId": "dungeon_drake",
              "grind": 0
            }
          ],
          "lastEvolutionResult": null
        },
        "keyItemIndicatorOnCooldown": true,
        "keyItemIndicatorText": "0.4",
        "keyItemCooldownRemaining": 436,
        "status": "Latency: 1ms",
        "hasCanvas": true,
        "canvasCount": 2,
        "lobbyVisible": false,
        "cardHandVisible": true,
        "title": "Void Grimoire",
        "bodyText": "👤\nLv\n🔊\n⚙\nA2\nLV\n1\nHP\n88/100\nMS\n99/99\nDeck: 7/12\n⟡ 5\n✦ 1\n🐉 1\n✨ 0\nMoney 0\nLatency: 1ms\n0.4\nInitiate Vault\nPurged 0 / 5 hostiles\nClick to attack · press 1–6 to cast cards\n1\n⚔\nSolar Edge\n650ms wind-up\n2/2\n2\n🐉\nVault Wyrm\nBURNING BREATH\n600ms wind-up\n1/1\n3\n⚔\nSolar Edge\n650ms wind-up\n2/2\n4\n✦\nSignal Familiar\n50 MS\n1/1\n5\n✦\nSignal Familiar\n50 MS\n1/1"
      }
    },
    {
      "player": "A",
      "description": "Final capture probe.",
      "data": {
        "harnessState": {
          "debugScenario": null,
          "debugScenarioAllowed": true,
          "debugScenarioResult": null,
          "debugGodmodeResult": null,
          "objective": {
            "type": "defeat_enemies",
            "totalEnemies": 5,
            "defeatedEnemies": 0,
            "label": "Initiate Vault: Purge hostiles from the derelict annex sector."
          },
          "encounter": null,
          "bossEncounter": null,
          "runObjectiveComplete": false,
          "lastRunSummary": null,
          "sortieCompleteOverlayVisible": false,
          "myId": "a27c2ad8-bd69-40d2-9444-577436684321",
          "selectedDeck": [
            "702b376f-80ab-40f2-88b6-3207685c30b5",
            "c5f6e6b8-a19b-4b6a-b5d2-5499baa2b049",
            "7ea06778-1046-4863-920e-1653085a704e",
            "94725a1a-f204-4383-a9c2-18dfa358a366",
            "52d62a6a-40e3-4ba4-b033-c20b1afb976f",
            "05e2217f-8148-4b26-895b-e93c91710880",
            "27289419-e02e-4f68-8bb0-60ffa5c223a0",
            "eddaeb18-6bd4-4166-97a1-20840bcdb28b",
            "fb874e9d-8a2d-4bda-97fa-912cd279b39e",
            "0d33cddd-2218-42c9-826c-1fba84ef3d25",
            "d08bffaf-521b-4d39-8aac-32cd7f47b114",
            "48308aff-1a00-4c25-9cdd-594c5afd64e6"
          ],
          "phase": "playing",
          "runStatus": "playing",
          "suspendedRunSummary": null,
          "extracted": false,
          "telepipe": null,
          "layout": {
            "profile": "crowded",
            "seed": 352369970,
            "roomCount": 10,
            "startRoom": {
              "x": -9,
              "z": 27,
              "role": "start"
            }
          },
          "connectionState": "connected",
          "sceneInitialized": true,
          "hasCanvas": true,
          "lobbyVisible": false,
          "lobbyMenuDismissed": false,
          "characterBoothOpen": false,
          "deckEditorVisible": false,
          "runId": "868f71c0-0224-449a-bfe9-e827b5e8b0f3",
          "resumeBtnUsable": false,
          "abandonRunBtnUsable": false,
          "cardHandVisible": true,
          "status": "Latency: 1ms",
          "hpText": "88/100",
          "msText": "99/99",
          "currencyText": "Money 0",
          "currency": 0,
          "player": {
            "hp": 88,
            "magicStones": 99,
            "currency": 0,
            "debugGodmode": false,
            "dead": false,
            "x": 8.999999999999995,
            "y": 0.5,
            "z": 2.7,
            "equippedKeyItemId": "dodge_roll",
            "keyItemCooldownRemaining": 0,
            "cardUseState": null,
            "cardWindupUntil": 0,
            "cardWindupCardId": null,
            "slowedUntil": 0,
            "burningUntil": 0,
            "slowActive": false,
            "burnActive": false
          },
          "windupFlashing": false,
          "keyItemIndicatorOnCooldown": false,
          "keyItemIndicatorText": "",
          "players": 2,
          "squadmates": [
            {
              "id": "c9fbb2cf-bfbf-463f-8d59-8393035602e1",
              "x": -6,
              "z": 27
            }
          ],
          "enemies": 5,
          "enemyHp": [
            {
              "id": "dbbf973f-71a5-4e2b-9f4e-71822bb617b7",
              "hp": 40,
              "maxHp": 40,
              "type": "skirmisher",
              "spawnedBy": null,
              "x": -16.566302494551746,
              "z": 8.113072934810802,
              "slowedUntil": 0,
              "burningUntil": 0,
              "frozenUntil": 0,
              "slowActive": false,
              "burnActive": false
            },
            {
              "id": "7700e909-b737-44d6-b82b-4405de2d072f",
              "hp": 40,
              "maxHp": 40,
              "type": "skirmisher",
              "spawnedBy": null,
              "x": 3.8567510795533932,
              "z": 10.417121840077655,
              "slowedUntil": 0,
              "burningUntil": 0,
              "frozenUntil": 0,
              "slowActive": false,
              "burnActive": false
            },
            {
              "id": "161ab454-b512-46dd-8a5f-c3553c882b6b",
              "hp": 40,
              "maxHp": 40,
              "type": "skirmisher",
              "spawnedBy": null,
              "x": -22.61200006435092,
              "z": 22.0299807331344,
              "slowedUntil": 0,
              "burningUntil": 0,
              "frozenUntil": 0,
              "slowActive": false,
              "burnActive": false
            },
            {
              "id": "77e681ac-464d-49b6-9e70-55b95bc0b1dc",
              "hp": 100,
              "maxHp": 100,
              "type": "grunt",
              "spawnedBy": null,
              "x": 26.104035719237007,
              "z": 26.637520200208343,
              "slowedUntil": 0,
              "burningUntil": 0,
              "frozenUntil": 0,
              "slowActive": false,
              "burnActive": false
            },
            {
              "id": "64429791-4d5a-4d15-926f-56ae3cdca58b",
              "hp": 40,
              "maxHp": 40,
              "type": "skirmisher",
              "spawnedBy": null,
              "x": 3.5376853148830314,
              "z": 21.295296255424766,
              "slowedUntil": 0,
              "burningUntil": 0,
              "frozenUntil": 0,
              "slowActive": false,
              "burnActive": false
            }
          ],
          "minions": [],
          "hand": [
            {
              "id": "flame_blade",
              "name": "Solar Edge",
              "type": "weapon",
              "remainingCharges": 2,
              "charges": 2,
              "activeMinionId": null,
              "burnMaxTtl": null,
              "burnLabel": "2/2",
              "creatureBurning": false,
              "isEvolved": false
            },
            {
              "id": "dungeon_drake",
              "name": "Vault Wyrm",
              "type": "creature",
              "remainingCharges": 1,
              "charges": 1,
              "activeMinionId": null,
              "burnMaxTtl": null,
              "burnLabel": "1/1",
              "creatureBurning": false,
              "isEvolved": false,
              "specialEffect": "burning_breath"
            },
            {
              "id": "flame_blade",
              "name": "Solar Edge",
              "type": "weapon",
              "remainingCharges": 2,
              "charges": 2,
              "activeMinionId": null,
              "burnMaxTtl": null,
              "burnLabel": "2/2",
              "creatureBurning": false,
              "isEvolved": false
            },
            {
              "id": "battle_familiar",
              "name": "Signal Familiar",
              "type": "spell",
              "remainingCharges": 1,
              "charges": 1,
              "activeMinionId": null,
              "burnMaxTtl": null,
              "burnLabel": "1/1",
              "creatureBurning": false,
              "isEvolved": false
            },
            {
              "id": "battle_familiar",
              "name": "Signal Familiar",
              "type": "spell",
              "remainingCharges": 1,
              "charges": 1,
              "activeMinionId": null,
              "burnMaxTtl": null,
              "burnLabel": "1/1",
              "creatureBurning": false,
              "isEvolved": false
            },
            null
          ],
          "inventory": [
            {
              "instanceId": "702b376f-80ab-40f2-88b6-3207685c30b5",
              "cardId": "iron_sword",
              "grind": 0
            },
            {
              "instanceId": "c5f6e6b8-a19b-4b6a-b5d2-5499baa2b049",
              "cardId": "flame_blade",
              "grind": 0
            },
            {
              "instanceId": "7ea06778-1046-4863-920e-1653085a704e",
              "cardId": "battle_familiar",
              "grind": 0
            },
            {
              "instanceId": "94725a1a-f204-4383-a9c2-18dfa358a366",
              "cardId": "dungeon_drake",
              "grind": 0
            },
            {
              "instanceId": "52d62a6a-40e3-4ba4-b033-c20b1afb976f",
              "cardId": "iron_sword",
              "grind": 0
            },
            {
              "instanceId": "05e2217f-8148-4b26-895b-e93c91710880",
              "cardId": "iron_sword",
              "grind": 0
            },
            {
              "instanceId": "27289419-e02e-4f68-8bb0-60ffa5c223a0",
              "cardId": "iron_sword",
              "grind": 0
            },
            {
              "instanceId": "eddaeb18-6bd4-4166-97a1-20840bcdb28b",
              "cardId": "battle_familiar",
              "grind": 0
            },
            {
              "instanceId": "fb874e9d-8a2d-4bda-97fa-912cd279b39e",
              "cardId": "battle_familiar",
              "grind": 0
            },
            {
              "instanceId": "0d33cddd-2218-42c9-826c-1fba84ef3d25",
              "cardId": "flame_blade",
              "grind": 0
            },
            {
              "instanceId": "d08bffaf-521b-4d39-8aac-32cd7f47b114",
              "cardId": "flame_blade",
              "grind": 0
            },
            {
              "instanceId": "48308aff-1a00-4c25-9cdd-594c5afd64e6",
              "cardId": "dungeon_drake",
              "grind": 0
            }
          ],
          "lastEvolutionResult": null
        },
        "keyItemIndicatorOnCooldown": false,
        "keyItemIndicatorText": "",
        "keyItemCooldownRemaining": 0,
        "status": "Latency: 1ms",
        "hasCanvas": true,
        "canvasCount": 2,
        "lobbyVisible": false,
        "cardHandVisible": true,
        "title": "Void Grimoire",
        "bodyText": "👤\nLv\n🔊\n⚙\nA2\nLV\n1\nHP\n88/100\nMS\n99/99\nDeck: 7/12\n⟡ 5\n✦ 1\n🐉 1\n✨ 0\nMoney 0\nLatency: 1ms\nInitiate Vault\nPurged 0 / 5 hostiles\nClick to attack · press 1–6 to cast cards\n1\n⚔\nSolar Edge\n650ms wind-up\n2/2\n2\n🐉\nVault Wyrm\nBURNING BREATH\n600ms wind-up\n1/1\n3\n⚔\nSolar Edge\n650ms wind-up\n2/2\n4\n✦\nSignal Familiar\n50 MS\n1/1\n5\n✦\nSignal Familiar\n50 MS\n1/1"
      }
    }
  ],
  "pageerrors": []
}
