[createLobby] timeout waiting for #lobby visibility: page.waitForFunction: Timeout 10000ms exceeded.
[joinLobby] timeout waiting for #lobby visibility: page.waitForFunction: Timeout 10000ms exceeded.
{
  "url": "http://localhost:5175/",
  "ok": true,
  "ticketFile": "/home/matt/workspace/.autogame-worktrees/client-split-main-js-bindsockethandlers-930-lines-into-handl-ocv0/tickets/client-split-main-js-bindsockethandlers-930-lines-into-handl-ocv0/ticket.md",
  "capturePlanSource": "fallback",
  "capturePlanValid": true,
  "capturePlanAttempts": [],
  "capturePlanSummary": "Deterministic full-flow smoke capture: auth, lobby create/join, ready transition, movement, dodge/key-item with post-dodge cooldown probe.",
  "scenarios": [],
  "screenshots": [
    {
      "file": "01-initial.png",
      "player": "A",
      "description": "Both players in squad lobby."
    },
    {
      "file": "02-after-w.png",
      "player": "A",
      "description": "Gameplay after holding W."
    },
    {
      "file": "03-after-d.png",
      "player": "A",
      "description": "Gameplay after holding D."
    },
    {
      "file": "04-after-dodge.png",
      "player": "A",
      "description": "Gameplay after dodge roll with cooldown HUD."
    }
  ],
  "probes": [
    {
      "player": "A",
      "description": "After readying all players and entering gameplay.",
      "data": {
        "harnessState": {
          "debugScenario": null,
          "debugScenarioAllowed": true,
          "debugScenarioResult": null,
          "debugGodmodeResult": null,
          "objective": {
            "type": "defeat_enemies",
            "totalEnemies": 6,
            "activeEnemyCount": 2,
            "defeatedEnemies": 0,
            "label": "Initiate Vault: Sweep annex holding pens in scripted waves and breach the deeper vault wing."
          },
          "encounter": null,
          "bossEncounter": null,
          "runObjectiveComplete": false,
          "lastRunSummary": null,
          "sortieCompleteOverlayVisible": false,
          "myId": "28d15fd3-19e2-41cb-a6b5-538b8ec5c5c0",
          "selectedDeck": [
            "c46564ce-e660-4254-8acd-714de8682693",
            "4b252d68-35ed-43bc-9ac8-df2a55673abe",
            "f1a31b41-fe83-4629-aa24-393370223819",
            "eeb917b5-0872-4483-8f24-102fc77200f4",
            "94acd4a1-2e59-4cea-81be-91bd165bb1be",
            "ba74248f-4e8a-47e2-ba03-9892bf85bf38",
            "da2db63d-5dad-4e58-b766-7f85d7acd3c2",
            "33bd8763-7970-40fa-917c-e52b6294eec4",
            "d02a4c2d-f1c4-40e5-b04e-2a1426b053cc",
            "2ba77f07-6065-4540-9640-c4b627c2735d",
            "acdcd27f-7052-4e0d-b6e4-b2e4cae30943",
            "3cc4b016-f4dc-48b4-8f44-c38eb4442685"
          ],
          "phase": "playing",
          "runStatus": "playing",
          "suspendedRunSummary": null,
          "extracted": false,
          "telepipe": null,
          "layout": {
            "profile": "crowded",
            "seed": 352369970,
            "roomCount": 10,
            "startRoom": {
              "x": -9,
              "z": 27,
              "role": "start"
            }
          },
          "connectionState": "connected",
          "sceneInitialized": true,
          "hasCanvas": true,
          "lobbyVisible": false,
          "lobbyMenuDismissed": true,
          "characterBoothOpen": false,
          "deckEditorVisible": false,
          "runId": "b1b89cc7-d818-49e4-8ac5-53e79aaed87a",
          "resumeBtnUsable": false,
          "abandonRunBtnUsable": false,
          "cardHandVisible": true,
          "status": "Latency: 1ms",
          "hpText": "60/100",
          "msText": "50/99",
          "currencyText": "Money 0",
          "currency": 0,
          "player": {
            "hp": 60,
            "magicStones": 50.10000000000056,
            "currency": 0,
            "debugGodmode": false,
            "dead": false,
            "x": -9,
            "y": 0.5,
            "z": 27,
            "equippedKeyItemId": "dodge_roll",
            "keyItemCooldownRemaining": 0,
            "cardUseState": null,
            "cardWindupUntil": 0,
            "cardWindupCardId": null,
            "slowedUntil": 0,
            "burningUntil": 0,
            "slowActive": false,
            "burnActive": false
          },
          "windupFlashing": false,
          "keyItemIndicatorOnCooldown": false,
          "keyItemIndicatorText": "",
          "players": 2,
          "squadmates": [
            {
              "id": "e7f2643b-33f5-4941-9fa0-ed6911061aa4",
              "x": -6,
              "z": 27
            }
          ],
          "enemies": 2,
          "enemyHp": [
            {
              "id": "bca056f5-ca95-4fe8-8822-443c7c06fd61",
              "hp": 100,
              "maxHp": 100,
              "type": "grunt",
              "spawnedBy": null,
              "x": -9,
              "z": 27,
              "slowedUntil": 0,
              "burningUntil": 0,
              "frozenUntil": 0,
              "slowActive": false,
              "burnActive": false
            },
            {
              "id": "8d44408b-d43e-4b54-83f3-52fa48808c60",
              "hp": 100,
              "maxHp": 100,
              "type": "grunt",
              "spawnedBy": null,
              "x": -8.866656090365723,
              "z": 28.069192429538816,
              "slowedUntil": 0,
              "burningUntil": 0,
              "frozenUntil": 0,
              "slowActive": false,
              "burnActive": false
            }
          ],
          "minions": [],
          "hand": [
            {
              "id": "dungeon_drake",
              "name": "Vault Wyrm",
              "type": "creature",
              "remainingCharges": 1,
              "charges": 1,
              "activeMinionId": null,
              "burnMaxTtl": null,
              "burnLabel": "1/1",
              "creatureBurning": false,
              "isEvolved": false,
              "specialEffect": "burning_breath"
            },
            {
              "id": "battle_familiar",
              "name": "Signal Familiar",
              "type": "spell",
              "remainingCharges": 1,
              "charges": 1,
              "activeMinionId": null,
              "burnMaxTtl": null,
              "burnLabel": "1/1",
              "creatureBurning": false,
              "isEvolved": false
            },
            null,
            {
              "id": "battle_familiar",
              "name": "Signal Familiar",
              "type": "spell",
              "remainingCharges": 1,
              "charges": 1,
              "activeMinionId": null,
              "burnMaxTtl": null,
              "burnLabel": "1/1",
              "creatureBurning": false,
              "isEvolved": false
            },
            {
              "id": "dungeon_drake",
              "name": "Vault Wyrm",
              "type": "creature",
              "remainingCharges": 1,
              "charges": 1,
              "activeMinionId": null,
              "burnMaxTtl": null,
              "burnLabel": "1/1",
              "creatureBurning": false,
              "isEvolved": false,
              "specialEffect": "burning_breath"
            },
            null
          ],
          "inventory": [
            {
              "instanceId": "c46564ce-e660-4254-8acd-714de8682693",
              "cardId": "iron_sword",
              "grind": 0
            },
            {
              "instanceId": "4b252d68-35ed-43bc-9ac8-df2a55673abe",
              "cardId": "flame_blade",
              "grind": 0
            },
            {
              "instanceId": "f1a31b41-fe83-4629-aa24-393370223819",
              "cardId": "battle_familiar",
              "grind": 0
            },
            {
              "instanceId": "eeb917b5-0872-4483-8f24-102fc77200f4",
              "cardId": "dungeon_drake",
              "grind": 0
            },
            {
              "instanceId": "94acd4a1-2e59-4cea-81be-91bd165bb1be",
              "cardId": "iron_sword",
              "grind": 0
            },
            {
              "instanceId": "ba74248f-4e8a-47e2-ba03-9892bf85bf38",
              "cardId": "iron_sword",
              "grind": 0
            },
            {
              "instanceId": "da2db63d-5dad-4e58-b766-7f85d7acd3c2",
              "cardId": "iron_sword",
              "grind": 0
            },
            {
              "instanceId": "33bd8763-7970-40fa-917c-e52b6294eec4",
              "cardId": "battle_familiar",
              "grind": 0
            },
            {
              "instanceId": "d02a4c2d-f1c4-40e5-b04e-2a1426b053cc",
              "cardId": "battle_familiar",
              "grind": 0
            },
            {
              "instanceId": "2ba77f07-6065-4540-9640-c4b627c2735d",
              "cardId": "flame_blade",
              "grind": 0
            },
            {
              "instanceId": "acdcd27f-7052-4e0d-b6e4-b2e4cae30943",
              "cardId": "flame_blade",
              "grind": 0
            },
            {
              "instanceId": "3cc4b016-f4dc-48b4-8f44-c38eb4442685",
              "cardId": "dungeon_drake",
              "grind": 0
            }
          ],
          "lastEvolutionResult": null
        },
        "keyItemIndicatorOnCooldown": false,
        "keyItemIndicatorText": "\n        \n        Dodge Roll\n        E\n        \n      ",
        "keyItemCooldownRemaining": 0,
        "status": "Latency: 1ms",
        "hasCanvas": true,
        "canvasCount": 2,
        "lobbyVisible": false,
        "cardHandVisible": true,
        "title": "Void Grimoire",
        "bodyText": "👤\nLv\n🔊\n⚙\n28\nLV\n1\nHP\n60/100\nMS\n50/99\nDeck: 8/12\n⟡ 7\n✦ 1\n🐉 0\n✨ 0\nMoney 0\nLatency: 1ms\nDodge Roll\nE\nInitiate Vault\nPurged 0 / 6 hostiles\n01\nRewa: Rewa on channel. Move with WASD, close on the opening grunts, and strike with your melee weapon to start the sweep.\nClick to attack · press 1–6 to cast cards\n1\n🐉\nVault Wyrm\nBURNING BREATH\n600ms wind-up\n1/1\n2\n✦\nSignal Familiar\n50 MS\n1/1\n4\n✦\nSignal Familiar\n50 MS\n1/1\n5\n🐉\nVault Wyrm\nBURNING BREATH\n600ms wind-up\n1/1\nRewa: Rewa on channel. Move with WASD, close on the opening grunts, and strike with your melee weapon to start the sweep.\nANNEX LIAISON KADE\nEntry annex is live. Close with WASD and strike with your melee weapon — two grunts block the bulkhead."
      }
    },
    {
      "player": "A",
      "description": "After dodge roll — cooldown HUD should be active.",
      "data": {
        "harnessState": {
          "debugScenario": null,
          "debugScenarioAllowed": true,
          "debugScenarioResult": null,
          "debugGodmodeResult": null,
          "objective": {
            "type": "defeat_enemies",
            "totalEnemies": 6,
            "activeEnemyCount": 2,
            "defeatedEnemies": 0,
            "label": "Initiate Vault: Sweep annex holding pens in scripted waves and breach the deeper vault wing."
          },
          "encounter": null,
          "bossEncounter": null,
          "runObjectiveComplete": false,
          "lastRunSummary": null,
          "sortieCompleteOverlayVisible": false,
          "myId": "28d15fd3-19e2-41cb-a6b5-538b8ec5c5c0",
          "selectedDeck": [
            "c46564ce-e660-4254-8acd-714de8682693",
            "4b252d68-35ed-43bc-9ac8-df2a55673abe",
            "f1a31b41-fe83-4629-aa24-393370223819",
            "eeb917b5-0872-4483-8f24-102fc77200f4",
            "94acd4a1-2e59-4cea-81be-91bd165bb1be",
            "ba74248f-4e8a-47e2-ba03-9892bf85bf38",
            "da2db63d-5dad-4e58-b766-7f85d7acd3c2",
            "33bd8763-7970-40fa-917c-e52b6294eec4",
            "d02a4c2d-f1c4-40e5-b04e-2a1426b053cc",
            "2ba77f07-6065-4540-9640-c4b627c2735d",
            "acdcd27f-7052-4e0d-b6e4-b2e4cae30943",
            "3cc4b016-f4dc-48b4-8f44-c38eb4442685"
          ],
          "phase": "playing",
          "runStatus": "playing",
          "suspendedRunSummary": null,
          "extracted": false,
          "telepipe": null,
          "layout": {
            "profile": "crowded",
            "seed": 352369970,
            "roomCount": 10,
            "startRoom": {
              "x": -9,
              "z": 27,
              "role": "start"
            }
          },
          "connectionState": "connected",
          "sceneInitialized": true,
          "hasCanvas": true,
          "lobbyVisible": false,
          "lobbyMenuDismissed": true,
          "characterBoothOpen": false,
          "deckEditorVisible": false,
          "runId": "b1b89cc7-d818-49e4-8ac5-53e79aaed87a",
          "resumeBtnUsable": false,
          "abandonRunBtnUsable": false,
          "cardHandVisible": true,
          "status": "Latency: 1ms",
          "hpText": "40/100",
          "msText": "50/99",
          "currencyText": "Money 0",
          "currency": 0,
          "player": {
            "hp": 40,
            "magicStones": 50.615000000000826,
            "currency": 0,
            "debugGodmode": false,
            "dead": false,
            "x": -7.65,
            "y": 0.5,
            "z": 19,
            "equippedKeyItemId": "dodge_roll",
            "keyItemCooldownRemaining": 378,
            "cardUseState": null,
            "cardWindupUntil": 0,
            "cardWindupCardId": null,
            "slowedUntil": 0,
            "burningUntil": 0,
            "slowActive": false,
            "burnActive": false
          },
          "windupFlashing": false,
          "keyItemIndicatorOnCooldown": true,
          "keyItemIndicatorText": "0.4",
          "players": 2,
          "squadmates": [
            {
              "id": "e7f2643b-33f5-4941-9fa0-ed6911061aa4",
              "x": -6,
              "z": 27
            }
          ],
          "enemies": 2,
          "enemyHp": [
            {
              "id": "bca056f5-ca95-4fe8-8822-443c7c06fd61",
              "hp": 100,
              "maxHp": 100,
              "type": "grunt",
              "spawnedBy": null,
              "x": -9,
              "z": 27,
              "slowedUntil": 0,
              "burningUntil": 0,
              "frozenUntil": 0,
              "slowActive": false,
              "burnActive": false
            },
            {
              "id": "8d44408b-d43e-4b54-83f3-52fa48808c60",
              "hp": 100,
              "maxHp": 100,
              "type": "grunt",
              "spawnedBy": null,
              "x": -8.866656090365723,
              "z": 28.069192429538816,
              "slowedUntil": 0,
              "burningUntil": 0,
              "frozenUntil": 0,
              "slowActive": false,
              "burnActive": false
            }
          ],
          "minions": [],
          "hand": [
            {
              "id": "dungeon_drake",
              "name": "Vault Wyrm",
              "type": "creature",
              "remainingCharges": 1,
              "charges": 1,
              "activeMinionId": null,
              "burnMaxTtl": null,
              "burnLabel": "1/1",
              "creatureBurning": false,
              "isEvolved": false,
              "specialEffect": "burning_breath"
            },
            {
              "id": "battle_familiar",
              "name": "Signal Familiar",
              "type": "spell",
              "remainingCharges": 1,
              "charges": 1,
              "activeMinionId": null,
              "burnMaxTtl": null,
              "burnLabel": "1/1",
              "creatureBurning": false,
              "isEvolved": false
            },
            {
              "id": "battle_familiar",
              "name": "Signal Familiar",
              "type": "spell",
              "remainingCharges": 1,
              "charges": 1,
              "activeMinionId": null,
              "burnMaxTtl": null,
              "burnLabel": "1/1",
              "creatureBurning": false,
              "isEvolved": false
            },
            {
              "id": "battle_familiar",
              "name": "Signal Familiar",
              "type": "spell",
              "remainingCharges": 1,
              "charges": 1,
              "activeMinionId": null,
              "burnMaxTtl": null,
              "burnLabel": "1/1",
              "creatureBurning": false,
              "isEvolved": false
            },
            {
              "id": "dungeon_drake",
              "name": "Vault Wyrm",
              "type": "creature",
              "remainingCharges": 1,
              "charges": 1,
              "activeMinionId": null,
              "burnMaxTtl": null,
              "burnLabel": "1/1",
              "creatureBurning": false,
              "isEvolved": false,
              "specialEffect": "burning_breath"
            },
            null
          ],
          "inventory": [
            {
              "instanceId": "c46564ce-e660-4254-8acd-714de8682693",
              "cardId": "iron_sword",
              "grind": 0
            },
            {
              "instanceId": "4b252d68-35ed-43bc-9ac8-df2a55673abe",
              "cardId": "flame_blade",
              "grind": 0
            },
            {
              "instanceId": "f1a31b41-fe83-4629-aa24-393370223819",
              "cardId": "battle_familiar",
              "grind": 0
            },
            {
              "instanceId": "eeb917b5-0872-4483-8f24-102fc77200f4",
              "cardId": "dungeon_drake",
              "grind": 0
            },
            {
              "instanceId": "94acd4a1-2e59-4cea-81be-91bd165bb1be",
              "cardId": "iron_sword",
              "grind": 0
            },
            {
              "instanceId": "ba74248f-4e8a-47e2-ba03-9892bf85bf38",
              "cardId": "iron_sword",
              "grind": 0
            },
            {
              "instanceId": "da2db63d-5dad-4e58-b766-7f85d7acd3c2",
              "cardId": "iron_sword",
              "grind": 0
            },
            {
              "instanceId": "33bd8763-7970-40fa-917c-e52b6294eec4",
              "cardId": "battle_familiar",
              "grind": 0
            },
            {
              "instanceId": "d02a4c2d-f1c4-40e5-b04e-2a1426b053cc",
              "cardId": "battle_familiar",
              "grind": 0
            },
            {
              "instanceId": "2ba77f07-6065-4540-9640-c4b627c2735d",
              "cardId": "flame_blade",
              "grind": 0
            },
            {
              "instanceId": "acdcd27f-7052-4e0d-b6e4-b2e4cae30943",
              "cardId": "flame_blade",
              "grind": 0
            },
            {
              "instanceId": "3cc4b016-f4dc-48b4-8f44-c38eb4442685",
              "cardId": "dungeon_drake",
              "grind": 0
            }
          ],
          "lastEvolutionResult": null
        },
        "keyItemIndicatorOnCooldown": true,
        "keyItemIndicatorText": "\n        \n        Dodge Roll\n        E\n        0.4\n      ",
        "keyItemCooldownRemaining": 378,
        "status": "Latency: 1ms",
        "hasCanvas": true,
        "canvasCount": 2,
        "lobbyVisible": false,
        "cardHandVisible": true,
        "title": "Void Grimoire",
        "bodyText": "👤\nLv\n🔊\n⚙\n28\nLV\n1\nHP\n40/100\nMS\n50/99\nDeck: 7/12\n⟡ 7\n✦ 0\n🐉 0\n✨ 0\nMoney 0\nLatency: 1ms\nDodge Roll\nE\n0.4\nInitiate Vault\nPurged 0 / 6 hostiles\n01\nRewa: Rewa on channel. Move with WASD, close on the opening grunts, and strike with your melee weapon to start the sweep.\nClick to attack · press 1–6 to cast cards\n1\n🐉\nVault Wyrm\nBURNING BREATH\n600ms wind-up\n1/1\n2\n✦\nSignal Familiar\n50 MS\n1/1\n3\n✦\nSignal Familiar\n50 MS\n1/1\n4\n✦\nSignal Familiar\n50 MS\n1/1\n5\n🐉\nVault Wyrm\nBURNING BREATH\n600ms wind-up\n1/1"
      }
    },
    {
      "player": "A",
      "description": "Final capture probe.",
      "data": {
        "harnessState": {
          "debugScenario": null,
          "debugScenarioAllowed": true,
          "debugScenarioResult": null,
          "debugGodmodeResult": null,
          "objective": {
            "type": "defeat_enemies",
            "totalEnemies": 6,
            "activeEnemyCount": 2,
            "defeatedEnemies": 0,
            "label": "Initiate Vault: Sweep annex holding pens in scripted waves and breach the deeper vault wing."
          },
          "encounter": null,
          "bossEncounter": null,
          "runObjectiveComplete": false,
          "lastRunSummary": null,
          "sortieCompleteOverlayVisible": false,
          "myId": "28d15fd3-19e2-41cb-a6b5-538b8ec5c5c0",
          "selectedDeck": [
            "c46564ce-e660-4254-8acd-714de8682693",
            "4b252d68-35ed-43bc-9ac8-df2a55673abe",
            "f1a31b41-fe83-4629-aa24-393370223819",
            "eeb917b5-0872-4483-8f24-102fc77200f4",
            "94acd4a1-2e59-4cea-81be-91bd165bb1be",
            "ba74248f-4e8a-47e2-ba03-9892bf85bf38",
            "da2db63d-5dad-4e58-b766-7f85d7acd3c2",
            "33bd8763-7970-40fa-917c-e52b6294eec4",
            "d02a4c2d-f1c4-40e5-b04e-2a1426b053cc",
            "2ba77f07-6065-4540-9640-c4b627c2735d",
            "acdcd27f-7052-4e0d-b6e4-b2e4cae30943",
            "3cc4b016-f4dc-48b4-8f44-c38eb4442685"
          ],
          "phase": "playing",
          "runStatus": "playing",
          "suspendedRunSummary": null,
          "extracted": false,
          "telepipe": null,
          "layout": {
            "profile": "crowded",
            "seed": 352369970,
            "roomCount": 10,
            "startRoom": {
              "x": -9,
              "z": 27,
              "role": "start"
            }
          },
          "connectionState": "connected",
          "sceneInitialized": true,
          "hasCanvas": true,
          "lobbyVisible": false,
          "lobbyMenuDismissed": true,
          "characterBoothOpen": false,
          "deckEditorVisible": false,
          "runId": "b1b89cc7-d818-49e4-8ac5-53e79aaed87a",
          "resumeBtnUsable": false,
          "abandonRunBtnUsable": false,
          "cardHandVisible": true,
          "status": "Latency: 1ms",
          "hpText": "40/100",
          "msText": "50/99",
          "currencyText": "Money 0",
          "currency": 0,
          "player": {
            "hp": 40,
            "magicStones": 50.650000000000844,
            "currency": 0,
            "debugGodmode": false,
            "dead": false,
            "x": -7.65,
            "y": 0.5,
            "z": 19,
            "equippedKeyItemId": "dodge_roll",
            "keyItemCooldownRemaining": 28,
            "cardUseState": null,
            "cardWindupUntil": 0,
            "cardWindupCardId": null,
            "slowedUntil": 0,
            "burningUntil": 0,
            "slowActive": false,
            "burnActive": false
          },
          "windupFlashing": false,
          "keyItemIndicatorOnCooldown": true,
          "keyItemIndicatorText": "0.0",
          "players": 2,
          "squadmates": [
            {
              "id": "e7f2643b-33f5-4941-9fa0-ed6911061aa4",
              "x": -6,
              "z": 27
            }
          ],
          "enemies": 2,
          "enemyHp": [
            {
              "id": "bca056f5-ca95-4fe8-8822-443c7c06fd61",
              "hp": 100,
              "maxHp": 100,
              "type": "grunt",
              "spawnedBy": null,
              "x": -8.869382091233296,
              "z": 26.775896767727406,
              "slowedUntil": 0,
              "burningUntil": 0,
              "frozenUntil": 0,
              "slowActive": false,
              "burnActive": false
            },
            {
              "id": "8d44408b-d43e-4b54-83f3-52fa48808c60",
              "hp": 100,
              "maxHp": 100,
              "type": "grunt",
              "spawnedBy": null,
              "x": -8.667043369534234,
              "z": 28.0567521046938,
              "slowedUntil": 0,
              "burningUntil": 0,
              "frozenUntil": 0,
              "slowActive": false,
              "burnActive": false
            }
          ],
          "minions": [],
          "hand": [
            {
              "id": "dungeon_drake",
              "name": "Vault Wyrm",
              "type": "creature",
              "remainingCharges": 1,
              "charges": 1,
              "activeMinionId": null,
              "burnMaxTtl": null,
              "burnLabel": "1/1",
              "creatureBurning": false,
              "isEvolved": false,
              "specialEffect": "burning_breath"
            },
            {
              "id": "battle_familiar",
              "name": "Signal Familiar",
              "type": "spell",
              "remainingCharges": 1,
              "charges": 1,
              "activeMinionId": null,
              "burnMaxTtl": null,
              "burnLabel": "1/1",
              "creatureBurning": false,
              "isEvolved": false
            },
            {
              "id": "battle_familiar",
              "name": "Signal Familiar",
              "type": "spell",
              "remainingCharges": 1,
              "charges": 1,
              "activeMinionId": null,
              "burnMaxTtl": null,
              "burnLabel": "1/1",
              "creatureBurning": false,
              "isEvolved": false
            },
            {
              "id": "battle_familiar",
              "name": "Signal Familiar",
              "type": "spell",
              "remainingCharges": 1,
              "charges": 1,
              "activeMinionId": null,
              "burnMaxTtl": null,
              "burnLabel": "1/1",
              "creatureBurning": false,
              "isEvolved": false
            },
            {
              "id": "dungeon_drake",
              "name": "Vault Wyrm",
              "type": "creature",
              "remainingCharges": 1,
              "charges": 1,
              "activeMinionId": null,
              "burnMaxTtl": null,
              "burnLabel": "1/1",
              "creatureBurning": false,
              "isEvolved": false,
              "specialEffect": "burning_breath"
            },
            null
          ],
          "inventory": [
            {
              "instanceId": "c46564ce-e660-4254-8acd-714de8682693",
              "cardId": "iron_sword",
              "grind": 0
            },
            {
              "instanceId": "4b252d68-35ed-43bc-9ac8-df2a55673abe",
              "cardId": "flame_blade",
              "grind": 0
            },
            {
              "instanceId": "f1a31b41-fe83-4629-aa24-393370223819",
              "cardId": "battle_familiar",
              "grind": 0
            },
            {
              "instanceId": "eeb917b5-0872-4483-8f24-102fc77200f4",
              "cardId": "dungeon_drake",
              "grind": 0
            },
            {
              "instanceId": "94acd4a1-2e59-4cea-81be-91bd165bb1be",
              "cardId": "iron_sword",
              "grind": 0
            },
            {
              "instanceId": "ba74248f-4e8a-47e2-ba03-9892bf85bf38",
              "cardId": "iron_sword",
              "grind": 0
            },
            {
              "instanceId": "da2db63d-5dad-4e58-b766-7f85d7acd3c2",
              "cardId": "iron_sword",
              "grind": 0
            },
            {
              "instanceId": "33bd8763-7970-40fa-917c-e52b6294eec4",
              "cardId": "battle_familiar",
              "grind": 0
            },
            {
              "instanceId": "d02a4c2d-f1c4-40e5-b04e-2a1426b053cc",
              "cardId": "battle_familiar",
              "grind": 0
            },
            {
              "instanceId": "2ba77f07-6065-4540-9640-c4b627c2735d",
              "cardId": "flame_blade",
              "grind": 0
            },
            {
              "instanceId": "acdcd27f-7052-4e0d-b6e4-b2e4cae30943",
              "cardId": "flame_blade",
              "grind": 0
            },
            {
              "instanceId": "3cc4b016-f4dc-48b4-8f44-c38eb4442685",
              "cardId": "dungeon_drake",
              "grind": 0
            }
          ],
          "lastEvolutionResult": null
        },
        "keyItemIndicatorOnCooldown": true,
        "keyItemIndicatorText": "\n        \n        Dodge Roll\n        E\n        0.0\n      ",
        "keyItemCooldownRemaining": 28,
        "status": "Latency: 1ms",
        "hasCanvas": true,
        "canvasCount": 2,
        "lobbyVisible": false,
        "cardHandVisible": true,
        "title": "Void Grimoire",
        "bodyText": "👤\nLv\n🔊\n⚙\n28\nLV\n1\nHP\n40/100\nMS\n50/99\nDeck: 7/12\n⟡ 7\n✦ 0\n🐉 0\n✨ 0\nMoney 0\nLatency: 1ms\nDodge Roll\nE\n0.0\nInitiate Vault\nPurged 0 / 6 hostiles\n01\nRewa: Rewa on channel. Move with WASD, close on the opening grunts, and strike with your melee weapon to start the sweep.\nClick to attack · press 1–6 to cast cards\n1\n🐉\nVault Wyrm\nBURNING BREATH\n600ms wind-up\n1/1\n2\n✦\nSignal Familiar\n50 MS\n1/1\n3\n✦\nSignal Familiar\n50 MS\n1/1\n4\n✦\nSignal Familiar\n50 MS\n1/1\n5\n🐉\nVault Wyrm\nBURNING BREATH\n600ms wind-up\n1/1"
      }
    }
  ],
  "pageerrors": []
}
